1559,1559,2025-07-29 07:20:28.8688871,1004,Info,Microsoft-Windows-Security-SPP,Application,0,0,DESKTOP-5A3QN5S,15,,,,,,,,,,,,False,C:\Users\VM\Desktop\Application.evtx,0x80000000000000,0,"{""EventData"":{""Data"":""Windows(R) UL phone License (Private), 548148c4-7663-4fbd-ae48-fdcde90c7a71"",""Binary"":""""}}"
1560,1560,2025-07-29 07:20:28.8913250,1004,Info,Microsoft-Windows-Security-SPP,Application,0,0,DESKTOP-5A3QN5S,15,,,,,,,,,,,,False,C:\Users\VM\Desktop\Application.evtx,0x80000000000000,0,"{""EventData"":{""Data"":""Windows(R) UL store License (Public), c9a93022-301e-497b-8e8c-fbe81a8b2610"",""Binary"":""""}}"
1561,1561,2025-07-29 07:20:28.8913250,1004,Info,Microsoft-Windows-Security-SPP,Application,0,0,DESKTOP-5A3QN5S,15,,,,,,,,,,,,False,C:\Users\VM\Desktop\Application.evtx,0x80000000000000,0,"{""EventData"":{""Data"":""Windows(R) UL store License (Private), f4ca0f28-35db-433d-8f36-79a4e1b32fe3"",""Binary"":""""}}"
1562,1562,2025-07-29 07:20:28.9138054,1004,Info,Microsoft-Windows-Security-SPP,Application,0,0,DESKTOP-5A3QN5S,15,,,,,,,,,,,,False,C:\Users\VM\Desktop\Application.evtx,0x80000000000000,0,"{""EventData"":{""Data"":""Windows(R) Publishing License (Public), 84ddbc69-fae6-4cec-8525-670a56b6b472"",""Binary"":""""}}"
1563,1563,2025-07-29 07:20:28.9138054,1004,Info,Microsoft-Windows-Security-SPP,Application,0,0,DESKTOP-5A3QN5S,15,,,,,,,,,,,,False,C:\Users\VM\Desktop\Application.evtx,0x80000000000000,0,"{""EventData"":{""Data"":""Windows(R) Publishing License (Private), 426678f6-cff6-455a-b599-7f6740333d42"",""Binary"":""""}}"
1564,1564,2025-07-29 07:20:28.9365990,1004,Info,Microsoft-Windows-Security-SPP,Application,0,0,DESKTOP-5A3QN5S,15,,,,,,,,,,,,False,C:\Users\VM\Desktop\Application.evtx,0x80000000000000,0,"{""EventData"":{""Data"":""Windows(R) UL oob License (Public), 983a2cd5-1d43-4ace-b0a6-8d3a78d0db03"",""Binary"":""""}}"
1565,1565,2025-07-29 07:20:28.9365990,1004,Info,Microsoft-Windows-Security-SPP,Application,0,0,DESKTOP-5A3QN5S,15,,,,,,,,,,,,False,C:\Users\VM\Desktop\Application.evtx,0x80000000000000,0,"{""EventData"":{""Data"":""Windows(R) UL oob License (Private), 8f2033dc-877d-4d16-929f-26aa3d0141af"",""Binary"":""""}}"
1566,1566,2025-07-29 07:20:28.9593773,1004,Info,Microsoft-Windows-Security-SPP,Application,0,0,DESKTOP-5A3QN5S,15,,,,,,,,,,,,False,C:\Users\VM\Desktop\Application.evtx,0x80000000000000,0,"{""EventData"":{""Data"":""Windows(R) UL phone License (Public), c291ab02-31d0-497e-a634-2bff96e85191"",""Binary"":""""}}"
1567,1567,2025-07-29 07:20:28.9593773,1004,Info,Microsoft-Windows-Security-SPP,Application,0,0,DESKTOP-5A3QN5S,15,,,,,,,,,,,,False,C:\Users\VM\Desktop\Application.evtx,0x80000000000000,0,"{""EventData"":{""Data"":""Windows(R) UL phone License (Private), fcafcc6d-1f90-4841-81d1-24e3edeea9ac"",""Binary"":""""}}"
1568,1568,2025-07-29 07:20:28.9817584,1004,Info,Microsoft-Windows-Security-SPP,Application,0,0,DESKTOP-5A3QN5S,15,,,,,,,,,,,,False,C:\Users\VM\Desktop\Application.evtx,0x80000000000000,0,"{""EventData"":{""Data"":""Windows(R) UL store License (Public), e26e3558-35c0-4a06-b6c7-d551256df786"",""Binary"":""""}}"
1569,1569,2025-07-29 07:20:28.9817584,1004,Info,Microsoft-Windows-Security-SPP,Application,0,0,DESKTOP-5A3QN5S,15,,,,,,,,,,,,False,C:\Users\VM\Desktop\Application.evtx,0x80000000000000,0,"{""EventData"":{""Data"":""Windows(R) UL store License (Private), a6e4b9f1-eb1c-46f7-835e-4e109061f373"",""Binary"":""""}}"
1570,1570,2025-07-29 07:20:29.0038749,1004,Info,Microsoft-Windows-Security-SPP,Application,0,0,DESKTOP-5A3QN5S,15,,,,,,,,,,,,False,C:\Users\VM\Desktop\Application.evtx,0x80000000000000,0,"{""EventData"":{""Data"":""Windows(R) Publishing License (Public), 159631d7-3572-4163-9064-99643bb7ff68"",""Binary"":""""}}"
1571,1571,2025-07-29 07:20:29.0038749,1004,Info,Microsoft-Windows-Security-SPP,Application,0,0,DESKTOP-5A3QN5S,15,,,,,,,,,,,,False,C:\Users\VM\Desktop\Application.evtx,0x80000000000000,0,"{""EventData"":{""Data"":""Windows(R) Publishing License (Private), 85ab6511-01b7-4d1a-834c-b1f41487cc5a"",""Binary"":""""}}"
1572,1572,2025-07-29 07:20:29.0266634,1004,Info,Microsoft-Windows-Security-SPP,Application,0,0,DESKTOP-5A3QN5S,15,,,,,,,,,,,,False,C:\Users\VM\Desktop\Application.evtx,0x80000000000000,0,"{""EventData"":{""Data"":""Windows(R) UL oob License (Public), 453528ca-972f-4e01-8c53-afbbeed98168"",""Binary"":""""}}"
1573,1573,2025-07-29 07:20:29.0266634,1004,Info,Microsoft-Windows-Security-SPP,Application,0,0,DESKTOP-5A3QN5S,15,,,,,,,,,,,,False,C:\Users\VM\Desktop\Application.evtx,0x80000000000000,0,"{""EventData"":{""Data"":""Windows(R) UL oob License (Private), 398e527a-6b06-4993-a610-614c6036e815"",""Binary"":""""}}"
1574,1574,2025-07-29 07:20:29.0394835,1004,Info,Microsoft-Windows-Security-SPP,Application,0,0,DESKTOP-5A3QN5S,15,,,,,,,,,,,,False,C:\Users\VM\Desktop\Application.evtx,0x80000000000000,0,"{""EventData"":{""Data"":""Windows(R) UL phone License (Public), 7225955a-4051-4814-b269-74afc6a0d506"",""Binary"":""""}}"
1575,1575,2025-07-29 07:20:29.0394835,1004,Info,Microsoft-Windows-Security-SPP,Application,0,0,DESKTOP-5A3QN5S,15,,,,,,,,,,,,False,C:\Users\VM\Desktop\Application.evtx,0x80000000000000,0,"{""EventData"":{""Data"":""Windows(R) UL phone License (Private), b9db9c1d-7668-4b01-8c3a-c213df927b16"",""Binary"":""""}}"
1576,1576,2025-07-29 07:20:29.0497555,1004,Info,Microsoft-Windows-Security-SPP,Application,0,0,DESKTOP-5A3QN5S,15,,,,,,,,,,,,False,C:\Users\VM\Desktop\Application.evtx,0x80000000000000,0,"{""EventData"":{""Data"":""Windows(R) UL store License (Public), cf3502ae-db69-4424-a187-58e72aff30a9"",""Binary"":""""}}"
1577,1577,2025-07-29 07:20:29.0497555,1004,Info,Microsoft-Windows-Security-SPP,Application,0,0,DESKTOP-5A3QN5S,15,,,,,,,,,,,,False,C:\Users\VM\Desktop\Application.evtx,0x80000000000000,0,"{""EventData"":{""Data"":""Windows(R) UL store License (Private), 0d33af10-275c-468b-a641-4c9ea3dffeda"",""Binary"":""""}}"
1578,1578,2025-07-29 07:20:29.0722106,1004,Info,Microsoft-Windows-Security-SPP,Application,0,0,DESKTOP-5A3QN5S,15,,,,,,,,,,,,False,C:\Users\VM\Desktop\Application.evtx,0x80000000000000,0,"{""EventData"":{""Data"":""Windows(R) Publishing License (Public), 3aad4662-b5b2-468f-94b0-a60c43e90e17"",""Binary"":""""}}"
1579,1579,2025-07-29 07:20:29.0722106,1004,Info,Microsoft-Windows-Security-SPP,Application,0,0,DESKTOP-5A3QN5S,15,,,,,,,,,,,,False,C:\Users\VM\Desktop\Application.evtx,0x80000000000000,0,"{""EventData"":{""Data"":""Windows(R) Publishing License (Private), 4079e63e-968a-400a-90d5-19b460868237"",""Binary"":""""}}"
1580,1580,2025-07-29 07:20:29.1195028,1004,Info,Microsoft-Windows-Security-SPP,Application,0,0,DESKTOP-5A3QN5S,15,,,,,,,,,,,,False,C:\Users\VM\Desktop\Application.evtx,0x80000000000000,0,"{""EventData"":{""Data"":""Windows(R) UL oob License (Public), 241ef2f8-38b7-4f7f-897c-34f21cda422c"",""Binary"":""""}}"
1581,1581,2025-07-29 07:20:29.1195028,1004,Info,Microsoft-Windows-Security-SPP,Application,0,0,DESKTOP-5A3QN5S,15,,,,,,,,,,,,False,C:\Users\VM\Desktop\Application.evtx,0x80000000000000,0,"{""EventData"":{""Data"":""Windows(R) UL oob License (Private), 3ab78443-6bc9-405a-9161-bff6fcec7368"",""Binary"":""""}}"
1582,1582,2025-07-29 07:20:29.1355229,1004,Info,Microsoft-Windows-Security-SPP,Application,0,0,DESKTOP-5A3QN5S,15,,,,,,,,,,,,False,C:\Users\VM\Desktop\Application.evtx,0x80000000000000,0,"{""EventData"":{""Data"":""Windows(R) UL phone License (Public), 80d162a9-3c1e-4e18-8d36-bcdc4f4f2b7b"",""Binary"":""""}}"
1583,1583,2025-07-29 07:20:29.1355229,1004,Info,Microsoft-Windows-Security-SPP,Application,0,0,DESKTOP-5A3QN5S,15,,,,,,,,,,,,False,C:\Users\VM\Desktop\Application.evtx,0x80000000000000,0,"{""EventData"":{""Data"":""Windows(R) UL phone License (Private), c83c610b-8491-4f5f-aae8-c76b016f78b8"",""Binary"":""""}}"
1584,1584,2025-07-29 07:20:29.1592684,1004,Info,Microsoft-Windows-Security-SPP,Application,0,0,DESKTOP-5A3QN5S,15,,,,,,,,,,,,False,C:\Users\VM\Desktop\Application.evtx,0x80000000000000,0,"{""EventData"":{""Data"":""Windows(R) UL store License (Public), bb79c25c-dc84-446d-9fd5-46325d76bac3"",""Binary"":""""}}"
1585,1585,2025-07-29 07:20:29.1592684,1004,Info,Microsoft-Windows-Security-SPP,Application,0,0,DESKTOP-5A3QN5S,15,,,,,,,,,,,,False,C:\Users\VM\Desktop\Application.evtx,0x80000000000000,0,"{""EventData"":{""Data"":""Windows(R) UL store License (Private), a67b7952-3523-4efb-989e-a5f338f79440"",""Binary"":""""}}"
1586,1586,2025-07-29 07:20:29.1702952,1004,Info,Microsoft-Windows-Security-SPP,Application,0,0,DESKTOP-5A3QN5S,15,,,,,,,,,,,,False,C:\Users\VM\Desktop\Application.evtx,0x80000000000000,0,"{""EventData"":{""Data"":""Windows(R) Publishing License (Public), 2b8951c8-7a14-497d-a88b-502c96ee09db"",""Binary"":""""}}"
1587,1587,2025-07-29 07:20:29.1702952,1004,Info,Microsoft-Windows-Security-SPP,Application,0,0,DESKTOP-5A3QN5S,15,,,,,,,,,,,,False,C:\Users\VM\Desktop\Application.evtx,0x80000000000000,0,"{""EventData"":{""Data"":""Windows(R) Publishing License (Private), 53ca5a98-e253-46e7-88fc-fd0456f33922"",""Binary"":""""}}"
1588,1588,2025-07-29 07:20:29.1945979,1004,Info,Microsoft-Windows-Security-SPP,Application,0,0,DESKTOP-5A3QN5S,15,,,,,,,,,,,,False,C:\Users\VM\Desktop\Application.evtx,0x80000000000000,0,"{""EventData"":{""Data"":""Windows(R) UL oob License (Public), 8cc7c9da-62c2-45d2-a8e1-1777b2e1437d"",""Binary"":""""}}"
1589,1589,2025-07-29 07:20:29.1945979,1004,Info,Microsoft-Windows-Security-SPP,Application,0,0,DESKTOP-5A3QN5S,15,,,,,,,,,,,,False,C:\Users\VM\Desktop\Application.evtx,0x80000000000000,0,"{""EventData"":{""Data"":""Windows(R) UL oob License (Private), b253cd21-80bc-4edc-8ed5-d7b143f6b7cc"",""Binary"":""""}}"
1590,1590,2025-07-29 07:20:29.2169029,1004,Info,Microsoft-Windows-Security-SPP,Application,0,0,DESKTOP-5A3QN5S,15,,,,,,,,,,,,False,C:\Users\VM\Desktop\Application.evtx,0x80000000000000,0,"{""EventData"":{""Data"":""Windows(R) UL phone License (Public), e612347d-7455-451e-ade6-66fb4202b4a3"",""Binary"":""""}}"
1591,1591,2025-07-29 07:20:29.2169029,1004,Info,Microsoft-Windows-Security-SPP,Application,0,0,DESKTOP-5A3QN5S,15,,,,,,,,,,,,False,C:\Users\VM\Desktop\Application.evtx,0x80000000000000,0,"{""EventData"":{""Data"":""Windows(R) UL phone License (Private), 310661f9-fec5-4076-b199-591a631ffffe"",""Binary"":""""}}"
1592,1592,2025-07-29 07:20:29.2369011,1004,Info,Microsoft-Windows-Security-SPP,Application,0,0,DESKTOP-5A3QN5S,15,,,,,,,,,,,,False,C:\Users\VM\Desktop\Application.evtx,0x80000000000000,0,"{""EventData"":{""Data"":""Windows(R) UL store License (Public), 72ee7db3-49ff-473e-9eb2-112ee21a1267"",""Binary"":""""}}"
1593,1593,2025-07-29 07:20:29.2369011,1004,Info,Microsoft-Windows-Security-SPP,Application,0,0,DESKTOP-5A3QN5S,15,,,,,,,,,,,,False,C:\Users\VM\Desktop\Application.evtx,0x80000000000000,0,"{""EventData"":{""Data"":""Windows(R) UL store License (Private), f4125922-a09a-40eb-bfb3-9b70e63be9a9"",""Binary"":""""}}"
1594,1594,2025-07-29 07:20:29.2560191,1004,Info,Microsoft-Windows-Security-SPP,Application,0,0,DESKTOP-5A3QN5S,15,,,,,,,,,,,,False,C:\Users\VM\Desktop\Application.evtx,0x80000000000000,0,"{""EventData"":{""Data"":""Windows(R) Publishing License (Public), 639e3ba5-d6d7-46a0-be60-6dcb819813c3"",""Binary"":""""}}"
1595,1595,2025-07-29 07:20:29.2682571,1004,Info,Microsoft-Windows-Security-SPP,Application,0,0,DESKTOP-5A3QN5S,15,,,,,,,,,,,,False,C:\Users\VM\Desktop\Application.evtx,0x80000000000000,0,"{""EventData"":{""Data"":""Windows(R) Publishing License (Private), 2fcf5813-f665-4398-8042-8ab2a5b68718"",""Binary"":""""}}"
1596,1596,2025-07-29 07:20:29.2937051,1004,Info,Microsoft-Windows-Security-SPP,Application,0,0,DESKTOP-5A3QN5S,15,,,,,,,,,,,,False,C:\Users\VM\Desktop\Application.evtx,0x80000000000000,0,"{""EventData"":{""Data"":""Windows(R) UL oob License (Public), 7071b2d9-d29b-4838-915f-70dfc37731b2"",""Binary"":""""}}"
1597,1597,2025-07-29 07:20:29.3002077,1004,Info,Microsoft-Windows-Security-SPP,Application,0,0,DESKTOP-5A3QN5S,15,,,,,,,,,,,,False,C:\Users\VM\Desktop\Application.evtx,0x80000000000000,0,"{""EventData"":{""Data"":""Windows(R) UL oob License (Private), d6174a89-787b-4062-b5f5-dc07b1905378"",""Binary"":""""}}"
1598,1598,2025-07-29 07:20:29.3217183,1004,Info,Microsoft-Windows-Security-SPP,Application,0,0,DESKTOP-5A3QN5S,15,,,,,,,,,,,,False,C:\Users\VM\Desktop\Application.evtx,0x80000000000000,0,"{""EventData"":{""Data"":""Windows(R) UL phone License (Public), f9e6867d-c2fe-49b3-a3d9-747377ce261f"",""Binary"":""""}}"
1599,1599,2025-07-29 07:20:29.3217183,1004,Info,Microsoft-Windows-Security-SPP,Application,0,0,DESKTOP-5A3QN5S,15,,,,,,,,,,,,False,C:\Users\VM\Desktop\Application.evtx,0x80000000000000,0,"{""EventData"":{""Data"":""Windows(R) UL phone License (Private), b048066c-d920-48b5-89cb-2c73440b5fe4"",""Binary"":""""}}"
1600,1600,2025-07-29 07:20:29.3427898,1004,Info,Microsoft-Windows-Security-SPP,Application,0,0,DESKTOP-5A3QN5S,15,,,,,,,,,,,,False,C:\Users\VM\Desktop\Application.evtx,0x80000000000000,0,"{""EventData"":{""Data"":""Windows(R) UL store License (Public), 1dbccf01-e34a-4c42-9f76-4e36e7828da1"",""Binary"":""""}}"
1601,1601,2025-07-29 07:20:29.3427898,1004,Info,Microsoft-Windows-Security-SPP,Application,0,0,DESKTOP-5A3QN5S,15,,,,,,,,,,,,False,C:\Users\VM\Desktop\Application.evtx,0x80000000000000,0,"{""EventData"":{""Data"":""Windows(R) UL store License (Private), fa924cb3-29bf-47db-aa21-57477a9c7cef"",""Binary"":""""}}"
1602,1602,2025-07-29 07:20:29.3678517,1004,Info,Microsoft-Windows-Security-SPP,Application,0,0,DESKTOP-5A3QN5S,15,,,,,,,,,,,,False,C:\Users\VM\Desktop\Application.evtx,0x80000000000000,0,"{""EventData"":{""Data"":""Windows(R) Publishing License (Public), 2701534e-e0a8-4dde-9828-2f0c2cedb9a0"",""Binary"":""""}}"
1603,1603,2025-07-29 07:20:29.3678517,1004,Info,Microsoft-Windows-Security-SPP,Application,0,0,DESKTOP-5A3QN5S,15,,,,,,,,,,,,False,C:\Users\VM\Desktop\Application.evtx,0x80000000000000,0,"{""EventData"":{""Data"":""Windows(R) Publishing License (Private), 55869267-e2e3-4375-86ae-ff307884354c"",""Binary"":""""}}"
1604,1604,2025-07-29 07:20:29.4045830,1004,Info,Microsoft-Windows-Security-SPP,Application,0,0,DESKTOP-5A3QN5S,15,,,,,,,,,,,,False,C:\Users\VM\Desktop\Application.evtx,0x80000000000000,0,"{""EventData"":{""Data"":""Windows(R) UL oob License (Public), 48f8b56f-5b8c-4d98-8a47-05c68ff967b7"",""Binary"":""""}}"
1605,1605,2025-07-29 07:20:29.4050723,1004,Info,Microsoft-Windows-Security-SPP,Application,0,0,DESKTOP-5A3QN5S,15,,,,,,,,,,,,False,C:\Users\VM\Desktop\Application.evtx,0x80000000000000,0,"{""EventData"":{""Data"":""Windows(R) UL oob License (Private), 0dcdbe3b-7d88-479a-bc7c-f58ecf4d51ae"",""Binary"":""""}}"
1606,1606,2025-07-29 07:20:29.4298526,1004,Info,Microsoft-Windows-Security-SPP,Application,0,0,DESKTOP-5A3QN5S,15,,,,,,,,,,,,False,C:\Users\VM\Desktop\Application.evtx,0x80000000000000,0,"{""EventData"":{""Data"":""Windows(R) UL phone License (Public), 75f3e166-b550-4cce-87fb-23cff7be0908"",""Binary"":""""}}"
1607,1607,2025-07-29 07:20:29.4298526,1004,Info,Microsoft-Windows-Security-SPP,Application,0,0,DESKTOP-5A3QN5S,15,,,,,,,,,,,,False,C:\Users\VM\Desktop\Application.evtx,0x80000000000000,0,"{""EventData"":{""Data"":""Windows(R) UL phone License (Private), 71bcd148-9320-45dc-99bf-239e4403e197"",""Binary"":""""}}"
1608,1608,2025-07-29 07:20:29.4543208,1004,Info,Microsoft-Windows-Security-SPP,Application,0,0,DESKTOP-5A3QN5S,15,,,,,,,,,,,,False,C:\Users\VM\Desktop\Application.evtx,0x80000000000000,0,"{""EventData"":{""Data"":""Windows(R) UL store License (Public), 3a3ea55a-a33a-4d6f-a508-64a64d001fe0"",""Binary"":""""}}"
1609,1609,2025-07-29 07:20:29.4543208,1004,Info,Microsoft-Windows-Security-SPP,Application,0,0,DESKTOP-5A3QN5S,15,,,,,,,,,,,,False,C:\Users\VM\Desktop\Application.evtx,0x80000000000000,0,"{""EventData"":{""Data"":""Windows(R) UL store License (Private), 01d67753-9d82-4aa6-9cfa-0419b1f7f605"",""Binary"":""""}}"
1610,1610,2025-07-29 07:20:29.4866190,1004,Info,Microsoft-Windows-Security-SPP,Application,0,0,DESKTOP-5A3QN5S,15,,,,,,,,,,,,False,C:\Users\VM\Desktop\Application.evtx,0x80000000000000,0,"{""EventData"":{""Data"":""Windows(R) Publishing License (Public), faec9e76-d186-487c-af90-ebcaae622a86"",""Binary"":""""}}"
1611,1611,2025-07-29 07:20:29.4898999,1004,Info,Microsoft-Windows-Security-SPP,Application,0,0,DESKTOP-5A3QN5S,15,,,,,,,,,,,,False,C:\Users\VM\Desktop\Application.evtx,0x80000000000000,0,"{""EventData"":{""Data"":""Windows(R) Publishing License (Private), 04b3b99c-c1c7-4107-9aab-d09b95ccce7c"",""Binary"":""""}}"
1612,1612,2025-07-29 07:20:29.5072562,1004,Info,Microsoft-Windows-Security-SPP,Application,0,0,DESKTOP-5A3QN5S,15,,,,,,,,,,,,False,C:\Users\VM\Desktop\Application.evtx,0x80000000000000,0,"{""EventData"":{""Data"":""Windows(R) UL oob License (Public), f7d6fe92-8c21-4b1e-82f0-40bedf6975f2"",""Binary"":""""}}"
1613,1613,2025-07-29 07:20:29.5072562,1004,Info,Microsoft-Windows-Security-SPP,Application,0,0,DESKTOP-5A3QN5S,15,,,,,,,,,,,,False,C:\Users\VM\Desktop\Application.evtx,0x80000000000000,0,"{""EventData"":{""Data"":""Windows(R) UL oob License (Private), 108233d5-e253-4899-9bdd-51a917835820"",""Binary"":""""}}"
1614,1614,2025-07-29 07:20:29.5290958,1004,Info,Microsoft-Windows-Security-SPP,Application,0,0,DESKTOP-5A3QN5S,15,,,,,,,,,,,,False,C:\Users\VM\Desktop\Application.evtx,0x80000000000000,0,"{""EventData"":{""Data"":""Windows(R) UL phone License (Public), eec5227c-e86a-4a4c-8996-25f0c3c3348f"",""Binary"":""""}}"
1615,1615,2025-07-29 07:20:29.5290958,1004,Info,Microsoft-Windows-Security-SPP,Application,0,0,DESKTOP-5A3QN5S,15,,,,,,,,,,,,False,C:\Users\VM\Desktop\Application.evtx,0x80000000000000,0,"{""EventData"":{""Data"":""Windows(R) UL phone License (Private), f7022d72-ec05-48fa-b554-ab5380441f7a"",""Binary"":""""}}"
1616,1616,2025-07-29 07:20:29.5614047,1004,Info,Microsoft-Windows-Security-SPP,Application,0,0,DESKTOP-5A3QN5S,15,,,,,,,,,,,,False,C:\Users\VM\Desktop\Application.evtx,0x80000000000000,0,"{""EventData"":{""Data"":""Windows(R) UL store License (Public), 6e37b30a-1c1c-4923-b255-a761ada98a2c"",""Binary"":""""}}"
1617,1617,2025-07-29 07:20:29.5647139,1004,Info,Microsoft-Windows-Security-SPP,Application,0,0,DESKTOP-5A3QN5S,15,,,,,,,,,,,,False,C:\Users\VM\Desktop\Application.evtx,0x80000000000000,0,"{""EventData"":{""Data"":""Windows(R) UL store License (Private), c5b24c1f-de40-4861-b564-e5abc319eeca"",""Binary"":""""}}"
1618,1618,2025-07-29 07:20:29.5888813,1004,Info,Microsoft-Windows-Security-SPP,Application,0,0,DESKTOP-5A3QN5S,15,,,,,,,,,,,,False,C:\Users\VM\Desktop\Application.evtx,0x80000000000000,0,"{""EventData"":{""Data"":""Windows(R) Publishing License (Public), 7aa3a88e-3c51-40dd-ad6a-cf173ec2369f"",""Binary"":""""}}"
1619,1619,2025-07-29 07:20:29.5902856,1004,Info,Microsoft-Windows-Security-SPP,Application,0,0,DESKTOP-5A3QN5S,15,,,,,,,,,,,,False,C:\Users\VM\Desktop\Application.evtx,0x80000000000000,0,"{""EventData"":{""Data"":""Windows(R) Publishing License (Private), 1ec853fb-935f-475a-a7e5-38474253c994"",""Binary"":""""}}"
1620,1620,2025-07-29 07:20:29.6161567,1004,Info,Microsoft-Windows-Security-SPP,Application,0,0,DESKTOP-5A3QN5S,15,,,,,,,,,,,,False,C:\Users\VM\Desktop\Application.evtx,0x80000000000000,0,"{""EventData"":{""Data"":""Windows(R) UL oob License (Public), 30d37dbc-65a7-4d2d-8963-6ec6c9a2a861"",""Binary"":""""}}"
1621,1621,2025-07-29 07:20:29.6161567,1004,Info,Microsoft-Windows-Security-SPP,Application,0,0,DESKTOP-5A3QN5S,15,,,,,,,,,,,,False,C:\Users\VM\Desktop\Application.evtx,0x80000000000000,0,"{""EventData"":{""Data"":""Windows(R) UL oob License (Private), 924a6b9a-a423-40e3-b5e0-74ed66f76501"",""Binary"":""""}}"
1622,1622,2025-07-29 07:20:29.6399226,1004,Info,Microsoft-Windows-Security-SPP,Application,0,0,DESKTOP-5A3QN5S,15,,,,,,,,,,,,False,C:\Users\VM\Desktop\Application.evtx,0x80000000000000,0,"{""EventData"":{""Data"":""Windows(R) UL phone License (Public), 459fcbe1-9055-4866-95cb-f02df02106ae"",""Binary"":""""}}"
1623,1623,2025-07-29 07:20:29.6409377,1004,Info,Microsoft-Windows-Security-SPP,Application,0,0,DESKTOP-5A3QN5S,15,,,,,,,,,,,,False,C:\Users\VM\Desktop\Application.evtx,0x80000000000000,0,"{""EventData"":{""Data"":""Windows(R) UL phone License (Private), 7a6f25b4-72ab-416b-9f41-0770f4abaf07"",""Binary"":""""}}"
1624,1624,2025-07-29 07:20:29.6658003,1004,Info,Microsoft-Windows-Security-SPP,Application,0,0,DESKTOP-5A3QN5S,15,,,,,,,,,,,,False,C:\Users\VM\Desktop\Application.evtx,0x80000000000000,0,"{""EventData"":{""Data"":""Windows(R) UL store License (Public), 766a6a00-9ffe-40ac-ac31-1a0ccf264c9f"",""Binary"":""""}}"
1625,1625,2025-07-29 07:20:29.6658003,1004,Info,Microsoft-Windows-Security-SPP,Application,0,0,DESKTOP-5A3QN5S,15,,,,,,,,,,,,False,C:\Users\VM\Desktop\Application.evtx,0x80000000000000,0,"{""EventData"":{""Data"":""Windows(R) UL store License (Private), b1c5ab05-152b-42be-b135-2be97d94ffaa"",""Binary"":""""}}"
1626,1626,2025-07-29 07:20:29.6969273,1004,Info,Microsoft-Windows-Security-SPP,Application,0,0,DESKTOP-5A3QN5S,15,,,,,,,,,,,,False,C:\Users\VM\Desktop\Application.evtx,0x80000000000000,0,"{""EventData"":{""Data"":""Windows(R) UL oob License (Public), 192fef2c-0ae5-4a3a-96eb-dad846e9074f"",""Binary"":""""}}"
1627,1627,2025-07-29 07:20:29.6969273,1004,Info,Microsoft-Windows-Security-SPP,Application,0,0,DESKTOP-5A3QN5S,15,,,,,,,,,,,,False,C:\Users\VM\Desktop\Application.evtx,0x80000000000000,0,"{""EventData"":{""Data"":""Windows(R) UL oob License (Private), 22b5e8af-c9b5-43d7-a1d6-63ac1a3f4295"",""Binary"":""""}}"
1628,1628,2025-07-29 07:20:29.7235525,1004,Info,Microsoft-Windows-Security-SPP,Application,0,0,DESKTOP-5A3QN5S,15,,,,,,,,,,,,False,C:\Users\VM\Desktop\Application.evtx,0x80000000000000,0,"{""EventData"":{""Data"":""Windows(R) UL volume License (Public), c416bdb0-97f8-41ea-8669-27380e7d32b0"",""Binary"":""""}}"
1629,1629,2025-07-29 07:20:29.7235525,1004,Info,Microsoft-Windows-Security-SPP,Application,0,0,DESKTOP-5A3QN5S,15,,,,,,,,,,,,False,C:\Users\VM\Desktop\Application.evtx,0x80000000000000,0,"{""EventData"":{""Data"":""Windows(R) UL volume License (Private), b3214078-5cbd-4027-9ec7-c68c6e16acb5"",""Binary"":""""}}"
1630,1630,2025-07-29 07:20:29.7527432,1004,Info,Microsoft-Windows-Security-SPP,Application,0,0,DESKTOP-5A3QN5S,15,,,,,,,,,,,,False,C:\Users\VM\Desktop\Application.evtx,0x80000000000000,0,"{""EventData"":{""Data"":""Windows(R) Publishing License (Public), f00becc0-97b4-48af-8a53-15a30bc6a5dc"",""Binary"":""""}}"
1631,1631,2025-07-29 07:20:29.7527432,1004,Info,Microsoft-Windows-Security-SPP,Application,0,0,DESKTOP-5A3QN5S,15,,,,,,,,,,,,False,C:\Users\VM\Desktop\Application.evtx,0x80000000000000,0,"{""EventData"":{""Data"":""Windows(R) Publishing License (Private), 55c6858e-c319-420c-8415-a56162c1bc0f"",""Binary"":""""}}"
1632,1632,2025-07-29 07:20:29.7893566,1004,Info,Microsoft-Windows-Security-SPP,Application,0,0,DESKTOP-5A3QN5S,15,,,,,,,,,,,,False,C:\Users\VM\Desktop\Application.evtx,0x80000000000000,0,"{""EventData"":{""Data"":""Windows(R) UL oob License (Public), 718a9ffb-f926-4fb1-bbbc-31de3f3b34a4"",""Binary"":""""}}"
1633,1633,2025-07-29 07:20:29.7893566,1004,Info,Microsoft-Windows-Security-SPP,Application,0,0,DESKTOP-5A3QN5S,15,,,,,,,,,,,,False,C:\Users\VM\Desktop\Application.evtx,0x80000000000000,0,"{""EventData"":{""Data"":""Windows(R) UL oob License (Private), 89a7300a-fc10-4b1f-bf7e-3a1cf7181393"",""Binary"":""""}}"
1634,1634,2025-07-29 07:20:29.8268389,1004,Info,Microsoft-Windows-Security-SPP,Application,0,0,DESKTOP-5A3QN5S,15,,,,,,,,,,,,False,C:\Users\VM\Desktop\Application.evtx,0x80000000000000,0,"{""EventData"":{""Data"":""Windows(R) UL phone License (Public), e72561a6-dc1d-49f2-b1ce-c62d33462f9c"",""Binary"":""""}}"
1635,1635,2025-07-29 07:20:29.8268389,1004,Info,Microsoft-Windows-Security-SPP,Application,0,0,DESKTOP-5A3QN5S,15,,,,,,,,,,,,False,C:\Users\VM\Desktop\Application.evtx,0x80000000000000,0,"{""EventData"":{""Data"":""Windows(R) UL phone License (Private), 35f6b458-2d4e-485d-a4d8-e90c0f3ee353"",""Binary"":""""}}"
1636,1636,2025-07-29 07:20:29.8637352,1004,Info,Microsoft-Windows-Security-SPP,Application,0,0,DESKTOP-5A3QN5S,15,,,,,,,,,,,,False,C:\Users\VM\Desktop\Application.evtx,0x80000000000000,0,"{""EventData"":{""Data"":""Windows(R) UL store License (Public), b209089b-17be-4a72-b186-45d8cd40cc9c"",""Binary"":""""}}"
1637,1637,2025-07-29 07:20:29.8637352,1004,Info,Microsoft-Windows-Security-SPP,Application,0,0,DESKTOP-5A3QN5S,15,,,,,,,,,,,,False,C:\Users\VM\Desktop\Application.evtx,0x80000000000000,0,"{""EventData"":{""Data"":""Windows(R) UL store License (Private), a4cf1e20-aa74-4ad7-bd02-7dd09c530292"",""Binary"":""""}}"
1638,1638,2025-07-29 07:20:29.9009747,1004,Info,Microsoft-Windows-Security-SPP,Application,0,0,DESKTOP-5A3QN5S,15,,,,,,,,,,,,False,C:\Users\VM\Desktop\Application.evtx,0x80000000000000,0,"{""EventData"":{""Data"":""Windows(R) Publishing License (Public), 714569d2-c1e2-43ba-afcd-954a9d6a65b1"",""Binary"":""""}}"
1639,1639,2025-07-29 07:20:29.9009747,1004,Info,Microsoft-Windows-Security-SPP,Application,0,0,DESKTOP-5A3QN5S,15,,,,,,,,,,,,False,C:\Users\VM\Desktop\Application.evtx,0x80000000000000,0,"{""EventData"":{""Data"":""Windows(R) Publishing License (Private), 780ee78c-6bb7-4071-9eda-879f73e44e70"",""Binary"":""""}}"
1640,1640,2025-07-29 07:20:29.9383691,1004,Info,Microsoft-Windows-Security-SPP,Application,0,0,DESKTOP-5A3QN5S,15,,,,,,,,,,,,False,C:\Users\VM\Desktop\Application.evtx,0x80000000000000,0,"{""EventData"":{""Data"":""Windows(R) UL oob License (Public), 53ceb9df-48f4-4d94-b533-99c2bf19595b"",""Binary"":""""}}"
1641,1641,2025-07-29 07:20:29.9383691,1004,Info,Microsoft-Windows-Security-SPP,Application,0,0,DESKTOP-5A3QN5S,15,,,,,,,,,,,,False,C:\Users\VM\Desktop\Application.evtx,0x80000000000000,0,"{""EventData"":{""Data"":""Windows(R) UL oob License (Private), b73f34c7-4437-4a7a-91ea-dcc3379725a0"",""Binary"":""""}}"
1642,1642,2025-07-29 07:20:29.9759056,1004,Info,Microsoft-Windows-Security-SPP,Application,0,0,DESKTOP-5A3QN5S,15,,,,,,,,,,,,False,C:\Users\VM\Desktop\Application.evtx,0x80000000000000,0,"{""EventData"":{""Data"":""Windows(R) UL phone License (Public), 1f0e5387-893e-40b2-ba73-8886f127a644"",""Binary"":""""}}"
1643,1643,2025-07-29 07:20:29.9759056,1004,Info,Microsoft-Windows-Security-SPP,Application,0,0,DESKTOP-5A3QN5S,15,,,,,,,,,,,,False,C:\Users\VM\Desktop\Application.evtx,0x80000000000000,0,"{""EventData"":{""Data"":""Windows(R) UL phone License (Private), 4113ecdf-cb11-474a-9bd5-8f880aedaf49"",""Binary"":""""}}"
1644,1644,2025-07-29 07:20:30.0127829,1004,Info,Microsoft-Windows-Security-SPP,Application,0,0,DESKTOP-5A3QN5S,15,,,,,,,,,,,,False,C:\Users\VM\Desktop\Application.evtx,0x80000000000000,0,"{""EventData"":{""Data"":""Windows(R) UL store License (Public), e59d3485-509f-41f7-ae1b-3cce1f8e9fe4"",""Binary"":""""}}"
1645,1645,2025-07-29 07:20:30.0127829,1004,Info,Microsoft-Windows-Security-SPP,Application,0,0,DESKTOP-5A3QN5S,15,,,,,,,,,,,,False,C:\Users\VM\Desktop\Application.evtx,0x80000000000000,0,"{""EventData"":{""Data"":""Windows(R) UL store License (Private), 865b1ada-ac7c-4444-928c-67826759756b"",""Binary"":""""}}"
1646,1646,2025-07-29 07:20:30.0608878,1004,Info,Microsoft-Windows-Security-SPP,Application,0,0,DESKTOP-5A3QN5S,15,,,,,,,,,,,,False,C:\Users\VM\Desktop\Application.evtx,0x80000000000000,0,"{""EventData"":{""Data"":""DefaultPpd-ProfessionalCountrySpecific Component PPD License, 26c3f742-4faa-2a07-f241-cad4690f2217"",""Binary"":""""}}"
1647,1647,2025-07-29 07:20:30.0871776,1004,Info,Microsoft-Windows-Security-SPP,Application,0,0,DESKTOP-5A3QN5S,15,,,,,,,,,,,,False,C:\Users\VM\Desktop\Application.evtx,0x80000000000000,0,"{""EventData"":{""Data"":""Windows(R) ProfessionalCountrySpecific Product PPD License, 9526e751-f3e0-055b-aa53-c71fbe9ef1e1"",""Binary"":""""}}"
1648,1648,2025-07-29 07:20:30.1122057,1004,Info,Microsoft-Windows-Security-SPP,Application,0,0,DESKTOP-5A3QN5S,15,,,,,,,,,,,,False,C:\Users\VM\Desktop\Application.evtx,0x80000000000000,0,"{""EventData"":{""Data"":""Windows(R) Publishing License (Public), 48161aad-358f-4016-9083-dcc868f5b0df"",""Binary"":""""}}"
1649,1649,2025-07-29 07:20:30.1122057,1004,Info,Microsoft-Windows-Security-SPP,Application,0,0,DESKTOP-5A3QN5S,15,,,,,,,,,,,,False,C:\Users\VM\Desktop\Application.evtx,0x80000000000000,0,"{""EventData"":{""Data"":""Windows(R) Publishing License (Private), d6bd6b63-8e35-4eb5-9bee-80de52676f7b"",""Binary"":""""}}"
1650,1650,2025-07-29 07:20:30.1368753,1004,Info,Microsoft-Windows-Security-SPP,Application,0,0,DESKTOP-5A3QN5S,15,,,,,,,,,,,,False,C:\Users\VM\Desktop\Application.evtx,0x80000000000000,0,"{""EventData"":{""Data"":""Windows(R) UL oob License (Public), e60052ec-8445-4aec-b1f0-d44bad236675"",""Binary"":""""}}"
1651,1651,2025-07-29 07:20:30.1368753,1004,Info,Microsoft-Windows-Security-SPP,Application,0,0,DESKTOP-5A3QN5S,15,,,,,,,,,,,,False,C:\Users\VM\Desktop\Application.evtx,0x80000000000000,0,"{""EventData"":{""Data"":""Windows(R) UL oob License (Private), bed102bd-e785-466d-b3d9-a3e222d696a3"",""Binary"":""""}}"
1652,1652,2025-07-29 07:20:30.1496854,1004,Info,Microsoft-Windows-Security-SPP,Application,0,0,DESKTOP-5A3QN5S,15,,,,,,,,,,,,False,C:\Users\VM\Desktop\Application.evtx,0x80000000000000,0,"{""EventData"":{""Data"":""Windows(R) UL phone License (Public), 5e1c4726-0c18-4687-ad6d-5d12f530b817"",""Binary"":""""}}"
1653,1653,2025-07-29 07:20:30.1496854,1004,Info,Microsoft-Windows-Security-SPP,Application,0,0,DESKTOP-5A3QN5S,15,,,,,,,,,,,,False,C:\Users\VM\Desktop\Application.evtx,0x80000000000000,0,"{""EventData"":{""Data"":""Windows(R) UL phone License (Private), bb1636e1-317f-4452-a0a5-1293445fe950"",""Binary"":""""}}"
1654,1654,2025-07-29 07:20:30.1982983,1004,Info,Microsoft-Windows-Security-SPP,Application,0,0,DESKTOP-5A3QN5S,15,,,,,,,,,,,,False,C:\Users\VM\Desktop\Application.evtx,0x80000000000000,0,"{""EventData"":{""Data"":""Windows(R) UL store License (Public), cc7733f5-08e6-4262-b1bd-0fbb3501a86f"",""Binary"":""""}}"
1655,1655,2025-07-29 07:20:30.1988647,1004,Info,Microsoft-Windows-Security-SPP,Application,0,0,DESKTOP-5A3QN5S,15,,,,,,,,,,,,False,C:\Users\VM\Desktop\Application.evtx,0x80000000000000,0,"{""EventData"":{""Data"":""Windows(R) UL store License (Private), bdf86c53-bf68-4e53-9e12-9222b31b9029"",""Binary"":""""}}"
1656,1656,2025-07-29 07:20:30.2305132,1004,Info,Microsoft-Windows-Security-SPP,Application,0,0,DESKTOP-5A3QN5S,15,,,,,,,,,,,,False,C:\Users\VM\Desktop\Application.evtx,0x80000000000000,0,"{""EventData"":{""Data"":""DefaultPpd-ProfessionalEducation Component PPD License, 0840d7ac-83e1-57a4-f819-5ecfa95807c5"",""Binary"":""""}}"
1657,1657,2025-07-29 07:20:30.2521045,1004,Info,Microsoft-Windows-Security-SPP,Application,0,0,DESKTOP-5A3QN5S,15,,,,,,,,,,,,False,C:\Users\VM\Desktop\Application.evtx,0x80000000000000,0,"{""EventData"":{""Data"":""Windows(R) Publishing License (Public), d459fdab-300e-4941-962d-72d07c7ea093"",""Binary"":""""}}"
1658,1658,2025-07-29 07:20:30.2521045,1004,Info,Microsoft-Windows-Security-SPP,Application,0,0,DESKTOP-5A3QN5S,15,,,,,,,,,,,,False,C:\Users\VM\Desktop\Application.evtx,0x80000000000000,0,"{""EventData"":{""Data"":""Windows(R) Publishing License (Private), 5d4ec123-1724-4c18-a864-fa8910936ebe"",""Binary"":""""}}"
1659,1659,2025-07-29 07:20:30.2924691,1004,Info,Microsoft-Windows-Security-SPP,Application,0,0,DESKTOP-5A3QN5S,15,,,,,,,,,,,,False,C:\Users\VM\Desktop\Application.evtx,0x80000000000000,0,"{""EventData"":{""Data"":""Windows(R) UL oob License (Public), 7499b479-4193-4a91-ac8c-f15bddb34770"",""Binary"":""""}}"
1660,1660,2025-07-29 07:20:30.2924691,1004,Info,Microsoft-Windows-Security-SPP,Application,0,0,DESKTOP-5A3QN5S,15,,,,,,,,,,,,False,C:\Users\VM\Desktop\Application.evtx,0x80000000000000,0,"{""EventData"":{""Data"":""Windows(R) UL oob License (Private), d787129d-4686-42f2-9c06-fde6baa6cd3a"",""Binary"":""""}}"
1661,1661,2025-07-29 07:20:30.3227940,1004,Info,Microsoft-Windows-Security-SPP,Application,0,0,DESKTOP-5A3QN5S,15,,,,,,,,,,,,False,C:\Users\VM\Desktop\Application.evtx,0x80000000000000,0,"{""EventData"":{""Data"":""Windows(R) UL phone License (Public), 15cf0c80-18b4-492c-8f36-a373563f4b27"",""Binary"":""""}}"
1662,1662,2025-07-29 07:20:30.3227940,1004,Info,Microsoft-Windows-Security-SPP,Application,0,0,DESKTOP-5A3QN5S,15,,,,,,,,,,,,False,C:\Users\VM\Desktop\Application.evtx,0x80000000000000,0,"{""EventData"":{""Data"":""Windows(R) UL phone License (Private), fa36589d-6e54-4ec8-9153-351cfaf43d8e"",""Binary"":""""}}"
1663,1663,2025-07-29 07:20:30.3354487,1004,Info,Microsoft-Windows-Security-SPP,Application,0,0,DESKTOP-5A3QN5S,15,,,,,,,,,,,,False,C:\Users\VM\Desktop\Application.evtx,0x80000000000000,0,"{""EventData"":{""Data"":""Windows(R) UL store License (Public), 9d69e954-94b1-4e6b-9a73-62f5db10e1c8"",""Binary"":""""}}"
1664,1664,2025-07-29 07:20:30.3354487,1004,Info,Microsoft-Windows-Security-SPP,Application,0,0,DESKTOP-5A3QN5S,15,,,,,,,,,,,,False,C:\Users\VM\Desktop\Application.evtx,0x80000000000000,0,"{""EventData"":{""Data"":""Windows(R) UL store License (Private), 14367615-f661-47f3-b5f4-45c27f343809"",""Binary"":""""}}"
1665,1665,2025-07-29 07:20:30.3794698,1004,Info,Microsoft-Windows-Security-SPP,Application,0,0,DESKTOP-5A3QN5S,15,,,,,,,,,,,,False,C:\Users\VM\Desktop\Application.evtx,0x80000000000000,0,"{""EventData"":{""Data"":""Windows(R) Publishing License (Public), ab7d33ba-88b1-4ce6-929a-3cc9143157f0"",""Binary"":""""}}"
1666,1666,2025-07-29 07:20:30.3837100,1004,Info,Microsoft-Windows-Security-SPP,Application,0,0,DESKTOP-5A3QN5S,15,,,,,,,,,,,,False,C:\Users\VM\Desktop\Application.evtx,0x80000000000000,0,"{""EventData"":{""Data"":""Windows(R) Publishing License (Private), e2b9647b-2581-46cb-8581-904ca5bf0bd1"",""Binary"":""""}}"
1667,1667,2025-07-29 07:20:30.4100335,1004,Info,Microsoft-Windows-Security-SPP,Application,0,0,DESKTOP-5A3QN5S,15,,,,,,,,,,,,False,C:\Users\VM\Desktop\Application.evtx,0x80000000000000,0,"{""EventData"":{""Data"":""Windows(R) UL oob License (Public), 459fffa0-0775-4a9e-940a-3a4a73518d72"",""Binary"":""""}}"
1668,1668,2025-07-29 07:20:30.4100335,1004,Info,Microsoft-Windows-Security-SPP,Application,0,0,DESKTOP-5A3QN5S,15,,,,,,,,,,,,False,C:\Users\VM\Desktop\Application.evtx,0x80000000000000,0,"{""EventData"":{""Data"":""Windows(R) UL oob License (Private), 554e9c04-059a-4e82-a010-94395673c965"",""Binary"":""""}}"
1669,1669,2025-07-29 07:20:30.4792982,1004,Info,Microsoft-Windows-Security-SPP,Application,0,0,DESKTOP-5A3QN5S,15,,,,,,,,,,,,False,C:\Users\VM\Desktop\Application.evtx,0x80000000000000,0,"{""EventData"":{""Data"":""Windows(R) UL phone License (Public), f4a33dc6-410b-4974-b38a-2d928eb9a203"",""Binary"":""""}}"
1670,1670,2025-07-29 07:20:30.4792982,1004,Info,Microsoft-Windows-Security-SPP,Application,0,0,DESKTOP-5A3QN5S,15,,,,,,,,,,,,False,C:\Users\VM\Desktop\Application.evtx,0x80000000000000,0,"{""EventData"":{""Data"":""Windows(R) UL phone License (Private), cb67ba58-3f5e-4876-aa36-15904a98fda2"",""Binary"":""""}}"
1671,1671,2025-07-29 07:20:30.5094644,1004,Info,Microsoft-Windows-Security-SPP,Application,0,0,DESKTOP-5A3QN5S,15,,,,,,,,,,,,False,C:\Users\VM\Desktop\Application.evtx,0x80000000000000,0,"{""EventData"":{""Data"":""Windows(R) UL store License (Public), bfea4b97-d2eb-4723-9970-1bf2b9bcf23d"",""Binary"":""""}}"
1672,1672,2025-07-29 07:20:30.5094644,1004,Info,Microsoft-Windows-Security-SPP,Application,0,0,DESKTOP-5A3QN5S,15,,,,,,,,,,,,False,C:\Users\VM\Desktop\Application.evtx,0x80000000000000,0,"{""EventData"":{""Data"":""Windows(R) UL store License (Private), 611b67d0-f3c1-497b-93aa-eefcc7c2c433"",""Binary"":""""}}"
1673,1673,2025-07-29 07:20:30.5463036,1004,Info,Microsoft-Windows-Security-SPP,Application,0,0,DESKTOP-5A3QN5S,15,,,,,,,,,,,,False,C:\Users\VM\Desktop\Application.evtx,0x80000000000000,0,"{""EventData"":{""Data"":""Windows(R) ProfessionalEducation Product PPD License, 36fa29f8-38eb-e467-c262-ec4aa2b7b6a4"",""Binary"":""""}}"
1674,1674,2025-07-29 07:20:30.5834065,1004,Info,Microsoft-Windows-Security-SPP,Application,0,0,DESKTOP-5A3QN5S,15,,,,,,,,,,,,False,C:\Users\VM\Desktop\Application.evtx,0x80000000000000,0,"{""EventData"":{""Data"":""Windows(R) Publishing License (Public), 1c7e3377-5443-4c8a-b3a7-e27fcfd420f4"",""Binary"":""""}}"
1675,1675,2025-07-29 07:20:30.5834065,1004,Info,Microsoft-Windows-Security-SPP,Application,0,0,DESKTOP-5A3QN5S,15,,,,,,,,,,,,False,C:\Users\VM\Desktop\Application.evtx,0x80000000000000,0,"{""EventData"":{""Data"":""Windows(R) Publishing License (Private), 3992b298-875c-4e55-993d-26793563a03a"",""Binary"":""""}}"
1676,1676,2025-07-29 07:20:30.6454272,1004,Info,Microsoft-Windows-Security-SPP,Application,0,0,DESKTOP-5A3QN5S,15,,,,,,,,,,,,False,C:\Users\VM\Desktop\Application.evtx,0x80000000000000,0,"{""EventData"":{""Data"":""Windows(R) UL oob License (Public), 4890f4a5-d8b0-4996-99bd-9c9a5d3707b3"",""Binary"":""""}}"
1677,1677,2025-07-29 07:20:30.6454272,1004,Info,Microsoft-Windows-Security-SPP,Application,0,0,DESKTOP-5A3QN5S,15,,,,,,,,,,,,False,C:\Users\VM\Desktop\Application.evtx,0x80000000000000,0,"{""EventData"":{""Data"":""Windows(R) UL oob License (Private), 7c37ea86-8db9-4212-88f5-c61733fb64ef"",""Binary"":""""}}"
1678,1678,2025-07-29 07:20:30.6828298,1004,Info,Microsoft-Windows-Security-SPP,Application,0,0,DESKTOP-5A3QN5S,15,,,,,,,,,,,,False,C:\Users\VM\Desktop\Application.evtx,0x80000000000000,0,"{""EventData"":{""Data"":""Windows(R) UL phone License (Public), 123d02c3-1bdc-4afc-9fc0-d915251e395a"",""Binary"":""""}}"
1679,1679,2025-07-29 07:20:30.6828298,1004,Info,Microsoft-Windows-Security-SPP,Application,0,0,DESKTOP-5A3QN5S,15,,,,,,,,,,,,False,C:\Users\VM\Desktop\Application.evtx,0x80000000000000,0,"{""EventData"":{""Data"":""Windows(R) UL phone License (Private), e18a56b9-f2ba-492b-961f-458099732e95"",""Binary"":""""}}"
1680,1680,2025-07-29 07:20:30.7289095,1004,Info,Microsoft-Windows-Security-SPP,Application,0,0,DESKTOP-5A3QN5S,15,,,,,,,,,,,,False,C:\Users\VM\Desktop\Application.evtx,0x80000000000000,0,"{""EventData"":{""Data"":""Windows(R) UL store License (Public), 1f8d558a-9c0d-4ebf-acf8-cde17cd45db0"",""Binary"":""""}}"
1681,1681,2025-07-29 07:20:30.7311339,1004,Info,Microsoft-Windows-Security-SPP,Application,0,0,DESKTOP-5A3QN5S,15,,,,,,,,,,,,False,C:\Users\VM\Desktop\Application.evtx,0x80000000000000,0,"{""EventData"":{""Data"":""Windows(R) UL store License (Private), 8d582725-c590-4dc4-8c90-f902f239a47b"",""Binary"":""""}}"
1682,1682,2025-07-29 07:20:30.7932541,1004,Info,Microsoft-Windows-Security-SPP,Application,0,0,DESKTOP-5A3QN5S,15,,,,,,,,,,,,False,C:\Users\VM\Desktop\Application.evtx,0x80000000000000,0,"{""EventData"":{""Data"":""Windows(R) UL oob License (Public), 26f46a82-e22c-4926-a8aa-9de3c66850c0"",""Binary"":""""}}"
1683,1683,2025-07-29 07:20:30.7942530,1004,Info,Microsoft-Windows-Security-SPP,Application,0,0,DESKTOP-5A3QN5S,15,,,,,,,,,,,,False,C:\Users\VM\Desktop\Application.evtx,0x80000000000000,0,"{""EventData"":{""Data"":""Windows(R) UL oob License (Private), 6cd959dd-a41b-46d2-8306-8feca7245f14"",""Binary"":""""}}"
1684,1684,2025-07-29 07:20:30.8312879,1004,Info,Microsoft-Windows-Security-SPP,Application,0,0,DESKTOP-5A3QN5S,15,,,,,,,,,,,,False,C:\Users\VM\Desktop\Application.evtx,0x80000000000000,0,"{""EventData"":{""Data"":""Windows(R) UL volume License (Public), c3013c73-9a0a-41f8-95fa-9946fbf05e03"",""Binary"":""""}}"
1685,1685,2025-07-29 07:20:30.8312879,1004,Info,Microsoft-Windows-Security-SPP,Application,0,0,DESKTOP-5A3QN5S,15,,,,,,,,,,,,False,C:\Users\VM\Desktop\Application.evtx,0x80000000000000,0,"{""EventData"":{""Data"":""Windows(R) UL volume License (Private), 284d52bb-e9de-44ca-b460-f9363d5eb0a6"",""Binary"":""""}}"
1686,1686,2025-07-29 07:20:30.8688423,1004,Info,Microsoft-Windows-Security-SPP,Application,0,0,DESKTOP-5A3QN5S,15,,,,,,,,,,,,False,C:\Users\VM\Desktop\Application.evtx,0x80000000000000,0,"{""EventData"":{""Data"":""Windows(R) Publishing License (Public), ddbb9344-0a19-4c26-a3ea-48eae5d9a1ce"",""Binary"":""""}}"
1687,1687,2025-07-29 07:20:30.8688423,1004,Info,Microsoft-Windows-Security-SPP,Application,0,0,DESKTOP-5A3QN5S,15,,,,,,,,,,,,False,C:\Users\VM\Desktop\Application.evtx,0x80000000000000,0,"{""EventData"":{""Data"":""Windows(R) Publishing License (Private), 7a14532f-5f85-4f97-be2a-c80842e118d9"",""Binary"":""""}}"
1688,1688,2025-07-29 07:20:30.9186470,1004,Info,Microsoft-Windows-Security-SPP,Application,0,0,DESKTOP-5A3QN5S,15,,,,,,,,,,,,False,C:\Users\VM\Desktop\Application.evtx,0x80000000000000,0,"{""EventData"":{""Data"":""Windows(R) UL oob License (Public), a61de140-dad3-4b95-9501-ccb8793e423a"",""Binary"":""""}}"
1689,1689,2025-07-29 07:20:30.9186470,1004,Info,Microsoft-Windows-Security-SPP,Application,0,0,DESKTOP-5A3QN5S,15,,,,,,,,,,,,False,C:\Users\VM\Desktop\Application.evtx,0x80000000000000,0,"{""EventData"":{""Data"":""Windows(R) UL oob License (Private), 829fb648-43fb-4bba-a828-2f7ad6382418"",""Binary"":""""}}"
1690,1690,2025-07-29 07:20:30.9557811,1004,Info,Microsoft-Windows-Security-SPP,Application,0,0,DESKTOP-5A3QN5S,15,,,,,,,,,,,,False,C:\Users\VM\Desktop\Application.evtx,0x80000000000000,0,"{""EventData"":{""Data"":""Windows(R) UL phone License (Public), cb386c29-dbbe-4a49-8d5a-5b73ee8569dd"",""Binary"":""""}}"
1691,1691,2025-07-29 07:20:30.9632878,1004,Info,Microsoft-Windows-Security-SPP,Application,0,0,DESKTOP-5A3QN5S,15,,,,,,,,,,,,False,C:\Users\VM\Desktop\Application.evtx,0x80000000000000,0,"{""EventData"":{""Data"":""Windows(R) UL phone License (Private), 67e951e3-dfb2-4fd1-8949-3a70b85361f9"",""Binary"":""""}}"
1692,1692,2025-07-29 07:20:31.0050619,1004,Info,Microsoft-Windows-Security-SPP,Application,0,0,DESKTOP-5A3QN5S,15,,,,,,,,,,,,False,C:\Users\VM\Desktop\Application.evtx,0x80000000000000,0,"{""EventData"":{""Data"":""Windows(R) UL store License (Public), c776c5cb-ef14-4f2b-ad5f-41be58912a58"",""Binary"":""""}}"
1693,1693,2025-07-29 07:20:31.0050619,1004,Info,Microsoft-Windows-Security-SPP,Application,0,0,DESKTOP-5A3QN5S,15,,,,,,,,,,,,False,C:\Users\VM\Desktop\Application.evtx,0x80000000000000,0,"{""EventData"":{""Data"":""Windows(R) UL store License (Private), 2e857173-64d6-4f6a-bbea-55724d345f02"",""Binary"":""""}}"
1694,1694,2025-07-29 07:20:31.0548163,1004,Info,Microsoft-Windows-Security-SPP,Application,0,0,DESKTOP-5A3QN5S,15,,,,,,,,,,,,False,C:\Users\VM\Desktop\Application.evtx,0x80000000000000,0,"{""EventData"":{""Data"":""DefaultPpd-ProfessionalSingleLanguage Component PPD License, 658ee2ff-712d-2feb-d854-ee7cb0f68fa1"",""Binary"":""""}}"
1695,1695,2025-07-29 07:20:31.1046485,1004,Info,Microsoft-Windows-Security-SPP,Application,0,0,DESKTOP-5A3QN5S,15,,,,,,,,,,,,False,C:\Users\VM\Desktop\Application.evtx,0x80000000000000,0,"{""EventData"":{""Data"":""Windows(R) ProfessionalSingleLanguage Product PPD License, f7881a83-f4e7-7276-fd6e-ec06607dad29"",""Binary"":""""}}"
1696,1696,2025-07-29 07:20:31.1418723,1004,Info,Microsoft-Windows-Security-SPP,Application,0,0,DESKTOP-5A3QN5S,15,,,,,,,,,,,,False,C:\Users\VM\Desktop\Application.evtx,0x80000000000000,0,"{""EventData"":{""Data"":""Windows(R) Publishing License (Public), 7dd5690c-8cf1-4d23-9956-bea592a6ee2e"",""Binary"":""""}}"
1697,1697,2025-07-29 07:20:31.1418723,1004,Info,Microsoft-Windows-Security-SPP,Application,0,0,DESKTOP-5A3QN5S,15,,,,,,,,,,,,False,C:\Users\VM\Desktop\Application.evtx,0x80000000000000,0,"{""EventData"":{""Data"":""Windows(R) Publishing License (Private), 36cea817-1130-49b7-b22a-4f523b6bfcb7"",""Binary"":""""}}"
1698,1698,2025-07-29 07:20:31.1912228,1004,Info,Microsoft-Windows-Security-SPP,Application,0,0,DESKTOP-5A3QN5S,15,,,,,,,,,,,,False,C:\Users\VM\Desktop\Application.evtx,0x80000000000000,0,"{""EventData"":{""Data"":""Windows(R) UL oob License (Public), aa1db5d7-120c-41ec-94b1-dd7bbbca8488"",""Binary"":""""}}"
1699,1699,2025-07-29 07:20:31.1912228,1004,Info,Microsoft-Windows-Security-SPP,Application,0,0,DESKTOP-5A3QN5S,15,,,,,,,,,,,,False,C:\Users\VM\Desktop\Application.evtx,0x80000000000000,0,"{""EventData"":{""Data"":""Windows(R) UL oob License (Private), be017145-f874-43e4-83cf-737d044c8fb2"",""Binary"":""""}}"
1700,1700,2025-07-29 07:20:31.2284850,1004,Info,Microsoft-Windows-Security-SPP,Application,0,0,DESKTOP-5A3QN5S,15,,,,,,,,,,,,False,C:\Users\VM\Desktop\Application.evtx,0x80000000000000,0,"{""EventData"":{""Data"":""Windows(R) UL phone License (Public), 9899dbf2-f460-4f7b-a81c-c46889509214"",""Binary"":""""}}"
1701,1701,2025-07-29 07:20:31.2284850,1004,Info,Microsoft-Windows-Security-SPP,Application,0,0,DESKTOP-5A3QN5S,15,,,,,,,,,,,,False,C:\Users\VM\Desktop\Application.evtx,0x80000000000000,0,"{""EventData"":{""Data"":""Windows(R) UL phone License (Private), 7a797880-74b9-4266-9cf1-6e6bad6b8fd5"",""Binary"":""""}}"
1702,1702,2025-07-29 07:20:31.2407260,1004,Info,Microsoft-Windows-Security-SPP,Application,0,0,DESKTOP-5A3QN5S,15,,,,,,,,,,,,False,C:\Users\VM\Desktop\Application.evtx,0x80000000000000,0,"{""EventData"":{""Data"":""Windows(R) UL store License (Public), 29ab0052-1f87-4bcc-80d7-be8c19fde6f8"",""Binary"":""""}}"
1703,1703,2025-07-29 07:20:31.2407260,1004,Info,Microsoft-Windows-Security-SPP,Application,0,0,DESKTOP-5A3QN5S,15,,,,,,,,,,,,False,C:\Users\VM\Desktop\Application.evtx,0x80000000000000,0,"{""EventData"":{""Data"":""Windows(R) UL store License (Private), 7add826d-aa50-46c7-80fd-626df9ff4df9"",""Binary"":""""}}"
1704,1704,2025-07-29 07:20:31.3109901,1004,Info,Microsoft-Windows-Security-SPP,Application,0,0,DESKTOP-5A3QN5S,15,,,,,,,,,,,,False,C:\Users\VM\Desktop\Application.evtx,0x80000000000000,0,"{""EventData"":{""Data"":""DefaultPpd-ProfessionalWorkstation Component PPD License, f7a67c1b-1405-bd8d-4543-076138674dff"",""Binary"":""""}}"
1705,1705,2025-07-29 07:20:31.3401090,1004,Info,Microsoft-Windows-Security-SPP,Application,0,0,DESKTOP-5A3QN5S,15,,,,,,,,,,,,False,C:\Users\VM\Desktop\Application.evtx,0x80000000000000,0,"{""EventData"":{""Data"":""Windows(R) Publishing License (Public), 923e9f11-54f3-41b3-935e-c73f0372fd78"",""Binary"":""""}}"
1706,1706,2025-07-29 07:20:31.3401090,1004,Info,Microsoft-Windows-Security-SPP,Application,0,0,DESKTOP-5A3QN5S,15,,,,,,,,,,,,False,C:\Users\VM\Desktop\Application.evtx,0x80000000000000,0,"{""EventData"":{""Data"":""Windows(R) Publishing License (Private), 24aeb4ba-5b9e-4894-9b9c-b040cbb69ff2"",""Binary"":""""}}"
1707,1707,2025-07-29 07:20:31.3773292,1004,Info,Microsoft-Windows-Security-SPP,Application,0,0,DESKTOP-5A3QN5S,15,,,,,,,,,,,,False,C:\Users\VM\Desktop\Application.evtx,0x80000000000000,0,"{""EventData"":{""Data"":""Windows(R) UL oob License (Public), 73cc1c52-5d80-47f6-b208-e962fc8d7007"",""Binary"":""""}}"
1708,1708,2025-07-29 07:20:31.3773292,1004,Info,Microsoft-Windows-Security-SPP,Application,0,0,DESKTOP-5A3QN5S,15,,,,,,,,,,,,False,C:\Users\VM\Desktop\Application.evtx,0x80000000000000,0,"{""EventData"":{""Data"":""Windows(R) UL oob License (Private), 67849e43-bb95-4bf2-b359-b7bbcba21aa6"",""Binary"":""""}}"
1709,1709,2025-07-29 07:20:31.4270763,1004,Info,Microsoft-Windows-Security-SPP,Application,0,0,DESKTOP-5A3QN5S,15,,,,,,,,,,,,False,C:\Users\VM\Desktop\Application.evtx,0x80000000000000,0,"{""EventData"":{""Data"":""Windows(R) UL phone License (Public), 5e737ced-347e-4399-8e8a-6be750a7d7fb"",""Binary"":""""}}"
1710,1710,2025-07-29 07:20:31.4270763,1004,Info,Microsoft-Windows-Security-SPP,Application,0,0,DESKTOP-5A3QN5S,15,,,,,,,,,,,,False,C:\Users\VM\Desktop\Application.evtx,0x80000000000000,0,"{""EventData"":{""Data"":""Windows(R) UL phone License (Private), 7ca4be18-b654-4732-85d1-ece0ee6ac587"",""Binary"":""""}}"
1711,1711,2025-07-29 07:20:31.4638395,1004,Info,Microsoft-Windows-Security-SPP,Application,0,0,DESKTOP-5A3QN5S,15,,,,,,,,,,,,False,C:\Users\VM\Desktop\Application.evtx,0x80000000000000,0,"{""EventData"":{""Data"":""Windows(R) UL store License (Public), bdb2bf8f-7478-41f8-ac56-96a18cc2455d"",""Binary"":""""}}"
1712,1712,2025-07-29 07:20:31.4638395,1004,Info,Microsoft-Windows-Security-SPP,Application,0,0,DESKTOP-5A3QN5S,15,,,,,,,,,,,,False,C:\Users\VM\Desktop\Application.evtx,0x80000000000000,0,"{""EventData"":{""Data"":""Windows(R) UL store License (Private), f93585b5-22c7-4a26-9bfc-ed50faee45dd"",""Binary"":""""}}"
1713,1713,2025-07-29 07:20:31.4970692,1004,Info,Microsoft-Windows-Security-SPP,Application,0,0,DESKTOP-5A3QN5S,15,,,,,,,,,,,,False,C:\Users\VM\Desktop\Application.evtx,0x80000000000000,0,"{""EventData"":{""Data"":""Windows(R) Publishing License (Public), 6d4eef4e-f706-4c65-82dd-95812b25af24"",""Binary"":""""}}"
1714,1714,2025-07-29 07:20:31.4970692,1004,Info,Microsoft-Windows-Security-SPP,Application,0,0,DESKTOP-5A3QN5S,15,,,,,,,,,,,,False,C:\Users\VM\Desktop\Application.evtx,0x80000000000000,0,"{""EventData"":{""Data"":""Windows(R) Publishing License (Private), 5ec832e3-c82a-4359-a8fd-b6c1bc4d7d99"",""Binary"":""""}}"
1715,1715,2025-07-29 07:20:31.5264182,1004,Info,Microsoft-Windows-Security-SPP,Application,0,0,DESKTOP-5A3QN5S,15,,,,,,,,,,,,False,C:\Users\VM\Desktop\Application.evtx,0x80000000000000,0,"{""EventData"":{""Data"":""Windows(R) UL oob License (Public), 23d80a0b-e327-48da-83f7-54140b46e4c1"",""Binary"":""""}}"
1716,1716,2025-07-29 07:20:31.5264182,1004,Info,Microsoft-Windows-Security-SPP,Application,0,0,DESKTOP-5A3QN5S,15,,,,,,,,,,,,False,C:\Users\VM\Desktop\Application.evtx,0x80000000000000,0,"{""EventData"":{""Data"":""Windows(R) UL oob License (Private), 6c69eb31-d6cf-4fec-a3f6-0d8d43162292"",""Binary"":""""}}"
1717,1717,2025-07-29 07:20:31.5744358,1004,Info,Microsoft-Windows-Security-SPP,Application,0,0,DESKTOP-5A3QN5S,15,,,,,,,,,,,,False,C:\Users\VM\Desktop\Application.evtx,0x80000000000000,0,"{""EventData"":{""Data"":""Windows(R) UL phone License (Public), 41886fb1-ef11-406e-8267-c59cc629824d"",""Binary"":""""}}"
