895,895,2025-07-28 22:32:13.7291410,10000,Info,Microsoft-Windows-RestartManager,Application,1068,1360,DESKTOP-5A3QN5S,10,S-1-5-21-3151804214-3226339955-2188200191-1001,,,,,,,,,,,False,C:\Users\VM\Desktop\Application.evtx,Classic,0,"{""UserData"":{""RmSessionEvent"":{""RmSessionId"":""0"",""UTCStartTime"":""2025-07-28 22:32:13.7252619""}}}"
896,896,2025-07-28 22:32:17.4529345,11707,Info,MsiInstaller,Application,0,0,DESKTOP-5A3QN5S,10,S-1-5-21-3151804214-3226339955-2188200191-1001,Installation completed successfully,,,"Product: Microsoft Windows Desktop Targeting Pack - 9.0.7 (x64) -- Installation completed successfully., (NULL), (NULL), (NULL), (NULL), (NULL)",,,,,,,False,C:\Users\VM\Desktop\Application.evtx,0x80000000000000,0,"{""EventData"":{""Data"":""Product: Microsoft Windows Desktop Targeting Pack - 9.0.7 (x64) -- Installation completed successfully., (NULL), (NULL), (NULL), (NULL), (NULL)"",""Binary"":""7B-42-32-33-32-35-32-38-39-2D-31-42-46-35-2D-34-42-44-42-2D-42-31-42-30-2D-42-38-45-38-35-34-32-36-37-31-32-36-7D""}}"
897,897,2025-07-28 22:32:17.4529345,1033,Info,MsiInstaller,Application,0,0,DESKTOP-5A3QN5S,10,S-1-5-21-3151804214-3226339955-2188200191-1001,A program was installed,,,"Name, Version, Lang, Status, Manufacturer: Microsoft Windows Desktop Targeting Pack - 9.0.7 (x64), 72.28.35985, 1033, 0, Microsoft Corporation, (NULL)",,,,,,,False,C:\Users\VM\Desktop\Application.evtx,0x80000000000000,0,"{""EventData"":{""Data"":""Microsoft Windows Desktop Targeting Pack - 9.0.7 (x64), 72.28.35985, 1033, 0, Microsoft Corporation, (NULL)"",""Binary"":""7B-42-32-33-32-35-32-38-39-2D-31-42-46-35-2D-34-42-44-42-2D-42-31-42-30-2D-42-38-45-38-35-34-32-36-37-31-32-36-7D-30-30-30-30-35-31-35-33-34-63-35-37-33-38-61-31-33-62-39-34-31-66-37-30-32-61-35-37-31-39-64-33-39-63-66-36-30-30-30-30-30-39-30-34""}}"
898,898,2025-07-28 22:32:17.4782492,1042,Info,MsiInstaller,Application,0,0,DESKTOP-5A3QN5S,10,S-1-5-18,Installer Exited,,,,,,,,,C:\ProgramData\Package Cache\{B2325289-1BF5-4BDB-B1B0-B8E854267126}v72.28.35985\windowsdesktop-targeting-pack-9.0.7-win-x64.msi,False,C:\Users\VM\Desktop\Application.evtx,0x80000000000000,0,"{""EventData"":{""Data"":""C:\\ProgramData\\Package Cache\\{B2325289-1BF5-4BDB-B1B0-B8E854267126}v72.28.35985\\windowsdesktop-targeting-pack-9.0.7-win-x64.msi, 7232, (NULL), (NULL), (NULL), (NULL)"",""Binary"":""""}}"
899,899,2025-07-28 22:32:17.5120657,1040,Info,MsiInstaller,Application,0,0,DESKTOP-5A3QN5S,10,S-1-5-21-3151804214-3226339955-2188200191-1001,Installer Started,,,,,,,,,C:\ProgramData\Package Cache\{0C967581-DBBF-3816-8000-1D9FD60FEAD0}v9.0.7.25317\aspnetcore-targeting-pack-9.0.7-servicing.25317.2-win-x64.msi,False,C:\Users\VM\Desktop\Application.evtx,0x80000000000000,0,"{""EventData"":{""Data"":""C:\\ProgramData\\Package Cache\\{0C967581-DBBF-3816-8000-1D9FD60FEAD0}v9.0.7.25317\\aspnetcore-targeting-pack-9.0.7-servicing.25317.2-win-x64.msi, 7232, (NULL), (NULL), (NULL), (NULL)"",""Binary"":""""}}"
900,900,2025-07-28 22:32:17.4705629,10001,Info,Microsoft-Windows-RestartManager,Application,1068,6916,DESKTOP-5A3QN5S,10,S-1-5-21-3151804214-3226339955-2188200191-1001,,,,,,,,,,,False,C:\Users\VM\Desktop\Application.evtx,Classic,0,"{""UserData"":{""RmSessionEvent"":{""RmSessionId"":""0"",""UTCStartTime"":""2025-07-28 22:32:13.7252619""}}}"
901,901,2025-07-28 22:32:17.6305677,10000,Info,Microsoft-Windows-RestartManager,Application,1068,7664,DESKTOP-5A3QN5S,10,S-1-5-21-3151804214-3226339955-2188200191-1001,,,,,,,,,,,False,C:\Users\VM\Desktop\Application.evtx,Classic,0,"{""UserData"":{""RmSessionEvent"":{""RmSessionId"":""0"",""UTCStartTime"":""2025-07-28 22:32:17.6220924""}}}"
902,902,2025-07-28 22:32:23.1594423,11707,Info,MsiInstaller,Application,0,0,DESKTOP-5A3QN5S,10,S-1-5-21-3151804214-3226339955-2188200191-1001,Installation completed successfully,,,"Product: Microsoft ASP.NET Core 9.0.7 Targeting Pack (x64) -- Installation completed successfully., (NULL), (NULL), (NULL), (NULL), (NULL)",,,,,,,False,C:\Users\VM\Desktop\Application.evtx,0x80000000000000,0,"{""EventData"":{""Data"":""Product: Microsoft ASP.NET Core 9.0.7 Targeting Pack (x64) -- Installation completed successfully., (NULL), (NULL), (NULL), (NULL), (NULL)"",""Binary"":""7B-30-43-39-36-37-35-38-31-2D-44-42-42-46-2D-33-38-31-36-2D-38-30-30-30-2D-31-44-39-46-44-36-30-46-45-41-44-30-7D""}}"
903,903,2025-07-28 22:32:23.1594423,1033,Info,MsiInstaller,Application,0,0,DESKTOP-5A3QN5S,10,S-1-5-21-3151804214-3226339955-2188200191-1001,A program was installed,,,"Name, Version, Lang, Status, Manufacturer: Microsoft ASP.NET Core 9.0.7 Targeting Pack (x64), 9.0.7.25317, 1033, 0, Microsoft Corporation, (NULL)",,,,,,,False,C:\Users\VM\Desktop\Application.evtx,0x80000000000000,0,"{""EventData"":{""Data"":""Microsoft ASP.NET Core 9.0.7 Targeting Pack (x64), 9.0.7.25317, 1033, 0, Microsoft Corporation, (NULL)"",""Binary"":""7B-30-43-39-36-37-35-38-31-2D-44-42-42-46-2D-33-38-31-36-2D-38-30-30-30-2D-31-44-39-46-44-36-30-46-45-41-44-30-7D-30-30-30-30-37-37-30-34-31-63-38-66-34-62-36-62-62-38-34-63-32-37-31-35-38-34-31-30-62-61-66-62-37-38-66-39-30-30-30-30-30-39-30-34""}}"
904,904,2025-07-28 22:32:23.2100979,1042,Info,MsiInstaller,Application,0,0,DESKTOP-5A3QN5S,10,S-1-5-18,Installer Exited,,,,,,,,,C:\ProgramData\Package Cache\{0C967581-DBBF-3816-8000-1D9FD60FEAD0}v9.0.7.25317\aspnetcore-targeting-pack-9.0.7-servicing.25317.2-win-x64.msi,False,C:\Users\VM\Desktop\Application.evtx,0x80000000000000,0,"{""EventData"":{""Data"":""C:\\ProgramData\\Package Cache\\{0C967581-DBBF-3816-8000-1D9FD60FEAD0}v9.0.7.25317\\aspnetcore-targeting-pack-9.0.7-servicing.25317.2-win-x64.msi, 7232, (NULL), (NULL), (NULL), (NULL)"",""Binary"":""""}}"
905,905,2025-07-28 22:32:23.2522034,1040,Info,MsiInstaller,Application,0,0,DESKTOP-5A3QN5S,10,S-1-5-21-3151804214-3226339955-2188200191-1001,Installer Started,,,,,,,,,C:\ProgramData\Package Cache\{993D9F32-6A44-4544-B825-874F0ECD06A1}v36.9.63071\dotnet-90templates-9.0.303-servicing.25365.11-win-x64.msi,False,C:\Users\VM\Desktop\Application.evtx,0x80000000000000,0,"{""EventData"":{""Data"":""C:\\ProgramData\\Package Cache\\{993D9F32-6A44-4544-B825-874F0ECD06A1}v36.9.63071\\dotnet-90templates-9.0.303-servicing.25365.11-win-x64.msi, 7232, (NULL), (NULL), (NULL), (NULL)"",""Binary"":""""}}"
906,906,2025-07-28 22:32:24.0873840,11707,Info,MsiInstaller,Application,0,0,DESKTOP-5A3QN5S,10,S-1-5-21-3151804214-3226339955-2188200191-1001,Installation completed successfully,,,"Product: Microsoft .NET 9.0 Templates 9.0.303 (x64) -- Installation completed successfully., (NULL), (NULL), (NULL), (NULL), (NULL)",,,,,,,False,C:\Users\VM\Desktop\Application.evtx,0x80000000000000,0,"{""EventData"":{""Data"":""Product: Microsoft .NET 9.0 Templates 9.0.303 (x64) -- Installation completed successfully., (NULL), (NULL), (NULL), (NULL), (NULL)"",""Binary"":""7B-39-39-33-44-39-46-33-32-2D-36-41-34-34-2D-34-35-34-34-2D-42-38-32-35-2D-38-37-34-46-30-45-43-44-30-36-41-31-7D""}}"
907,907,2025-07-28 22:32:24.0873840,1033,Info,MsiInstaller,Application,0,0,DESKTOP-5A3QN5S,10,S-1-5-21-3151804214-3226339955-2188200191-1001,A program was installed,,,"Name, Version, Lang, Status, Manufacturer: Microsoft .NET 9.0 Templates 9.0.303 (x64), 36.9.63071, 1033, 0, Microsoft Corporation, (NULL)",,,,,,,False,C:\Users\VM\Desktop\Application.evtx,0x80000000000000,0,"{""EventData"":{""Data"":""Microsoft .NET 9.0 Templates 9.0.303 (x64), 36.9.63071, 1033, 0, Microsoft Corporation, (NULL)"",""Binary"":""7B-39-39-33-44-39-46-33-32-2D-36-41-34-34-2D-34-35-34-34-2D-42-38-32-35-2D-38-37-34-46-30-45-43-44-30-36-41-31-7D-30-30-30-30-38-66-31-34-63-65-65-64-66-30-35-39-37-36-37-33-33-62-32-33-64-31-66-32-64-32-35-33-32-61-64-34-30-30-30-30-30-39-30-34""}}"
908,908,2025-07-28 22:32:24.1140488,1042,Info,MsiInstaller,Application,0,0,DESKTOP-5A3QN5S,10,S-1-5-18,Installer Exited,,,,,,,,,C:\ProgramData\Package Cache\{993D9F32-6A44-4544-B825-874F0ECD06A1}v36.9.63071\dotnet-90templates-9.0.303-servicing.25365.11-win-x64.msi,False,C:\Users\VM\Desktop\Application.evtx,0x80000000000000,0,"{""EventData"":{""Data"":""C:\\ProgramData\\Package Cache\\{993D9F32-6A44-4544-B825-874F0ECD06A1}v36.9.63071\\dotnet-90templates-9.0.303-servicing.25365.11-win-x64.msi, 7232, (NULL), (NULL), (NULL), (NULL)"",""Binary"":""""}}"
909,909,2025-07-28 22:32:24.1558550,1040,Info,MsiInstaller,Application,0,0,DESKTOP-5A3QN5S,10,S-1-5-21-3151804214-3226339955-2188200191-1001,Installer Started,,,,,,,,,C:\ProgramData\Package Cache\{76737228-5B3F-4431-9C02-BC3C1B25198B}v35.0.7\eb0102172546d0560fec9b970bf8e5b8-x64.msi,False,C:\Users\VM\Desktop\Application.evtx,0x80000000000000,0,"{""EventData"":{""Data"":""C:\\ProgramData\\Package Cache\\{76737228-5B3F-4431-9C02-BC3C1B25198B}v35.0.7\\eb0102172546d0560fec9b970bf8e5b8-x64.msi, 7232, (NULL), (NULL), (NULL), (NULL)"",""Binary"":""""}}"
910,910,2025-07-28 22:32:23.1997876,10001,Info,Microsoft-Windows-RestartManager,Application,1068,6916,DESKTOP-5A3QN5S,10,S-1-5-21-3151804214-3226339955-2188200191-1001,,,,,,,,,,,False,C:\Users\VM\Desktop\Application.evtx,Classic,0,"{""UserData"":{""RmSessionEvent"":{""RmSessionId"":""0"",""UTCStartTime"":""2025-07-28 22:32:17.6220924""}}}"
911,911,2025-07-28 22:32:23.3503614,10000,Info,Microsoft-Windows-RestartManager,Application,1068,2512,DESKTOP-5A3QN5S,10,S-1-5-21-3151804214-3226339955-2188200191-1001,,,,,,,,,,,False,C:\Users\VM\Desktop\Application.evtx,Classic,0,"{""UserData"":{""RmSessionEvent"":{""RmSessionId"":""0"",""UTCStartTime"":""2025-07-28 22:32:23.3370088""}}}"
912,912,2025-07-28 22:32:24.1081954,10001,Info,Microsoft-Windows-RestartManager,Application,1068,6916,DESKTOP-5A3QN5S,10,S-1-5-21-3151804214-3226339955-2188200191-1001,,,,,,,,,,,False,C:\Users\VM\Desktop\Application.evtx,Classic,0,"{""UserData"":{""RmSessionEvent"":{""RmSessionId"":""0"",""UTCStartTime"":""2025-07-28 22:32:23.3370088""}}}"
913,913,2025-07-28 22:32:24.2296617,10000,Info,Microsoft-Windows-RestartManager,Application,1068,7772,DESKTOP-5A3QN5S,10,S-1-5-21-3151804214-3226339955-2188200191-1001,,,,,,,,,,,False,C:\Users\VM\Desktop\Application.evtx,Classic,0,"{""UserData"":{""RmSessionEvent"":{""RmSessionId"":""0"",""UTCStartTime"":""2025-07-28 22:32:24.2269827""}}}"
914,914,2025-07-28 22:32:24.8422057,11707,Info,MsiInstaller,Application,0,0,DESKTOP-5A3QN5S,10,S-1-5-21-3151804214-3226339955-2188200191-1001,Installation completed successfully,,,"Product: Microsoft.NET.Sdk.Android.Manifest-9.0.100 (x64) -- Installation completed successfully., (NULL), (NULL), (NULL), (NULL), (NULL)",,,,,,,False,C:\Users\VM\Desktop\Application.evtx,0x80000000000000,0,"{""EventData"":{""Data"":""Product: Microsoft.NET.Sdk.Android.Manifest-9.0.100 (x64) -- Installation completed successfully., (NULL), (NULL), (NULL), (NULL), (NULL)"",""Binary"":""7B-37-36-37-33-37-32-32-38-2D-35-42-33-46-2D-34-34-33-31-2D-39-43-30-32-2D-42-43-33-43-31-42-32-35-31-39-38-42-7D""}}"
915,915,2025-07-28 22:32:24.8435766,1033,Info,MsiInstaller,Application,0,0,DESKTOP-5A3QN5S,10,S-1-5-21-3151804214-3226339955-2188200191-1001,A program was installed,,,"Name, Version, Lang, Status, Manufacturer: Microsoft.NET.Sdk.Android.Manifest-9.0.100 (x64), 35.0.7, 1033, 0, Microsoft Corporation, (NULL)",,,,,,,False,C:\Users\VM\Desktop\Application.evtx,0x80000000000000,0,"{""EventData"":{""Data"":""Microsoft.NET.Sdk.Android.Manifest-9.0.100 (x64), 35.0.7, 1033, 0, Microsoft Corporation, (NULL)"",""Binary"":""7B-37-36-37-33-37-32-32-38-2D-35-42-33-46-2D-34-34-33-31-2D-39-43-30-32-2D-42-43-33-43-31-42-32-35-31-39-38-42-7D-30-30-30-30-39-34-37-34-38-33-36-32-63-65-32-32-62-37-32-38-36-65-62-31-63-39-32-35-33-33-33-66-62-36-37-31-30-30-30-30-30-39-30-34""}}"
916,916,2025-07-28 22:32:24.8610080,1042,Info,MsiInstaller,Application,0,0,DESKTOP-5A3QN5S,10,S-1-5-18,Installer Exited,,,,,,,,,C:\ProgramData\Package Cache\{76737228-5B3F-4431-9C02-BC3C1B25198B}v35.0.7\eb0102172546d0560fec9b970bf8e5b8-x64.msi,False,C:\Users\VM\Desktop\Application.evtx,0x80000000000000,0,"{""EventData"":{""Data"":""C:\\ProgramData\\Package Cache\\{76737228-5B3F-4431-9C02-BC3C1B25198B}v35.0.7\\eb0102172546d0560fec9b970bf8e5b8-x64.msi, 7232, (NULL), (NULL), (NULL), (NULL)"",""Binary"":""""}}"
917,917,2025-07-28 22:32:24.8805285,1040,Info,MsiInstaller,Application,0,0,DESKTOP-5A3QN5S,10,S-1-5-21-3151804214-3226339955-2188200191-1001,Installer Started,,,,,,,,,C:\ProgramData\Package Cache\{736FFE9E-6571-4059-B73D-F97F07E9F98D}v18.0.9617\5d4b85a788e3c647c008feedfbe1bf20-x64.msi,False,C:\Users\VM\Desktop\Application.evtx,0x80000000000000,0,"{""EventData"":{""Data"":""C:\\ProgramData\\Package Cache\\{736FFE9E-6571-4059-B73D-F97F07E9F98D}v18.0.9617\\5d4b85a788e3c647c008feedfbe1bf20-x64.msi, 7232, (NULL), (NULL), (NULL), (NULL)"",""Binary"":""""}}"
918,918,2025-07-28 22:32:25.5642485,11707,Info,MsiInstaller,Application,0,0,DESKTOP-5A3QN5S,10,S-1-5-21-3151804214-3226339955-2188200191-1001,Installation completed successfully,,,"Product: Microsoft.NET.Sdk.iOS.Manifest-9.0.100 (x64) -- Installation completed successfully., (NULL), (NULL), (NULL), (NULL), (NULL)",,,,,,,False,C:\Users\VM\Desktop\Application.evtx,0x80000000000000,0,"{""EventData"":{""Data"":""Product: Microsoft.NET.Sdk.iOS.Manifest-9.0.100 (x64) -- Installation completed successfully., (NULL), (NULL), (NULL), (NULL), (NULL)"",""Binary"":""7B-37-33-36-46-46-45-39-45-2D-36-35-37-31-2D-34-30-35-39-2D-42-37-33-44-2D-46-39-37-46-30-37-45-39-46-39-38-44-7D""}}"
919,919,2025-07-28 22:32:25.5642485,1033,Info,MsiInstaller,Application,0,0,DESKTOP-5A3QN5S,10,S-1-5-21-3151804214-3226339955-2188200191-1001,A program was installed,,,"Name, Version, Lang, Status, Manufacturer: Microsoft.NET.Sdk.iOS.Manifest-9.0.100 (x64), 18.0.9617, 1033, 0, Microsoft Corporation, (NULL)",,,,,,,False,C:\Users\VM\Desktop\Application.evtx,0x80000000000000,0,"{""EventData"":{""Data"":""Microsoft.NET.Sdk.iOS.Manifest-9.0.100 (x64), 18.0.9617, 1033, 0, Microsoft Corporation, (NULL)"",""Binary"":""7B-37-33-36-46-46-45-39-45-2D-36-35-37-31-2D-34-30-35-39-2D-42-37-33-44-2D-46-39-37-46-30-37-45-39-46-39-38-44-7D-30-30-30-30-36-34-35-30-31-31-38-32-64-33-38-62-37-31-35-36-62-32-33-65-61-64-66-37-39-31-35-33-31-33-65-30-30-30-30-30-30-39-30-34""}}"
920,920,2025-07-28 22:32:25.5825607,1042,Info,MsiInstaller,Application,0,0,DESKTOP-5A3QN5S,10,S-1-5-18,Installer Exited,,,,,,,,,C:\ProgramData\Package Cache\{736FFE9E-6571-4059-B73D-F97F07E9F98D}v18.0.9617\5d4b85a788e3c647c008feedfbe1bf20-x64.msi,False,C:\Users\VM\Desktop\Application.evtx,0x80000000000000,0,"{""EventData"":{""Data"":""C:\\ProgramData\\Package Cache\\{736FFE9E-6571-4059-B73D-F97F07E9F98D}v18.0.9617\\5d4b85a788e3c647c008feedfbe1bf20-x64.msi, 7232, (NULL), (NULL), (NULL), (NULL)"",""Binary"":""""}}"
921,921,2025-07-28 22:32:25.6109864,1040,Info,MsiInstaller,Application,0,0,DESKTOP-5A3QN5S,10,S-1-5-21-3151804214-3226339955-2188200191-1001,Installer Started,,,,,,,,,C:\ProgramData\Package Cache\{393886C4-81D0-4CB7-BE11-B2B974BAE978}v18.0.9617\485239adbc2665b98d394213e52bda89-x64.msi,False,C:\Users\VM\Desktop\Application.evtx,0x80000000000000,0,"{""EventData"":{""Data"":""C:\\ProgramData\\Package Cache\\{393886C4-81D0-4CB7-BE11-B2B974BAE978}v18.0.9617\\485239adbc2665b98d394213e52bda89-x64.msi, 7232, (NULL), (NULL), (NULL), (NULL)"",""Binary"":""""}}"
922,922,2025-07-28 22:32:24.8516642,10001,Info,Microsoft-Windows-RestartManager,Application,1068,6916,DESKTOP-5A3QN5S,10,S-1-5-21-3151804214-3226339955-2188200191-1001,,,,,,,,,,,False,C:\Users\VM\Desktop\Application.evtx,Classic,0,"{""UserData"":{""RmSessionEvent"":{""RmSessionId"":""0"",""UTCStartTime"":""2025-07-28 22:32:24.2269827""}}}"
923,923,2025-07-28 22:32:24.9473447,10000,Info,Microsoft-Windows-RestartManager,Application,1068,6396,DESKTOP-5A3QN5S,10,S-1-5-21-3151804214-3226339955-2188200191-1001,,,,,,,,,,,False,C:\Users\VM\Desktop\Application.evtx,Classic,0,"{""UserData"":{""RmSessionEvent"":{""RmSessionId"":""0"",""UTCStartTime"":""2025-07-28 22:32:24.9436735""}}}"
924,924,2025-07-28 22:32:25.5729882,10001,Info,Microsoft-Windows-RestartManager,Application,1068,6916,DESKTOP-5A3QN5S,10,S-1-5-21-3151804214-3226339955-2188200191-1001,,,,,,,,,,,False,C:\Users\VM\Desktop\Application.evtx,Classic,0,"{""UserData"":{""RmSessionEvent"":{""RmSessionId"":""0"",""UTCStartTime"":""2025-07-28 22:32:24.9436735""}}}"
925,925,2025-07-28 22:32:25.6810361,10000,Info,Microsoft-Windows-RestartManager,Application,1068,7312,DESKTOP-5A3QN5S,10,S-1-5-21-3151804214-3226339955-2188200191-1001,,,,,,,,,,,False,C:\Users\VM\Desktop\Application.evtx,Classic,0,"{""UserData"":{""RmSessionEvent"":{""RmSessionId"":""0"",""UTCStartTime"":""2025-07-28 22:32:25.6737409""}}}"
926,926,2025-07-28 22:32:26.3674173,11707,Info,MsiInstaller,Application,0,0,DESKTOP-5A3QN5S,10,S-1-5-21-3151804214-3226339955-2188200191-1001,Installation completed successfully,,,"Product: Microsoft.NET.Sdk.MacCatalyst.Manifest-9.0.100 (x64) -- Installation completed successfully., (NULL), (NULL), (NULL), (NULL), (NULL)",,,,,,,False,C:\Users\VM\Desktop\Application.evtx,0x80000000000000,0,"{""EventData"":{""Data"":""Product: Microsoft.NET.Sdk.MacCatalyst.Manifest-9.0.100 (x64) -- Installation completed successfully., (NULL), (NULL), (NULL), (NULL), (NULL)"",""Binary"":""7B-33-39-33-38-38-36-43-34-2D-38-31-44-30-2D-34-43-42-37-2D-42-45-31-31-2D-42-32-42-39-37-34-42-41-45-39-37-38-7D""}}"
927,927,2025-07-28 22:32:26.3674173,1033,Info,MsiInstaller,Application,0,0,DESKTOP-5A3QN5S,10,S-1-5-21-3151804214-3226339955-2188200191-1001,A program was installed,,,"Name, Version, Lang, Status, Manufacturer: Microsoft.NET.Sdk.MacCatalyst.Manifest-9.0.100 (x64), 18.0.9617, 1033, 0, Microsoft Corporation, (NULL)",,,,,,,False,C:\Users\VM\Desktop\Application.evtx,0x80000000000000,0,"{""EventData"":{""Data"":""Microsoft.NET.Sdk.MacCatalyst.Manifest-9.0.100 (x64), 18.0.9617, 1033, 0, Microsoft Corporation, (NULL)"",""Binary"":""7B-33-39-33-38-38-36-43-34-2D-38-31-44-30-2D-34-43-42-37-2D-42-45-31-31-2D-42-32-42-39-37-34-42-41-45-39-37-38-7D-30-30-30-30-61-34-37-64-62-33-66-34-30-66-37-65-33-62-38-31-66-38-31-64-32-34-35-37-39-65-36-32-30-61-39-39-30-30-30-30-30-39-30-34""}}"
928,928,2025-07-28 22:32:26.3840003,1042,Info,MsiInstaller,Application,0,0,DESKTOP-5A3QN5S,10,S-1-5-18,Installer Exited,,,,,,,,,C:\ProgramData\Package Cache\{393886C4-81D0-4CB7-BE11-B2B974BAE978}v18.0.9617\485239adbc2665b98d394213e52bda89-x64.msi,False,C:\Users\VM\Desktop\Application.evtx,0x80000000000000,0,"{""EventData"":{""Data"":""C:\\ProgramData\\Package Cache\\{393886C4-81D0-4CB7-BE11-B2B974BAE978}v18.0.9617\\485239adbc2665b98d394213e52bda89-x64.msi, 7232, (NULL), (NULL), (NULL), (NULL)"",""Binary"":""""}}"
929,929,2025-07-28 22:32:26.4131374,1040,Info,MsiInstaller,Application,0,0,DESKTOP-5A3QN5S,10,S-1-5-21-3151804214-3226339955-2188200191-1001,Installer Started,,,,,,,,,C:\ProgramData\Package Cache\{16C48C75-42D8-4E6A-845B-233207524190}v15.0.9617\7520946e65b0593e8bed777b4407da1d-x64.msi,False,C:\Users\VM\Desktop\Application.evtx,0x80000000000000,0,"{""EventData"":{""Data"":""C:\\ProgramData\\Package Cache\\{16C48C75-42D8-4E6A-845B-233207524190}v15.0.9617\\7520946e65b0593e8bed777b4407da1d-x64.msi, 7232, (NULL), (NULL), (NULL), (NULL)"",""Binary"":""""}}"
930,930,2025-07-28 22:32:27.0687886,11707,Info,MsiInstaller,Application,0,0,DESKTOP-5A3QN5S,11,S-1-5-21-3151804214-3226339955-2188200191-1001,Installation completed successfully,,,"Product: Microsoft.NET.Sdk.macOS.Manifest-9.0.100 (x64) -- Installation completed successfully., (NULL), (NULL), (NULL), (NULL), (NULL)",,,,,,,False,C:\Users\VM\Desktop\Application.evtx,0x80000000000000,0,"{""EventData"":{""Data"":""Product: Microsoft.NET.Sdk.macOS.Manifest-9.0.100 (x64) -- Installation completed successfully., (NULL), (NULL), (NULL), (NULL), (NULL)"",""Binary"":""7B-31-36-43-34-38-43-37-35-2D-34-32-44-38-2D-34-45-36-41-2D-38-34-35-42-2D-32-33-33-32-30-37-35-32-34-31-39-30-7D""}}"
931,931,2025-07-28 22:32:27.0687886,1033,Info,MsiInstaller,Application,0,0,DESKTOP-5A3QN5S,11,S-1-5-21-3151804214-3226339955-2188200191-1001,A program was installed,,,"Name, Version, Lang, Status, Manufacturer: Microsoft.NET.Sdk.macOS.Manifest-9.0.100 (x64), 15.0.9617, 1033, 0, Microsoft Corporation, (NULL)",,,,,,,False,C:\Users\VM\Desktop\Application.evtx,0x80000000000000,0,"{""EventData"":{""Data"":""Microsoft.NET.Sdk.macOS.Manifest-9.0.100 (x64), 15.0.9617, 1033, 0, Microsoft Corporation, (NULL)"",""Binary"":""7B-31-36-43-34-38-43-37-35-2D-34-32-44-38-2D-34-45-36-41-2D-38-34-35-42-2D-32-33-33-32-30-37-35-32-34-31-39-30-7D-30-30-30-30-36-37-35-65-37-31-62-32-30-36-35-63-65-61-64-38-62-38-37-32-31-38-34-39-38-32-65-31-63-63-30-38-30-30-30-30-30-39-30-34""}}"
932,932,2025-07-28 22:32:27.0988066,1042,Info,MsiInstaller,Application,0,0,DESKTOP-5A3QN5S,11,S-1-5-18,Installer Exited,,,,,,,,,C:\ProgramData\Package Cache\{16C48C75-42D8-4E6A-845B-233207524190}v15.0.9617\7520946e65b0593e8bed777b4407da1d-x64.msi,False,C:\Users\VM\Desktop\Application.evtx,0x80000000000000,0,"{""EventData"":{""Data"":""C:\\ProgramData\\Package Cache\\{16C48C75-42D8-4E6A-845B-233207524190}v15.0.9617\\7520946e65b0593e8bed777b4407da1d-x64.msi, 7232, (NULL), (NULL), (NULL), (NULL)"",""Binary"":""""}}"
933,933,2025-07-28 22:32:27.1359929,1040,Info,MsiInstaller,Application,0,0,DESKTOP-5A3QN5S,11,S-1-5-21-3151804214-3226339955-2188200191-1001,Installer Started,,,,,,,,,C:\ProgramData\Package Cache\{3214CADE-AAED-4B9A-8927-49D866E2A758}v9.0.0\70ec75731838fa0ef5635405b2b8fcbb-x64.msi,False,C:\Users\VM\Desktop\Application.evtx,0x80000000000000,0,"{""EventData"":{""Data"":""C:\\ProgramData\\Package Cache\\{3214CADE-AAED-4B9A-8927-49D866E2A758}v9.0.0\\70ec75731838fa0ef5635405b2b8fcbb-x64.msi, 7232, (NULL), (NULL), (NULL), (NULL)"",""Binary"":""""}}"
934,934,2025-07-28 22:32:26.3770836,10001,Info,Microsoft-Windows-RestartManager,Application,1068,3324,DESKTOP-5A3QN5S,11,S-1-5-21-3151804214-3226339955-2188200191-1001,,,,,,,,,,,False,C:\Users\VM\Desktop\Application.evtx,Classic,0,"{""UserData"":{""RmSessionEvent"":{""RmSessionId"":""0"",""UTCStartTime"":""2025-07-28 22:32:25.6737409""}}}"
935,935,2025-07-28 22:32:26.4778816,10000,Info,Microsoft-Windows-RestartManager,Application,1068,852,DESKTOP-5A3QN5S,11,S-1-5-21-3151804214-3226339955-2188200191-1001,,,,,,,,,,,False,C:\Users\VM\Desktop\Application.evtx,Classic,0,"{""UserData"":{""RmSessionEvent"":{""RmSessionId"":""0"",""UTCStartTime"":""2025-07-28 22:32:26.4710588""}}}"
936,936,2025-07-28 22:32:27.0882375,10001,Info,Microsoft-Windows-RestartManager,Application,1068,3324,DESKTOP-5A3QN5S,11,S-1-5-21-3151804214-3226339955-2188200191-1001,,,,,,,,,,,False,C:\Users\VM\Desktop\Application.evtx,Classic,0,"{""UserData"":{""RmSessionEvent"":{""RmSessionId"":""0"",""UTCStartTime"":""2025-07-28 22:32:26.4710588""}}}"
937,937,2025-07-28 22:32:27.1968101,10000,Info,Microsoft-Windows-RestartManager,Application,1068,2852,DESKTOP-5A3QN5S,11,S-1-5-21-3151804214-3226339955-2188200191-1001,,,,,,,,,,,False,C:\Users\VM\Desktop\Application.evtx,Classic,0,"{""UserData"":{""RmSessionEvent"":{""RmSessionId"":""0"",""UTCStartTime"":""2025-07-28 22:32:27.1962563""}}}"
938,938,2025-07-28 22:32:27.7694434,11707,Info,MsiInstaller,Application,0,0,DESKTOP-5A3QN5S,11,S-1-5-21-3151804214-3226339955-2188200191-1001,Installation completed successfully,,,"Product: Microsoft.NET.Sdk.Maui.Manifest-9.0.100 (x64) -- Installation completed successfully., (NULL), (NULL), (NULL), (NULL), (NULL)",,,,,,,False,C:\Users\VM\Desktop\Application.evtx,0x80000000000000,0,"{""EventData"":{""Data"":""Product: Microsoft.NET.Sdk.Maui.Manifest-9.0.100 (x64) -- Installation completed successfully., (NULL), (NULL), (NULL), (NULL), (NULL)"",""Binary"":""7B-33-32-31-34-43-41-44-45-2D-41-41-45-44-2D-34-42-39-41-2D-38-39-32-37-2D-34-39-44-38-36-36-45-32-41-37-35-38-7D""}}"
939,939,2025-07-28 22:32:27.7694434,1033,Info,MsiInstaller,Application,0,0,DESKTOP-5A3QN5S,11,S-1-5-21-3151804214-3226339955-2188200191-1001,A program was installed,,,"Name, Version, Lang, Status, Manufacturer: Microsoft.NET.Sdk.Maui.Manifest-9.0.100 (x64), 9.0.0, 1033, 0, Microsoft Corporation, (NULL)",,,,,,,False,C:\Users\VM\Desktop\Application.evtx,0x80000000000000,0,"{""EventData"":{""Data"":""Microsoft.NET.Sdk.Maui.Manifest-9.0.100 (x64), 9.0.0, 1033, 0, Microsoft Corporation, (NULL)"",""Binary"":""7B-33-32-31-34-43-41-44-45-2D-41-41-45-44-2D-34-42-39-41-2D-38-39-32-37-2D-34-39-44-38-36-36-45-32-41-37-35-38-7D-30-30-30-30-30-34-30-64-31-33-33-65-39-63-37-31-34-30-36-33-61-34-61-30-64-39-31-64-31-62-34-37-35-64-66-61-30-30-30-30-30-39-30-34""}}"
940,940,2025-07-28 22:32:27.8009799,1042,Info,MsiInstaller,Application,0,0,DESKTOP-5A3QN5S,11,S-1-5-18,Installer Exited,,,,,,,,,C:\ProgramData\Package Cache\{3214CADE-AAED-4B9A-8927-49D866E2A758}v9.0.0\70ec75731838fa0ef5635405b2b8fcbb-x64.msi,False,C:\Users\VM\Desktop\Application.evtx,0x80000000000000,0,"{""EventData"":{""Data"":""C:\\ProgramData\\Package Cache\\{3214CADE-AAED-4B9A-8927-49D866E2A758}v9.0.0\\70ec75731838fa0ef5635405b2b8fcbb-x64.msi, 7232, (NULL), (NULL), (NULL), (NULL)"",""Binary"":""""}}"
941,941,2025-07-28 22:32:27.8379450,1040,Info,MsiInstaller,Application,0,0,DESKTOP-5A3QN5S,11,S-1-5-21-3151804214-3226339955-2188200191-1001,Installer Started,,,,,,,,,C:\ProgramData\Package Cache\{CF59BE56-B314-4B17-B3C2-8B7197681D56}v18.0.9617\250dac7f9982e125eb665370a4d2d401-x64.msi,False,C:\Users\VM\Desktop\Application.evtx,0x80000000000000,0,"{""EventData"":{""Data"":""C:\\ProgramData\\Package Cache\\{CF59BE56-B314-4B17-B3C2-8B7197681D56}v18.0.9617\\250dac7f9982e125eb665370a4d2d401-x64.msi, 7232, (NULL), (NULL), (NULL), (NULL)"",""Binary"":""""}}"
942,942,2025-07-28 22:32:28.5629957,11707,Info,MsiInstaller,Application,0,0,DESKTOP-5A3QN5S,11,S-1-5-21-3151804214-3226339955-2188200191-1001,Installation completed successfully,,,"Product: Microsoft.NET.Sdk.tvOS.Manifest-9.0.100 (x64) -- Installation completed successfully., (NULL), (NULL), (NULL), (NULL), (NULL)",,,,,,,False,C:\Users\VM\Desktop\Application.evtx,0x80000000000000,0,"{""EventData"":{""Data"":""Product: Microsoft.NET.Sdk.tvOS.Manifest-9.0.100 (x64) -- Installation completed successfully., (NULL), (NULL), (NULL), (NULL), (NULL)"",""Binary"":""7B-43-46-35-39-42-45-35-36-2D-42-33-31-34-2D-34-42-31-37-2D-42-33-43-32-2D-38-42-37-31-39-37-36-38-31-44-35-36-7D""}}"
943,943,2025-07-28 22:32:28.5629957,1033,Info,MsiInstaller,Application,0,0,DESKTOP-5A3QN5S,11,S-1-5-21-3151804214-3226339955-2188200191-1001,A program was installed,,,"Name, Version, Lang, Status, Manufacturer: Microsoft.NET.Sdk.tvOS.Manifest-9.0.100 (x64), 18.0.9617, 1033, 0, Microsoft Corporation, (NULL)",,,,,,,False,C:\Users\VM\Desktop\Application.evtx,0x80000000000000,0,"{""EventData"":{""Data"":""Microsoft.NET.Sdk.tvOS.Manifest-9.0.100 (x64), 18.0.9617, 1033, 0, Microsoft Corporation, (NULL)"",""Binary"":""7B-43-46-35-39-42-45-35-36-2D-42-33-31-34-2D-34-42-31-37-2D-42-33-43-32-2D-38-42-37-31-39-37-36-38-31-44-35-36-7D-30-30-30-30-35-62-31-66-31-34-66-30-33-65-39-61-35-62-34-34-33-61-38-36-31-66-35-62-35-61-39-36-35-66-30-39-30-30-30-30-30-39-30-34""}}"
944,944,2025-07-28 22:32:28.5934396,1042,Info,MsiInstaller,Application,0,0,DESKTOP-5A3QN5S,11,S-1-5-18,Installer Exited,,,,,,,,,C:\ProgramData\Package Cache\{CF59BE56-B314-4B17-B3C2-8B7197681D56}v18.0.9617\250dac7f9982e125eb665370a4d2d401-x64.msi,False,C:\Users\VM\Desktop\Application.evtx,0x80000000000000,0,"{""EventData"":{""Data"":""C:\\ProgramData\\Package Cache\\{CF59BE56-B314-4B17-B3C2-8B7197681D56}v18.0.9617\\250dac7f9982e125eb665370a4d2d401-x64.msi, 7232, (NULL), (NULL), (NULL), (NULL)"",""Binary"":""""}}"
945,945,2025-07-28 22:32:28.6319589,1040,Info,MsiInstaller,Application,0,0,DESKTOP-5A3QN5S,11,S-1-5-21-3151804214-3226339955-2188200191-1001,Installer Started,,,,,,,,,C:\ProgramData\Package Cache\{1A8A1F37-1338-4380-AEAE-15897A4C212A}v72.0.35968\83d9afc9039339fa970dc80fe09b5c77-x64.msi,False,C:\Users\VM\Desktop\Application.evtx,0x80000000000000,0,"{""EventData"":{""Data"":""C:\\ProgramData\\Package Cache\\{1A8A1F37-1338-4380-AEAE-15897A4C212A}v72.0.35968\\83d9afc9039339fa970dc80fe09b5c77-x64.msi, 7232, (NULL), (NULL), (NULL), (NULL)"",""Binary"":""""}}"
946,946,2025-07-28 22:32:27.7949122,10001,Info,Microsoft-Windows-RestartManager,Application,1068,3324,DESKTOP-5A3QN5S,11,S-1-5-21-3151804214-3226339955-2188200191-1001,,,,,,,,,,,False,C:\Users\VM\Desktop\Application.evtx,Classic,0,"{""UserData"":{""RmSessionEvent"":{""RmSessionId"":""0"",""UTCStartTime"":""2025-07-28 22:32:27.1962563""}}}"
947,947,2025-07-28 22:32:27.9026276,10000,Info,Microsoft-Windows-RestartManager,Application,1068,2752,DESKTOP-5A3QN5S,11,S-1-5-21-3151804214-3226339955-2188200191-1001,,,,,,,,,,,False,C:\Users\VM\Desktop\Application.evtx,Classic,0,"{""UserData"":{""RmSessionEvent"":{""RmSessionId"":""0"",""UTCStartTime"":""2025-07-28 22:32:27.8993083""}}}"
948,948,2025-07-28 22:32:28.5911866,10001,Info,Microsoft-Windows-RestartManager,Application,1068,3324,DESKTOP-5A3QN5S,11,S-1-5-21-3151804214-3226339955-2188200191-1001,,,,,,,,,,,False,C:\Users\VM\Desktop\Application.evtx,Classic,0,"{""UserData"":{""RmSessionEvent"":{""RmSessionId"":""0"",""UTCStartTime"":""2025-07-28 22:32:27.8993083""}}}"
949,949,2025-07-28 22:32:28.6914520,10000,Info,Microsoft-Windows-RestartManager,Application,1068,4324,DESKTOP-5A3QN5S,11,S-1-5-21-3151804214-3226339955-2188200191-1001,,,,,,,,,,,False,C:\Users\VM\Desktop\Application.evtx,Classic,0,"{""UserData"":{""RmSessionEvent"":{""RmSessionId"":""0"",""UTCStartTime"":""2025-07-28 22:32:28.6845772""}}}"
950,950,2025-07-28 22:32:29.5858503,11707,Info,MsiInstaller,Application,0,0,DESKTOP-5A3QN5S,11,S-1-5-21-3151804214-3226339955-2188200191-1001,Installation completed successfully,,,"Product: Microsoft.NET.Workload.Mono.Toolchain.Current.Manifest (x64) -- Installation completed successfully., (NULL), (NULL), (NULL), (NULL), (NULL)",,,,,,,False,C:\Users\VM\Desktop\Application.evtx,0x80000000000000,0,"{""EventData"":{""Data"":""Product: Microsoft.NET.Workload.Mono.Toolchain.Current.Manifest (x64) -- Installation completed successfully., (NULL), (NULL), (NULL), (NULL), (NULL)"",""Binary"":""7B-31-41-38-41-31-46-33-37-2D-31-33-33-38-2D-34-33-38-30-2D-41-45-41-45-2D-31-35-38-39-37-41-34-43-32-31-32-41-7D""}}"
951,951,2025-07-28 22:32:29.5858503,1033,Info,MsiInstaller,Application,0,0,DESKTOP-5A3QN5S,11,S-1-5-21-3151804214-3226339955-2188200191-1001,A program was installed,,,"Name, Version, Lang, Status, Manufacturer: Microsoft.NET.Workload.Mono.Toolchain.Current.Manifest (x64), 72.0.35968, 1033, 0, Microsoft Corporation, (NULL)",,,,,,,False,C:\Users\VM\Desktop\Application.evtx,0x80000000000000,0,"{""EventData"":{""Data"":""Microsoft.NET.Workload.Mono.Toolchain.Current.Manifest (x64), 72.0.35968, 1033, 0, Microsoft Corporation, (NULL)"",""Binary"":""7B-31-41-38-41-31-46-33-37-2D-31-33-33-38-2D-34-33-38-30-2D-41-45-41-45-2D-31-35-38-39-37-41-34-43-32-31-32-41-7D-30-30-30-30-35-33-33-61-38-30-63-61-34-64-33-30-62-65-35-35-32-36-65-36-64-34-35-35-39-65-35-62-39-34-32-39-30-30-30-30-30-39-30-34""}}"
952,952,2025-07-28 22:32:29.6068570,1042,Info,MsiInstaller,Application,0,0,DESKTOP-5A3QN5S,11,S-1-5-18,Installer Exited,,,,,,,,,C:\ProgramData\Package Cache\{1A8A1F37-1338-4380-AEAE-15897A4C212A}v72.0.35968\83d9afc9039339fa970dc80fe09b5c77-x64.msi,False,C:\Users\VM\Desktop\Application.evtx,0x80000000000000,0,"{""EventData"":{""Data"":""C:\\ProgramData\\Package Cache\\{1A8A1F37-1338-4380-AEAE-15897A4C212A}v72.0.35968\\83d9afc9039339fa970dc80fe09b5c77-x64.msi, 7232, (NULL), (NULL), (NULL), (NULL)"",""Binary"":""""}}"
953,953,2025-07-28 22:32:29.6382085,1040,Info,MsiInstaller,Application,0,0,DESKTOP-5A3QN5S,11,S-1-5-21-3151804214-3226339955-2188200191-1001,Installer Started,,,,,,,,,C:\ProgramData\Package Cache\{55D78F9F-2D0B-445D-98CC-B2B13A8DB8E1}v72.48.35778\fbd6a980d940e8cd6447f2cc3dec92c9-x64.msi,False,C:\Users\VM\Desktop\Application.evtx,0x80000000000000,0,"{""EventData"":{""Data"":""C:\\ProgramData\\Package Cache\\{55D78F9F-2D0B-445D-98CC-B2B13A8DB8E1}v72.48.35778\\fbd6a980d940e8cd6447f2cc3dec92c9-x64.msi, 7232, (NULL), (NULL), (NULL), (NULL)"",""Binary"":""""}}"
954,954,2025-07-28 22:32:30.3771759,11707,Info,MsiInstaller,Application,0,0,DESKTOP-5A3QN5S,11,S-1-5-21-3151804214-3226339955-2188200191-1001,Installation completed successfully,,,"Product: Microsoft.NET.Workload.Emscripten.Current.Manifest (x64) -- Installation completed successfully., (NULL), (NULL), (NULL), (NULL), (NULL)",,,,,,,False,C:\Users\VM\Desktop\Application.evtx,0x80000000000000,0,"{""EventData"":{""Data"":""Product: Microsoft.NET.Workload.Emscripten.Current.Manifest (x64) -- Installation completed successfully., (NULL), (NULL), (NULL), (NULL), (NULL)"",""Binary"":""7B-35-35-44-37-38-46-39-46-2D-32-44-30-42-2D-34-34-35-44-2D-39-38-43-43-2D-42-32-42-31-33-41-38-44-42-38-45-31-7D""}}"
955,955,2025-07-28 22:32:30.3771759,1033,Info,MsiInstaller,Application,0,0,DESKTOP-5A3QN5S,11,S-1-5-21-3151804214-3226339955-2188200191-1001,A program was installed,,,"Name, Version, Lang, Status, Manufacturer: Microsoft.NET.Workload.Emscripten.Current.Manifest (x64), 72.48.35778, 1033, 0, Microsoft Corporation, (NULL)",,,,,,,False,C:\Users\VM\Desktop\Application.evtx,0x80000000000000,0,"{""EventData"":{""Data"":""Microsoft.NET.Workload.Emscripten.Current.Manifest (x64), 72.48.35778, 1033, 0, Microsoft Corporation, (NULL)"",""Binary"":""7B-35-35-44-37-38-46-39-46-2D-32-44-30-42-2D-34-34-35-44-2D-39-38-43-43-2D-42-32-42-31-33-41-38-44-42-38-45-31-7D-30-30-30-30-30-36-62-30-36-34-30-66-31-30-61-61-36-31-34-37-30-31-35-31-33-34-62-38-65-31-66-37-38-33-37-32-30-30-30-30-30-39-30-34""}}"
956,956,2025-07-28 22:32:30.3955362,1042,Info,MsiInstaller,Application,0,0,DESKTOP-5A3QN5S,11,S-1-5-18,Installer Exited,,,,,,,,,C:\ProgramData\Package Cache\{55D78F9F-2D0B-445D-98CC-B2B13A8DB8E1}v72.48.35778\fbd6a980d940e8cd6447f2cc3dec92c9-x64.msi,False,C:\Users\VM\Desktop\Application.evtx,0x80000000000000,0,"{""EventData"":{""Data"":""C:\\ProgramData\\Package Cache\\{55D78F9F-2D0B-445D-98CC-B2B13A8DB8E1}v72.48.35778\\fbd6a980d940e8cd6447f2cc3dec92c9-x64.msi, 7232, (NULL), (NULL), (NULL), (NULL)"",""Binary"":""""}}"
957,957,2025-07-28 22:32:30.4418411,1040,Info,MsiInstaller,Application,0,0,DESKTOP-5A3QN5S,11,S-1-5-21-3151804214-3226339955-2188200191-1001,Installer Started,,,,,,,,,C:\ProgramData\Package Cache\{E51C9E85-9FC8-48FE-B1B9-BC671809A2BD}v72.48.35778\1c17e0e15c1bb21b7d4d24faacaf071a-x64.msi,False,C:\Users\VM\Desktop\Application.evtx,0x80000000000000,0,"{""EventData"":{""Data"":""C:\\ProgramData\\Package Cache\\{E51C9E85-9FC8-48FE-B1B9-BC671809A2BD}v72.48.35778\\1c17e0e15c1bb21b7d4d24faacaf071a-x64.msi, 7232, (NULL), (NULL), (NULL), (NULL)"",""Binary"":""""}}"
958,958,2025-07-28 22:32:29.6020553,10001,Info,Microsoft-Windows-RestartManager,Application,1068,3324,DESKTOP-5A3QN5S,11,S-1-5-21-3151804214-3226339955-2188200191-1001,,,,,,,,,,,False,C:\Users\VM\Desktop\Application.evtx,Classic,0,"{""UserData"":{""RmSessionEvent"":{""RmSessionId"":""0"",""UTCStartTime"":""2025-07-28 22:32:28.6845772""}}}"
959,959,2025-07-28 22:32:29.7032152,10000,Info,Microsoft-Windows-RestartManager,Application,1068,988,DESKTOP-5A3QN5S,11,S-1-5-21-3151804214-3226339955-2188200191-1001,,,,,,,,,,,False,C:\Users\VM\Desktop\Application.evtx,Classic,0,"{""UserData"":{""RmSessionEvent"":{""RmSessionId"":""0"",""UTCStartTime"":""2025-07-28 22:32:29.6845661""}}}"
960,960,2025-07-28 22:32:30.3933346,10001,Info,Microsoft-Windows-RestartManager,Application,1068,2144,DESKTOP-5A3QN5S,11,S-1-5-21-3151804214-3226339955-2188200191-1001,,,,,,,,,,,False,C:\Users\VM\Desktop\Application.evtx,Classic,0,"{""UserData"":{""RmSessionEvent"":{""RmSessionId"":""0"",""UTCStartTime"":""2025-07-28 22:32:29.6845661""}}}"
961,961,2025-07-28 22:32:30.5103611,10000,Info,Microsoft-Windows-RestartManager,Application,1068,2072,DESKTOP-5A3QN5S,11,S-1-5-21-3151804214-3226339955-2188200191-1001,,,,,,,,,,,False,C:\Users\VM\Desktop\Application.evtx,Classic,0,"{""UserData"":{""RmSessionEvent"":{""RmSessionId"":""0"",""UTCStartTime"":""2025-07-28 22:32:30.4937834""}}}"
962,962,2025-07-28 22:32:31.0855259,11707,Info,MsiInstaller,Application,0,0,DESKTOP-5A3QN5S,11,S-1-5-21-3151804214-3226339955-2188200191-1001,Installation completed successfully,,,"Product: Microsoft.NET.Workload.Emscripten.net6.Manifest (x64) -- Installation completed successfully., (NULL), (NULL), (NULL), (NULL), (NULL)",,,,,,,False,C:\Users\VM\Desktop\Application.evtx,0x80000000000000,0,"{""EventData"":{""Data"":""Product: Microsoft.NET.Workload.Emscripten.net6.Manifest (x64) -- Installation completed successfully., (NULL), (NULL), (NULL), (NULL), (NULL)"",""Binary"":""7B-45-35-31-43-39-45-38-35-2D-39-46-43-38-2D-34-38-46-45-2D-42-31-42-39-2D-42-43-36-37-31-38-30-39-41-32-42-44-7D""}}"
963,963,2025-07-28 22:32:31.0855259,1033,Info,MsiInstaller,Application,0,0,DESKTOP-5A3QN5S,11,S-1-5-21-3151804214-3226339955-2188200191-1001,A program was installed,,,"Name, Version, Lang, Status, Manufacturer: Microsoft.NET.Workload.Emscripten.net6.Manifest (x64), 72.48.35778, 1033, 0, Microsoft Corporation, (NULL)",,,,,,,False,C:\Users\VM\Desktop\Application.evtx,0x80000000000000,0,"{""EventData"":{""Data"":""Microsoft.NET.Workload.Emscripten.net6.Manifest (x64), 72.48.35778, 1033, 0, Microsoft Corporation, (NULL)"",""Binary"":""7B-45-35-31-43-39-45-38-35-2D-39-46-43-38-2D-34-38-46-45-2D-42-31-42-39-2D-42-43-36-37-31-38-30-39-41-32-42-44-7D-30-30-30-30-32-36-64-35-62-62-33-31-35-64-31-37-35-62-38-63-30-62-34-38-33-62-66-35-39-62-32-38-62-66-38-64-30-30-30-30-30-39-30-34""}}"
964,964,2025-07-28 22:32:31.1183274,1042,Info,MsiInstaller,Application,0,0,DESKTOP-5A3QN5S,11,S-1-5-18,Installer Exited,,,,,,,,,C:\ProgramData\Package Cache\{E51C9E85-9FC8-48FE-B1B9-BC671809A2BD}v72.48.35778\1c17e0e15c1bb21b7d4d24faacaf071a-x64.msi,False,C:\Users\VM\Desktop\Application.evtx,0x80000000000000,0,"{""EventData"":{""Data"":""C:\\ProgramData\\Package Cache\\{E51C9E85-9FC8-48FE-B1B9-BC671809A2BD}v72.48.35778\\1c17e0e15c1bb21b7d4d24faacaf071a-x64.msi, 7232, (NULL), (NULL), (NULL), (NULL)"",""Binary"":""""}}"
965,965,2025-07-28 22:32:31.1647614,1040,Info,MsiInstaller,Application,0,0,DESKTOP-5A3QN5S,11,S-1-5-21-3151804214-3226339955-2188200191-1001,Installer Started,,,,,,,,,C:\ProgramData\Package Cache\{AFDF18C2-65C1-4FF2-A62E-869175C7A56A}v72.48.35778\1f093ca370fdf51084559ec0f62cdc71-x64.msi,False,C:\Users\VM\Desktop\Application.evtx,0x80000000000000,0,"{""EventData"":{""Data"":""C:\\ProgramData\\Package Cache\\{AFDF18C2-65C1-4FF2-A62E-869175C7A56A}v72.48.35778\\1f093ca370fdf51084559ec0f62cdc71-x64.msi, 7232, (NULL), (NULL), (NULL), (NULL)"",""Binary"":""""}}"
966,966,2025-07-28 22:32:31.8529041,11707,Info,MsiInstaller,Application,0,0,DESKTOP-5A3QN5S,11,S-1-5-21-3151804214-3226339955-2188200191-1001,Installation completed successfully,,,"Product: Microsoft.NET.Workload.Emscripten.net7.Manifest (x64) -- Installation completed successfully., (NULL), (NULL), (NULL), (NULL), (NULL)",,,,,,,False,C:\Users\VM\Desktop\Application.evtx,0x80000000000000,0,"{""EventData"":{""Data"":""Product: Microsoft.NET.Workload.Emscripten.net7.Manifest (x64) -- Installation completed successfully., (NULL), (NULL), (NULL), (NULL), (NULL)"",""Binary"":""7B-41-46-44-46-31-38-43-32-2D-36-35-43-31-2D-34-46-46-32-2D-41-36-32-45-2D-38-36-39-31-37-35-43-37-41-35-36-41-7D""}}"
967,967,2025-07-28 22:32:31.8529041,1033,Info,MsiInstaller,Application,0,0,DESKTOP-5A3QN5S,11,S-1-5-21-3151804214-3226339955-2188200191-1001,A program was installed,,,"Name, Version, Lang, Status, Manufacturer: Microsoft.NET.Workload.Emscripten.net7.Manifest (x64), 72.48.35778, 1033, 0, Microsoft Corporation, (NULL)",,,,,,,False,C:\Users\VM\Desktop\Application.evtx,0x80000000000000,0,"{""EventData"":{""Data"":""Microsoft.NET.Workload.Emscripten.net7.Manifest (x64), 72.48.35778, 1033, 0, Microsoft Corporation, (NULL)"",""Binary"":""7B-41-46-44-46-31-38-43-32-2D-36-35-43-31-2D-34-46-46-32-2D-41-36-32-45-2D-38-36-39-31-37-35-43-37-41-35-36-41-7D-30-30-30-30-63-32-33-64-64-34-61-38-32-66-34-61-34-30-61-34-30-31-63-35-36-37-31-63-32-61-31-35-65-36-35-34-30-30-30-30-30-39-30-34""}}"
968,968,2025-07-28 22:32:31.8886591,1042,Info,MsiInstaller,Application,0,0,DESKTOP-5A3QN5S,11,S-1-5-18,Installer Exited,,,,,,,,,C:\ProgramData\Package Cache\{AFDF18C2-65C1-4FF2-A62E-869175C7A56A}v72.48.35778\1f093ca370fdf51084559ec0f62cdc71-x64.msi,False,C:\Users\VM\Desktop\Application.evtx,0x80000000000000,0,"{""EventData"":{""Data"":""C:\\ProgramData\\Package Cache\\{AFDF18C2-65C1-4FF2-A62E-869175C7A56A}v72.48.35778\\1f093ca370fdf51084559ec0f62cdc71-x64.msi, 7232, (NULL), (NULL), (NULL), (NULL)"",""Binary"":""""}}"
969,969,2025-07-28 22:32:31.9189702,1040,Info,MsiInstaller,Application,0,0,DESKTOP-5A3QN5S,11,S-1-5-21-3151804214-3226339955-2188200191-1001,Installer Started,,,,,,,,,C:\ProgramData\Package Cache\{95C20316-CE5A-4298-8104-16B1A51F7E86}v72.48.35778\07c709a8f5026bb73c679f4bcc3b54cd-x64.msi,False,C:\Users\VM\Desktop\Application.evtx,0x80000000000000,0,"{""EventData"":{""Data"":""C:\\ProgramData\\Package Cache\\{95C20316-CE5A-4298-8104-16B1A51F7E86}v72.48.35778\\07c709a8f5026bb73c679f4bcc3b54cd-x64.msi, 7232, (NULL), (NULL), (NULL), (NULL)"",""Binary"":""""}}"
970,970,2025-07-28 22:32:31.1064397,10001,Info,Microsoft-Windows-RestartManager,Application,1068,596,DESKTOP-5A3QN5S,11,S-1-5-21-3151804214-3226339955-2188200191-1001,,,,,,,,,,,False,C:\Users\VM\Desktop\Application.evtx,Classic,0,"{""UserData"":{""RmSessionEvent"":{""RmSessionId"":""0"",""UTCStartTime"":""2025-07-28 22:32:30.4937834""}}}"
971,971,2025-07-28 22:32:31.2334953,10000,Info,Microsoft-Windows-RestartManager,Application,1068,1908,DESKTOP-5A3QN5S,11,S-1-5-21-3151804214-3226339955-2188200191-1001,,,,,,,,,,,False,C:\Users\VM\Desktop\Application.evtx,Classic,0,"{""UserData"":{""RmSessionEvent"":{""RmSessionId"":""0"",""UTCStartTime"":""2025-07-28 22:32:31.2319364""}}}"
972,972,2025-07-28 22:32:31.8751344,10001,Info,Microsoft-Windows-RestartManager,Application,1068,596,DESKTOP-5A3QN5S,11,S-1-5-21-3151804214-3226339955-2188200191-1001,,,,,,,,,,,False,C:\Users\VM\Desktop\Application.evtx,Classic,0,"{""UserData"":{""RmSessionEvent"":{""RmSessionId"":""0"",""UTCStartTime"":""2025-07-28 22:32:31.2319364""}}}"
973,973,2025-07-28 22:32:31.9859862,10000,Info,Microsoft-Windows-RestartManager,Application,1068,5776,DESKTOP-5A3QN5S,11,S-1-5-21-3151804214-3226339955-2188200191-1001,,,,,,,,,,,False,C:\Users\VM\Desktop\Application.evtx,Classic,0,"{""UserData"":{""RmSessionEvent"":{""RmSessionId"":""0"",""UTCStartTime"":""2025-07-28 22:32:31.9815636""}}}"
974,974,2025-07-28 22:32:32.6424850,11707,Info,MsiInstaller,Application,0,0,DESKTOP-5A3QN5S,11,S-1-5-21-3151804214-3226339955-2188200191-1001,Installation completed successfully,,,"Product: Microsoft.NET.Workload.Emscripten.net8.Manifest (x64) -- Installation completed successfully., (NULL), (NULL), (NULL), (NULL), (NULL)",,,,,,,False,C:\Users\VM\Desktop\Application.evtx,0x80000000000000,0,"{""EventData"":{""Data"":""Product: Microsoft.NET.Workload.Emscripten.net8.Manifest (x64) -- Installation completed successfully., (NULL), (NULL), (NULL), (NULL), (NULL)"",""Binary"":""7B-39-35-43-32-30-33-31-36-2D-43-45-35-41-2D-34-32-39-38-2D-38-31-30-34-2D-31-36-42-31-41-35-31-46-37-45-38-36-7D""}}"
975,975,2025-07-28 22:32:32.6424850,1033,Info,MsiInstaller,Application,0,0,DESKTOP-5A3QN5S,11,S-1-5-21-3151804214-3226339955-2188200191-1001,A program was installed,,,"Name, Version, Lang, Status, Manufacturer: Microsoft.NET.Workload.Emscripten.net8.Manifest (x64), 72.48.35778, 1033, 0, Microsoft Corporation, (NULL)",,,,,,,False,C:\Users\VM\Desktop\Application.evtx,0x80000000000000,0,"{""EventData"":{""Data"":""Microsoft.NET.Workload.Emscripten.net8.Manifest (x64), 72.48.35778, 1033, 0, Microsoft Corporation, (NULL)"",""Binary"":""7B-39-35-43-32-30-33-31-36-2D-43-45-35-41-2D-34-32-39-38-2D-38-31-30-34-2D-31-36-42-31-41-35-31-46-37-45-38-36-7D-30-30-30-30-37-64-65-31-31-37-39-33-31-37-31-39-31-66-66-61-65-32-36-34-32-61-33-63-38-37-37-63-34-35-34-34-30-30-30-30-30-39-30-34""}}"
976,976,2025-07-28 22:32:32.6798674,1042,Info,MsiInstaller,Application,0,0,DESKTOP-5A3QN5S,11,S-1-5-18,Installer Exited,,,,,,,,,C:\ProgramData\Package Cache\{95C20316-CE5A-4298-8104-16B1A51F7E86}v72.48.35778\07c709a8f5026bb73c679f4bcc3b54cd-x64.msi,False,C:\Users\VM\Desktop\Application.evtx,0x80000000000000,0,"{""EventData"":{""Data"":""C:\\ProgramData\\Package Cache\\{95C20316-CE5A-4298-8104-16B1A51F7E86}v72.48.35778\\07c709a8f5026bb73c679f4bcc3b54cd-x64.msi, 7232, (NULL), (NULL), (NULL), (NULL)"",""Binary"":""""}}"
977,977,2025-07-28 22:32:32.7091547,1040,Info,MsiInstaller,Application,0,0,DESKTOP-5A3QN5S,11,S-1-5-21-3151804214-3226339955-2188200191-1001,Installer Started,,,,,,,,,C:\ProgramData\Package Cache\{4047115E-55CF-4B95-953E-CCA2E1C78F7B}v72.0.35968\19597cbe26f2c84e58b36f72a80e042f-x64.msi,False,C:\Users\VM\Desktop\Application.evtx,0x80000000000000,0,"{""EventData"":{""Data"":""C:\\ProgramData\\Package Cache\\{4047115E-55CF-4B95-953E-CCA2E1C78F7B}v72.0.35968\\19597cbe26f2c84e58b36f72a80e042f-x64.msi, 7232, (NULL), (NULL), (NULL), (NULL)"",""Binary"":""""}}"
978,978,2025-07-28 22:32:33.5881815,11707,Info,MsiInstaller,Application,0,0,DESKTOP-5A3QN5S,11,S-1-5-21-3151804214-3226339955-2188200191-1001,Installation completed successfully,,,"Product: Microsoft.NET.Workload.Mono.Toolchain.net6.Manifest (x64) -- Installation completed successfully., (NULL), (NULL), (NULL), (NULL), (NULL)",,,,,,,False,C:\Users\VM\Desktop\Application.evtx,0x80000000000000,0,"{""EventData"":{""Data"":""Product: Microsoft.NET.Workload.Mono.Toolchain.net6.Manifest (x64) -- Installation completed successfully., (NULL), (NULL), (NULL), (NULL), (NULL)"",""Binary"":""7B-34-30-34-37-31-31-35-45-2D-35-35-43-46-2D-34-42-39-35-2D-39-35-33-45-2D-43-43-41-32-45-31-43-37-38-46-37-42-7D""}}"
979,979,2025-07-28 22:32:33.5881815,1033,Info,MsiInstaller,Application,0,0,DESKTOP-5A3QN5S,11,S-1-5-21-3151804214-3226339955-2188200191-1001,A program was installed,,,"Name, Version, Lang, Status, Manufacturer: Microsoft.NET.Workload.Mono.Toolchain.net6.Manifest (x64), 72.0.35968, 1033, 0, Microsoft Corporation, (NULL)",,,,,,,False,C:\Users\VM\Desktop\Application.evtx,0x80000000000000,0,"{""EventData"":{""Data"":""Microsoft.NET.Workload.Mono.Toolchain.net6.Manifest (x64), 72.0.35968, 1033, 0, Microsoft Corporation, (NULL)"",""Binary"":""7B-34-30-34-37-31-31-35-45-2D-35-35-43-46-2D-34-42-39-35-2D-39-35-33-45-2D-43-43-41-32-45-31-43-37-38-46-37-42-7D-30-30-30-30-31-64-33-66-32-32-62-32-32-37-33-65-34-32-62-63-35-36-31-63-65-38-35-30-37-62-33-39-35-63-36-32-30-30-30-30-30-39-30-34""}}"
980,980,2025-07-28 22:32:33.6185378,1042,Info,MsiInstaller,Application,0,0,DESKTOP-5A3QN5S,11,S-1-5-18,Installer Exited,,,,,,,,,C:\ProgramData\Package Cache\{4047115E-55CF-4B95-953E-CCA2E1C78F7B}v72.0.35968\19597cbe26f2c84e58b36f72a80e042f-x64.msi,False,C:\Users\VM\Desktop\Application.evtx,0x80000000000000,0,"{""EventData"":{""Data"":""C:\\ProgramData\\Package Cache\\{4047115E-55CF-4B95-953E-CCA2E1C78F7B}v72.0.35968\\19597cbe26f2c84e58b36f72a80e042f-x64.msi, 7232, (NULL), (NULL), (NULL), (NULL)"",""Binary"":""""}}"
981,981,2025-07-28 22:32:32.6680317,10001,Info,Microsoft-Windows-RestartManager,Application,1068,596,DESKTOP-5A3QN5S,11,S-1-5-21-3151804214-3226339955-2188200191-1001,,,,,,,,,,,False,C:\Users\VM\Desktop\Application.evtx,Classic,0,"{""UserData"":{""RmSessionEvent"":{""RmSessionId"":""0"",""UTCStartTime"":""2025-07-28 22:32:31.9815636""}}}"
982,982,2025-07-28 22:32:32.7739150,10000,Info,Microsoft-Windows-RestartManager,Application,1068,5760,DESKTOP-5A3QN5S,11,S-1-5-21-3151804214-3226339955-2188200191-1001,,,,,,,,,,,False,C:\Users\VM\Desktop\Application.evtx,Classic,0,"{""UserData"":{""RmSessionEvent"":{""RmSessionId"":""0"",""UTCStartTime"":""2025-07-28 22:32:32.7627647""}}}"
