1400,1400,2025-07-29 07:20:27.7093810,1004,Info,Microsoft-Windows-Security-SPP,Application,0,0,DESKTOP-5A3QN5S,14,,,,,,,,,,,,False,C:\Users\VM\Desktop\Application.evtx,0x80000000000000,0,"{""EventData"":{""Data"":""Windows(R) UL store License (Private), ad2fabf4-6a17-495e-a895-2a623786ba38"",""Binary"":""""}}"
1401,1401,2025-07-29 07:20:27.7183877,1004,Info,Microsoft-Windows-Security-SPP,Application,0,0,DESKTOP-5A3QN5S,14,,,,,,,,,,,,False,C:\Users\VM\Desktop\Application.evtx,0x80000000000000,0,"{""EventData"":{""Data"":""Windows(R) Enterprise Product PPD License, 16610a5d-f4d9-37fe-a935-5f2308fbfcd5"",""Binary"":""""}}"
1402,1402,2025-07-29 07:20:27.7307517,1004,Info,Microsoft-Windows-Security-SPP,Application,0,0,DESKTOP-5A3QN5S,14,,,,,,,,,,,,False,C:\Users\VM\Desktop\Application.evtx,0x80000000000000,0,"{""EventData"":{""Data"":""Windows(R) Publishing License (Public), f5aa9398-6365-4946-8fa9-ed4ee2473a37"",""Binary"":""""}}"
1403,1403,2025-07-29 07:20:27.7307517,1004,Info,Microsoft-Windows-Security-SPP,Application,0,0,DESKTOP-5A3QN5S,14,,,,,,,,,,,,False,C:\Users\VM\Desktop\Application.evtx,0x80000000000000,0,"{""EventData"":{""Data"":""Windows(R) Publishing License (Private), 01c1a7b3-682d-4c53-848d-26c66685b2f5"",""Binary"":""""}}"
1404,1404,2025-07-29 07:20:27.7418829,1004,Info,Microsoft-Windows-Security-SPP,Application,0,0,DESKTOP-5A3QN5S,14,,,,,,,,,,,,False,C:\Users\VM\Desktop\Application.evtx,0x80000000000000,0,"{""EventData"":{""Data"":""Windows(R) UL oob License (Public), 0e075d39-4178-4831-90ee-84d3f38e2d28"",""Binary"":""""}}"
1405,1405,2025-07-29 07:20:27.7418829,1004,Info,Microsoft-Windows-Security-SPP,Application,0,0,DESKTOP-5A3QN5S,14,,,,,,,,,,,,False,C:\Users\VM\Desktop\Application.evtx,0x80000000000000,0,"{""EventData"":{""Data"":""Windows(R) UL oob License (Private), ffb1cef1-1376-4aea-9f68-26e581901fb5"",""Binary"":""""}}"
1406,1406,2025-07-29 07:20:27.7529878,1004,Info,Microsoft-Windows-Security-SPP,Application,0,0,DESKTOP-5A3QN5S,14,,,,,,,,,,,,False,C:\Users\VM\Desktop\Application.evtx,0x80000000000000,0,"{""EventData"":{""Data"":""Windows(R) UL phone License (Public), fcda0f56-109b-406d-bbda-1fa8475b528c"",""Binary"":""""}}"
1407,1407,2025-07-29 07:20:27.7529878,1004,Info,Microsoft-Windows-Security-SPP,Application,0,0,DESKTOP-5A3QN5S,14,,,,,,,,,,,,False,C:\Users\VM\Desktop\Application.evtx,0x80000000000000,0,"{""EventData"":{""Data"":""Windows(R) UL phone License (Private), ead21b91-652f-4f97-8683-74008178dfc7"",""Binary"":""""}}"
1408,1408,2025-07-29 07:20:27.7633795,1004,Info,Microsoft-Windows-Security-SPP,Application,0,0,DESKTOP-5A3QN5S,14,,,,,,,,,,,,False,C:\Users\VM\Desktop\Application.evtx,0x80000000000000,0,"{""EventData"":{""Data"":""Windows(R) UL store License (Public), a249233d-4ada-466c-a2ee-dd4206680a82"",""Binary"":""""}}"
1409,1409,2025-07-29 07:20:27.7633795,1004,Info,Microsoft-Windows-Security-SPP,Application,0,0,DESKTOP-5A3QN5S,14,,,,,,,,,,,,False,C:\Users\VM\Desktop\Application.evtx,0x80000000000000,0,"{""EventData"":{""Data"":""Windows(R) UL store License (Private), 8dcbbbbb-7ad7-4343-b61d-96f60d762360"",""Binary"":""""}}"
1410,1410,2025-07-29 07:20:27.7746481,1004,Info,Microsoft-Windows-Security-SPP,Application,0,0,DESKTOP-5A3QN5S,14,,,,,,,,,,,,False,C:\Users\VM\Desktop\Application.evtx,0x80000000000000,0,"{""EventData"":{""Data"":""Windows(R) Publishing License (Public), 634d43c7-c72d-466c-9584-b12ae5313ce9"",""Binary"":""""}}"
1411,1411,2025-07-29 07:20:27.7746481,1004,Info,Microsoft-Windows-Security-SPP,Application,0,0,DESKTOP-5A3QN5S,14,,,,,,,,,,,,False,C:\Users\VM\Desktop\Application.evtx,0x80000000000000,0,"{""EventData"":{""Data"":""Windows(R) Publishing License (Private), 05c0280c-eed0-4624-b82b-7bd4e8889689"",""Binary"":""""}}"
1412,1412,2025-07-29 07:20:27.7946333,1004,Info,Microsoft-Windows-Security-SPP,Application,0,0,DESKTOP-5A3QN5S,14,,,,,,,,,,,,False,C:\Users\VM\Desktop\Application.evtx,0x80000000000000,0,"{""EventData"":{""Data"":""Windows(R) UL oob License (Public), 6caee858-67dc-4ce8-b5e7-9cc5d7390841"",""Binary"":""""}}"
1413,1413,2025-07-29 07:20:27.7946333,1004,Info,Microsoft-Windows-Security-SPP,Application,0,0,DESKTOP-5A3QN5S,14,,,,,,,,,,,,False,C:\Users\VM\Desktop\Application.evtx,0x80000000000000,0,"{""EventData"":{""Data"":""Windows(R) UL oob License (Private), 65458696-b7db-448c-8933-fe57a96ff07e"",""Binary"":""""}}"
1414,1414,2025-07-29 07:20:27.8056315,1004,Info,Microsoft-Windows-Security-SPP,Application,0,0,DESKTOP-5A3QN5S,14,,,,,,,,,,,,False,C:\Users\VM\Desktop\Application.evtx,0x80000000000000,0,"{""EventData"":{""Data"":""Windows(R) UL phone License (Public), 43ad4869-ab33-43d8-bae6-573188719e26"",""Binary"":""""}}"
1415,1415,2025-07-29 07:20:27.8056315,1004,Info,Microsoft-Windows-Security-SPP,Application,0,0,DESKTOP-5A3QN5S,14,,,,,,,,,,,,False,C:\Users\VM\Desktop\Application.evtx,0x80000000000000,0,"{""EventData"":{""Data"":""Windows(R) UL phone License (Private), 5c3552f2-cd04-4394-bac8-48d14efe5c6d"",""Binary"":""""}}"
1416,1416,2025-07-29 07:20:27.8200491,1004,Info,Microsoft-Windows-Security-SPP,Application,0,0,DESKTOP-5A3QN5S,14,,,,,,,,,,,,False,C:\Users\VM\Desktop\Application.evtx,0x80000000000000,0,"{""EventData"":{""Data"":""Windows(R) UL store License (Public), dc6f71eb-1775-4a04-9f75-4d2dc26072a5"",""Binary"":""""}}"
1417,1417,2025-07-29 07:20:27.8200491,1004,Info,Microsoft-Windows-Security-SPP,Application,0,0,DESKTOP-5A3QN5S,14,,,,,,,,,,,,False,C:\Users\VM\Desktop\Application.evtx,0x80000000000000,0,"{""EventData"":{""Data"":""Windows(R) UL store License (Private), a3b2f28a-1457-4242-98b0-2375ecde1cf7"",""Binary"":""""}}"
1418,1418,2025-07-29 07:20:27.8314266,1004,Info,Microsoft-Windows-Security-SPP,Application,0,0,DESKTOP-5A3QN5S,14,,,,,,,,,,,,False,C:\Users\VM\Desktop\Application.evtx,0x80000000000000,0,"{""EventData"":{""Data"":""Windows(R) Publishing License (Public), 318fcf0e-9620-40eb-9494-a4b22aa33fa4"",""Binary"":""""}}"
1419,1419,2025-07-29 07:20:27.8314266,1004,Info,Microsoft-Windows-Security-SPP,Application,0,0,DESKTOP-5A3QN5S,14,,,,,,,,,,,,False,C:\Users\VM\Desktop\Application.evtx,0x80000000000000,0,"{""EventData"":{""Data"":""Windows(R) Publishing License (Private), 53ab65e9-712a-487a-98f8-c8e626124367"",""Binary"":""""}}"
1420,1420,2025-07-29 07:20:27.8425626,1004,Info,Microsoft-Windows-Security-SPP,Application,0,0,DESKTOP-5A3QN5S,14,,,,,,,,,,,,False,C:\Users\VM\Desktop\Application.evtx,0x80000000000000,0,"{""EventData"":{""Data"":""Windows(R) UL oob License (Public), 03af6f7b-9ebc-4b8d-9e3c-e88ab9e994c3"",""Binary"":""""}}"
1421,1421,2025-07-29 07:20:27.8425626,1004,Info,Microsoft-Windows-Security-SPP,Application,0,0,DESKTOP-5A3QN5S,14,,,,,,,,,,,,False,C:\Users\VM\Desktop\Application.evtx,0x80000000000000,0,"{""EventData"":{""Data"":""Windows(R) UL oob License (Private), 86c14263-d668-4028-9a2a-9a5acf2c40a2"",""Binary"":""""}}"
1422,1422,2025-07-29 07:20:27.8620225,1004,Info,Microsoft-Windows-Security-SPP,Application,0,0,DESKTOP-5A3QN5S,14,,,,,,,,,,,,False,C:\Users\VM\Desktop\Application.evtx,0x80000000000000,0,"{""EventData"":{""Data"":""Windows(R) UL phone License (Public), 7675c8f3-abdc-43ce-a0dd-5a52268672dd"",""Binary"":""""}}"
1423,1423,2025-07-29 07:20:27.8620225,1004,Info,Microsoft-Windows-Security-SPP,Application,0,0,DESKTOP-5A3QN5S,14,,,,,,,,,,,,False,C:\Users\VM\Desktop\Application.evtx,0x80000000000000,0,"{""EventData"":{""Data"":""Windows(R) UL phone License (Private), e83ab9c5-b2b2-4755-9e7d-5973c8cd2d4f"",""Binary"":""""}}"
1424,1424,2025-07-29 07:20:27.8652621,1004,Info,Microsoft-Windows-Security-SPP,Application,0,0,DESKTOP-5A3QN5S,14,,,,,,,,,,,,False,C:\Users\VM\Desktop\Application.evtx,0x80000000000000,0,"{""EventData"":{""Data"":""Windows(R) UL store License (Public), c127a5a9-fee3-4a8e-81ca-179746ebf809"",""Binary"":""""}}"
1425,1425,2025-07-29 07:20:27.8652621,1004,Info,Microsoft-Windows-Security-SPP,Application,0,0,DESKTOP-5A3QN5S,14,,,,,,,,,,,,False,C:\Users\VM\Desktop\Application.evtx,0x80000000000000,0,"{""EventData"":{""Data"":""Windows(R) UL store License (Private), d343024e-b691-4b33-b5a9-de424fe03bf3"",""Binary"":""""}}"
1426,1426,2025-07-29 07:20:27.8842712,1004,Info,Microsoft-Windows-Security-SPP,Application,0,0,DESKTOP-5A3QN5S,14,,,,,,,,,,,,False,C:\Users\VM\Desktop\Application.evtx,0x80000000000000,0,"{""EventData"":{""Data"":""Windows(R) Publishing License (Public), 02df3a9d-c85f-45e0-92ea-1f6a653a672e"",""Binary"":""""}}"
1427,1427,2025-07-29 07:20:27.8842712,1004,Info,Microsoft-Windows-Security-SPP,Application,0,0,DESKTOP-5A3QN5S,14,,,,,,,,,,,,False,C:\Users\VM\Desktop\Application.evtx,0x80000000000000,0,"{""EventData"":{""Data"":""Windows(R) Publishing License (Private), b07586a1-0f53-4e3e-9368-28908d674219"",""Binary"":""""}}"
1428,1428,2025-07-29 07:20:27.8876481,1004,Info,Microsoft-Windows-Security-SPP,Application,0,0,DESKTOP-5A3QN5S,14,,,,,,,,,,,,False,C:\Users\VM\Desktop\Application.evtx,0x80000000000000,0,"{""EventData"":{""Data"":""Windows(R) UL oob License (Public), 0e6bf17e-63b5-486c-8e48-1840b767665d"",""Binary"":""""}}"
1429,1429,2025-07-29 07:20:27.8876481,1004,Info,Microsoft-Windows-Security-SPP,Application,0,0,DESKTOP-5A3QN5S,14,,,,,,,,,,,,False,C:\Users\VM\Desktop\Application.evtx,0x80000000000000,0,"{""EventData"":{""Data"":""Windows(R) UL oob License (Private), 87ae6351-8872-4002-a0a3-1b5fc0a1d20d"",""Binary"":""""}}"
1430,1430,2025-07-29 07:20:27.9103108,1004,Info,Microsoft-Windows-Security-SPP,Application,0,0,DESKTOP-5A3QN5S,14,,,,,,,,,,,,False,C:\Users\VM\Desktop\Application.evtx,0x80000000000000,0,"{""EventData"":{""Data"":""Windows(R) UL phone License (Public), 9b14d989-1ddb-4705-8392-fdc5ef1412d6"",""Binary"":""""}}"
1431,1431,2025-07-29 07:20:27.9103108,1004,Info,Microsoft-Windows-Security-SPP,Application,0,0,DESKTOP-5A3QN5S,14,,,,,,,,,,,,False,C:\Users\VM\Desktop\Application.evtx,0x80000000000000,0,"{""EventData"":{""Data"":""Windows(R) UL phone License (Private), 86e775de-e750-409f-b0bc-43b843a177d1"",""Binary"":""""}}"
1432,1432,2025-07-29 07:20:27.9215274,1004,Info,Microsoft-Windows-Security-SPP,Application,0,0,DESKTOP-5A3QN5S,14,,,,,,,,,,,,False,C:\Users\VM\Desktop\Application.evtx,0x80000000000000,0,"{""EventData"":{""Data"":""Windows(R) UL store License (Public), 263737b9-a26b-4949-863b-82ae0d37f657"",""Binary"":""""}}"
1433,1433,2025-07-29 07:20:27.9215274,1004,Info,Microsoft-Windows-Security-SPP,Application,0,0,DESKTOP-5A3QN5S,14,,,,,,,,,,,,False,C:\Users\VM\Desktop\Application.evtx,0x80000000000000,0,"{""EventData"":{""Data"":""Windows(R) UL store License (Private), 4126241e-62a7-4c95-b3c3-30060458bc1b"",""Binary"":""""}}"
1434,1434,2025-07-29 07:20:27.9327343,1004,Info,Microsoft-Windows-Security-SPP,Application,0,0,DESKTOP-5A3QN5S,14,,,,,,,,,,,,False,C:\Users\VM\Desktop\Application.evtx,0x80000000000000,0,"{""EventData"":{""Data"":""Windows(R) Publishing License (Public), a2fcfca0-1b35-4f91-920f-b18673a15a76"",""Binary"":""""}}"
1435,1435,2025-07-29 07:20:27.9327343,1004,Info,Microsoft-Windows-Security-SPP,Application,0,0,DESKTOP-5A3QN5S,14,,,,,,,,,,,,False,C:\Users\VM\Desktop\Application.evtx,0x80000000000000,0,"{""EventData"":{""Data"":""Windows(R) Publishing License (Private), a66d49a0-c73b-4c8b-9a30-ad6f32dc1771"",""Binary"":""""}}"
1436,1436,2025-07-29 07:20:27.9443869,1004,Info,Microsoft-Windows-Security-SPP,Application,0,0,DESKTOP-5A3QN5S,14,,,,,,,,,,,,False,C:\Users\VM\Desktop\Application.evtx,0x80000000000000,0,"{""EventData"":{""Data"":""Windows(R) UL oob License (Public), 60f27935-e44c-4096-938b-8d31e477e0f1"",""Binary"":""""}}"
1437,1437,2025-07-29 07:20:27.9443869,1004,Info,Microsoft-Windows-Security-SPP,Application,0,0,DESKTOP-5A3QN5S,14,,,,,,,,,,,,False,C:\Users\VM\Desktop\Application.evtx,0x80000000000000,0,"{""EventData"":{""Data"":""Windows(R) UL oob License (Private), 1ed2ac96-fb75-4b04-bd05-daedfa0a48f3"",""Binary"":""""}}"
1438,1438,2025-07-29 07:20:27.9659705,1004,Info,Microsoft-Windows-Security-SPP,Application,0,0,DESKTOP-5A3QN5S,14,,,,,,,,,,,,False,C:\Users\VM\Desktop\Application.evtx,0x80000000000000,0,"{""EventData"":{""Data"":""Windows(R) UL phone License (Public), 4269ab53-4c83-46db-bdc0-9660d009230f"",""Binary"":""""}}"
1439,1439,2025-07-29 07:20:27.9665770,1004,Info,Microsoft-Windows-Security-SPP,Application,0,0,DESKTOP-5A3QN5S,14,,,,,,,,,,,,False,C:\Users\VM\Desktop\Application.evtx,0x80000000000000,0,"{""EventData"":{""Data"":""Windows(R) UL phone License (Private), 979d8610-76f5-4c29-b6f6-fcddfc15474f"",""Binary"":""""}}"
1440,1440,2025-07-29 07:20:27.9779487,1004,Info,Microsoft-Windows-Security-SPP,Application,0,0,DESKTOP-5A3QN5S,14,,,,,,,,,,,,False,C:\Users\VM\Desktop\Application.evtx,0x80000000000000,0,"{""EventData"":{""Data"":""Windows(R) UL store License (Public), 1ef55301-35bf-4611-9281-e694a7151700"",""Binary"":""""}}"
1441,1441,2025-07-29 07:20:27.9779487,1004,Info,Microsoft-Windows-Security-SPP,Application,0,0,DESKTOP-5A3QN5S,14,,,,,,,,,,,,False,C:\Users\VM\Desktop\Application.evtx,0x80000000000000,0,"{""EventData"":{""Data"":""Windows(R) UL store License (Private), c201cd0c-9192-47cc-a1af-3331d3eefc75"",""Binary"":""""}}"
1442,1442,2025-07-29 07:20:27.9895820,1004,Info,Microsoft-Windows-Security-SPP,Application,0,0,DESKTOP-5A3QN5S,14,,,,,,,,,,,,False,C:\Users\VM\Desktop\Application.evtx,0x80000000000000,0,"{""EventData"":{""Data"":""Windows(R) Publishing License (Public), 6db29153-2554-473d-b692-c2459379aaa3"",""Binary"":""""}}"
1443,1443,2025-07-29 07:20:27.9895820,1004,Info,Microsoft-Windows-Security-SPP,Application,0,0,DESKTOP-5A3QN5S,14,,,,,,,,,,,,False,C:\Users\VM\Desktop\Application.evtx,0x80000000000000,0,"{""EventData"":{""Data"":""Windows(R) Publishing License (Private), 0855c3eb-d1d0-485b-a219-402755f3f08d"",""Binary"":""""}}"
1444,1444,2025-07-29 07:20:28.0003544,1004,Info,Microsoft-Windows-Security-SPP,Application,0,0,DESKTOP-5A3QN5S,14,,,,,,,,,,,,False,C:\Users\VM\Desktop\Application.evtx,0x80000000000000,0,"{""EventData"":{""Data"":""Windows(R) UL oob License (Public), 2c88a07a-8159-41d0-88ab-d7a1d76f25f0"",""Binary"":""""}}"
1445,1445,2025-07-29 07:20:28.0003544,1004,Info,Microsoft-Windows-Security-SPP,Application,0,0,DESKTOP-5A3QN5S,14,,,,,,,,,,,,False,C:\Users\VM\Desktop\Application.evtx,0x80000000000000,0,"{""EventData"":{""Data"":""Windows(R) UL oob License (Private), 071b2bd9-515c-478d-83de-9eed831036b8"",""Binary"":""""}}"
1446,1446,2025-07-29 07:20:28.0233053,1004,Info,Microsoft-Windows-Security-SPP,Application,0,0,DESKTOP-5A3QN5S,14,,,,,,,,,,,,False,C:\Users\VM\Desktop\Application.evtx,0x80000000000000,0,"{""EventData"":{""Data"":""Windows(R) UL phone License (Public), 7c922e81-b5ae-45de-baf5-6a06f3a12250"",""Binary"":""""}}"
1447,1447,2025-07-29 07:20:28.0233053,1004,Info,Microsoft-Windows-Security-SPP,Application,0,0,DESKTOP-5A3QN5S,14,,,,,,,,,,,,False,C:\Users\VM\Desktop\Application.evtx,0x80000000000000,0,"{""EventData"":{""Data"":""Windows(R) UL phone License (Private), 014537af-6844-4aa4-9d8c-f59061854a12"",""Binary"":""""}}"
1448,1448,2025-07-29 07:20:28.0233053,1004,Info,Microsoft-Windows-Security-SPP,Application,0,0,DESKTOP-5A3QN5S,14,,,,,,,,,,,,False,C:\Users\VM\Desktop\Application.evtx,0x80000000000000,0,"{""EventData"":{""Data"":""Windows(R) UL store License (Public), fd80fa12-c88f-4c3a-9df8-45b607c42b66"",""Binary"":""""}}"
1449,1449,2025-07-29 07:20:28.0233053,1004,Info,Microsoft-Windows-Security-SPP,Application,0,0,DESKTOP-5A3QN5S,14,,,,,,,,,,,,False,C:\Users\VM\Desktop\Application.evtx,0x80000000000000,0,"{""EventData"":{""Data"":""Windows(R) UL store License (Private), 258739aa-ae91-40bd-b87f-628b1718f53c"",""Binary"":""""}}"
1450,1450,2025-07-29 07:20:28.0458533,1004,Info,Microsoft-Windows-Security-SPP,Application,0,0,DESKTOP-5A3QN5S,14,,,,,,,,,,,,False,C:\Users\VM\Desktop\Application.evtx,0x80000000000000,0,"{""EventData"":{""Data"":""Windows(R) UL oob License (Public), 9cb6dc36-81f7-4475-9cfb-1a5200e03fce"",""Binary"":""""}}"
1451,1451,2025-07-29 07:20:28.0458533,1004,Info,Microsoft-Windows-Security-SPP,Application,0,0,DESKTOP-5A3QN5S,14,,,,,,,,,,,,False,C:\Users\VM\Desktop\Application.evtx,0x80000000000000,0,"{""EventData"":{""Data"":""Windows(R) UL oob License (Private), 170f2f29-2221-4e2b-b12d-f01f577339ed"",""Binary"":""""}}"
1452,1452,2025-07-29 07:20:28.0458533,1004,Info,Microsoft-Windows-Security-SPP,Application,0,0,DESKTOP-5A3QN5S,14,,,,,,,,,,,,False,C:\Users\VM\Desktop\Application.evtx,0x80000000000000,0,"{""EventData"":{""Data"":""Windows(R) UL volume License (Public), e314a41e-16bc-40f0-848f-3860ffe8fec7"",""Binary"":""""}}"
1453,1453,2025-07-29 07:20:28.0458533,1004,Info,Microsoft-Windows-Security-SPP,Application,0,0,DESKTOP-5A3QN5S,14,,,,,,,,,,,,False,C:\Users\VM\Desktop\Application.evtx,0x80000000000000,0,"{""EventData"":{""Data"":""Windows(R) UL volume License (Private), 61756ae3-3a3f-4908-8ab9-ac75fc4dceba"",""Binary"":""""}}"
1454,1454,2025-07-29 07:20:28.0683073,1004,Info,Microsoft-Windows-Security-SPP,Application,0,0,DESKTOP-5A3QN5S,14,,,,,,,,,,,,False,C:\Users\VM\Desktop\Application.evtx,0x80000000000000,0,"{""EventData"":{""Data"":""Windows(R) Publishing License (Public), effa6ba7-5682-4e42-8094-7560e5852cf9"",""Binary"":""""}}"
1455,1455,2025-07-29 07:20:28.0683073,1004,Info,Microsoft-Windows-Security-SPP,Application,0,0,DESKTOP-5A3QN5S,14,,,,,,,,,,,,False,C:\Users\VM\Desktop\Application.evtx,0x80000000000000,0,"{""EventData"":{""Data"":""Windows(R) Publishing License (Private), 2d01f344-0315-45c3-97bf-4bac1d11b332"",""Binary"":""""}}"
1456,1456,2025-07-29 07:20:28.0683073,1004,Info,Microsoft-Windows-Security-SPP,Application,0,0,DESKTOP-5A3QN5S,14,,,,,,,,,,,,False,C:\Users\VM\Desktop\Application.evtx,0x80000000000000,0,"{""EventData"":{""Data"":""Windows(R) UL oob License (Public), 8d30d236-65e5-4f65-a22f-1e5953288939"",""Binary"":""""}}"
1457,1457,2025-07-29 07:20:28.0683073,1004,Info,Microsoft-Windows-Security-SPP,Application,0,0,DESKTOP-5A3QN5S,14,,,,,,,,,,,,False,C:\Users\VM\Desktop\Application.evtx,0x80000000000000,0,"{""EventData"":{""Data"":""Windows(R) UL oob License (Private), 130036a0-d857-4b18-ab08-9aadca507e22"",""Binary"":""""}}"
1458,1458,2025-07-29 07:20:28.0923293,1004,Info,Microsoft-Windows-Security-SPP,Application,0,0,DESKTOP-5A3QN5S,14,,,,,,,,,,,,False,C:\Users\VM\Desktop\Application.evtx,0x80000000000000,0,"{""EventData"":{""Data"":""Windows(R) UL phone License (Public), 07e86668-49d6-4d1e-ae4c-b4cd40d8c566"",""Binary"":""""}}"
1459,1459,2025-07-29 07:20:28.0923293,1004,Info,Microsoft-Windows-Security-SPP,Application,0,0,DESKTOP-5A3QN5S,14,,,,,,,,,,,,False,C:\Users\VM\Desktop\Application.evtx,0x80000000000000,352,"{""EventData"":{""Data"":""Windows(R) UL phone License (Private), c0276b07-1fa5-45e6-92f2-63a47919f2c1"",""Binary"":""""}}"
1460,1460,2025-07-29 07:20:28.0923293,1004,Info,Microsoft-Windows-Security-SPP,Application,0,0,DESKTOP-5A3QN5S,14,,,,,,,,,,,,False,C:\Users\VM\Desktop\Application.evtx,0x80000000000000,0,"{""EventData"":{""Data"":""Windows(R) UL store License (Public), 96ef293b-8b71-4ad8-bdf5-aa21295f5ff0"",""Binary"":""""}}"
1461,1461,2025-07-29 07:20:28.0923293,1004,Info,Microsoft-Windows-Security-SPP,Application,0,0,DESKTOP-5A3QN5S,14,,,,,,,,,,,,False,C:\Users\VM\Desktop\Application.evtx,0x80000000000000,352,"{""EventData"":{""Data"":""Windows(R) UL store License (Private), 122fd3d1-ef34-434b-94fb-74126a07016e"",""Binary"":""""}}"
1462,1462,2025-07-29 07:20:28.1139559,1004,Info,Microsoft-Windows-Security-SPP,Application,0,0,DESKTOP-5A3QN5S,14,,,,,,,,,,,,False,C:\Users\VM\Desktop\Application.evtx,0x80000000000000,0,"{""EventData"":{""Data"":""DefaultPpd-IoTEnterprise Component PPD License, f9366c35-43d5-c5ff-dbc6-549f4601ced2"",""Binary"":""""}}"
1463,1463,2025-07-29 07:20:28.1282912,1004,Info,Microsoft-Windows-Security-SPP,Application,0,0,DESKTOP-5A3QN5S,14,,,,,,,,,,,,False,C:\Users\VM\Desktop\Application.evtx,0x80000000000000,0,"{""EventData"":{""Data"":""Windows(R) Publishing License (Public), 951725e7-275a-40b9-b120-be96ed4e5a0d"",""Binary"":""""}}"
1464,1464,2025-07-29 07:20:28.1282912,1004,Info,Microsoft-Windows-Security-SPP,Application,0,0,DESKTOP-5A3QN5S,14,,,,,,,,,,,,False,C:\Users\VM\Desktop\Application.evtx,0x80000000000000,0,"{""EventData"":{""Data"":""Windows(R) Publishing License (Private), 81e3d034-650a-4772-8916-bab9ae1855e2"",""Binary"":""""}}"
1465,1465,2025-07-29 07:20:28.1356378,1004,Info,Microsoft-Windows-Security-SPP,Application,0,0,DESKTOP-5A3QN5S,14,,,,,,,,,,,,False,C:\Users\VM\Desktop\Application.evtx,0x80000000000000,0,"{""EventData"":{""Data"":""Windows(R) UL oob License (Public), 677522c6-1d79-4b93-8edb-41b25dc9dba8"",""Binary"":""""}}"
1466,1466,2025-07-29 07:20:28.1356378,1004,Info,Microsoft-Windows-Security-SPP,Application,0,0,DESKTOP-5A3QN5S,14,,,,,,,,,,,,False,C:\Users\VM\Desktop\Application.evtx,0x80000000000000,0,"{""EventData"":{""Data"":""Windows(R) UL oob License (Private), 03f1c780-7dd1-4a2d-89ed-7dd939a4f789"",""Binary"":""""}}"
1467,1467,2025-07-29 07:20:28.1503677,1004,Info,Microsoft-Windows-Security-SPP,Application,0,0,DESKTOP-5A3QN5S,14,,,,,,,,,,,,False,C:\Users\VM\Desktop\Application.evtx,0x80000000000000,0,"{""EventData"":{""Data"":""Windows(R) UL phone License (Public), 003ca047-8d67-4cdc-b823-337d633330e6"",""Binary"":""""}}"
1468,1468,2025-07-29 07:20:28.1503677,1004,Info,Microsoft-Windows-Security-SPP,Application,0,0,DESKTOP-5A3QN5S,14,,,,,,,,,,,,False,C:\Users\VM\Desktop\Application.evtx,0x80000000000000,0,"{""EventData"":{""Data"":""Windows(R) UL phone License (Private), b34fa6c2-b69d-4732-ad7e-17328eae2799"",""Binary"":""""}}"
1469,1469,2025-07-29 07:20:28.1581628,1004,Info,Microsoft-Windows-Security-SPP,Application,0,0,DESKTOP-5A3QN5S,14,,,,,,,,,,,,False,C:\Users\VM\Desktop\Application.evtx,0x80000000000000,0,"{""EventData"":{""Data"":""Windows(R) UL store License (Public), 396447d4-ea42-45b3-9273-8e723bdc099f"",""Binary"":""""}}"
1470,1470,2025-07-29 07:20:28.1581628,1004,Info,Microsoft-Windows-Security-SPP,Application,0,0,DESKTOP-5A3QN5S,14,,,,,,,,,,,,False,C:\Users\VM\Desktop\Application.evtx,0x80000000000000,0,"{""EventData"":{""Data"":""Windows(R) UL store License (Private), 4524f567-ed19-41e5-8f99-50386350ee1b"",""Binary"":""""}}"
1471,1471,2025-07-29 07:20:28.1755031,1004,Info,Microsoft-Windows-Security-SPP,Application,0,0,DESKTOP-5A3QN5S,14,,,,,,,,,,,,False,C:\Users\VM\Desktop\Application.evtx,0x80000000000000,0,"{""EventData"":{""Data"":""Windows(R) Publishing License (Public), e2b5d861-9619-4586-bbae-63182a792635"",""Binary"":""""}}"
1472,1472,2025-07-29 07:20:28.1755031,1004,Info,Microsoft-Windows-Security-SPP,Application,0,0,DESKTOP-5A3QN5S,14,,,,,,,,,,,,False,C:\Users\VM\Desktop\Application.evtx,0x80000000000000,0,"{""EventData"":{""Data"":""Windows(R) Publishing License (Private), a3d26bc1-7a0b-4144-a6ba-c644d9707bbe"",""Binary"":""""}}"
1473,1473,2025-07-29 07:20:28.1806460,1004,Info,Microsoft-Windows-Security-SPP,Application,0,0,DESKTOP-5A3QN5S,14,,,,,,,,,,,,False,C:\Users\VM\Desktop\Application.evtx,0x80000000000000,0,"{""EventData"":{""Data"":""Windows(R) UL oob License (Public), 81c71a1a-f518-42c0-8339-5a41ca795af5"",""Binary"":""""}}"
1474,1474,2025-07-29 07:20:28.1806460,1004,Info,Microsoft-Windows-Security-SPP,Application,0,0,DESKTOP-5A3QN5S,14,,,,,,,,,,,,False,C:\Users\VM\Desktop\Application.evtx,0x80000000000000,0,"{""EventData"":{""Data"":""Windows(R) UL oob License (Private), ad884e7a-39fa-429f-a4b3-5510c5aa7b60"",""Binary"":""""}}"
1475,1475,2025-07-29 07:20:28.1955117,1004,Info,Microsoft-Windows-Security-SPP,Application,0,0,DESKTOP-5A3QN5S,14,,,,,,,,,,,,False,C:\Users\VM\Desktop\Application.evtx,0x80000000000000,0,"{""EventData"":{""Data"":""Windows(R) UL phone License (Public), 2ddaa34f-11c7-4611-9ac4-ae8a429f0f15"",""Binary"":""""}}"
1476,1476,2025-07-29 07:20:28.1955117,1004,Info,Microsoft-Windows-Security-SPP,Application,0,0,DESKTOP-5A3QN5S,14,,,,,,,,,,,,False,C:\Users\VM\Desktop\Application.evtx,0x80000000000000,0,"{""EventData"":{""Data"":""Windows(R) UL phone License (Private), 09f1778a-08fc-490a-b436-5718d6e55c47"",""Binary"":""""}}"
1477,1477,2025-07-29 07:20:28.2045667,1004,Info,Microsoft-Windows-Security-SPP,Application,0,0,DESKTOP-5A3QN5S,14,,,,,,,,,,,,False,C:\Users\VM\Desktop\Application.evtx,0x80000000000000,0,"{""EventData"":{""Data"":""Windows(R) UL store License (Public), e5618fc6-97a0-4cdd-a469-2d5d81096855"",""Binary"":""""}}"
1478,1478,2025-07-29 07:20:28.2045667,1004,Info,Microsoft-Windows-Security-SPP,Application,0,0,DESKTOP-5A3QN5S,14,,,,,,,,,,,,False,C:\Users\VM\Desktop\Application.evtx,0x80000000000000,0,"{""EventData"":{""Data"":""Windows(R) UL store License (Private), d41ba3a2-23e3-43ca-9400-5f7d5b47ede0"",""Binary"":""""}}"
1479,1479,2025-07-29 07:20:28.2258356,1004,Info,Microsoft-Windows-Security-SPP,Application,0,0,DESKTOP-5A3QN5S,14,,,,,,,,,,,,False,C:\Users\VM\Desktop\Application.evtx,0x80000000000000,0,"{""EventData"":{""Data"":""Windows(R) IoTEnterprise Product PPD License, 051f5c26-ebff-4231-1e7d-0c61f1fba334"",""Binary"":""""}}"
1480,1480,2025-07-29 07:20:28.2485824,1004,Info,Microsoft-Windows-Security-SPP,Application,0,0,DESKTOP-5A3QN5S,14,,,,,,,,,,,,False,C:\Users\VM\Desktop\Application.evtx,0x80000000000000,0,"{""EventData"":{""Data"":""DefaultPpd-Professional Component PPD License, 45860a13-33c6-fe65-5493-dcbd75679908"",""Binary"":""""}}"
1481,1481,2025-07-29 07:20:28.2605496,1004,Info,Microsoft-Windows-Security-SPP,Application,0,0,DESKTOP-5A3QN5S,14,,,,,,,,,,,,False,C:\Users\VM\Desktop\Application.evtx,0x80000000000000,0,"{""EventData"":{""Data"":""Windows(R) Publishing License (Public), 07060dd9-3b38-417b-bb5d-c017edb500b4"",""Binary"":""""}}"
1482,1482,2025-07-29 07:20:28.2605496,1004,Info,Microsoft-Windows-Security-SPP,Application,0,0,DESKTOP-5A3QN5S,14,,,,,,,,,,,,False,C:\Users\VM\Desktop\Application.evtx,0x80000000000000,0,"{""EventData"":{""Data"":""Windows(R) Publishing License (Private), 21c2c23e-cfc8-4f5b-99fc-ab5b6921c84e"",""Binary"":""""}}"
1483,1483,2025-07-29 07:20:28.2711999,1004,Info,Microsoft-Windows-Security-SPP,Application,0,0,DESKTOP-5A3QN5S,14,,,,,,,,,,,,False,C:\Users\VM\Desktop\Application.evtx,0x80000000000000,0,"{""EventData"":{""Data"":""Windows(R) UL oob License (Public), ce8eaf00-2892-4d51-866a-ca5f15bd8422"",""Binary"":""""}}"
1484,1484,2025-07-29 07:20:28.2711999,1004,Info,Microsoft-Windows-Security-SPP,Application,0,0,DESKTOP-5A3QN5S,14,,,,,,,,,,,,False,C:\Users\VM\Desktop\Application.evtx,0x80000000000000,0,"{""EventData"":{""Data"":""Windows(R) UL oob License (Private), d6660a99-b223-4ec0-9447-109c67689cd1"",""Binary"":""""}}"
1485,1485,2025-07-29 07:20:28.2954814,1004,Info,Microsoft-Windows-Security-SPP,Application,0,0,DESKTOP-5A3QN5S,14,,,,,,,,,,,,False,C:\Users\VM\Desktop\Application.evtx,0x80000000000000,0,"{""EventData"":{""Data"":""Windows(R) UL phone License (Public), e3d9a69f-425e-4683-88cc-51d2718e8d9d"",""Binary"":""""}}"
1486,1486,2025-07-29 07:20:28.2954814,1004,Info,Microsoft-Windows-Security-SPP,Application,0,0,DESKTOP-5A3QN5S,14,,,,,,,,,,,,False,C:\Users\VM\Desktop\Application.evtx,0x80000000000000,0,"{""EventData"":{""Data"":""Windows(R) UL phone License (Private), 3e8fc224-9597-4f7c-967e-b07bf52932ee"",""Binary"":""""}}"
1487,1487,2025-07-29 07:20:28.2954814,1004,Info,Microsoft-Windows-Security-SPP,Application,0,0,DESKTOP-5A3QN5S,14,,,,,,,,,,,,False,C:\Users\VM\Desktop\Application.evtx,0x80000000000000,0,"{""EventData"":{""Data"":""Windows(R) UL store License (Public), d0e00def-b546-412e-8d64-1d17d6294b1e"",""Binary"":""""}}"
1488,1488,2025-07-29 07:20:28.2954814,1004,Info,Microsoft-Windows-Security-SPP,Application,0,0,DESKTOP-5A3QN5S,14,,,,,,,,,,,,False,C:\Users\VM\Desktop\Application.evtx,0x80000000000000,0,"{""EventData"":{""Data"":""Windows(R) UL store License (Private), cb9791b3-4d16-47df-9dcb-179a0e6dde7f"",""Binary"":""""}}"
1489,1489,2025-07-29 07:20:28.3167812,1004,Info,Microsoft-Windows-Security-SPP,Application,0,0,DESKTOP-5A3QN5S,14,,,,,,,,,,,,False,C:\Users\VM\Desktop\Application.evtx,0x80000000000000,0,"{""EventData"":{""Data"":""Windows(R) Publishing License (Public), fbb56d9e-a276-40bd-890f-8734f16fbd02"",""Binary"":""""}}"
1490,1490,2025-07-29 07:20:28.3167812,1004,Info,Microsoft-Windows-Security-SPP,Application,0,0,DESKTOP-5A3QN5S,14,,,,,,,,,,,,False,C:\Users\VM\Desktop\Application.evtx,0x80000000000000,0,"{""EventData"":{""Data"":""Windows(R) Publishing License (Private), 3875dec9-ddbf-45f6-842b-c79243275c76"",""Binary"":""""}}"
1491,1491,2025-07-29 07:20:28.3286296,1004,Info,Microsoft-Windows-Security-SPP,Application,0,0,DESKTOP-5A3QN5S,14,,,,,,,,,,,,False,C:\Users\VM\Desktop\Application.evtx,0x80000000000000,0,"{""EventData"":{""Data"":""Windows(R) UL oob License (Public), 805c2233-8ef2-41c6-bb9d-ee8906227d73"",""Binary"":""""}}"
1492,1492,2025-07-29 07:20:28.3286296,1004,Info,Microsoft-Windows-Security-SPP,Application,0,0,DESKTOP-5A3QN5S,14,,,,,,,,,,,,False,C:\Users\VM\Desktop\Application.evtx,0x80000000000000,0,"{""EventData"":{""Data"":""Windows(R) UL oob License (Private), bdd4ad56-b973-42bb-9dbc-769736d1c314"",""Binary"":""""}}"
1493,1493,2025-07-29 07:20:28.3386303,1004,Info,Microsoft-Windows-Security-SPP,Application,0,0,DESKTOP-5A3QN5S,14,,,,,,,,,,,,False,C:\Users\VM\Desktop\Application.evtx,0x80000000000000,0,"{""EventData"":{""Data"":""Windows(R) UL phone License (Public), 2d40d048-784a-4e40-a1e3-1bf108dddc1d"",""Binary"":""""}}"
1494,1494,2025-07-29 07:20:28.3386303,1004,Info,Microsoft-Windows-Security-SPP,Application,0,0,DESKTOP-5A3QN5S,14,,,,,,,,,,,,False,C:\Users\VM\Desktop\Application.evtx,0x80000000000000,0,"{""EventData"":{""Data"":""Windows(R) UL phone License (Private), 64b7995e-9552-4773-acfc-49fa4e5fe95b"",""Binary"":""""}}"
1495,1495,2025-07-29 07:20:28.3618241,1004,Info,Microsoft-Windows-Security-SPP,Application,0,0,DESKTOP-5A3QN5S,14,,,,,,,,,,,,False,C:\Users\VM\Desktop\Application.evtx,0x80000000000000,0,"{""EventData"":{""Data"":""Windows(R) UL store License (Public), f609240f-7be5-44c8-a848-ae57c3771692"",""Binary"":""""}}"
1496,1496,2025-07-29 07:20:28.3618241,1004,Info,Microsoft-Windows-Security-SPP,Application,0,0,DESKTOP-5A3QN5S,14,,,,,,,,,,,,False,C:\Users\VM\Desktop\Application.evtx,0x80000000000000,0,"{""EventData"":{""Data"":""Windows(R) UL store License (Private), 14afe585-703b-48ca-83d9-2fd29c023139"",""Binary"":""""}}"
1497,1497,2025-07-29 07:20:28.3618241,1004,Info,Microsoft-Windows-Security-SPP,Application,0,0,DESKTOP-5A3QN5S,14,,,,,,,,,,,,False,C:\Users\VM\Desktop\Application.evtx,0x80000000000000,0,"{""EventData"":{""Data"":""Windows(R) Publishing License (Public), 220a9bd9-6c00-435c-9f94-16d6b8ececa2"",""Binary"":""""}}"
1498,1498,2025-07-29 07:20:28.3618241,1004,Info,Microsoft-Windows-Security-SPP,Application,0,0,DESKTOP-5A3QN5S,14,,,,,,,,,,,,False,C:\Users\VM\Desktop\Application.evtx,0x80000000000000,0,"{""EventData"":{""Data"":""Windows(R) Publishing License (Private), ae04f831-4ecf-4c2a-b6b7-29f7b6b0f2fa"",""Binary"":""""}}"
1499,1499,2025-07-29 07:20:28.3843028,1004,Info,Microsoft-Windows-Security-SPP,Application,0,0,DESKTOP-5A3QN5S,14,,,,,,,,,,,,False,C:\Users\VM\Desktop\Application.evtx,0x80000000000000,0,"{""EventData"":{""Data"":""Windows(R) UL oob License (Public), 1978ed99-edaf-4dd4-b9c6-0990d3f10f6e"",""Binary"":""""}}"
1500,1500,2025-07-29 07:20:28.3843028,1004,Info,Microsoft-Windows-Security-SPP,Application,0,0,DESKTOP-5A3QN5S,14,,,,,,,,,,,,False,C:\Users\VM\Desktop\Application.evtx,0x80000000000000,0,"{""EventData"":{""Data"":""Windows(R) UL oob License (Private), fb2f3595-17be-41fb-80ab-118e832d6f1e"",""Binary"":""""}}"
1501,1501,2025-07-29 07:20:28.4027420,1004,Info,Microsoft-Windows-Security-SPP,Application,0,0,DESKTOP-5A3QN5S,14,,,,,,,,,,,,False,C:\Users\VM\Desktop\Application.evtx,0x80000000000000,0,"{""EventData"":{""Data"":""Windows(R) UL phone License (Public), 5c5a62bb-88fe-48b9-8df4-283e565ecb6b"",""Binary"":""""}}"
1502,1502,2025-07-29 07:20:28.4027420,1004,Info,Microsoft-Windows-Security-SPP,Application,0,0,DESKTOP-5A3QN5S,14,,,,,,,,,,,,False,C:\Users\VM\Desktop\Application.evtx,0x80000000000000,0,"{""EventData"":{""Data"":""Windows(R) UL phone License (Private), f37d3140-9ada-4e86-99b3-5cc5025959dd"",""Binary"":""""}}"
1503,1503,2025-07-29 07:20:28.4067842,1004,Info,Microsoft-Windows-Security-SPP,Application,0,0,DESKTOP-5A3QN5S,14,,,,,,,,,,,,False,C:\Users\VM\Desktop\Application.evtx,0x80000000000000,0,"{""EventData"":{""Data"":""Windows(R) UL store License (Public), 031a3b74-3850-4ed5-9f07-ac509c398f88"",""Binary"":""""}}"
1504,1504,2025-07-29 07:20:28.4067842,1004,Info,Microsoft-Windows-Security-SPP,Application,0,0,DESKTOP-5A3QN5S,14,,,,,,,,,,,,False,C:\Users\VM\Desktop\Application.evtx,0x80000000000000,0,"{""EventData"":{""Data"":""Windows(R) UL store License (Private), 1cf7b3fb-1078-4c62-943a-7bf9bcf23dbd"",""Binary"":""""}}"
1505,1505,2025-07-29 07:20:28.4199079,1004,Info,Microsoft-Windows-Security-SPP,Application,0,0,DESKTOP-5A3QN5S,14,,,,,,,,,,,,False,C:\Users\VM\Desktop\Application.evtx,0x80000000000000,0,"{""EventData"":{""Data"":""Windows(R) Publishing License (Public), a13a5a30-03f3-4347-a4a0-df71132a1ec7"",""Binary"":""""}}"
1506,1506,2025-07-29 07:20:28.4199079,1004,Info,Microsoft-Windows-Security-SPP,Application,0,0,DESKTOP-5A3QN5S,14,,,,,,,,,,,,False,C:\Users\VM\Desktop\Application.evtx,0x80000000000000,0,"{""EventData"":{""Data"":""Windows(R) Publishing License (Private), d85ee4dd-0167-4530-bba7-082fcb3b0fdd"",""Binary"":""""}}"
1507,1507,2025-07-29 07:20:28.4401456,1004,Info,Microsoft-Windows-Security-SPP,Application,0,0,DESKTOP-5A3QN5S,14,,,,,,,,,,,,False,C:\Users\VM\Desktop\Application.evtx,0x80000000000000,0,"{""EventData"":{""Data"":""Windows(R) UL oob License (Public), cbbee25c-6e3b-4e6a-b7ef-0c9c6e034c22"",""Binary"":""""}}"
1508,1508,2025-07-29 07:20:28.4401456,1004,Info,Microsoft-Windows-Security-SPP,Application,0,0,DESKTOP-5A3QN5S,14,,,,,,,,,,,,False,C:\Users\VM\Desktop\Application.evtx,0x80000000000000,0,"{""EventData"":{""Data"":""Windows(R) UL oob License (Private), 84bed126-65dc-4bb7-b41e-f7c3f14157d1"",""Binary"":""""}}"
1509,1509,2025-07-29 07:20:28.4536873,1004,Info,Microsoft-Windows-Security-SPP,Application,0,0,DESKTOP-5A3QN5S,14,,,,,,,,,,,,False,C:\Users\VM\Desktop\Application.evtx,0x80000000000000,0,"{""EventData"":{""Data"":""Windows(R) UL phone License (Public), 10d9b6b9-bfe8-4e6c-bd27-9318ae268936"",""Binary"":""""}}"
1510,1510,2025-07-29 07:20:28.4536873,1004,Info,Microsoft-Windows-Security-SPP,Application,0,0,DESKTOP-5A3QN5S,14,,,,,,,,,,,,False,C:\Users\VM\Desktop\Application.evtx,0x80000000000000,0,"{""EventData"":{""Data"":""Windows(R) UL phone License (Private), 446deb90-0a55-46ac-bb61-d01f19155515"",""Binary"":""""}}"
1511,1511,2025-07-29 07:20:28.4654505,1004,Info,Microsoft-Windows-Security-SPP,Application,0,0,DESKTOP-5A3QN5S,14,,,,,,,,,,,,False,C:\Users\VM\Desktop\Application.evtx,0x80000000000000,0,"{""EventData"":{""Data"":""Windows(R) UL store License (Public), 42abe14a-4db3-4b67-b43a-5e31362a9364"",""Binary"":""""}}"
1512,1512,2025-07-29 07:20:28.4654505,1004,Info,Microsoft-Windows-Security-SPP,Application,0,0,DESKTOP-5A3QN5S,14,,,,,,,,,,,,False,C:\Users\VM\Desktop\Application.evtx,0x80000000000000,0,"{""EventData"":{""Data"":""Windows(R) UL store License (Private), 54d3ed57-fed4-4e43-87e6-f0e21cc83707"",""Binary"":""""}}"
1513,1513,2025-07-29 07:20:28.4853266,1004,Info,Microsoft-Windows-Security-SPP,Application,0,0,DESKTOP-5A3QN5S,14,,,,,,,,,,,,False,C:\Users\VM\Desktop\Application.evtx,0x80000000000000,0,"{""EventData"":{""Data"":""Windows(R) Publishing License (Public), fce7b2c4-2c0e-4dfd-889e-be869f733283"",""Binary"":""""}}"
1514,1514,2025-07-29 07:20:28.4853266,1004,Info,Microsoft-Windows-Security-SPP,Application,0,0,DESKTOP-5A3QN5S,14,,,,,,,,,,,,False,C:\Users\VM\Desktop\Application.evtx,0x80000000000000,0,"{""EventData"":{""Data"":""Windows(R) Publishing License (Private), fffacda6-7e48-45da-8ac6-7732f471be06"",""Binary"":""""}}"
1515,1515,2025-07-29 07:20:28.5058265,1004,Info,Microsoft-Windows-Security-SPP,Application,0,0,DESKTOP-5A3QN5S,14,,,,,,,,,,,,False,C:\Users\VM\Desktop\Application.evtx,0x80000000000000,0,"{""EventData"":{""Data"":""Windows(R) UL oob License (Public), 26f46aeb-98be-4222-9853-14979a1697bb"",""Binary"":""""}}"
1516,1516,2025-07-29 07:20:28.5058265,1004,Info,Microsoft-Windows-Security-SPP,Application,0,0,DESKTOP-5A3QN5S,14,,,,,,,,,,,,False,C:\Users\VM\Desktop\Application.evtx,0x80000000000000,0,"{""EventData"":{""Data"":""Windows(R) UL oob License (Private), cf4ce753-f189-4d94-b3de-5544ea86e672"",""Binary"":""""}}"
1517,1517,2025-07-29 07:20:28.5223265,1004,Info,Microsoft-Windows-Security-SPP,Application,0,0,DESKTOP-5A3QN5S,14,,,,,,,,,,,,False,C:\Users\VM\Desktop\Application.evtx,0x80000000000000,0,"{""EventData"":{""Data"":""Windows(R) UL phone License (Public), f1abeed2-b133-4f33-9667-000c8a873aa2"",""Binary"":""""}}"
1518,1518,2025-07-29 07:20:28.5223265,1004,Info,Microsoft-Windows-Security-SPP,Application,0,0,DESKTOP-5A3QN5S,14,,,,,,,,,,,,False,C:\Users\VM\Desktop\Application.evtx,0x80000000000000,0,"{""EventData"":{""Data"":""Windows(R) UL phone License (Private), d0fec519-43f7-4e89-95b5-b86450a36aa9"",""Binary"":""""}}"
1519,1519,2025-07-29 07:20:28.5317711,1004,Info,Microsoft-Windows-Security-SPP,Application,0,0,DESKTOP-5A3QN5S,14,,,,,,,,,,,,False,C:\Users\VM\Desktop\Application.evtx,0x80000000000000,0,"{""EventData"":{""Data"":""Windows(R) UL store License (Public), 41a5b059-ee4d-4b31-8cd7-4430321d6020"",""Binary"":""""}}"
1520,1520,2025-07-29 07:20:28.5317711,1004,Info,Microsoft-Windows-Security-SPP,Application,0,0,DESKTOP-5A3QN5S,14,,,,,,,,,,,,False,C:\Users\VM\Desktop\Application.evtx,0x80000000000000,0,"{""EventData"":{""Data"":""Windows(R) UL store License (Private), a1ab18b7-3fd0-4054-9106-ccf5783202f1"",""Binary"":""""}}"
1521,1521,2025-07-29 07:20:28.5532701,1004,Info,Microsoft-Windows-Security-SPP,Application,0,0,DESKTOP-5A3QN5S,14,,,,,,,,,,,,False,C:\Users\VM\Desktop\Application.evtx,0x80000000000000,0,"{""EventData"":{""Data"":""Windows(R) Publishing License (Public), 5d74cc3c-10e6-4510-bdaa-fd0ccf3325b5"",""Binary"":""""}}"
1522,1522,2025-07-29 07:20:28.5532701,1004,Info,Microsoft-Windows-Security-SPP,Application,0,0,DESKTOP-5A3QN5S,14,,,,,,,,,,,,False,C:\Users\VM\Desktop\Application.evtx,0x80000000000000,0,"{""EventData"":{""Data"":""Windows(R) Publishing License (Private), 1303a5d3-df22-44fc-bae3-e67cec71d07f"",""Binary"":""""}}"
1523,1523,2025-07-29 07:20:28.5532701,1004,Info,Microsoft-Windows-Security-SPP,Application,0,0,DESKTOP-5A3QN5S,14,,,,,,,,,,,,False,C:\Users\VM\Desktop\Application.evtx,0x80000000000000,0,"{""EventData"":{""Data"":""Windows(R) UL oob License (Public), 604d278f-9da8-41ca-85cb-ecbd93aa5ee1"",""Binary"":""""}}"
1524,1524,2025-07-29 07:20:28.5532701,1004,Info,Microsoft-Windows-Security-SPP,Application,0,0,DESKTOP-5A3QN5S,14,,,,,,,,,,,,False,C:\Users\VM\Desktop\Application.evtx,0x80000000000000,0,"{""EventData"":{""Data"":""Windows(R) UL oob License (Private), 697461d1-f2bd-4c9d-bf96-6e5a5d9c42be"",""Binary"":""""}}"
1525,1525,2025-07-29 07:20:28.5755039,1004,Info,Microsoft-Windows-Security-SPP,Application,0,0,DESKTOP-5A3QN5S,14,,,,,,,,,,,,False,C:\Users\VM\Desktop\Application.evtx,0x80000000000000,0,"{""EventData"":{""Data"":""Windows(R) UL phone License (Public), 7f3f7186-dce7-4bda-9650-77345d3b681f"",""Binary"":""""}}"
1526,1526,2025-07-29 07:20:28.5755039,1004,Info,Microsoft-Windows-Security-SPP,Application,0,0,DESKTOP-5A3QN5S,14,,,,,,,,,,,,False,C:\Users\VM\Desktop\Application.evtx,0x80000000000000,0,"{""EventData"":{""Data"":""Windows(R) UL phone License (Private), 9092af17-017b-4b8c-b5fe-74120cdf804a"",""Binary"":""""}}"
1527,1527,2025-07-29 07:20:28.5966982,1004,Info,Microsoft-Windows-Security-SPP,Application,0,0,DESKTOP-5A3QN5S,14,,,,,,,,,,,,False,C:\Users\VM\Desktop\Application.evtx,0x80000000000000,0,"{""EventData"":{""Data"":""Windows(R) UL store License (Public), 532f1687-0aec-4884-a053-62ae8b89b5fe"",""Binary"":""""}}"
1528,1528,2025-07-29 07:20:28.5987085,1004,Info,Microsoft-Windows-Security-SPP,Application,0,0,DESKTOP-5A3QN5S,14,,,,,,,,,,,,False,C:\Users\VM\Desktop\Application.evtx,0x80000000000000,0,"{""EventData"":{""Data"":""Windows(R) UL store License (Private), 56e51666-28dc-46ae-b9d2-eae1602122fb"",""Binary"":""""}}"
1529,1529,2025-07-29 07:20:28.6092547,1004,Info,Microsoft-Windows-Security-SPP,Application,0,0,DESKTOP-5A3QN5S,14,,,,,,,,,,,,False,C:\Users\VM\Desktop\Application.evtx,0x80000000000000,0,"{""EventData"":{""Data"":""Windows(R) Publishing License (Public), e976d772-d9ba-40fd-a108-df313d017fcc"",""Binary"":""""}}"
1530,1530,2025-07-29 07:20:28.6092547,1004,Info,Microsoft-Windows-Security-SPP,Application,0,0,DESKTOP-5A3QN5S,14,,,,,,,,,,,,False,C:\Users\VM\Desktop\Application.evtx,0x80000000000000,0,"{""EventData"":{""Data"":""Windows(R) Publishing License (Private), bc46b9cd-0160-4aca-87e1-a497cebe9ea6"",""Binary"":""""}}"
1531,1531,2025-07-29 07:20:28.6218445,1004,Info,Microsoft-Windows-Security-SPP,Application,0,0,DESKTOP-5A3QN5S,14,,,,,,,,,,,,False,C:\Users\VM\Desktop\Application.evtx,0x80000000000000,0,"{""EventData"":{""Data"":""Windows(R) UL oob License (Public), c9552ec5-1a29-4f65-98df-bd7b4160631f"",""Binary"":""""}}"
1532,1532,2025-07-29 07:20:28.6306089,1004,Info,Microsoft-Windows-Security-SPP,Application,0,0,DESKTOP-5A3QN5S,14,,,,,,,,,,,,False,C:\Users\VM\Desktop\Application.evtx,0x80000000000000,0,"{""EventData"":{""Data"":""Windows(R) UL oob License (Private), e53f89b6-7329-49ae-b69c-f96c8d40e269"",""Binary"":""""}}"
1533,1533,2025-07-29 07:20:28.6443569,1004,Info,Microsoft-Windows-Security-SPP,Application,0,0,DESKTOP-5A3QN5S,14,,,,,,,,,,,,False,C:\Users\VM\Desktop\Application.evtx,0x80000000000000,0,"{""EventData"":{""Data"":""Windows(R) UL phone License (Public), 2cfbc876-6882-444e-abfb-393cd37a0d79"",""Binary"":""""}}"
1534,1534,2025-07-29 07:20:28.6443569,1004,Info,Microsoft-Windows-Security-SPP,Application,0,0,DESKTOP-5A3QN5S,14,,,,,,,,,,,,False,C:\Users\VM\Desktop\Application.evtx,0x80000000000000,0,"{""EventData"":{""Data"":""Windows(R) UL phone License (Private), dc6b576a-4354-4443-9857-bfe75e3aef76"",""Binary"":""""}}"
1535,1535,2025-07-29 07:20:28.6552202,1004,Info,Microsoft-Windows-Security-SPP,Application,0,0,DESKTOP-5A3QN5S,14,,,,,,,,,,,,False,C:\Users\VM\Desktop\Application.evtx,0x80000000000000,0,"{""EventData"":{""Data"":""Windows(R) UL store License (Public), 72d512df-3464-4fab-9e8e-81a129030651"",""Binary"":""""}}"
1536,1536,2025-07-29 07:20:28.6552202,1004,Info,Microsoft-Windows-Security-SPP,Application,0,0,DESKTOP-5A3QN5S,14,,,,,,,,,,,,False,C:\Users\VM\Desktop\Application.evtx,0x80000000000000,0,"{""EventData"":{""Data"":""Windows(R) UL store License (Private), 40491aba-232c-4390-a1f4-a38019d61f77"",""Binary"":""""}}"
1537,1537,2025-07-29 07:20:28.6660523,1004,Info,Microsoft-Windows-Security-SPP,Application,0,0,DESKTOP-5A3QN5S,14,,,,,,,,,,,,False,C:\Users\VM\Desktop\Application.evtx,0x80000000000000,0,"{""EventData"":{""Data"":""Windows(R) Professional Product PPD License, 1c213638-585f-d000-58d4-b060de01653f"",""Binary"":""""}}"
1538,1538,2025-07-29 07:20:28.6888660,1004,Info,Microsoft-Windows-Security-SPP,Application,0,0,DESKTOP-5A3QN5S,14,,,,,,,,,,,,False,C:\Users\VM\Desktop\Application.evtx,0x80000000000000,0,"{""EventData"":{""Data"":""Windows(R) Publishing License (Public), 34fed1e6-9c65-41c5-99a9-6caadfa49bf1"",""Binary"":""""}}"
1539,1539,2025-07-29 07:20:28.6888660,1004,Info,Microsoft-Windows-Security-SPP,Application,0,0,DESKTOP-5A3QN5S,14,,,,,,,,,,,,False,C:\Users\VM\Desktop\Application.evtx,0x80000000000000,0,"{""EventData"":{""Data"":""Windows(R) Publishing License (Private), 9410d29f-00e6-4c86-9ddb-a76dd27d74e9"",""Binary"":""""}}"
1540,1540,2025-07-29 07:20:28.7012449,1004,Info,Microsoft-Windows-Security-SPP,Application,0,0,DESKTOP-5A3QN5S,14,,,,,,,,,,,,False,C:\Users\VM\Desktop\Application.evtx,0x80000000000000,0,"{""EventData"":{""Data"":""Windows(R) UL oob License (Public), 421cdbab-47ee-47cc-b056-10ce1c84a4ec"",""Binary"":""""}}"
1541,1541,2025-07-29 07:20:28.7012449,1004,Info,Microsoft-Windows-Security-SPP,Application,0,0,DESKTOP-5A3QN5S,14,,,,,,,,,,,,False,C:\Users\VM\Desktop\Application.evtx,0x80000000000000,0,"{""EventData"":{""Data"":""Windows(R) UL oob License (Private), e934a11e-a80f-451d-95e6-ad0ec5c5891d"",""Binary"":""""}}"
1542,1542,2025-07-29 07:20:28.7220991,1004,Info,Microsoft-Windows-Security-SPP,Application,0,0,DESKTOP-5A3QN5S,14,,,,,,,,,,,,False,C:\Users\VM\Desktop\Application.evtx,0x80000000000000,0,"{""EventData"":{""Data"":""Windows(R) UL phone License (Public), bb5a9893-a166-48e1-80cd-da65a1dffde3"",""Binary"":""""}}"
1543,1543,2025-07-29 07:20:28.7220991,1004,Info,Microsoft-Windows-Security-SPP,Application,0,0,DESKTOP-5A3QN5S,14,,,,,,,,,,,,False,C:\Users\VM\Desktop\Application.evtx,0x80000000000000,0,"{""EventData"":{""Data"":""Windows(R) UL phone License (Private), dde5e37e-9841-4fc4-9a4c-37d70ad786ae"",""Binary"":""""}}"
1544,1544,2025-07-29 07:20:28.7332153,1004,Info,Microsoft-Windows-Security-SPP,Application,0,0,DESKTOP-5A3QN5S,14,,,,,,,,,,,,False,C:\Users\VM\Desktop\Application.evtx,0x80000000000000,0,"{""EventData"":{""Data"":""Windows(R) UL store License (Public), 1e4e6a8a-0963-4bda-9c93-b111fddde40b"",""Binary"":""""}}"
1545,1545,2025-07-29 07:20:28.7332153,1004,Info,Microsoft-Windows-Security-SPP,Application,0,0,DESKTOP-5A3QN5S,14,,,,,,,,,,,,False,C:\Users\VM\Desktop\Application.evtx,0x80000000000000,0,"{""EventData"":{""Data"":""Windows(R) UL store License (Private), 919691ba-2a2e-4c86-8944-1eeadcc4f954"",""Binary"":""""}}"
1546,1546,2025-07-29 07:20:28.7446397,1004,Info,Microsoft-Windows-Security-SPP,Application,0,0,DESKTOP-5A3QN5S,14,,,,,,,,,,,,False,C:\Users\VM\Desktop\Application.evtx,0x80000000000000,0,"{""EventData"":{""Data"":""Windows(R) Publishing License (Public), eb828ce3-5021-4088-9877-8bcb807f6323"",""Binary"":""""}}"
1547,1547,2025-07-29 07:20:28.7446397,1004,Info,Microsoft-Windows-Security-SPP,Application,0,0,DESKTOP-5A3QN5S,14,,,,,,,,,,,,False,C:\Users\VM\Desktop\Application.evtx,0x80000000000000,0,"{""EventData"":{""Data"":""Windows(R) Publishing License (Private), 4cb1f7d1-e32e-4f45-8ccb-01c172c1522d"",""Binary"":""""}}"
1548,1548,2025-07-29 07:20:28.7673826,1004,Info,Microsoft-Windows-Security-SPP,Application,0,0,DESKTOP-5A3QN5S,14,,,,,,,,,,,,False,C:\Users\VM\Desktop\Application.evtx,0x80000000000000,0,"{""EventData"":{""Data"":""Windows(R) UL oob License (Public), 4d3280e7-bc7d-48c6-8a57-d5f5bbc25ccd"",""Binary"":""""}}"
1549,1549,2025-07-29 07:20:28.7673826,1004,Info,Microsoft-Windows-Security-SPP,Application,0,0,DESKTOP-5A3QN5S,14,,,,,,,,,,,,False,C:\Users\VM\Desktop\Application.evtx,0x80000000000000,0,"{""EventData"":{""Data"":""Windows(R) UL oob License (Private), 3c6e9b40-7785-4b8d-a1ad-c94aa79f5fa1"",""Binary"":""""}}"
1550,1550,2025-07-29 07:20:28.7904102,1004,Info,Microsoft-Windows-Security-SPP,Application,0,0,DESKTOP-5A3QN5S,14,,,,,,,,,,,,False,C:\Users\VM\Desktop\Application.evtx,0x80000000000000,0,"{""EventData"":{""Data"":""Windows(R) UL phone License (Public), 7701f005-8da2-4699-b916-f5e2caf79ab3"",""Binary"":""""}}"
1551,1551,2025-07-29 07:20:28.7904102,1004,Info,Microsoft-Windows-Security-SPP,Application,0,0,DESKTOP-5A3QN5S,14,,,,,,,,,,,,False,C:\Users\VM\Desktop\Application.evtx,0x80000000000000,0,"{""EventData"":{""Data"":""Windows(R) UL phone License (Private), ae567df8-fbb1-402f-ace5-16fe118680e0"",""Binary"":""""}}"
1552,1552,2025-07-29 07:20:28.8131041,1004,Info,Microsoft-Windows-Security-SPP,Application,0,0,DESKTOP-5A3QN5S,14,,,,,,,,,,,,False,C:\Users\VM\Desktop\Application.evtx,0x80000000000000,0,"{""EventData"":{""Data"":""Windows(R) UL store License (Public), 90efd139-6f1b-4df2-9e7a-50532d2a461b"",""Binary"":""""}}"
1553,1553,2025-07-29 07:20:28.8131041,1004,Info,Microsoft-Windows-Security-SPP,Application,0,0,DESKTOP-5A3QN5S,14,,,,,,,,,,,,False,C:\Users\VM\Desktop\Application.evtx,0x80000000000000,0,"{""EventData"":{""Data"":""Windows(R) UL store License (Private), 6c37ac48-f475-4703-9972-6643a7644172"",""Binary"":""""}}"
1554,1554,2025-07-29 07:20:28.8247815,1004,Info,Microsoft-Windows-Security-SPP,Application,0,0,DESKTOP-5A3QN5S,15,,,,,,,,,,,,False,C:\Users\VM\Desktop\Application.evtx,0x80000000000000,0,"{""EventData"":{""Data"":""Windows(R) Publishing License (Public), 1bac491e-edfc-4841-b1aa-964abb35c0b6"",""Binary"":""""}}"
1555,1555,2025-07-29 07:20:28.8247815,1004,Info,Microsoft-Windows-Security-SPP,Application,0,0,DESKTOP-5A3QN5S,15,,,,,,,,,,,,False,C:\Users\VM\Desktop\Application.evtx,0x80000000000000,0,"{""EventData"":{""Data"":""Windows(R) Publishing License (Private), 246ca21d-6ed8-41f1-8168-e719eced12be"",""Binary"":""""}}"
1556,1556,2025-07-29 07:20:28.8464163,1004,Info,Microsoft-Windows-Security-SPP,Application,0,0,DESKTOP-5A3QN5S,15,,,,,,,,,,,,False,C:\Users\VM\Desktop\Application.evtx,0x80000000000000,0,"{""EventData"":{""Data"":""Windows(R) UL oob License (Public), 74495fdd-42d3-4322-b132-3a19368caeef"",""Binary"":""""}}"
1557,1557,2025-07-29 07:20:28.8464163,1004,Info,Microsoft-Windows-Security-SPP,Application,0,0,DESKTOP-5A3QN5S,15,,,,,,,,,,,,False,C:\Users\VM\Desktop\Application.evtx,0x80000000000000,0,"{""EventData"":{""Data"":""Windows(R) UL oob License (Private), 76233368-913d-4e6b-a344-2042f92d7edf"",""Binary"":""""}}"
1558,1558,2025-07-29 07:20:28.8688871,1004,Info,Microsoft-Windows-Security-SPP,Application,0,0,DESKTOP-5A3QN5S,15,,,,,,,,,,,,False,C:\Users\VM\Desktop\Application.evtx,0x80000000000000,0,"{""EventData"":{""Data"":""Windows(R) UL phone License (Public), 1f4fb200-8726-4393-bb39-0027c0df4ebc"",""Binary"":""""}}"
