681,681,2025-07-28 21:10:29.9852487,6000,Info,Microsoft-Windows-Winlogon,Application,0,0,DESKTOP-5A3QN5S,5,,,,,,,,,,,,False,C:\Users\VM\Desktop\Application.evtx,0x80000000000000,0,"{""EventData"":{""Data"":""WSearch"",""Binary"":""D9-06-00-00""}}"
682,682,2025-07-28 21:10:30.1889069,6000,Info,Microsoft-Windows-Winlogon,Application,0,0,DESKTOP-5A3QN5S,5,,,,,,,,,,,,False,C:\Users\VM\Desktop\Application.evtx,0x80000000000000,0,"{""EventData"":{""Data"":""SessionEnv"",""Binary"":""D9-06-00-00""}}"
683,683,2025-07-28 21:10:31.0674282,1532,Info,Microsoft-Windows-User Profiles Service,Application,444,1624,DESKTOP-5A3QN5S,5,S-1-5-18,,,,,,,,,,,False,C:\Users\VM\Desktop\Application.evtx,Classic,0,"{""EventData"":""""}"
684,684,2025-07-29 06:29:35.5321103,4625,Info,Microsoft-Windows-EventSystem,Application,0,0,DESKTOP-5A3QN5S,5,,,,,,,,,,,,False,C:\Users\VM\Desktop\Application.evtx,0x80000000000000,0,"{""EventData"":{""Data"":[{""@Name"":""param1"",""#text"":""86400""},{""@Name"":""param2"",""#text"":""SuppressDuplicateDuration""},{""@Name"":""param3"",""#text"":""Software\\Microsoft\\EventSystem\\EventLog""}]}}"
685,685,2025-07-29 06:29:35.3072323,1531,Info,Microsoft-Windows-User Profiles Service,Application,520,1176,DESKTOP-5A3QN5S,5,S-1-5-18,,,,,,,,,,,False,C:\Users\VM\Desktop\Application.evtx,Classic,0,"{""EventData"":""""}"
686,686,2025-07-29 06:29:36.7742732,5615,Info,Microsoft-Windows-WMI,Application,520,2204,DESKTOP-5A3QN5S,5,S-1-5-18,,,,,,,,,,,False,C:\Users\VM\Desktop\Application.evtx,Classic,0,"{""EventData"":""""}"
687,687,2025-07-29 06:29:37.9889405,900,Info,Microsoft-Windows-Security-SPP,Application,0,0,DESKTOP-5A3QN5S,5,,,,,,,,,,,,False,C:\Users\VM\Desktop\Application.evtx,0x80000000000000,0,"{""EventData"":{""Data"":""TriggerStarted:6"",""Binary"":""""}}"
688,688,2025-07-29 06:29:38.1544073,16394,Info,Microsoft-Windows-Security-SPP,Application,0,0,DESKTOP-5A3QN5S,5,,,,,,,,,,,,False,C:\Users\VM\Desktop\Application.evtx,0x80000000000000,0,"{""EventData"":{""Data"":"""",""Binary"":""""}}"
689,689,2025-07-29 06:29:38.2992232,1066,Info,Microsoft-Windows-Security-SPP,Application,0,0,DESKTOP-5A3QN5S,5,,,,,,,,,,,,False,C:\Users\VM\Desktop\Application.evtx,0x80000000000000,0,"{""EventData"":{""Data"":""C:\\Windows\\system32\\sppwinob.dll, msft:spp/windowsfunctionality/agent/7.0, 0x00000000, 0x00000000\nC:\\Windows\\system32\\sppobjs.dll, msft:rm/algorithm/inherited/1.0, 0x00000000, 0x00000000\nC:\\Windows\\system32\\sppobjs.dll, msft:rm/algorithm/phone/1.0, 0x00000000, 0x00000000\nC:\\Windows\\system32\\sppobjs.dll, msft:rm/algorithm/pkey/detect, 0x00000000, 0x00000000\nC:\\Windows\\system32\\sppobjs.dll, msft:spp/ActionScheduler/1.0, 0x00000000, 0x00000000\nC:\\Windows\\system32\\sppobjs.dll, msft:spp/TaskScheduler/1.0, 0x00000000, 0x00000000\nC:\\Windows\\system32\\sppobjs.dll, msft:spp/statecollector/pkey, 0x00000000, 0x00000000\nC:\\Windows\\system32\\sppobjs.dll, msft:spp/volume/services/kms/1.0, 0x00000000, 0x00000000\nC:\\Windows\\system32\\sppobjs.dll, msft:spp/volume/services/kms/activationinfo/1.0, 0x00000000, 0x00000000\n"",""Binary"":""""}}"
690,690,2025-07-29 06:29:38.5572469,1003,Info,Microsoft-Windows-Security-SPP,Application,0,0,DESKTOP-5A3QN5S,5,,,,,,,,,,,,False,C:\Users\VM\Desktop\Application.evtx,0x80000000000000,0,"{""EventData"":{""Data"":""55c92734-d682-4d71-983e-d6ec3f16059f, \n1: 040fa323-92b1-4baf-97a2-5b67feaefddb, 1, 0 [(0 [0xC004F014, 0, 0], [(?)(?)(?)(?)(?)(?)(?)(?)])(1 )(2 )(3 )]\n2: 0724cb7d-3437-4cb7-93cb-830375d0079d, 1, 0 [(0 [0xC004F014, 0, 0], [(?)(?)(?)(?)(?)(?)(?)(?)])(1 )(2 )(3 )]\n3: 0ad2ac98-7bb9-4201-8d92-312299201369, 1, 0 [(0 [0xC004F014, 0, 0], [(?)(?)(?)(?)(?)(?)(?)(?)])(1 )(2 )(3 )]\n4: 1a9a717a-cf13-4ba5-83c3-0fe25fa868d5, 1, 0 [(0 [0xC004F014, 0, 0], [(?)(?)(?)(?)(?)(?)(?)(?)])(1 )(2 )(3 )]\n5: 221a02da-e2a1-4b75-864c-0a4410a33fdf, 1, 0 [(0 [0xC004F014, 0, 0], [(?)(?)(?)(?)(?)(?)(?)(?)])(1 )(2 )(3 )]\n6: 291ece0e-9c38-40ca-a9e1-32cc7ec19507, 1, 0 [(0 [0xC004F014, 0, 0], [(?)(?)(?)(?)(?)(?)(?)(?)])(1 )(2 )(3 )]\n7: 2936d1d2-913a-4542-b54e-ce5a602a2a38, 1, 0 [(0 [0xC004F014, 0, 0], [(?)(?)(?)(?)(?)(?)(?)(?)])(1 )(2 )(3 )]\n8: 2c293c26-a45a-4a2a-a350-c69a67097529, 1, 0 [(0 [0xC004F014, 0, 0], [(?)(?)(?)(?)(?)(?)(?)(?)])(1 )(2 )(3 )]\n9: 2de67392-b7a7-462a-b1ca-108dd189f588, 1, 0 [(0 [0xC004F014, 0, 0], [(?)(?)(?)(?)(?)(?)(?)(?)])(1 )(2 )(3 )]\n10: 2ffd8952-423e-4903-b993-72a1aa44cf82, 1, 0 [(0 [0xC004F014, 0, 0], [(?)(?)(?)(?)(?)(?)(?)(?)])(1 )(2 )(3 )]\n11: 30a42c86-b7a0-4a34-8c90-ff177cb2acb7, 1, 0 [(0 [0xC004F014, 0, 0], [(?)(?)(?)(?)(?)(?)(?)(?)])(1 )(2 )(3 )]\n12: 345a5db0-d94f-4e3b-a0c0-7c42f7bc3ebf, 1, 0 [(0 [0xC004F014, 0, 0], [(?)(?)(?)(?)(?)(?)(?)(?)])(1 )(2 )(3 )]\n13: 3502365a-f88a-4ba4-822a-5769d3073b65, 1, 0 [(0 [0xC004F014, 0, 0], [(?)(?)(?)(?)(?)(?)(?)(?)])(1 )(2 )(3 )]\n14: 377333b1-8b5d-48d6-9679-1225c872d37c, 1, 0 [(0 [0xC004F014, 0, 0], [(?)(?)(?)(?)(?)(?)(?)(?)])(1 )(2 )(3 )]\n15: 3df374ef-d444-4494-a5a1-4b0d9fd0e203, 1, 0 [(0 [0xC004F014, 0, 0], [(?)(?)(?)(?)(?)(?)(?)(?)])(1 )(2 )(3 )]\n16: 3f1afc82-f8ac-4f6c-8005-1d233e606eee, 1, 0 [(0 [0xC004F014, 0, 0], [(?)(?)(?)(?)(?)(?)(?)(?)])(1 )(2 )(3 )]\n17: 49cd895b-53b2-4dc4-a5f7-b18aa019ad37, 1, 0 [(0 [0xC004F014, 0, 0], [(?)(?)(?)(?)(?)(?)(?)(?)])(1 )(2 )(3 )]\n18: 4de7cb65-cdf1-4de9-8ae8-e3cce27b9f2c, 1, 1 [(0 )(1 )(2 [0xC004E003, 0, 0], [( 1 0xC004F034)( 1 0xC004F034)(?)(?)(?)(?)(?)(?)])(3 [0x00000000, 0, 0], [( 6 0xC004F009 0 0)( 1 0x00000000)( 6 0xC004F009 0 0)(?)(?)(?)( 10 0x00000000 msft:rm/algorithm/flags/1.0)( 11 0x00000000 0xC004F034)])]\n19: 4f3da0d2-271d-4508-ae81-626b60809a38, 1, 0 [(0 [0xC004F014, 0, 0], [(?)(?)(?)(?)(?)(?)(?)(?)])(1 )(2 )(3 )]\n20: 60b3ec1b-9545-4921-821f-311b129dd6f6, 1, 0 [(0 [0xC004F014, 0, 0], [(?)(?)(?)(?)(?)(?)(?)(?)])(1 )(2 )(3 )]\n21: 613d217f-7f13-4268-9907-1662339531cd, 1, 0 [(0 [0xC004F014, 0, 0], [(?)(?)(?)(?)(?)(?)(?)(?)])(1 )(2 )(3 )]\n22: 62f0c100-9c53-4e02-b886-a3528ddfe7f6, 1, 0 [(0 [0xC004F014, 0, 0], [(?)(?)(?)(?)(?)(?)(?)(?)])(1 )(2 )(3 )]\n23: 6365275e-368d-46ca-a0ef-fc0404119333, 1, 0 [(0 [0xC004F014, 0, 0], [(?)(?)(?)(?)(?)(?)(?)(?)])(1 )(2 )(3 )]\n24: 721f9237-9341-4453-a661-09e8baa6cca5, 1, 0 [(0 [0xC004F014, 0, 0], [(?)(?)(?)(?)(?)(?)(?)(?)])(1 )(2 )(3 )]\n25: 73111121-5638-40f6-bc11-f1d7b0d64300, 1, 0 [(0 [0xC004F014, 0, 0], [(?)(?)(?)(?)(?)(?)(?)(?)])(1 )(2 )(3 )]\n26: 7a802526-4c94-4bd1-ba14-835a1aca2120, 1, 0 [(0 [0xC004F014, 0, 0], [(?)(?)(?)(?)(?)(?)(?)(?)])(1 )(2 )(3 )]\n27: 7cb546c0-c7d5-44d8-9a5c-69ecdd782b69, 1, 0 [(0 [0xC004F014, 0, 0], [(?)(?)(?)(?)(?)(?)(?)(?)])(1 )(2 )(3 )]\n28: 82bbc092-bc50-4e16-8e18-b74fc486aec3, 1, 0 [(0 [0xC004F014, 0, 0], [(?)(?)(?)(?)(?)(?)(?)(?)])(1 )(2 )(3 )]\n29: 8ab9bdd1-1f67-4997-82d9-8878520837d9, 1, 0 [(0 [0xC004F014, 0, 0], [(?)(?)(?)(?)(?)(?)(?)(?)])(1 )(2 )(3 )]\n30: 8b351c9c-f398-4515-9900-09df49427262, 1, 0 [(0 [0xC004F014, 0, 0], [(?)(?)(?)(?)(?)(?)(?)(?)])(1 )(2 )(3 )]\n31: 90da7373-1c51-430b-bf26-c97e9c5cdc31, 1, 0 [(0 [0xC004F014, 0, 0], [(?)(?)(?)(?)(?)(?)(?)(?)])(1 )(2 )(3 )]\n32: 95dca82f-385d-4d39-b85b-5c73fa285d6f, 1, 0 [(0 [0xC004F014, 0, 0], [(?)(?)(?)(?)(?)(?)(?)(?)])(1 )(2 )(3 )]\n33: a48938aa-62fa-4966-9d44-9f04da3f72f2, 1, 0 [(0 [0xC004F014, 0, 0], [(?)(?)(?)(?)(?)(?)(?)(?)])(1 )(2 )(3 )]\n34: b0773a15-df3a-4312-9ad2-83d69648e356, 1, 0 [(0 [0xC004F014, 0, 0], [(?)(?)(?)(?)(?)(?)(?)(?)])(1 )(2 )(3 )]\n35: b4bfe195-541e-4e64-ad23-6177f19e395e, 1, 0 [(0 [0xC004F014, 0, 0], [(?)(?)(?)(?)(?)(?)(?)(?)])(1 )(2 )(3 )]\n36: b68e61d2-68ca-4757-be45-0cc2f3e68eee, 1, 0 [(0 [0xC004F014, 0, 0], [(?)(?)(?)(?)(?)(?)(?)(?)])(1 )(2 )(3 )]\n37: bd3762d7-270d-4760-8fb3-d829ca45278a, 1, 0 [(0 [0xC004F014, 0, 0], [(?)(?)(?)(?)(?)(?)(?)(?)])(1 )(2 )(3 )]\n38: c86d5194-4840-4dae-9c1c-0301003a5ab0, 1, 0 [(0 [0xC004F014, 0, 0], [(?)(?)(?)(?)(?)(?)(?)(?)])(1 )(2 )(3 )]\n39: d552befb-48cc-4327-8f39-47d2d94f987c, 1, 0 [(0 [0xC004F014, 0, 0], [(?)(?)(?)(?)(?)(?)(?)(?)])(1 )(2 )(3 )]\n40: d6eadb3b-5ca8-4a6b-986e-35b550756111, 1, 0 [(0 [0xC004F014, 0, 0], [(?)(?)(?)(?)(?)(?)(?)(?)])(1 )(2 )(3 )]\n41: df96023b-dcd9-4be2-afa0-c6c871159ebe, 1, 0 [(0 [0xC004F014, 0, 0], [(?)(?)(?)(?)(?)(?)(?)(?)])(1 )(2 )(3 )]\n42: e0c42288-980c-4788-a014-c080d2e1926e, 1, 0 [(0 [0xC004F014, 0, 0], [(?)(?)(?)(?)(?)(?)(?)(?)])(1 )(2 )(3 )]\n43: e4db50ea-bda1-4566-b047-0ca50abc6f07, 1, 0 [(0 [0xC004F014, 0, 0], [(?)(?)(?)(?)(?)(?)(?)(?)])(1 )(2 )(3 )]\n44: e558417a-5123-4f6f-91e7-385c1c7ca9d4, 1, 0 [(0 [0xC004F014, 0, 0], [(?)(?)(?)(?)(?)(?)(?)(?)])(1 )(2 )(3 )]\n45: e7a950a2-e548-4f10-bf16-02ec848e0643, 1, 0 [(0 [0xC004F014, 0, 0], [(?)(?)(?)(?)(?)(?)(?)(?)])(1 )(2 )(3 )]\n46: eb6d346f-1c60-4643-b960-40ec31596c45, 1, 0 [(0 [0xC004F014, 0, 0], [(?)(?)(?)(?)(?)(?)(?)(?)])(1 )(2 )(3 )]\n47: ec868e65-fadf-4759-b23e-93fe37f2cc29, 1, 0 [(0 [0xC004F014, 0, 0], [(?)(?)(?)(?)(?)(?)(?)(?)])(1 )(2 )(3 )]\n48: ef51e000-2659-4f25-8345-3de70a9cf4c4, 1, 0 [(0 [0xC004F014, 0, 0], [(?)(?)(?)(?)(?)(?)(?)(?)])(1 )(2 )(3 )]\n49: f7af7d09-40e4-419c-a49b-eae366689ebd, 1, 0 [(0 [0xC004F014, 0, 0], [(?)(?)(?)(?)(?)(?)(?)(?)])(1 )(2 )(3 )]\n50: fa755fe6-6739-40b9-8d84-6d0ea3b6d1ab, 1, 0 [(0 [0xC004F014, 0, 0], [(?)(?)(?)(?)(?)(?)(?)(?)])(1 )(2 )(3 )]\n51: fe74f55b-0338-41d6-b267-4a201abe7285, 1, 0 [(0 [0xC004F014, 0, 0], [(?)(?)(?)(?)(?)(?)(?)(?)])(1 )(2 )(3 )]\n\n"",""Binary"":""""}}"
691,691,2025-07-29 06:29:38.6856777,902,LogAlways,Microsoft-Windows-Security-SPP,Application,0,0,DESKTOP-5A3QN5S,5,,,,,,,,,,,,False,C:\Users\VM\Desktop\Application.evtx,0x80000000000000,0,"{""EventData"":{""Data"":""10.0.19041.3803"",""Binary"":""""}}"
692,692,2025-07-29 06:29:38.9262989,102,Info,ESENT,Application,0,0,DESKTOP-5A3QN5S,5,,,,,,,,,,,,False,C:\Users\VM\Desktop\Application.evtx,0x80000000000000,0,"{""EventData"":{""Data"":""SearchIndexer, 2728,P,98, Windows: , 0, 10, 00, 19045, 0000"",""Binary"":""""}}"
693,693,2025-07-29 06:29:38.9593532,105,Info,ESENT,Application,0,0,DESKTOP-5A3QN5S,5,,,,,,,,,,,,False,C:\Users\VM\Desktop\Application.evtx,0x80000000000000,0,"{""EventData"":{""Data"":""SearchIndexer, 2728,D,0, Windows: , 0, 0, \n[1] 0.003027 +J(0) +M(C:0K, Fs:249, WS:976K # 976K, PF:5096K # 5096K, P:5096K)\n[2] 0.000674 +J(0) +M(C:0K, Fs:113, WS:452K # 452K, PF:400K # 400K, P:400K)\n[3] 0.002512 +J(0) +M(C:0K, Fs:11, WS:40K # 40K, PF:68K # 68K, P:68K)\n[4] 0.000172 +J(0) +M(C:0K, Fs:25, WS:100K # 100K, PF:352K # 352K, P:352K)\n[5] 0.001889 +J(0) +M(C:0K, Fs:12, WS:48K # 48K, PF:24K # 32K, P:24K)\n[6] 0.010811 +J(0) +M(C:0K, Fs:26, WS:100K # 100K, PF:16K # 8K, P:16K)\n[7] 0.011988 -0.007501 (2) WT +J(0) +M(C:0K, Fs:273, WS:1092K # 1092K, PF:1024K # 1024K, P:1024K)\n[8] -\n[9] -\n[10] -\n[11] -\n[12] -\n[13] 0.012129 -0.000912 (1) WT +J(CM:0, PgRf:0, Rd:0/0, Dy:0/0, Lg:616/1) +M(C:0K, Fs:9, WS:-996K # 28K, PF:-1020K # 12K, P:-1020K)\n[14] 0.000017 +J(0)\n[15] 0.000064 +J(0) +M(C:0K, Fs:65, WS:260K # 0K, PF:64K # 0K, P:64K)\n[16] 0.000156 +J(0) +M(C:0K, Fs:2, WS:0K # 0K, PF:0K # 0K, P:0K)."",""Binary"":""""}}"
694,694,2025-07-29 06:29:39.0042333,326,Info,ESENT,Application,0,0,DESKTOP-5A3QN5S,5,,NTDS the database engine attached a database,,,"Database: s: , 1, C:\ProgramData\Microsoft\Search\Data\Applications\Windows\Windows.edb",,,,,,,False,C:\Users\VM\Desktop\Application.evtx,0x80000000000000,0,"{""EventData"":{""Data"":""SearchIndexer, 2728,D,50, Windows: , 1, C:\\ProgramData\\Microsoft\\Search\\Data\\Applications\\Windows\\Windows.edb, 0, \n[1] 0.000005 +J(0) +M(C:0K, Fs:1, WS:4K # 0K, PF:0K # 0K, P:0K)\n[2] 0.001095 -0.000341 (1) WT +J(0) +M(C:0K, Fs:25, WS:36K # 0K, PF:36K # 0K, P:36K)\n[3] 0.022140 -0.016184 (6) WT +J(CM:0, PgRf:0, Rd:0/0, Dy:0/0, Lg:3480/2) +M(C:0K, Fs:38, WS:116K # 0K, PF:140K # 0K, P:140K)\n[4] 0.000072 +J(0) +M(C:0K, Fs:1, WS:4K # 0K, PF:0K # 0K, P:0K)\n[5] -\n[6] -\n[7] -\n[8] 0.001388 -0.001179 (2) CM +J(CM:2, PgRf:2, Rd:14/2, Dy:0/0, Lg:54/1) +M(C:0K, Fs:47, WS:188K # 0K, PF:680K # 0K, P:680K)\n[9] 0.017050 -0.000601 (5) CM -0.015987 (1) WT +J(CM:5, PgRf:23, Rd:0/5, Dy:0/0, Lg:0/0) +M(C:0K, Fs:69, WS:276K # 0K, PF:256K # 148K, P:256K)\n[10] 0.000365 -0.000276 (1) CM +J(CM:1, PgRf:40, Rd:0/1, Dy:0/0, Lg:0/0) +M(C:0K, Fs:10, WS:40K # 0K, PF:96K # 96K, P:96K)\n[11] 0.000011 +J(CM:0, PgRf:1, Rd:0/0, Dy:0/0, Lg:0/0) +M(C:0K, Fs:3, WS:12K # 0K, PF:0K # 0K, P:0K)\n[12] 0.000027 +J(CM:0, PgRf:42, Rd:0/0, Dy:0/0, Lg:0/0) +M(C:0K, Fs:3, WS:12K # 4K, PF:0K # 0K, P:0K)\n[13] 0.0 +J(0)\n[14] 0.0 +J(0)\n[15] 0.000003 +J(CM:0, PgRf:1, Rd:0/0, Dy:0/0, Lg:0/0)., 0 0, lgposAttach = 00000007:0051:0268,\ndbv = 1568.110.240"",""Binary"":""""}}"
695,695,2025-07-29 06:29:39.2795731,1003,Info,Microsoft-Windows-Search,Application,0,0,DESKTOP-5A3QN5S,5,,,,,,,,,,,,False,C:\Users\VM\Desktop\Application.evtx,0x80000000000000,0,"{""EventData"":{""Data"":{""@Name"":""ExtraInfo"",""#text"":"", ""}}}"
696,696,2025-07-29 06:29:40.9497019,5617,Info,Microsoft-Windows-WMI,Application,520,3028,DESKTOP-5A3QN5S,5,S-1-5-18,,,,,,,,,,,False,C:\Users\VM\Desktop\Application.evtx,Classic,0,"{""EventData"":""""}"
697,697,2025-07-29 06:29:43.4990736,1003,Info,Microsoft-Windows-Security-SPP,Application,0,0,DESKTOP-5A3QN5S,5,,,,,,,,,,,,False,C:\Users\VM\Desktop\Application.evtx,0x80000000000000,0,"{""EventData"":{""Data"":""55c92734-d682-4d71-983e-d6ec3f16059f, \n1: 040fa323-92b1-4baf-97a2-5b67feaefddb, 1, 0 [(0 [0xC004F014, 0, 0], [(?)(?)(?)(?)(?)(?)(?)(?)])(1 )(2 )(3 )]\n2: 0724cb7d-3437-4cb7-93cb-830375d0079d, 1, 0 [(0 [0xC004F014, 0, 0], [(?)(?)(?)(?)(?)(?)(?)(?)])(1 )(2 )(3 )]\n3: 0ad2ac98-7bb9-4201-8d92-312299201369, 1, 0 [(0 [0xC004F014, 0, 0], [(?)(?)(?)(?)(?)(?)(?)(?)])(1 )(2 )(3 )]\n4: 1a9a717a-cf13-4ba5-83c3-0fe25fa868d5, 1, 0 [(0 [0xC004F014, 0, 0], [(?)(?)(?)(?)(?)(?)(?)(?)])(1 )(2 )(3 )]\n5: 221a02da-e2a1-4b75-864c-0a4410a33fdf, 1, 0 [(0 [0xC004F014, 0, 0], [(?)(?)(?)(?)(?)(?)(?)(?)])(1 )(2 )(3 )]\n6: 291ece0e-9c38-40ca-a9e1-32cc7ec19507, 1, 0 [(0 [0xC004F014, 0, 0], [(?)(?)(?)(?)(?)(?)(?)(?)])(1 )(2 )(3 )]\n7: 2936d1d2-913a-4542-b54e-ce5a602a2a38, 1, 0 [(0 [0xC004F014, 0, 0], [(?)(?)(?)(?)(?)(?)(?)(?)])(1 )(2 )(3 )]\n8: 2c293c26-a45a-4a2a-a350-c69a67097529, 1, 0 [(0 [0xC004F014, 0, 0], [(?)(?)(?)(?)(?)(?)(?)(?)])(1 )(2 )(3 )]\n9: 2de67392-b7a7-462a-b1ca-108dd189f588, 1, 0 [(0 [0xC004F014, 0, 0], [(?)(?)(?)(?)(?)(?)(?)(?)])(1 )(2 )(3 )]\n10: 2ffd8952-423e-4903-b993-72a1aa44cf82, 1, 0 [(0 [0xC004F014, 0, 0], [(?)(?)(?)(?)(?)(?)(?)(?)])(1 )(2 )(3 )]\n11: 30a42c86-b7a0-4a34-8c90-ff177cb2acb7, 1, 0 [(0 [0xC004F014, 0, 0], [(?)(?)(?)(?)(?)(?)(?)(?)])(1 )(2 )(3 )]\n12: 345a5db0-d94f-4e3b-a0c0-7c42f7bc3ebf, 1, 0 [(0 [0xC004F014, 0, 0], [(?)(?)(?)(?)(?)(?)(?)(?)])(1 )(2 )(3 )]\n13: 3502365a-f88a-4ba4-822a-5769d3073b65, 1, 0 [(0 [0xC004F014, 0, 0], [(?)(?)(?)(?)(?)(?)(?)(?)])(1 )(2 )(3 )]\n14: 377333b1-8b5d-48d6-9679-1225c872d37c, 1, 0 [(0 [0xC004F014, 0, 0], [(?)(?)(?)(?)(?)(?)(?)(?)])(1 )(2 )(3 )]\n15: 3df374ef-d444-4494-a5a1-4b0d9fd0e203, 1, 0 [(0 [0xC004F014, 0, 0], [(?)(?)(?)(?)(?)(?)(?)(?)])(1 )(2 )(3 )]\n16: 3f1afc82-f8ac-4f6c-8005-1d233e606eee, 1, 0 [(0 [0xC004F014, 0, 0], [(?)(?)(?)(?)(?)(?)(?)(?)])(1 )(2 )(3 )]\n17: 49cd895b-53b2-4dc4-a5f7-b18aa019ad37, 1, 0 [(0 [0xC004F014, 0, 0], [(?)(?)(?)(?)(?)(?)(?)(?)])(1 )(2 )(3 )]\n18: 4de7cb65-cdf1-4de9-8ae8-e3cce27b9f2c, 1, 1 [(0 )(1 )(2 [0xC004E003, 0, 0], [( 1 0xC004F034)( 1 0xC004F034)(?)(?)(?)(?)(?)(?)])(3 [0x00000000, 0, 0], [( 6 0xC004F009 0 0)( 1 0x00000000)( 6 0xC004F009 0 0)(?)(?)(?)( 10 0x00000000 msft:rm/algorithm/flags/1.0)( 11 0x00000000 0xC004F034)])]\n19: 4f3da0d2-271d-4508-ae81-626b60809a38, 1, 0 [(0 [0xC004F014, 0, 0], [(?)(?)(?)(?)(?)(?)(?)(?)])(1 )(2 )(3 )]\n20: 60b3ec1b-9545-4921-821f-311b129dd6f6, 1, 0 [(0 [0xC004F014, 0, 0], [(?)(?)(?)(?)(?)(?)(?)(?)])(1 )(2 )(3 )]\n21: 613d217f-7f13-4268-9907-1662339531cd, 1, 0 [(0 [0xC004F014, 0, 0], [(?)(?)(?)(?)(?)(?)(?)(?)])(1 )(2 )(3 )]\n22: 62f0c100-9c53-4e02-b886-a3528ddfe7f6, 1, 0 [(0 [0xC004F014, 0, 0], [(?)(?)(?)(?)(?)(?)(?)(?)])(1 )(2 )(3 )]\n23: 6365275e-368d-46ca-a0ef-fc0404119333, 1, 0 [(0 [0xC004F014, 0, 0], [(?)(?)(?)(?)(?)(?)(?)(?)])(1 )(2 )(3 )]\n24: 721f9237-9341-4453-a661-09e8baa6cca5, 1, 0 [(0 [0xC004F014, 0, 0], [(?)(?)(?)(?)(?)(?)(?)(?)])(1 )(2 )(3 )]\n25: 73111121-5638-40f6-bc11-f1d7b0d64300, 1, 0 [(0 [0xC004F014, 0, 0], [(?)(?)(?)(?)(?)(?)(?)(?)])(1 )(2 )(3 )]\n26: 7a802526-4c94-4bd1-ba14-835a1aca2120, 1, 0 [(0 [0xC004F014, 0, 0], [(?)(?)(?)(?)(?)(?)(?)(?)])(1 )(2 )(3 )]\n27: 7cb546c0-c7d5-44d8-9a5c-69ecdd782b69, 1, 0 [(0 [0xC004F014, 0, 0], [(?)(?)(?)(?)(?)(?)(?)(?)])(1 )(2 )(3 )]\n28: 82bbc092-bc50-4e16-8e18-b74fc486aec3, 1, 0 [(0 [0xC004F014, 0, 0], [(?)(?)(?)(?)(?)(?)(?)(?)])(1 )(2 )(3 )]\n29: 8ab9bdd1-1f67-4997-82d9-8878520837d9, 1, 0 [(0 [0xC004F014, 0, 0], [(?)(?)(?)(?)(?)(?)(?)(?)])(1 )(2 )(3 )]\n30: 8b351c9c-f398-4515-9900-09df49427262, 1, 0 [(0 [0xC004F014, 0, 0], [(?)(?)(?)(?)(?)(?)(?)(?)])(1 )(2 )(3 )]\n31: 90da7373-1c51-430b-bf26-c97e9c5cdc31, 1, 0 [(0 [0xC004F014, 0, 0], [(?)(?)(?)(?)(?)(?)(?)(?)])(1 )(2 )(3 )]\n32: 95dca82f-385d-4d39-b85b-5c73fa285d6f, 1, 0 [(0 [0xC004F014, 0, 0], [(?)(?)(?)(?)(?)(?)(?)(?)])(1 )(2 )(3 )]\n33: a48938aa-62fa-4966-9d44-9f04da3f72f2, 1, 0 [(0 [0xC004F014, 0, 0], [(?)(?)(?)(?)(?)(?)(?)(?)])(1 )(2 )(3 )]\n34: b0773a15-df3a-4312-9ad2-83d69648e356, 1, 0 [(0 [0xC004F014, 0, 0], [(?)(?)(?)(?)(?)(?)(?)(?)])(1 )(2 )(3 )]\n35: b4bfe195-541e-4e64-ad23-6177f19e395e, 1, 0 [(0 [0xC004F014, 0, 0], [(?)(?)(?)(?)(?)(?)(?)(?)])(1 )(2 )(3 )]\n36: b68e61d2-68ca-4757-be45-0cc2f3e68eee, 1, 0 [(0 [0xC004F014, 0, 0], [(?)(?)(?)(?)(?)(?)(?)(?)])(1 )(2 )(3 )]\n37: bd3762d7-270d-4760-8fb3-d829ca45278a, 1, 0 [(0 [0xC004F014, 0, 0], [(?)(?)(?)(?)(?)(?)(?)(?)])(1 )(2 )(3 )]\n38: c86d5194-4840-4dae-9c1c-0301003a5ab0, 1, 0 [(0 [0xC004F014, 0, 0], [(?)(?)(?)(?)(?)(?)(?)(?)])(1 )(2 )(3 )]\n39: d552befb-48cc-4327-8f39-47d2d94f987c, 1, 0 [(0 [0xC004F014, 0, 0], [(?)(?)(?)(?)(?)(?)(?)(?)])(1 )(2 )(3 )]\n40: d6eadb3b-5ca8-4a6b-986e-35b550756111, 1, 0 [(0 [0xC004F014, 0, 0], [(?)(?)(?)(?)(?)(?)(?)(?)])(1 )(2 )(3 )]\n41: df96023b-dcd9-4be2-afa0-c6c871159ebe, 1, 0 [(0 [0xC004F014, 0, 0], [(?)(?)(?)(?)(?)(?)(?)(?)])(1 )(2 )(3 )]\n42: e0c42288-980c-4788-a014-c080d2e1926e, 1, 0 [(0 [0xC004F014, 0, 0], [(?)(?)(?)(?)(?)(?)(?)(?)])(1 )(2 )(3 )]\n43: e4db50ea-bda1-4566-b047-0ca50abc6f07, 1, 0 [(0 [0xC004F014, 0, 0], [(?)(?)(?)(?)(?)(?)(?)(?)])(1 )(2 )(3 )]\n44: e558417a-5123-4f6f-91e7-385c1c7ca9d4, 1, 0 [(0 [0xC004F014, 0, 0], [(?)(?)(?)(?)(?)(?)(?)(?)])(1 )(2 )(3 )]\n45: e7a950a2-e548-4f10-bf16-02ec848e0643, 1, 0 [(0 [0xC004F014, 0, 0], [(?)(?)(?)(?)(?)(?)(?)(?)])(1 )(2 )(3 )]\n46: eb6d346f-1c60-4643-b960-40ec31596c45, 1, 0 [(0 [0xC004F014, 0, 0], [(?)(?)(?)(?)(?)(?)(?)(?)])(1 )(2 )(3 )]\n47: ec868e65-fadf-4759-b23e-93fe37f2cc29, 1, 0 [(0 [0xC004F014, 0, 0], [(?)(?)(?)(?)(?)(?)(?)(?)])(1 )(2 )(3 )]\n48: ef51e000-2659-4f25-8345-3de70a9cf4c4, 1, 0 [(0 [0xC004F014, 0, 0], [(?)(?)(?)(?)(?)(?)(?)(?)])(1 )(2 )(3 )]\n49: f7af7d09-40e4-419c-a49b-eae366689ebd, 1, 0 [(0 [0xC004F014, 0, 0], [(?)(?)(?)(?)(?)(?)(?)(?)])(1 )(2 )(3 )]\n50: fa755fe6-6739-40b9-8d84-6d0ea3b6d1ab, 1, 0 [(0 [0xC004F014, 0, 0], [(?)(?)(?)(?)(?)(?)(?)(?)])(1 )(2 )(3 )]\n51: fe74f55b-0338-41d6-b267-4a201abe7285, 1, 0 [(0 [0xC004F014, 0, 0], [(?)(?)(?)(?)(?)(?)(?)(?)])(1 )(2 )(3 )]\n\n"",""Binary"":""""}}"
698,698,2025-07-29 06:29:43.5917070,8198,Error,Microsoft-Windows-Security-SPP,Application,0,0,DESKTOP-5A3QN5S,5,,,,,,,,,,,,False,C:\Users\VM\Desktop\Application.evtx,0x80000000000000,0,"{""EventData"":{""Data"":""hr=0x8007139F, RuleId=31e71c49-8da7-4a2f-ad92-45d98a1c79ba;Action=AutoActivate;AppId=55c92734-d682-4d71-983e-d6ec3f16059f;SkuId=4de7cb65-cdf1-4de9-8ae8-e3cce27b9f2c;NotificationInterval=1440;Trigger=NetworkAvailable"",""Binary"":""""}}"
699,699,2025-07-29 06:29:43.7171062,1001,Info,Windows Error Reporting,Application,0,0,DESKTOP-5A3QN5S,5,,Application Crash,,,,,,,,,MicrosoftAccount.TokenProvider.Core.dll,False,C:\Users\VM\Desktop\Application.evtx,0x80000000000000,0,"{""EventData"":{""Data"":""INVALID_REQUEST, 0, WindowsServicingFailureInfo, Not available, 0, 10.0.19041.3745:1, 0x800F0984 0x800F0984 Matching binary: MicrosoftAccount.TokenProvider.Core.dll missing for component: amd64_microsoft-windows-c..riencehost.appxmain_31bf3856ad364e35_10.0.19041.1265_none_777e632002d13277, 楆敬›瑳牯汥祡畯⹴灣⡰㘱㠹\u2029‭潃灭湯湥却潴敲㨺剃睡瑓牯䱥祡畯㩴䠺摹慲整楆敬, \n\\\\?\\C:\\ProgramData\\Microsoft\\Windows\\WER\\Temp\\WER4805.tmp.WERInternalMetadata.xml, \\\\?\\C:\\ProgramData\\Microsoft\\Windows\\WER\\ReportArchive\\Critical_10.0.19041.3745__e25b5295577d28d6732941e2eceeb11a5e5c4_00000000_12ff958b-dcc3-4904-a180-f4e511c8929f, 0, 12ff958b-dcc3-4904-a180-f4e511c8929f, 268435462, 0"",""Binary"":""""}}"
700,700,2025-07-29 06:29:44.3261858,6003,Info,Microsoft-Windows-Winlogon,Application,0,0,DESKTOP-5A3QN5S,5,,,,,,,,,,,,False,C:\Users\VM\Desktop\Application.evtx,0x80000000000000,0,"{""EventData"":{""Data"":""SessionEnv"",""Binary"":""D9-06-00-00""}}"
701,701,2025-07-29 06:29:44.8290146,6000,Info,Microsoft-Windows-Winlogon,Application,0,0,DESKTOP-5A3QN5S,5,,,,,,,,,,,,False,C:\Users\VM\Desktop\Application.evtx,0x80000000000000,0,"{""EventData"":{""Data"":""SessionEnv"",""Binary"":""D9-06-00-00""}}"
702,702,2025-07-29 06:29:47.9381222,1003,Info,Microsoft-Windows-Security-SPP,Application,0,0,DESKTOP-5A3QN5S,6,,,,,,,,,,,,False,C:\Users\VM\Desktop\Application.evtx,0x80000000000000,0,"{""EventData"":{""Data"":""55c92734-d682-4d71-983e-d6ec3f16059f, \n1: 040fa323-92b1-4baf-97a2-5b67feaefddb, 1, 0 [(0 [0xC004F014, 0, 0], [(?)(?)(?)(?)(?)(?)(?)(?)])(1 )(2 )(3 )]\n2: 0724cb7d-3437-4cb7-93cb-830375d0079d, 1, 0 [(0 [0xC004F014, 0, 0], [(?)(?)(?)(?)(?)(?)(?)(?)])(1 )(2 )(3 )]\n3: 0ad2ac98-7bb9-4201-8d92-312299201369, 1, 0 [(0 [0xC004F014, 0, 0], [(?)(?)(?)(?)(?)(?)(?)(?)])(1 )(2 )(3 )]\n4: 1a9a717a-cf13-4ba5-83c3-0fe25fa868d5, 1, 0 [(0 [0xC004F014, 0, 0], [(?)(?)(?)(?)(?)(?)(?)(?)])(1 )(2 )(3 )]\n5: 221a02da-e2a1-4b75-864c-0a4410a33fdf, 1, 0 [(0 [0xC004F014, 0, 0], [(?)(?)(?)(?)(?)(?)(?)(?)])(1 )(2 )(3 )]\n6: 291ece0e-9c38-40ca-a9e1-32cc7ec19507, 1, 0 [(0 [0xC004F014, 0, 0], [(?)(?)(?)(?)(?)(?)(?)(?)])(1 )(2 )(3 )]\n7: 2936d1d2-913a-4542-b54e-ce5a602a2a38, 1, 0 [(0 [0xC004F014, 0, 0], [(?)(?)(?)(?)(?)(?)(?)(?)])(1 )(2 )(3 )]\n8: 2c293c26-a45a-4a2a-a350-c69a67097529, 1, 0 [(0 [0xC004F014, 0, 0], [(?)(?)(?)(?)(?)(?)(?)(?)])(1 )(2 )(3 )]\n9: 2de67392-b7a7-462a-b1ca-108dd189f588, 1, 0 [(0 [0xC004F014, 0, 0], [(?)(?)(?)(?)(?)(?)(?)(?)])(1 )(2 )(3 )]\n10: 2ffd8952-423e-4903-b993-72a1aa44cf82, 1, 0 [(0 [0xC004F014, 0, 0], [(?)(?)(?)(?)(?)(?)(?)(?)])(1 )(2 )(3 )]\n11: 30a42c86-b7a0-4a34-8c90-ff177cb2acb7, 1, 0 [(0 [0xC004F014, 0, 0], [(?)(?)(?)(?)(?)(?)(?)(?)])(1 )(2 )(3 )]\n12: 345a5db0-d94f-4e3b-a0c0-7c42f7bc3ebf, 1, 0 [(0 [0xC004F014, 0, 0], [(?)(?)(?)(?)(?)(?)(?)(?)])(1 )(2 )(3 )]\n13: 3502365a-f88a-4ba4-822a-5769d3073b65, 1, 0 [(0 [0xC004F014, 0, 0], [(?)(?)(?)(?)(?)(?)(?)(?)])(1 )(2 )(3 )]\n14: 377333b1-8b5d-48d6-9679-1225c872d37c, 1, 0 [(0 [0xC004F014, 0, 0], [(?)(?)(?)(?)(?)(?)(?)(?)])(1 )(2 )(3 )]\n15: 3df374ef-d444-4494-a5a1-4b0d9fd0e203, 1, 0 [(0 [0xC004F014, 0, 0], [(?)(?)(?)(?)(?)(?)(?)(?)])(1 )(2 )(3 )]\n16: 3f1afc82-f8ac-4f6c-8005-1d233e606eee, 1, 0 [(0 [0xC004F014, 0, 0], [(?)(?)(?)(?)(?)(?)(?)(?)])(1 )(2 )(3 )]\n17: 49cd895b-53b2-4dc4-a5f7-b18aa019ad37, 1, 0 [(0 [0xC004F014, 0, 0], [(?)(?)(?)(?)(?)(?)(?)(?)])(1 )(2 )(3 )]\n18: 4de7cb65-cdf1-4de9-8ae8-e3cce27b9f2c, 1, 1 [(0 )(1 )(2 [0xC004E003, 0, 0], [( 1 0xC004F034)( 1 0xC004F034)(?)(?)(?)(?)(?)(?)])(3 [0x00000000, 0, 0], [( 6 0xC004F009 0 0)( 1 0x00000000)( 6 0xC004F009 0 0)(?)(?)(?)( 10 0x00000000 msft:rm/algorithm/flags/1.0)( 11 0x00000000 0xC004F034)])]\n19: 4f3da0d2-271d-4508-ae81-626b60809a38, 1, 0 [(0 [0xC004F014, 0, 0], [(?)(?)(?)(?)(?)(?)(?)(?)])(1 )(2 )(3 )]\n20: 60b3ec1b-9545-4921-821f-311b129dd6f6, 1, 0 [(0 [0xC004F014, 0, 0], [(?)(?)(?)(?)(?)(?)(?)(?)])(1 )(2 )(3 )]\n21: 613d217f-7f13-4268-9907-1662339531cd, 1, 0 [(0 [0xC004F014, 0, 0], [(?)(?)(?)(?)(?)(?)(?)(?)])(1 )(2 )(3 )]\n22: 62f0c100-9c53-4e02-b886-a3528ddfe7f6, 1, 0 [(0 [0xC004F014, 0, 0], [(?)(?)(?)(?)(?)(?)(?)(?)])(1 )(2 )(3 )]\n23: 6365275e-368d-46ca-a0ef-fc0404119333, 1, 0 [(0 [0xC004F014, 0, 0], [(?)(?)(?)(?)(?)(?)(?)(?)])(1 )(2 )(3 )]\n24: 721f9237-9341-4453-a661-09e8baa6cca5, 1, 0 [(0 [0xC004F014, 0, 0], [(?)(?)(?)(?)(?)(?)(?)(?)])(1 )(2 )(3 )]\n25: 73111121-5638-40f6-bc11-f1d7b0d64300, 1, 0 [(0 [0xC004F014, 0, 0], [(?)(?)(?)(?)(?)(?)(?)(?)])(1 )(2 )(3 )]\n26: 7a802526-4c94-4bd1-ba14-835a1aca2120, 1, 0 [(0 [0xC004F014, 0, 0], [(?)(?)(?)(?)(?)(?)(?)(?)])(1 )(2 )(3 )]\n27: 7cb546c0-c7d5-44d8-9a5c-69ecdd782b69, 1, 0 [(0 [0xC004F014, 0, 0], [(?)(?)(?)(?)(?)(?)(?)(?)])(1 )(2 )(3 )]\n28: 82bbc092-bc50-4e16-8e18-b74fc486aec3, 1, 0 [(0 [0xC004F014, 0, 0], [(?)(?)(?)(?)(?)(?)(?)(?)])(1 )(2 )(3 )]\n29: 8ab9bdd1-1f67-4997-82d9-8878520837d9, 1, 0 [(0 [0xC004F014, 0, 0], [(?)(?)(?)(?)(?)(?)(?)(?)])(1 )(2 )(3 )]\n30: 8b351c9c-f398-4515-9900-09df49427262, 1, 0 [(0 [0xC004F014, 0, 0], [(?)(?)(?)(?)(?)(?)(?)(?)])(1 )(2 )(3 )]\n31: 90da7373-1c51-430b-bf26-c97e9c5cdc31, 1, 0 [(0 [0xC004F014, 0, 0], [(?)(?)(?)(?)(?)(?)(?)(?)])(1 )(2 )(3 )]\n32: 95dca82f-385d-4d39-b85b-5c73fa285d6f, 1, 0 [(0 [0xC004F014, 0, 0], [(?)(?)(?)(?)(?)(?)(?)(?)])(1 )(2 )(3 )]\n33: a48938aa-62fa-4966-9d44-9f04da3f72f2, 1, 0 [(0 [0xC004F014, 0, 0], [(?)(?)(?)(?)(?)(?)(?)(?)])(1 )(2 )(3 )]\n34: b0773a15-df3a-4312-9ad2-83d69648e356, 1, 0 [(0 [0xC004F014, 0, 0], [(?)(?)(?)(?)(?)(?)(?)(?)])(1 )(2 )(3 )]\n35: b4bfe195-541e-4e64-ad23-6177f19e395e, 1, 0 [(0 [0xC004F014, 0, 0], [(?)(?)(?)(?)(?)(?)(?)(?)])(1 )(2 )(3 )]\n36: b68e61d2-68ca-4757-be45-0cc2f3e68eee, 1, 0 [(0 [0xC004F014, 0, 0], [(?)(?)(?)(?)(?)(?)(?)(?)])(1 )(2 )(3 )]\n37: bd3762d7-270d-4760-8fb3-d829ca45278a, 1, 0 [(0 [0xC004F014, 0, 0], [(?)(?)(?)(?)(?)(?)(?)(?)])(1 )(2 )(3 )]\n38: c86d5194-4840-4dae-9c1c-0301003a5ab0, 1, 0 [(0 [0xC004F014, 0, 0], [(?)(?)(?)(?)(?)(?)(?)(?)])(1 )(2 )(3 )]\n39: d552befb-48cc-4327-8f39-47d2d94f987c, 1, 0 [(0 [0xC004F014, 0, 0], [(?)(?)(?)(?)(?)(?)(?)(?)])(1 )(2 )(3 )]\n40: d6eadb3b-5ca8-4a6b-986e-35b550756111, 1, 0 [(0 [0xC004F014, 0, 0], [(?)(?)(?)(?)(?)(?)(?)(?)])(1 )(2 )(3 )]\n41: df96023b-dcd9-4be2-afa0-c6c871159ebe, 1, 0 [(0 [0xC004F014, 0, 0], [(?)(?)(?)(?)(?)(?)(?)(?)])(1 )(2 )(3 )]\n42: e0c42288-980c-4788-a014-c080d2e1926e, 1, 0 [(0 [0xC004F014, 0, 0], [(?)(?)(?)(?)(?)(?)(?)(?)])(1 )(2 )(3 )]\n43: e4db50ea-bda1-4566-b047-0ca50abc6f07, 1, 0 [(0 [0xC004F014, 0, 0], [(?)(?)(?)(?)(?)(?)(?)(?)])(1 )(2 )(3 )]\n44: e558417a-5123-4f6f-91e7-385c1c7ca9d4, 1, 0 [(0 [0xC004F014, 0, 0], [(?)(?)(?)(?)(?)(?)(?)(?)])(1 )(2 )(3 )]\n45: e7a950a2-e548-4f10-bf16-02ec848e0643, 1, 0 [(0 [0xC004F014, 0, 0], [(?)(?)(?)(?)(?)(?)(?)(?)])(1 )(2 )(3 )]\n46: eb6d346f-1c60-4643-b960-40ec31596c45, 1, 0 [(0 [0xC004F014, 0, 0], [(?)(?)(?)(?)(?)(?)(?)(?)])(1 )(2 )(3 )]\n47: ec868e65-fadf-4759-b23e-93fe37f2cc29, 1, 0 [(0 [0xC004F014, 0, 0], [(?)(?)(?)(?)(?)(?)(?)(?)])(1 )(2 )(3 )]\n48: ef51e000-2659-4f25-8345-3de70a9cf4c4, 1, 0 [(0 [0xC004F014, 0, 0], [(?)(?)(?)(?)(?)(?)(?)(?)])(1 )(2 )(3 )]\n49: f7af7d09-40e4-419c-a49b-eae366689ebd, 1, 0 [(0 [0xC004F014, 0, 0], [(?)(?)(?)(?)(?)(?)(?)(?)])(1 )(2 )(3 )]\n50: fa755fe6-6739-40b9-8d84-6d0ea3b6d1ab, 1, 0 [(0 [0xC004F014, 0, 0], [(?)(?)(?)(?)(?)(?)(?)(?)])(1 )(2 )(3 )]\n51: fe74f55b-0338-41d6-b267-4a201abe7285, 1, 0 [(0 [0xC004F014, 0, 0], [(?)(?)(?)(?)(?)(?)(?)(?)])(1 )(2 )(3 )]\n\n"",""Binary"":""""}}"
703,703,2025-07-29 06:29:48.1167585,1003,Info,Microsoft-Windows-Security-SPP,Application,0,0,DESKTOP-5A3QN5S,6,,,,,,,,,,,,False,C:\Users\VM\Desktop\Application.evtx,0x80000000000000,0,"{""EventData"":{""Data"":""55c92734-d682-4d71-983e-d6ec3f16059f, \n1: 040fa323-92b1-4baf-97a2-5b67feaefddb, 1, 0 [(0 [0xC004F014, 0, 0], [(?)(?)(?)(?)(?)(?)(?)(?)])(1 )(2 )(3 )]\n2: 0724cb7d-3437-4cb7-93cb-830375d0079d, 1, 0 [(0 [0xC004F014, 0, 0], [(?)(?)(?)(?)(?)(?)(?)(?)])(1 )(2 )(3 )]\n3: 0ad2ac98-7bb9-4201-8d92-312299201369, 1, 0 [(0 [0xC004F014, 0, 0], [(?)(?)(?)(?)(?)(?)(?)(?)])(1 )(2 )(3 )]\n4: 1a9a717a-cf13-4ba5-83c3-0fe25fa868d5, 1, 0 [(0 [0xC004F014, 0, 0], [(?)(?)(?)(?)(?)(?)(?)(?)])(1 )(2 )(3 )]\n5: 221a02da-e2a1-4b75-864c-0a4410a33fdf, 1, 0 [(0 [0xC004F014, 0, 0], [(?)(?)(?)(?)(?)(?)(?)(?)])(1 )(2 )(3 )]\n6: 291ece0e-9c38-40ca-a9e1-32cc7ec19507, 1, 0 [(0 [0xC004F014, 0, 0], [(?)(?)(?)(?)(?)(?)(?)(?)])(1 )(2 )(3 )]\n7: 2936d1d2-913a-4542-b54e-ce5a602a2a38, 1, 0 [(0 [0xC004F014, 0, 0], [(?)(?)(?)(?)(?)(?)(?)(?)])(1 )(2 )(3 )]\n8: 2c293c26-a45a-4a2a-a350-c69a67097529, 1, 0 [(0 [0xC004F014, 0, 0], [(?)(?)(?)(?)(?)(?)(?)(?)])(1 )(2 )(3 )]\n9: 2de67392-b7a7-462a-b1ca-108dd189f588, 1, 0 [(0 [0xC004F014, 0, 0], [(?)(?)(?)(?)(?)(?)(?)(?)])(1 )(2 )(3 )]\n10: 2ffd8952-423e-4903-b993-72a1aa44cf82, 1, 0 [(0 [0xC004F014, 0, 0], [(?)(?)(?)(?)(?)(?)(?)(?)])(1 )(2 )(3 )]\n11: 30a42c86-b7a0-4a34-8c90-ff177cb2acb7, 1, 0 [(0 [0xC004F014, 0, 0], [(?)(?)(?)(?)(?)(?)(?)(?)])(1 )(2 )(3 )]\n12: 345a5db0-d94f-4e3b-a0c0-7c42f7bc3ebf, 1, 0 [(0 [0xC004F014, 0, 0], [(?)(?)(?)(?)(?)(?)(?)(?)])(1 )(2 )(3 )]\n13: 3502365a-f88a-4ba4-822a-5769d3073b65, 1, 0 [(0 [0xC004F014, 0, 0], [(?)(?)(?)(?)(?)(?)(?)(?)])(1 )(2 )(3 )]\n14: 377333b1-8b5d-48d6-9679-1225c872d37c, 1, 0 [(0 [0xC004F014, 0, 0], [(?)(?)(?)(?)(?)(?)(?)(?)])(1 )(2 )(3 )]\n15: 3df374ef-d444-4494-a5a1-4b0d9fd0e203, 1, 0 [(0 [0xC004F014, 0, 0], [(?)(?)(?)(?)(?)(?)(?)(?)])(1 )(2 )(3 )]\n16: 3f1afc82-f8ac-4f6c-8005-1d233e606eee, 1, 0 [(0 [0xC004F014, 0, 0], [(?)(?)(?)(?)(?)(?)(?)(?)])(1 )(2 )(3 )]\n17: 49cd895b-53b2-4dc4-a5f7-b18aa019ad37, 1, 0 [(0 [0xC004F014, 0, 0], [(?)(?)(?)(?)(?)(?)(?)(?)])(1 )(2 )(3 )]\n18: 4de7cb65-cdf1-4de9-8ae8-e3cce27b9f2c, 1, 1 [(0 )(1 )(2 [0xC004E003, 0, 0], [( 1 0xC004F034)( 1 0xC004F034)(?)(?)(?)(?)(?)(?)])(3 [0x00000000, 0, 0], [( 6 0xC004F009 0 0)( 1 0x00000000)( 6 0xC004F009 0 0)(?)(?)(?)( 10 0x00000000 msft:rm/algorithm/flags/1.0)( 11 0x00000000 0xC004F034)])]\n19: 4f3da0d2-271d-4508-ae81-626b60809a38, 1, 0 [(0 [0xC004F014, 0, 0], [(?)(?)(?)(?)(?)(?)(?)(?)])(1 )(2 )(3 )]\n20: 60b3ec1b-9545-4921-821f-311b129dd6f6, 1, 0 [(0 [0xC004F014, 0, 0], [(?)(?)(?)(?)(?)(?)(?)(?)])(1 )(2 )(3 )]\n21: 613d217f-7f13-4268-9907-1662339531cd, 1, 0 [(0 [0xC004F014, 0, 0], [(?)(?)(?)(?)(?)(?)(?)(?)])(1 )(2 )(3 )]\n22: 62f0c100-9c53-4e02-b886-a3528ddfe7f6, 1, 0 [(0 [0xC004F014, 0, 0], [(?)(?)(?)(?)(?)(?)(?)(?)])(1 )(2 )(3 )]\n23: 6365275e-368d-46ca-a0ef-fc0404119333, 1, 0 [(0 [0xC004F014, 0, 0], [(?)(?)(?)(?)(?)(?)(?)(?)])(1 )(2 )(3 )]\n24: 721f9237-9341-4453-a661-09e8baa6cca5, 1, 0 [(0 [0xC004F014, 0, 0], [(?)(?)(?)(?)(?)(?)(?)(?)])(1 )(2 )(3 )]\n25: 73111121-5638-40f6-bc11-f1d7b0d64300, 1, 0 [(0 [0xC004F014, 0, 0], [(?)(?)(?)(?)(?)(?)(?)(?)])(1 )(2 )(3 )]\n26: 7a802526-4c94-4bd1-ba14-835a1aca2120, 1, 0 [(0 [0xC004F014, 0, 0], [(?)(?)(?)(?)(?)(?)(?)(?)])(1 )(2 )(3 )]\n27: 7cb546c0-c7d5-44d8-9a5c-69ecdd782b69, 1, 0 [(0 [0xC004F014, 0, 0], [(?)(?)(?)(?)(?)(?)(?)(?)])(1 )(2 )(3 )]\n28: 82bbc092-bc50-4e16-8e18-b74fc486aec3, 1, 0 [(0 [0xC004F014, 0, 0], [(?)(?)(?)(?)(?)(?)(?)(?)])(1 )(2 )(3 )]\n29: 8ab9bdd1-1f67-4997-82d9-8878520837d9, 1, 0 [(0 [0xC004F014, 0, 0], [(?)(?)(?)(?)(?)(?)(?)(?)])(1 )(2 )(3 )]\n30: 8b351c9c-f398-4515-9900-09df49427262, 1, 0 [(0 [0xC004F014, 0, 0], [(?)(?)(?)(?)(?)(?)(?)(?)])(1 )(2 )(3 )]\n31: 90da7373-1c51-430b-bf26-c97e9c5cdc31, 1, 0 [(0 [0xC004F014, 0, 0], [(?)(?)(?)(?)(?)(?)(?)(?)])(1 )(2 )(3 )]\n32: 95dca82f-385d-4d39-b85b-5c73fa285d6f, 1, 0 [(0 [0xC004F014, 0, 0], [(?)(?)(?)(?)(?)(?)(?)(?)])(1 )(2 )(3 )]\n33: a48938aa-62fa-4966-9d44-9f04da3f72f2, 1, 0 [(0 [0xC004F014, 0, 0], [(?)(?)(?)(?)(?)(?)(?)(?)])(1 )(2 )(3 )]\n34: b0773a15-df3a-4312-9ad2-83d69648e356, 1, 0 [(0 [0xC004F014, 0, 0], [(?)(?)(?)(?)(?)(?)(?)(?)])(1 )(2 )(3 )]\n35: b4bfe195-541e-4e64-ad23-6177f19e395e, 1, 0 [(0 [0xC004F014, 0, 0], [(?)(?)(?)(?)(?)(?)(?)(?)])(1 )(2 )(3 )]\n36: b68e61d2-68ca-4757-be45-0cc2f3e68eee, 1, 0 [(0 [0xC004F014, 0, 0], [(?)(?)(?)(?)(?)(?)(?)(?)])(1 )(2 )(3 )]\n37: bd3762d7-270d-4760-8fb3-d829ca45278a, 1, 0 [(0 [0xC004F014, 0, 0], [(?)(?)(?)(?)(?)(?)(?)(?)])(1 )(2 )(3 )]\n38: c86d5194-4840-4dae-9c1c-0301003a5ab0, 1, 0 [(0 [0xC004F014, 0, 0], [(?)(?)(?)(?)(?)(?)(?)(?)])(1 )(2 )(3 )]\n39: d552befb-48cc-4327-8f39-47d2d94f987c, 1, 0 [(0 [0xC004F014, 0, 0], [(?)(?)(?)(?)(?)(?)(?)(?)])(1 )(2 )(3 )]\n40: d6eadb3b-5ca8-4a6b-986e-35b550756111, 1, 0 [(0 [0xC004F014, 0, 0], [(?)(?)(?)(?)(?)(?)(?)(?)])(1 )(2 )(3 )]\n41: df96023b-dcd9-4be2-afa0-c6c871159ebe, 1, 0 [(0 [0xC004F014, 0, 0], [(?)(?)(?)(?)(?)(?)(?)(?)])(1 )(2 )(3 )]\n42: e0c42288-980c-4788-a014-c080d2e1926e, 1, 0 [(0 [0xC004F014, 0, 0], [(?)(?)(?)(?)(?)(?)(?)(?)])(1 )(2 )(3 )]\n43: e4db50ea-bda1-4566-b047-0ca50abc6f07, 1, 0 [(0 [0xC004F014, 0, 0], [(?)(?)(?)(?)(?)(?)(?)(?)])(1 )(2 )(3 )]\n44: e558417a-5123-4f6f-91e7-385c1c7ca9d4, 1, 0 [(0 [0xC004F014, 0, 0], [(?)(?)(?)(?)(?)(?)(?)(?)])(1 )(2 )(3 )]\n45: e7a950a2-e548-4f10-bf16-02ec848e0643, 1, 0 [(0 [0xC004F014, 0, 0], [(?)(?)(?)(?)(?)(?)(?)(?)])(1 )(2 )(3 )]\n46: eb6d346f-1c60-4643-b960-40ec31596c45, 1, 0 [(0 [0xC004F014, 0, 0], [(?)(?)(?)(?)(?)(?)(?)(?)])(1 )(2 )(3 )]\n47: ec868e65-fadf-4759-b23e-93fe37f2cc29, 1, 0 [(0 [0xC004F014, 0, 0], [(?)(?)(?)(?)(?)(?)(?)(?)])(1 )(2 )(3 )]\n48: ef51e000-2659-4f25-8345-3de70a9cf4c4, 1, 0 [(0 [0xC004F014, 0, 0], [(?)(?)(?)(?)(?)(?)(?)(?)])(1 )(2 )(3 )]\n49: f7af7d09-40e4-419c-a49b-eae366689ebd, 1, 0 [(0 [0xC004F014, 0, 0], [(?)(?)(?)(?)(?)(?)(?)(?)])(1 )(2 )(3 )]\n50: fa755fe6-6739-40b9-8d84-6d0ea3b6d1ab, 1, 0 [(0 [0xC004F014, 0, 0], [(?)(?)(?)(?)(?)(?)(?)(?)])(1 )(2 )(3 )]\n51: fe74f55b-0338-41d6-b267-4a201abe7285, 1, 0 [(0 [0xC004F014, 0, 0], [(?)(?)(?)(?)(?)(?)(?)(?)])(1 )(2 )(3 )]\n\n"",""Binary"":""""}}"
704,704,2025-07-29 06:29:48.1549536,8198,Error,Microsoft-Windows-Security-SPP,Application,0,0,DESKTOP-5A3QN5S,6,,,,,,,,,,,,False,C:\Users\VM\Desktop\Application.evtx,0x80000000000000,0,"{""EventData"":{""Data"":""hr=0x803F7001, RuleId=31e71c49-8da7-4a2f-ad92-45d98a1c79ba;Action=AutoActivate;AppId=55c92734-d682-4d71-983e-d6ec3f16059f;SkuId=4de7cb65-cdf1-4de9-8ae8-e3cce27b9f2c;NotificationInterval=1440;Trigger=UserLogon;SessionId=1"",""Binary"":""""}}"
705,705,2025-07-29 06:29:48.7495716,1001,Info,Windows Error Reporting,Application,0,0,DESKTOP-5A3QN5S,6,,Application Crash,,,,,,,,,"1266001262392790124, 5, CbsPackageServicingFailure2, Not available, 0, 10.0.19041.3745, Package_for_KB5020683, 19041.2304.1.3, amd64, unknown, 800f0984, Stage, Resolved, Installed, WindowsUpdateAgent, 
\\?\C:\ProgramData\Microsoft\Windows\WER\Temp\WER5DD0.tmp.WERInternalMetadata.xml, \\?\C:\ProgramData\Microsoft\Windows\WER\ReportArchive\Critical_10.0.19041.3745_df96a81894588e781d035b6a7d2c998db8c4560_00000000_c99ff215-ce34-4531-9511-b228f936a9a8, 0, c99ff215-ce34-4531-9511-b228f936a9a8, 268435462, c5f0d941caf4369c5191bd70ca1e4c6c, 0",False,C:\Users\VM\Desktop\Application.evtx,0x80000000000000,0,"{""EventData"":{""Data"":""1266001262392790124, 5, CbsPackageServicingFailure2, Not available, 0, 10.0.19041.3745, Package_for_KB5020683, 19041.2304.1.3, amd64, unknown, 800f0984, Stage, Resolved, Installed, WindowsUpdateAgent, \n\\\\?\\C:\\ProgramData\\Microsoft\\Windows\\WER\\Temp\\WER5DD0.tmp.WERInternalMetadata.xml, \\\\?\\C:\\ProgramData\\Microsoft\\Windows\\WER\\ReportArchive\\Critical_10.0.19041.3745_df96a81894588e781d035b6a7d2c998db8c4560_00000000_c99ff215-ce34-4531-9511-b228f936a9a8, 0, c99ff215-ce34-4531-9511-b228f936a9a8, 268435462, c5f0d941caf4369c5191bd70ca1e4c6c, 0"",""Binary"":""""}}"
706,706,2025-07-29 06:30:39.6278381,256,Info,Edge,Application,0,0,DESKTOP-5A3QN5S,6,S-1-5-21-3151804214-3226339955-2188200191-1001,,,,,,,,,,,False,C:\Users\VM\Desktop\Application.evtx,0x80000000000000,0,"{""EventData"":{""Data"":""[6432:860:0728/233039.625:INFO:chrome\\browser\\extensions\\extension_garbage_collector.cc:184] Garbage collection for extensions on file thread is complete."",""Binary"":""""}}"
707,707,2025-07-29 06:31:08.0845451,16384,Info,Microsoft-Windows-Security-SPP,Application,0,0,DESKTOP-5A3QN5S,6,,,,,,,,,,,,False,C:\Users\VM\Desktop\Application.evtx,0x80000000000000,0,"{""EventData"":{""Data"":""2025-07-30T06:29:08Z, RulesEngine"",""Binary"":""""}}"
708,708,2025-07-29 06:31:08.1250643,903,LogAlways,Microsoft-Windows-Security-SPP,Application,0,0,DESKTOP-5A3QN5S,6,,,,,,,,,,,,False,C:\Users\VM\Desktop\Application.evtx,0x80000000000000,0,"{""EventData"":{""Data"":"""",""Binary"":""""}}"
709,709,2025-07-29 06:31:37.5187000,0,Info,edgeupdate,Application,0,0,DESKTOP-5A3QN5S,6,,,,,,,,,,,,False,C:\Users\VM\Desktop\Application.evtx,0x80000000000000,0,"{""EventData"":{""Data"":""Service stopped"",""Binary"":""""}}"
710,710,2025-07-29 06:31:38.7186906,900,Info,Microsoft-Windows-Security-SPP,Application,0,0,DESKTOP-5A3QN5S,6,,,,,,,,,,,,False,C:\Users\VM\Desktop\Application.evtx,0x80000000000000,0,"{""EventData"":{""Data"":""&lt;explicit&gt;"",""Binary"":""""}}"
711,711,2025-07-29 06:31:38.7957903,16394,Info,Microsoft-Windows-Security-SPP,Application,0,0,DESKTOP-5A3QN5S,6,,,,,,,,,,,,False,C:\Users\VM\Desktop\Application.evtx,0x80000000000000,0,"{""EventData"":{""Data"":"""",""Binary"":""""}}"
712,712,2025-07-29 06:31:39.4668985,1,Info,SecurityCenter,Application,0,0,DESKTOP-5A3QN5S,6,,,,,,,,,,,,False,C:\Users\VM\Desktop\Application.evtx,0x80000000000000,0,"{""EventData"":{""Data"":"""",""Binary"":""""}}"
713,713,2025-07-29 06:31:40.9327092,1034,Info,Microsoft-Windows-Security-SPP,Application,0,0,DESKTOP-5A3QN5S,6,,,,,,,,,,,,False,C:\Users\VM\Desktop\Application.evtx,0x80000000000000,0,"{""EventData"":{""Data"":""AAD-BlockAADWorkplaceJoin-Default, 100"",""Binary"":""""}}"
714,714,2025-07-29 06:31:40.9327092,1034,Info,Microsoft-Windows-Security-SPP,Application,0,0,DESKTOP-5A3QN5S,6,,,,,,,,,,,,False,C:\Users\VM\Desktop\Application.evtx,0x80000000000000,0,"{""EventData"":{""Data"":""AAD-BlockAADWorkplaceJoin-Default, 100"",""Binary"":""""}}"
715,715,2025-07-29 06:31:40.9327092,1034,Info,Microsoft-Windows-Security-SPP,Application,0,0,DESKTOP-5A3QN5S,6,,,,,,,,,,,,False,C:\Users\VM\Desktop\Application.evtx,0x80000000000000,0,"{""EventData"":{""Data"":""AAD-BlockAADWorkplaceJoin-Default, 100"",""Binary"":""""}}"
716,716,2025-07-29 06:31:40.9327092,1034,Info,Microsoft-Windows-Security-SPP,Application,0,0,DESKTOP-5A3QN5S,6,,,,,,,,,,,,False,C:\Users\VM\Desktop\Application.evtx,0x80000000000000,0,"{""EventData"":{""Data"":""AAD-BlockAADWorkplaceJoin-Default, 100"",""Binary"":""""}}"
717,717,2025-07-29 06:31:40.9327092,1034,Info,Microsoft-Windows-Security-SPP,Application,0,0,DESKTOP-5A3QN5S,6,,,,,,,,,,,,False,C:\Users\VM\Desktop\Application.evtx,0x80000000000000,0,"{""EventData"":{""Data"":""AAD-BlockAADWorkplaceJoin-Default, 100"",""Binary"":""""}}"
718,718,2025-07-29 06:31:41.3076894,1034,Info,Microsoft-Windows-Security-SPP,Application,0,0,DESKTOP-5A3QN5S,6,,,,,,,,,,,,False,C:\Users\VM\Desktop\Application.evtx,0x80000000000000,0,"{""EventData"":{""Data"":""AAD-BlockAADWorkplaceJoin-Default, 100"",""Binary"":""""}}"
719,719,2025-07-29 06:31:41.3392730,1034,Info,Microsoft-Windows-Security-SPP,Application,0,0,DESKTOP-5A3QN5S,6,,,,,,,,,,,,False,C:\Users\VM\Desktop\Application.evtx,0x80000000000000,0,"{""EventData"":{""Data"":""AAD-BlockAADWorkplaceJoin-Default, 100"",""Binary"":""""}}"
720,720,2025-07-29 06:31:41.3754840,1034,Info,Microsoft-Windows-Security-SPP,Application,0,0,DESKTOP-5A3QN5S,6,,,,,,,,,,,,False,C:\Users\VM\Desktop\Application.evtx,0x80000000000000,0,"{""EventData"":{""Data"":""AAD-BlockAADWorkplaceJoin-Default, 100"",""Binary"":""""}}"
721,721,2025-07-29 06:31:41.4024782,1034,Info,Microsoft-Windows-Security-SPP,Application,0,0,DESKTOP-5A3QN5S,6,,,,,,,,,,,,False,C:\Users\VM\Desktop\Application.evtx,0x80000000000000,0,"{""EventData"":{""Data"":""AAD-BlockAADWorkplaceJoin-Default, 100"",""Binary"":""""}}"
722,722,2025-07-29 06:31:41.4024782,1034,Info,Microsoft-Windows-Security-SPP,Application,0,0,DESKTOP-5A3QN5S,6,,,,,,,,,,,,False,C:\Users\VM\Desktop\Application.evtx,0x80000000000000,0,"{""EventData"":{""Data"":""Security-SPP-WriteWauMarker, 500"",""Binary"":""""}}"
723,723,2025-07-29 06:31:41.5042492,15,Info,SecurityCenter,Application,0,0,DESKTOP-5A3QN5S,6,,Windows Security Center State Changed,,,Updated Windows Defender status successfully to SECURITY_PRODUCT_STATE_ON.,,,,,,,False,C:\Users\VM\Desktop\Application.evtx,0x80000000000000,0,"{""EventData"":{""Data"":""Windows Defender, SECURITY_PRODUCT_STATE_ON"",""Binary"":""""}}"
724,724,2025-07-29 06:32:11.5386819,16384,Info,Microsoft-Windows-Security-SPP,Application,0,0,DESKTOP-5A3QN5S,6,,,,,,,,,,,,False,C:\Users\VM\Desktop\Application.evtx,0x80000000000000,0,"{""EventData"":{""Data"":""2025-07-30T06:29:11Z, RulesEngine"",""Binary"":""""}}"
725,725,2025-07-29 06:32:30.8493844,15,Info,SecurityCenter,Application,0,0,DESKTOP-5A3QN5S,6,,Windows Security Center State Changed,,,Updated Windows Defender status successfully to SECURITY_PRODUCT_STATE_ON.,,,,,,,False,C:\Users\VM\Desktop\Application.evtx,0x80000000000000,0,"{""EventData"":{""Data"":""Windows Defender, SECURITY_PRODUCT_STATE_ON"",""Binary"":""""}}"
726,726,2025-07-29 06:33:41.6442481,16394,Info,Microsoft-Windows-Security-SPP,Application,0,0,DESKTOP-5A3QN5S,6,,,,,,,,,,,,False,C:\Users\VM\Desktop\Application.evtx,0x80000000000000,0,"{""EventData"":{""Data"":"""",""Binary"":""""}}"
727,727,2025-07-29 06:35:58.6423038,16384,Info,Microsoft-Windows-Security-SPP,Application,0,0,DESKTOP-5A3QN5S,6,,,,,,,,,,,,False,C:\Users\VM\Desktop\Application.evtx,0x80000000000000,0,"{""EventData"":{""Data"":""2025-07-30T06:28:58Z, RulesEngine"",""Binary"":""""}}"
728,728,2025-07-29 06:36:17.7990570,6000,Info,Microsoft-Windows-Winlogon,Application,0,0,DESKTOP-5A3QN5S,6,,,,,,,,,,,,False,C:\Users\VM\Desktop\Application.evtx,0x80000000000000,0,"{""EventData"":{""Data"":""WSearch"",""Binary"":""D9-06-00-00""}}"
729,729,2025-07-29 06:36:17.9260154,6000,Info,Microsoft-Windows-Winlogon,Application,0,0,DESKTOP-5A3QN5S,6,,,,,,,,,,,,False,C:\Users\VM\Desktop\Application.evtx,0x80000000000000,0,"{""EventData"":{""Data"":""SessionEnv"",""Binary"":""D9-06-00-00""}}"
730,730,2025-07-29 06:36:18.5506328,13,Error,VSS,Application,0,0,DESKTOP-5A3QN5S,6,,,,,,,,,,,,False,C:\Users\VM\Desktop\Application.evtx,0x80000000000000,0,"{""EventData"":{""Data"":""{4e14fba2-2e22-11d1-9964-00c04fbbb345}, CEventSystem, 0x8007045b, A system shutdown is in progress.\n"",""Binary"":""2D-20-43-6F-64-65-3A-20-57-52-54-57-52-54-49-43-30-30-30-30-34-39-32-33-2D-20-43-61-6C-6C-3A-20-57-52-54-57-52-54-49-43-30-30-30-30-34-39-31-36-2D-20-50-49-44-3A-20-20-30-30-30-30-31-34-34-34-2D-20-54-49-44-3A-20-20-30-30-30-30-31-35-36-34-2D-20-43-4D-44-3A-20-20-43-3A-5C-57-69-6E-64-6F-77-73-5C-53-79-73-74-65-6D-33-32-5C-73-76-63-68-6F-73-74-2E-65-78-65-20-2D-6B-20-4E-65-74-77-6F-72-6B-53-65-72-76-69-63-65-20-2D-70-20-20-20-20-2D-20-55-73-65-72-3A-20-4E-61-6D-65-3A-20-4E-54-20-41-55-54-48-4F-52-49-54-59-5C-4E-45-54-57-4F-52-4B-20-53-45-52-56-49-43-45-2C-20-53-49-44-3A-53-2D-31-2D-35-2D-32-30""}}"
731,731,2025-07-29 06:36:18.5506328,8193,Error,VSS,Application,0,0,DESKTOP-5A3QN5S,6,,,,,,,,,,,,False,C:\Users\VM\Desktop\Application.evtx,0x80000000000000,0,"{""EventData"":{""Data"":""CoCreateInstance, 0x8007045b, A system shutdown is in progress.\n"",""Binary"":""2D-20-43-6F-64-65-3A-20-57-52-54-57-52-54-49-43-30-30-30-30-34-39-33-30-2D-20-43-61-6C-6C-3A-20-57-52-54-57-52-54-49-43-30-30-30-30-34-39-31-36-2D-20-50-49-44-3A-20-20-30-30-30-30-31-34-34-34-2D-20-54-49-44-3A-20-20-30-30-30-30-31-35-36-34-2D-20-43-4D-44-3A-20-20-43-3A-5C-57-69-6E-64-6F-77-73-5C-53-79-73-74-65-6D-33-32-5C-73-76-63-68-6F-73-74-2E-65-78-65-20-2D-6B-20-4E-65-74-77-6F-72-6B-53-65-72-76-69-63-65-20-2D-70-20-20-20-20-2D-20-55-73-65-72-3A-20-4E-61-6D-65-3A-20-4E-54-20-41-55-54-48-4F-52-49-54-59-5C-4E-45-54-57-4F-52-4B-20-53-45-52-56-49-43-45-2C-20-53-49-44-3A-53-2D-31-2D-35-2D-32-30""}}"
732,732,2025-07-29 06:36:18.5461081,1532,Info,Microsoft-Windows-User Profiles Service,Application,520,1176,DESKTOP-5A3QN5S,6,S-1-5-18,,,,,,,,,,,False,C:\Users\VM\Desktop\Application.evtx,Classic,0,"{""EventData"":""""}"
733,733,2025-07-29 06:38:39.6676609,4625,Info,Microsoft-Windows-EventSystem,Application,0,0,DESKTOP-5A3QN5S,6,,,,,,,,,,,,False,C:\Users\VM\Desktop\Application.evtx,0x80000000000000,0,"{""EventData"":{""Data"":[{""@Name"":""param1"",""#text"":""86400""},{""@Name"":""param2"",""#text"":""SuppressDuplicateDuration""},{""@Name"":""param3"",""#text"":""Software\\Microsoft\\EventSystem\\EventLog""}]}}"
734,734,2025-07-29 06:38:39.4222799,1531,Info,Microsoft-Windows-User Profiles Service,Application,748,1196,DESKTOP-5A3QN5S,6,S-1-5-18,,,,,,,,,,,False,C:\Users\VM\Desktop\Application.evtx,Classic,0,"{""EventData"":""""}"
735,735,2025-07-29 06:38:44.9302868,102,Info,ESENT,Application,0,0,DESKTOP-5A3QN5S,6,,,,,,,,,,,,False,C:\Users\VM\Desktop\Application.evtx,0x80000000000000,0,"{""EventData"":{""Data"":""SearchIndexer, 2660,P,98, Windows: , 0, 10, 00, 19045, 0000"",""Binary"":""""}}"
736,736,2025-07-29 06:38:44.9605098,105,Info,ESENT,Application,0,0,DESKTOP-5A3QN5S,6,,,,,,,,,,,,False,C:\Users\VM\Desktop\Application.evtx,0x80000000000000,0,"{""EventData"":{""Data"":""SearchIndexer, 2660,D,0, Windows: , 0, 0, \n[1] 0.007963 +J(0) +M(C:0K, Fs:250, WS:976K # 976K, PF:5108K # 5108K, P:5108K)\n[2] 0.001088 +J(0) +M(C:0K, Fs:112, WS:448K # 448K, PF:396K # 396K, P:396K)\n[3] 0.002350 +J(0) +M(C:0K, Fs:11, WS:40K # 40K, PF:68K # 68K, P:68K)\n[4] 0.000722 +J(0) +M(C:0K, Fs:25, WS:100K # 100K, PF:352K # 352K, P:352K)\n[5] 0.002218 +J(0) +M(C:0K, Fs:11, WS:44K # 44K, PF:20K # 20K, P:20K)\n[6] 0.008479 +J(0) +M(C:0K, Fs:25, WS:100K # 100K, PF:12K # 12K, P:12K)\n[7] 0.010478 -0.005645 (2) WT +J(0) +M(C:0K, Fs:275, WS:1096K # 1096K, PF:1032K # 1032K, P:1032K)\n[8] -\n[9] -\n[10] -\n[11] -\n[12] -\n[13] 0.011580 -0.000213 (2) WT +J(CM:0, PgRf:0, Rd:0/0, Dy:0/0, Lg:616/1) +M(C:0K, Fs:9, WS:-996K # 28K, PF:-1024K # 12K, P:-1024K)\n[14] 0.000022 +J(0) +M(C:0K, Fs:1, WS:4K # 0K, PF:4K # 0K, P:4K)\n[15] 0.000063 +J(0) +M(C:0K, Fs:66, WS:260K # 0K, PF:68K # 0K, P:68K)\n[16] 0.000103 +J(0) +M(C:0K, Fs:2, WS:0K # 0K, PF:0K # 0K, P:0K)."",""Binary"":""""}}"
737,737,2025-07-29 06:38:44.9922108,326,Info,ESENT,Application,0,0,DESKTOP-5A3QN5S,6,,NTDS the database engine attached a database,,,"Database: s: , 1, C:\ProgramData\Microsoft\Search\Data\Applications\Windows\Windows.edb",,,,,,,False,C:\Users\VM\Desktop\Application.evtx,0x80000000000000,0,"{""EventData"":{""Data"":""SearchIndexer, 2660,D,50, Windows: , 1, C:\\ProgramData\\Microsoft\\Search\\Data\\Applications\\Windows\\Windows.edb, 0, \n[1] 0.000005 +J(0) +M(C:0K, Fs:1, WS:4K # 0K, PF:0K # 0K, P:0K)\n[2] 0.002204 -0.000919 (1) WT +J(0) +M(C:0K, Fs:24, WS:32K # 0K, PF:32K # 0K, P:32K)\n[3] 0.015901 -0.009081 (6) WT +J(CM:0, PgRf:0, Rd:0/0, Dy:0/0, Lg:3480/2) +M(C:0K, Fs:37, WS:116K # 0K, PF:140K # 0K, P:140K)\n[4] 0.000074 +J(0) +M(C:0K, Fs:1, WS:4K # 0K, PF:0K # 0K, P:0K)\n[5] -\n[6] -\n[7] -\n[8] 0.004648 -0.002089 (2) CM +J(CM:2, PgRf:2, Rd:14/2, Dy:0/0, Lg:54/1) +M(C:0K, Fs:49, WS:192K # 0K, PF:684K # 0K, P:684K)\n[9] 0.012454 -0.000445 (5) CM -0.011831 (1) WT +J(CM:5, PgRf:23, Rd:0/5, Dy:0/0, Lg:0/0) +M(C:0K, Fs:69, WS:276K # 0K, PF:256K # 156K, P:256K)\n[10] 0.000500 -0.000422 (1) CM +J(CM:1, PgRf:40, Rd:0/1, Dy:0/0, Lg:0/0) +M(C:0K, Fs:10, WS:40K # 0K, PF:96K # 96K, P:96K)\n[11] 0.000012 +J(CM:0, PgRf:1, Rd:0/0, Dy:0/0, Lg:0/0) +M(C:0K, Fs:3, WS:12K # 0K, PF:0K # 0K, P:0K)\n[12] 0.000031 +J(CM:0, PgRf:42, Rd:0/0, Dy:0/0, Lg:0/0) +M(C:0K, Fs:3, WS:12K # 12K, PF:0K # 0K, P:0K)\n[13] 0.0 +J(0)\n[14] 0.0 +J(0)\n[15] 0.000003 +J(CM:0, PgRf:1, Rd:0/0, Dy:0/0, Lg:0/0)., 0 0, lgposAttach = 00000007:009F:0268,\ndbv = 1568.110.240"",""Binary"":""""}}"
738,738,2025-07-29 06:38:45.2881450,1003,Info,Microsoft-Windows-Search,Application,0,0,DESKTOP-5A3QN5S,6,,,,,,,,,,,,False,C:\Users\VM\Desktop\Application.evtx,0x80000000000000,0,"{""EventData"":{""Data"":{""@Name"":""ExtraInfo"",""#text"":"", ""}}}"
739,739,2025-07-29 06:38:44.5509293,5615,Info,Microsoft-Windows-WMI,Application,748,2360,DESKTOP-5A3QN5S,6,S-1-5-18,,,,,,,,,,,False,C:\Users\VM\Desktop\Application.evtx,Classic,0,"{""EventData"":""""}"
740,740,2025-07-29 06:38:46.2584229,6003,Info,Microsoft-Windows-Winlogon,Application,0,0,DESKTOP-5A3QN5S,6,,,,,,,,,,,,False,C:\Users\VM\Desktop\Application.evtx,0x80000000000000,0,"{""EventData"":{""Data"":""SessionEnv"",""Binary"":""D9-06-00-00""}}"
741,741,2025-07-29 06:38:47.2872570,6000,Info,Microsoft-Windows-Winlogon,Application,0,0,DESKTOP-5A3QN5S,6,,,,,,,,,,,,False,C:\Users\VM\Desktop\Application.evtx,0x80000000000000,0,"{""EventData"":{""Data"":""SessionEnv"",""Binary"":""D9-06-00-00""}}"
742,742,2025-07-29 06:38:48.0102515,900,Info,Microsoft-Windows-Security-SPP,Application,0,0,DESKTOP-5A3QN5S,6,,,,,,,,,,,,False,C:\Users\VM\Desktop\Application.evtx,0x80000000000000,0,"{""EventData"":{""Data"":""TriggerStarted:6"",""Binary"":""""}}"
743,743,2025-07-29 06:38:48.2716060,16394,Info,Microsoft-Windows-Security-SPP,Application,0,0,DESKTOP-5A3QN5S,6,,,,,,,,,,,,False,C:\Users\VM\Desktop\Application.evtx,0x80000000000000,0,"{""EventData"":{""Data"":"""",""Binary"":""""}}"
