983,983,2025-07-28 22:32:33.6116782,10001,Info,Microsoft-Windows-RestartManager,Application,1068,596,DESKTOP-5A3QN5S,11,S-1-5-21-3151804214-3226339955-2188200191-1001,,,,,,,,,,,False,C:\Users\VM\Desktop\Application.evtx,Classic,0,"{""UserData"":{""RmSessionEvent"":{""RmSessionId"":""0"",""UTCStartTime"":""2025-07-28 22:32:32.7627647""}}}"
984,984,2025-07-28 22:32:33.6475110,1040,Info,MsiInstaller,Application,0,0,DESKTOP-5A3QN5S,11,S-1-5-21-3151804214-3226339955-2188200191-1001,Installer Started,,,,,,,,,C:\ProgramData\Package Cache\{DD034F79-68A3-4009-A477-0CE697E4D675}v72.0.35968\ab60d19a1afc19ab7220b64c54eed86e-x64.msi,False,C:\Users\VM\Desktop\Application.evtx,0x80000000000000,0,"{""EventData"":{""Data"":""C:\\ProgramData\\Package Cache\\{DD034F79-68A3-4009-A477-0CE697E4D675}v72.0.35968\\ab60d19a1afc19ab7220b64c54eed86e-x64.msi, 7232, (NULL), (NULL), (NULL), (NULL)"",""Binary"":""""}}"
985,985,2025-07-28 22:32:34.5014812,11707,Info,MsiInstaller,Application,0,0,DESKTOP-5A3QN5S,11,S-1-5-21-3151804214-3226339955-2188200191-1001,Installation completed successfully,,,"Product: Microsoft.NET.Workload.Mono.Toolchain.net7.Manifest (x64) -- Installation completed successfully., (NULL), (NULL), (NULL), (NULL), (NULL)",,,,,,,False,C:\Users\VM\Desktop\Application.evtx,0x80000000000000,0,"{""EventData"":{""Data"":""Product: Microsoft.NET.Workload.Mono.Toolchain.net7.Manifest (x64) -- Installation completed successfully., (NULL), (NULL), (NULL), (NULL), (NULL)"",""Binary"":""7B-44-44-30-33-34-46-37-39-2D-36-38-41-33-2D-34-30-30-39-2D-41-34-37-37-2D-30-43-45-36-39-37-45-34-44-36-37-35-7D""}}"
986,986,2025-07-28 22:32:34.5014812,1033,Info,MsiInstaller,Application,0,0,DESKTOP-5A3QN5S,11,S-1-5-21-3151804214-3226339955-2188200191-1001,A program was installed,,,"Name, Version, Lang, Status, Manufacturer: Microsoft.NET.Workload.Mono.Toolchain.net7.Manifest (x64), 72.0.35968, 1033, 0, Microsoft Corporation, (NULL)",,,,,,,False,C:\Users\VM\Desktop\Application.evtx,0x80000000000000,0,"{""EventData"":{""Data"":""Microsoft.NET.Workload.Mono.Toolchain.net7.Manifest (x64), 72.0.35968, 1033, 0, Microsoft Corporation, (NULL)"",""Binary"":""7B-44-44-30-33-34-46-37-39-2D-36-38-41-33-2D-34-30-30-39-2D-41-34-37-37-2D-30-43-45-36-39-37-45-34-44-36-37-35-7D-30-30-30-30-31-36-66-37-36-37-33-33-64-32-35-64-62-32-36-61-39-64-32-39-38-39-64-62-33-35-34-39-35-38-39-61-30-30-30-30-30-39-30-34""}}"
987,987,2025-07-28 22:32:34.5319107,1042,Info,MsiInstaller,Application,0,0,DESKTOP-5A3QN5S,11,S-1-5-18,Installer Exited,,,,,,,,,C:\ProgramData\Package Cache\{DD034F79-68A3-4009-A477-0CE697E4D675}v72.0.35968\ab60d19a1afc19ab7220b64c54eed86e-x64.msi,False,C:\Users\VM\Desktop\Application.evtx,0x80000000000000,0,"{""EventData"":{""Data"":""C:\\ProgramData\\Package Cache\\{DD034F79-68A3-4009-A477-0CE697E4D675}v72.0.35968\\ab60d19a1afc19ab7220b64c54eed86e-x64.msi, 7232, (NULL), (NULL), (NULL), (NULL)"",""Binary"":""""}}"
988,988,2025-07-28 22:32:34.5569426,1040,Info,MsiInstaller,Application,0,0,DESKTOP-5A3QN5S,11,S-1-5-21-3151804214-3226339955-2188200191-1001,Installer Started,,,,,,,,,C:\ProgramData\Package Cache\{EE9A81C7-66CA-4C71-9C1D-E1312A435E78}v72.0.35968\f411486cd5569b16b896164b28be0cf3-x64.msi,False,C:\Users\VM\Desktop\Application.evtx,0x80000000000000,0,"{""EventData"":{""Data"":""C:\\ProgramData\\Package Cache\\{EE9A81C7-66CA-4C71-9C1D-E1312A435E78}v72.0.35968\\f411486cd5569b16b896164b28be0cf3-x64.msi, 7232, (NULL), (NULL), (NULL), (NULL)"",""Binary"":""""}}"
989,989,2025-07-28 22:32:33.7143879,10000,Info,Microsoft-Windows-RestartManager,Application,1068,3272,DESKTOP-5A3QN5S,11,S-1-5-21-3151804214-3226339955-2188200191-1001,,,,,,,,,,,False,C:\Users\VM\Desktop\Application.evtx,Classic,0,"{""UserData"":{""RmSessionEvent"":{""RmSessionId"":""0"",""UTCStartTime"":""2025-07-28 22:32:33.7088500""}}}"
990,990,2025-07-28 22:32:34.5239905,10001,Info,Microsoft-Windows-RestartManager,Application,1068,596,DESKTOP-5A3QN5S,11,S-1-5-21-3151804214-3226339955-2188200191-1001,,,,,,,,,,,False,C:\Users\VM\Desktop\Application.evtx,Classic,0,"{""UserData"":{""RmSessionEvent"":{""RmSessionId"":""0"",""UTCStartTime"":""2025-07-28 22:32:33.7088500""}}}"
991,991,2025-07-28 22:32:34.6243642,10000,Info,Microsoft-Windows-RestartManager,Application,1068,7508,DESKTOP-5A3QN5S,11,S-1-5-21-3151804214-3226339955-2188200191-1001,,,,,,,,,,,False,C:\Users\VM\Desktop\Application.evtx,Classic,0,"{""UserData"":{""RmSessionEvent"":{""RmSessionId"":""0"",""UTCStartTime"":""2025-07-28 22:32:34.6198686""}}}"
992,992,2025-07-28 22:32:35.3590354,11707,Info,MsiInstaller,Application,0,0,DESKTOP-5A3QN5S,11,S-1-5-21-3151804214-3226339955-2188200191-1001,Installation completed successfully,,,"Product: Microsoft.NET.Workload.Mono.Toolchain.net8.Manifest (x64) -- Installation completed successfully., (NULL), (NULL), (NULL), (NULL), (NULL)",,,,,,,False,C:\Users\VM\Desktop\Application.evtx,0x80000000000000,0,"{""EventData"":{""Data"":""Product: Microsoft.NET.Workload.Mono.Toolchain.net8.Manifest (x64) -- Installation completed successfully., (NULL), (NULL), (NULL), (NULL), (NULL)"",""Binary"":""7B-45-45-39-41-38-31-43-37-2D-36-36-43-41-2D-34-43-37-31-2D-39-43-31-44-2D-45-31-33-31-32-41-34-33-35-45-37-38-7D""}}"
993,993,2025-07-28 22:32:35.3590354,1033,Info,MsiInstaller,Application,0,0,DESKTOP-5A3QN5S,11,S-1-5-21-3151804214-3226339955-2188200191-1001,A program was installed,,,"Name, Version, Lang, Status, Manufacturer: Microsoft.NET.Workload.Mono.Toolchain.net8.Manifest (x64), 72.0.35968, 1033, 0, Microsoft Corporation, (NULL)",,,,,,,False,C:\Users\VM\Desktop\Application.evtx,0x80000000000000,0,"{""EventData"":{""Data"":""Microsoft.NET.Workload.Mono.Toolchain.net8.Manifest (x64), 72.0.35968, 1033, 0, Microsoft Corporation, (NULL)"",""Binary"":""7B-45-45-39-41-38-31-43-37-2D-36-36-43-41-2D-34-43-37-31-2D-39-43-31-44-2D-45-31-33-31-32-41-34-33-35-45-37-38-7D-30-30-30-30-39-38-66-62-39-33-34-30-34-37-64-31-65-39-63-64-38-33-33-36-33-36-31-36-33-30-38-34-64-62-62-33-30-30-30-30-30-39-30-34""}}"
994,994,2025-07-28 22:32:35.3888091,1042,Info,MsiInstaller,Application,0,0,DESKTOP-5A3QN5S,11,S-1-5-18,Installer Exited,,,,,,,,,C:\ProgramData\Package Cache\{EE9A81C7-66CA-4C71-9C1D-E1312A435E78}v72.0.35968\f411486cd5569b16b896164b28be0cf3-x64.msi,False,C:\Users\VM\Desktop\Application.evtx,0x80000000000000,0,"{""EventData"":{""Data"":""C:\\ProgramData\\Package Cache\\{EE9A81C7-66CA-4C71-9C1D-E1312A435E78}v72.0.35968\\f411486cd5569b16b896164b28be0cf3-x64.msi, 7232, (NULL), (NULL), (NULL), (NULL)"",""Binary"":""""}}"
995,995,2025-07-28 22:32:35.4163138,1040,Info,MsiInstaller,Application,0,0,DESKTOP-5A3QN5S,11,S-1-5-21-3151804214-3226339955-2188200191-1001,Installer Started,,,,,,,,,C:\ProgramData\Package Cache\{2E5C5364-621F-4F22-8B81-18524D6F0361}v64.136.23253\7bdd89fa015679c6d39dbc54ab7f51c7-x64.msi,False,C:\Users\VM\Desktop\Application.evtx,0x80000000000000,0,"{""EventData"":{""Data"":""C:\\ProgramData\\Package Cache\\{2E5C5364-621F-4F22-8B81-18524D6F0361}v64.136.23253\\7bdd89fa015679c6d39dbc54ab7f51c7-x64.msi, 7232, (NULL), (NULL), (NULL), (NULL)"",""Binary"":""""}}"
996,996,2025-07-28 22:32:36.0264416,11707,Info,MsiInstaller,Application,0,0,DESKTOP-5A3QN5S,11,S-1-5-21-3151804214-3226339955-2188200191-1001,Installation completed successfully,,,"Product: Microsoft.NET.Sdk.Aspire.Manifest-8.0.100 (x64) -- Installation completed successfully., (NULL), (NULL), (NULL), (NULL), (NULL)",,,,,,,False,C:\Users\VM\Desktop\Application.evtx,0x80000000000000,0,"{""EventData"":{""Data"":""Product: Microsoft.NET.Sdk.Aspire.Manifest-8.0.100 (x64) -- Installation completed successfully., (NULL), (NULL), (NULL), (NULL), (NULL)"",""Binary"":""7B-32-45-35-43-35-33-36-34-2D-36-32-31-46-2D-34-46-32-32-2D-38-42-38-31-2D-31-38-35-32-34-44-36-46-30-33-36-31-7D""}}"
997,997,2025-07-28 22:32:36.0264416,1033,Info,MsiInstaller,Application,0,0,DESKTOP-5A3QN5S,11,S-1-5-21-3151804214-3226339955-2188200191-1001,A program was installed,,,"Name, Version, Lang, Status, Manufacturer: Microsoft.NET.Sdk.Aspire.Manifest-8.0.100 (x64), 64.136.23253, 1033, 0, Microsoft Corporation, (NULL)",,,,,,,False,C:\Users\VM\Desktop\Application.evtx,0x80000000000000,0,"{""EventData"":{""Data"":""Microsoft.NET.Sdk.Aspire.Manifest-8.0.100 (x64), 64.136.23253, 1033, 0, Microsoft Corporation, (NULL)"",""Binary"":""7B-32-45-35-43-35-33-36-34-2D-36-32-31-46-2D-34-46-32-32-2D-38-42-38-31-2D-31-38-35-32-34-44-36-46-30-33-36-31-7D-30-30-30-30-38-63-34-63-65-64-65-62-31-65-64-35-38-63-33-39-37-36-31-36-65-64-37-63-31-35-31-62-34-36-62-63-30-30-30-30-30-39-30-34""}}"
998,998,2025-07-28 22:32:36.0419250,1042,Info,MsiInstaller,Application,0,0,DESKTOP-5A3QN5S,11,S-1-5-18,Installer Exited,,,,,,,,,C:\ProgramData\Package Cache\{2E5C5364-621F-4F22-8B81-18524D6F0361}v64.136.23253\7bdd89fa015679c6d39dbc54ab7f51c7-x64.msi,False,C:\Users\VM\Desktop\Application.evtx,0x80000000000000,0,"{""EventData"":{""Data"":""C:\\ProgramData\\Package Cache\\{2E5C5364-621F-4F22-8B81-18524D6F0361}v64.136.23253\\7bdd89fa015679c6d39dbc54ab7f51c7-x64.msi, 7232, (NULL), (NULL), (NULL), (NULL)"",""Binary"":""""}}"
999,999,2025-07-28 22:32:36.0802324,1040,Info,MsiInstaller,Application,0,0,DESKTOP-5A3QN5S,11,S-1-5-21-3151804214-3226339955-2188200191-1001,Installer Started,,,,,,,,,C:\ProgramData\Package Cache\{8F7B770D-F502-4C93-B811-C4E2E0AA2D6A}v36.9.63071\dotnet-sdk-internal-9.0.303-win-x64.msi,False,C:\Users\VM\Desktop\Application.evtx,0x80000000000000,0,"{""EventData"":{""Data"":""C:\\ProgramData\\Package Cache\\{8F7B770D-F502-4C93-B811-C4E2E0AA2D6A}v36.9.63071\\dotnet-sdk-internal-9.0.303-win-x64.msi, 7232, (NULL), (NULL), (NULL), (NULL)"",""Binary"":""""}}"
1000,1000,2025-07-28 22:32:35.3851762,10001,Info,Microsoft-Windows-RestartManager,Application,1068,596,DESKTOP-5A3QN5S,11,S-1-5-21-3151804214-3226339955-2188200191-1001,,,,,,,,,,,False,C:\Users\VM\Desktop\Application.evtx,Classic,0,"{""UserData"":{""RmSessionEvent"":{""RmSessionId"":""0"",""UTCStartTime"":""2025-07-28 22:32:34.6198686""}}}"
1001,1001,2025-07-28 22:32:35.4804107,10000,Info,Microsoft-Windows-RestartManager,Application,1068,7612,DESKTOP-5A3QN5S,11,S-1-5-21-3151804214-3226339955-2188200191-1001,,,,,,,,,,,False,C:\Users\VM\Desktop\Application.evtx,Classic,0,"{""UserData"":{""RmSessionEvent"":{""RmSessionId"":""0"",""UTCStartTime"":""2025-07-28 22:32:35.4781319""}}}"
1002,1002,2025-07-28 22:32:36.0377800,10001,Info,Microsoft-Windows-RestartManager,Application,1068,596,DESKTOP-5A3QN5S,11,S-1-5-21-3151804214-3226339955-2188200191-1001,,,,,,,,,,,False,C:\Users\VM\Desktop\Application.evtx,Classic,0,"{""UserData"":{""RmSessionEvent"":{""RmSessionId"":""0"",""UTCStartTime"":""2025-07-28 22:32:35.4781319""}}}"
1003,1003,2025-07-28 22:32:37.9160236,10000,Info,Microsoft-Windows-RestartManager,Application,1068,3396,DESKTOP-5A3QN5S,11,S-1-5-21-3151804214-3226339955-2188200191-1001,,,,,,,,,,,False,C:\Users\VM\Desktop\Application.evtx,Classic,0,"{""UserData"":{""RmSessionEvent"":{""RmSessionId"":""0"",""UTCStartTime"":""2025-07-28 22:32:37.9122211""}}}"
1004,1004,2025-07-28 22:33:45.7883270,11707,Info,MsiInstaller,Application,0,0,DESKTOP-5A3QN5S,11,S-1-5-21-3151804214-3226339955-2188200191-1001,Installation completed successfully,,,"Product: Microsoft .NET Toolset 9.0.303 (x64) -- Installation completed successfully., (NULL), (NULL), (NULL), (NULL), (NULL)",,,,,,,False,C:\Users\VM\Desktop\Application.evtx,0x80000000000000,0,"{""EventData"":{""Data"":""Product: Microsoft .NET Toolset 9.0.303 (x64) -- Installation completed successfully., (NULL), (NULL), (NULL), (NULL), (NULL)"",""Binary"":""7B-38-46-37-42-37-37-30-44-2D-46-35-30-32-2D-34-43-39-33-2D-42-38-31-31-2D-43-34-45-32-45-30-41-41-32-44-36-41-7D""}}"
1005,1005,2025-07-28 22:33:45.7883270,1033,Info,MsiInstaller,Application,0,0,DESKTOP-5A3QN5S,11,S-1-5-21-3151804214-3226339955-2188200191-1001,A program was installed,,,"Name, Version, Lang, Status, Manufacturer: Microsoft .NET Toolset 9.0.303 (x64), 36.9.63071, 1033, 0, Microsoft Corporation, (NULL)",,,,,,,False,C:\Users\VM\Desktop\Application.evtx,0x80000000000000,0,"{""EventData"":{""Data"":""Microsoft .NET Toolset 9.0.303 (x64), 36.9.63071, 1033, 0, Microsoft Corporation, (NULL)"",""Binary"":""7B-38-46-37-42-37-37-30-44-2D-46-35-30-32-2D-34-43-39-33-2D-42-38-31-31-2D-43-34-45-32-45-30-41-41-32-44-36-41-7D-30-30-30-30-33-39-32-62-64-37-63-31-30-64-37-36-64-31-62-62-31-37-36-37-33-36-61-39-35-66-33-33-65-37-31-65-30-30-30-30-30-39-30-34""}}"
1006,1006,2025-07-28 22:33:45.8416157,1042,Info,MsiInstaller,Application,0,0,DESKTOP-5A3QN5S,11,S-1-5-18,Installer Exited,,,,,,,,,C:\ProgramData\Package Cache\{8F7B770D-F502-4C93-B811-C4E2E0AA2D6A}v36.9.63071\dotnet-sdk-internal-9.0.303-win-x64.msi,False,C:\Users\VM\Desktop\Application.evtx,0x80000000000000,0,"{""EventData"":{""Data"":""C:\\ProgramData\\Package Cache\\{8F7B770D-F502-4C93-B811-C4E2E0AA2D6A}v36.9.63071\\dotnet-sdk-internal-9.0.303-win-x64.msi, 7232, (NULL), (NULL), (NULL), (NULL)"",""Binary"":""""}}"
1007,1007,2025-07-28 22:33:45.8774525,1040,Info,MsiInstaller,Application,0,0,DESKTOP-5A3QN5S,11,S-1-5-21-3151804214-3226339955-2188200191-1001,Installer Started,,,,,,,,,C:\ProgramData\Package Cache\{02624192-F87A-3F61-B242-747B6726C9E3}v9.0.7.25317\aspnetcore-runtime-9.0.7-servicing.25317.2-win-x64.msi,False,C:\Users\VM\Desktop\Application.evtx,0x80000000000000,0,"{""EventData"":{""Data"":""C:\\ProgramData\\Package Cache\\{02624192-F87A-3F61-B242-747B6726C9E3}v9.0.7.25317\\aspnetcore-runtime-9.0.7-servicing.25317.2-win-x64.msi, 7232, (NULL), (NULL), (NULL), (NULL)"",""Binary"":""""}}"
1008,1008,2025-07-28 22:33:45.8255002,10001,Info,Microsoft-Windows-RestartManager,Application,1068,596,DESKTOP-5A3QN5S,11,S-1-5-21-3151804214-3226339955-2188200191-1001,,,,,,,,,,,False,C:\Users\VM\Desktop\Application.evtx,Classic,0,"{""UserData"":{""RmSessionEvent"":{""RmSessionId"":""0"",""UTCStartTime"":""2025-07-28 22:32:37.9122211""}}}"
1009,1009,2025-07-28 22:33:46.1073878,10000,Info,Microsoft-Windows-RestartManager,Application,1068,3544,DESKTOP-5A3QN5S,11,S-1-5-21-3151804214-3226339955-2188200191-1001,,,,,,,,,,,False,C:\Users\VM\Desktop\Application.evtx,Classic,0,"{""UserData"":{""RmSessionEvent"":{""RmSessionId"":""0"",""UTCStartTime"":""2025-07-28 22:33:46.1016453""}}}"
1010,1010,2025-07-28 22:33:49.1317503,11707,Info,MsiInstaller,Application,0,0,DESKTOP-5A3QN5S,11,S-1-5-21-3151804214-3226339955-2188200191-1001,Installation completed successfully,,,"Product: Microsoft ASP.NET Core 9.0.7 Shared Framework (x64) -- Installation completed successfully., (NULL), (NULL), (NULL), (NULL), (NULL)",,,,,,,False,C:\Users\VM\Desktop\Application.evtx,0x80000000000000,0,"{""EventData"":{""Data"":""Product: Microsoft ASP.NET Core 9.0.7 Shared Framework (x64) -- Installation completed successfully., (NULL), (NULL), (NULL), (NULL), (NULL)"",""Binary"":""7B-30-32-36-32-34-31-39-32-2D-46-38-37-41-2D-33-46-36-31-2D-42-32-34-32-2D-37-34-37-42-36-37-32-36-43-39-45-33-7D""}}"
1011,1011,2025-07-28 22:33:49.1317503,1033,Info,MsiInstaller,Application,0,0,DESKTOP-5A3QN5S,11,S-1-5-21-3151804214-3226339955-2188200191-1001,A program was installed,,,"Name, Version, Lang, Status, Manufacturer: Microsoft ASP.NET Core 9.0.7 Shared Framework (x64), 9.0.7.25317, 1033, 0, Microsoft Corporation, (NULL)",,,,,,,False,C:\Users\VM\Desktop\Application.evtx,0x80000000000000,0,"{""EventData"":{""Data"":""Microsoft ASP.NET Core 9.0.7 Shared Framework (x64), 9.0.7.25317, 1033, 0, Microsoft Corporation, (NULL)"",""Binary"":""7B-30-32-36-32-34-31-39-32-2D-46-38-37-41-2D-33-46-36-31-2D-42-32-34-32-2D-37-34-37-42-36-37-32-36-43-39-45-33-7D-30-30-30-30-38-31-63-33-64-30-66-61-38-66-35-66-32-36-37-62-37-33-34-66-32-38-66-36-34-63-32-35-64-35-64-30-30-30-30-30-30-39-30-34""}}"
1012,1012,2025-07-28 22:33:49.1538019,1042,Info,MsiInstaller,Application,0,0,DESKTOP-5A3QN5S,11,S-1-5-18,Installer Exited,,,,,,,,,C:\ProgramData\Package Cache\{02624192-F87A-3F61-B242-747B6726C9E3}v9.0.7.25317\aspnetcore-runtime-9.0.7-servicing.25317.2-win-x64.msi,False,C:\Users\VM\Desktop\Application.evtx,0x80000000000000,0,"{""EventData"":{""Data"":""C:\\ProgramData\\Package Cache\\{02624192-F87A-3F61-B242-747B6726C9E3}v9.0.7.25317\\aspnetcore-runtime-9.0.7-servicing.25317.2-win-x64.msi, 7232, (NULL), (NULL), (NULL), (NULL)"",""Binary"":""""}}"
1013,1013,2025-07-28 22:33:49.1497477,10001,Info,Microsoft-Windows-RestartManager,Application,1068,2144,DESKTOP-5A3QN5S,11,S-1-5-21-3151804214-3226339955-2188200191-1001,,,,,,,,,,,False,C:\Users\VM\Desktop\Application.evtx,Classic,0,"{""UserData"":{""RmSessionEvent"":{""RmSessionId"":""0"",""UTCStartTime"":""2025-07-28 22:33:46.1016453""}}}"
1014,1014,2025-07-28 22:39:16.5327553,4097,Info,Microsoft-Windows-CAPI2,Application,1464,2360,DESKTOP-5A3QN5S,11,,,,,,,,,,,,False,C:\Users\VM\Desktop\Application.evtx,"Audit success, classic",0,"{""EventData"":{""Data"":""CN=AAA Certificate Services, O=Comodo CA Limited, L=Salford, S=Greater Manchester, C=GB, D1EB23A46D17D68FD92564C2F1F1601764D8E349"",""Binary"":""""}}"
1015,1015,2025-07-28 23:12:24.6113466,16394,Info,Microsoft-Windows-Security-SPP,Application,0,0,DESKTOP-5A3QN5S,11,,,,,,,,,,,,False,C:\Users\VM\Desktop\Application.evtx,0x80000000000000,0,"{""EventData"":{""Data"":"""",""Binary"":""""}}"
1016,1016,2025-07-28 23:13:05.2800902,16384,Info,Microsoft-Windows-Security-SPP,Application,0,0,DESKTOP-5A3QN5S,11,,,,,,,,,,,,False,C:\Users\VM\Desktop\Application.evtx,0x80000000000000,0,"{""EventData"":{""Data"":""2025-07-29T22:14:05Z, RulesEngine"",""Binary"":""""}}"
1017,1017,2025-07-28 23:15:06.4157486,256,Info,Edge,Application,0,0,DESKTOP-5A3QN5S,11,S-1-5-21-3151804214-3226339955-2188200191-1001,,,,,,,,,,,False,C:\Users\VM\Desktop\Application.evtx,0x80000000000000,0,"{""EventData"":{""Data"":""[832:6372:0728/161506.415:INFO:chrome\\browser\\extensions\\extension_garbage_collector.cc:184] Garbage collection for extensions on file thread is complete."",""Binary"":""""}}"
1018,1018,2025-07-29 00:02:36.2873334,16394,Info,Microsoft-Windows-Security-SPP,Application,0,0,DESKTOP-5A3QN5S,11,,,,,,,,,,,,False,C:\Users\VM\Desktop\Application.evtx,0x80000000000000,0,"{""EventData"":{""Data"":"""",""Binary"":""""}}"
1019,1019,2025-07-29 00:03:21.3927019,16384,Info,Microsoft-Windows-Security-SPP,Application,0,0,DESKTOP-5A3QN5S,11,,,,,,,,,,,,False,C:\Users\VM\Desktop\Application.evtx,0x80000000000000,0,"{""EventData"":{""Data"":""2025-07-29T22:14:21Z, RulesEngine"",""Binary"":""""}}"
1020,1020,2025-07-29 00:26:30.2606803,16394,Info,Microsoft-Windows-Security-SPP,Application,0,0,DESKTOP-5A3QN5S,11,,,,,,,,,,,,False,C:\Users\VM\Desktop\Application.evtx,0x80000000000000,0,"{""EventData"":{""Data"":"""",""Binary"":""""}}"
1021,1021,2025-07-29 00:26:51.2155728,16384,Info,Microsoft-Windows-Security-SPP,Application,0,0,DESKTOP-5A3QN5S,11,,,,,,,,,,,,False,C:\Users\VM\Desktop\Application.evtx,0x80000000000000,0,"{""EventData"":{""Data"":""2025-07-29T22:14:51Z, RulesEngine"",""Binary"":""""}}"
1022,1022,2025-07-29 00:29:31.2091562,16394,Info,Microsoft-Windows-Security-SPP,Application,0,0,DESKTOP-5A3QN5S,11,,,,,,,,,,,,False,C:\Users\VM\Desktop\Application.evtx,0x80000000000000,0,"{""EventData"":{""Data"":"""",""Binary"":""""}}"
1023,1023,2025-07-29 00:30:14.6066604,16384,Info,Microsoft-Windows-Security-SPP,Application,0,0,DESKTOP-5A3QN5S,11,,,,,,,,,,,,False,C:\Users\VM\Desktop\Application.evtx,0x80000000000000,0,"{""EventData"":{""Data"":""2025-07-29T22:14:14Z, RulesEngine"",""Binary"":""""}}"
1024,1024,2025-07-29 00:45:05.3149943,16394,Info,Microsoft-Windows-Security-SPP,Application,0,0,DESKTOP-5A3QN5S,11,,,,,,,,,,,,False,C:\Users\VM\Desktop\Application.evtx,0x80000000000000,0,"{""EventData"":{""Data"":"""",""Binary"":""""}}"
1025,1025,2025-07-29 00:45:31.3093031,16384,Info,Microsoft-Windows-Security-SPP,Application,0,0,DESKTOP-5A3QN5S,11,,,,,,,,,,,,False,C:\Users\VM\Desktop\Application.evtx,0x80000000000000,0,"{""EventData"":{""Data"":""2025-07-29T22:14:31Z, RulesEngine"",""Binary"":""""}}"
1026,1026,2025-07-29 00:48:06.1788639,16394,Info,Microsoft-Windows-Security-SPP,Application,0,0,DESKTOP-5A3QN5S,11,,,,,,,,,,,,False,C:\Users\VM\Desktop\Application.evtx,0x80000000000000,0,"{""EventData"":{""Data"":"""",""Binary"":""""}}"
1027,1027,2025-07-29 00:48:46.0025605,16384,Info,Microsoft-Windows-Security-SPP,Application,0,0,DESKTOP-5A3QN5S,11,,,,,,,,,,,,False,C:\Users\VM\Desktop\Application.evtx,0x80000000000000,0,"{""EventData"":{""Data"":""2025-07-29T22:14:45Z, RulesEngine"",""Binary"":""""}}"
1028,1028,2025-07-29 00:51:56.2659079,1130,LogAlways,.NET Runtime Optimization Service,Application,0,0,DESKTOP-5A3QN5S,11,,,,,,,,,,,,False,C:\Users\VM\Desktop\Application.evtx,0x80000000000000,0,"{""EventData"":{""Data"":"".NET Runtime Optimization Service (4.0.30319.0) - Installed from repository: mscorlib"",""Binary"":""""}}"
1029,1029,2025-07-29 00:51:56.3262114,1130,LogAlways,.NET Runtime Optimization Service,Application,0,0,DESKTOP-5A3QN5S,11,,,,,,,,,,,,False,C:\Users\VM\Desktop\Application.evtx,0x80000000000000,0,"{""EventData"":{""Data"":"".NET Runtime Optimization Service (4.0.30319.0) - Installed from repository: mscorlib"",""Binary"":""""}}"
1030,1030,2025-07-29 00:51:57.6464235,16394,Info,Microsoft-Windows-Security-SPP,Application,0,0,DESKTOP-5A3QN5S,11,,,,,,,,,,,,False,C:\Users\VM\Desktop\Application.evtx,0x80000000000000,0,"{""EventData"":{""Data"":"""",""Binary"":""""}}"
1031,1031,2025-07-29 00:51:58.9369004,1034,Info,Microsoft-Windows-Security-SPP,Application,0,0,DESKTOP-5A3QN5S,11,,,,,,,,,,,,False,C:\Users\VM\Desktop\Application.evtx,0x80000000000000,0,"{""EventData"":{""Data"":""AAD-BlockAADWorkplaceJoin-Default, 100"",""Binary"":""""}}"
1032,1032,2025-07-29 00:51:58.9664767,1034,Info,Microsoft-Windows-Security-SPP,Application,0,0,DESKTOP-5A3QN5S,11,,,,,,,,,,,,False,C:\Users\VM\Desktop\Application.evtx,0x80000000000000,0,"{""EventData"":{""Data"":""AAD-BlockAADWorkplaceJoin-Default, 100"",""Binary"":""""}}"
1033,1033,2025-07-29 00:51:59.0159109,1034,Info,Microsoft-Windows-Security-SPP,Application,0,0,DESKTOP-5A3QN5S,11,,,,,,,,,,,,False,C:\Users\VM\Desktop\Application.evtx,0x80000000000000,0,"{""EventData"":{""Data"":""AAD-BlockAADWorkplaceJoin-Default, 100"",""Binary"":""""}}"
1034,1034,2025-07-29 00:51:59.0605468,1034,Info,Microsoft-Windows-Security-SPP,Application,0,0,DESKTOP-5A3QN5S,11,,,,,,,,,,,,False,C:\Users\VM\Desktop\Application.evtx,0x80000000000000,0,"{""EventData"":{""Data"":""AAD-BlockAADWorkplaceJoin-Default, 100"",""Binary"":""""}}"
1035,1035,2025-07-29 00:51:59.0911868,1034,Info,Microsoft-Windows-Security-SPP,Application,0,0,DESKTOP-5A3QN5S,11,,,,,,,,,,,,False,C:\Users\VM\Desktop\Application.evtx,0x80000000000000,0,"{""EventData"":{""Data"":""AAD-BlockAADWorkplaceJoin-Default, 100"",""Binary"":""""}}"
1036,1036,2025-07-29 00:51:59.1366466,1034,Info,Microsoft-Windows-Security-SPP,Application,0,0,DESKTOP-5A3QN5S,11,,,,,,,,,,,,False,C:\Users\VM\Desktop\Application.evtx,0x80000000000000,0,"{""EventData"":{""Data"":""AAD-BlockAADWorkplaceJoin-Default, 100"",""Binary"":""""}}"
1037,1037,2025-07-29 00:51:59.1604655,1034,Info,Microsoft-Windows-Security-SPP,Application,0,0,DESKTOP-5A3QN5S,11,,,,,,,,,,,,False,C:\Users\VM\Desktop\Application.evtx,0x80000000000000,0,"{""EventData"":{""Data"":""AAD-BlockAADWorkplaceJoin-Default, 100"",""Binary"":""""}}"
1038,1038,2025-07-29 00:51:59.2052189,1034,Info,Microsoft-Windows-Security-SPP,Application,0,0,DESKTOP-5A3QN5S,11,,,,,,,,,,,,False,C:\Users\VM\Desktop\Application.evtx,0x80000000000000,0,"{""EventData"":{""Data"":""AAD-BlockAADWorkplaceJoin-Default, 100"",""Binary"":""""}}"
1039,1039,2025-07-29 00:51:59.2343575,1034,Info,Microsoft-Windows-Security-SPP,Application,0,0,DESKTOP-5A3QN5S,11,,,,,,,,,,,,False,C:\Users\VM\Desktop\Application.evtx,0x80000000000000,0,"{""EventData"":{""Data"":""AAD-BlockAADWorkplaceJoin-Default, 100"",""Binary"":""""}}"
1040,1040,2025-07-29 00:51:59.2543575,1034,Info,Microsoft-Windows-Security-SPP,Application,0,0,DESKTOP-5A3QN5S,11,,,,,,,,,,,,False,C:\Users\VM\Desktop\Application.evtx,0x80000000000000,0,"{""EventData"":{""Data"":""Security-SPP-WriteWauMarker, 500"",""Binary"":""""}}"
1041,1041,2025-07-29 00:52:00.0204013,1040,Info,MsiInstaller,Application,0,0,DESKTOP-5A3QN5S,11,S-1-5-18,Installer Started,,,,,,,,,C:\Windows\SoftwareDistribution\Download\288e5bcf02690b1773d1985d53d1ed9b\img\Windows10.0-KB5001716-x64.msi,False,C:\Users\VM\Desktop\Application.evtx,0x80000000000000,0,"{""EventData"":{""Data"":""C:\\Windows\\SoftwareDistribution\\Download\\288e5bcf02690b1773d1985d53d1ed9b\\img\\Windows10.0-KB5001716-x64.msi, 1660, (NULL), (NULL), (NULL), (NULL)"",""Binary"":""""}}"
1042,1042,2025-07-29 00:52:01.7977492,11707,Info,MsiInstaller,Application,0,0,DESKTOP-5A3QN5S,11,S-1-5-18,Installation completed successfully,,,"Product: Update for Windows 10 for x64-based Systems (KB5001716) -- Installation completed successfully., (NULL), (NULL), (NULL), (NULL), (NULL)",,,,,,,False,C:\Users\VM\Desktop\Application.evtx,0x80000000000000,0,"{""EventData"":{""Data"":""Product: Update for Windows 10 for x64-based Systems (KB5001716) -- Installation completed successfully., (NULL), (NULL), (NULL), (NULL), (NULL)"",""Binary"":""7B-38-35-43-36-39-37-39-37-2D-37-33-33-36-2D-34-45-38-33-2D-38-44-39-37-2D-33-32-41-37-43-38-34-36-35-41-33-42-7D""}}"
1043,1043,2025-07-29 00:52:01.7977492,1033,Info,MsiInstaller,Application,0,0,DESKTOP-5A3QN5S,11,S-1-5-18,A program was installed,,,"Name, Version, Lang, Status, Manufacturer: Update for Windows 10 for x64-based Systems (KB5001716), 8.94.0.0, 0, 0, Microsoft Corporation, (NULL)",,,,,,,False,C:\Users\VM\Desktop\Application.evtx,0x80000000000000,0,"{""EventData"":{""Data"":""Update for Windows 10 for x64-based Systems (KB5001716), 8.94.0.0, 0, 0, Microsoft Corporation, (NULL)"",""Binary"":""7B-38-35-43-36-39-37-39-37-2D-37-33-33-36-2D-34-45-38-33-2D-38-44-39-37-2D-33-32-41-37-43-38-34-36-35-41-33-42-7D-30-30-30-30-61-63-64-34-35-64-35-63-39-61-39-30-30-66-35-66-62-31-37-65-33-62-36-32-61-31-62-66-32-32-30-62-30-30-30-30-30-30-30-30""}}"
1044,1044,2025-07-29 00:52:01.8153195,1042,Info,MsiInstaller,Application,0,0,DESKTOP-5A3QN5S,11,S-1-5-18,Installer Exited,,,,,,,,,C:\Windows\SoftwareDistribution\Download\288e5bcf02690b1773d1985d53d1ed9b\img\Windows10.0-KB5001716-x64.msi,False,C:\Users\VM\Desktop\Application.evtx,0x80000000000000,0,"{""EventData"":{""Data"":""C:\\Windows\\SoftwareDistribution\\Download\\288e5bcf02690b1773d1985d53d1ed9b\\img\\Windows10.0-KB5001716-x64.msi, 1660, (NULL), (NULL), (NULL), (NULL)"",""Binary"":""""}}"
1045,1045,2025-07-29 00:52:29.7075384,16384,Info,Microsoft-Windows-Security-SPP,Application,0,0,DESKTOP-5A3QN5S,11,,,,,,,,,,,,False,C:\Users\VM\Desktop\Application.evtx,0x80000000000000,0,"{""EventData"":{""Data"":""2025-07-29T22:14:29Z, RulesEngine"",""Binary"":""""}}"
1046,1046,2025-07-29 00:53:34.3527473,16394,Info,Microsoft-Windows-Security-SPP,Application,0,0,DESKTOP-5A3QN5S,11,,,,,,,,,,,,False,C:\Users\VM\Desktop\Application.evtx,0x80000000000000,0,"{""EventData"":{""Data"":"""",""Binary"":""""}}"
1047,1047,2025-07-29 00:53:38.6862293,1040,Info,MsiInstaller,Application,0,0,DESKTOP-5A3QN5S,11,S-1-5-18,Installer Started,,,,,,,,,C:\Windows\TEMP\E679C32B-23E7-423C-BA88-40F8ACF1E2AA\UpdHealthTools.msi,False,C:\Users\VM\Desktop\Application.evtx,0x80000000000000,0,"{""EventData"":{""Data"":""C:\\Windows\\TEMP\\E679C32B-23E7-423C-BA88-40F8ACF1E2AA\\UpdHealthTools.msi, 6152, (NULL), (NULL), (NULL), (NULL)"",""Binary"":""""}}"
1048,1048,2025-07-29 00:53:38.7626287,10000,Info,Microsoft-Windows-RestartManager,Application,7592,4960,DESKTOP-5A3QN5S,11,S-1-5-18,,,,,,,,,,,False,C:\Users\VM\Desktop\Application.evtx,Classic,0,"{""UserData"":{""RmSessionEvent"":{""RmSessionId"":""0"",""UTCStartTime"":""2025-07-29 00:53:38.7572957""}}}"
1049,1049,2025-07-29 00:53:39.9925551,11707,Info,MsiInstaller,Application,0,0,DESKTOP-5A3QN5S,11,S-1-5-18,Installation completed successfully,,,"Product: Microsoft Update Health Tools -- Installation completed successfully., (NULL), (NULL), (NULL), (NULL), (NULL)",,,,,,,False,C:\Users\VM\Desktop\Application.evtx,0x80000000000000,0,"{""EventData"":{""Data"":""Product: Microsoft Update Health Tools -- Installation completed successfully., (NULL), (NULL), (NULL), (NULL), (NULL)"",""Binary"":""7B-31-46-43-31-41-36-43-32-2D-35-37-36-45-2D-34-38-39-41-2D-39-42-34-41-2D-39-32-44-32-31-46-35-34-32-31-33-36-7D""}}"
1050,1050,2025-07-29 00:53:39.9925551,1033,Info,MsiInstaller,Application,0,0,DESKTOP-5A3QN5S,11,S-1-5-18,A program was installed,,,"Name, Version, Lang, Status, Manufacturer: Microsoft Update Health Tools, 3.74.0.0, 0, 0, Microsoft Corporation, (NULL)",,,,,,,False,C:\Users\VM\Desktop\Application.evtx,0x80000000000000,0,"{""EventData"":{""Data"":""Microsoft Update Health Tools, 3.74.0.0, 0, 0, Microsoft Corporation, (NULL)"",""Binary"":""7B-31-46-43-31-41-36-43-32-2D-35-37-36-45-2D-34-38-39-41-2D-39-42-34-41-2D-39-32-44-32-31-46-35-34-32-31-33-36-7D-30-30-30-30-39-65-32-36-64-30-34-39-36-32-63-37-39-63-39-62-31-38-33-34-63-30-63-38-30-36-38-62-61-66-61-36-30-30-30-30-30-30-30-30""}}"
1051,1051,2025-07-29 00:53:40.0329589,1042,Info,MsiInstaller,Application,0,0,DESKTOP-5A3QN5S,11,S-1-5-18,Installer Exited,,,,,,,,,C:\Windows\TEMP\E679C32B-23E7-423C-BA88-40F8ACF1E2AA\UpdHealthTools.msi,False,C:\Users\VM\Desktop\Application.evtx,0x80000000000000,0,"{""EventData"":{""Data"":""C:\\Windows\\TEMP\\E679C32B-23E7-423C-BA88-40F8ACF1E2AA\\UpdHealthTools.msi, 6152, (NULL), (NULL), (NULL), (NULL)"",""Binary"":""""}}"
1052,1052,2025-07-29 00:53:40.0156132,10001,Info,Microsoft-Windows-RestartManager,Application,7592,5600,DESKTOP-5A3QN5S,11,S-1-5-18,,,,,,,,,,,False,C:\Users\VM\Desktop\Application.evtx,Classic,0,"{""UserData"":{""RmSessionEvent"":{""RmSessionId"":""0"",""UTCStartTime"":""2025-07-29 00:53:38.7572957""}}}"
1053,1053,2025-07-29 00:54:18.6040762,16384,Info,Microsoft-Windows-Security-SPP,Application,0,0,DESKTOP-5A3QN5S,11,,,,,,,,,,,,False,C:\Users\VM\Desktop\Application.evtx,0x80000000000000,0,"{""EventData"":{""Data"":""2025-07-29T22:14:18Z, RulesEngine"",""Binary"":""""}}"
1054,1054,2025-07-29 00:57:00.6748154,8224,Info,VSS,Application,0,0,DESKTOP-5A3QN5S,11,,,,,,,,,,,,False,C:\Users\VM\Desktop\Application.evtx,0x80000000000000,0,"{""EventData"":{""Data"":"""",""Binary"":""2D-20-43-6F-64-65-3A-20-20-43-4F-52-53-56-43-43-30-30-30-30-30-37-37-34-2D-20-43-61-6C-6C-3A-20-20-43-4F-52-53-56-43-43-30-30-30-30-30-37-35-36-2D-20-50-49-44-3A-20-20-30-30-30-30-32-38-32-34-2D-20-54-49-44-3A-20-20-30-30-30-30-33-37-38-30-2D-20-43-4D-44-3A-20-20-43-3A-5C-57-69-6E-64-6F-77-73-5C-73-79-73-74-65-6D-33-32-5C-76-73-73-76-63-2E-65-78-65-20-20-20-2D-20-55-73-65-72-3A-20-4E-61-6D-65-3A-20-4E-54-20-41-55-54-48-4F-52-49-54-59-5C-53-59-53-54-45-4D-2C-20-53-49-44-3A-53-2D-31-2D-35-2D-31-38-20""}}"
1055,1055,2025-07-29 01:06:23.6456624,1001,Info,Windows Error Reporting,Application,0,0,DESKTOP-5A3QN5S,11,,Application Crash,,,,,,,,,"0, WindowsServicingFailureInfo, Not available, 0, 10.0.19041.6088:1, 0x800F0984 0x800F0984 Matching binary: wvmbusr.inf missing for component: amd64_dual_wvmbusr.inf_31bf3856ad364e35_10.0.19041.6093_none_67d0b831b51c22b6, File: storelayout.cpp(1698) - ComponentStore::CRawStoreLayout::HydrateFile, \\?\C:\ProgramData\Microsoft\Windows\WER\ReportQueue\Critical_10.0.19041.6088__863b9ebd82712199fbdd613cde1ef17bd83f2270_00000000_6db0fc5e-fabd-4016-a25c-5f21a188eb97, 0, 6db0fc5e-fabd-4016-a25c-5f21a188eb97, 4, 0",False,C:\Users\VM\Desktop\Application.evtx,0x80000000000000,0,"{""EventData"":{""Data"":""0, WindowsServicingFailureInfo, Not available, 0, 10.0.19041.6088:1, 0x800F0984 0x800F0984 Matching binary: wvmbusr.inf missing for component: amd64_dual_wvmbusr.inf_31bf3856ad364e35_10.0.19041.6093_none_67d0b831b51c22b6, File: storelayout.cpp(1698) - ComponentStore::CRawStoreLayout::HydrateFile, \\\\?\\C:\\ProgramData\\Microsoft\\Windows\\WER\\ReportQueue\\Critical_10.0.19041.6088__863b9ebd82712199fbdd613cde1ef17bd83f2270_00000000_6db0fc5e-fabd-4016-a25c-5f21a188eb97, 0, 6db0fc5e-fabd-4016-a25c-5f21a188eb97, 4, 0"",""Binary"":""""}}"
1056,1056,2025-07-29 01:06:23.6456624,1001,Info,Windows Error Reporting,Application,0,0,DESKTOP-5A3QN5S,11,,Application Crash,,,,,,,,,"0, WindowsServicingFailureInfo, Not available, 0, 10.0.19041.6088:1, 0x800F0984 0x800F0984 Matching binary: wvmbusr.inf missing for component: amd64_dual_wvmbusr.inf_31bf3856ad364e35_10.0.19041.6093_none_67d0b831b51c22b6, File: storelayout.cpp(1698) - ComponentStore::CRawStoreLayout::HydrateFile, 
\\?\C:\Windows\Logs\CBS\CBS.log
\\?\C:\Windows\servicing\Sessions\Sessions.xml
\\?\C:\Windows\servicing\Sessions\31195223_3269302360.xml
\\?\C:\Windows\Logs\Cbs\FilterList.log, 0, 6db0fc5e-fabd-4016-a25c-5f21a188eb97, 262148, 0",False,C:\Users\VM\Desktop\Application.evtx,0x80000000000000,0,"{""EventData"":{""Data"":""0, WindowsServicingFailureInfo, Not available, 0, 10.0.19041.6088:1, 0x800F0984 0x800F0984 Matching binary: wvmbusr.inf missing for component: amd64_dual_wvmbusr.inf_31bf3856ad364e35_10.0.19041.6093_none_67d0b831b51c22b6, File: storelayout.cpp(1698) - ComponentStore::CRawStoreLayout::HydrateFile, \n\\\\?\\C:\\Windows\\Logs\\CBS\\CBS.log\n\\\\?\\C:\\Windows\\servicing\\Sessions\\Sessions.xml\n\\\\?\\C:\\Windows\\servicing\\Sessions\\31195223_3269302360.xml\n\\\\?\\C:\\Windows\\Logs\\Cbs\\FilterList.log, 0, 6db0fc5e-fabd-4016-a25c-5f21a188eb97, 262148, 0"",""Binary"":""""}}"
1057,1057,2025-07-29 01:06:25.7203704,1001,Info,Windows Error Reporting,Application,0,0,DESKTOP-5A3QN5S,11,,Application Crash,,,,,,,,,"INVALID_REQUEST, 0, WindowsServicingFailureInfo, Not available, 0, 10.0.19041.6088:1, 0x800F0984 0x800F0984 Matching binary: wvmbusr.inf missing for component: amd64_dual_wvmbusr.inf_31bf3856ad364e35_10.0.19041.6093_none_67d0b831b51c22b6, File: storelayout.cpp(1698) - ComponentStore::CRawStoreLayout::HydrateFile, 
\\?\C:\ProgramData\Microsoft\Windows\WER\Temp\WER4838.tmp.WERInternalMetadata.xml, \\?\C:\ProgramData\Microsoft\Windows\WER\ReportArchive\Critical_10.0.19041.6088__863b9ebd82712199fbdd613cde1ef17bd83f2270_00000000_6db0fc5e-fabd-4016-a25c-5f21a188eb97, 0, 6db0fc5e-fabd-4016-a25c-5f21a188eb97, 268435456, 0",False,C:\Users\VM\Desktop\Application.evtx,0x80000000000000,0,"{""EventData"":{""Data"":""INVALID_REQUEST, 0, WindowsServicingFailureInfo, Not available, 0, 10.0.19041.6088:1, 0x800F0984 0x800F0984 Matching binary: wvmbusr.inf missing for component: amd64_dual_wvmbusr.inf_31bf3856ad364e35_10.0.19041.6093_none_67d0b831b51c22b6, File: storelayout.cpp(1698) - ComponentStore::CRawStoreLayout::HydrateFile, \n\\\\?\\C:\\ProgramData\\Microsoft\\Windows\\WER\\Temp\\WER4838.tmp.WERInternalMetadata.xml, \\\\?\\C:\\ProgramData\\Microsoft\\Windows\\WER\\ReportArchive\\Critical_10.0.19041.6088__863b9ebd82712199fbdd613cde1ef17bd83f2270_00000000_6db0fc5e-fabd-4016-a25c-5f21a188eb97, 0, 6db0fc5e-fabd-4016-a25c-5f21a188eb97, 268435456, 0"",""Binary"":""""}}"
1058,1058,2025-07-29 01:09:54.6883528,1001,Info,Windows Error Reporting,Application,0,0,DESKTOP-5A3QN5S,11,,Application Crash,,,,,,,,,TiWorker.exe,False,C:\Users\VM\Desktop\Application.evtx,0x80000000000000,0,"{""EventData"":{""Data"":""1886849061616009755, 5, RADAR_PRE_LEAK_64, Not available, 0, TiWorker.exe, 10.0.19041.6088, 10.0.19045.2.0.0, \n\\\\?\\C:\\Users\\VM\\AppData\\Local\\Temp\\RDR7A0B.tmp\\empty.txt\n\\\\?\\C:\\ProgramData\\Microsoft\\Windows\\WER\\Temp\\WER7A2B.tmp.WERInternalMetadata.xml\n\\\\?\\C:\\ProgramData\\Microsoft\\Windows\\WER\\Temp\\WER7A5B.tmp.xml\n\\\\?\\C:\\ProgramData\\Microsoft\\Windows\\WER\\Temp\\WER7AD3.tmp.csv\n\\\\?\\C:\\ProgramData\\Microsoft\\Windows\\WER\\Temp\\WER7C6A.tmp.txt, 0, 5d782444-4b70-4d7c-a871-1c3a120af43a, 268435456, a8a4a8a45f1c189ffa2f6f397e66c21b, 0"",""Binary"":""""}}"
1059,1059,2025-07-29 01:16:13.1890514,16394,Info,Microsoft-Windows-Security-SPP,Application,0,0,DESKTOP-5A3QN5S,11,,,,,,,,,,,,False,C:\Users\VM\Desktop\Application.evtx,0x80000000000000,0,"{""EventData"":{""Data"":"""",""Binary"":""""}}"
1060,1060,2025-07-29 01:16:13.9852650,1034,Info,Microsoft-Windows-Security-SPP,Application,0,0,DESKTOP-5A3QN5S,11,,,,,,,,,,,,False,C:\Users\VM\Desktop\Application.evtx,0x80000000000000,0,"{""EventData"":{""Data"":""AAD-BlockAADWorkplaceJoin-Default, 100"",""Binary"":""""}}"
1061,1061,2025-07-29 01:16:13.9977806,1034,Info,Microsoft-Windows-Security-SPP,Application,0,0,DESKTOP-5A3QN5S,11,,,,,,,,,,,,False,C:\Users\VM\Desktop\Application.evtx,0x80000000000000,0,"{""EventData"":{""Data"":""AAD-BlockAADWorkplaceJoin-Default, 100"",""Binary"":""""}}"
1062,1062,2025-07-29 01:16:14.0216804,1034,Info,Microsoft-Windows-Security-SPP,Application,0,0,DESKTOP-5A3QN5S,11,,,,,,,,,,,,False,C:\Users\VM\Desktop\Application.evtx,0x80000000000000,0,"{""EventData"":{""Data"":""AAD-BlockAADWorkplaceJoin-Default, 100"",""Binary"":""""}}"
1063,1063,2025-07-29 01:16:14.0471672,1034,Info,Microsoft-Windows-Security-SPP,Application,0,0,DESKTOP-5A3QN5S,11,,,,,,,,,,,,False,C:\Users\VM\Desktop\Application.evtx,0x80000000000000,0,"{""EventData"":{""Data"":""AAD-BlockAADWorkplaceJoin-Default, 100"",""Binary"":""""}}"
1064,1064,2025-07-29 01:16:14.0699130,1034,Info,Microsoft-Windows-Security-SPP,Application,0,0,DESKTOP-5A3QN5S,12,,,,,,,,,,,,False,C:\Users\VM\Desktop\Application.evtx,0x80000000000000,1896,"{""EventData"":{""Data"":""AAD-BlockAADWorkplaceJoin-Default, 100"",""Binary"":""""}}"
1065,1065,2025-07-29 01:16:14.1068753,1034,Info,Microsoft-Windows-Security-SPP,Application,0,0,DESKTOP-5A3QN5S,12,,,,,,,,,,,,False,C:\Users\VM\Desktop\Application.evtx,0x80000000000000,0,"{""EventData"":{""Data"":""AAD-BlockAADWorkplaceJoin-Default, 100"",""Binary"":""""}}"
1066,1066,2025-07-29 01:16:14.1288969,1034,Info,Microsoft-Windows-Security-SPP,Application,0,0,DESKTOP-5A3QN5S,12,,,,,,,,,,,,False,C:\Users\VM\Desktop\Application.evtx,0x80000000000000,0,"{""EventData"":{""Data"":""AAD-BlockAADWorkplaceJoin-Default, 100"",""Binary"":""""}}"
1067,1067,2025-07-29 01:16:14.1468283,1034,Info,Microsoft-Windows-Security-SPP,Application,0,0,DESKTOP-5A3QN5S,12,,,,,,,,,,,,False,C:\Users\VM\Desktop\Application.evtx,0x80000000000000,0,"{""EventData"":{""Data"":""AAD-BlockAADWorkplaceJoin-Default, 100"",""Binary"":""""}}"
1068,1068,2025-07-29 01:16:14.1650148,1034,Info,Microsoft-Windows-Security-SPP,Application,0,0,DESKTOP-5A3QN5S,12,,,,,,,,,,,,False,C:\Users\VM\Desktop\Application.evtx,0x80000000000000,0,"{""EventData"":{""Data"":""AAD-BlockAADWorkplaceJoin-Default, 100"",""Binary"":""""}}"
1069,1069,2025-07-29 01:16:14.1841557,1034,Info,Microsoft-Windows-Security-SPP,Application,0,0,DESKTOP-5A3QN5S,12,,,,,,,,,,,,False,C:\Users\VM\Desktop\Application.evtx,0x80000000000000,0,"{""EventData"":{""Data"":""Security-SPP-WriteWauMarker, 500"",""Binary"":""""}}"
1070,1070,2025-07-29 01:16:34.0916599,16384,Info,Microsoft-Windows-Security-SPP,Application,0,0,DESKTOP-5A3QN5S,12,,,,,,,,,,,,False,C:\Users\VM\Desktop\Application.evtx,0x80000000000000,0,"{""EventData"":{""Data"":""2025-07-29T22:14:34Z, RulesEngine"",""Binary"":""""}}"
1071,1071,2025-07-29 01:17:44.6532079,8224,Info,VSS,Application,0,0,DESKTOP-5A3QN5S,12,,,,,,,,,,,,False,C:\Users\VM\Desktop\Application.evtx,0x80000000000000,0,"{""EventData"":{""Data"":"""",""Binary"":""2D-20-43-6F-64-65-3A-20-20-43-4F-52-53-56-43-43-30-30-30-30-30-37-37-34-2D-20-43-61-6C-6C-3A-20-20-43-4F-52-53-56-43-43-30-30-30-30-30-37-35-36-2D-20-50-49-44-3A-20-20-30-30-30-30-37-38-36-30-2D-20-54-49-44-3A-20-20-30-30-30-30-38-31-39-36-2D-20-43-4D-44-3A-20-20-43-3A-5C-57-69-6E-64-6F-77-73-5C-73-79-73-74-65-6D-33-32-5C-76-73-73-76-63-2E-65-78-65-20-20-20-2D-20-55-73-65-72-3A-20-4E-61-6D-65-3A-20-4E-54-20-41-55-54-48-4F-52-49-54-59-5C-53-59-53-54-45-4D-2C-20-53-49-44-3A-53-2D-31-2D-35-2D-31-38-20""}}"
1072,1072,2025-07-29 01:18:34.2091044,16394,Info,Microsoft-Windows-Security-SPP,Application,0,0,DESKTOP-5A3QN5S,12,,,,,,,,,,,,False,C:\Users\VM\Desktop\Application.evtx,0x80000000000000,0,"{""EventData"":{""Data"":"""",""Binary"":""""}}"
1073,1073,2025-07-29 01:19:14.0252521,16384,Info,Microsoft-Windows-Security-SPP,Application,0,0,DESKTOP-5A3QN5S,12,,,,,,,,,,,,False,C:\Users\VM\Desktop\Application.evtx,0x80000000000000,0,"{""EventData"":{""Data"":""2025-07-29T22:14:13Z, RulesEngine"",""Binary"":""""}}"
1074,1074,2025-07-29 02:07:04.2209392,16394,Info,Microsoft-Windows-Security-SPP,Application,0,0,DESKTOP-5A3QN5S,12,,,,,,,,,,,,False,C:\Users\VM\Desktop\Application.evtx,0x80000000000000,0,"{""EventData"":{""Data"":"""",""Binary"":""""}}"
1075,1075,2025-07-29 02:07:27.1681470,16384,Info,Microsoft-Windows-Security-SPP,Application,0,0,DESKTOP-5A3QN5S,12,,,,,,,,,,,,False,C:\Users\VM\Desktop\Application.evtx,0x80000000000000,0,"{""EventData"":{""Data"":""2025-07-29T22:14:27Z, RulesEngine"",""Binary"":""""}}"
1076,1076,2025-07-29 02:51:37.4308608,16394,Info,Microsoft-Windows-Security-SPP,Application,0,0,DESKTOP-5A3QN5S,12,,,,,,,,,,,,False,C:\Users\VM\Desktop\Application.evtx,0x80000000000000,0,"{""EventData"":{""Data"":"""",""Binary"":""""}}"
1077,1077,2025-07-29 02:52:02.0325990,16384,Info,Microsoft-Windows-Security-SPP,Application,0,0,DESKTOP-5A3QN5S,12,,,,,,,,,,,,False,C:\Users\VM\Desktop\Application.evtx,0x80000000000000,0,"{""EventData"":{""Data"":""2025-07-29T22:14:02Z, RulesEngine"",""Binary"":""""}}"
1078,1078,2025-07-29 03:51:25.5097630,16394,Info,Microsoft-Windows-Security-SPP,Application,0,0,DESKTOP-5A3QN5S,12,,,,,,,,,,,,False,C:\Users\VM\Desktop\Application.evtx,0x80000000000000,0,"{""EventData"":{""Data"":"""",""Binary"":""""}}"
1079,1079,2025-07-29 03:51:58.8836980,16384,Info,Microsoft-Windows-Security-SPP,Application,0,0,DESKTOP-5A3QN5S,12,,,,,,,,,,,,False,C:\Users\VM\Desktop\Application.evtx,0x80000000000000,0,"{""EventData"":{""Data"":""2025-07-29T22:13:58Z, RulesEngine"",""Binary"":""""}}"
1080,1080,2025-07-29 04:35:10.6205377,16394,Info,Microsoft-Windows-Security-SPP,Application,0,0,DESKTOP-5A3QN5S,12,,,,,,,,,,,,False,C:\Users\VM\Desktop\Application.evtx,0x80000000000000,0,"{""EventData"":{""Data"":"""",""Binary"":""""}}"
1081,1081,2025-07-29 04:35:42.0759582,16384,Info,Microsoft-Windows-Security-SPP,Application,0,0,DESKTOP-5A3QN5S,12,,,,,,,,,,,,False,C:\Users\VM\Desktop\Application.evtx,0x80000000000000,0,"{""EventData"":{""Data"":""2025-07-29T22:14:41Z, RulesEngine"",""Binary"":""""}}"
1082,1082,2025-07-29 04:59:28.1099556,16394,Info,Microsoft-Windows-Security-SPP,Application,0,0,DESKTOP-5A3QN5S,12,,,,,,,,,,,,False,C:\Users\VM\Desktop\Application.evtx,0x80000000000000,0,"{""EventData"":{""Data"":"""",""Binary"":""""}}"
1083,1083,2025-07-29 04:59:46.5792424,16384,Info,Microsoft-Windows-Security-SPP,Application,0,0,DESKTOP-5A3QN5S,12,,,,,,,,,,,,False,C:\Users\VM\Desktop\Application.evtx,0x80000000000000,0,"{""EventData"":{""Data"":""2025-07-29T22:14:46Z, RulesEngine"",""Binary"":""""}}"
1084,1084,2025-07-29 05:15:29.9044005,256,Info,Edge,Application,0,0,DESKTOP-5A3QN5S,12,S-1-5-21-3151804214-3226339955-2188200191-1001,,,,,,,,,,,False,C:\Users\VM\Desktop\Application.evtx,0x80000000000000,0,"{""EventData"":{""Data"":""[7792:5956:0728/221529.904:INFO:chrome\\browser\\extensions\\extension_garbage_collector.cc:184] Garbage collection for extensions on file thread is complete."",""Binary"":""""}}"
1085,1085,2025-07-29 05:18:53.0556291,16394,Info,Microsoft-Windows-Security-SPP,Application,0,0,DESKTOP-5A3QN5S,12,,,,,,,,,,,,False,C:\Users\VM\Desktop\Application.evtx,0x80000000000000,0,"{""EventData"":{""Data"":"""",""Binary"":""""}}"
1086,1086,2025-07-29 05:19:28.7488870,16384,Info,Microsoft-Windows-Security-SPP,Application,0,0,DESKTOP-5A3QN5S,12,,,,,,,,,,,,False,C:\Users\VM\Desktop\Application.evtx,0x80000000000000,0,"{""EventData"":{""Data"":""2025-07-29T22:14:28Z, RulesEngine"",""Binary"":""""}}"
1087,1087,2025-07-29 05:20:54.4351634,16394,Info,Microsoft-Windows-Security-SPP,Application,0,0,DESKTOP-5A3QN5S,12,,,,,,,,,,,,False,C:\Users\VM\Desktop\Application.evtx,0x80000000000000,0,"{""EventData"":{""Data"":"""",""Binary"":""""}}"
1088,1088,2025-07-29 05:21:28.9095354,16384,Info,Microsoft-Windows-Security-SPP,Application,0,0,DESKTOP-5A3QN5S,12,,,,,,,,,,,,False,C:\Users\VM\Desktop\Application.evtx,0x80000000000000,0,"{""EventData"":{""Data"":""2025-07-29T22:14:28Z, RulesEngine"",""Binary"":""""}}"
1089,1089,2025-07-29 06:03:17.7840253,16394,Info,Microsoft-Windows-Security-SPP,Application,0,0,DESKTOP-5A3QN5S,12,,,,,,,,,,,,False,C:\Users\VM\Desktop\Application.evtx,0x80000000000000,0,"{""EventData"":{""Data"":"""",""Binary"":""""}}"
1090,1090,2025-07-29 06:04:02.5296252,16384,Info,Microsoft-Windows-Security-SPP,Application,0,0,DESKTOP-5A3QN5S,12,,,,,,,,,,,,False,C:\Users\VM\Desktop\Application.evtx,0x80000000000000,0,"{""EventData"":{""Data"":""2025-07-29T22:14:02Z, RulesEngine"",""Binary"":""""}}"
1091,1091,2025-07-29 06:35:06.2935129,16394,Info,Microsoft-Windows-Security-SPP,Application,0,0,DESKTOP-5A3QN5S,12,,,,,,,,,,,,False,C:\Users\VM\Desktop\Application.evtx,0x80000000000000,0,"{""EventData"":{""Data"":"""",""Binary"":""""}}"
1092,1092,2025-07-29 06:35:38.0087305,16384,Info,Microsoft-Windows-Security-SPP,Application,0,0,DESKTOP-5A3QN5S,12,,,,,,,,,,,,False,C:\Users\VM\Desktop\Application.evtx,0x80000000000000,0,"{""EventData"":{""Data"":""2025-07-29T22:14:37Z, RulesEngine"",""Binary"":""""}}"
1093,1093,2025-07-29 07:10:03.4976137,16394,Info,Microsoft-Windows-Security-SPP,Application,0,0,DESKTOP-5A3QN5S,12,,,,,,,,,,,,False,C:\Users\VM\Desktop\Application.evtx,0x80000000000000,0,"{""EventData"":{""Data"":"""",""Binary"":""""}}"
1094,1094,2025-07-29 07:10:32.2574689,16384,Info,Microsoft-Windows-Security-SPP,Application,0,0,DESKTOP-5A3QN5S,12,,,,,,,,,,,,False,C:\Users\VM\Desktop\Application.evtx,0x80000000000000,0,"{""EventData"":{""Data"":""2025-07-29T22:14:32Z, RulesEngine"",""Binary"":""""}}"
1095,1095,2025-07-29 07:12:10.7773824,6000,Info,Microsoft-Windows-Winlogon,Application,0,0,DESKTOP-5A3QN5S,12,,,,,,,,,,,,False,C:\Users\VM\Desktop\Application.evtx,0x80000000000000,0,"{""EventData"":{""Data"":""WSearch"",""Binary"":""D9-06-00-00""}}"
1096,1096,2025-07-29 07:12:11.0480402,6000,Info,Microsoft-Windows-Winlogon,Application,0,0,DESKTOP-5A3QN5S,12,,,,,,,,,,,,False,C:\Users\VM\Desktop\Application.evtx,0x80000000000000,0,"{""EventData"":{""Data"":""SessionEnv"",""Binary"":""D9-06-00-00""}}"
1097,1097,2025-07-29 07:14:22.9306707,1532,Info,Microsoft-Windows-User Profiles Service,Application,696,1196,DESKTOP-5A3QN5S,12,S-1-5-18,,,,,,,,,,,False,C:\Users\VM\Desktop\Application.evtx,Classic,0,"{""EventData"":""""}"
1098,1098,2025-07-29 07:19:05.0697712,4625,Info,Microsoft-Windows-EventSystem,Application,0,0,DESKTOP-5A3QN5S,12,,,,,,,,,,,,False,C:\Users\VM\Desktop\Application.evtx,0x80000000000000,0,"{""EventData"":{""Data"":[{""@Name"":""param1"",""#text"":""86400""},{""@Name"":""param2"",""#text"":""SuppressDuplicateDuration""},{""@Name"":""param3"",""#text"":""Software\\Microsoft\\EventSystem\\EventLog""}]}}"
1099,1099,2025-07-29 07:19:05.0718597,1531,Info,Microsoft-Windows-User Profiles Service,Application,1356,1824,DESKTOP-5A3QN5S,12,S-1-5-18,,,,,,,,,,,False,C:\Users\VM\Desktop\Application.evtx,Classic,0,"{""EventData"":""""}"
