324,324,2025-07-29 04:52:29.7557099,1004,Info,Microsoft-Windows-Security-SPP,Application,0,0,WIN-N0IRN1T9IF6,1,,,,,,,,,,,,False,C:\Users\VM\Desktop\Application.evtx,0x80000000000000,0,"{""EventData"":{""Data"":""Windows(R) UL phone License (Private), 0055887b-603c-446a-a854-0ab43bd0ecb2"",""Binary"":""""}}"
325,325,2025-07-29 04:52:29.7754177,1004,Info,Microsoft-Windows-Security-SPP,Application,0,0,WIN-N0IRN1T9IF6,1,,,,,,,,,,,,False,C:\Users\VM\Desktop\Application.evtx,0x80000000000000,0,"{""EventData"":{""Data"":""Windows(R) UL store License (Public), 2dc12ef4-58e2-47b8-be74-19ebd241071a"",""Binary"":""""}}"
326,326,2025-07-29 04:52:29.7754177,1004,Info,Microsoft-Windows-Security-SPP,Application,0,0,WIN-N0IRN1T9IF6,1,,,,,,,,,,,,False,C:\Users\VM\Desktop\Application.evtx,0x80000000000000,0,"{""EventData"":{""Data"":""Windows(R) UL store License (Private), ff62ce5b-193a-4fac-8804-cd8d352f31b0"",""Binary"":""""}}"
327,327,2025-07-29 04:52:29.7942082,1004,Info,Microsoft-Windows-Security-SPP,Application,0,0,WIN-N0IRN1T9IF6,1,,,,,,,,,,,,False,C:\Users\VM\Desktop\Application.evtx,0x80000000000000,0,"{""EventData"":{""Data"":""Windows(R) UL oob License (Public), 2d4aa674-9743-4b4c-9e91-ae3a696b8ed1"",""Binary"":""""}}"
328,328,2025-07-29 04:52:29.7942082,1004,Info,Microsoft-Windows-Security-SPP,Application,0,0,WIN-N0IRN1T9IF6,1,,,,,,,,,,,,False,C:\Users\VM\Desktop\Application.evtx,0x80000000000000,0,"{""EventData"":{""Data"":""Windows(R) UL oob License (Private), 12b4650c-5871-4e06-bbc2-a946e68a95a2"",""Binary"":""""}}"
329,329,2025-07-29 04:52:29.8214174,1004,Info,Microsoft-Windows-Security-SPP,Application,0,0,WIN-N0IRN1T9IF6,1,,,,,,,,,,,,False,C:\Users\VM\Desktop\Application.evtx,0x80000000000000,0,"{""EventData"":{""Data"":""Windows(R) UL volume License (Public), d83e8393-8436-42fd-b862-5c95f32709e6"",""Binary"":""""}}"
330,330,2025-07-29 04:52:29.8214174,1004,Info,Microsoft-Windows-Security-SPP,Application,0,0,WIN-N0IRN1T9IF6,1,,,,,,,,,,,,False,C:\Users\VM\Desktop\Application.evtx,0x80000000000000,0,"{""EventData"":{""Data"":""Windows(R) UL volume License (Private), 9802f772-460c-4540-811d-4b8ad577d656"",""Binary"":""""}}"
331,331,2025-07-29 04:52:29.8327011,1004,Info,Microsoft-Windows-Security-SPP,Application,0,0,WIN-N0IRN1T9IF6,1,,,,,,,,,,,,False,C:\Users\VM\Desktop\Application.evtx,0x80000000000000,0,"{""EventData"":{""Data"":""Windows(R) Publishing License (Public), 3e23be1a-aa9f-4185-b210-ed59107dc127"",""Binary"":""""}}"
332,332,2025-07-29 04:52:29.8327011,1004,Info,Microsoft-Windows-Security-SPP,Application,0,0,WIN-N0IRN1T9IF6,1,,,,,,,,,,,,False,C:\Users\VM\Desktop\Application.evtx,0x80000000000000,0,"{""EventData"":{""Data"":""Windows(R) Publishing License (Private), 8b3cad63-eb5e-43e4-a7a8-48bf00eda15d"",""Binary"":""""}}"
333,333,2025-07-29 04:52:29.8669944,1004,Info,Microsoft-Windows-Security-SPP,Application,0,0,WIN-N0IRN1T9IF6,1,,,,,,,,,,,,False,C:\Users\VM\Desktop\Application.evtx,0x80000000000000,0,"{""EventData"":{""Data"":""Windows(R) UL oob License (Public), e26516f5-4004-4530-bf52-9d3c0d8dd0fa"",""Binary"":""""}}"
334,334,2025-07-29 04:52:29.8669944,1004,Info,Microsoft-Windows-Security-SPP,Application,0,0,WIN-N0IRN1T9IF6,1,,,,,,,,,,,,False,C:\Users\VM\Desktop\Application.evtx,0x80000000000000,0,"{""EventData"":{""Data"":""Windows(R) UL oob License (Private), db1b30e0-6bda-4657-ad94-39306a30705b"",""Binary"":""""}}"
335,335,2025-07-29 04:52:29.8952003,1004,Info,Microsoft-Windows-Security-SPP,Application,0,0,WIN-N0IRN1T9IF6,1,,,,,,,,,,,,False,C:\Users\VM\Desktop\Application.evtx,0x80000000000000,0,"{""EventData"":{""Data"":""Windows(R) UL phone License (Public), e77c55ad-0309-49f8-92d0-f6445b958920"",""Binary"":""""}}"
336,336,2025-07-29 04:52:29.8952003,1004,Info,Microsoft-Windows-Security-SPP,Application,0,0,WIN-N0IRN1T9IF6,1,,,,,,,,,,,,False,C:\Users\VM\Desktop\Application.evtx,0x80000000000000,0,"{""EventData"":{""Data"":""Windows(R) UL phone License (Private), bfbd9d6f-aeb0-4c65-bcaa-f549a4a2a0df"",""Binary"":""""}}"
337,337,2025-07-29 04:52:29.8952003,1004,Info,Microsoft-Windows-Security-SPP,Application,0,0,WIN-N0IRN1T9IF6,1,,,,,,,,,,,,False,C:\Users\VM\Desktop\Application.evtx,0x80000000000000,0,"{""EventData"":{""Data"":""Windows(R) UL store License (Public), 8b8f4d62-2000-427d-94d9-3a7bbe0f1c03"",""Binary"":""""}}"
338,338,2025-07-29 04:52:29.8952003,1004,Info,Microsoft-Windows-Security-SPP,Application,0,0,WIN-N0IRN1T9IF6,1,,,,,,,,,,,,False,C:\Users\VM\Desktop\Application.evtx,0x80000000000000,0,"{""EventData"":{""Data"":""Windows(R) UL store License (Private), 98711729-1212-4047-b4a6-0e3f7c8b30d0"",""Binary"":""""}}"
339,339,2025-07-29 04:52:29.9284646,1004,Info,Microsoft-Windows-Security-SPP,Application,0,0,WIN-N0IRN1T9IF6,1,,,,,,,,,,,,False,C:\Users\VM\Desktop\Application.evtx,0x80000000000000,0,"{""EventData"":{""Data"":""Windows(R) Publishing License (Public), 707c061d-e703-4959-904a-d73fb594cbb9"",""Binary"":""""}}"
340,340,2025-07-29 04:52:29.9284646,1004,Info,Microsoft-Windows-Security-SPP,Application,0,0,WIN-N0IRN1T9IF6,1,,,,,,,,,,,,False,C:\Users\VM\Desktop\Application.evtx,0x80000000000000,0,"{""EventData"":{""Data"":""Windows(R) Publishing License (Private), 801168d5-b601-471a-87d7-7315c99e2e3e"",""Binary"":""""}}"
341,341,2025-07-29 04:52:29.9579343,1004,Info,Microsoft-Windows-Security-SPP,Application,0,0,WIN-N0IRN1T9IF6,1,,,,,,,,,,,,False,C:\Users\VM\Desktop\Application.evtx,0x80000000000000,0,"{""EventData"":{""Data"":""Windows(R) UL oob License (Public), d1e0f38f-0d5a-4616-83eb-ff3994bdb86e"",""Binary"":""""}}"
342,342,2025-07-29 04:52:29.9579343,1004,Info,Microsoft-Windows-Security-SPP,Application,0,0,WIN-N0IRN1T9IF6,1,,,,,,,,,,,,False,C:\Users\VM\Desktop\Application.evtx,0x80000000000000,0,"{""EventData"":{""Data"":""Windows(R) UL oob License (Private), 8e1bde92-d632-40b0-80b9-b1ad9e855187"",""Binary"":""""}}"
343,343,2025-07-29 04:52:29.9889521,1004,Info,Microsoft-Windows-Security-SPP,Application,0,0,WIN-N0IRN1T9IF6,1,,,,,,,,,,,,False,C:\Users\VM\Desktop\Application.evtx,0x80000000000000,0,"{""EventData"":{""Data"":""Windows(R) UL phone License (Public), 8cf60e2f-e2d9-4232-b7be-1330d861e8f0"",""Binary"":""""}}"
344,344,2025-07-29 04:52:29.9889521,1004,Info,Microsoft-Windows-Security-SPP,Application,0,0,WIN-N0IRN1T9IF6,1,,,,,,,,,,,,False,C:\Users\VM\Desktop\Application.evtx,0x80000000000000,0,"{""EventData"":{""Data"":""Windows(R) UL phone License (Private), dfde373c-a024-4f9a-808c-6c6b9e6153bf"",""Binary"":""""}}"
345,345,2025-07-29 04:52:30.0209633,1004,Info,Microsoft-Windows-Security-SPP,Application,0,0,WIN-N0IRN1T9IF6,1,,,,,,,,,,,,False,C:\Users\VM\Desktop\Application.evtx,0x80000000000000,0,"{""EventData"":{""Data"":""Windows(R) UL store License (Public), 9aba04cb-9c69-4d21-b739-b665235f3a09"",""Binary"":""""}}"
346,346,2025-07-29 04:52:30.0209633,1004,Info,Microsoft-Windows-Security-SPP,Application,0,0,WIN-N0IRN1T9IF6,1,,,,,,,,,,,,False,C:\Users\VM\Desktop\Application.evtx,0x80000000000000,0,"{""EventData"":{""Data"":""Windows(R) UL store License (Private), 07ee9c60-1e85-4fe1-9bda-09ff7d5ba469"",""Binary"":""""}}"
347,347,2025-07-29 04:52:30.0514530,1004,Info,Microsoft-Windows-Security-SPP,Application,0,0,WIN-N0IRN1T9IF6,1,,,,,,,,,,,,False,C:\Users\VM\Desktop\Application.evtx,0x80000000000000,0,"{""EventData"":{""Data"":""DefaultPpd-ProfessionalCountrySpecific Component PPD License, 26c3f742-4faa-2a07-f241-cad4690f2217"",""Binary"":""""}}"
348,348,2025-07-29 04:52:30.0716079,1004,Info,Microsoft-Windows-Security-SPP,Application,0,0,WIN-N0IRN1T9IF6,1,,,,,,,,,,,,False,C:\Users\VM\Desktop\Application.evtx,0x80000000000000,0,"{""EventData"":{""Data"":""Windows(R) ProfessionalCountrySpecific Product PPD License, 9526e751-f3e0-055b-aa53-c71fbe9ef1e1"",""Binary"":""""}}"
349,349,2025-07-29 04:52:30.1042903,1004,Info,Microsoft-Windows-Security-SPP,Application,0,0,WIN-N0IRN1T9IF6,2,,,,,,,,,,,,False,C:\Users\VM\Desktop\Application.evtx,0x80000000000000,0,"{""EventData"":{""Data"":""Windows(R) Publishing License (Public), bc95a4ab-b1f1-4a59-ab37-9984aec48878"",""Binary"":""""}}"
350,350,2025-07-29 04:52:30.1042903,1004,Info,Microsoft-Windows-Security-SPP,Application,0,0,WIN-N0IRN1T9IF6,2,,,,,,,,,,,,False,C:\Users\VM\Desktop\Application.evtx,0x80000000000000,0,"{""EventData"":{""Data"":""Windows(R) Publishing License (Private), f57955c2-1ccd-4564-99e0-1a5287f5560b"",""Binary"":""""}}"
351,351,2025-07-29 04:52:30.1313718,1004,Info,Microsoft-Windows-Security-SPP,Application,0,0,WIN-N0IRN1T9IF6,2,,,,,,,,,,,,False,C:\Users\VM\Desktop\Application.evtx,0x80000000000000,0,"{""EventData"":{""Data"":""Windows(R) UL oob License (Public), e337ff11-1ec9-4da7-bbae-be0188c1ecc7"",""Binary"":""""}}"
352,352,2025-07-29 04:52:30.1313718,1004,Info,Microsoft-Windows-Security-SPP,Application,0,0,WIN-N0IRN1T9IF6,2,,,,,,,,,,,,False,C:\Users\VM\Desktop\Application.evtx,0x80000000000000,0,"{""EventData"":{""Data"":""Windows(R) UL oob License (Private), 4dbd673b-e850-47c0-8897-c6387d30043d"",""Binary"":""""}}"
353,353,2025-07-29 04:52:30.1475700,1004,Info,Microsoft-Windows-Security-SPP,Application,0,0,WIN-N0IRN1T9IF6,2,,,,,,,,,,,,False,C:\Users\VM\Desktop\Application.evtx,0x80000000000000,0,"{""EventData"":{""Data"":""Windows(R) UL phone License (Public), 5d7edae4-0a39-43d1-a26d-c7c05afdb328"",""Binary"":""""}}"
354,354,2025-07-29 04:52:30.1475700,1004,Info,Microsoft-Windows-Security-SPP,Application,0,0,WIN-N0IRN1T9IF6,2,,,,,,,,,,,,False,C:\Users\VM\Desktop\Application.evtx,0x80000000000000,0,"{""EventData"":{""Data"":""Windows(R) UL phone License (Private), a7d7adf3-d84e-4dfe-94cc-675e1132ce69"",""Binary"":""""}}"
355,355,2025-07-29 04:52:30.1929406,1004,Info,Microsoft-Windows-Security-SPP,Application,0,0,WIN-N0IRN1T9IF6,2,,,,,,,,,,,,False,C:\Users\VM\Desktop\Application.evtx,0x80000000000000,0,"{""EventData"":{""Data"":""Windows(R) UL store License (Public), fb9ad1ca-1a3a-4fbc-9d6b-a28e49604dba"",""Binary"":""""}}"
356,356,2025-07-29 04:52:30.1929406,1004,Info,Microsoft-Windows-Security-SPP,Application,0,0,WIN-N0IRN1T9IF6,2,,,,,,,,,,,,False,C:\Users\VM\Desktop\Application.evtx,0x80000000000000,0,"{""EventData"":{""Data"":""Windows(R) UL store License (Private), b1018a2d-5098-4043-8099-c6091cef6ef7"",""Binary"":""""}}"
357,357,2025-07-29 04:52:30.2240206,1004,Info,Microsoft-Windows-Security-SPP,Application,0,0,WIN-N0IRN1T9IF6,2,,,,,,,,,,,,False,C:\Users\VM\Desktop\Application.evtx,0x80000000000000,0,"{""EventData"":{""Data"":""DefaultPpd-ProfessionalEducation Component PPD License, 0840d7ac-83e1-57a4-f819-5ecfa95807c5"",""Binary"":""""}}"
358,358,2025-07-29 04:52:30.2720541,1004,Info,Microsoft-Windows-Security-SPP,Application,0,0,WIN-N0IRN1T9IF6,2,,,,,,,,,,,,False,C:\Users\VM\Desktop\Application.evtx,0x80000000000000,352,"{""EventData"":{""Data"":""Windows(R) Publishing License (Public), 1a3a1004-b1f9-4ce3-b95d-8f62f8f31834"",""Binary"":""""}}"
359,359,2025-07-29 04:52:30.2720541,1004,Info,Microsoft-Windows-Security-SPP,Application,0,0,WIN-N0IRN1T9IF6,2,,,,,,,,,,,,False,C:\Users\VM\Desktop\Application.evtx,0x80000000000000,0,"{""EventData"":{""Data"":""Windows(R) Publishing License (Private), 5f3596cb-66d4-4f87-b27b-568e722bf84f"",""Binary"":""""}}"
360,360,2025-07-29 04:52:30.3022120,1004,Info,Microsoft-Windows-Security-SPP,Application,0,0,WIN-N0IRN1T9IF6,2,,,,,,,,,,,,False,C:\Users\VM\Desktop\Application.evtx,0x80000000000000,0,"{""EventData"":{""Data"":""Windows(R) UL oob License (Public), 07a57655-c045-49ce-9093-5c4f60576ba7"",""Binary"":""""}}"
361,361,2025-07-29 04:52:30.3022120,1004,Info,Microsoft-Windows-Security-SPP,Application,0,0,WIN-N0IRN1T9IF6,2,,,,,,,,,,,,False,C:\Users\VM\Desktop\Application.evtx,0x80000000000000,0,"{""EventData"":{""Data"":""Windows(R) UL oob License (Private), 540f4080-5aab-4bf9-a551-6d23217052a7"",""Binary"":""""}}"
362,362,2025-07-29 04:52:30.3342962,1004,Info,Microsoft-Windows-Security-SPP,Application,0,0,WIN-N0IRN1T9IF6,2,,,,,,,,,,,,False,C:\Users\VM\Desktop\Application.evtx,0x80000000000000,0,"{""EventData"":{""Data"":""Windows(R) UL phone License (Public), b9c94a17-4c9b-4fc8-bf35-d96ae70dc81f"",""Binary"":""""}}"
363,363,2025-07-29 04:52:30.3342962,1004,Info,Microsoft-Windows-Security-SPP,Application,0,0,WIN-N0IRN1T9IF6,2,,,,,,,,,,,,False,C:\Users\VM\Desktop\Application.evtx,0x80000000000000,352,"{""EventData"":{""Data"":""Windows(R) UL phone License (Private), da087093-df3e-4465-b2a1-45ffb6f0370f"",""Binary"":""""}}"
364,364,2025-07-29 04:52:30.3521223,1004,Info,Microsoft-Windows-Security-SPP,Application,0,0,WIN-N0IRN1T9IF6,2,,,,,,,,,,,,False,C:\Users\VM\Desktop\Application.evtx,0x80000000000000,0,"{""EventData"":{""Data"":""Windows(R) UL store License (Public), 9a2aa898-d91e-40c0-8e28-4ca91e9f2c22"",""Binary"":""""}}"
365,365,2025-07-29 04:52:30.3521223,1004,Info,Microsoft-Windows-Security-SPP,Application,0,0,WIN-N0IRN1T9IF6,2,,,,,,,,,,,,False,C:\Users\VM\Desktop\Application.evtx,0x80000000000000,352,"{""EventData"":{""Data"":""Windows(R) UL store License (Private), ee84073e-679f-46f8-9586-156b1cdbd11e"",""Binary"":""""}}"
366,366,2025-07-29 04:52:30.3813508,1004,Info,Microsoft-Windows-Security-SPP,Application,0,0,WIN-N0IRN1T9IF6,2,,,,,,,,,,,,False,C:\Users\VM\Desktop\Application.evtx,0x80000000000000,352,"{""EventData"":{""Data"":""Windows(R) Publishing License (Public), 531bb27d-4dbb-40db-82f7-6f4a00e5a899"",""Binary"":""""}}"
367,367,2025-07-29 04:52:30.3813508,1004,Info,Microsoft-Windows-Security-SPP,Application,0,0,WIN-N0IRN1T9IF6,2,,,,,,,,,,,,False,C:\Users\VM\Desktop\Application.evtx,0x80000000000000,0,"{""EventData"":{""Data"":""Windows(R) Publishing License (Private), 34ef9b8e-c746-4618-8362-08431af2b359"",""Binary"":""""}}"
368,368,2025-07-29 04:52:30.4116682,1004,Info,Microsoft-Windows-Security-SPP,Application,0,0,WIN-N0IRN1T9IF6,2,,,,,,,,,,,,False,C:\Users\VM\Desktop\Application.evtx,0x80000000000000,0,"{""EventData"":{""Data"":""Windows(R) UL oob License (Public), 4c1e2882-92b7-4586-a520-2278a8c3bdbe"",""Binary"":""""}}"
369,369,2025-07-29 04:52:30.4116682,1004,Info,Microsoft-Windows-Security-SPP,Application,0,0,WIN-N0IRN1T9IF6,2,,,,,,,,,,,,False,C:\Users\VM\Desktop\Application.evtx,0x80000000000000,0,"{""EventData"":{""Data"":""Windows(R) UL oob License (Private), d08f691b-637c-424a-8347-ed548f90284f"",""Binary"":""""}}"
370,370,2025-07-29 04:52:30.4427706,1004,Info,Microsoft-Windows-Security-SPP,Application,0,0,WIN-N0IRN1T9IF6,2,,,,,,,,,,,,False,C:\Users\VM\Desktop\Application.evtx,0x80000000000000,0,"{""EventData"":{""Data"":""Windows(R) UL phone License (Public), 0be76b96-1e7e-4fa4-9197-5dd3b71559f9"",""Binary"":""""}}"
371,371,2025-07-29 04:52:30.4427706,1004,Info,Microsoft-Windows-Security-SPP,Application,0,0,WIN-N0IRN1T9IF6,2,,,,,,,,,,,,False,C:\Users\VM\Desktop\Application.evtx,0x80000000000000,352,"{""EventData"":{""Data"":""Windows(R) UL phone License (Private), 094a02c4-1ecf-45a7-8c27-0acf69aa0057"",""Binary"":""""}}"
372,372,2025-07-29 04:52:30.4574003,1004,Info,Microsoft-Windows-Security-SPP,Application,0,0,WIN-N0IRN1T9IF6,2,,,,,,,,,,,,False,C:\Users\VM\Desktop\Application.evtx,0x80000000000000,0,"{""EventData"":{""Data"":""Windows(R) UL store License (Public), 5f3ebbdf-c409-4a0f-85c4-dd4a92647ad2"",""Binary"":""""}}"
373,373,2025-07-29 04:52:30.4574003,1004,Info,Microsoft-Windows-Security-SPP,Application,0,0,WIN-N0IRN1T9IF6,2,,,,,,,,,,,,False,C:\Users\VM\Desktop\Application.evtx,0x80000000000000,352,"{""EventData"":{""Data"":""Windows(R) UL store License (Private), 3ca897ee-1bb7-4377-8c21-b25ea84565db"",""Binary"":""""}}"
374,374,2025-07-29 04:52:30.4905536,1004,Info,Microsoft-Windows-Security-SPP,Application,0,0,WIN-N0IRN1T9IF6,2,,,,,,,,,,,,False,C:\Users\VM\Desktop\Application.evtx,0x80000000000000,0,"{""EventData"":{""Data"":""Windows(R) ProfessionalEducation Product PPD License, 36fa29f8-38eb-e467-c262-ec4aa2b7b6a4"",""Binary"":""""}}"
375,375,2025-07-29 04:52:30.5335808,1004,Info,Microsoft-Windows-Security-SPP,Application,0,0,WIN-N0IRN1T9IF6,2,,,,,,,,,,,,False,C:\Users\VM\Desktop\Application.evtx,0x80000000000000,0,"{""EventData"":{""Data"":""Windows(R) Publishing License (Public), 6fe3153d-e37c-4d66-9da7-b6b2635092c1"",""Binary"":""""}}"
376,376,2025-07-29 04:52:30.5357304,1004,Info,Microsoft-Windows-Security-SPP,Application,0,0,WIN-N0IRN1T9IF6,2,,,,,,,,,,,,False,C:\Users\VM\Desktop\Application.evtx,0x80000000000000,0,"{""EventData"":{""Data"":""Windows(R) Publishing License (Private), 5c251310-319b-4cff-b1b9-2c95c79eb7e1"",""Binary"":""""}}"
377,377,2025-07-29 04:52:30.5596952,1004,Info,Microsoft-Windows-Security-SPP,Application,0,0,WIN-N0IRN1T9IF6,2,,,,,,,,,,,,False,C:\Users\VM\Desktop\Application.evtx,0x80000000000000,0,"{""EventData"":{""Data"":""Windows(R) UL oob License (Public), f5f49cec-0c22-4c2a-84ab-17f75e9ea07b"",""Binary"":""""}}"
378,378,2025-07-29 04:52:30.5596952,1004,Info,Microsoft-Windows-Security-SPP,Application,0,0,WIN-N0IRN1T9IF6,2,,,,,,,,,,,,False,C:\Users\VM\Desktop\Application.evtx,0x80000000000000,0,"{""EventData"":{""Data"":""Windows(R) UL oob License (Private), f48126d5-477a-4b92-85ae-3b5265f3553d"",""Binary"":""""}}"
379,379,2025-07-29 04:52:30.5981381,1004,Info,Microsoft-Windows-Security-SPP,Application,0,0,WIN-N0IRN1T9IF6,2,,,,,,,,,,,,False,C:\Users\VM\Desktop\Application.evtx,0x80000000000000,0,"{""EventData"":{""Data"":""Windows(R) UL phone License (Public), 76eb5ad6-e57a-4d59-8dfa-0349bbddd405"",""Binary"":""""}}"
380,380,2025-07-29 04:52:30.5981381,1004,Info,Microsoft-Windows-Security-SPP,Application,0,0,WIN-N0IRN1T9IF6,2,,,,,,,,,,,,False,C:\Users\VM\Desktop\Application.evtx,0x80000000000000,0,"{""EventData"":{""Data"":""Windows(R) UL phone License (Private), eae13089-fd11-4848-ace7-0bb3645ddd2d"",""Binary"":""""}}"
381,381,2025-07-29 04:52:30.6172428,1004,Info,Microsoft-Windows-Security-SPP,Application,0,0,WIN-N0IRN1T9IF6,2,,,,,,,,,,,,False,C:\Users\VM\Desktop\Application.evtx,0x80000000000000,0,"{""EventData"":{""Data"":""Windows(R) UL store License (Public), afb59917-e514-4848-b140-f8f68e903a74"",""Binary"":""""}}"
382,382,2025-07-29 04:52:30.6172428,1004,Info,Microsoft-Windows-Security-SPP,Application,0,0,WIN-N0IRN1T9IF6,2,,,,,,,,,,,,False,C:\Users\VM\Desktop\Application.evtx,0x80000000000000,0,"{""EventData"":{""Data"":""Windows(R) UL store License (Private), ac89ed00-0fea-448f-92d5-2e54b93060f5"",""Binary"":""""}}"
383,383,2025-07-29 04:52:30.6477977,1004,Info,Microsoft-Windows-Security-SPP,Application,0,0,WIN-N0IRN1T9IF6,2,,,,,,,,,,,,False,C:\Users\VM\Desktop\Application.evtx,0x80000000000000,0,"{""EventData"":{""Data"":""Windows(R) UL oob License (Public), 6298b6a2-8551-41f5-847b-412b6c4ea54d"",""Binary"":""""}}"
384,384,2025-07-29 04:52:30.6477977,1004,Info,Microsoft-Windows-Security-SPP,Application,0,0,WIN-N0IRN1T9IF6,2,,,,,,,,,,,,False,C:\Users\VM\Desktop\Application.evtx,0x80000000000000,0,"{""EventData"":{""Data"":""Windows(R) UL oob License (Private), d6923a21-20d0-457e-82f8-23f6da83fc4e"",""Binary"":""""}}"
385,385,2025-07-29 04:52:30.6804006,1004,Info,Microsoft-Windows-Security-SPP,Application,0,0,WIN-N0IRN1T9IF6,2,,,,,,,,,,,,False,C:\Users\VM\Desktop\Application.evtx,0x80000000000000,0,"{""EventData"":{""Data"":""Windows(R) UL volume License (Public), 0bc35a44-12e1-41c6-8c90-428e6d934317"",""Binary"":""""}}"
386,386,2025-07-29 04:52:30.6804006,1004,Info,Microsoft-Windows-Security-SPP,Application,0,0,WIN-N0IRN1T9IF6,2,,,,,,,,,,,,False,C:\Users\VM\Desktop\Application.evtx,0x80000000000000,0,"{""EventData"":{""Data"":""Windows(R) UL volume License (Private), 290ffab8-c2b2-41c9-bc1b-5f622909a431"",""Binary"":""""}}"
387,387,2025-07-29 04:52:30.7092160,1004,Info,Microsoft-Windows-Security-SPP,Application,0,0,WIN-N0IRN1T9IF6,2,,,,,,,,,,,,False,C:\Users\VM\Desktop\Application.evtx,0x80000000000000,0,"{""EventData"":{""Data"":""Windows(R) Publishing License (Public), 4a24a348-d093-48db-91ba-644ee5ca636b"",""Binary"":""""}}"
388,388,2025-07-29 04:52:30.7092160,1004,Info,Microsoft-Windows-Security-SPP,Application,0,0,WIN-N0IRN1T9IF6,2,,,,,,,,,,,,False,C:\Users\VM\Desktop\Application.evtx,0x80000000000000,0,"{""EventData"":{""Data"":""Windows(R) Publishing License (Private), ec3423bb-bff7-4dc9-99d7-3af87126ce99"",""Binary"":""""}}"
389,389,2025-07-29 04:52:30.7393755,1004,Info,Microsoft-Windows-Security-SPP,Application,0,0,WIN-N0IRN1T9IF6,2,,,,,,,,,,,,False,C:\Users\VM\Desktop\Application.evtx,0x80000000000000,0,"{""EventData"":{""Data"":""Windows(R) UL oob License (Public), 81104e22-0bab-48a2-8ffb-dc1e217b8e0a"",""Binary"":""""}}"
390,390,2025-07-29 04:52:30.7393755,1004,Info,Microsoft-Windows-Security-SPP,Application,0,0,WIN-N0IRN1T9IF6,2,,,,,,,,,,,,False,C:\Users\VM\Desktop\Application.evtx,0x80000000000000,0,"{""EventData"":{""Data"":""Windows(R) UL oob License (Private), 560b44fc-4f75-4a46-9928-b1695ad47a37"",""Binary"":""""}}"
391,391,2025-07-29 04:52:30.7585352,1004,Info,Microsoft-Windows-Security-SPP,Application,0,0,WIN-N0IRN1T9IF6,2,,,,,,,,,,,,False,C:\Users\VM\Desktop\Application.evtx,0x80000000000000,0,"{""EventData"":{""Data"":""Windows(R) UL phone License (Public), 968b306a-d615-4d29-be38-98c97c939c6a"",""Binary"":""""}}"
392,392,2025-07-29 04:52:30.7818391,1004,Info,Microsoft-Windows-Security-SPP,Application,0,0,WIN-N0IRN1T9IF6,2,,,,,,,,,,,,False,C:\Users\VM\Desktop\Application.evtx,0x80000000000000,0,"{""EventData"":{""Data"":""Windows(R) UL phone License (Private), 22f8d129-8c96-43fe-84c5-fa8663f1a3b5"",""Binary"":""""}}"
393,393,2025-07-29 04:52:30.8193646,1004,Info,Microsoft-Windows-Security-SPP,Application,0,0,WIN-N0IRN1T9IF6,2,,,,,,,,,,,,False,C:\Users\VM\Desktop\Application.evtx,0x80000000000000,0,"{""EventData"":{""Data"":""Windows(R) UL store License (Public), 30c8206b-9501-4bd0-825b-d40c474e0822"",""Binary"":""""}}"
394,394,2025-07-29 04:52:30.8193646,1004,Info,Microsoft-Windows-Security-SPP,Application,0,0,WIN-N0IRN1T9IF6,2,,,,,,,,,,,,False,C:\Users\VM\Desktop\Application.evtx,0x80000000000000,0,"{""EventData"":{""Data"":""Windows(R) UL store License (Private), 22e3468a-d9e5-46e3-b9c0-5a3ce93de692"",""Binary"":""""}}"
395,395,2025-07-29 04:52:30.8712049,1004,Info,Microsoft-Windows-Security-SPP,Application,0,0,WIN-N0IRN1T9IF6,2,,,,,,,,,,,,False,C:\Users\VM\Desktop\Application.evtx,0x80000000000000,0,"{""EventData"":{""Data"":""DefaultPpd-ProfessionalSingleLanguage Component PPD License, 658ee2ff-712d-2feb-d854-ee7cb0f68fa1"",""Binary"":""""}}"
396,396,2025-07-29 04:52:30.9749686,1004,Info,Microsoft-Windows-Security-SPP,Application,0,0,WIN-N0IRN1T9IF6,2,,,,,,,,,,,,False,C:\Users\VM\Desktop\Application.evtx,0x80000000000000,0,"{""EventData"":{""Data"":""Windows(R) ProfessionalSingleLanguage Product PPD License, f7881a83-f4e7-7276-fd6e-ec06607dad29"",""Binary"":""""}}"
397,397,2025-07-29 04:52:31.0209404,1004,Info,Microsoft-Windows-Security-SPP,Application,0,0,WIN-N0IRN1T9IF6,2,,,,,,,,,,,,False,C:\Users\VM\Desktop\Application.evtx,0x80000000000000,0,"{""EventData"":{""Data"":""Windows(R) Publishing License (Public), fa2f4be9-e6f5-4391-bc5f-6a6f8c8161d1"",""Binary"":""""}}"
398,398,2025-07-29 04:52:31.0209404,1004,Info,Microsoft-Windows-Security-SPP,Application,0,0,WIN-N0IRN1T9IF6,2,,,,,,,,,,,,False,C:\Users\VM\Desktop\Application.evtx,0x80000000000000,0,"{""EventData"":{""Data"":""Windows(R) Publishing License (Private), 86436d0d-6196-4f37-bd38-4766564fdfea"",""Binary"":""""}}"
399,399,2025-07-29 04:52:31.0415156,1004,Info,Microsoft-Windows-Security-SPP,Application,0,0,WIN-N0IRN1T9IF6,2,,,,,,,,,,,,False,C:\Users\VM\Desktop\Application.evtx,0x80000000000000,0,"{""EventData"":{""Data"":""Windows(R) UL oob License (Public), 3f326abd-058a-4c6e-b5db-04cee1c63528"",""Binary"":""""}}"
400,400,2025-07-29 04:52:31.0415156,1004,Info,Microsoft-Windows-Security-SPP,Application,0,0,WIN-N0IRN1T9IF6,2,,,,,,,,,,,,False,C:\Users\VM\Desktop\Application.evtx,0x80000000000000,0,"{""EventData"":{""Data"":""Windows(R) UL oob License (Private), 3f2449e7-ac76-451f-9bc7-d54bc341fec9"",""Binary"":""""}}"
401,401,2025-07-29 04:52:31.0902364,1004,Info,Microsoft-Windows-Security-SPP,Application,0,0,WIN-N0IRN1T9IF6,2,,,,,,,,,,,,False,C:\Users\VM\Desktop\Application.evtx,0x80000000000000,0,"{""EventData"":{""Data"":""Windows(R) UL phone License (Public), 464f4b2e-4a57-4bbd-b851-4f7c59a6f5c3"",""Binary"":""""}}"
402,402,2025-07-29 04:52:31.0902364,1004,Info,Microsoft-Windows-Security-SPP,Application,0,0,WIN-N0IRN1T9IF6,2,,,,,,,,,,,,False,C:\Users\VM\Desktop\Application.evtx,0x80000000000000,0,"{""EventData"":{""Data"":""Windows(R) UL phone License (Private), 1110cbb7-bac7-4612-88f0-e77374128d9e"",""Binary"":""""}}"
403,403,2025-07-29 04:52:31.1312469,1004,Info,Microsoft-Windows-Security-SPP,Application,0,0,WIN-N0IRN1T9IF6,2,,,,,,,,,,,,False,C:\Users\VM\Desktop\Application.evtx,0x80000000000000,0,"{""EventData"":{""Data"":""Windows(R) UL store License (Public), d032ee55-c437-4841-bf5c-dc7e841ed878"",""Binary"":""""}}"
404,404,2025-07-29 04:52:31.1312469,1004,Info,Microsoft-Windows-Security-SPP,Application,0,0,WIN-N0IRN1T9IF6,2,,,,,,,,,,,,False,C:\Users\VM\Desktop\Application.evtx,0x80000000000000,0,"{""EventData"":{""Data"":""Windows(R) UL store License (Private), 7ac5a12a-020f-4093-8bea-d87c14bec51e"",""Binary"":""""}}"
405,405,2025-07-29 04:52:31.1801626,1004,Info,Microsoft-Windows-Security-SPP,Application,0,0,WIN-N0IRN1T9IF6,2,,,,,,,,,,,,False,C:\Users\VM\Desktop\Application.evtx,0x80000000000000,0,"{""EventData"":{""Data"":""DefaultPpd-ProfessionalWorkstation Component PPD License, f7a67c1b-1405-bd8d-4543-076138674dff"",""Binary"":""""}}"
406,406,2025-07-29 04:52:31.2235653,1004,Info,Microsoft-Windows-Security-SPP,Application,0,0,WIN-N0IRN1T9IF6,2,,,,,,,,,,,,False,C:\Users\VM\Desktop\Application.evtx,0x80000000000000,0,"{""EventData"":{""Data"":""Windows(R) Publishing License (Public), d19c480d-a453-410a-a9fa-c28c3fd188cd"",""Binary"":""""}}"
407,407,2025-07-29 04:52:31.2235653,1004,Info,Microsoft-Windows-Security-SPP,Application,0,0,WIN-N0IRN1T9IF6,2,,,,,,,,,,,,False,C:\Users\VM\Desktop\Application.evtx,0x80000000000000,0,"{""EventData"":{""Data"":""Windows(R) Publishing License (Private), 5ce684fd-430f-430e-b21b-6f846202f31c"",""Binary"":""""}}"
408,408,2025-07-29 04:52:31.2418599,1004,Info,Microsoft-Windows-Security-SPP,Application,0,0,WIN-N0IRN1T9IF6,2,,,,,,,,,,,,False,C:\Users\VM\Desktop\Application.evtx,0x80000000000000,0,"{""EventData"":{""Data"":""Windows(R) UL oob License (Public), c5993539-1a5a-4cb5-bb1d-2b5ba38dc93b"",""Binary"":""""}}"
409,409,2025-07-29 04:52:31.2418599,1004,Info,Microsoft-Windows-Security-SPP,Application,0,0,WIN-N0IRN1T9IF6,2,,,,,,,,,,,,False,C:\Users\VM\Desktop\Application.evtx,0x80000000000000,0,"{""EventData"":{""Data"":""Windows(R) UL oob License (Private), 8984d80b-3943-489d-b151-2a05dcd0d9dc"",""Binary"":""""}}"
410,410,2025-07-29 04:52:31.2858325,1004,Info,Microsoft-Windows-Security-SPP,Application,0,0,WIN-N0IRN1T9IF6,2,,,,,,,,,,,,False,C:\Users\VM\Desktop\Application.evtx,0x80000000000000,0,"{""EventData"":{""Data"":""Windows(R) UL phone License (Public), 485e06a1-8b25-4341-ac60-5c27f1318d1d"",""Binary"":""""}}"
411,411,2025-07-29 04:52:31.2858325,1004,Info,Microsoft-Windows-Security-SPP,Application,0,0,WIN-N0IRN1T9IF6,2,,,,,,,,,,,,False,C:\Users\VM\Desktop\Application.evtx,0x80000000000000,0,"{""EventData"":{""Data"":""Windows(R) UL phone License (Private), 5b7a4825-4d83-4433-8fa4-e52b46c9e6a4"",""Binary"":""""}}"
412,412,2025-07-29 04:52:31.3208066,1004,Info,Microsoft-Windows-Security-SPP,Application,0,0,WIN-N0IRN1T9IF6,2,,,,,,,,,,,,False,C:\Users\VM\Desktop\Application.evtx,0x80000000000000,0,"{""EventData"":{""Data"":""Windows(R) UL store License (Public), 87929100-4ce7-46e1-88e9-50cff9810b17"",""Binary"":""""}}"
413,413,2025-07-29 04:52:31.3208066,1004,Info,Microsoft-Windows-Security-SPP,Application,0,0,WIN-N0IRN1T9IF6,2,,,,,,,,,,,,False,C:\Users\VM\Desktop\Application.evtx,0x80000000000000,0,"{""EventData"":{""Data"":""Windows(R) UL store License (Private), 9b1794d2-6b83-4e2a-920b-46740d19d2cd"",""Binary"":""""}}"
414,414,2025-07-29 04:52:31.3661764,1004,Info,Microsoft-Windows-Security-SPP,Application,0,0,WIN-N0IRN1T9IF6,2,,,,,,,,,,,,False,C:\Users\VM\Desktop\Application.evtx,0x80000000000000,0,"{""EventData"":{""Data"":""Windows(R) Publishing License (Public), 983f8a70-ce3a-4e75-a97e-eec7cda2bc47"",""Binary"":""""}}"
415,415,2025-07-29 04:52:31.3661764,1004,Info,Microsoft-Windows-Security-SPP,Application,0,0,WIN-N0IRN1T9IF6,2,,,,,,,,,,,,False,C:\Users\VM\Desktop\Application.evtx,0x80000000000000,0,"{""EventData"":{""Data"":""Windows(R) Publishing License (Private), 841e4fd1-262f-4eac-8ea4-72992960fcc8"",""Binary"":""""}}"
416,416,2025-07-29 04:52:31.3853069,1004,Info,Microsoft-Windows-Security-SPP,Application,0,0,WIN-N0IRN1T9IF6,2,,,,,,,,,,,,False,C:\Users\VM\Desktop\Application.evtx,0x80000000000000,0,"{""EventData"":{""Data"":""Windows(R) UL oob License (Public), 0b49dfe9-4a7a-46f6-9a76-3aaf3f50a0e2"",""Binary"":""""}}"
417,417,2025-07-29 04:52:31.3853069,1004,Info,Microsoft-Windows-Security-SPP,Application,0,0,WIN-N0IRN1T9IF6,2,,,,,,,,,,,,False,C:\Users\VM\Desktop\Application.evtx,0x80000000000000,0,"{""EventData"":{""Data"":""Windows(R) UL oob License (Private), 24193f58-293a-4548-be7d-9712ce11cc36"",""Binary"":""""}}"
418,418,2025-07-29 04:52:31.4130565,1004,Info,Microsoft-Windows-Security-SPP,Application,0,0,WIN-N0IRN1T9IF6,2,,,,,,,,,,,,False,C:\Users\VM\Desktop\Application.evtx,0x80000000000000,0,"{""EventData"":{""Data"":""Windows(R) UL phone License (Public), 5e9576c8-c688-4c59-839d-71fb69dc1fb4"",""Binary"":""""}}"
419,419,2025-07-29 04:52:31.4283208,1004,Info,Microsoft-Windows-Security-SPP,Application,0,0,WIN-N0IRN1T9IF6,2,,,,,,,,,,,,False,C:\Users\VM\Desktop\Application.evtx,0x80000000000000,0,"{""EventData"":{""Data"":""Windows(R) UL phone License (Private), 7164e34a-1103-4a0c-b1b1-6c55ebf88092"",""Binary"":""""}}"
420,420,2025-07-29 04:52:31.4589771,1004,Info,Microsoft-Windows-Security-SPP,Application,0,0,WIN-N0IRN1T9IF6,2,,,,,,,,,,,,False,C:\Users\VM\Desktop\Application.evtx,0x80000000000000,0,"{""EventData"":{""Data"":""Windows(R) UL store License (Public), c93dfab2-bd06-4d9e-9082-dd24d2074222"",""Binary"":""""}}"
421,421,2025-07-29 04:52:31.4589771,1004,Info,Microsoft-Windows-Security-SPP,Application,0,0,WIN-N0IRN1T9IF6,2,,,,,,,,,,,,False,C:\Users\VM\Desktop\Application.evtx,0x80000000000000,0,"{""EventData"":{""Data"":""Windows(R) UL store License (Private), 161c3833-f7b1-4e19-9ffd-9adb1841ebd6"",""Binary"":""""}}"
422,422,2025-07-29 04:52:31.4955626,1004,Info,Microsoft-Windows-Security-SPP,Application,0,0,WIN-N0IRN1T9IF6,2,,,,,,,,,,,,False,C:\Users\VM\Desktop\Application.evtx,0x80000000000000,0,"{""EventData"":{""Data"":""Windows(R) ProfessionalWorkstation Product PPD License, a72f560d-19a4-d1d9-5c36-83bb8242e802"",""Binary"":""""}}"
423,423,2025-07-29 04:52:31.5252233,1004,Info,Microsoft-Windows-Security-SPP,Application,0,0,WIN-N0IRN1T9IF6,2,,,,,,,,,,,,False,C:\Users\VM\Desktop\Application.evtx,0x80000000000000,0,"{""EventData"":{""Data"":""Windows(R) Publishing License (Public), 7b1fd78a-ab51-4db8-a9ad-30e0534f4b3d"",""Binary"":""""}}"
424,424,2025-07-29 04:52:31.5252233,1004,Info,Microsoft-Windows-Security-SPP,Application,0,0,WIN-N0IRN1T9IF6,2,,,,,,,,,,,,False,C:\Users\VM\Desktop\Application.evtx,0x80000000000000,0,"{""EventData"":{""Data"":""Windows(R) Publishing License (Private), 8abba574-6a57-41f4-b1cb-d8fd4248bdbd"",""Binary"":""""}}"
425,425,2025-07-29 04:52:31.5511677,1004,Info,Microsoft-Windows-Security-SPP,Application,0,0,WIN-N0IRN1T9IF6,2,,,,,,,,,,,,False,C:\Users\VM\Desktop\Application.evtx,0x80000000000000,0,"{""EventData"":{""Data"":""Windows(R) UL oob License (Public), a0af2e1e-2a05-4fde-89fd-b3af258d648d"",""Binary"":""""}}"
426,426,2025-07-29 04:52:31.5511677,1004,Info,Microsoft-Windows-Security-SPP,Application,0,0,WIN-N0IRN1T9IF6,2,,,,,,,,,,,,False,C:\Users\VM\Desktop\Application.evtx,0x80000000000000,0,"{""EventData"":{""Data"":""Windows(R) UL oob License (Private), 84ceaf56-5111-41a1-bb7f-88e8a083e949"",""Binary"":""""}}"
427,427,2025-07-29 04:52:31.5867437,1004,Info,Microsoft-Windows-Security-SPP,Application,0,0,WIN-N0IRN1T9IF6,2,,,,,,,,,,,,False,C:\Users\VM\Desktop\Application.evtx,0x80000000000000,0,"{""EventData"":{""Data"":""Windows(R) UL phone License (Public), ecf8863e-1d4e-497c-a71e-ca66069dfbca"",""Binary"":""""}}"
428,428,2025-07-29 04:52:31.5867437,1004,Info,Microsoft-Windows-Security-SPP,Application,0,0,WIN-N0IRN1T9IF6,2,,,,,,,,,,,,False,C:\Users\VM\Desktop\Application.evtx,0x80000000000000,0,"{""EventData"":{""Data"":""Windows(R) UL phone License (Private), d77932c7-4673-4c16-b829-2afd2438fb80"",""Binary"":""""}}"
429,429,2025-07-29 04:52:31.6173297,1004,Info,Microsoft-Windows-Security-SPP,Application,0,0,WIN-N0IRN1T9IF6,2,,,,,,,,,,,,False,C:\Users\VM\Desktop\Application.evtx,0x80000000000000,0,"{""EventData"":{""Data"":""Windows(R) UL store License (Public), 4c645ffe-b49c-48a8-85a5-29e3e1f52a96"",""Binary"":""""}}"
430,430,2025-07-29 04:52:31.6173297,1004,Info,Microsoft-Windows-Security-SPP,Application,0,0,WIN-N0IRN1T9IF6,2,,,,,,,,,,,,False,C:\Users\VM\Desktop\Application.evtx,0x80000000000000,0,"{""EventData"":{""Data"":""Windows(R) UL store License (Private), a99b541f-a24b-4529-aa75-5acb65437c85"",""Binary"":""""}}"
431,431,2025-07-29 04:52:31.6632471,1004,Info,Microsoft-Windows-Security-SPP,Application,0,0,WIN-N0IRN1T9IF6,2,,,,,,,,,,,,False,C:\Users\VM\Desktop\Application.evtx,0x80000000000000,0,"{""EventData"":{""Data"":""Windows(R) Publishing License (Public), f1d8408c-e8aa-4cce-9758-020ddf159bfa"",""Binary"":""""}}"
432,432,2025-07-29 04:52:31.6632471,1004,Info,Microsoft-Windows-Security-SPP,Application,0,0,WIN-N0IRN1T9IF6,2,,,,,,,,,,,,False,C:\Users\VM\Desktop\Application.evtx,0x80000000000000,0,"{""EventData"":{""Data"":""Windows(R) Publishing License (Private), e53df52c-7b65-4654-b635-36dd544760f4"",""Binary"":""""}}"
433,433,2025-07-29 04:52:31.6994301,1004,Info,Microsoft-Windows-Security-SPP,Application,0,0,WIN-N0IRN1T9IF6,2,,,,,,,,,,,,False,C:\Users\VM\Desktop\Application.evtx,0x80000000000000,0,"{""EventData"":{""Data"":""Windows(R) UL oob License (Public), 277282a6-41b0-4718-b5db-ac3a38d935e5"",""Binary"":""""}}"
434,434,2025-07-29 04:52:31.6994301,1004,Info,Microsoft-Windows-Security-SPP,Application,0,0,WIN-N0IRN1T9IF6,2,,,,,,,,,,,,False,C:\Users\VM\Desktop\Application.evtx,0x80000000000000,0,"{""EventData"":{""Data"":""Windows(R) UL oob License (Private), 1319d472-9e3e-4601-ae53-076ec1b0fc2a"",""Binary"":""""}}"
435,435,2025-07-29 04:52:31.7230822,1004,Info,Microsoft-Windows-Security-SPP,Application,0,0,WIN-N0IRN1T9IF6,2,,,,,,,,,,,,False,C:\Users\VM\Desktop\Application.evtx,0x80000000000000,0,"{""EventData"":{""Data"":""Windows(R) UL phone License (Public), f1962d6d-b79f-4e1a-a736-7b9bc8dff998"",""Binary"":""""}}"
436,436,2025-07-29 04:52:31.7230822,1004,Info,Microsoft-Windows-Security-SPP,Application,0,0,WIN-N0IRN1T9IF6,2,,,,,,,,,,,,False,C:\Users\VM\Desktop\Application.evtx,0x80000000000000,0,"{""EventData"":{""Data"":""Windows(R) UL phone License (Private), f8df081c-418a-4d16-ab6a-45c1f0bf2060"",""Binary"":""""}}"
437,437,2025-07-29 04:52:31.7701519,1004,Info,Microsoft-Windows-Security-SPP,Application,0,0,WIN-N0IRN1T9IF6,2,,,,,,,,,,,,False,C:\Users\VM\Desktop\Application.evtx,0x80000000000000,0,"{""EventData"":{""Data"":""Windows(R) UL store License (Public), 3f28b914-e8f5-4283-bd18-8ddbd2b79945"",""Binary"":""""}}"
438,438,2025-07-29 04:52:31.7701519,1004,Info,Microsoft-Windows-Security-SPP,Application,0,0,WIN-N0IRN1T9IF6,2,,,,,,,,,,,,False,C:\Users\VM\Desktop\Application.evtx,0x80000000000000,0,"{""EventData"":{""Data"":""Windows(R) UL store License (Private), 3ffee020-9133-4e55-82b4-dd17659d9068"",""Binary"":""""}}"
439,439,2025-07-29 04:52:31.7930775,1004,Info,Microsoft-Windows-Security-SPP,Application,0,0,WIN-N0IRN1T9IF6,2,,,,,,,,,,,,False,C:\Users\VM\Desktop\Application.evtx,0x80000000000000,0,"{""EventData"":{""Data"":""Windows(R) Publishing License (Public), e7cbbba9-8c38-40b8-82ed-de9078c7a476"",""Binary"":""""}}"
440,440,2025-07-29 04:52:31.7930775,1004,Info,Microsoft-Windows-Security-SPP,Application,0,0,WIN-N0IRN1T9IF6,2,,,,,,,,,,,,False,C:\Users\VM\Desktop\Application.evtx,0x80000000000000,0,"{""EventData"":{""Data"":""Windows(R) Publishing License (Private), bd8bb21e-0c14-4dc7-a5a5-ada8cf9db66d"",""Binary"":""""}}"
441,441,2025-07-29 04:52:31.8484382,1004,Info,Microsoft-Windows-Security-SPP,Application,0,0,WIN-N0IRN1T9IF6,2,,,,,,,,,,,,False,C:\Users\VM\Desktop\Application.evtx,0x80000000000000,0,"{""EventData"":{""Data"":""Windows(R) UL oob License (Public), 7afacaa1-9432-4bb8-8ad7-5bd12aeca132"",""Binary"":""""}}"
442,442,2025-07-29 04:52:31.8484382,1004,Info,Microsoft-Windows-Security-SPP,Application,0,0,WIN-N0IRN1T9IF6,2,,,,,,,,,,,,False,C:\Users\VM\Desktop\Application.evtx,0x80000000000000,0,"{""EventData"":{""Data"":""Windows(R) UL oob License (Private), 693d4034-683b-4ac5-9008-887b1f35d34a"",""Binary"":""""}}"
443,443,2025-07-29 04:52:31.8983709,1004,Info,Microsoft-Windows-Security-SPP,Application,0,0,WIN-N0IRN1T9IF6,2,,,,,,,,,,,,False,C:\Users\VM\Desktop\Application.evtx,0x80000000000000,0,"{""EventData"":{""Data"":""Windows(R) UL phone License (Public), 40176232-3b13-4213-b2d3-2ebf89082355"",""Binary"":""""}}"
444,444,2025-07-29 04:52:31.8983709,1004,Info,Microsoft-Windows-Security-SPP,Application,0,0,WIN-N0IRN1T9IF6,2,,,,,,,,,,,,False,C:\Users\VM\Desktop\Application.evtx,0x80000000000000,0,"{""EventData"":{""Data"":""Windows(R) UL phone License (Private), ebd43b5a-f2a1-4dd7-a4af-5ecb54cd2b6a"",""Binary"":""""}}"
445,445,2025-07-29 04:52:31.9439398,1004,Info,Microsoft-Windows-Security-SPP,Application,0,0,WIN-N0IRN1T9IF6,2,,,,,,,,,,,,False,C:\Users\VM\Desktop\Application.evtx,0x80000000000000,0,"{""EventData"":{""Data"":""Windows(R) UL store License (Public), 799967eb-314a-4357-a62b-d70d05550a1d"",""Binary"":""""}}"
446,446,2025-07-29 04:52:31.9439398,1004,Info,Microsoft-Windows-Security-SPP,Application,0,0,WIN-N0IRN1T9IF6,2,,,,,,,,,,,,False,C:\Users\VM\Desktop\Application.evtx,0x80000000000000,0,"{""EventData"":{""Data"":""Windows(R) UL store License (Private), 7538cd39-97d8-4dbb-bde9-0517d3d28008"",""Binary"":""""}}"
447,447,2025-07-29 04:52:31.9928649,1004,Info,Microsoft-Windows-Security-SPP,Application,0,0,WIN-N0IRN1T9IF6,2,,,,,,,,,,,,False,C:\Users\VM\Desktop\Application.evtx,0x80000000000000,0,"{""EventData"":{""Data"":""Windows(R) Publishing License (Public), 509a3201-64b4-49b8-8f6a-ae1692932630"",""Binary"":""""}}"
448,448,2025-07-29 04:52:31.9928649,1004,Info,Microsoft-Windows-Security-SPP,Application,0,0,WIN-N0IRN1T9IF6,2,,,,,,,,,,,,False,C:\Users\VM\Desktop\Application.evtx,0x80000000000000,0,"{""EventData"":{""Data"":""Windows(R) Publishing License (Private), 79a96689-9a45-4aa0-8844-ccc3c761ef06"",""Binary"":""""}}"
449,449,2025-07-29 04:52:32.0396114,1004,Info,Microsoft-Windows-Security-SPP,Application,0,0,WIN-N0IRN1T9IF6,2,,,,,,,,,,,,False,C:\Users\VM\Desktop\Application.evtx,0x80000000000000,0,"{""EventData"":{""Data"":""Windows(R) UL oob License (Public), 86c09ae4-c475-4f8a-8cb9-4ce90dc82446"",""Binary"":""""}}"
450,450,2025-07-29 04:52:32.0396114,1004,Info,Microsoft-Windows-Security-SPP,Application,0,0,WIN-N0IRN1T9IF6,2,,,,,,,,,,,,False,C:\Users\VM\Desktop\Application.evtx,0x80000000000000,0,"{""EventData"":{""Data"":""Windows(R) UL oob License (Private), 544d3cad-194e-40c8-b92b-46cca5395420"",""Binary"":""""}}"
451,451,2025-07-29 04:52:32.0990483,1004,Info,Microsoft-Windows-Security-SPP,Application,0,0,WIN-N0IRN1T9IF6,2,,,,,,,,,,,,False,C:\Users\VM\Desktop\Application.evtx,0x80000000000000,0,"{""EventData"":{""Data"":""Windows(R) UL phone License (Public), ed4fa2f6-d3f7-4b6d-a723-b90fba717799"",""Binary"":""""}}"
452,452,2025-07-29 04:52:32.0990483,1004,Info,Microsoft-Windows-Security-SPP,Application,0,0,WIN-N0IRN1T9IF6,2,,,,,,,,,,,,False,C:\Users\VM\Desktop\Application.evtx,0x80000000000000,0,"{""EventData"":{""Data"":""Windows(R) UL phone License (Private), d33a4407-fdc0-4da1-91fd-d14d5bfac072"",""Binary"":""""}}"
453,453,2025-07-29 04:52:32.1453393,1004,Info,Microsoft-Windows-Security-SPP,Application,0,0,WIN-N0IRN1T9IF6,2,,,,,,,,,,,,False,C:\Users\VM\Desktop\Application.evtx,0x80000000000000,0,"{""EventData"":{""Data"":""Windows(R) UL store License (Public), e6653ac7-1ca6-4312-9b6b-1422ba9287a7"",""Binary"":""""}}"
454,454,2025-07-29 04:52:32.1453393,1004,Info,Microsoft-Windows-Security-SPP,Application,0,0,WIN-N0IRN1T9IF6,2,,,,,,,,,,,,False,C:\Users\VM\Desktop\Application.evtx,0x80000000000000,0,"{""EventData"":{""Data"":""Windows(R) UL store License (Private), ff1e14f3-3f49-4250-b8b0-dfb7e1138e9f"",""Binary"":""""}}"
455,455,2025-07-29 04:52:32.1945442,1004,Info,Microsoft-Windows-Security-SPP,Application,0,0,WIN-N0IRN1T9IF6,2,,,,,,,,,,,,False,C:\Users\VM\Desktop\Application.evtx,0x80000000000000,0,"{""EventData"":{""Data"":""Windows(R) Publishing License (Public), f1343fc0-9775-4ef5-827b-e76b858a343c"",""Binary"":""""}}"
456,456,2025-07-29 04:52:32.1945442,1004,Info,Microsoft-Windows-Security-SPP,Application,0,0,WIN-N0IRN1T9IF6,2,,,,,,,,,,,,False,C:\Users\VM\Desktop\Application.evtx,0x80000000000000,0,"{""EventData"":{""Data"":""Windows(R) Publishing License (Private), f6f13177-f743-4acd-aaa2-2ba8beb05077"",""Binary"":""""}}"
457,457,2025-07-29 04:52:32.2318571,1004,Info,Microsoft-Windows-Security-SPP,Application,0,0,WIN-N0IRN1T9IF6,2,,,,,,,,,,,,False,C:\Users\VM\Desktop\Application.evtx,0x80000000000000,0,"{""EventData"":{""Data"":""Windows(R) UL oob License (Public), 9f06592f-10a2-485c-87f2-f4c40acb5e8c"",""Binary"":""""}}"
458,458,2025-07-29 04:52:32.2406344,1004,Info,Microsoft-Windows-Security-SPP,Application,0,0,WIN-N0IRN1T9IF6,2,,,,,,,,,,,,False,C:\Users\VM\Desktop\Application.evtx,0x80000000000000,0,"{""EventData"":{""Data"":""Windows(R) UL oob License (Private), e2cc349b-0296-485c-8288-6d8d621f9bb0"",""Binary"":""""}}"
459,459,2025-07-29 04:52:32.2719176,1004,Info,Microsoft-Windows-Security-SPP,Application,0,0,WIN-N0IRN1T9IF6,2,,,,,,,,,,,,False,C:\Users\VM\Desktop\Application.evtx,0x80000000000000,0,"{""EventData"":{""Data"":""Windows(R) UL phone License (Public), 9a8e9b84-8862-4fed-8ff6-d01b75904d28"",""Binary"":""""}}"
460,460,2025-07-29 04:52:32.2719176,1004,Info,Microsoft-Windows-Security-SPP,Application,0,0,WIN-N0IRN1T9IF6,2,,,,,,,,,,,,False,C:\Users\VM\Desktop\Application.evtx,0x80000000000000,0,"{""EventData"":{""Data"":""Windows(R) UL phone License (Private), 4a585bf3-7733-4c3c-a791-bb8cd27712c0"",""Binary"":""""}}"
461,461,2025-07-29 04:52:32.2948285,1004,Info,Microsoft-Windows-Security-SPP,Application,0,0,WIN-N0IRN1T9IF6,2,,,,,,,,,,,,False,C:\Users\VM\Desktop\Application.evtx,0x80000000000000,0,"{""EventData"":{""Data"":""Windows(R) UL store License (Public), 11cfd538-1b1e-413a-95c3-b0f24eec6da2"",""Binary"":""""}}"
462,462,2025-07-29 04:52:32.2948285,1004,Info,Microsoft-Windows-Security-SPP,Application,0,0,WIN-N0IRN1T9IF6,2,,,,,,,,,,,,False,C:\Users\VM\Desktop\Application.evtx,0x80000000000000,0,"{""EventData"":{""Data"":""Windows(R) UL store License (Private), 4c6a4aa3-41f7-4208-a072-e05142f871ff"",""Binary"":""""}}"
463,463,2025-07-29 04:52:32.3328826,1004,Info,Microsoft-Windows-Security-SPP,Application,0,0,WIN-N0IRN1T9IF6,2,,,,,,,,,,,,False,C:\Users\VM\Desktop\Application.evtx,0x80000000000000,0,"{""EventData"":{""Data"":""Windows(R) Publishing License (Public), cf6e1d15-d4a8-4d88-9455-18c4d46b2e23"",""Binary"":""""}}"
464,464,2025-07-29 04:52:32.3328826,1004,Info,Microsoft-Windows-Security-SPP,Application,0,0,WIN-N0IRN1T9IF6,2,,,,,,,,,,,,False,C:\Users\VM\Desktop\Application.evtx,0x80000000000000,0,"{""EventData"":{""Data"":""Windows(R) Publishing License (Private), c3e7061e-cd5f-46f7-89fb-929a01c9639d"",""Binary"":""""}}"
465,465,2025-07-29 04:52:32.3642751,1004,Info,Microsoft-Windows-Security-SPP,Application,0,0,WIN-N0IRN1T9IF6,2,,,,,,,,,,,,False,C:\Users\VM\Desktop\Application.evtx,0x80000000000000,0,"{""EventData"":{""Data"":""Windows(R) UL oob License (Public), f274c6ed-31a8-4f3f-a3a8-5b9003ecca70"",""Binary"":""""}}"
466,466,2025-07-29 04:52:32.3642751,1004,Info,Microsoft-Windows-Security-SPP,Application,0,0,WIN-N0IRN1T9IF6,2,,,,,,,,,,,,False,C:\Users\VM\Desktop\Application.evtx,0x80000000000000,0,"{""EventData"":{""Data"":""Windows(R) UL oob License (Private), 7c700ce6-48c0-4024-b52e-738be6832845"",""Binary"":""""}}"
467,467,2025-07-29 04:52:32.4136066,1004,Info,Microsoft-Windows-Security-SPP,Application,0,0,WIN-N0IRN1T9IF6,2,,,,,,,,,,,,False,C:\Users\VM\Desktop\Application.evtx,0x80000000000000,0,"{""EventData"":{""Data"":""Windows(R) UL phone License (Public), 3b7bb17f-cd42-466d-94e9-bccd9d35ee0f"",""Binary"":""""}}"
468,468,2025-07-29 04:52:32.4136066,1004,Info,Microsoft-Windows-Security-SPP,Application,0,0,WIN-N0IRN1T9IF6,2,,,,,,,,,,,,False,C:\Users\VM\Desktop\Application.evtx,0x80000000000000,0,"{""EventData"":{""Data"":""Windows(R) UL phone License (Private), 8e216d5f-b0df-44b0-ab0d-dbf1ebd2e610"",""Binary"":""""}}"
469,469,2025-07-29 04:52:32.4577853,1004,Info,Microsoft-Windows-Security-SPP,Application,0,0,WIN-N0IRN1T9IF6,2,,,,,,,,,,,,False,C:\Users\VM\Desktop\Application.evtx,0x80000000000000,0,"{""EventData"":{""Data"":""Windows(R) UL store License (Public), f5df2bef-0abb-465d-8cc1-4723e4d9b7e1"",""Binary"":""""}}"
470,470,2025-07-29 04:52:32.4577853,1004,Info,Microsoft-Windows-Security-SPP,Application,0,0,WIN-N0IRN1T9IF6,2,,,,,,,,,,,,False,C:\Users\VM\Desktop\Application.evtx,0x80000000000000,0,"{""EventData"":{""Data"":""Windows(R) UL store License (Private), 8d473731-47a1-4df3-b473-9d98aff24e83"",""Binary"":""""}}"
471,471,2025-07-29 04:52:32.4890875,1004,Info,Microsoft-Windows-Security-SPP,Application,0,0,WIN-N0IRN1T9IF6,2,,,,,,,,,,,,False,C:\Users\VM\Desktop\Application.evtx,0x80000000000000,0,"{""EventData"":{""Data"":""Windows(R) Publishing License (Public), 4944cc2e-ad2f-4215-bc8b-e1f1bb084429"",""Binary"":""""}}"
472,472,2025-07-29 04:52:32.4890875,1004,Info,Microsoft-Windows-Security-SPP,Application,0,0,WIN-N0IRN1T9IF6,2,,,,,,,,,,,,False,C:\Users\VM\Desktop\Application.evtx,0x80000000000000,0,"{""EventData"":{""Data"":""Windows(R) Publishing License (Private), 9f1d1c5e-793b-4d98-9550-94e30af8a48a"",""Binary"":""""}}"
473,473,2025-07-29 04:52:32.5048356,1004,Info,Microsoft-Windows-Security-SPP,Application,0,0,WIN-N0IRN1T9IF6,2,,,,,,,,,,,,False,C:\Users\VM\Desktop\Application.evtx,0x80000000000000,0,"{""EventData"":{""Data"":""Windows(R) UL oob License (Public), d8594923-8d48-4daf-847c-ae7bab31e4a2"",""Binary"":""""}}"
474,474,2025-07-29 04:52:32.5048356,1004,Info,Microsoft-Windows-Security-SPP,Application,0,0,WIN-N0IRN1T9IF6,2,,,,,,,,,,,,False,C:\Users\VM\Desktop\Application.evtx,0x80000000000000,0,"{""EventData"":{""Data"":""Windows(R) UL oob License (Private), 262d628a-343b-49a3-b6a5-c7954e4a78a3"",""Binary"":""""}}"
475,475,2025-07-29 04:52:32.5512903,1004,Info,Microsoft-Windows-Security-SPP,Application,0,0,WIN-N0IRN1T9IF6,2,,,,,,,,,,,,False,C:\Users\VM\Desktop\Application.evtx,0x80000000000000,0,"{""EventData"":{""Data"":""Windows(R) UL phone License (Public), b2eada11-8aac-4a0c-bb63-8480bb1b7de2"",""Binary"":""""}}"
476,476,2025-07-29 04:52:32.5759509,1004,Info,Microsoft-Windows-Security-SPP,Application,0,0,WIN-N0IRN1T9IF6,2,,,,,,,,,,,,False,C:\Users\VM\Desktop\Application.evtx,0x80000000000000,0,"{""EventData"":{""Data"":""Windows(R) UL phone License (Private), efe034a3-b39f-4207-bf26-2cad92fddbf6"",""Binary"":""""}}"
477,477,2025-07-29 04:52:32.6293174,1004,Info,Microsoft-Windows-Security-SPP,Application,0,0,WIN-N0IRN1T9IF6,2,,,,,,,,,,,,False,C:\Users\VM\Desktop\Application.evtx,0x80000000000000,0,"{""EventData"":{""Data"":""Windows(R) UL store License (Public), d2dfc348-3c68-404b-ac94-8a6c3ba5a635"",""Binary"":""""}}"
478,478,2025-07-29 04:52:32.6293174,1004,Info,Microsoft-Windows-Security-SPP,Application,0,0,WIN-N0IRN1T9IF6,2,,,,,,,,,,,,False,C:\Users\VM\Desktop\Application.evtx,0x80000000000000,0,"{""EventData"":{""Data"":""Windows(R) UL store License (Private), ca633915-3843-4ef2-a3e4-d86f1b7f5b91"",""Binary"":""""}}"
479,479,2025-07-29 04:52:32.6598229,1004,Info,Microsoft-Windows-Security-SPP,Application,0,0,WIN-N0IRN1T9IF6,2,,,,,,,,,,,,False,C:\Users\VM\Desktop\Application.evtx,0x80000000000000,0,"{""EventData"":{""Data"":""Windows(R) Publishing License (Public), faa85a3f-1c3b-4a7a-a234-516b02c02a7a"",""Binary"":""""}}"
480,480,2025-07-29 04:52:32.6605830,1004,Info,Microsoft-Windows-Security-SPP,Application,0,0,WIN-N0IRN1T9IF6,2,,,,,,,,,,,,False,C:\Users\VM\Desktop\Application.evtx,0x80000000000000,0,"{""EventData"":{""Data"":""Windows(R) Publishing License (Private), 38ec2852-351f-4c12-b698-13ce1a1f8fcd"",""Binary"":""""}}"
481,481,2025-07-29 04:52:32.6774745,1004,Info,Microsoft-Windows-Security-SPP,Application,0,0,WIN-N0IRN1T9IF6,2,,,,,,,,,,,,False,C:\Users\VM\Desktop\Application.evtx,0x80000000000000,0,"{""EventData"":{""Data"":""Windows(R) UL oob License (Public), f3a6053b-99d5-4560-9001-56c58f6f7e1f"",""Binary"":""""}}"
482,482,2025-07-29 04:52:32.6774745,1004,Info,Microsoft-Windows-Security-SPP,Application,0,0,WIN-N0IRN1T9IF6,2,,,,,,,,,,,,False,C:\Users\VM\Desktop\Application.evtx,0x80000000000000,0,"{""EventData"":{""Data"":""Windows(R) UL oob License (Private), 712935c6-41d7-45ac-b894-25a9abceb698"",""Binary"":""""}}"
483,483,2025-07-29 04:52:32.7240303,1004,Info,Microsoft-Windows-Security-SPP,Application,0,0,WIN-N0IRN1T9IF6,2,,,,,,,,,,,,False,C:\Users\VM\Desktop\Application.evtx,0x80000000000000,0,"{""EventData"":{""Data"":""Windows(R) UL phone License (Public), 0ad229af-2004-403d-95db-9ce93ef77e79"",""Binary"":""""}}"
484,484,2025-07-29 04:52:32.7240303,1004,Info,Microsoft-Windows-Security-SPP,Application,0,0,WIN-N0IRN1T9IF6,2,,,,,,,,,,,,False,C:\Users\VM\Desktop\Application.evtx,0x80000000000000,0,"{""EventData"":{""Data"":""Windows(R) UL phone License (Private), 0551252b-d3c8-4958-9549-3fe99d676a15"",""Binary"":""""}}"
