594,594,2025-07-28 19:56:51.6011107,4113,Info,Microsoft-Windows-CAPI2,Application,1340,5332,DESKTOP-5A3QN5S,3,,,,,,,,,,,,False,C:\Users\VM\Desktop\Application.evtx,"Audit success, classic",280,"{""EventData"":{""Data"":""‎Wednesday, ‎May ‎31, ‎2017 4:28:59 PM"",""Binary"":""""}}"
595,595,2025-07-28 19:57:00.9304747,0,Info,edgeupdate,Application,0,0,DESKTOP-5A3QN5S,3,,,,,,,,,,,,False,C:\Users\VM\Desktop\Application.evtx,0x80000000000000,0,"{""EventData"":{""Data"":""Service stopped"",""Binary"":""""}}"
596,596,2025-07-28 19:57:10.0704146,8195,Info,System Restore,Application,0,0,DESKTOP-5A3QN5S,4,,System Restore has been disabled,,,Data: C:\Windows\winsxs\amd64_microsoft-windows-servicingstack_31bf3856ad364e35_10.0.19041.3745_none_7ded3f327ca60a41\TiWorker.exe -Embedding,,,,,,,False,C:\Users\VM\Desktop\Application.evtx,0x80000000000000,0,"{""EventData"":{""Data"":""C:\\Windows\\winsxs\\amd64_microsoft-windows-servicingstack_31bf3856ad364e35_10.0.19041.3745_none_7ded3f327ca60a41\\TiWorker.exe -Embedding"",""Binary"":""00-00-00-00-89-00-00-00-83-00-00-00-00-00-00-00-43-86-25-23-07-00-00-00-00-00-00-00-00-00-00-00-00-00-00-00""}}"
597,597,2025-07-28 19:57:11.1347132,0,Info,edgeupdate,Application,0,0,DESKTOP-5A3QN5S,4,,,,,,,,,,,,False,C:\Users\VM\Desktop\Application.evtx,0x80000000000000,0,"{""EventData"":{""Data"":""Service stopped"",""Binary"":""""}}"
598,598,2025-07-28 19:57:12.1805864,1,Info,SecurityCenter,Application,0,0,DESKTOP-5A3QN5S,4,,,,,,,,,,,,False,C:\Users\VM\Desktop\Application.evtx,0x80000000000000,0,"{""EventData"":{""Data"":"""",""Binary"":""""}}"
599,599,2025-07-28 19:57:14.1964118,16,Error,SecurityCenter,Application,0,0,DESKTOP-5A3QN5S,4,,,,,,,,,,,,False,C:\Users\VM\Desktop\Application.evtx,0x80000000000000,0,"{""EventData"":{""Data"":""Windows Defender, SECURITY_PRODUCT_STATE_ON"",""Binary"":""02-00-00-00""}}"
600,600,2025-07-28 19:57:14.1964118,15,Info,SecurityCenter,Application,0,0,DESKTOP-5A3QN5S,4,,Windows Security Center State Changed,,,Updated Windows Defender status successfully to SECURITY_PRODUCT_STATE_ON.,,,,,,,False,C:\Users\VM\Desktop\Application.evtx,0x80000000000000,0,"{""EventData"":{""Data"":""Windows Defender, SECURITY_PRODUCT_STATE_ON"",""Binary"":""""}}"
601,601,2025-07-28 19:57:39.5262948,16384,Info,Microsoft-Windows-Security-SPP,Application,0,0,DESKTOP-5A3QN5S,4,,,,,,,,,,,,False,C:\Users\VM\Desktop\Application.evtx,0x80000000000000,0,"{""EventData"":{""Data"":""2025-07-29T04:56:39Z, RulesEngine"",""Binary"":""""}}"
602,602,2025-07-28 19:57:48.8664569,0,Info,edgeupdate,Application,0,0,DESKTOP-5A3QN5S,4,,,,,,,,,,,,False,C:\Users\VM\Desktop\Application.evtx,0x80000000000000,0,"{""EventData"":{""Data"":""Service stopped"",""Binary"":""""}}"
603,603,2025-07-28 19:57:54.2323738,1001,Info,Windows Error Reporting,Application,0,0,DESKTOP-5A3QN5S,4,,Application Crash,,,,,,,,,MicrosoftAccount.TokenProvider.Core.dll,False,C:\Users\VM\Desktop\Application.evtx,0x80000000000000,0,"{""EventData"":{""Data"":""0, WindowsServicingFailureInfo, Not available, 0, 10.0.19041.3745:1, 0x800F0984 0x800F0984 Matching binary: MicrosoftAccount.TokenProvider.Core.dll missing for component: amd64_microsoft-windows-c..riencehost.appxmain_31bf3856ad364e35_10.0.19041.1265_none_777e632002d13277, 楆敬›瑳牯汥祡畯⹴灣⡰㘱㠹\u2029‭潃灭湯湥却潴敲㨺剃睡瑓牯䱥祡畯㩴䠺摹慲整楆敬, \\\\?\\C:\\ProgramData\\Microsoft\\Windows\\WER\\ReportQueue\\Critical_10.0.19041.3745__e25b5295577d28d6732941e2eceeb11a5e5c4_00000000_12ff958b-dcc3-4904-a180-f4e511c8929f, 0, 12ff958b-dcc3-4904-a180-f4e511c8929f, 4, 0"",""Binary"":""""}}"
604,604,2025-07-28 19:57:54.2431937,1001,Info,Windows Error Reporting,Application,0,0,DESKTOP-5A3QN5S,4,,Application Crash,,,,,,,,,MicrosoftAccount.TokenProvider.Core.dll,False,C:\Users\VM\Desktop\Application.evtx,0x80000000000000,0,"{""EventData"":{""Data"":""0, WindowsServicingFailureInfo, Not available, 0, 10.0.19041.3745:1, 0x800F0984 0x800F0984 Matching binary: MicrosoftAccount.TokenProvider.Core.dll missing for component: amd64_microsoft-windows-c..riencehost.appxmain_31bf3856ad364e35_10.0.19041.1265_none_777e632002d13277, 楆敬›瑳牯汥祡畯⹴灣⡰㘱㠹\u2029‭潃灭湯湥却潴敲㨺剃睡瑓牯䱥祡畯㩴䠺摹慲整楆敬, \n\\\\?\\C:\\Windows\\Logs\\CBS\\CBS.log\n\\\\?\\C:\\Windows\\servicing\\Sessions\\Sessions.xml\n\\\\?\\C:\\Windows\\servicing\\Sessions\\31195129_3447939107.xml\n\\\\?\\C:\\Windows\\system32\\LogFiles\\Scm\\SCM.EVM\n\\\\?\\C:\\Windows\\Logs\\Cbs\\FilterList.log, 0, 12ff958b-dcc3-4904-a180-f4e511c8929f, 262148, 0"",""Binary"":""""}}"
605,605,2025-07-28 19:57:54.3745404,1001,Info,Windows Error Reporting,Application,0,0,DESKTOP-5A3QN5S,4,,Application Crash,,,,,,,,,MicrosoftAccount.TokenProvider.Core.dll,False,C:\Users\VM\Desktop\Application.evtx,0x80000000000000,0,"{""EventData"":{""Data"":""0, WindowsServicingFailureInfo, Not available, 0, 10.0.19041.3745:1, 0x800F0984 0x800F0984 Matching binary: MicrosoftAccount.TokenProvider.Core.dll missing for component: amd64_microsoft-windows-c..riencehost.appxmain_31bf3856ad364e35_10.0.19041.1265_none_777e632002d13277, 楆敬›瑳牯汥祡畯⹴灣⡰㘱㠹\u2029‭潃灭湯湥却潴敲㨺剃睡瑓牯䱥祡畯㩴䠺摹慲整楆敬, \\\\?\\C:\\ProgramData\\Microsoft\\Windows\\WER\\ReportQueue\\Critical_10.0.19041.3745__e25b5295577d28d6732941e2eceeb11a5e5c4_00000000_12ff958b-dcc3-4904-a180-f4e511c8929f, 0, 12ff958b-dcc3-4904-a180-f4e511c8929f, 6, 0"",""Binary"":""""}}"
606,606,2025-07-28 19:57:58.4730873,1001,Info,Windows Error Reporting,Application,0,0,DESKTOP-5A3QN5S,4,,Application Crash,,,,,,,,,"0, CbsPackageServicingFailure2, Not available, 0, 10.0.19041.3745, Package_for_KB5020683, 19041.2304.1.3, amd64, unknown, 800f0984, Stage, Resolved, Installed, WindowsUpdateAgent, \\?\C:\ProgramData\Microsoft\Windows\WER\ReportQueue\Critical_10.0.19041.3745_df96a81894588e781d035b6a7d2c998db8c4560_00000000_c99ff215-ce34-4531-9511-b228f936a9a8, 0, c99ff215-ce34-4531-9511-b228f936a9a8, 4, 0",False,C:\Users\VM\Desktop\Application.evtx,0x80000000000000,0,"{""EventData"":{""Data"":""0, CbsPackageServicingFailure2, Not available, 0, 10.0.19041.3745, Package_for_KB5020683, 19041.2304.1.3, amd64, unknown, 800f0984, Stage, Resolved, Installed, WindowsUpdateAgent, \\\\?\\C:\\ProgramData\\Microsoft\\Windows\\WER\\ReportQueue\\Critical_10.0.19041.3745_df96a81894588e781d035b6a7d2c998db8c4560_00000000_c99ff215-ce34-4531-9511-b228f936a9a8, 0, c99ff215-ce34-4531-9511-b228f936a9a8, 4, 0"",""Binary"":""""}}"
607,607,2025-07-28 19:57:58.4766988,1001,Info,Windows Error Reporting,Application,0,0,DESKTOP-5A3QN5S,4,,Application Crash,,,,,,,,,"0, CbsPackageServicingFailure2, Not available, 0, 10.0.19041.3745, Package_for_KB5020683, 19041.2304.1.3, amd64, unknown, 800f0984, Stage, Resolved, Installed, WindowsUpdateAgent, 
\\?\C:\Windows\Logs\CBS\CBS.log
\\?\C:\Windows\servicing\Sessions\Sessions.xml
\\?\C:\Windows\inf\setupapi.dev.log, 0, c99ff215-ce34-4531-9511-b228f936a9a8, 262148, 0",False,C:\Users\VM\Desktop\Application.evtx,0x80000000000000,0,"{""EventData"":{""Data"":""0, CbsPackageServicingFailure2, Not available, 0, 10.0.19041.3745, Package_for_KB5020683, 19041.2304.1.3, amd64, unknown, 800f0984, Stage, Resolved, Installed, WindowsUpdateAgent, \n\\\\?\\C:\\Windows\\Logs\\CBS\\CBS.log\n\\\\?\\C:\\Windows\\servicing\\Sessions\\Sessions.xml\n\\\\?\\C:\\Windows\\inf\\setupapi.dev.log, 0, c99ff215-ce34-4531-9511-b228f936a9a8, 262148, 0"",""Binary"":""""}}"
608,608,2025-07-28 19:57:58.6654154,1001,Info,Windows Error Reporting,Application,0,0,DESKTOP-5A3QN5S,4,,Application Crash,,,,,,,,,MicrosoftAccount.TokenProvider.Core.dll,False,C:\Users\VM\Desktop\Application.evtx,0x80000000000000,0,"{""EventData"":{""Data"":""0, WindowsServicingFailureInfo, Not available, 0, 10.0.19041.3745:1, 0x800F0984 0x800F0984 Matching binary: MicrosoftAccount.TokenProvider.Core.dll missing for component: amd64_microsoft-windows-c..riencehost.appxmain_31bf3856ad364e35_10.0.19041.1265_none_777e632002d13277, 楆敬›瑳牯汥祡畯⹴灣⡰㘱㠹\u2029‭潃灭湯湥却潴敲㨺剃睡瑓牯䱥祡畯㩴䠺摹慲整楆敬, \\\\?\\C:\\ProgramData\\Microsoft\\Windows\\WER\\ReportQueue\\Critical_10.0.19041.3745__e25b5295577d28d6732941e2eceeb11a5e5c4_00000000_12ff958b-dcc3-4904-a180-f4e511c8929f, 0, 12ff958b-dcc3-4904-a180-f4e511c8929f, 6, 0"",""Binary"":""""}}"
609,609,2025-07-28 19:57:58.7590737,1001,Info,Windows Error Reporting,Application,0,0,DESKTOP-5A3QN5S,4,,Application Crash,,,,,,,,,"0, CbsPackageServicingFailure2, Not available, 0, 10.0.19041.3745, Package_for_KB5020683, 19041.2304.1.3, amd64, unknown, 800f0984, Stage, Resolved, Installed, WindowsUpdateAgent, \\?\C:\ProgramData\Microsoft\Windows\WER\ReportQueue\Critical_10.0.19041.3745_df96a81894588e781d035b6a7d2c998db8c4560_00000000_c99ff215-ce34-4531-9511-b228f936a9a8, 0, c99ff215-ce34-4531-9511-b228f936a9a8, 6, 0",False,C:\Users\VM\Desktop\Application.evtx,0x80000000000000,0,"{""EventData"":{""Data"":""0, CbsPackageServicingFailure2, Not available, 0, 10.0.19041.3745, Package_for_KB5020683, 19041.2304.1.3, amd64, unknown, 800f0984, Stage, Resolved, Installed, WindowsUpdateAgent, \\\\?\\C:\\ProgramData\\Microsoft\\Windows\\WER\\ReportQueue\\Critical_10.0.19041.3745_df96a81894588e781d035b6a7d2c998db8c4560_00000000_c99ff215-ce34-4531-9511-b228f936a9a8, 0, c99ff215-ce34-4531-9511-b228f936a9a8, 6, 0"",""Binary"":""""}}"
610,610,2025-07-28 19:58:29.4067552,16394,Info,Microsoft-Windows-Security-SPP,Application,0,0,DESKTOP-5A3QN5S,4,,,,,,,,,,,,False,C:\Users\VM\Desktop\Application.evtx,0x80000000000000,0,"{""EventData"":{""Data"":"""",""Binary"":""""}}"
611,611,2025-07-28 19:58:48.5357004,0,Info,edgeupdate,Application,0,0,DESKTOP-5A3QN5S,4,,,,,,,,,,,,False,C:\Users\VM\Desktop\Application.evtx,0x80000000000000,0,"{""EventData"":{""Data"":""Service stopped"",""Binary"":""""}}"
612,612,2025-07-28 19:59:25.8115653,16384,Info,Microsoft-Windows-Security-SPP,Application,0,0,DESKTOP-5A3QN5S,4,,,,,,,,,,,,False,C:\Users\VM\Desktop\Application.evtx,0x80000000000000,0,"{""EventData"":{""Data"":""2025-07-29T04:57:25Z, RulesEngine"",""Binary"":""""}}"
613,613,2025-07-28 19:59:48.7519530,0,Info,edgeupdate,Application,0,0,DESKTOP-5A3QN5S,4,,,,,,,,,,,,False,C:\Users\VM\Desktop\Application.evtx,0x80000000000000,0,"{""EventData"":{""Data"":""Service stopped"",""Binary"":""""}}"
614,614,2025-07-28 20:00:22.5842198,16394,Info,Microsoft-Windows-Security-SPP,Application,0,0,DESKTOP-5A3QN5S,4,,,,,,,,,,,,False,C:\Users\VM\Desktop\Application.evtx,0x80000000000000,0,"{""EventData"":{""Data"":"""",""Binary"":""""}}"
615,615,2025-07-28 20:00:48.6570709,0,Info,edgeupdate,Application,0,0,DESKTOP-5A3QN5S,4,,,,,,,,,,,,False,C:\Users\VM\Desktop\Application.evtx,0x80000000000000,0,"{""EventData"":{""Data"":""Service stopped"",""Binary"":""""}}"
616,616,2025-07-28 20:00:53.2025030,16384,Info,Microsoft-Windows-Security-SPP,Application,0,0,DESKTOP-5A3QN5S,4,,,,,,,,,,,,False,C:\Users\VM\Desktop\Application.evtx,0x80000000000000,0,"{""EventData"":{""Data"":""2025-07-29T04:56:53Z, RulesEngine"",""Binary"":""""}}"
617,617,2025-07-28 20:01:48.8254468,0,Info,edgeupdate,Application,0,0,DESKTOP-5A3QN5S,4,,,,,,,,,,,,False,C:\Users\VM\Desktop\Application.evtx,0x80000000000000,0,"{""EventData"":{""Data"":""Service stopped"",""Binary"":""""}}"
618,618,2025-07-28 20:02:48.6099562,0,Info,edgeupdate,Application,0,0,DESKTOP-5A3QN5S,4,,,,,,,,,,,,False,C:\Users\VM\Desktop\Application.evtx,0x80000000000000,0,"{""EventData"":{""Data"":""Service stopped"",""Binary"":""""}}"
619,619,2025-07-28 20:03:11.7971894,8224,Info,VSS,Application,0,0,DESKTOP-5A3QN5S,4,,,,,,,,,,,,False,C:\Users\VM\Desktop\Application.evtx,0x80000000000000,0,"{""EventData"":{""Data"":"""",""Binary"":""2D-20-43-6F-64-65-3A-20-20-43-4F-52-53-56-43-43-30-30-30-30-30-37-37-34-2D-20-43-61-6C-6C-3A-20-20-43-4F-52-53-56-43-43-30-30-30-30-30-37-35-36-2D-20-50-49-44-3A-20-20-30-30-30-30-33-33-37-36-2D-20-54-49-44-3A-20-20-30-30-30-30-35-39-38-34-2D-20-43-4D-44-3A-20-20-43-3A-5C-57-69-6E-64-6F-77-73-5C-73-79-73-74-65-6D-33-32-5C-76-73-73-76-63-2E-65-78-65-20-20-20-2D-20-55-73-65-72-3A-20-4E-61-6D-65-3A-20-4E-54-20-41-55-54-48-4F-52-49-54-59-5C-53-59-53-54-45-4D-2C-20-53-49-44-3A-53-2D-31-2D-35-2D-31-38-20""}}"
620,620,2025-07-28 20:03:25.2360222,5,Info,Microsoft-Windows-Search-ProfileNotify,Application,0,0,DESKTOP-5A3QN5S,4,,,,,,,,,,,,False,C:\Users\VM\Desktop\Application.evtx,0x80000000000000,0,"{""EventData"":{""Data"":{""@Name"":""User"",""#text"":""DESKTOP-5A3QN5S\\VM""},""Binary"":""""}}"
621,621,2025-07-28 20:03:48.1734560,0,Info,edgeupdate,Application,0,0,DESKTOP-5A3QN5S,4,,,,,,,,,,,,False,C:\Users\VM\Desktop\Application.evtx,0x80000000000000,0,"{""EventData"":{""Data"":""Service stopped"",""Binary"":""""}}"
622,622,2025-07-28 20:04:48.2341760,0,Info,edgeupdate,Application,0,0,DESKTOP-5A3QN5S,4,,,,,,,,,,,,False,C:\Users\VM\Desktop\Application.evtx,0x80000000000000,0,"{""EventData"":{""Data"":""Service stopped"",""Binary"":""""}}"
623,623,2025-07-28 20:05:48.2668792,0,Info,edgeupdate,Application,0,0,DESKTOP-5A3QN5S,4,,,,,,,,,,,,False,C:\Users\VM\Desktop\Application.evtx,0x80000000000000,0,"{""EventData"":{""Data"":""Service stopped"",""Binary"":""""}}"
624,624,2025-07-28 20:06:48.6245871,0,Info,edgeupdate,Application,0,0,DESKTOP-5A3QN5S,4,,,,,,,,,,,,False,C:\Users\VM\Desktop\Application.evtx,0x80000000000000,0,"{""EventData"":{""Data"":""Service stopped"",""Binary"":""""}}"
625,625,2025-07-28 20:07:48.9846708,0,Info,edgeupdate,Application,0,0,DESKTOP-5A3QN5S,4,,,,,,,,,,,,False,C:\Users\VM\Desktop\Application.evtx,0x80000000000000,0,"{""EventData"":{""Data"":""Service stopped"",""Binary"":""""}}"
626,626,2025-07-28 20:08:48.8309509,0,Info,edgeupdate,Application,0,0,DESKTOP-5A3QN5S,4,,,,,,,,,,,,False,C:\Users\VM\Desktop\Application.evtx,0x80000000000000,0,"{""EventData"":{""Data"":""Service stopped"",""Binary"":""""}}"
627,627,2025-07-28 20:09:48.7145563,0,Info,edgeupdate,Application,0,0,DESKTOP-5A3QN5S,4,,,,,,,,,,,,False,C:\Users\VM\Desktop\Application.evtx,0x80000000000000,0,"{""EventData"":{""Data"":""Service stopped"",""Binary"":""""}}"
628,628,2025-07-28 20:10:22.7952299,4097,Info,Microsoft-Windows-CAPI2,Application,1340,2112,DESKTOP-5A3QN5S,4,,,,,,,,,,,,False,C:\Users\VM\Desktop\Application.evtx,"Audit success, classic",1128,"{""EventData"":{""Data"":""CN=GlobalSign Root CA, OU=Root CA, O=GlobalSign nv-sa, C=BE, B1BC968BD4F49D622AA89A81F2150152A41D829C"",""Binary"":""""}}"
629,629,2025-07-28 20:10:33.3201986,6000,Info,Microsoft-Windows-Winlogon,Application,0,0,DESKTOP-5A3QN5S,4,,,,,,,,,,,,False,C:\Users\VM\Desktop\Application.evtx,0x80000000000000,0,"{""EventData"":{""Data"":""WSearch"",""Binary"":""D9-06-00-00""}}"
630,630,2025-07-28 20:10:33.4500491,6000,Info,Microsoft-Windows-Winlogon,Application,0,0,DESKTOP-5A3QN5S,4,,,,,,,,,,,,False,C:\Users\VM\Desktop\Application.evtx,0x80000000000000,0,"{""EventData"":{""Data"":""SessionEnv"",""Binary"":""D9-06-00-00""}}"
631,631,2025-07-28 20:10:34.8397661,9027,Info,Desktop Window Manager,Application,0,0,DESKTOP-5A3QN5S,4,,,,,,,,,,,,False,C:\Users\VM\Desktop\Application.evtx,0x80000000000000,0,"{""EventData"":{""Data"":"""",""Binary"":""""}}"
632,632,2025-07-28 20:10:35.2289205,6003,Info,Microsoft-Windows-Winlogon,Application,0,0,DESKTOP-5A3QN5S,4,,,,,,,,,,,,False,C:\Users\VM\Desktop\Application.evtx,0x80000000000000,0,"{""EventData"":{""Data"":""SessionEnv"",""Binary"":""D9-06-00-00""}}"
633,633,2025-07-28 20:10:36.2264301,6000,Info,Microsoft-Windows-Winlogon,Application,0,0,DESKTOP-5A3QN5S,4,,,,,,,,,,,,False,C:\Users\VM\Desktop\Application.evtx,0x80000000000000,0,"{""EventData"":{""Data"":""SessionEnv"",""Binary"":""D9-06-00-00""}}"
634,634,2025-07-28 20:10:51.9173150,0,Info,edgeupdate,Application,0,0,DESKTOP-5A3QN5S,4,,,,,,,,,,,,False,C:\Users\VM\Desktop\Application.evtx,0x80000000000000,0,"{""EventData"":{""Data"":""Service stopped"",""Binary"":""""}}"
635,635,2025-07-28 20:11:04.0414003,16394,Info,Microsoft-Windows-Security-SPP,Application,0,0,DESKTOP-5A3QN5S,4,,,,,,,,,,,,False,C:\Users\VM\Desktop\Application.evtx,0x80000000000000,0,"{""EventData"":{""Data"":"""",""Binary"":""""}}"
636,636,2025-07-28 20:11:42.9956505,16384,Info,Microsoft-Windows-Security-SPP,Application,0,0,DESKTOP-5A3QN5S,4,,,,,,,,,,,,False,C:\Users\VM\Desktop\Application.evtx,0x80000000000000,0,"{""EventData"":{""Data"":""2025-07-29T04:56:42Z, RulesEngine"",""Binary"":""""}}"
637,637,2025-07-28 20:11:48.8559650,0,Info,edgeupdate,Application,0,0,DESKTOP-5A3QN5S,4,,,,,,,,,,,,False,C:\Users\VM\Desktop\Application.evtx,0x80000000000000,0,"{""EventData"":{""Data"":""Service stopped"",""Binary"":""""}}"
638,638,2025-07-28 20:12:17.0020663,16394,Info,Microsoft-Windows-Security-SPP,Application,0,0,DESKTOP-5A3QN5S,4,,,,,,,,,,,,False,C:\Users\VM\Desktop\Application.evtx,0x80000000000000,0,"{""EventData"":{""Data"":"""",""Binary"":""""}}"
639,639,2025-07-28 20:12:28.3303576,15,Info,SecurityCenter,Application,0,0,DESKTOP-5A3QN5S,4,,Windows Security Center State Changed,,,Updated Windows Defender status successfully to SECURITY_PRODUCT_STATE_ON.,,,,,,,False,C:\Users\VM\Desktop\Application.evtx,0x80000000000000,0,"{""EventData"":{""Data"":""Windows Defender, SECURITY_PRODUCT_STATE_ON"",""Binary"":""""}}"
640,640,2025-07-28 20:12:30.3687262,15,Info,SecurityCenter,Application,0,0,DESKTOP-5A3QN5S,4,,Windows Security Center State Changed,,,Updated Windows Defender status successfully to SECURITY_PRODUCT_STATE_ON.,,,,,,,False,C:\Users\VM\Desktop\Application.evtx,0x80000000000000,0,"{""EventData"":{""Data"":""Windows Defender, SECURITY_PRODUCT_STATE_ON"",""Binary"":""""}}"
641,641,2025-07-28 20:12:31.9752836,8230,Info,Microsoft-Windows-Security-SPP,Application,0,0,DESKTOP-5A3QN5S,4,,,,,,,,,,,,False,C:\Users\VM\Desktop\Application.evtx,0x80000000000000,0,"{""EventData"":{""Data"":""Security-SPP-Action-StateData (REG_SZ) =AppId=55c92734-d682-4d71-983e-d6ec3f16059f;LastConsumptionReason=0xc004f034;LastNotificationId=NeverActivated;LicenseState=SL_LICENSING_STATUS_NOTIFICATION;PartialProductKey=3V66T;ProductKeyType=Retail;SkuId=4de7cb65-cdf1-4de9-8ae8-e3cce27b9f2c;ruleId=31e71c49-8da7-4a2f-ad92-45d98a1c79ba;uxDifferentiator=RETAIL"",""Binary"":""""}}"
642,642,2025-07-28 20:12:34.5534849,1003,Info,Microsoft-Windows-Security-SPP,Application,0,0,DESKTOP-5A3QN5S,4,,,,,,,,,,,,False,C:\Users\VM\Desktop\Application.evtx,0x80000000000000,0,"{""EventData"":{""Data"":""55c92734-d682-4d71-983e-d6ec3f16059f, \n1: 040fa323-92b1-4baf-97a2-5b67feaefddb, 1, 0 [(0 [0xC004F014, 0, 0], [(?)(?)(?)(?)(?)(?)(?)(?)])(1 )(2 )(3 )]\n2: 0724cb7d-3437-4cb7-93cb-830375d0079d, 1, 0 [(0 [0xC004F014, 0, 0], [(?)(?)(?)(?)(?)(?)(?)(?)])(1 )(2 )(3 )]\n3: 0ad2ac98-7bb9-4201-8d92-312299201369, 1, 0 [(0 [0xC004F014, 0, 0], [(?)(?)(?)(?)(?)(?)(?)(?)])(1 )(2 )(3 )]\n4: 1a9a717a-cf13-4ba5-83c3-0fe25fa868d5, 1, 0 [(0 [0xC004F014, 0, 0], [(?)(?)(?)(?)(?)(?)(?)(?)])(1 )(2 )(3 )]\n5: 221a02da-e2a1-4b75-864c-0a4410a33fdf, 1, 0 [(0 [0xC004F014, 0, 0], [(?)(?)(?)(?)(?)(?)(?)(?)])(1 )(2 )(3 )]\n6: 291ece0e-9c38-40ca-a9e1-32cc7ec19507, 1, 0 [(0 [0xC004F014, 0, 0], [(?)(?)(?)(?)(?)(?)(?)(?)])(1 )(2 )(3 )]\n7: 2936d1d2-913a-4542-b54e-ce5a602a2a38, 1, 0 [(0 [0xC004F014, 0, 0], [(?)(?)(?)(?)(?)(?)(?)(?)])(1 )(2 )(3 )]\n8: 2c293c26-a45a-4a2a-a350-c69a67097529, 1, 0 [(0 [0xC004F014, 0, 0], [(?)(?)(?)(?)(?)(?)(?)(?)])(1 )(2 )(3 )]\n9: 2de67392-b7a7-462a-b1ca-108dd189f588, 1, 0 [(0 [0xC004F014, 0, 0], [(?)(?)(?)(?)(?)(?)(?)(?)])(1 )(2 )(3 )]\n10: 2ffd8952-423e-4903-b993-72a1aa44cf82, 1, 0 [(0 [0xC004F014, 0, 0], [(?)(?)(?)(?)(?)(?)(?)(?)])(1 )(2 )(3 )]\n11: 30a42c86-b7a0-4a34-8c90-ff177cb2acb7, 1, 0 [(0 [0xC004F014, 0, 0], [(?)(?)(?)(?)(?)(?)(?)(?)])(1 )(2 )(3 )]\n12: 345a5db0-d94f-4e3b-a0c0-7c42f7bc3ebf, 1, 0 [(0 [0xC004F014, 0, 0], [(?)(?)(?)(?)(?)(?)(?)(?)])(1 )(2 )(3 )]\n13: 3502365a-f88a-4ba4-822a-5769d3073b65, 1, 0 [(0 [0xC004F014, 0, 0], [(?)(?)(?)(?)(?)(?)(?)(?)])(1 )(2 )(3 )]\n14: 377333b1-8b5d-48d6-9679-1225c872d37c, 1, 0 [(0 [0xC004F014, 0, 0], [(?)(?)(?)(?)(?)(?)(?)(?)])(1 )(2 )(3 )]\n15: 3df374ef-d444-4494-a5a1-4b0d9fd0e203, 1, 0 [(0 [0xC004F014, 0, 0], [(?)(?)(?)(?)(?)(?)(?)(?)])(1 )(2 )(3 )]\n16: 3f1afc82-f8ac-4f6c-8005-1d233e606eee, 1, 0 [(0 [0xC004F014, 0, 0], [(?)(?)(?)(?)(?)(?)(?)(?)])(1 )(2 )(3 )]\n17: 49cd895b-53b2-4dc4-a5f7-b18aa019ad37, 1, 0 [(0 [0xC004F014, 0, 0], [(?)(?)(?)(?)(?)(?)(?)(?)])(1 )(2 )(3 )]\n18: 4de7cb65-cdf1-4de9-8ae8-e3cce27b9f2c, 1, 1 [(0 )(1 )(2 [0xC004E003, 0, 0], [( 1 0xC004F034)( 1 0xC004F034)(?)(?)(?)(?)(?)(?)])(3 [0x00000000, 0, 0], [( 6 0xC004F009 0 0)( 1 0x00000000)( 6 0xC004F009 0 0)(?)(?)(?)( 10 0x00000000 msft:rm/algorithm/flags/1.0)( 11 0x00000000 0xC004F034)])]\n19: 4f3da0d2-271d-4508-ae81-626b60809a38, 1, 0 [(0 [0xC004F014, 0, 0], [(?)(?)(?)(?)(?)(?)(?)(?)])(1 )(2 )(3 )]\n20: 60b3ec1b-9545-4921-821f-311b129dd6f6, 1, 0 [(0 [0xC004F014, 0, 0], [(?)(?)(?)(?)(?)(?)(?)(?)])(1 )(2 )(3 )]\n21: 613d217f-7f13-4268-9907-1662339531cd, 1, 0 [(0 [0xC004F014, 0, 0], [(?)(?)(?)(?)(?)(?)(?)(?)])(1 )(2 )(3 )]\n22: 62f0c100-9c53-4e02-b886-a3528ddfe7f6, 1, 0 [(0 [0xC004F014, 0, 0], [(?)(?)(?)(?)(?)(?)(?)(?)])(1 )(2 )(3 )]\n23: 6365275e-368d-46ca-a0ef-fc0404119333, 1, 0 [(0 [0xC004F014, 0, 0], [(?)(?)(?)(?)(?)(?)(?)(?)])(1 )(2 )(3 )]\n24: 721f9237-9341-4453-a661-09e8baa6cca5, 1, 0 [(0 [0xC004F014, 0, 0], [(?)(?)(?)(?)(?)(?)(?)(?)])(1 )(2 )(3 )]\n25: 73111121-5638-40f6-bc11-f1d7b0d64300, 1, 0 [(0 [0xC004F014, 0, 0], [(?)(?)(?)(?)(?)(?)(?)(?)])(1 )(2 )(3 )]\n26: 7a802526-4c94-4bd1-ba14-835a1aca2120, 1, 0 [(0 [0xC004F014, 0, 0], [(?)(?)(?)(?)(?)(?)(?)(?)])(1 )(2 )(3 )]\n27: 7cb546c0-c7d5-44d8-9a5c-69ecdd782b69, 1, 0 [(0 [0xC004F014, 0, 0], [(?)(?)(?)(?)(?)(?)(?)(?)])(1 )(2 )(3 )]\n28: 82bbc092-bc50-4e16-8e18-b74fc486aec3, 1, 0 [(0 [0xC004F014, 0, 0], [(?)(?)(?)(?)(?)(?)(?)(?)])(1 )(2 )(3 )]\n29: 8ab9bdd1-1f67-4997-82d9-8878520837d9, 1, 0 [(0 [0xC004F014, 0, 0], [(?)(?)(?)(?)(?)(?)(?)(?)])(1 )(2 )(3 )]\n30: 8b351c9c-f398-4515-9900-09df49427262, 1, 0 [(0 [0xC004F014, 0, 0], [(?)(?)(?)(?)(?)(?)(?)(?)])(1 )(2 )(3 )]\n31: 90da7373-1c51-430b-bf26-c97e9c5cdc31, 1, 0 [(0 [0xC004F014, 0, 0], [(?)(?)(?)(?)(?)(?)(?)(?)])(1 )(2 )(3 )]\n32: 95dca82f-385d-4d39-b85b-5c73fa285d6f, 1, 0 [(0 [0xC004F014, 0, 0], [(?)(?)(?)(?)(?)(?)(?)(?)])(1 )(2 )(3 )]\n33: a48938aa-62fa-4966-9d44-9f04da3f72f2, 1, 0 [(0 [0xC004F014, 0, 0], [(?)(?)(?)(?)(?)(?)(?)(?)])(1 )(2 )(3 )]\n34: b0773a15-df3a-4312-9ad2-83d69648e356, 1, 0 [(0 [0xC004F014, 0, 0], [(?)(?)(?)(?)(?)(?)(?)(?)])(1 )(2 )(3 )]\n35: b4bfe195-541e-4e64-ad23-6177f19e395e, 1, 0 [(0 [0xC004F014, 0, 0], [(?)(?)(?)(?)(?)(?)(?)(?)])(1 )(2 )(3 )]\n36: b68e61d2-68ca-4757-be45-0cc2f3e68eee, 1, 0 [(0 [0xC004F014, 0, 0], [(?)(?)(?)(?)(?)(?)(?)(?)])(1 )(2 )(3 )]\n37: bd3762d7-270d-4760-8fb3-d829ca45278a, 1, 0 [(0 [0xC004F014, 0, 0], [(?)(?)(?)(?)(?)(?)(?)(?)])(1 )(2 )(3 )]\n38: c86d5194-4840-4dae-9c1c-0301003a5ab0, 1, 0 [(0 [0xC004F014, 0, 0], [(?)(?)(?)(?)(?)(?)(?)(?)])(1 )(2 )(3 )]\n39: d552befb-48cc-4327-8f39-47d2d94f987c, 1, 0 [(0 [0xC004F014, 0, 0], [(?)(?)(?)(?)(?)(?)(?)(?)])(1 )(2 )(3 )]\n40: d6eadb3b-5ca8-4a6b-986e-35b550756111, 1, 0 [(0 [0xC004F014, 0, 0], [(?)(?)(?)(?)(?)(?)(?)(?)])(1 )(2 )(3 )]\n41: df96023b-dcd9-4be2-afa0-c6c871159ebe, 1, 0 [(0 [0xC004F014, 0, 0], [(?)(?)(?)(?)(?)(?)(?)(?)])(1 )(2 )(3 )]\n42: e0c42288-980c-4788-a014-c080d2e1926e, 1, 0 [(0 [0xC004F014, 0, 0], [(?)(?)(?)(?)(?)(?)(?)(?)])(1 )(2 )(3 )]\n43: e4db50ea-bda1-4566-b047-0ca50abc6f07, 1, 0 [(0 [0xC004F014, 0, 0], [(?)(?)(?)(?)(?)(?)(?)(?)])(1 )(2 )(3 )]\n44: e558417a-5123-4f6f-91e7-385c1c7ca9d4, 1, 0 [(0 [0xC004F014, 0, 0], [(?)(?)(?)(?)(?)(?)(?)(?)])(1 )(2 )(3 )]\n45: e7a950a2-e548-4f10-bf16-02ec848e0643, 1, 0 [(0 [0xC004F014, 0, 0], [(?)(?)(?)(?)(?)(?)(?)(?)])(1 )(2 )(3 )]\n46: eb6d346f-1c60-4643-b960-40ec31596c45, 1, 0 [(0 [0xC004F014, 0, 0], [(?)(?)(?)(?)(?)(?)(?)(?)])(1 )(2 )(3 )]\n47: ec868e65-fadf-4759-b23e-93fe37f2cc29, 1, 0 [(0 [0xC004F014, 0, 0], [(?)(?)(?)(?)(?)(?)(?)(?)])(1 )(2 )(3 )]\n48: ef51e000-2659-4f25-8345-3de70a9cf4c4, 1, 0 [(0 [0xC004F014, 0, 0], [(?)(?)(?)(?)(?)(?)(?)(?)])(1 )(2 )(3 )]\n49: f7af7d09-40e4-419c-a49b-eae366689ebd, 1, 0 [(0 [0xC004F014, 0, 0], [(?)(?)(?)(?)(?)(?)(?)(?)])(1 )(2 )(3 )]\n50: fa755fe6-6739-40b9-8d84-6d0ea3b6d1ab, 1, 0 [(0 [0xC004F014, 0, 0], [(?)(?)(?)(?)(?)(?)(?)(?)])(1 )(2 )(3 )]\n51: fe74f55b-0338-41d6-b267-4a201abe7285, 1, 0 [(0 [0xC004F014, 0, 0], [(?)(?)(?)(?)(?)(?)(?)(?)])(1 )(2 )(3 )]\n\n"",""Binary"":""""}}"
643,643,2025-07-28 20:12:34.5534849,1003,Info,Microsoft-Windows-Security-SPP,Application,0,0,DESKTOP-5A3QN5S,4,,,,,,,,,,,,False,C:\Users\VM\Desktop\Application.evtx,0x80000000000000,0,"{""EventData"":{""Data"":""55c92734-d682-4d71-983e-d6ec3f16059f, \n1: 040fa323-92b1-4baf-97a2-5b67feaefddb, 1, 0 [(0 [0xC004F014, 0, 0], [(?)(?)(?)(?)(?)(?)(?)(?)])(1 )(2 )(3 )]\n2: 0724cb7d-3437-4cb7-93cb-830375d0079d, 1, 0 [(0 [0xC004F014, 0, 0], [(?)(?)(?)(?)(?)(?)(?)(?)])(1 )(2 )(3 )]\n3: 0ad2ac98-7bb9-4201-8d92-312299201369, 1, 0 [(0 [0xC004F014, 0, 0], [(?)(?)(?)(?)(?)(?)(?)(?)])(1 )(2 )(3 )]\n4: 1a9a717a-cf13-4ba5-83c3-0fe25fa868d5, 1, 0 [(0 [0xC004F014, 0, 0], [(?)(?)(?)(?)(?)(?)(?)(?)])(1 )(2 )(3 )]\n5: 221a02da-e2a1-4b75-864c-0a4410a33fdf, 1, 0 [(0 [0xC004F014, 0, 0], [(?)(?)(?)(?)(?)(?)(?)(?)])(1 )(2 )(3 )]\n6: 291ece0e-9c38-40ca-a9e1-32cc7ec19507, 1, 0 [(0 [0xC004F014, 0, 0], [(?)(?)(?)(?)(?)(?)(?)(?)])(1 )(2 )(3 )]\n7: 2936d1d2-913a-4542-b54e-ce5a602a2a38, 1, 0 [(0 [0xC004F014, 0, 0], [(?)(?)(?)(?)(?)(?)(?)(?)])(1 )(2 )(3 )]\n8: 2c293c26-a45a-4a2a-a350-c69a67097529, 1, 0 [(0 [0xC004F014, 0, 0], [(?)(?)(?)(?)(?)(?)(?)(?)])(1 )(2 )(3 )]\n9: 2de67392-b7a7-462a-b1ca-108dd189f588, 1, 0 [(0 [0xC004F014, 0, 0], [(?)(?)(?)(?)(?)(?)(?)(?)])(1 )(2 )(3 )]\n10: 2ffd8952-423e-4903-b993-72a1aa44cf82, 1, 0 [(0 [0xC004F014, 0, 0], [(?)(?)(?)(?)(?)(?)(?)(?)])(1 )(2 )(3 )]\n11: 30a42c86-b7a0-4a34-8c90-ff177cb2acb7, 1, 0 [(0 [0xC004F014, 0, 0], [(?)(?)(?)(?)(?)(?)(?)(?)])(1 )(2 )(3 )]\n12: 345a5db0-d94f-4e3b-a0c0-7c42f7bc3ebf, 1, 0 [(0 [0xC004F014, 0, 0], [(?)(?)(?)(?)(?)(?)(?)(?)])(1 )(2 )(3 )]\n13: 3502365a-f88a-4ba4-822a-5769d3073b65, 1, 0 [(0 [0xC004F014, 0, 0], [(?)(?)(?)(?)(?)(?)(?)(?)])(1 )(2 )(3 )]\n14: 377333b1-8b5d-48d6-9679-1225c872d37c, 1, 0 [(0 [0xC004F014, 0, 0], [(?)(?)(?)(?)(?)(?)(?)(?)])(1 )(2 )(3 )]\n15: 3df374ef-d444-4494-a5a1-4b0d9fd0e203, 1, 0 [(0 [0xC004F014, 0, 0], [(?)(?)(?)(?)(?)(?)(?)(?)])(1 )(2 )(3 )]\n16: 3f1afc82-f8ac-4f6c-8005-1d233e606eee, 1, 0 [(0 [0xC004F014, 0, 0], [(?)(?)(?)(?)(?)(?)(?)(?)])(1 )(2 )(3 )]\n17: 49cd895b-53b2-4dc4-a5f7-b18aa019ad37, 1, 0 [(0 [0xC004F014, 0, 0], [(?)(?)(?)(?)(?)(?)(?)(?)])(1 )(2 )(3 )]\n18: 4de7cb65-cdf1-4de9-8ae8-e3cce27b9f2c, 1, 1 [(0 )(1 )(2 [0xC004E003, 0, 0], [( 1 0xC004F034)( 1 0xC004F034)(?)(?)(?)(?)(?)(?)])(3 [0x00000000, 0, 0], [( 6 0xC004F009 0 0)( 1 0x00000000)( 6 0xC004F009 0 0)(?)(?)(?)( 10 0x00000000 msft:rm/algorithm/flags/1.0)( 11 0x00000000 0xC004F034)])]\n19: 4f3da0d2-271d-4508-ae81-626b60809a38, 1, 0 [(0 [0xC004F014, 0, 0], [(?)(?)(?)(?)(?)(?)(?)(?)])(1 )(2 )(3 )]\n20: 60b3ec1b-9545-4921-821f-311b129dd6f6, 1, 0 [(0 [0xC004F014, 0, 0], [(?)(?)(?)(?)(?)(?)(?)(?)])(1 )(2 )(3 )]\n21: 613d217f-7f13-4268-9907-1662339531cd, 1, 0 [(0 [0xC004F014, 0, 0], [(?)(?)(?)(?)(?)(?)(?)(?)])(1 )(2 )(3 )]\n22: 62f0c100-9c53-4e02-b886-a3528ddfe7f6, 1, 0 [(0 [0xC004F014, 0, 0], [(?)(?)(?)(?)(?)(?)(?)(?)])(1 )(2 )(3 )]\n23: 6365275e-368d-46ca-a0ef-fc0404119333, 1, 0 [(0 [0xC004F014, 0, 0], [(?)(?)(?)(?)(?)(?)(?)(?)])(1 )(2 )(3 )]\n24: 721f9237-9341-4453-a661-09e8baa6cca5, 1, 0 [(0 [0xC004F014, 0, 0], [(?)(?)(?)(?)(?)(?)(?)(?)])(1 )(2 )(3 )]\n25: 73111121-5638-40f6-bc11-f1d7b0d64300, 1, 0 [(0 [0xC004F014, 0, 0], [(?)(?)(?)(?)(?)(?)(?)(?)])(1 )(2 )(3 )]\n26: 7a802526-4c94-4bd1-ba14-835a1aca2120, 1, 0 [(0 [0xC004F014, 0, 0], [(?)(?)(?)(?)(?)(?)(?)(?)])(1 )(2 )(3 )]\n27: 7cb546c0-c7d5-44d8-9a5c-69ecdd782b69, 1, 0 [(0 [0xC004F014, 0, 0], [(?)(?)(?)(?)(?)(?)(?)(?)])(1 )(2 )(3 )]\n28: 82bbc092-bc50-4e16-8e18-b74fc486aec3, 1, 0 [(0 [0xC004F014, 0, 0], [(?)(?)(?)(?)(?)(?)(?)(?)])(1 )(2 )(3 )]\n29: 8ab9bdd1-1f67-4997-82d9-8878520837d9, 1, 0 [(0 [0xC004F014, 0, 0], [(?)(?)(?)(?)(?)(?)(?)(?)])(1 )(2 )(3 )]\n30: 8b351c9c-f398-4515-9900-09df49427262, 1, 0 [(0 [0xC004F014, 0, 0], [(?)(?)(?)(?)(?)(?)(?)(?)])(1 )(2 )(3 )]\n31: 90da7373-1c51-430b-bf26-c97e9c5cdc31, 1, 0 [(0 [0xC004F014, 0, 0], [(?)(?)(?)(?)(?)(?)(?)(?)])(1 )(2 )(3 )]\n32: 95dca82f-385d-4d39-b85b-5c73fa285d6f, 1, 0 [(0 [0xC004F014, 0, 0], [(?)(?)(?)(?)(?)(?)(?)(?)])(1 )(2 )(3 )]\n33: a48938aa-62fa-4966-9d44-9f04da3f72f2, 1, 0 [(0 [0xC004F014, 0, 0], [(?)(?)(?)(?)(?)(?)(?)(?)])(1 )(2 )(3 )]\n34: b0773a15-df3a-4312-9ad2-83d69648e356, 1, 0 [(0 [0xC004F014, 0, 0], [(?)(?)(?)(?)(?)(?)(?)(?)])(1 )(2 )(3 )]\n35: b4bfe195-541e-4e64-ad23-6177f19e395e, 1, 0 [(0 [0xC004F014, 0, 0], [(?)(?)(?)(?)(?)(?)(?)(?)])(1 )(2 )(3 )]\n36: b68e61d2-68ca-4757-be45-0cc2f3e68eee, 1, 0 [(0 [0xC004F014, 0, 0], [(?)(?)(?)(?)(?)(?)(?)(?)])(1 )(2 )(3 )]\n37: bd3762d7-270d-4760-8fb3-d829ca45278a, 1, 0 [(0 [0xC004F014, 0, 0], [(?)(?)(?)(?)(?)(?)(?)(?)])(1 )(2 )(3 )]\n38: c86d5194-4840-4dae-9c1c-0301003a5ab0, 1, 0 [(0 [0xC004F014, 0, 0], [(?)(?)(?)(?)(?)(?)(?)(?)])(1 )(2 )(3 )]\n39: d552befb-48cc-4327-8f39-47d2d94f987c, 1, 0 [(0 [0xC004F014, 0, 0], [(?)(?)(?)(?)(?)(?)(?)(?)])(1 )(2 )(3 )]\n40: d6eadb3b-5ca8-4a6b-986e-35b550756111, 1, 0 [(0 [0xC004F014, 0, 0], [(?)(?)(?)(?)(?)(?)(?)(?)])(1 )(2 )(3 )]\n41: df96023b-dcd9-4be2-afa0-c6c871159ebe, 1, 0 [(0 [0xC004F014, 0, 0], [(?)(?)(?)(?)(?)(?)(?)(?)])(1 )(2 )(3 )]\n42: e0c42288-980c-4788-a014-c080d2e1926e, 1, 0 [(0 [0xC004F014, 0, 0], [(?)(?)(?)(?)(?)(?)(?)(?)])(1 )(2 )(3 )]\n43: e4db50ea-bda1-4566-b047-0ca50abc6f07, 1, 0 [(0 [0xC004F014, 0, 0], [(?)(?)(?)(?)(?)(?)(?)(?)])(1 )(2 )(3 )]\n44: e558417a-5123-4f6f-91e7-385c1c7ca9d4, 1, 0 [(0 [0xC004F014, 0, 0], [(?)(?)(?)(?)(?)(?)(?)(?)])(1 )(2 )(3 )]\n45: e7a950a2-e548-4f10-bf16-02ec848e0643, 1, 0 [(0 [0xC004F014, 0, 0], [(?)(?)(?)(?)(?)(?)(?)(?)])(1 )(2 )(3 )]\n46: eb6d346f-1c60-4643-b960-40ec31596c45, 1, 0 [(0 [0xC004F014, 0, 0], [(?)(?)(?)(?)(?)(?)(?)(?)])(1 )(2 )(3 )]\n47: ec868e65-fadf-4759-b23e-93fe37f2cc29, 1, 0 [(0 [0xC004F014, 0, 0], [(?)(?)(?)(?)(?)(?)(?)(?)])(1 )(2 )(3 )]\n48: ef51e000-2659-4f25-8345-3de70a9cf4c4, 1, 0 [(0 [0xC004F014, 0, 0], [(?)(?)(?)(?)(?)(?)(?)(?)])(1 )(2 )(3 )]\n49: f7af7d09-40e4-419c-a49b-eae366689ebd, 1, 0 [(0 [0xC004F014, 0, 0], [(?)(?)(?)(?)(?)(?)(?)(?)])(1 )(2 )(3 )]\n50: fa755fe6-6739-40b9-8d84-6d0ea3b6d1ab, 1, 0 [(0 [0xC004F014, 0, 0], [(?)(?)(?)(?)(?)(?)(?)(?)])(1 )(2 )(3 )]\n51: fe74f55b-0338-41d6-b267-4a201abe7285, 1, 0 [(0 [0xC004F014, 0, 0], [(?)(?)(?)(?)(?)(?)(?)(?)])(1 )(2 )(3 )]\n\n"",""Binary"":""""}}"
644,644,2025-07-28 20:12:34.9484887,1003,Info,Microsoft-Windows-Security-SPP,Application,0,0,DESKTOP-5A3QN5S,4,,,,,,,,,,,,False,C:\Users\VM\Desktop\Application.evtx,0x80000000000000,0,"{""EventData"":{""Data"":""55c92734-d682-4d71-983e-d6ec3f16059f, \n1: 040fa323-92b1-4baf-97a2-5b67feaefddb, 1, 0 [(0 [0xC004F014, 0, 0], [(?)(?)(?)(?)(?)(?)(?)(?)])(1 )(2 )(3 )]\n2: 0724cb7d-3437-4cb7-93cb-830375d0079d, 1, 0 [(0 [0xC004F014, 0, 0], [(?)(?)(?)(?)(?)(?)(?)(?)])(1 )(2 )(3 )]\n3: 0ad2ac98-7bb9-4201-8d92-312299201369, 1, 0 [(0 [0xC004F014, 0, 0], [(?)(?)(?)(?)(?)(?)(?)(?)])(1 )(2 )(3 )]\n4: 1a9a717a-cf13-4ba5-83c3-0fe25fa868d5, 1, 0 [(0 [0xC004F014, 0, 0], [(?)(?)(?)(?)(?)(?)(?)(?)])(1 )(2 )(3 )]\n5: 221a02da-e2a1-4b75-864c-0a4410a33fdf, 1, 0 [(0 [0xC004F014, 0, 0], [(?)(?)(?)(?)(?)(?)(?)(?)])(1 )(2 )(3 )]\n6: 291ece0e-9c38-40ca-a9e1-32cc7ec19507, 1, 0 [(0 [0xC004F014, 0, 0], [(?)(?)(?)(?)(?)(?)(?)(?)])(1 )(2 )(3 )]\n7: 2936d1d2-913a-4542-b54e-ce5a602a2a38, 1, 0 [(0 [0xC004F014, 0, 0], [(?)(?)(?)(?)(?)(?)(?)(?)])(1 )(2 )(3 )]\n8: 2c293c26-a45a-4a2a-a350-c69a67097529, 1, 0 [(0 [0xC004F014, 0, 0], [(?)(?)(?)(?)(?)(?)(?)(?)])(1 )(2 )(3 )]\n9: 2de67392-b7a7-462a-b1ca-108dd189f588, 1, 0 [(0 [0xC004F014, 0, 0], [(?)(?)(?)(?)(?)(?)(?)(?)])(1 )(2 )(3 )]\n10: 2ffd8952-423e-4903-b993-72a1aa44cf82, 1, 0 [(0 [0xC004F014, 0, 0], [(?)(?)(?)(?)(?)(?)(?)(?)])(1 )(2 )(3 )]\n11: 30a42c86-b7a0-4a34-8c90-ff177cb2acb7, 1, 0 [(0 [0xC004F014, 0, 0], [(?)(?)(?)(?)(?)(?)(?)(?)])(1 )(2 )(3 )]\n12: 345a5db0-d94f-4e3b-a0c0-7c42f7bc3ebf, 1, 0 [(0 [0xC004F014, 0, 0], [(?)(?)(?)(?)(?)(?)(?)(?)])(1 )(2 )(3 )]\n13: 3502365a-f88a-4ba4-822a-5769d3073b65, 1, 0 [(0 [0xC004F014, 0, 0], [(?)(?)(?)(?)(?)(?)(?)(?)])(1 )(2 )(3 )]\n14: 377333b1-8b5d-48d6-9679-1225c872d37c, 1, 0 [(0 [0xC004F014, 0, 0], [(?)(?)(?)(?)(?)(?)(?)(?)])(1 )(2 )(3 )]\n15: 3df374ef-d444-4494-a5a1-4b0d9fd0e203, 1, 0 [(0 [0xC004F014, 0, 0], [(?)(?)(?)(?)(?)(?)(?)(?)])(1 )(2 )(3 )]\n16: 3f1afc82-f8ac-4f6c-8005-1d233e606eee, 1, 0 [(0 [0xC004F014, 0, 0], [(?)(?)(?)(?)(?)(?)(?)(?)])(1 )(2 )(3 )]\n17: 49cd895b-53b2-4dc4-a5f7-b18aa019ad37, 1, 0 [(0 [0xC004F014, 0, 0], [(?)(?)(?)(?)(?)(?)(?)(?)])(1 )(2 )(3 )]\n18: 4de7cb65-cdf1-4de9-8ae8-e3cce27b9f2c, 1, 1 [(0 )(1 )(2 [0xC004E003, 0, 0], [( 1 0xC004F034)( 1 0xC004F034)(?)(?)(?)(?)(?)(?)])(3 [0x00000000, 0, 0], [( 6 0xC004F009 0 0)( 1 0x00000000)( 6 0xC004F009 0 0)(?)(?)(?)( 10 0x00000000 msft:rm/algorithm/flags/1.0)( 11 0x00000000 0xC004F034)])]\n19: 4f3da0d2-271d-4508-ae81-626b60809a38, 1, 0 [(0 [0xC004F014, 0, 0], [(?)(?)(?)(?)(?)(?)(?)(?)])(1 )(2 )(3 )]\n20: 60b3ec1b-9545-4921-821f-311b129dd6f6, 1, 0 [(0 [0xC004F014, 0, 0], [(?)(?)(?)(?)(?)(?)(?)(?)])(1 )(2 )(3 )]\n21: 613d217f-7f13-4268-9907-1662339531cd, 1, 0 [(0 [0xC004F014, 0, 0], [(?)(?)(?)(?)(?)(?)(?)(?)])(1 )(2 )(3 )]\n22: 62f0c100-9c53-4e02-b886-a3528ddfe7f6, 1, 0 [(0 [0xC004F014, 0, 0], [(?)(?)(?)(?)(?)(?)(?)(?)])(1 )(2 )(3 )]\n23: 6365275e-368d-46ca-a0ef-fc0404119333, 1, 0 [(0 [0xC004F014, 0, 0], [(?)(?)(?)(?)(?)(?)(?)(?)])(1 )(2 )(3 )]\n24: 721f9237-9341-4453-a661-09e8baa6cca5, 1, 0 [(0 [0xC004F014, 0, 0], [(?)(?)(?)(?)(?)(?)(?)(?)])(1 )(2 )(3 )]\n25: 73111121-5638-40f6-bc11-f1d7b0d64300, 1, 0 [(0 [0xC004F014, 0, 0], [(?)(?)(?)(?)(?)(?)(?)(?)])(1 )(2 )(3 )]\n26: 7a802526-4c94-4bd1-ba14-835a1aca2120, 1, 0 [(0 [0xC004F014, 0, 0], [(?)(?)(?)(?)(?)(?)(?)(?)])(1 )(2 )(3 )]\n27: 7cb546c0-c7d5-44d8-9a5c-69ecdd782b69, 1, 0 [(0 [0xC004F014, 0, 0], [(?)(?)(?)(?)(?)(?)(?)(?)])(1 )(2 )(3 )]\n28: 82bbc092-bc50-4e16-8e18-b74fc486aec3, 1, 0 [(0 [0xC004F014, 0, 0], [(?)(?)(?)(?)(?)(?)(?)(?)])(1 )(2 )(3 )]\n29: 8ab9bdd1-1f67-4997-82d9-8878520837d9, 1, 0 [(0 [0xC004F014, 0, 0], [(?)(?)(?)(?)(?)(?)(?)(?)])(1 )(2 )(3 )]\n30: 8b351c9c-f398-4515-9900-09df49427262, 1, 0 [(0 [0xC004F014, 0, 0], [(?)(?)(?)(?)(?)(?)(?)(?)])(1 )(2 )(3 )]\n31: 90da7373-1c51-430b-bf26-c97e9c5cdc31, 1, 0 [(0 [0xC004F014, 0, 0], [(?)(?)(?)(?)(?)(?)(?)(?)])(1 )(2 )(3 )]\n32: 95dca82f-385d-4d39-b85b-5c73fa285d6f, 1, 0 [(0 [0xC004F014, 0, 0], [(?)(?)(?)(?)(?)(?)(?)(?)])(1 )(2 )(3 )]\n33: a48938aa-62fa-4966-9d44-9f04da3f72f2, 1, 0 [(0 [0xC004F014, 0, 0], [(?)(?)(?)(?)(?)(?)(?)(?)])(1 )(2 )(3 )]\n34: b0773a15-df3a-4312-9ad2-83d69648e356, 1, 0 [(0 [0xC004F014, 0, 0], [(?)(?)(?)(?)(?)(?)(?)(?)])(1 )(2 )(3 )]\n35: b4bfe195-541e-4e64-ad23-6177f19e395e, 1, 0 [(0 [0xC004F014, 0, 0], [(?)(?)(?)(?)(?)(?)(?)(?)])(1 )(2 )(3 )]\n36: b68e61d2-68ca-4757-be45-0cc2f3e68eee, 1, 0 [(0 [0xC004F014, 0, 0], [(?)(?)(?)(?)(?)(?)(?)(?)])(1 )(2 )(3 )]\n37: bd3762d7-270d-4760-8fb3-d829ca45278a, 1, 0 [(0 [0xC004F014, 0, 0], [(?)(?)(?)(?)(?)(?)(?)(?)])(1 )(2 )(3 )]\n38: c86d5194-4840-4dae-9c1c-0301003a5ab0, 1, 0 [(0 [0xC004F014, 0, 0], [(?)(?)(?)(?)(?)(?)(?)(?)])(1 )(2 )(3 )]\n39: d552befb-48cc-4327-8f39-47d2d94f987c, 1, 0 [(0 [0xC004F014, 0, 0], [(?)(?)(?)(?)(?)(?)(?)(?)])(1 )(2 )(3 )]\n40: d6eadb3b-5ca8-4a6b-986e-35b550756111, 1, 0 [(0 [0xC004F014, 0, 0], [(?)(?)(?)(?)(?)(?)(?)(?)])(1 )(2 )(3 )]\n41: df96023b-dcd9-4be2-afa0-c6c871159ebe, 1, 0 [(0 [0xC004F014, 0, 0], [(?)(?)(?)(?)(?)(?)(?)(?)])(1 )(2 )(3 )]\n42: e0c42288-980c-4788-a014-c080d2e1926e, 1, 0 [(0 [0xC004F014, 0, 0], [(?)(?)(?)(?)(?)(?)(?)(?)])(1 )(2 )(3 )]\n43: e4db50ea-bda1-4566-b047-0ca50abc6f07, 1, 0 [(0 [0xC004F014, 0, 0], [(?)(?)(?)(?)(?)(?)(?)(?)])(1 )(2 )(3 )]\n44: e558417a-5123-4f6f-91e7-385c1c7ca9d4, 1, 0 [(0 [0xC004F014, 0, 0], [(?)(?)(?)(?)(?)(?)(?)(?)])(1 )(2 )(3 )]\n45: e7a950a2-e548-4f10-bf16-02ec848e0643, 1, 0 [(0 [0xC004F014, 0, 0], [(?)(?)(?)(?)(?)(?)(?)(?)])(1 )(2 )(3 )]\n46: eb6d346f-1c60-4643-b960-40ec31596c45, 1, 0 [(0 [0xC004F014, 0, 0], [(?)(?)(?)(?)(?)(?)(?)(?)])(1 )(2 )(3 )]\n47: ec868e65-fadf-4759-b23e-93fe37f2cc29, 1, 0 [(0 [0xC004F014, 0, 0], [(?)(?)(?)(?)(?)(?)(?)(?)])(1 )(2 )(3 )]\n48: ef51e000-2659-4f25-8345-3de70a9cf4c4, 1, 0 [(0 [0xC004F014, 0, 0], [(?)(?)(?)(?)(?)(?)(?)(?)])(1 )(2 )(3 )]\n49: f7af7d09-40e4-419c-a49b-eae366689ebd, 1, 0 [(0 [0xC004F014, 0, 0], [(?)(?)(?)(?)(?)(?)(?)(?)])(1 )(2 )(3 )]\n50: fa755fe6-6739-40b9-8d84-6d0ea3b6d1ab, 1, 0 [(0 [0xC004F014, 0, 0], [(?)(?)(?)(?)(?)(?)(?)(?)])(1 )(2 )(3 )]\n51: fe74f55b-0338-41d6-b267-4a201abe7285, 1, 0 [(0 [0xC004F014, 0, 0], [(?)(?)(?)(?)(?)(?)(?)(?)])(1 )(2 )(3 )]\n\n"",""Binary"":""""}}"
645,645,2025-07-28 20:12:35.0088435,8198,Error,Microsoft-Windows-Security-SPP,Application,0,0,DESKTOP-5A3QN5S,4,,,,,,,,,,,,False,C:\Users\VM\Desktop\Application.evtx,0x80000000000000,0,"{""EventData"":{""Data"":""hr=0x803F7001, RuleId=31e71c49-8da7-4a2f-ad92-45d98a1c79ba;Action=AutoActivate;AppId=55c92734-d682-4d71-983e-d6ec3f16059f;SkuId=4de7cb65-cdf1-4de9-8ae8-e3cce27b9f2c;NotificationInterval=1440;Trigger=UserLogon;SessionId=2"",""Binary"":""""}}"
646,646,2025-07-28 20:12:51.3802716,256,Info,Edge,Application,0,0,DESKTOP-5A3QN5S,4,S-1-5-21-3151804214-3226339955-2188200191-1001,,,,,,,,,,,False,C:\Users\VM\Desktop\Application.evtx,0x80000000000000,0,"{""EventData"":{""Data"":""[3108:4764:0728/131251.380:INFO:chrome\\browser\\extensions\\extension_garbage_collector.cc:184] Garbage collection for extensions on file thread is complete."",""Binary"":""""}}"
647,647,2025-07-28 20:13:31.3384094,16384,Info,Microsoft-Windows-Security-SPP,Application,0,0,DESKTOP-5A3QN5S,4,,,,,,,,,,,,False,C:\Users\VM\Desktop\Application.evtx,0x80000000000000,0,"{""EventData"":{""Data"":""2025-07-29T20:12:31Z, RulesEngine"",""Binary"":""""}}"
648,648,2025-07-28 20:13:40.0281005,256,Info,Edge,Application,0,0,DESKTOP-5A3QN5S,4,S-1-5-21-3151804214-3226339955-2188200191-1001,,,,,,,,,,,False,C:\Users\VM\Desktop\Application.evtx,0x80000000000000,0,"{""EventData"":{""Data"":""[6708:6784:0728/131340.028:INFO:chrome\\browser\\extensions\\extension_garbage_collector.cc:184] Garbage collection for extensions on file thread is complete."",""Binary"":""""}}"
649,649,2025-07-28 20:14:32.7798115,16394,Info,Microsoft-Windows-Security-SPP,Application,0,0,DESKTOP-5A3QN5S,4,,,,,,,,,,,,False,C:\Users\VM\Desktop\Application.evtx,0x80000000000000,0,"{""EventData"":{""Data"":"""",""Binary"":""""}}"
650,650,2025-07-28 20:15:03.6186492,16384,Info,Microsoft-Windows-Security-SPP,Application,0,0,DESKTOP-5A3QN5S,5,,,,,,,,,,,,False,C:\Users\VM\Desktop\Application.evtx,0x80000000000000,0,"{""EventData"":{""Data"":""2025-07-29T20:12:03Z, RulesEngine"",""Binary"":""""}}"
651,651,2025-07-28 20:19:44.4480456,16394,Info,Microsoft-Windows-Security-SPP,Application,0,0,DESKTOP-5A3QN5S,5,,,,,,,,,,,,False,C:\Users\VM\Desktop\Application.evtx,0x80000000000000,0,"{""EventData"":{""Data"":"""",""Binary"":""""}}"
652,652,2025-07-28 20:20:14.8219099,16384,Info,Microsoft-Windows-Security-SPP,Application,0,0,DESKTOP-5A3QN5S,5,,,,,,,,,,,,False,C:\Users\VM\Desktop\Application.evtx,0x80000000000000,0,"{""EventData"":{""Data"":""2025-07-29T20:12:14Z, RulesEngine"",""Binary"":""""}}"
653,653,2025-07-28 20:22:28.4447796,15,Info,SecurityCenter,Application,0,0,DESKTOP-5A3QN5S,5,,Windows Security Center State Changed,,,Updated Windows Defender status successfully to SECURITY_PRODUCT_STATE_ON.,,,,,,,False,C:\Users\VM\Desktop\Application.evtx,0x80000000000000,0,"{""EventData"":{""Data"":""Windows Defender, SECURITY_PRODUCT_STATE_ON"",""Binary"":""""}}"
654,654,2025-07-28 20:22:30.4824702,15,Info,SecurityCenter,Application,0,0,DESKTOP-5A3QN5S,5,,Windows Security Center State Changed,,,Updated Windows Defender status successfully to SECURITY_PRODUCT_STATE_ON.,,,,,,,False,C:\Users\VM\Desktop\Application.evtx,0x80000000000000,0,"{""EventData"":{""Data"":""Windows Defender, SECURITY_PRODUCT_STATE_ON"",""Binary"":""""}}"
655,655,2025-07-28 20:25:15.8089922,8224,Info,VSS,Application,0,0,DESKTOP-5A3QN5S,5,,,,,,,,,,,,False,C:\Users\VM\Desktop\Application.evtx,0x80000000000000,0,"{""EventData"":{""Data"":"""",""Binary"":""2D-20-43-6F-64-65-3A-20-20-43-4F-52-53-56-43-43-30-30-30-30-30-37-37-34-2D-20-43-61-6C-6C-3A-20-20-43-4F-52-53-56-43-43-30-30-30-30-30-37-35-36-2D-20-50-49-44-3A-20-20-30-30-30-30-36-36-31-32-2D-20-54-49-44-3A-20-20-30-30-30-30-37-31-39-32-2D-20-43-4D-44-3A-20-20-43-3A-5C-57-69-6E-64-6F-77-73-5C-73-79-73-74-65-6D-33-32-5C-76-73-73-76-63-2E-65-78-65-20-20-20-2D-20-55-73-65-72-3A-20-4E-61-6D-65-3A-20-4E-54-20-41-55-54-48-4F-52-49-54-59-5C-53-59-53-54-45-4D-2C-20-53-49-44-3A-53-2D-31-2D-35-2D-31-38-20""}}"
656,656,2025-07-28 20:26:33.6495311,16394,Info,Microsoft-Windows-Security-SPP,Application,0,0,DESKTOP-5A3QN5S,5,,,,,,,,,,,,False,C:\Users\VM\Desktop\Application.evtx,0x80000000000000,0,"{""EventData"":{""Data"":"""",""Binary"":""""}}"
657,657,2025-07-28 20:27:04.0869188,16384,Info,Microsoft-Windows-Security-SPP,Application,0,0,DESKTOP-5A3QN5S,5,,,,,,,,,,,,False,C:\Users\VM\Desktop\Application.evtx,0x80000000000000,0,"{""EventData"":{""Data"":""2025-07-29T20:12:04Z, RulesEngine"",""Binary"":""""}}"
658,658,2025-07-28 20:27:43.3136097,1,Info,Microsoft-Windows-Search-ProfileNotify,Application,0,0,DESKTOP-5A3QN5S,5,,,,,,,,,,,,False,C:\Users\VM\Desktop\Application.evtx,0x80000000000000,0,"{""EventData"":{""Data"":{""@Name"":""User"",""#text"":""S-1-5-21-3151804214-3226339955-2188200191-1000""},""Binary"":""""}}"
659,659,2025-07-28 20:27:43.3136097,1,Info,Microsoft-Windows-Search-ProfileNotify,Application,0,0,DESKTOP-5A3QN5S,5,,,,,,,,,,,,False,C:\Users\VM\Desktop\Application.evtx,0x80000000000000,0,"{""EventData"":{""Data"":{""@Name"":""User"",""#text"":""S-1-5-21-3151804214-3226339955-2188200191-1000""},""Binary"":""""}}"
660,660,2025-07-28 20:28:23.3214544,16394,Info,Microsoft-Windows-Security-SPP,Application,0,0,DESKTOP-5A3QN5S,5,,,,,,,,,,,,False,C:\Users\VM\Desktop\Application.evtx,0x80000000000000,0,"{""EventData"":{""Data"":"""",""Binary"":""""}}"
661,661,2025-07-28 20:30:09.2167846,16384,Info,Microsoft-Windows-Security-SPP,Application,0,0,DESKTOP-5A3QN5S,5,,,,,,,,,,,,False,C:\Users\VM\Desktop\Application.evtx,0x80000000000000,0,"{""EventData"":{""Data"":""2025-07-29T20:12:09Z, RulesEngine"",""Binary"":""""}}"
662,662,2025-07-28 20:41:33.6747075,16394,Info,Microsoft-Windows-Security-SPP,Application,0,0,DESKTOP-5A3QN5S,5,,,,,,,,,,,,False,C:\Users\VM\Desktop\Application.evtx,0x80000000000000,0,"{""EventData"":{""Data"":"""",""Binary"":""""}}"
663,663,2025-07-28 20:42:03.9933745,16384,Info,Microsoft-Windows-Security-SPP,Application,0,0,DESKTOP-5A3QN5S,5,,,,,,,,,,,,False,C:\Users\VM\Desktop\Application.evtx,0x80000000000000,0,"{""EventData"":{""Data"":""2025-07-29T20:12:03Z, RulesEngine"",""Binary"":""""}}"
664,664,2025-07-28 20:45:16.1804100,1001,Info,Windows Error Reporting,Application,0,0,DESKTOP-5A3QN5S,5,,Application Crash,,,,,,,,,SkypeApp.exe,False,C:\Users\VM\Desktop\Application.evtx,0x80000000000000,0,"{""EventData"":{""Data"":""2079903287521195979, 5, RADAR_PRE_LEAK_64, Not available, 0, SkypeApp.exe, 8.53.0.77, 10.0.19045.2.0.0, \n\\\\?\\C:\\Users\\VM\\AppData\\Local\\Temp\\RDR1E36.tmp\\empty.txt\n\\\\?\\C:\\ProgramData\\Microsoft\\Windows\\WER\\Temp\\WER1E56.tmp.WERInternalMetadata.xml\n\\\\?\\C:\\ProgramData\\Microsoft\\Windows\\WER\\Temp\\WER1EB5.tmp.xml\n\\\\?\\C:\\ProgramData\\Microsoft\\Windows\\WER\\Temp\\WER1F21.tmp.csv\n\\\\?\\C:\\ProgramData\\Microsoft\\Windows\\WER\\Temp\\WER1F70.tmp.txt, 0, 7003ab15-484b-481e-ad2b-baaac4c0e5c6, 268435456, dab4ca1b0be607369cdd4d052bde37cb, 0"",""Binary"":""""}}"
665,665,2025-07-28 20:45:17.2549738,16394,Info,Microsoft-Windows-Security-SPP,Application,0,0,DESKTOP-5A3QN5S,5,,,,,,,,,,,,False,C:\Users\VM\Desktop\Application.evtx,0x80000000000000,0,"{""EventData"":{""Data"":"""",""Binary"":""""}}"
666,666,2025-07-28 20:45:47.6124701,16384,Info,Microsoft-Windows-Security-SPP,Application,0,0,DESKTOP-5A3QN5S,5,,,,,,,,,,,,False,C:\Users\VM\Desktop\Application.evtx,0x80000000000000,0,"{""EventData"":{""Data"":""2025-07-29T20:11:47Z, RulesEngine"",""Binary"":""""}}"
667,667,2025-07-28 20:46:15.0059269,4109,Info,Microsoft-Windows-CAPI2,Application,1340,7268,DESKTOP-5A3QN5S,5,,,,,,,,,,,,False,C:\Users\VM\Desktop\Application.evtx,"Audit success, classic",0,"{""EventData"":{""Data"":""OU=Class 3 Public Primary Certification Authority, O=\""VeriSign, Inc.\"", C=US, 742C3192E607E424EB4549542BE1BBC53E6174E2"",""Binary"":""""}}"
668,668,2025-07-28 20:46:15.0059269,4109,Info,Microsoft-Windows-CAPI2,Application,1340,7268,DESKTOP-5A3QN5S,5,,,,,,,,,,,,False,C:\Users\VM\Desktop\Application.evtx,"Audit success, classic",0,"{""EventData"":{""Data"":""CN=Hotspot 2.0 Trust Root CA - 03, O=WFA Hotspot 2.0, C=US, 51501FBFCE69189D609CFAF140C576755DCC1FDF"",""Binary"":""""}}"
669,669,2025-07-28 20:46:15.0059269,4108,Info,Microsoft-Windows-CAPI2,Application,1340,7268,DESKTOP-5A3QN5S,5,,,,,,,,,,,,False,C:\Users\VM\Desktop\Application.evtx,"Audit success, classic",0,"{""EventData"":{""Data"":""OU=Class 3 Public Primary Certification Authority, O=\""VeriSign, Inc.\"", C=US, 4F65566336DB6598581D584A596C87934D5F2AB4"",""Binary"":""""}}"
670,670,2025-07-28 20:46:15.0216057,4111,Info,Microsoft-Windows-CAPI2,Application,1340,7268,DESKTOP-5A3QN5S,5,,,,,,,,,,,,False,C:\Users\VM\Desktop\Application.evtx,"Audit success, classic",0,"{""EventData"":{""Data"":""‎Monday, ‎June ‎16, ‎2025 10:56:11 AM"",""Binary"":""""}}"
671,671,2025-07-28 20:37:38.9826078,1001,Info,Windows Error Reporting,Application,0,0,DESKTOP-5A3QN5S,5,,Application Crash,,,,,,,,,SkypeApp.exe,False,C:\Users\VM\Desktop\Application.evtx,0x80000000000000,0,"{""EventData"":{""Data"":""2079903287521195979, 5, RADAR_PRE_LEAK_64, Not available, 0, SkypeApp.exe, 8.53.0.77, 10.0.19045.2.0.0, \n\\\\?\\C:\\Users\\VM\\AppData\\Local\\Temp\\RDR450F.tmp\\empty.txt\n\\\\?\\C:\\ProgramData\\Microsoft\\Windows\\WER\\Temp\\WER451F.tmp.WERInternalMetadata.xml\n\\\\?\\C:\\ProgramData\\Microsoft\\Windows\\WER\\Temp\\WER4540.tmp.xml\n\\\\?\\C:\\ProgramData\\Microsoft\\Windows\\WER\\Temp\\WER4598.tmp.csv\n\\\\?\\C:\\ProgramData\\Microsoft\\Windows\\WER\\Temp\\WER45C8.tmp.txt, 0, 3dfb934b-2192-4959-9dea-4e7a15508866, 268435456, dab4ca1b0be607369cdd4d052bde37cb, 0"",""Binary"":""""}}"
672,672,2025-07-28 20:54:15.0446814,1001,Info,Windows Error Reporting,Application,0,0,DESKTOP-5A3QN5S,5,,Application Crash,,,,,,,,,MicrosoftEdgeUpdate.exe,False,C:\Users\VM\Desktop\Application.evtx,0x80000000000000,0,"{""EventData"":{""Data"":""1705213331041182621, 5, crashpad_log, Not available, 0, MicrosoftEdgeUpdate.exe, 1.3.195.61, PostOOBEDiagnostics_0, 0x80040827, \n\\\\?\\C:\\ProgramData\\Microsoft\\EdgeUpdate\\Log\\MicrosoftEdgeUpdate.log\n\\\\?\\C:\\Windows\\TEMP\\msedge_installer.log\n\\\\?\\C:\\ProgramData\\Microsoft\\Windows\\WER\\Temp\\WER7693.tmp.WERInternalMetadata.xml\n\\\\?\\C:\\ProgramData\\Microsoft\\Windows\\WER\\Temp\\WER76D2.tmp.xml\n\\\\?\\C:\\ProgramData\\Microsoft\\Windows\\WER\\Temp\\WER772F.tmp.csv\n\\\\?\\C:\\ProgramData\\Microsoft\\Windows\\WER\\Temp\\WER773F.tmp.txt, \\\\?\\C:\\ProgramData\\Microsoft\\Windows\\WER\\ReportArchive\\NonCritical_MicrosoftEdgeUpd_136740bce852d043e8dd3db5c98a67a96890f7bf_00000000_87a48fca-62c0-4298-a094-eb2262b092aa, 0, 87a48fca-62c0-4298-a094-eb2262b092aa, 268435456, ff3dd2752de9029957aa227d6ef8639d, 0"",""Binary"":""""}}"
673,673,2025-07-28 20:54:15.0614048,1001,Info,Windows Error Reporting,Application,0,0,DESKTOP-5A3QN5S,5,,Application Crash,,,,,,,,,MicrosoftEdgeUpdate.exe,False,C:\Users\VM\Desktop\Application.evtx,0x80000000000000,0,"{""EventData"":{""Data"":""0, crashpad_log, Not available, 0, MicrosoftEdgeUpdate.exe, 1.3.195.61, PostOOBEDiagnostics_0, 0x80040827, \n\\\\?\\C:\\ProgramData\\Microsoft\\EdgeUpdate\\Log\\MicrosoftEdgeUpdate.log\n\\\\?\\C:\\Windows\\TEMP\\msedge_installer.log, 0, 87a48fca-62c0-4298-a094-eb2262b092aa, 268697600, 0"",""Binary"":""""}}"
674,674,2025-07-28 20:54:54.7639012,0,Info,edgeupdate,Application,0,0,DESKTOP-5A3QN5S,5,,,,,,,,,,,,False,C:\Users\VM\Desktop\Application.evtx,0x80000000000000,0,"{""EventData"":{""Data"":""Service stopped"",""Binary"":""""}}"
675,675,2025-07-28 20:54:57.9148800,0,Info,edgeupdate,Application,0,0,DESKTOP-5A3QN5S,5,,,,,,,,,,,,False,C:\Users\VM\Desktop\Application.evtx,0x80000000000000,0,"{""EventData"":{""Data"":""Service stopped"",""Binary"":""""}}"
676,676,2025-07-28 21:07:34.9825671,16394,Info,Microsoft-Windows-Security-SPP,Application,0,0,DESKTOP-5A3QN5S,5,,,,,,,,,,,,False,C:\Users\VM\Desktop\Application.evtx,0x80000000000000,0,"{""EventData"":{""Data"":"""",""Binary"":""""}}"
677,677,2025-07-28 21:08:05.4443937,16384,Info,Microsoft-Windows-Security-SPP,Application,0,0,DESKTOP-5A3QN5S,5,,,,,,,,,,,,False,C:\Users\VM\Desktop\Application.evtx,0x80000000000000,0,"{""EventData"":{""Data"":""2025-07-29T20:12:05Z, RulesEngine"",""Binary"":""""}}"
678,678,2025-07-28 21:08:18.5911892,4097,Info,Microsoft-Windows-CAPI2,Application,1340,5456,DESKTOP-5A3QN5S,5,,,,,,,,,,,,False,C:\Users\VM\Desktop\Application.evtx,"Audit success, classic",0,"{""EventData"":{""Data"":""CN=DigiCert Assured ID Root CA, OU=www.digicert.com, O=DigiCert Inc, C=US, 0563B8630D62D75ABBC8AB1E4BDFB5A899B24D43"",""Binary"":""""}}"
679,679,2025-07-28 21:08:45.2658962,4097,Info,Microsoft-Windows-CAPI2,Application,1340,3464,DESKTOP-5A3QN5S,5,,,,,,,,,,,,False,C:\Users\VM\Desktop\Application.evtx,"Audit success, classic",0,"{""EventData"":{""Data"":""CN=ISRG Root X1, O=Internet Security Research Group, C=US, CABD2A79A1076A31F21D253635CB039D4329A5E8"",""Binary"":""""}}"
680,680,2025-07-28 21:09:03.6251065,256,Info,Edge,Application,0,0,DESKTOP-5A3QN5S,5,S-1-5-21-3151804214-3226339955-2188200191-1001,,,,,,,,,,,False,C:\Users\VM\Desktop\Application.evtx,0x80000000000000,0,"{""EventData"":{""Data"":""[2156:4312:0728/140903.622:INFO:chrome\\browser\\extensions\\extension_garbage_collector.cc:184] Garbage collection for extensions on file thread is complete."",""Binary"":""""}}"
