1718,1718,2025-07-29 07:20:31.5750520,1004,Info,Microsoft-Windows-Security-SPP,Application,0,0,DESKTOP-5A3QN5S,15,,,,,,,,,,,,False,C:\Users\VM\Desktop\Application.evtx,0x80000000000000,0,"{""EventData"":{""Data"":""Windows(R) UL phone License (Private), b9406600-acb9-429e-a128-71066f07269d"",""Binary"":""""}}"
1719,1719,2025-07-29 07:20:31.6134068,1004,Info,Microsoft-Windows-Security-SPP,Application,0,0,DESKTOP-5A3QN5S,15,,,,,,,,,,,,False,C:\Users\VM\Desktop\Application.evtx,0x80000000000000,0,"{""EventData"":{""Data"":""Windows(R) UL store License (Public), a27033b0-821b-4084-af32-f91fb57c3fc0"",""Binary"":""""}}"
1720,1720,2025-07-29 07:20:31.6134068,1004,Info,Microsoft-Windows-Security-SPP,Application,0,0,DESKTOP-5A3QN5S,15,,,,,,,,,,,,False,C:\Users\VM\Desktop\Application.evtx,0x80000000000000,0,"{""EventData"":{""Data"":""Windows(R) UL store License (Private), d398aa25-cc75-4947-90a3-5f14c97189e2"",""Binary"":""""}}"
1721,1721,2025-07-29 07:20:31.6615591,1004,Info,Microsoft-Windows-Security-SPP,Application,0,0,DESKTOP-5A3QN5S,15,,,,,,,,,,,,False,C:\Users\VM\Desktop\Application.evtx,0x80000000000000,0,"{""EventData"":{""Data"":""Windows(R) ProfessionalWorkstation Product PPD License, a72f560d-19a4-d1d9-5c36-83bb8242e802"",""Binary"":""""}}"
1722,1722,2025-07-29 07:20:31.6998868,1004,Info,Microsoft-Windows-Security-SPP,Application,0,0,DESKTOP-5A3QN5S,15,,,,,,,,,,,,False,C:\Users\VM\Desktop\Application.evtx,0x80000000000000,0,"{""EventData"":{""Data"":""Windows(R) Publishing License (Public), 1ab56332-6879-49ca-b342-9cd674cf52f3"",""Binary"":""""}}"
1723,1723,2025-07-29 07:20:31.6998868,1004,Info,Microsoft-Windows-Security-SPP,Application,0,0,DESKTOP-5A3QN5S,15,,,,,,,,,,,,False,C:\Users\VM\Desktop\Application.evtx,0x80000000000000,0,"{""EventData"":{""Data"":""Windows(R) Publishing License (Private), e9b589eb-eb47-4c11-b66e-748a8a7480f2"",""Binary"":""""}}"
1724,1724,2025-07-29 07:20:31.7494074,1004,Info,Microsoft-Windows-Security-SPP,Application,0,0,DESKTOP-5A3QN5S,15,,,,,,,,,,,,False,C:\Users\VM\Desktop\Application.evtx,0x80000000000000,0,"{""EventData"":{""Data"":""Windows(R) UL oob License (Public), edcf1fb5-0db6-40d1-a0a9-8daebd318a70"",""Binary"":""""}}"
1725,1725,2025-07-29 07:20:31.7494074,1004,Info,Microsoft-Windows-Security-SPP,Application,0,0,DESKTOP-5A3QN5S,15,,,,,,,,,,,,False,C:\Users\VM\Desktop\Application.evtx,0x80000000000000,0,"{""EventData"":{""Data"":""Windows(R) UL oob License (Private), f432afd0-22b5-48e1-94c3-c9e947ea95b3"",""Binary"":""""}}"
1726,1726,2025-07-29 07:20:31.7985025,1004,Info,Microsoft-Windows-Security-SPP,Application,0,0,DESKTOP-5A3QN5S,15,,,,,,,,,,,,False,C:\Users\VM\Desktop\Application.evtx,0x80000000000000,0,"{""EventData"":{""Data"":""Windows(R) UL phone License (Public), 33a7aa4b-b189-4401-bad8-14cadc893df9"",""Binary"":""""}}"
1727,1727,2025-07-29 07:20:31.7989673,1004,Info,Microsoft-Windows-Security-SPP,Application,0,0,DESKTOP-5A3QN5S,15,,,,,,,,,,,,False,C:\Users\VM\Desktop\Application.evtx,0x80000000000000,0,"{""EventData"":{""Data"":""Windows(R) UL phone License (Private), 9f4f2f0a-c471-4bda-83f8-42de353f124e"",""Binary"":""""}}"
1728,1728,2025-07-29 07:20:31.8609686,1004,Info,Microsoft-Windows-Security-SPP,Application,0,0,DESKTOP-5A3QN5S,15,,,,,,,,,,,,False,C:\Users\VM\Desktop\Application.evtx,0x80000000000000,0,"{""EventData"":{""Data"":""Windows(R) UL store License (Public), 91b7c650-f42d-49d8-9e2c-6f65f344f532"",""Binary"":""""}}"
1729,1729,2025-07-29 07:20:31.8674158,1004,Info,Microsoft-Windows-Security-SPP,Application,0,0,DESKTOP-5A3QN5S,15,,,,,,,,,,,,False,C:\Users\VM\Desktop\Application.evtx,0x80000000000000,0,"{""EventData"":{""Data"":""Windows(R) UL store License (Private), 472080dc-65fd-4bf6-82da-b78fbdf6b7e8"",""Binary"":""""}}"
1730,1730,2025-07-29 07:20:31.9106981,1004,Info,Microsoft-Windows-Security-SPP,Application,0,0,DESKTOP-5A3QN5S,15,,,,,,,,,,,,False,C:\Users\VM\Desktop\Application.evtx,0x80000000000000,0,"{""EventData"":{""Data"":""Windows(R) Publishing License (Public), 27712485-79ad-44df-a15a-bfd23e5463d8"",""Binary"":""""}}"
1731,1731,2025-07-29 07:20:31.9106981,1004,Info,Microsoft-Windows-Security-SPP,Application,0,0,DESKTOP-5A3QN5S,16,,,,,,,,,,,,False,C:\Users\VM\Desktop\Application.evtx,0x80000000000000,1976,"{""EventData"":{""Data"":""Windows(R) Publishing License (Private), c0ed9e57-fb83-4c9b-9544-563bbcce1f5f"",""Binary"":""""}}"
1732,1732,2025-07-29 07:20:31.9605631,1004,Info,Microsoft-Windows-Security-SPP,Application,0,0,DESKTOP-5A3QN5S,16,,,,,,,,,,,,False,C:\Users\VM\Desktop\Application.evtx,0x80000000000000,0,"{""EventData"":{""Data"":""Windows(R) UL oob License (Public), 889ccc6f-23b2-457d-8a3b-2be73fbc3ee5"",""Binary"":""""}}"
1733,1733,2025-07-29 07:20:31.9605631,1004,Info,Microsoft-Windows-Security-SPP,Application,0,0,DESKTOP-5A3QN5S,16,,,,,,,,,,,,False,C:\Users\VM\Desktop\Application.evtx,0x80000000000000,0,"{""EventData"":{""Data"":""Windows(R) UL oob License (Private), 569ff80c-c33c-4bc7-9a3b-7e2a9fe562d3"",""Binary"":""""}}"
1734,1734,2025-07-29 07:20:32.0718503,1004,Info,Microsoft-Windows-Security-SPP,Application,0,0,DESKTOP-5A3QN5S,16,,,,,,,,,,,,False,C:\Users\VM\Desktop\Application.evtx,0x80000000000000,0,"{""EventData"":{""Data"":""Windows(R) UL phone License (Public), 393e04b8-5bca-4870-8bed-8ddb8708822a"",""Binary"":""""}}"
1735,1735,2025-07-29 07:20:32.0784476,1004,Info,Microsoft-Windows-Security-SPP,Application,0,0,DESKTOP-5A3QN5S,16,,,,,,,,,,,,False,C:\Users\VM\Desktop\Application.evtx,0x80000000000000,352,"{""EventData"":{""Data"":""Windows(R) UL phone License (Private), 3a1e1b4e-06d7-4929-a90a-6ce7cadfdb74"",""Binary"":""""}}"
1736,1736,2025-07-29 07:20:32.1216697,1004,Info,Microsoft-Windows-Security-SPP,Application,0,0,DESKTOP-5A3QN5S,16,,,,,,,,,,,,False,C:\Users\VM\Desktop\Application.evtx,0x80000000000000,0,"{""EventData"":{""Data"":""Windows(R) UL store License (Public), 7ba91807-9d30-415a-8f69-c777f58457b6"",""Binary"":""""}}"
1737,1737,2025-07-29 07:20:32.1216697,1004,Info,Microsoft-Windows-Security-SPP,Application,0,0,DESKTOP-5A3QN5S,16,,,,,,,,,,,,False,C:\Users\VM\Desktop\Application.evtx,0x80000000000000,352,"{""EventData"":{""Data"":""Windows(R) UL store License (Private), 5ee85b90-01f7-4768-b6b6-8b0275b182a1"",""Binary"":""""}}"
1738,1738,2025-07-29 07:20:32.1711366,1004,Info,Microsoft-Windows-Security-SPP,Application,0,0,DESKTOP-5A3QN5S,16,,,,,,,,,,,,False,C:\Users\VM\Desktop\Application.evtx,0x80000000000000,352,"{""EventData"":{""Data"":""Windows(R) Publishing License (Public), f6282f13-4886-4255-a54d-b1b4c8d21a13"",""Binary"":""""}}"
1739,1739,2025-07-29 07:20:32.1711366,1004,Info,Microsoft-Windows-Security-SPP,Application,0,0,DESKTOP-5A3QN5S,16,,,,,,,,,,,,False,C:\Users\VM\Desktop\Application.evtx,0x80000000000000,0,"{""EventData"":{""Data"":""Windows(R) Publishing License (Private), c73b52ca-f44f-4be6-916c-4cadee638f6b"",""Binary"":""""}}"
1740,1740,2025-07-29 07:20:32.2164373,1004,Info,Microsoft-Windows-Security-SPP,Application,0,0,DESKTOP-5A3QN5S,16,,,,,,,,,,,,False,C:\Users\VM\Desktop\Application.evtx,0x80000000000000,0,"{""EventData"":{""Data"":""Windows(R) UL oob License (Public), 98066397-a218-450d-8a0e-ec08cc5acf9b"",""Binary"":""""}}"
1741,1741,2025-07-29 07:20:32.2190615,1004,Info,Microsoft-Windows-Security-SPP,Application,0,0,DESKTOP-5A3QN5S,16,,,,,,,,,,,,False,C:\Users\VM\Desktop\Application.evtx,0x80000000000000,0,"{""EventData"":{""Data"":""Windows(R) UL oob License (Private), 534e66a2-68a9-4f03-ad31-995960a01fdd"",""Binary"":""""}}"
1742,1742,2025-07-29 07:20:32.2705326,1004,Info,Microsoft-Windows-Security-SPP,Application,0,0,DESKTOP-5A3QN5S,16,,,,,,,,,,,,False,C:\Users\VM\Desktop\Application.evtx,0x80000000000000,0,"{""EventData"":{""Data"":""Windows(R) UL phone License (Public), 0af4fae7-4f10-4e39-9206-c51c557d5ca0"",""Binary"":""""}}"
1743,1743,2025-07-29 07:20:32.2705326,1004,Info,Microsoft-Windows-Security-SPP,Application,0,0,DESKTOP-5A3QN5S,16,,,,,,,,,,,,False,C:\Users\VM\Desktop\Application.evtx,0x80000000000000,352,"{""EventData"":{""Data"":""Windows(R) UL phone License (Private), 5823d3ae-dbaf-42cb-b3ae-4b8ed5b54a7e"",""Binary"":""""}}"
1744,1744,2025-07-29 07:20:32.3064666,1004,Info,Microsoft-Windows-Security-SPP,Application,0,0,DESKTOP-5A3QN5S,16,,,,,,,,,,,,False,C:\Users\VM\Desktop\Application.evtx,0x80000000000000,0,"{""EventData"":{""Data"":""Windows(R) UL store License (Public), fe1ed6fe-44ab-446c-9cfd-e25af1b0e69c"",""Binary"":""""}}"
1745,1745,2025-07-29 07:20:32.3073968,1004,Info,Microsoft-Windows-Security-SPP,Application,0,0,DESKTOP-5A3QN5S,16,,,,,,,,,,,,False,C:\Users\VM\Desktop\Application.evtx,0x80000000000000,352,"{""EventData"":{""Data"":""Windows(R) UL store License (Private), 2f69eb68-1d35-471e-9407-e490b6d485c5"",""Binary"":""""}}"
1746,1746,2025-07-29 07:20:32.3446619,1004,Info,Microsoft-Windows-Security-SPP,Application,0,0,DESKTOP-5A3QN5S,16,,,,,,,,,,,,False,C:\Users\VM\Desktop\Application.evtx,0x80000000000000,352,"{""EventData"":{""Data"":""Windows(R) Publishing License (Public), 676bb85d-79e5-4a7f-b514-9db8bfa48f07"",""Binary"":""""}}"
1747,1747,2025-07-29 07:20:32.3446619,1004,Info,Microsoft-Windows-Security-SPP,Application,0,0,DESKTOP-5A3QN5S,16,,,,,,,,,,,,False,C:\Users\VM\Desktop\Application.evtx,0x80000000000000,0,"{""EventData"":{""Data"":""Windows(R) Publishing License (Private), 932ac4bb-28c5-40ee-8417-8971c5b5b5a3"",""Binary"":""""}}"
1748,1748,2025-07-29 07:20:32.3821901,1004,Info,Microsoft-Windows-Security-SPP,Application,0,0,DESKTOP-5A3QN5S,16,,,,,,,,,,,,False,C:\Users\VM\Desktop\Application.evtx,0x80000000000000,0,"{""EventData"":{""Data"":""Windows(R) UL oob License (Public), 289b0434-ab80-4342-b8b0-ae8075eadb34"",""Binary"":""""}}"
1749,1749,2025-07-29 07:20:32.3821901,1004,Info,Microsoft-Windows-Security-SPP,Application,0,0,DESKTOP-5A3QN5S,16,,,,,,,,,,,,False,C:\Users\VM\Desktop\Application.evtx,0x80000000000000,0,"{""EventData"":{""Data"":""Windows(R) UL oob License (Private), b946ba74-175d-42b6-8233-34bae38c3583"",""Binary"":""""}}"
1750,1750,2025-07-29 07:20:32.4193342,1004,Info,Microsoft-Windows-Security-SPP,Application,0,0,DESKTOP-5A3QN5S,16,,,,,,,,,,,,False,C:\Users\VM\Desktop\Application.evtx,0x80000000000000,0,"{""EventData"":{""Data"":""Windows(R) UL phone License (Public), 722f278b-31e1-42ba-9fbc-a1a1a115c7bc"",""Binary"":""""}}"
1751,1751,2025-07-29 07:20:32.4193342,1004,Info,Microsoft-Windows-Security-SPP,Application,0,0,DESKTOP-5A3QN5S,16,,,,,,,,,,,,False,C:\Users\VM\Desktop\Application.evtx,0x80000000000000,352,"{""EventData"":{""Data"":""Windows(R) UL phone License (Private), 83c678aa-5c60-4554-86ab-89b9dda305bf"",""Binary"":""""}}"
1752,1752,2025-07-29 07:20:32.4566008,1004,Info,Microsoft-Windows-Security-SPP,Application,0,0,DESKTOP-5A3QN5S,16,,,,,,,,,,,,False,C:\Users\VM\Desktop\Application.evtx,0x80000000000000,0,"{""EventData"":{""Data"":""Windows(R) UL store License (Public), 10b6f56d-f70e-4d4d-a234-e99fd732e0b7"",""Binary"":""""}}"
1753,1753,2025-07-29 07:20:32.4566008,1004,Info,Microsoft-Windows-Security-SPP,Application,0,0,DESKTOP-5A3QN5S,16,,,,,,,,,,,,False,C:\Users\VM\Desktop\Application.evtx,0x80000000000000,352,"{""EventData"":{""Data"":""Windows(R) UL store License (Private), fff9affa-9c56-4b64-915b-244cdf105452"",""Binary"":""""}}"
1754,1754,2025-07-29 07:20:32.4935990,1004,Info,Microsoft-Windows-Security-SPP,Application,0,0,DESKTOP-5A3QN5S,16,,,,,,,,,,,,False,C:\Users\VM\Desktop\Application.evtx,0x80000000000000,352,"{""EventData"":{""Data"":""Windows(R) Publishing License (Public), 4d66b169-68b7-4336-9f2c-cdcd9dfbeb46"",""Binary"":""""}}"
1755,1755,2025-07-29 07:20:32.4935990,1004,Info,Microsoft-Windows-Security-SPP,Application,0,0,DESKTOP-5A3QN5S,16,,,,,,,,,,,,False,C:\Users\VM\Desktop\Application.evtx,0x80000000000000,0,"{""EventData"":{""Data"":""Windows(R) Publishing License (Private), ed635fe3-d07a-43d2-ad36-c8a295e5db73"",""Binary"":""""}}"
1756,1756,2025-07-29 07:20:32.5431659,1004,Info,Microsoft-Windows-Security-SPP,Application,0,0,DESKTOP-5A3QN5S,16,,,,,,,,,,,,False,C:\Users\VM\Desktop\Application.evtx,0x80000000000000,0,"{""EventData"":{""Data"":""Windows(R) UL oob License (Public), e07df460-b0e8-444f-9b5a-47727a862907"",""Binary"":""""}}"
1757,1757,2025-07-29 07:20:32.5431659,1004,Info,Microsoft-Windows-Security-SPP,Application,0,0,DESKTOP-5A3QN5S,16,,,,,,,,,,,,False,C:\Users\VM\Desktop\Application.evtx,0x80000000000000,0,"{""EventData"":{""Data"":""Windows(R) UL oob License (Private), c741e9b1-8ede-4fc5-b843-6c6adadd0196"",""Binary"":""""}}"
1758,1758,2025-07-29 07:20:32.5930207,1004,Info,Microsoft-Windows-Security-SPP,Application,0,0,DESKTOP-5A3QN5S,16,,,,,,,,,,,,False,C:\Users\VM\Desktop\Application.evtx,0x80000000000000,0,"{""EventData"":{""Data"":""Windows(R) UL phone License (Public), e0b267cb-efd2-42cc-bf8b-042dd10f58cb"",""Binary"":""""}}"
1759,1759,2025-07-29 07:20:32.5930207,1004,Info,Microsoft-Windows-Security-SPP,Application,0,0,DESKTOP-5A3QN5S,16,,,,,,,,,,,,False,C:\Users\VM\Desktop\Application.evtx,0x80000000000000,352,"{""EventData"":{""Data"":""Windows(R) UL phone License (Private), 97fb5a6e-98fe-457a-b1ab-57522309bfb3"",""Binary"":""""}}"
1760,1760,2025-07-29 07:20:32.6527107,1004,Info,Microsoft-Windows-Security-SPP,Application,0,0,DESKTOP-5A3QN5S,16,,,,,,,,,,,,False,C:\Users\VM\Desktop\Application.evtx,0x80000000000000,0,"{""EventData"":{""Data"":""Windows(R) UL store License (Public), 1aa35326-d07a-4830-808a-9015bd8d7326"",""Binary"":""""}}"
1761,1761,2025-07-29 07:20:32.6527107,1004,Info,Microsoft-Windows-Security-SPP,Application,0,0,DESKTOP-5A3QN5S,16,,,,,,,,,,,,False,C:\Users\VM\Desktop\Application.evtx,0x80000000000000,352,"{""EventData"":{""Data"":""Windows(R) UL store License (Private), 7b78fd43-4bc2-43cc-a149-2b51e1c8bedb"",""Binary"":""""}}"
1762,1762,2025-07-29 07:20:32.6994160,1004,Info,Microsoft-Windows-Security-SPP,Application,0,0,DESKTOP-5A3QN5S,16,,,,,,,,,,,,False,C:\Users\VM\Desktop\Application.evtx,0x80000000000000,352,"{""EventData"":{""Data"":""Windows(R) Publishing License (Public), 9275e340-8c75-4878-af67-c513b2cc81e0"",""Binary"":""""}}"
1763,1763,2025-07-29 07:20:32.6994160,1004,Info,Microsoft-Windows-Security-SPP,Application,0,0,DESKTOP-5A3QN5S,16,,,,,,,,,,,,False,C:\Users\VM\Desktop\Application.evtx,0x80000000000000,0,"{""EventData"":{""Data"":""Windows(R) Publishing License (Private), 8c18bb99-aa30-4b58-bee4-85edb4104823"",""Binary"":""""}}"
1764,1764,2025-07-29 07:20:32.7418485,1004,Info,Microsoft-Windows-Security-SPP,Application,0,0,DESKTOP-5A3QN5S,16,,,,,,,,,,,,False,C:\Users\VM\Desktop\Application.evtx,0x80000000000000,0,"{""EventData"":{""Data"":""Windows(R) UL oob License (Public), b02af1d2-e9a1-4cd4-9df8-b68b8f420ba2"",""Binary"":""""}}"
1765,1765,2025-07-29 07:20:32.7418485,1004,Info,Microsoft-Windows-Security-SPP,Application,0,0,DESKTOP-5A3QN5S,16,,,,,,,,,,,,False,C:\Users\VM\Desktop\Application.evtx,0x80000000000000,0,"{""EventData"":{""Data"":""Windows(R) UL oob License (Private), f59bd3c5-bcd6-415e-9fdc-17dc630f4779"",""Binary"":""""}}"
1766,1766,2025-07-29 07:20:32.7905041,1004,Info,Microsoft-Windows-Security-SPP,Application,0,0,DESKTOP-5A3QN5S,16,,,,,,,,,,,,False,C:\Users\VM\Desktop\Application.evtx,0x80000000000000,0,"{""EventData"":{""Data"":""Windows(R) UL phone License (Public), ffea5719-3c78-4357-8bba-42141bac0e62"",""Binary"":""""}}"
1767,1767,2025-07-29 07:20:32.7911878,1004,Info,Microsoft-Windows-Security-SPP,Application,0,0,DESKTOP-5A3QN5S,16,,,,,,,,,,,,False,C:\Users\VM\Desktop\Application.evtx,0x80000000000000,352,"{""EventData"":{""Data"":""Windows(R) UL phone License (Private), 2b6c0ae3-1381-4f30-a5be-193e1028296c"",""Binary"":""""}}"
1768,1768,2025-07-29 07:20:32.8409646,1004,Info,Microsoft-Windows-Security-SPP,Application,0,0,DESKTOP-5A3QN5S,16,,,,,,,,,,,,False,C:\Users\VM\Desktop\Application.evtx,0x80000000000000,0,"{""EventData"":{""Data"":""Windows(R) UL store License (Public), bea2da20-0ff7-474f-81fe-3ba47a776854"",""Binary"":""""}}"
1769,1769,2025-07-29 07:20:32.8409646,1004,Info,Microsoft-Windows-Security-SPP,Application,0,0,DESKTOP-5A3QN5S,16,,,,,,,,,,,,False,C:\Users\VM\Desktop\Application.evtx,0x80000000000000,352,"{""EventData"":{""Data"":""Windows(R) UL store License (Private), 0f9e0bcc-664b-47a1-9413-c75726c5b7fe"",""Binary"":""""}}"
1770,1770,2025-07-29 07:20:32.8781899,1004,Info,Microsoft-Windows-Security-SPP,Application,0,0,DESKTOP-5A3QN5S,16,,,,,,,,,,,,False,C:\Users\VM\Desktop\Application.evtx,0x80000000000000,352,"{""EventData"":{""Data"":""Windows(R) Publishing License (Public), 2a1c7f35-7f21-4396-a568-4c0f925714f5"",""Binary"":""""}}"
1771,1771,2025-07-29 07:20:32.8781899,1004,Info,Microsoft-Windows-Security-SPP,Application,0,0,DESKTOP-5A3QN5S,16,,,,,,,,,,,,False,C:\Users\VM\Desktop\Application.evtx,0x80000000000000,0,"{""EventData"":{""Data"":""Windows(R) Publishing License (Private), ac4ec3f4-63b7-4e54-9bf7-4d97bd00d710"",""Binary"":""""}}"
1772,1772,2025-07-29 07:20:32.9356159,1004,Info,Microsoft-Windows-Security-SPP,Application,0,0,DESKTOP-5A3QN5S,16,,,,,,,,,,,,False,C:\Users\VM\Desktop\Application.evtx,0x80000000000000,0,"{""EventData"":{""Data"":""Windows(R) UL oob License (Public), e44b9309-b80f-4bb6-af3f-7e79889ccbdf"",""Binary"":""""}}"
1773,1773,2025-07-29 07:20:32.9382498,1004,Info,Microsoft-Windows-Security-SPP,Application,0,0,DESKTOP-5A3QN5S,16,,,,,,,,,,,,False,C:\Users\VM\Desktop\Application.evtx,0x80000000000000,0,"{""EventData"":{""Data"":""Windows(R) UL oob License (Private), c711984f-dfc0-4b93-9135-4d594ba6c979"",""Binary"":""""}}"
1774,1774,2025-07-29 07:20:32.9898717,1004,Info,Microsoft-Windows-Security-SPP,Application,0,0,DESKTOP-5A3QN5S,16,,,,,,,,,,,,False,C:\Users\VM\Desktop\Application.evtx,0x80000000000000,0,"{""EventData"":{""Data"":""Windows(R) UL phone License (Public), 8abf24e6-6d70-4fce-8637-47d13fdaccda"",""Binary"":""""}}"
1775,1775,2025-07-29 07:20:32.9898717,1004,Info,Microsoft-Windows-Security-SPP,Application,0,0,DESKTOP-5A3QN5S,16,,,,,,,,,,,,False,C:\Users\VM\Desktop\Application.evtx,0x80000000000000,352,"{""EventData"":{""Data"":""Windows(R) UL phone License (Private), 348e27a9-f40e-4dac-88eb-2f2c1928eca0"",""Binary"":""""}}"
1776,1776,2025-07-29 07:20:33.0527357,1004,Info,Microsoft-Windows-Security-SPP,Application,0,0,DESKTOP-5A3QN5S,16,,,,,,,,,,,,False,C:\Users\VM\Desktop\Application.evtx,0x80000000000000,0,"{""EventData"":{""Data"":""Windows(R) UL store License (Public), 33deb3c1-81d6-4436-b558-c87b75268636"",""Binary"":""""}}"
1777,1777,2025-07-29 07:20:33.0527357,1004,Info,Microsoft-Windows-Security-SPP,Application,0,0,DESKTOP-5A3QN5S,16,,,,,,,,,,,,False,C:\Users\VM\Desktop\Application.evtx,0x80000000000000,352,"{""EventData"":{""Data"":""Windows(R) UL store License (Private), 01a06665-4eba-4b24-85dd-71443a28afe3"",""Binary"":""""}}"
1778,1778,2025-07-29 07:20:33.1139873,1004,Info,Microsoft-Windows-Security-SPP,Application,0,0,DESKTOP-5A3QN5S,16,,,,,,,,,,,,False,C:\Users\VM\Desktop\Application.evtx,0x80000000000000,352,"{""EventData"":{""Data"":""Windows(R) Publishing License (Public), 3947cca0-9164-4315-a285-df1b4d53d009"",""Binary"":""""}}"
1779,1779,2025-07-29 07:20:33.1139873,1004,Info,Microsoft-Windows-Security-SPP,Application,0,0,DESKTOP-5A3QN5S,16,,,,,,,,,,,,False,C:\Users\VM\Desktop\Application.evtx,0x80000000000000,0,"{""EventData"":{""Data"":""Windows(R) Publishing License (Private), 19a9fd32-5ae5-481e-8824-ce859cf63665"",""Binary"":""""}}"
1780,1780,2025-07-29 07:20:33.1847947,1004,Info,Microsoft-Windows-Security-SPP,Application,0,0,DESKTOP-5A3QN5S,16,,,,,,,,,,,,False,C:\Users\VM\Desktop\Application.evtx,0x80000000000000,0,"{""EventData"":{""Data"":""Windows(R) UL oob License (Public), 2b735d14-fc44-4e15-b6c8-955a6029dfef"",""Binary"":""""}}"
1781,1781,2025-07-29 07:20:33.1847947,1004,Info,Microsoft-Windows-Security-SPP,Application,0,0,DESKTOP-5A3QN5S,16,,,,,,,,,,,,False,C:\Users\VM\Desktop\Application.evtx,0x80000000000000,0,"{""EventData"":{""Data"":""Windows(R) UL oob License (Private), b6d9a925-f42e-4e92-abab-a7a6a0400fe3"",""Binary"":""""}}"
1782,1782,2025-07-29 07:20:33.2379323,1004,Info,Microsoft-Windows-Security-SPP,Application,0,0,DESKTOP-5A3QN5S,16,,,,,,,,,,,,False,C:\Users\VM\Desktop\Application.evtx,0x80000000000000,0,"{""EventData"":{""Data"":""Windows(R) UL phone License (Public), 4d7a5ea9-1f81-4dd9-b17a-2337a239c7d9"",""Binary"":""""}}"
1783,1783,2025-07-29 07:20:33.2379323,1004,Info,Microsoft-Windows-Security-SPP,Application,0,0,DESKTOP-5A3QN5S,16,,,,,,,,,,,,False,C:\Users\VM\Desktop\Application.evtx,0x80000000000000,352,"{""EventData"":{""Data"":""Windows(R) UL phone License (Private), 12fa2c2c-86a0-4e42-9cfa-d99a12b7398c"",""Binary"":""""}}"
1784,1784,2025-07-29 07:20:33.2987036,1004,Info,Microsoft-Windows-Security-SPP,Application,0,0,DESKTOP-5A3QN5S,16,,,,,,,,,,,,False,C:\Users\VM\Desktop\Application.evtx,0x80000000000000,0,"{""EventData"":{""Data"":""Windows(R) UL store License (Public), e8281618-7780-45a1-afea-b0e0d5f2764e"",""Binary"":""""}}"
1785,1785,2025-07-29 07:20:33.2987036,1004,Info,Microsoft-Windows-Security-SPP,Application,0,0,DESKTOP-5A3QN5S,16,,,,,,,,,,,,False,C:\Users\VM\Desktop\Application.evtx,0x80000000000000,352,"{""EventData"":{""Data"":""Windows(R) UL store License (Private), 9901ae80-f736-44c7-b1a7-7d129bf0130d"",""Binary"":""""}}"
1786,1786,2025-07-29 07:20:33.3498175,1004,Info,Microsoft-Windows-Security-SPP,Application,0,0,DESKTOP-5A3QN5S,16,,,,,,,,,,,,False,C:\Users\VM\Desktop\Application.evtx,0x80000000000000,0,"{""EventData"":{""Data"":""Windows(R) UL oob License (Public), 8da36c6d-3b72-4a7f-a14f-a5a4afa879cd"",""Binary"":""""}}"
1787,1787,2025-07-29 07:20:33.3498175,1004,Info,Microsoft-Windows-Security-SPP,Application,0,0,DESKTOP-5A3QN5S,16,,,,,,,,,,,,False,C:\Users\VM\Desktop\Application.evtx,0x80000000000000,0,"{""EventData"":{""Data"":""Windows(R) UL oob License (Private), dd9d1e09-3e1f-4c0c-bb7d-c0a4c8faace4"",""Binary"":""""}}"
1788,1788,2025-07-29 07:20:33.4076152,1004,Info,Microsoft-Windows-Security-SPP,Application,0,0,DESKTOP-5A3QN5S,16,,,,,,,,,,,,False,C:\Users\VM\Desktop\Application.evtx,0x80000000000000,0,"{""EventData"":{""Data"":""Windows(R) UL volume License (Public), 8c95c3a0-fa1c-44ea-b987-392f100380d6"",""Binary"":""""}}"
1789,1789,2025-07-29 07:20:33.4076152,1004,Info,Microsoft-Windows-Security-SPP,Application,0,0,DESKTOP-5A3QN5S,16,,,,,,,,,,,,False,C:\Users\VM\Desktop\Application.evtx,0x80000000000000,0,"{""EventData"":{""Data"":""Windows(R) UL volume License (Private), 5223d680-2802-4991-b3d1-95b0e7a96a07"",""Binary"":""""}}"
1790,1790,2025-07-29 07:20:33.4444401,1004,Info,Microsoft-Windows-Security-SPP,Application,0,0,DESKTOP-5A3QN5S,16,,,,,,,,,,,,False,C:\Users\VM\Desktop\Application.evtx,0x80000000000000,352,"{""EventData"":{""Data"":""Windows(R) Publishing License (Public), 1e111914-c6d6-4254-aac7-faa5bad72571"",""Binary"":""""}}"
1791,1791,2025-07-29 07:20:33.4485632,1004,Info,Microsoft-Windows-Security-SPP,Application,0,0,DESKTOP-5A3QN5S,16,,,,,,,,,,,,False,C:\Users\VM\Desktop\Application.evtx,0x80000000000000,0,"{""EventData"":{""Data"":""Windows(R) Publishing License (Private), e3f6a9cf-e805-4680-ae41-28275e5df43f"",""Binary"":""""}}"
1792,1792,2025-07-29 07:20:33.4860403,1004,Info,Microsoft-Windows-Security-SPP,Application,0,0,DESKTOP-5A3QN5S,16,,,,,,,,,,,,False,C:\Users\VM\Desktop\Application.evtx,0x80000000000000,344,"{""EventData"":{""Data"":""Windows(R) UL oob License (Public), 5e9e06ca-fac6-4533-848f-b7175ea98f2c"",""Binary"":""""}}"
1793,1793,2025-07-29 07:20:33.4860403,1004,Info,Microsoft-Windows-Security-SPP,Application,0,0,DESKTOP-5A3QN5S,16,,,,,,,,,,,,False,C:\Users\VM\Desktop\Application.evtx,0x80000000000000,0,"{""EventData"":{""Data"":""Windows(R) UL oob License (Private), 550d48b8-4ca6-49f0-8ed4-abef2938d42b"",""Binary"":""""}}"
1794,1794,2025-07-29 07:20:33.5232668,1004,Info,Microsoft-Windows-Security-SPP,Application,0,0,DESKTOP-5A3QN5S,16,,,,,,,,,,,,False,C:\Users\VM\Desktop\Application.evtx,0x80000000000000,0,"{""EventData"":{""Data"":""Windows(R) UL phone License (Public), d17c870f-708f-47f3-a569-e212ae7e149c"",""Binary"":""""}}"
1795,1795,2025-07-29 07:20:33.5232668,1004,Info,Microsoft-Windows-Security-SPP,Application,0,0,DESKTOP-5A3QN5S,16,,,,,,,,,,,,False,C:\Users\VM\Desktop\Application.evtx,0x80000000000000,0,"{""EventData"":{""Data"":""Windows(R) UL phone License (Private), f8c563c5-7ccc-4cb4-97c2-c7c31e71d1d4"",""Binary"":""""}}"
1796,1796,2025-07-29 07:20:33.5732638,1004,Info,Microsoft-Windows-Security-SPP,Application,0,0,DESKTOP-5A3QN5S,16,,,,,,,,,,,,False,C:\Users\VM\Desktop\Application.evtx,0x80000000000000,0,"{""EventData"":{""Data"":""Windows(R) UL store License (Public), fee3ec47-207a-4e49-bb13-fe63fd46b73d"",""Binary"":""""}}"
1797,1797,2025-07-29 07:20:33.5732638,1004,Info,Microsoft-Windows-Security-SPP,Application,0,0,DESKTOP-5A3QN5S,16,,,,,,,,,,,,False,C:\Users\VM\Desktop\Application.evtx,0x80000000000000,0,"{""EventData"":{""Data"":""Windows(R) UL store License (Private), 3565e81f-9bbe-47a3-a404-3f51ac0ff144"",""Binary"":""""}}"
1798,1798,2025-07-29 07:20:33.6256492,1004,Info,Microsoft-Windows-Security-SPP,Application,0,0,DESKTOP-5A3QN5S,16,,,,,,,,,,,,False,C:\Users\VM\Desktop\Application.evtx,0x80000000000000,0,"{""EventData"":{""Data"":""DefaultPpd-ServerRdsh Component PPD License, 67a31cb9-8ad3-c9d5-0c45-f624281a6c6a"",""Binary"":""""}}"
1799,1799,2025-07-29 07:20:33.6720363,1004,Info,Microsoft-Windows-Security-SPP,Application,0,0,DESKTOP-5A3QN5S,16,,,,,,,,,,,,False,C:\Users\VM\Desktop\Application.evtx,0x80000000000000,0,"{""EventData"":{""Data"":""Windows(R) Publishing License (Public), b88440be-b7f1-44fa-ba95-3fbf512dc2ac"",""Binary"":""""}}"
1800,1800,2025-07-29 07:20:33.6720363,1004,Info,Microsoft-Windows-Security-SPP,Application,0,0,DESKTOP-5A3QN5S,16,,,,,,,,,,,,False,C:\Users\VM\Desktop\Application.evtx,0x80000000000000,0,"{""EventData"":{""Data"":""Windows(R) Publishing License (Private), 4ca65299-c64c-4a48-b8f1-948f52b431db"",""Binary"":""""}}"
1801,1801,2025-07-29 07:20:33.7342835,1004,Info,Microsoft-Windows-Security-SPP,Application,0,0,DESKTOP-5A3QN5S,16,,,,,,,,,,,,False,C:\Users\VM\Desktop\Application.evtx,0x80000000000000,0,"{""EventData"":{""Data"":""Windows(R) UL oob License (Public), f8cda700-ff62-4936-afca-ecc75d4f68b4"",""Binary"":""""}}"
1802,1802,2025-07-29 07:20:33.7342835,1004,Info,Microsoft-Windows-Security-SPP,Application,0,0,DESKTOP-5A3QN5S,16,,,,,,,,,,,,False,C:\Users\VM\Desktop\Application.evtx,0x80000000000000,0,"{""EventData"":{""Data"":""Windows(R) UL oob License (Private), 43ffe432-f788-4a84-8e7d-133c2e181892"",""Binary"":""""}}"
1803,1803,2025-07-29 07:20:33.7835102,1004,Info,Microsoft-Windows-Security-SPP,Application,0,0,DESKTOP-5A3QN5S,16,,,,,,,,,,,,False,C:\Users\VM\Desktop\Application.evtx,0x80000000000000,0,"{""EventData"":{""Data"":""Windows(R) UL phone License (Public), 2fac9796-0728-4441-aea2-091c26a9f5c7"",""Binary"":""""}}"
1804,1804,2025-07-29 07:20:33.7835102,1004,Info,Microsoft-Windows-Security-SPP,Application,0,0,DESKTOP-5A3QN5S,16,,,,,,,,,,,,False,C:\Users\VM\Desktop\Application.evtx,0x80000000000000,0,"{""EventData"":{""Data"":""Windows(R) UL phone License (Private), 97e1df2f-4925-4026-9ebe-e6406876acc5"",""Binary"":""""}}"
1805,1805,2025-07-29 07:20:33.8333907,1004,Info,Microsoft-Windows-Security-SPP,Application,0,0,DESKTOP-5A3QN5S,16,,,,,,,,,,,,False,C:\Users\VM\Desktop\Application.evtx,0x80000000000000,0,"{""EventData"":{""Data"":""Windows(R) UL store License (Public), 37e314c2-d2f8-4b77-95ba-5022fc46e4e5"",""Binary"":""""}}"
1806,1806,2025-07-29 07:20:33.8333907,1004,Info,Microsoft-Windows-Security-SPP,Application,0,0,DESKTOP-5A3QN5S,16,,,,,,,,,,,,False,C:\Users\VM\Desktop\Application.evtx,0x80000000000000,0,"{""EventData"":{""Data"":""Windows(R) UL store License (Private), 0bcc26f4-1480-4229-aee6-ea64a386a1db"",""Binary"":""""}}"
1807,1807,2025-07-29 07:20:33.9077666,1004,Info,Microsoft-Windows-Security-SPP,Application,0,0,DESKTOP-5A3QN5S,16,,,,,,,,,,,,False,C:\Users\VM\Desktop\Application.evtx,0x80000000000000,344,"{""EventData"":{""Data"":""Windows(R) UL oob License (Public), 00bbb35a-485c-45c1-81f5-a7740b397386"",""Binary"":""""}}"
1808,1808,2025-07-29 07:20:33.9077666,1004,Info,Microsoft-Windows-Security-SPP,Application,0,0,DESKTOP-5A3QN5S,16,,,,,,,,,,,,False,C:\Users\VM\Desktop\Application.evtx,0x80000000000000,0,"{""EventData"":{""Data"":""Windows(R) UL oob License (Private), d5b72f43-bc0c-4eae-b340-db1b92aaf8b3"",""Binary"":""""}}"
1809,1809,2025-07-29 07:20:33.9605762,1004,Info,Microsoft-Windows-Security-SPP,Application,0,0,DESKTOP-5A3QN5S,16,,,,,,,,,,,,False,C:\Users\VM\Desktop\Application.evtx,0x80000000000000,0,"{""EventData"":{""Data"":""Windows(R) UL oem License (Public), 5280ca98-6681-4c66-9e2f-0337f5d0c795"",""Binary"":""""}}"
1810,1810,2025-07-29 07:20:33.9605762,1004,Info,Microsoft-Windows-Security-SPP,Application,0,0,DESKTOP-5A3QN5S,16,,,,,,,,,,,,False,C:\Users\VM\Desktop\Application.evtx,0x80000000000000,0,"{""EventData"":{""Data"":""Windows(R) UL oem License (Private), d3dd780e-4a5a-46ef-a71e-793a062e94f2"",""Binary"":""""}}"
1811,1811,2025-07-29 07:20:34.0195999,1004,Info,Microsoft-Windows-Security-SPP,Application,0,0,DESKTOP-5A3QN5S,16,,,,,,,,,,,,False,C:\Users\VM\Desktop\Application.evtx,0x80000000000000,0,"{""EventData"":{""Data"":""Windows(R) ServerRdsh Product PPD License, 7db3381a-b5d4-69e1-bf6e-0ff059134aa4"",""Binary"":""""}}"
1812,1812,2025-07-29 07:20:34.0700326,1004,Info,Microsoft-Windows-Security-SPP,Application,0,0,DESKTOP-5A3QN5S,16,,,,,,,,,,,,False,C:\Users\VM\Desktop\Application.evtx,0x80000000000000,0,"{""EventData"":{""Data"":""Windows(R) Publishing License (Public), edadff77-f333-435b-8007-79f1e093a393"",""Binary"":""""}}"
1813,1813,2025-07-29 07:20:34.0700326,1004,Info,Microsoft-Windows-Security-SPP,Application,0,0,DESKTOP-5A3QN5S,16,,,,,,,,,,,,False,C:\Users\VM\Desktop\Application.evtx,0x80000000000000,0,"{""EventData"":{""Data"":""Windows(R) Publishing License (Private), b8ecb7ad-a234-4ab6-b18e-0a798b65d6d4"",""Binary"":""""}}"
1814,1814,2025-07-29 07:20:34.1190328,1004,Info,Microsoft-Windows-Security-SPP,Application,0,0,DESKTOP-5A3QN5S,16,,,,,,,,,,,,False,C:\Users\VM\Desktop\Application.evtx,0x80000000000000,0,"{""EventData"":{""Data"":""Windows(R) UL oob License (Public), 5dcbf758-1251-4557-b336-a53687160b11"",""Binary"":""""}}"
1815,1815,2025-07-29 07:20:34.1190328,1004,Info,Microsoft-Windows-Security-SPP,Application,0,0,DESKTOP-5A3QN5S,16,,,,,,,,,,,,False,C:\Users\VM\Desktop\Application.evtx,0x80000000000000,0,"{""EventData"":{""Data"":""Windows(R) UL oob License (Private), de406681-842d-423a-a777-e1186930563e"",""Binary"":""""}}"
1816,1816,2025-07-29 07:20:34.1692645,1004,Info,Microsoft-Windows-Security-SPP,Application,0,0,DESKTOP-5A3QN5S,16,,,,,,,,,,,,False,C:\Users\VM\Desktop\Application.evtx,0x80000000000000,0,"{""EventData"":{""Data"":""Windows(R) UL phone License (Public), abc374d9-93ce-462d-b6ea-66096b91b8fa"",""Binary"":""""}}"
1817,1817,2025-07-29 07:20:34.1692645,1004,Info,Microsoft-Windows-Security-SPP,Application,0,0,DESKTOP-5A3QN5S,16,,,,,,,,,,,,False,C:\Users\VM\Desktop\Application.evtx,0x80000000000000,352,"{""EventData"":{""Data"":""Windows(R) UL phone License (Private), 208f41e2-b302-44c4-a363-37c8b11cd8d4"",""Binary"":""""}}"
1818,1818,2025-07-29 07:20:34.2182682,1004,Info,Microsoft-Windows-Security-SPP,Application,0,0,DESKTOP-5A3QN5S,16,,,,,,,,,,,,False,C:\Users\VM\Desktop\Application.evtx,0x80000000000000,0,"{""EventData"":{""Data"":""Windows(R) UL store License (Public), 73caf3f5-786b-4c75-aefa-fe61e725c908"",""Binary"":""""}}"
1819,1819,2025-07-29 07:20:34.2182682,1004,Info,Microsoft-Windows-Security-SPP,Application,0,0,DESKTOP-5A3QN5S,16,,,,,,,,,,,,False,C:\Users\VM\Desktop\Application.evtx,0x80000000000000,0,"{""EventData"":{""Data"":""Windows(R) UL store License (Private), 245abe72-df76-4e54-b2a0-141c184b8724"",""Binary"":""""}}"
1820,1820,2025-07-29 07:20:34.2797780,1004,Info,Microsoft-Windows-Security-SPP,Application,0,0,DESKTOP-5A3QN5S,16,,,,,,,,,,,,False,C:\Users\VM\Desktop\Application.evtx,0x80000000000000,344,"{""EventData"":{""Data"":""Windows(R) UL oob License (Public), 2b61270d-7405-412d-a5de-040230b1502e"",""Binary"":""""}}"
1821,1821,2025-07-29 07:20:34.2797780,1004,Info,Microsoft-Windows-Security-SPP,Application,0,0,DESKTOP-5A3QN5S,16,,,,,,,,,,,,False,C:\Users\VM\Desktop\Application.evtx,0x80000000000000,0,"{""EventData"":{""Data"":""Windows(R) UL oob License (Private), c935177b-361f-41fc-adf4-8a0692570977"",""Binary"":""""}}"
1822,1822,2025-07-29 07:20:34.3296508,1004,Info,Microsoft-Windows-Security-SPP,Application,0,0,DESKTOP-5A3QN5S,16,,,,,,,,,,,,False,C:\Users\VM\Desktop\Application.evtx,0x80000000000000,352,"{""EventData"":{""Data"":""Windows(R) UL volume License (Public), 16f37125-f9b8-4a44-a128-5f021b6e6f36"",""Binary"":""""}}"
1823,1823,2025-07-29 07:20:34.3296508,1004,Info,Microsoft-Windows-Security-SPP,Application,0,0,DESKTOP-5A3QN5S,16,,,,,,,,,,,,False,C:\Users\VM\Desktop\Application.evtx,0x80000000000000,0,"{""EventData"":{""Data"":""Windows(R) UL volume License (Private), eab8c30f-9c03-46db-8783-edcce7927a5a"",""Binary"":""""}}"
1824,1824,2025-07-29 07:20:34.3917821,1004,Info,Microsoft-Windows-Security-SPP,Application,0,0,DESKTOP-5A3QN5S,16,,,,,,,,,,,,False,C:\Users\VM\Desktop\Application.evtx,0x80000000000000,0,"{""EventData"":{""Data"":""Windows(R) UL oob License (Public), e8b0b47a-c4b6-4711-8e65-89a5cdbf7294"",""Binary"":""""}}"
1825,1825,2025-07-29 07:20:34.3917821,1004,Info,Microsoft-Windows-Security-SPP,Application,0,0,DESKTOP-5A3QN5S,16,,,,,,,,,,,,False,C:\Users\VM\Desktop\Application.evtx,0x80000000000000,0,"{""EventData"":{""Data"":""Windows(R) UL oob License (Private), abb76eb8-03ae-49a3-83c7-a09312b200ad"",""Binary"":""""}}"
1826,1826,2025-07-29 07:20:34.4288778,1004,Info,Microsoft-Windows-Security-SPP,Application,0,0,DESKTOP-5A3QN5S,16,,,,,,,,,,,,False,C:\Users\VM\Desktop\Application.evtx,0x80000000000000,0,"{""EventData"":{""Data"":""Windows(R) UL volume License (Public), 47b94c52-bece-44ac-bd68-5577e08b5573"",""Binary"":""""}}"
1827,1827,2025-07-29 07:20:34.4410300,1004,Info,Microsoft-Windows-Security-SPP,Application,0,0,DESKTOP-5A3QN5S,16,,,,,,,,,,,,False,C:\Users\VM\Desktop\Application.evtx,0x80000000000000,0,"{""EventData"":{""Data"":""Windows(R) UL volume License (Private), f5522157-2168-44f3-8ea1-53ecdeefc7d6"",""Binary"":""""}}"
1828,1828,2025-07-29 07:20:34.4783739,1004,Info,Microsoft-Windows-Security-SPP,Application,0,0,DESKTOP-5A3QN5S,16,,,,,,,,,,,,False,C:\Users\VM\Desktop\Application.evtx,0x80000000000000,0,"{""EventData"":{""Data"":""Windows(R) Publishing License (Public), 1f80d3f6-4a12-4660-99df-025d469787d4"",""Binary"":""""}}"
1829,1829,2025-07-29 07:20:34.4783739,1004,Info,Microsoft-Windows-Security-SPP,Application,0,0,DESKTOP-5A3QN5S,16,,,,,,,,,,,,False,C:\Users\VM\Desktop\Application.evtx,0x80000000000000,0,"{""EventData"":{""Data"":""Windows(R) Publishing License (Private), 205cdabe-f896-4214-80a2-9e8deb09c9b7"",""Binary"":""""}}"
1830,1830,2025-07-29 07:20:34.5282051,1004,Info,Microsoft-Windows-Security-SPP,Application,0,0,DESKTOP-5A3QN5S,16,,,,,,,,,,,,False,C:\Users\VM\Desktop\Application.evtx,0x80000000000000,0,"{""EventData"":{""Data"":""Windows(R) UL oob License (Public), a7983e90-55bc-47b6-a0f5-280300bf7a8d"",""Binary"":""""}}"
1831,1831,2025-07-29 07:20:34.5282051,1004,Info,Microsoft-Windows-Security-SPP,Application,0,0,DESKTOP-5A3QN5S,16,,,,,,,,,,,,False,C:\Users\VM\Desktop\Application.evtx,0x80000000000000,0,"{""EventData"":{""Data"":""Windows(R) UL oob License (Private), 4a46aaeb-7007-4014-a640-eef838a8338e"",""Binary"":""""}}"
1832,1832,2025-07-29 07:20:34.5823606,1004,Info,Microsoft-Windows-Security-SPP,Application,0,0,DESKTOP-5A3QN5S,16,,,,,,,,,,,,False,C:\Users\VM\Desktop\Application.evtx,0x80000000000000,0,"{""EventData"":{""Data"":""Windows(R) UL phone License (Public), ece5541e-2762-4a90-b35c-d9393812d8b6"",""Binary"":""""}}"
1833,1833,2025-07-29 07:20:34.5823606,1004,Info,Microsoft-Windows-Security-SPP,Application,0,0,DESKTOP-5A3QN5S,16,,,,,,,,,,,,False,C:\Users\VM\Desktop\Application.evtx,0x80000000000000,0,"{""EventData"":{""Data"":""Windows(R) UL phone License (Private), dc9b416f-1e11-4998-824b-2d2679ef8b85"",""Binary"":""""}}"
1834,1834,2025-07-29 07:20:34.6154361,1004,Info,Microsoft-Windows-Security-SPP,Application,0,0,DESKTOP-5A3QN5S,16,,,,,,,,,,,,False,C:\Users\VM\Desktop\Application.evtx,0x80000000000000,0,"{""EventData"":{""Data"":""Windows(R) UL store License (Public), 6e4f8714-72ea-4c92-b5d2-70519dcfdf0a"",""Binary"":""""}}"
1835,1835,2025-07-29 07:20:34.6154361,1004,Info,Microsoft-Windows-Security-SPP,Application,0,0,DESKTOP-5A3QN5S,16,,,,,,,,,,,,False,C:\Users\VM\Desktop\Application.evtx,0x80000000000000,0,"{""EventData"":{""Data"":""Windows(R) UL store License (Private), c51b682e-f03a-4ef4-99ba-563ed82c454c"",""Binary"":""""}}"
1836,1836,2025-07-29 07:20:35.5575030,1034,Info,Microsoft-Windows-Security-SPP,Application,0,0,DESKTOP-5A3QN5S,16,,,,,,,,,,,,False,C:\Users\VM\Desktop\Application.evtx,0x80000000000000,0,"{""EventData"":{""Data"":""AAD-BlockAADWorkplaceJoin-Default, 100"",""Binary"":""""}}"
1837,1837,2025-07-29 07:20:35.6073906,1034,Info,Microsoft-Windows-Security-SPP,Application,0,0,DESKTOP-5A3QN5S,16,,,,,,,,,,,,False,C:\Users\VM\Desktop\Application.evtx,0x80000000000000,0,"{""EventData"":{""Data"":""AAD-BlockAADWorkplaceJoin-Default, 100"",""Binary"":""""}}"
1838,1838,2025-07-29 07:20:35.6446460,1034,Info,Microsoft-Windows-Security-SPP,Application,0,0,DESKTOP-5A3QN5S,16,,,,,,,,,,,,False,C:\Users\VM\Desktop\Application.evtx,0x80000000000000,0,"{""EventData"":{""Data"":""AAD-BlockAADWorkplaceJoin-Default, 100"",""Binary"":""""}}"
1839,1839,2025-07-29 07:20:35.6566146,1034,Info,Microsoft-Windows-Security-SPP,Application,0,0,DESKTOP-5A3QN5S,16,,,,,,,,,,,,False,C:\Users\VM\Desktop\Application.evtx,0x80000000000000,0,"{""EventData"":{""Data"":""AAD-BlockAADWorkplaceJoin-Default, 100"",""Binary"":""""}}"
1840,1840,2025-07-29 07:20:35.6566146,1034,Info,Microsoft-Windows-Security-SPP,Application,0,0,DESKTOP-5A3QN5S,16,,,,,,,,,,,,False,C:\Users\VM\Desktop\Application.evtx,0x80000000000000,0,"{""EventData"":{""Data"":""AAD-BlockAADWorkplaceJoin-Default, 100"",""Binary"":""""}}"
1841,1841,2025-07-29 07:20:35.6566146,1034,Info,Microsoft-Windows-Security-SPP,Application,0,0,DESKTOP-5A3QN5S,16,,,,,,,,,,,,False,C:\Users\VM\Desktop\Application.evtx,0x80000000000000,0,"{""EventData"":{""Data"":""AAD-BlockAADWorkplaceJoin-Default, 100"",""Binary"":""""}}"
1842,1842,2025-07-29 07:20:35.7688201,1034,Info,Microsoft-Windows-Security-SPP,Application,0,0,DESKTOP-5A3QN5S,16,,,,,,,,,,,,False,C:\Users\VM\Desktop\Application.evtx,0x80000000000000,0,"{""EventData"":{""Data"":""AAD-BlockAADWorkplaceJoin-Default, 100"",""Binary"":""""}}"
1843,1843,2025-07-29 07:20:35.8056831,1034,Info,Microsoft-Windows-Security-SPP,Application,0,0,DESKTOP-5A3QN5S,16,,,,,,,,,,,,False,C:\Users\VM\Desktop\Application.evtx,0x80000000000000,0,"{""EventData"":{""Data"":""AAD-BlockAADWorkplaceJoin-Default, 100"",""Binary"":""""}}"
1844,1844,2025-07-29 07:20:35.8182183,1034,Info,Microsoft-Windows-Security-SPP,Application,0,0,DESKTOP-5A3QN5S,16,,,,,,,,,,,,False,C:\Users\VM\Desktop\Application.evtx,0x80000000000000,0,"{""EventData"":{""Data"":""AAD-BlockAADWorkplaceJoin-Default, 100"",""Binary"":""""}}"
1845,1845,2025-07-29 07:20:35.8794554,1034,Info,Microsoft-Windows-Security-SPP,Application,0,0,DESKTOP-5A3QN5S,16,,,,,,,,,,,,False,C:\Users\VM\Desktop\Application.evtx,0x80000000000000,0,"{""EventData"":{""Data"":""AAD-BlockAADWorkplaceJoin-Default, 100"",""Binary"":""""}}"
1846,1846,2025-07-29 07:20:35.9138940,1034,Info,Microsoft-Windows-Security-SPP,Application,0,0,DESKTOP-5A3QN5S,16,,,,,,,,,,,,False,C:\Users\VM\Desktop\Application.evtx,0x80000000000000,0,"{""EventData"":{""Data"":""AAD-BlockAADWorkplaceJoin-Default, 100"",""Binary"":""""}}"
1847,1847,2025-07-29 07:20:35.9295263,1034,Info,Microsoft-Windows-Security-SPP,Application,0,0,DESKTOP-5A3QN5S,16,,,,,,,,,,,,False,C:\Users\VM\Desktop\Application.evtx,0x80000000000000,0,"{""EventData"":{""Data"":""AAD-BlockAADWorkplaceJoin-Default, 100"",""Binary"":""""}}"
1848,1848,2025-07-29 07:20:35.9295263,1034,Info,Microsoft-Windows-Security-SPP,Application,0,0,DESKTOP-5A3QN5S,16,,,,,,,,,,,,False,C:\Users\VM\Desktop\Application.evtx,0x80000000000000,0,"{""EventData"":{""Data"":""AAD-BlockAADWorkplaceJoin-Default, 100"",""Binary"":""""}}"
1849,1849,2025-07-29 07:20:35.9295263,1034,Info,Microsoft-Windows-Security-SPP,Application,0,0,DESKTOP-5A3QN5S,16,,,,,,,,,,,,False,C:\Users\VM\Desktop\Application.evtx,0x80000000000000,0,"{""EventData"":{""Data"":""AAD-BlockAADWorkplaceJoin-Default, 100"",""Binary"":""""}}"
1850,1850,2025-07-29 07:20:35.9295263,1034,Info,Microsoft-Windows-Security-SPP,Application,0,0,DESKTOP-5A3QN5S,16,,,,,,,,,,,,False,C:\Users\VM\Desktop\Application.evtx,0x80000000000000,0,"{""EventData"":{""Data"":""AAD-BlockAADWorkplaceJoin-Default, 100"",""Binary"":""""}}"
1851,1851,2025-07-29 07:20:35.9295263,1034,Info,Microsoft-Windows-Security-SPP,Application,0,0,DESKTOP-5A3QN5S,16,,,,,,,,,,,,False,C:\Users\VM\Desktop\Application.evtx,0x80000000000000,0,"{""EventData"":{""Data"":""AAD-BlockAADWorkplaceJoin-Default, 100"",""Binary"":""""}}"
1852,1852,2025-07-29 07:20:35.9295263,1034,Info,Microsoft-Windows-Security-SPP,Application,0,0,DESKTOP-5A3QN5S,16,,,,,,,,,,,,False,C:\Users\VM\Desktop\Application.evtx,0x80000000000000,0,"{""EventData"":{""Data"":""AAD-BlockAADWorkplaceJoin-Default, 100"",""Binary"":""""}}"
1853,1853,2025-07-29 07:20:35.9295263,1034,Info,Microsoft-Windows-Security-SPP,Application,0,0,DESKTOP-5A3QN5S,16,,,,,,,,,,,,False,C:\Users\VM\Desktop\Application.evtx,0x80000000000000,0,"{""EventData"":{""Data"":""AAD-BlockAADWorkplaceJoin-Default, 100"",""Binary"":""""}}"
1854,1854,2025-07-29 07:20:35.9295263,1034,Info,Microsoft-Windows-Security-SPP,Application,0,0,DESKTOP-5A3QN5S,16,,,,,,,,,,,,False,C:\Users\VM\Desktop\Application.evtx,0x80000000000000,0,"{""EventData"":{""Data"":""AAD-BlockAADWorkplaceJoin-Default, 100"",""Binary"":""""}}"
1855,1855,2025-07-29 07:20:35.9295263,1034,Info,Microsoft-Windows-Security-SPP,Application,0,0,DESKTOP-5A3QN5S,16,,,,,,,,,,,,False,C:\Users\VM\Desktop\Application.evtx,0x80000000000000,0,"{""EventData"":{""Data"":""AAD-BlockAADWorkplaceJoin-Default, 100"",""Binary"":""""}}"
1856,1856,2025-07-29 07:20:35.9295263,1034,Info,Microsoft-Windows-Security-SPP,Application,0,0,DESKTOP-5A3QN5S,16,,,,,,,,,,,,False,C:\Users\VM\Desktop\Application.evtx,0x80000000000000,0,"{""EventData"":{""Data"":""AAD-BlockAADWorkplaceJoin-Default, 100"",""Binary"":""""}}"
1857,1857,2025-07-29 07:20:35.9295263,1034,Info,Microsoft-Windows-Security-SPP,Application,0,0,DESKTOP-5A3QN5S,16,,,,,,,,,,,,False,C:\Users\VM\Desktop\Application.evtx,0x80000000000000,0,"{""EventData"":{""Data"":""Security-SPP-WriteWauMarker, 500"",""Binary"":""""}}"
