163,163,2025-07-29 04:52:28.2332426,1004,Info,Microsoft-Windows-Security-SPP,Application,0,0,WIN-N0IRN1T9IF6,0,,,,,,,,,,,,False,C:\Users\VM\Desktop\Application.evtx,0x80000000000000,0,"{""EventData"":{""Data"":""DefaultPpd-IoTEnterprise Component PPD License, f9366c35-43d5-c5ff-dbc6-549f4601ced2"",""Binary"":""""}}"
164,164,2025-07-29 04:52:28.2417949,1004,Info,Microsoft-Windows-Security-SPP,Application,0,0,WIN-N0IRN1T9IF6,0,,,,,,,,,,,,False,C:\Users\VM\Desktop\Application.evtx,0x80000000000000,0,"{""EventData"":{""Data"":""Windows(R) Publishing License (Public), 14f46bb5-b5c4-41ac-a45d-61a82808d80a"",""Binary"":""""}}"
165,165,2025-07-29 04:52:28.2417949,1004,Info,Microsoft-Windows-Security-SPP,Application,0,0,WIN-N0IRN1T9IF6,0,,,,,,,,,,,,False,C:\Users\VM\Desktop\Application.evtx,0x80000000000000,0,"{""EventData"":{""Data"":""Windows(R) Publishing License (Private), b825cf00-1a52-4b25-949b-a8fb57f551d7"",""Binary"":""""}}"
166,166,2025-07-29 04:52:28.2549000,1004,Info,Microsoft-Windows-Security-SPP,Application,0,0,WIN-N0IRN1T9IF6,0,,,,,,,,,,,,False,C:\Users\VM\Desktop\Application.evtx,0x80000000000000,0,"{""EventData"":{""Data"":""Windows(R) UL oob License (Public), 5163df89-f7b7-4a2c-a70f-4752541ac942"",""Binary"":""""}}"
167,167,2025-07-29 04:52:28.2549000,1004,Info,Microsoft-Windows-Security-SPP,Application,0,0,WIN-N0IRN1T9IF6,0,,,,,,,,,,,,False,C:\Users\VM\Desktop\Application.evtx,0x80000000000000,0,"{""EventData"":{""Data"":""Windows(R) UL oob License (Private), 6d08bba3-e2d5-4221-8f66-c575175a7966"",""Binary"":""""}}"
168,168,2025-07-29 04:52:28.2549000,1004,Info,Microsoft-Windows-Security-SPP,Application,0,0,WIN-N0IRN1T9IF6,0,,,,,,,,,,,,False,C:\Users\VM\Desktop\Application.evtx,0x80000000000000,0,"{""EventData"":{""Data"":""Windows(R) UL phone License (Public), 7b9a22d3-e060-44c3-a82e-9b4e6a958e5f"",""Binary"":""""}}"
169,169,2025-07-29 04:52:28.2549000,1004,Info,Microsoft-Windows-Security-SPP,Application,0,0,WIN-N0IRN1T9IF6,0,,,,,,,,,,,,False,C:\Users\VM\Desktop\Application.evtx,0x80000000000000,0,"{""EventData"":{""Data"":""Windows(R) UL phone License (Private), 516db3a5-a212-4580-b2d2-b242043afd43"",""Binary"":""""}}"
170,170,2025-07-29 04:52:28.2858248,1004,Info,Microsoft-Windows-Security-SPP,Application,0,0,WIN-N0IRN1T9IF6,0,,,,,,,,,,,,False,C:\Users\VM\Desktop\Application.evtx,0x80000000000000,0,"{""EventData"":{""Data"":""Windows(R) UL store License (Public), 990cde33-ef0d-4cac-9578-685ba034c60d"",""Binary"":""""}}"
171,171,2025-07-29 04:52:28.2858248,1004,Info,Microsoft-Windows-Security-SPP,Application,0,0,WIN-N0IRN1T9IF6,0,,,,,,,,,,,,False,C:\Users\VM\Desktop\Application.evtx,0x80000000000000,0,"{""EventData"":{""Data"":""Windows(R) UL store License (Private), b18f661e-b834-40f4-84f5-dda45ef23dfa"",""Binary"":""""}}"
172,172,2025-07-29 04:52:28.2858248,1004,Info,Microsoft-Windows-Security-SPP,Application,0,0,WIN-N0IRN1T9IF6,1,,,,,,,,,,,,False,C:\Users\VM\Desktop\Application.evtx,0x80000000000000,0,"{""EventData"":{""Data"":""Windows(R) Publishing License (Public), 7d158c71-80ab-4806-838e-3d8e039b4992"",""Binary"":""""}}"
173,173,2025-07-29 04:52:28.2858248,1004,Info,Microsoft-Windows-Security-SPP,Application,0,0,WIN-N0IRN1T9IF6,1,,,,,,,,,,,,False,C:\Users\VM\Desktop\Application.evtx,0x80000000000000,0,"{""EventData"":{""Data"":""Windows(R) Publishing License (Private), 06e0045d-2661-4eff-ad10-061d056015ee"",""Binary"":""""}}"
174,174,2025-07-29 04:52:28.2858248,1004,Info,Microsoft-Windows-Security-SPP,Application,0,0,WIN-N0IRN1T9IF6,1,,,,,,,,,,,,False,C:\Users\VM\Desktop\Application.evtx,0x80000000000000,0,"{""EventData"":{""Data"":""Windows(R) UL oob License (Public), f05608d1-dfa7-4fdb-b387-cd0ed3875e8e"",""Binary"":""""}}"
175,175,2025-07-29 04:52:28.2858248,1004,Info,Microsoft-Windows-Security-SPP,Application,0,0,WIN-N0IRN1T9IF6,1,,,,,,,,,,,,False,C:\Users\VM\Desktop\Application.evtx,0x80000000000000,0,"{""EventData"":{""Data"":""Windows(R) UL oob License (Private), bab06fe5-a016-4ef5-a87f-4dc900d42be8"",""Binary"":""""}}"
176,176,2025-07-29 04:52:28.2858248,1004,Info,Microsoft-Windows-Security-SPP,Application,0,0,WIN-N0IRN1T9IF6,1,,,,,,,,,,,,False,C:\Users\VM\Desktop\Application.evtx,0x80000000000000,0,"{""EventData"":{""Data"":""Windows(R) UL phone License (Public), 373e756d-e001-4b9f-aa3b-c9fa1b293016"",""Binary"":""""}}"
177,177,2025-07-29 04:52:28.2858248,1004,Info,Microsoft-Windows-Security-SPP,Application,0,0,WIN-N0IRN1T9IF6,1,,,,,,,,,,,,False,C:\Users\VM\Desktop\Application.evtx,0x80000000000000,0,"{""EventData"":{""Data"":""Windows(R) UL phone License (Private), 97c3ccec-9d5b-491b-b747-f1bde165aa5c"",""Binary"":""""}}"
178,178,2025-07-29 04:52:28.2858248,1004,Info,Microsoft-Windows-Security-SPP,Application,0,0,WIN-N0IRN1T9IF6,1,,,,,,,,,,,,False,C:\Users\VM\Desktop\Application.evtx,0x80000000000000,0,"{""EventData"":{""Data"":""Windows(R) UL store License (Public), 37ef8d4b-bcff-4f03-9da3-0716fcedb5f3"",""Binary"":""""}}"
179,179,2025-07-29 04:52:28.2858248,1004,Info,Microsoft-Windows-Security-SPP,Application,0,0,WIN-N0IRN1T9IF6,1,,,,,,,,,,,,False,C:\Users\VM\Desktop\Application.evtx,0x80000000000000,0,"{""EventData"":{""Data"":""Windows(R) UL store License (Private), 58e12023-01f3-4cac-881d-d77138ea9603"",""Binary"":""""}}"
180,180,2025-07-29 04:52:28.2858248,1004,Info,Microsoft-Windows-Security-SPP,Application,0,0,WIN-N0IRN1T9IF6,1,,,,,,,,,,,,False,C:\Users\VM\Desktop\Application.evtx,0x80000000000000,0,"{""EventData"":{""Data"":""Windows(R) IoTEnterprise Product PPD License, 051f5c26-ebff-4231-1e7d-0c61f1fba334"",""Binary"":""""}}"
181,181,2025-07-29 04:52:28.2858248,1004,Info,Microsoft-Windows-Security-SPP,Application,0,0,WIN-N0IRN1T9IF6,1,,,,,,,,,,,,False,C:\Users\VM\Desktop\Application.evtx,0x80000000000000,0,"{""EventData"":{""Data"":""DefaultPpd-Professional Component PPD License, 45860a13-33c6-fe65-5493-dcbd75679908"",""Binary"":""""}}"
182,182,2025-07-29 04:52:28.3519307,1004,Info,Microsoft-Windows-Security-SPP,Application,0,0,WIN-N0IRN1T9IF6,1,,,,,,,,,,,,False,C:\Users\VM\Desktop\Application.evtx,0x80000000000000,0,"{""EventData"":{""Data"":""Windows(R) Publishing License (Public), d4826319-01cb-4752-af6e-4453d589812f"",""Binary"":""""}}"
183,183,2025-07-29 04:52:28.3519307,1004,Info,Microsoft-Windows-Security-SPP,Application,0,0,WIN-N0IRN1T9IF6,1,,,,,,,,,,,,False,C:\Users\VM\Desktop\Application.evtx,0x80000000000000,0,"{""EventData"":{""Data"":""Windows(R) Publishing License (Private), c740d94d-c352-4287-aff3-7dec20b70f25"",""Binary"":""""}}"
184,184,2025-07-29 04:52:28.3519307,1004,Info,Microsoft-Windows-Security-SPP,Application,0,0,WIN-N0IRN1T9IF6,1,,,,,,,,,,,,False,C:\Users\VM\Desktop\Application.evtx,0x80000000000000,0,"{""EventData"":{""Data"":""Windows(R) UL oob License (Public), 15c936b0-dc3d-4456-aec3-dded2e686427"",""Binary"":""""}}"
185,185,2025-07-29 04:52:28.3519307,1004,Info,Microsoft-Windows-Security-SPP,Application,0,0,WIN-N0IRN1T9IF6,1,,,,,,,,,,,,False,C:\Users\VM\Desktop\Application.evtx,0x80000000000000,0,"{""EventData"":{""Data"":""Windows(R) UL oob License (Private), be12af82-b280-475d-b38c-29db9df33391"",""Binary"":""""}}"
186,186,2025-07-29 04:52:28.3519307,1004,Info,Microsoft-Windows-Security-SPP,Application,0,0,WIN-N0IRN1T9IF6,1,,,,,,,,,,,,False,C:\Users\VM\Desktop\Application.evtx,0x80000000000000,0,"{""EventData"":{""Data"":""Windows(R) UL phone License (Public), 2b84bc6e-e023-4674-a76a-0c4d4b0a77d2"",""Binary"":""""}}"
187,187,2025-07-29 04:52:28.3519307,1004,Info,Microsoft-Windows-Security-SPP,Application,0,0,WIN-N0IRN1T9IF6,1,,,,,,,,,,,,False,C:\Users\VM\Desktop\Application.evtx,0x80000000000000,0,"{""EventData"":{""Data"":""Windows(R) UL phone License (Private), 5ac74cec-08a9-41d5-9c82-7d8bd8d27bc1"",""Binary"":""""}}"
188,188,2025-07-29 04:52:28.3857490,1004,Info,Microsoft-Windows-Security-SPP,Application,0,0,WIN-N0IRN1T9IF6,1,,,,,,,,,,,,False,C:\Users\VM\Desktop\Application.evtx,0x80000000000000,0,"{""EventData"":{""Data"":""Windows(R) UL store License (Public), f129ae1b-c7b6-458a-b9c7-b1bf4a73da84"",""Binary"":""""}}"
189,189,2025-07-29 04:52:28.3857490,1004,Info,Microsoft-Windows-Security-SPP,Application,0,0,WIN-N0IRN1T9IF6,1,,,,,,,,,,,,False,C:\Users\VM\Desktop\Application.evtx,0x80000000000000,0,"{""EventData"":{""Data"":""Windows(R) UL store License (Private), 5a90e1a6-bd1c-4754-95ed-a0025bbb7e26"",""Binary"":""""}}"
190,190,2025-07-29 04:52:28.4000417,1004,Info,Microsoft-Windows-Security-SPP,Application,0,0,WIN-N0IRN1T9IF6,1,,,,,,,,,,,,False,C:\Users\VM\Desktop\Application.evtx,0x80000000000000,0,"{""EventData"":{""Data"":""Windows(R) Publishing License (Public), 9616da30-406e-4b59-80b3-702b77991715"",""Binary"":""""}}"
191,191,2025-07-29 04:52:28.4086272,1004,Info,Microsoft-Windows-Security-SPP,Application,0,0,WIN-N0IRN1T9IF6,1,,,,,,,,,,,,False,C:\Users\VM\Desktop\Application.evtx,0x80000000000000,0,"{""EventData"":{""Data"":""Windows(R) Publishing License (Private), 11e889be-2ad2-4ced-9fde-4f8b3aefc3ee"",""Binary"":""""}}"
192,192,2025-07-29 04:52:28.4109668,1004,Info,Microsoft-Windows-Security-SPP,Application,0,0,WIN-N0IRN1T9IF6,1,,,,,,,,,,,,False,C:\Users\VM\Desktop\Application.evtx,0x80000000000000,0,"{""EventData"":{""Data"":""Windows(R) UL oob License (Public), a5b3f9ba-802b-4de7-a154-9000a60d2675"",""Binary"":""""}}"
193,193,2025-07-29 04:52:28.4109668,1004,Info,Microsoft-Windows-Security-SPP,Application,0,0,WIN-N0IRN1T9IF6,1,,,,,,,,,,,,False,C:\Users\VM\Desktop\Application.evtx,0x80000000000000,0,"{""EventData"":{""Data"":""Windows(R) UL oob License (Private), 6f0a628b-fb29-4549-b409-4a93fa5e70d8"",""Binary"":""""}}"
194,194,2025-07-29 04:52:28.4309892,1004,Info,Microsoft-Windows-Security-SPP,Application,0,0,WIN-N0IRN1T9IF6,1,,,,,,,,,,,,False,C:\Users\VM\Desktop\Application.evtx,0x80000000000000,0,"{""EventData"":{""Data"":""Windows(R) UL phone License (Public), 0fcd3edc-7c59-4112-992f-e9f3bc1efbe1"",""Binary"":""""}}"
195,195,2025-07-29 04:52:28.4309892,1004,Info,Microsoft-Windows-Security-SPP,Application,0,0,WIN-N0IRN1T9IF6,1,,,,,,,,,,,,False,C:\Users\VM\Desktop\Application.evtx,0x80000000000000,0,"{""EventData"":{""Data"":""Windows(R) UL phone License (Private), edb41482-7614-483a-927a-a5dcfd9af103"",""Binary"":""""}}"
196,196,2025-07-29 04:52:28.4481172,1004,Info,Microsoft-Windows-Security-SPP,Application,0,0,WIN-N0IRN1T9IF6,1,,,,,,,,,,,,False,C:\Users\VM\Desktop\Application.evtx,0x80000000000000,0,"{""EventData"":{""Data"":""Windows(R) UL store License (Public), 5e3ec5db-dc6e-4c5a-937d-7054496acae8"",""Binary"":""""}}"
197,197,2025-07-29 04:52:28.4481172,1004,Info,Microsoft-Windows-Security-SPP,Application,0,0,WIN-N0IRN1T9IF6,1,,,,,,,,,,,,False,C:\Users\VM\Desktop\Application.evtx,0x80000000000000,0,"{""EventData"":{""Data"":""Windows(R) UL store License (Private), 695ff1af-774b-4e40-8be6-f24d80f594e8"",""Binary"":""""}}"
198,198,2025-07-29 04:52:28.4576552,1004,Info,Microsoft-Windows-Security-SPP,Application,0,0,WIN-N0IRN1T9IF6,1,,,,,,,,,,,,False,C:\Users\VM\Desktop\Application.evtx,0x80000000000000,0,"{""EventData"":{""Data"":""Windows(R) Publishing License (Public), 01ae0877-240a-45f2-8597-3c011ef023fd"",""Binary"":""""}}"
199,199,2025-07-29 04:52:28.4576552,1004,Info,Microsoft-Windows-Security-SPP,Application,0,0,WIN-N0IRN1T9IF6,1,,,,,,,,,,,,False,C:\Users\VM\Desktop\Application.evtx,0x80000000000000,0,"{""EventData"":{""Data"":""Windows(R) Publishing License (Private), c8de84c6-0437-4021-aab9-e1b7684c1ba6"",""Binary"":""""}}"
200,200,2025-07-29 04:52:28.4576552,1004,Info,Microsoft-Windows-Security-SPP,Application,0,0,WIN-N0IRN1T9IF6,1,,,,,,,,,,,,False,C:\Users\VM\Desktop\Application.evtx,0x80000000000000,0,"{""EventData"":{""Data"":""Windows(R) UL oob License (Public), da228fce-f6ea-450f-a819-3ab320eb0f2a"",""Binary"":""""}}"
201,201,2025-07-29 04:52:28.4576552,1004,Info,Microsoft-Windows-Security-SPP,Application,0,0,WIN-N0IRN1T9IF6,1,,,,,,,,,,,,False,C:\Users\VM\Desktop\Application.evtx,0x80000000000000,0,"{""EventData"":{""Data"":""Windows(R) UL oob License (Private), 2d11dd12-f496-4ed1-82e2-41726428b644"",""Binary"":""""}}"
202,202,2025-07-29 04:52:28.4887369,1004,Info,Microsoft-Windows-Security-SPP,Application,0,0,WIN-N0IRN1T9IF6,1,,,,,,,,,,,,False,C:\Users\VM\Desktop\Application.evtx,0x80000000000000,0,"{""EventData"":{""Data"":""Windows(R) UL phone License (Public), 06b7e1ef-1316-40ef-b6f5-6a8befa95347"",""Binary"":""""}}"
203,203,2025-07-29 04:52:28.4887369,1004,Info,Microsoft-Windows-Security-SPP,Application,0,0,WIN-N0IRN1T9IF6,1,,,,,,,,,,,,False,C:\Users\VM\Desktop\Application.evtx,0x80000000000000,0,"{""EventData"":{""Data"":""Windows(R) UL phone License (Private), e070fb96-e1b1-4514-9416-954d2a492dca"",""Binary"":""""}}"
204,204,2025-07-29 04:52:28.4887369,1004,Info,Microsoft-Windows-Security-SPP,Application,0,0,WIN-N0IRN1T9IF6,1,,,,,,,,,,,,False,C:\Users\VM\Desktop\Application.evtx,0x80000000000000,0,"{""EventData"":{""Data"":""Windows(R) UL store License (Public), 6a7be531-4aa1-47c5-8d82-efc950f3df9e"",""Binary"":""""}}"
205,205,2025-07-29 04:52:28.4887369,1004,Info,Microsoft-Windows-Security-SPP,Application,0,0,WIN-N0IRN1T9IF6,1,,,,,,,,,,,,False,C:\Users\VM\Desktop\Application.evtx,0x80000000000000,0,"{""EventData"":{""Data"":""Windows(R) UL store License (Private), 9ff0f469-17b4-43d1-a1c6-8fefbb92dc95"",""Binary"":""""}}"
206,206,2025-07-29 04:52:28.5064728,1004,Info,Microsoft-Windows-Security-SPP,Application,0,0,WIN-N0IRN1T9IF6,1,,,,,,,,,,,,False,C:\Users\VM\Desktop\Application.evtx,0x80000000000000,0,"{""EventData"":{""Data"":""Windows(R) Publishing License (Public), adb51e5b-3b3d-4d05-afae-65db329bb607"",""Binary"":""""}}"
207,207,2025-07-29 04:52:28.5064728,1004,Info,Microsoft-Windows-Security-SPP,Application,0,0,WIN-N0IRN1T9IF6,1,,,,,,,,,,,,False,C:\Users\VM\Desktop\Application.evtx,0x80000000000000,0,"{""EventData"":{""Data"":""Windows(R) Publishing License (Private), cf109746-6c74-41c3-9490-2123d20a88d8"",""Binary"":""""}}"
208,208,2025-07-29 04:52:28.5064728,1004,Info,Microsoft-Windows-Security-SPP,Application,0,0,WIN-N0IRN1T9IF6,1,,,,,,,,,,,,False,C:\Users\VM\Desktop\Application.evtx,0x80000000000000,0,"{""EventData"":{""Data"":""Windows(R) UL oob License (Public), 475c04d5-9e38-4411-8db7-48c34180bf4e"",""Binary"":""""}}"
209,209,2025-07-29 04:52:28.5064728,1004,Info,Microsoft-Windows-Security-SPP,Application,0,0,WIN-N0IRN1T9IF6,1,,,,,,,,,,,,False,C:\Users\VM\Desktop\Application.evtx,0x80000000000000,0,"{""EventData"":{""Data"":""Windows(R) UL oob License (Private), 00f2cd9f-ff19-41ec-b54a-cafade71340d"",""Binary"":""""}}"
210,210,2025-07-29 04:52:28.5396141,1004,Info,Microsoft-Windows-Security-SPP,Application,0,0,WIN-N0IRN1T9IF6,1,,,,,,,,,,,,False,C:\Users\VM\Desktop\Application.evtx,0x80000000000000,0,"{""EventData"":{""Data"":""Windows(R) UL phone License (Public), 7996890a-b2af-4633-b2cd-64f72b89b8f4"",""Binary"":""""}}"
211,211,2025-07-29 04:52:28.5396141,1004,Info,Microsoft-Windows-Security-SPP,Application,0,0,WIN-N0IRN1T9IF6,1,,,,,,,,,,,,False,C:\Users\VM\Desktop\Application.evtx,0x80000000000000,0,"{""EventData"":{""Data"":""Windows(R) UL phone License (Private), 5d1cc35f-060b-480b-a075-07ca1ce64ee1"",""Binary"":""""}}"
212,212,2025-07-29 04:52:28.5517948,1004,Info,Microsoft-Windows-Security-SPP,Application,0,0,WIN-N0IRN1T9IF6,1,,,,,,,,,,,,False,C:\Users\VM\Desktop\Application.evtx,0x80000000000000,0,"{""EventData"":{""Data"":""Windows(R) UL store License (Public), c03e8404-214e-4082-9e4e-72aea41dd4a8"",""Binary"":""""}}"
213,213,2025-07-29 04:52:28.5517948,1004,Info,Microsoft-Windows-Security-SPP,Application,0,0,WIN-N0IRN1T9IF6,1,,,,,,,,,,,,False,C:\Users\VM\Desktop\Application.evtx,0x80000000000000,0,"{""EventData"":{""Data"":""Windows(R) UL store License (Private), c6f3d8a8-9a94-4544-982c-2d15e9a602e0"",""Binary"":""""}}"
214,214,2025-07-29 04:52:28.5672606,1004,Info,Microsoft-Windows-Security-SPP,Application,0,0,WIN-N0IRN1T9IF6,1,,,,,,,,,,,,False,C:\Users\VM\Desktop\Application.evtx,0x80000000000000,0,"{""EventData"":{""Data"":""Windows(R) Publishing License (Public), 207b545f-0d67-4045-b9f2-b1317376b7d8"",""Binary"":""""}}"
215,215,2025-07-29 04:52:28.5672606,1004,Info,Microsoft-Windows-Security-SPP,Application,0,0,WIN-N0IRN1T9IF6,1,,,,,,,,,,,,False,C:\Users\VM\Desktop\Application.evtx,0x80000000000000,0,"{""EventData"":{""Data"":""Windows(R) Publishing License (Private), 29c5b240-c875-4393-bae7-5b4daac24afe"",""Binary"":""""}}"
216,216,2025-07-29 04:52:28.5827565,1004,Info,Microsoft-Windows-Security-SPP,Application,0,0,WIN-N0IRN1T9IF6,1,,,,,,,,,,,,False,C:\Users\VM\Desktop\Application.evtx,0x80000000000000,0,"{""EventData"":{""Data"":""Windows(R) UL oob License (Public), 9a12db8f-1ba8-4a8d-9de0-2bd7d300b9e8"",""Binary"":""""}}"
217,217,2025-07-29 04:52:28.5827565,1004,Info,Microsoft-Windows-Security-SPP,Application,0,0,WIN-N0IRN1T9IF6,1,,,,,,,,,,,,False,C:\Users\VM\Desktop\Application.evtx,0x80000000000000,0,"{""EventData"":{""Data"":""Windows(R) UL oob License (Private), ada2a128-b89e-4c94-9e1f-745a9701a1a8"",""Binary"":""""}}"
218,218,2025-07-29 04:52:28.5827565,1004,Info,Microsoft-Windows-Security-SPP,Application,0,0,WIN-N0IRN1T9IF6,1,,,,,,,,,,,,False,C:\Users\VM\Desktop\Application.evtx,0x80000000000000,0,"{""EventData"":{""Data"":""Windows(R) UL phone License (Public), c5ced966-db4a-496c-a8f6-60d43419941e"",""Binary"":""""}}"
219,219,2025-07-29 04:52:28.5827565,1004,Info,Microsoft-Windows-Security-SPP,Application,0,0,WIN-N0IRN1T9IF6,1,,,,,,,,,,,,False,C:\Users\VM\Desktop\Application.evtx,0x80000000000000,0,"{""EventData"":{""Data"":""Windows(R) UL phone License (Private), 58dd400e-6b3b-41dd-a04d-cb733b514204"",""Binary"":""""}}"
220,220,2025-07-29 04:52:28.6155590,1004,Info,Microsoft-Windows-Security-SPP,Application,0,0,WIN-N0IRN1T9IF6,1,,,,,,,,,,,,False,C:\Users\VM\Desktop\Application.evtx,0x80000000000000,0,"{""EventData"":{""Data"":""Windows(R) UL store License (Public), 4984e2ba-b453-49c8-89a2-e11c30e30d7e"",""Binary"":""""}}"
221,221,2025-07-29 04:52:28.6155590,1004,Info,Microsoft-Windows-Security-SPP,Application,0,0,WIN-N0IRN1T9IF6,1,,,,,,,,,,,,False,C:\Users\VM\Desktop\Application.evtx,0x80000000000000,0,"{""EventData"":{""Data"":""Windows(R) UL store License (Private), f8efbb17-af58-45cc-9adb-189b0d6c2763"",""Binary"":""""}}"
222,222,2025-07-29 04:52:28.6155590,1004,Info,Microsoft-Windows-Security-SPP,Application,0,0,WIN-N0IRN1T9IF6,1,,,,,,,,,,,,False,C:\Users\VM\Desktop\Application.evtx,0x80000000000000,0,"{""EventData"":{""Data"":""Windows(R) Publishing License (Public), 5306435d-f447-4ad4-9675-6638e84e107d"",""Binary"":""""}}"
223,223,2025-07-29 04:52:28.6155590,1004,Info,Microsoft-Windows-Security-SPP,Application,0,0,WIN-N0IRN1T9IF6,1,,,,,,,,,,,,False,C:\Users\VM\Desktop\Application.evtx,0x80000000000000,0,"{""EventData"":{""Data"":""Windows(R) Publishing License (Private), 1a57d1a7-445e-435f-b949-4046da6f1fcf"",""Binary"":""""}}"
224,224,2025-07-29 04:52:28.6357373,1004,Info,Microsoft-Windows-Security-SPP,Application,0,0,WIN-N0IRN1T9IF6,1,,,,,,,,,,,,False,C:\Users\VM\Desktop\Application.evtx,0x80000000000000,0,"{""EventData"":{""Data"":""Windows(R) UL oob License (Public), e9da513b-53c3-48f4-aee0-37d6dd381a22"",""Binary"":""""}}"
225,225,2025-07-29 04:52:28.6456154,1004,Info,Microsoft-Windows-Security-SPP,Application,0,0,WIN-N0IRN1T9IF6,1,,,,,,,,,,,,False,C:\Users\VM\Desktop\Application.evtx,0x80000000000000,0,"{""EventData"":{""Data"":""Windows(R) UL oob License (Private), 127b080b-1a21-49b3-befb-e33241ea1b9c"",""Binary"":""""}}"
226,226,2025-07-29 04:52:28.6456154,1004,Info,Microsoft-Windows-Security-SPP,Application,0,0,WIN-N0IRN1T9IF6,1,,,,,,,,,,,,False,C:\Users\VM\Desktop\Application.evtx,0x80000000000000,0,"{""EventData"":{""Data"":""Windows(R) UL phone License (Public), 52818cb4-c903-4dee-8ef9-ae144ca3bc3e"",""Binary"":""""}}"
227,227,2025-07-29 04:52:28.6456154,1004,Info,Microsoft-Windows-Security-SPP,Application,0,0,WIN-N0IRN1T9IF6,1,,,,,,,,,,,,False,C:\Users\VM\Desktop\Application.evtx,0x80000000000000,0,"{""EventData"":{""Data"":""Windows(R) UL phone License (Private), 53d8bcd8-3cb4-452b-8305-313025a732e2"",""Binary"":""""}}"
228,228,2025-07-29 04:52:28.6778310,1004,Info,Microsoft-Windows-Security-SPP,Application,0,0,WIN-N0IRN1T9IF6,1,,,,,,,,,,,,False,C:\Users\VM\Desktop\Application.evtx,0x80000000000000,0,"{""EventData"":{""Data"":""Windows(R) UL store License (Public), eced6318-2cb4-4de8-aaca-5cefcec3e298"",""Binary"":""""}}"
229,229,2025-07-29 04:52:28.6778310,1004,Info,Microsoft-Windows-Security-SPP,Application,0,0,WIN-N0IRN1T9IF6,1,,,,,,,,,,,,False,C:\Users\VM\Desktop\Application.evtx,0x80000000000000,0,"{""EventData"":{""Data"":""Windows(R) UL store License (Private), 84057e89-1370-43a0-b33c-8a2cca21bd85"",""Binary"":""""}}"
230,230,2025-07-29 04:52:28.6918366,1004,Info,Microsoft-Windows-Security-SPP,Application,0,0,WIN-N0IRN1T9IF6,1,,,,,,,,,,,,False,C:\Users\VM\Desktop\Application.evtx,0x80000000000000,0,"{""EventData"":{""Data"":""Windows(R) Publishing License (Public), f0bfa86e-a0a9-4955-ba71-7bbdfd9b1040"",""Binary"":""""}}"
231,231,2025-07-29 04:52:28.6918366,1004,Info,Microsoft-Windows-Security-SPP,Application,0,0,WIN-N0IRN1T9IF6,1,,,,,,,,,,,,False,C:\Users\VM\Desktop\Application.evtx,0x80000000000000,0,"{""EventData"":{""Data"":""Windows(R) Publishing License (Private), 98c0abb2-03bc-4c38-928f-723d06af609b"",""Binary"":""""}}"
232,232,2025-07-29 04:52:28.7082918,1004,Info,Microsoft-Windows-Security-SPP,Application,0,0,WIN-N0IRN1T9IF6,1,,,,,,,,,,,,False,C:\Users\VM\Desktop\Application.evtx,0x80000000000000,0,"{""EventData"":{""Data"":""Windows(R) UL oob License (Public), 0b05cf78-85d2-4161-aba8-e0431bfc4e19"",""Binary"":""""}}"
233,233,2025-07-29 04:52:28.7082918,1004,Info,Microsoft-Windows-Security-SPP,Application,0,0,WIN-N0IRN1T9IF6,1,,,,,,,,,,,,False,C:\Users\VM\Desktop\Application.evtx,0x80000000000000,0,"{""EventData"":{""Data"":""Windows(R) UL oob License (Private), 5c5b09c5-4c3a-4161-8f37-27e16bff908a"",""Binary"":""""}}"
234,234,2025-07-29 04:52:28.7248766,1004,Info,Microsoft-Windows-Security-SPP,Application,0,0,WIN-N0IRN1T9IF6,1,,,,,,,,,,,,False,C:\Users\VM\Desktop\Application.evtx,0x80000000000000,0,"{""EventData"":{""Data"":""Windows(R) UL phone License (Public), 080253f3-02fb-4e30-9869-5f0cebd56e23"",""Binary"":""""}}"
235,235,2025-07-29 04:52:28.7248766,1004,Info,Microsoft-Windows-Security-SPP,Application,0,0,WIN-N0IRN1T9IF6,1,,,,,,,,,,,,False,C:\Users\VM\Desktop\Application.evtx,0x80000000000000,0,"{""EventData"":{""Data"":""Windows(R) UL phone License (Private), 4aac9799-b112-4783-8645-7756039a1f16"",""Binary"":""""}}"
236,236,2025-07-29 04:52:28.7248766,1004,Info,Microsoft-Windows-Security-SPP,Application,0,0,WIN-N0IRN1T9IF6,1,,,,,,,,,,,,False,C:\Users\VM\Desktop\Application.evtx,0x80000000000000,0,"{""EventData"":{""Data"":""Windows(R) UL store License (Public), d01ecbe0-9878-47e2-97a5-dd87081ec52b"",""Binary"":""""}}"
237,237,2025-07-29 04:52:28.7248766,1004,Info,Microsoft-Windows-Security-SPP,Application,0,0,WIN-N0IRN1T9IF6,1,,,,,,,,,,,,False,C:\Users\VM\Desktop\Application.evtx,0x80000000000000,0,"{""EventData"":{""Data"":""Windows(R) UL store License (Private), 9d468ac6-025a-438c-b492-def9cf309a20"",""Binary"":""""}}"
238,238,2025-07-29 04:52:28.7595057,1004,Info,Microsoft-Windows-Security-SPP,Application,0,0,WIN-N0IRN1T9IF6,1,,,,,,,,,,,,False,C:\Users\VM\Desktop\Application.evtx,0x80000000000000,0,"{""EventData"":{""Data"":""Windows(R) Professional Product PPD License, 1c213638-585f-d000-58d4-b060de01653f"",""Binary"":""""}}"
239,239,2025-07-29 04:52:28.7595057,1004,Info,Microsoft-Windows-Security-SPP,Application,0,0,WIN-N0IRN1T9IF6,1,,,,,,,,,,,,False,C:\Users\VM\Desktop\Application.evtx,0x80000000000000,0,"{""EventData"":{""Data"":""Windows(R) Publishing License (Public), 8f8376a3-b486-4aca-87b4-2c0db564c5f2"",""Binary"":""""}}"
240,240,2025-07-29 04:52:28.7595057,1004,Info,Microsoft-Windows-Security-SPP,Application,0,0,WIN-N0IRN1T9IF6,1,,,,,,,,,,,,False,C:\Users\VM\Desktop\Application.evtx,0x80000000000000,0,"{""EventData"":{""Data"":""Windows(R) Publishing License (Private), fc6ba46d-5946-4da7-9dc5-91808f34c445"",""Binary"":""""}}"
241,241,2025-07-29 04:52:28.7860504,1004,Info,Microsoft-Windows-Security-SPP,Application,0,0,WIN-N0IRN1T9IF6,1,,,,,,,,,,,,False,C:\Users\VM\Desktop\Application.evtx,0x80000000000000,0,"{""EventData"":{""Data"":""Windows(R) UL oob License (Public), cabb119a-533d-4e52-8884-b43ba372bef9"",""Binary"":""""}}"
242,242,2025-07-29 04:52:28.7860504,1004,Info,Microsoft-Windows-Security-SPP,Application,0,0,WIN-N0IRN1T9IF6,1,,,,,,,,,,,,False,C:\Users\VM\Desktop\Application.evtx,0x80000000000000,0,"{""EventData"":{""Data"":""Windows(R) UL oob License (Private), a3b6fd68-8b4b-4626-8ad3-4c821b29b609"",""Binary"":""""}}"
243,243,2025-07-29 04:52:28.8024323,1004,Info,Microsoft-Windows-Security-SPP,Application,0,0,WIN-N0IRN1T9IF6,1,,,,,,,,,,,,False,C:\Users\VM\Desktop\Application.evtx,0x80000000000000,0,"{""EventData"":{""Data"":""Windows(R) UL phone License (Public), 45c0f825-43c9-4a40-a0f2-a657fc82f2fd"",""Binary"":""""}}"
244,244,2025-07-29 04:52:28.8024323,1004,Info,Microsoft-Windows-Security-SPP,Application,0,0,WIN-N0IRN1T9IF6,1,,,,,,,,,,,,False,C:\Users\VM\Desktop\Application.evtx,0x80000000000000,0,"{""EventData"":{""Data"":""Windows(R) UL phone License (Private), 9ed4c29c-a17a-4270-a594-74a59361a692"",""Binary"":""""}}"
245,245,2025-07-29 04:52:28.8168728,1004,Info,Microsoft-Windows-Security-SPP,Application,0,0,WIN-N0IRN1T9IF6,1,,,,,,,,,,,,False,C:\Users\VM\Desktop\Application.evtx,0x80000000000000,0,"{""EventData"":{""Data"":""Windows(R) UL store License (Public), 5281f3dd-45fc-4759-bf01-eb0cbe24e016"",""Binary"":""""}}"
246,246,2025-07-29 04:52:28.8329431,1004,Info,Microsoft-Windows-Security-SPP,Application,0,0,WIN-N0IRN1T9IF6,1,,,,,,,,,,,,False,C:\Users\VM\Desktop\Application.evtx,0x80000000000000,0,"{""EventData"":{""Data"":""Windows(R) UL store License (Private), b556a885-379c-4bfb-b79c-70f681d34cd1"",""Binary"":""""}}"
247,247,2025-07-29 04:52:28.8329431,1004,Info,Microsoft-Windows-Security-SPP,Application,0,0,WIN-N0IRN1T9IF6,1,,,,,,,,,,,,False,C:\Users\VM\Desktop\Application.evtx,0x80000000000000,0,"{""EventData"":{""Data"":""Windows(R) Publishing License (Public), cff56dec-28c5-4589-a13c-f23889530841"",""Binary"":""""}}"
248,248,2025-07-29 04:52:28.8329431,1004,Info,Microsoft-Windows-Security-SPP,Application,0,0,WIN-N0IRN1T9IF6,1,,,,,,,,,,,,False,C:\Users\VM\Desktop\Application.evtx,0x80000000000000,0,"{""EventData"":{""Data"":""Windows(R) Publishing License (Private), 03dfcd1d-02bc-47e5-89b2-1830b20f47e7"",""Binary"":""""}}"
249,249,2025-07-29 04:52:28.8525202,1004,Info,Microsoft-Windows-Security-SPP,Application,0,0,WIN-N0IRN1T9IF6,1,,,,,,,,,,,,False,C:\Users\VM\Desktop\Application.evtx,0x80000000000000,0,"{""EventData"":{""Data"":""Windows(R) UL oob License (Public), 2192b9b2-355e-4ca1-a78c-027d40157049"",""Binary"":""""}}"
250,250,2025-07-29 04:52:28.8525202,1004,Info,Microsoft-Windows-Security-SPP,Application,0,0,WIN-N0IRN1T9IF6,1,,,,,,,,,,,,False,C:\Users\VM\Desktop\Application.evtx,0x80000000000000,0,"{""EventData"":{""Data"":""Windows(R) UL oob License (Private), be7f2d18-5c15-4517-8bbb-6b94d6f9f2d3"",""Binary"":""""}}"
251,251,2025-07-29 04:52:28.8797278,1004,Info,Microsoft-Windows-Security-SPP,Application,0,0,WIN-N0IRN1T9IF6,1,,,,,,,,,,,,False,C:\Users\VM\Desktop\Application.evtx,0x80000000000000,0,"{""EventData"":{""Data"":""Windows(R) UL phone License (Public), 846e0774-4b7e-4b80-a513-fdafeb8d0f04"",""Binary"":""""}}"
252,252,2025-07-29 04:52:28.8797278,1004,Info,Microsoft-Windows-Security-SPP,Application,0,0,WIN-N0IRN1T9IF6,1,,,,,,,,,,,,False,C:\Users\VM\Desktop\Application.evtx,0x80000000000000,0,"{""EventData"":{""Data"":""Windows(R) UL phone License (Private), 8615e114-4061-4e2d-9421-be47753305aa"",""Binary"":""""}}"
253,253,2025-07-29 04:52:28.8965056,1004,Info,Microsoft-Windows-Security-SPP,Application,0,0,WIN-N0IRN1T9IF6,1,,,,,,,,,,,,False,C:\Users\VM\Desktop\Application.evtx,0x80000000000000,0,"{""EventData"":{""Data"":""Windows(R) UL store License (Public), 645a48e7-0c37-4981-ae34-e496b0952fee"",""Binary"":""""}}"
254,254,2025-07-29 04:52:28.8965056,1004,Info,Microsoft-Windows-Security-SPP,Application,0,0,WIN-N0IRN1T9IF6,1,,,,,,,,,,,,False,C:\Users\VM\Desktop\Application.evtx,0x80000000000000,0,"{""EventData"":{""Data"":""Windows(R) UL store License (Private), f65571ef-fb4e-4a91-994f-caec4dd5a6d4"",""Binary"":""""}}"
255,255,2025-07-29 04:52:28.9131599,1004,Info,Microsoft-Windows-Security-SPP,Application,0,0,WIN-N0IRN1T9IF6,1,,,,,,,,,,,,False,C:\Users\VM\Desktop\Application.evtx,0x80000000000000,0,"{""EventData"":{""Data"":""Windows(R) Publishing License (Public), 182e20d3-6fa2-43f7-822d-274e983d0263"",""Binary"":""""}}"
256,256,2025-07-29 04:52:28.9131599,1004,Info,Microsoft-Windows-Security-SPP,Application,0,0,WIN-N0IRN1T9IF6,1,,,,,,,,,,,,False,C:\Users\VM\Desktop\Application.evtx,0x80000000000000,0,"{""EventData"":{""Data"":""Windows(R) Publishing License (Private), e5401404-0580-4da9-964e-851be5a76705"",""Binary"":""""}}"
257,257,2025-07-29 04:52:28.9263185,1004,Info,Microsoft-Windows-Security-SPP,Application,0,0,WIN-N0IRN1T9IF6,1,,,,,,,,,,,,False,C:\Users\VM\Desktop\Application.evtx,0x80000000000000,0,"{""EventData"":{""Data"":""Windows(R) UL oob License (Public), 1c9044aa-97b8-4b13-b047-a9a498bcbb4a"",""Binary"":""""}}"
258,258,2025-07-29 04:52:28.9263185,1004,Info,Microsoft-Windows-Security-SPP,Application,0,0,WIN-N0IRN1T9IF6,1,,,,,,,,,,,,False,C:\Users\VM\Desktop\Application.evtx,0x80000000000000,0,"{""EventData"":{""Data"":""Windows(R) UL oob License (Private), 850f30e9-fbdb-43cc-b0d6-c17f58133827"",""Binary"":""""}}"
259,259,2025-07-29 04:52:28.9447863,1004,Info,Microsoft-Windows-Security-SPP,Application,0,0,WIN-N0IRN1T9IF6,1,,,,,,,,,,,,False,C:\Users\VM\Desktop\Application.evtx,0x80000000000000,0,"{""EventData"":{""Data"":""Windows(R) UL phone License (Public), eaba8417-9f80-41ff-9d18-dbb29f73fa7c"",""Binary"":""""}}"
260,260,2025-07-29 04:52:28.9447863,1004,Info,Microsoft-Windows-Security-SPP,Application,0,0,WIN-N0IRN1T9IF6,1,,,,,,,,,,,,False,C:\Users\VM\Desktop\Application.evtx,0x80000000000000,0,"{""EventData"":{""Data"":""Windows(R) UL phone License (Private), 118c1c61-d1e2-43ba-87e9-26a89cef3189"",""Binary"":""""}}"
261,261,2025-07-29 04:52:28.9733954,1004,Info,Microsoft-Windows-Security-SPP,Application,0,0,WIN-N0IRN1T9IF6,1,,,,,,,,,,,,False,C:\Users\VM\Desktop\Application.evtx,0x80000000000000,0,"{""EventData"":{""Data"":""Windows(R) UL store License (Public), 9ed5cf10-ee68-491e-83b2-ad41b64dd5f7"",""Binary"":""""}}"
262,262,2025-07-29 04:52:28.9733954,1004,Info,Microsoft-Windows-Security-SPP,Application,0,0,WIN-N0IRN1T9IF6,1,,,,,,,,,,,,False,C:\Users\VM\Desktop\Application.evtx,0x80000000000000,0,"{""EventData"":{""Data"":""Windows(R) UL store License (Private), ffa6bb82-2cf7-45c8-88b9-8b82336e5b43"",""Binary"":""""}}"
263,263,2025-07-29 04:52:28.9889749,1004,Info,Microsoft-Windows-Security-SPP,Application,0,0,WIN-N0IRN1T9IF6,1,,,,,,,,,,,,False,C:\Users\VM\Desktop\Application.evtx,0x80000000000000,0,"{""EventData"":{""Data"":""Windows(R) Publishing License (Public), 0013b972-1f7c-49b4-8981-6a6fb120d9c6"",""Binary"":""""}}"
264,264,2025-07-29 04:52:29.0065018,1004,Info,Microsoft-Windows-Security-SPP,Application,0,0,WIN-N0IRN1T9IF6,1,,,,,,,,,,,,False,C:\Users\VM\Desktop\Application.evtx,0x80000000000000,0,"{""EventData"":{""Data"":""Windows(R) Publishing License (Private), 8b6745f6-5e22-4906-86da-0aad659c0267"",""Binary"":""""}}"
265,265,2025-07-29 04:52:29.0065018,1004,Info,Microsoft-Windows-Security-SPP,Application,0,0,WIN-N0IRN1T9IF6,1,,,,,,,,,,,,False,C:\Users\VM\Desktop\Application.evtx,0x80000000000000,0,"{""EventData"":{""Data"":""Windows(R) UL oob License (Public), 498ac6cd-4447-4bec-a7da-5e46c6bdfc1e"",""Binary"":""""}}"
266,266,2025-07-29 04:52:29.0065018,1004,Info,Microsoft-Windows-Security-SPP,Application,0,0,WIN-N0IRN1T9IF6,1,,,,,,,,,,,,False,C:\Users\VM\Desktop\Application.evtx,0x80000000000000,0,"{""EventData"":{""Data"":""Windows(R) UL oob License (Private), 7f116a45-ab9b-48ca-8500-eb0bd4e902c5"",""Binary"":""""}}"
267,267,2025-07-29 04:52:29.0366707,1004,Info,Microsoft-Windows-Security-SPP,Application,0,0,WIN-N0IRN1T9IF6,1,,,,,,,,,,,,False,C:\Users\VM\Desktop\Application.evtx,0x80000000000000,0,"{""EventData"":{""Data"":""Windows(R) UL phone License (Public), c13dd240-744f-4afd-a046-7795ef74a514"",""Binary"":""""}}"
268,268,2025-07-29 04:52:29.0366707,1004,Info,Microsoft-Windows-Security-SPP,Application,0,0,WIN-N0IRN1T9IF6,1,,,,,,,,,,,,False,C:\Users\VM\Desktop\Application.evtx,0x80000000000000,0,"{""EventData"":{""Data"":""Windows(R) UL phone License (Private), 34b47ff7-73a5-404c-902c-834930a1338f"",""Binary"":""""}}"
269,269,2025-07-29 04:52:29.0669556,1004,Info,Microsoft-Windows-Security-SPP,Application,0,0,WIN-N0IRN1T9IF6,1,,,,,,,,,,,,False,C:\Users\VM\Desktop\Application.evtx,0x80000000000000,0,"{""EventData"":{""Data"":""Windows(R) UL store License (Public), 4391d20f-2dfd-42f0-93e5-cc5f9541a52f"",""Binary"":""""}}"
270,270,2025-07-29 04:52:29.0669556,1004,Info,Microsoft-Windows-Security-SPP,Application,0,0,WIN-N0IRN1T9IF6,1,,,,,,,,,,,,False,C:\Users\VM\Desktop\Application.evtx,0x80000000000000,0,"{""EventData"":{""Data"":""Windows(R) UL store License (Private), fa819e24-757b-430f-991d-7fa05a90e22c"",""Binary"":""""}}"
271,271,2025-07-29 04:52:29.0998757,1004,Info,Microsoft-Windows-Security-SPP,Application,0,0,WIN-N0IRN1T9IF6,1,,,,,,,,,,,,False,C:\Users\VM\Desktop\Application.evtx,0x80000000000000,0,"{""EventData"":{""Data"":""Windows(R) Publishing License (Public), 3bc42004-8a44-4cd0-9f10-104f1531dd00"",""Binary"":""""}}"
272,272,2025-07-29 04:52:29.0998757,1004,Info,Microsoft-Windows-Security-SPP,Application,0,0,WIN-N0IRN1T9IF6,1,,,,,,,,,,,,False,C:\Users\VM\Desktop\Application.evtx,0x80000000000000,0,"{""EventData"":{""Data"":""Windows(R) Publishing License (Private), b53e21e9-df32-4ec5-ae6a-e53b9f7ac527"",""Binary"":""""}}"
273,273,2025-07-29 04:52:29.1296163,1004,Info,Microsoft-Windows-Security-SPP,Application,0,0,WIN-N0IRN1T9IF6,1,,,,,,,,,,,,False,C:\Users\VM\Desktop\Application.evtx,0x80000000000000,0,"{""EventData"":{""Data"":""Windows(R) UL oob License (Public), 7c7045ba-bc83-4360-92a2-a93a734386bc"",""Binary"":""""}}"
274,274,2025-07-29 04:52:29.1296163,1004,Info,Microsoft-Windows-Security-SPP,Application,0,0,WIN-N0IRN1T9IF6,1,,,,,,,,,,,,False,C:\Users\VM\Desktop\Application.evtx,0x80000000000000,0,"{""EventData"":{""Data"":""Windows(R) UL oob License (Private), 7db0d0e3-efb3-4ee7-abd1-1468084371ad"",""Binary"":""""}}"
275,275,2025-07-29 04:52:29.1633425,1004,Info,Microsoft-Windows-Security-SPP,Application,0,0,WIN-N0IRN1T9IF6,1,,,,,,,,,,,,False,C:\Users\VM\Desktop\Application.evtx,0x80000000000000,0,"{""EventData"":{""Data"":""Windows(R) UL phone License (Public), d61da811-5f5e-41e3-a29a-18dfc39ceaaa"",""Binary"":""""}}"
276,276,2025-07-29 04:52:29.1633425,1004,Info,Microsoft-Windows-Security-SPP,Application,0,0,WIN-N0IRN1T9IF6,1,,,,,,,,,,,,False,C:\Users\VM\Desktop\Application.evtx,0x80000000000000,0,"{""EventData"":{""Data"":""Windows(R) UL phone License (Private), 73077a42-c4ad-4ef7-8339-d40a189699b9"",""Binary"":""""}}"
277,277,2025-07-29 04:52:29.1926127,1004,Info,Microsoft-Windows-Security-SPP,Application,0,0,WIN-N0IRN1T9IF6,1,,,,,,,,,,,,False,C:\Users\VM\Desktop\Application.evtx,0x80000000000000,0,"{""EventData"":{""Data"":""Windows(R) UL store License (Public), bdfc445b-1c28-466a-9f5d-866f7af5c08c"",""Binary"":""""}}"
278,278,2025-07-29 04:52:29.1926127,1004,Info,Microsoft-Windows-Security-SPP,Application,0,0,WIN-N0IRN1T9IF6,1,,,,,,,,,,,,False,C:\Users\VM\Desktop\Application.evtx,0x80000000000000,0,"{""EventData"":{""Data"":""Windows(R) UL store License (Private), 0a4051ea-88d2-42a1-a9d8-89a70d0a88e6"",""Binary"":""""}}"
279,279,2025-07-29 04:52:29.2091333,1004,Info,Microsoft-Windows-Security-SPP,Application,0,0,WIN-N0IRN1T9IF6,1,,,,,,,,,,,,False,C:\Users\VM\Desktop\Application.evtx,0x80000000000000,0,"{""EventData"":{""Data"":""Windows(R) Publishing License (Public), 49a3549e-f827-460c-a081-f01b9925b84f"",""Binary"":""""}}"
280,280,2025-07-29 04:52:29.2091333,1004,Info,Microsoft-Windows-Security-SPP,Application,0,0,WIN-N0IRN1T9IF6,1,,,,,,,,,,,,False,C:\Users\VM\Desktop\Application.evtx,0x80000000000000,0,"{""EventData"":{""Data"":""Windows(R) Publishing License (Private), c6a9d081-f8f8-44e5-b1c0-faa94f7bbda0"",""Binary"":""""}}"
281,281,2025-07-29 04:52:29.2388529,1004,Info,Microsoft-Windows-Security-SPP,Application,0,0,WIN-N0IRN1T9IF6,1,,,,,,,,,,,,False,C:\Users\VM\Desktop\Application.evtx,0x80000000000000,0,"{""EventData"":{""Data"":""Windows(R) UL oob License (Public), 36d7ce7a-bdfd-43fb-a42c-e50c3ffa3b81"",""Binary"":""""}}"
282,282,2025-07-29 04:52:29.2388529,1004,Info,Microsoft-Windows-Security-SPP,Application,0,0,WIN-N0IRN1T9IF6,1,,,,,,,,,,,,False,C:\Users\VM\Desktop\Application.evtx,0x80000000000000,0,"{""EventData"":{""Data"":""Windows(R) UL oob License (Private), 1a683689-93c2-4225-a258-eb73325e475a"",""Binary"":""""}}"
283,283,2025-07-29 04:52:29.2544794,1004,Info,Microsoft-Windows-Security-SPP,Application,0,0,WIN-N0IRN1T9IF6,1,,,,,,,,,,,,False,C:\Users\VM\Desktop\Application.evtx,0x80000000000000,0,"{""EventData"":{""Data"":""Windows(R) UL phone License (Public), 92aae4cc-91b3-4c19-891e-7fe480297fe7"",""Binary"":""""}}"
284,284,2025-07-29 04:52:29.2544794,1004,Info,Microsoft-Windows-Security-SPP,Application,0,0,WIN-N0IRN1T9IF6,1,,,,,,,,,,,,False,C:\Users\VM\Desktop\Application.evtx,0x80000000000000,0,"{""EventData"":{""Data"":""Windows(R) UL phone License (Private), ead22427-a178-428c-b0d4-71ebabb4594d"",""Binary"":""""}}"
285,285,2025-07-29 04:52:29.2710549,1004,Info,Microsoft-Windows-Security-SPP,Application,0,0,WIN-N0IRN1T9IF6,1,,,,,,,,,,,,False,C:\Users\VM\Desktop\Application.evtx,0x80000000000000,0,"{""EventData"":{""Data"":""Windows(R) UL store License (Public), 4c7a42ed-5d68-4f34-9a98-8f641cfd6908"",""Binary"":""""}}"
286,286,2025-07-29 04:52:29.2710549,1004,Info,Microsoft-Windows-Security-SPP,Application,0,0,WIN-N0IRN1T9IF6,1,,,,,,,,,,,,False,C:\Users\VM\Desktop\Application.evtx,0x80000000000000,0,"{""EventData"":{""Data"":""Windows(R) UL store License (Private), cb64e994-ad87-49fe-9430-be21ccc845db"",""Binary"":""""}}"
287,287,2025-07-29 04:52:29.2868008,1004,Info,Microsoft-Windows-Security-SPP,Application,0,0,WIN-N0IRN1T9IF6,1,,,,,,,,,,,,False,C:\Users\VM\Desktop\Application.evtx,0x80000000000000,0,"{""EventData"":{""Data"":""Windows(R) Publishing License (Public), 104a6368-29b9-452f-abce-02196578029f"",""Binary"":""""}}"
288,288,2025-07-29 04:52:29.2868008,1004,Info,Microsoft-Windows-Security-SPP,Application,0,0,WIN-N0IRN1T9IF6,1,,,,,,,,,,,,False,C:\Users\VM\Desktop\Application.evtx,0x80000000000000,0,"{""EventData"":{""Data"":""Windows(R) Publishing License (Private), 30c24761-e0e3-4739-9eae-71bd767fc6b7"",""Binary"":""""}}"
289,289,2025-07-29 04:52:29.3188733,1004,Info,Microsoft-Windows-Security-SPP,Application,0,0,WIN-N0IRN1T9IF6,1,,,,,,,,,,,,False,C:\Users\VM\Desktop\Application.evtx,0x80000000000000,0,"{""EventData"":{""Data"":""Windows(R) UL oob License (Public), b7d0f994-42f4-430c-a9a5-3fa2c5c0c433"",""Binary"":""""}}"
290,290,2025-07-29 04:52:29.3188733,1004,Info,Microsoft-Windows-Security-SPP,Application,0,0,WIN-N0IRN1T9IF6,1,,,,,,,,,,,,False,C:\Users\VM\Desktop\Application.evtx,0x80000000000000,0,"{""EventData"":{""Data"":""Windows(R) UL oob License (Private), 6db96bed-2cc2-4e7e-8ad4-8aa55c1fd04b"",""Binary"":""""}}"
291,291,2025-07-29 04:52:29.3338801,1004,Info,Microsoft-Windows-Security-SPP,Application,0,0,WIN-N0IRN1T9IF6,1,,,,,,,,,,,,False,C:\Users\VM\Desktop\Application.evtx,0x80000000000000,0,"{""EventData"":{""Data"":""Windows(R) UL phone License (Public), 5cd8d91d-9b23-4ae8-8b98-aefa4f1bc289"",""Binary"":""""}}"
292,292,2025-07-29 04:52:29.3338801,1004,Info,Microsoft-Windows-Security-SPP,Application,0,0,WIN-N0IRN1T9IF6,1,,,,,,,,,,,,False,C:\Users\VM\Desktop\Application.evtx,0x80000000000000,0,"{""EventData"":{""Data"":""Windows(R) UL phone License (Private), da782bed-4971-460a-a28f-ddf09dfb8cbb"",""Binary"":""""}}"
293,293,2025-07-29 04:52:29.3496773,1004,Info,Microsoft-Windows-Security-SPP,Application,0,0,WIN-N0IRN1T9IF6,1,,,,,,,,,,,,False,C:\Users\VM\Desktop\Application.evtx,0x80000000000000,0,"{""EventData"":{""Data"":""Windows(R) UL store License (Public), 1a585cdd-cb4b-4f6d-b398-5c194b17dda9"",""Binary"":""""}}"
294,294,2025-07-29 04:52:29.3496773,1004,Info,Microsoft-Windows-Security-SPP,Application,0,0,WIN-N0IRN1T9IF6,1,,,,,,,,,,,,False,C:\Users\VM\Desktop\Application.evtx,0x80000000000000,0,"{""EventData"":{""Data"":""Windows(R) UL store License (Private), 46e031be-5088-4239-a2de-f4b5eb7ee52a"",""Binary"":""""}}"
295,295,2025-07-29 04:52:29.3808871,1004,Info,Microsoft-Windows-Security-SPP,Application,0,0,WIN-N0IRN1T9IF6,1,,,,,,,,,,,,False,C:\Users\VM\Desktop\Application.evtx,0x80000000000000,0,"{""EventData"":{""Data"":""Windows(R) Publishing License (Public), b431d327-c959-4f4d-9570-c824ff9e94b0"",""Binary"":""""}}"
296,296,2025-07-29 04:52:29.3808871,1004,Info,Microsoft-Windows-Security-SPP,Application,0,0,WIN-N0IRN1T9IF6,1,,,,,,,,,,,,False,C:\Users\VM\Desktop\Application.evtx,0x80000000000000,0,"{""EventData"":{""Data"":""Windows(R) Publishing License (Private), c3f34e18-5e98-41e6-9724-f4bafe373b23"",""Binary"":""""}}"
297,297,2025-07-29 04:52:29.4118362,1004,Info,Microsoft-Windows-Security-SPP,Application,0,0,WIN-N0IRN1T9IF6,1,,,,,,,,,,,,False,C:\Users\VM\Desktop\Application.evtx,0x80000000000000,0,"{""EventData"":{""Data"":""Windows(R) UL oob License (Public), 3b28d760-792f-4dd2-a1e1-ba5101503780"",""Binary"":""""}}"
298,298,2025-07-29 04:52:29.4118362,1004,Info,Microsoft-Windows-Security-SPP,Application,0,0,WIN-N0IRN1T9IF6,1,,,,,,,,,,,,False,C:\Users\VM\Desktop\Application.evtx,0x80000000000000,0,"{""EventData"":{""Data"":""Windows(R) UL oob License (Private), 04c67d97-bc3f-431b-8a94-db112fa31f91"",""Binary"":""""}}"
299,299,2025-07-29 04:52:29.4424841,1004,Info,Microsoft-Windows-Security-SPP,Application,0,0,WIN-N0IRN1T9IF6,1,,,,,,,,,,,,False,C:\Users\VM\Desktop\Application.evtx,0x80000000000000,0,"{""EventData"":{""Data"":""Windows(R) UL phone License (Public), 76a57d60-864a-43d2-9f29-6528e8fdcef6"",""Binary"":""""}}"
300,300,2025-07-29 04:52:29.4685384,1004,Info,Microsoft-Windows-Security-SPP,Application,0,0,WIN-N0IRN1T9IF6,1,,,,,,,,,,,,False,C:\Users\VM\Desktop\Application.evtx,0x80000000000000,0,"{""EventData"":{""Data"":""Windows(R) UL phone License (Private), 0ac1c837-d71b-4817-a926-a7d2a18b2cdd"",""Binary"":""""}}"
301,301,2025-07-29 04:52:29.4966695,1004,Info,Microsoft-Windows-Security-SPP,Application,0,0,WIN-N0IRN1T9IF6,1,,,,,,,,,,,,False,C:\Users\VM\Desktop\Application.evtx,0x80000000000000,0,"{""EventData"":{""Data"":""Windows(R) UL store License (Public), fd12adab-6543-425f-ab67-2fdfa4a2d3b7"",""Binary"":""""}}"
302,302,2025-07-29 04:52:29.4966695,1004,Info,Microsoft-Windows-Security-SPP,Application,0,0,WIN-N0IRN1T9IF6,1,,,,,,,,,,,,False,C:\Users\VM\Desktop\Application.evtx,0x80000000000000,0,"{""EventData"":{""Data"":""Windows(R) UL store License (Private), 25477a04-2ea9-4e78-8150-1e22f855e8ef"",""Binary"":""""}}"
303,303,2025-07-29 04:52:29.5095240,1004,Info,Microsoft-Windows-Security-SPP,Application,0,0,WIN-N0IRN1T9IF6,1,,,,,,,,,,,,False,C:\Users\VM\Desktop\Application.evtx,0x80000000000000,0,"{""EventData"":{""Data"":""Windows(R) Publishing License (Public), 227a76ef-bd0c-4b69-b8e6-16a0df2f95c4"",""Binary"":""""}}"
304,304,2025-07-29 04:52:29.5363766,1004,Info,Microsoft-Windows-Security-SPP,Application,0,0,WIN-N0IRN1T9IF6,1,,,,,,,,,,,,False,C:\Users\VM\Desktop\Application.evtx,0x80000000000000,0,"{""EventData"":{""Data"":""Windows(R) Publishing License (Private), bf973f2f-ab04-4306-9769-c7b4154e07e4"",""Binary"":""""}}"
305,305,2025-07-29 04:52:29.5535213,1004,Info,Microsoft-Windows-Security-SPP,Application,0,0,WIN-N0IRN1T9IF6,1,,,,,,,,,,,,False,C:\Users\VM\Desktop\Application.evtx,0x80000000000000,0,"{""EventData"":{""Data"":""Windows(R) UL oob License (Public), 83b0716a-60d0-488a-84fc-3a2cf79e181b"",""Binary"":""""}}"
306,306,2025-07-29 04:52:29.5535213,1004,Info,Microsoft-Windows-Security-SPP,Application,0,0,WIN-N0IRN1T9IF6,1,,,,,,,,,,,,False,C:\Users\VM\Desktop\Application.evtx,0x80000000000000,0,"{""EventData"":{""Data"":""Windows(R) UL oob License (Private), da0fd943-6614-47f9-baa4-6742d3d520c4"",""Binary"":""""}}"
307,307,2025-07-29 04:52:29.5682149,1004,Info,Microsoft-Windows-Security-SPP,Application,0,0,WIN-N0IRN1T9IF6,1,,,,,,,,,,,,False,C:\Users\VM\Desktop\Application.evtx,0x80000000000000,0,"{""EventData"":{""Data"":""Windows(R) UL phone License (Public), fec4f922-d2ed-4d6d-928e-2cab7f73a47b"",""Binary"":""""}}"
308,308,2025-07-29 04:52:29.5682149,1004,Info,Microsoft-Windows-Security-SPP,Application,0,0,WIN-N0IRN1T9IF6,1,,,,,,,,,,,,False,C:\Users\VM\Desktop\Application.evtx,0x80000000000000,0,"{""EventData"":{""Data"":""Windows(R) UL phone License (Private), 032ae166-80ff-49a8-92e2-0513bdc58686"",""Binary"":""""}}"
309,309,2025-07-29 04:52:29.5682149,1004,Info,Microsoft-Windows-Security-SPP,Application,0,0,WIN-N0IRN1T9IF6,1,,,,,,,,,,,,False,C:\Users\VM\Desktop\Application.evtx,0x80000000000000,0,"{""EventData"":{""Data"":""Windows(R) UL store License (Public), ae0a24bf-41f0-477b-9459-983493325671"",""Binary"":""""}}"
310,310,2025-07-29 04:52:29.5682149,1004,Info,Microsoft-Windows-Security-SPP,Application,0,0,WIN-N0IRN1T9IF6,1,,,,,,,,,,,,False,C:\Users\VM\Desktop\Application.evtx,0x80000000000000,0,"{""EventData"":{""Data"":""Windows(R) UL store License (Private), 98009f21-0a0f-43fc-abe0-1857508b3baa"",""Binary"":""""}}"
311,311,2025-07-29 04:52:29.6140352,1004,Info,Microsoft-Windows-Security-SPP,Application,0,0,WIN-N0IRN1T9IF6,1,,,,,,,,,,,,False,C:\Users\VM\Desktop\Application.evtx,0x80000000000000,0,"{""EventData"":{""Data"":""Windows(R) Publishing License (Public), 099e59b6-e1e4-430f-bb70-32239fd4daef"",""Binary"":""""}}"
312,312,2025-07-29 04:52:29.6140352,1004,Info,Microsoft-Windows-Security-SPP,Application,0,0,WIN-N0IRN1T9IF6,1,,,,,,,,,,,,False,C:\Users\VM\Desktop\Application.evtx,0x80000000000000,0,"{""EventData"":{""Data"":""Windows(R) Publishing License (Private), 61bb36cc-e867-46f3-b05f-13f7dd0b6c2b"",""Binary"":""""}}"
313,313,2025-07-29 04:52:29.6140352,1004,Info,Microsoft-Windows-Security-SPP,Application,0,0,WIN-N0IRN1T9IF6,1,,,,,,,,,,,,False,C:\Users\VM\Desktop\Application.evtx,0x80000000000000,0,"{""EventData"":{""Data"":""Windows(R) UL oob License (Public), 7933113c-d3a5-4ef0-a5ad-c0ed6e19cdeb"",""Binary"":""""}}"
314,314,2025-07-29 04:52:29.6140352,1004,Info,Microsoft-Windows-Security-SPP,Application,0,0,WIN-N0IRN1T9IF6,1,,,,,,,,,,,,False,C:\Users\VM\Desktop\Application.evtx,0x80000000000000,0,"{""EventData"":{""Data"":""Windows(R) UL oob License (Private), eca7a473-9656-40ad-bef8-27ef0a11d2be"",""Binary"":""""}}"
315,315,2025-07-29 04:52:29.6140352,1004,Info,Microsoft-Windows-Security-SPP,Application,0,0,WIN-N0IRN1T9IF6,1,,,,,,,,,,,,False,C:\Users\VM\Desktop\Application.evtx,0x80000000000000,0,"{""EventData"":{""Data"":""Windows(R) UL phone License (Public), 04e691c2-f069-4c07-9cb3-f9c0cf289113"",""Binary"":""""}}"
316,316,2025-07-29 04:52:29.6140352,1004,Info,Microsoft-Windows-Security-SPP,Application,0,0,WIN-N0IRN1T9IF6,1,,,,,,,,,,,,False,C:\Users\VM\Desktop\Application.evtx,0x80000000000000,0,"{""EventData"":{""Data"":""Windows(R) UL phone License (Private), 7d040b18-1690-4b50-8b24-8fbe132f1e51"",""Binary"":""""}}"
317,317,2025-07-29 04:52:29.6817173,1004,Info,Microsoft-Windows-Security-SPP,Application,0,0,WIN-N0IRN1T9IF6,1,,,,,,,,,,,,False,C:\Users\VM\Desktop\Application.evtx,0x80000000000000,0,"{""EventData"":{""Data"":""Windows(R) UL store License (Public), acd708e6-35e0-4f08-b486-c2b5cdeaf5be"",""Binary"":""""}}"
318,318,2025-07-29 04:52:29.6817173,1004,Info,Microsoft-Windows-Security-SPP,Application,0,0,WIN-N0IRN1T9IF6,1,,,,,,,,,,,,False,C:\Users\VM\Desktop\Application.evtx,0x80000000000000,0,"{""EventData"":{""Data"":""Windows(R) UL store License (Private), fe53fab1-f5a5-45d0-800c-570794031eaa"",""Binary"":""""}}"
319,319,2025-07-29 04:52:29.6951101,1004,Info,Microsoft-Windows-Security-SPP,Application,0,0,WIN-N0IRN1T9IF6,1,,,,,,,,,,,,False,C:\Users\VM\Desktop\Application.evtx,0x80000000000000,0,"{""EventData"":{""Data"":""Windows(R) Publishing License (Public), 2d7edf93-3433-4113-b35e-de6c3f2bf16d"",""Binary"":""""}}"
320,320,2025-07-29 04:52:29.6951101,1004,Info,Microsoft-Windows-Security-SPP,Application,0,0,WIN-N0IRN1T9IF6,1,,,,,,,,,,,,False,C:\Users\VM\Desktop\Application.evtx,0x80000000000000,0,"{""EventData"":{""Data"":""Windows(R) Publishing License (Private), 6fa0fff5-ad97-4a89-814e-c9caf36dce4e"",""Binary"":""""}}"
321,321,2025-07-29 04:52:29.7233988,1004,Info,Microsoft-Windows-Security-SPP,Application,0,0,WIN-N0IRN1T9IF6,1,,,,,,,,,,,,False,C:\Users\VM\Desktop\Application.evtx,0x80000000000000,0,"{""EventData"":{""Data"":""Windows(R) UL oob License (Public), 3401d0f8-558d-4780-b54a-f6f86aa3cd56"",""Binary"":""""}}"
322,322,2025-07-29 04:52:29.7233988,1004,Info,Microsoft-Windows-Security-SPP,Application,0,0,WIN-N0IRN1T9IF6,1,,,,,,,,,,,,False,C:\Users\VM\Desktop\Application.evtx,0x80000000000000,0,"{""EventData"":{""Data"":""Windows(R) UL oob License (Private), 576359b9-214e-4a78-a607-252175bac75d"",""Binary"":""""}}"
323,323,2025-07-29 04:52:29.7557099,1004,Info,Microsoft-Windows-Security-SPP,Application,0,0,WIN-N0IRN1T9IF6,1,,,,,,,,,,,,False,C:\Users\VM\Desktop\Application.evtx,0x80000000000000,0,"{""EventData"":{""Data"":""Windows(R) UL phone License (Public), 6b553cae-8065-4f6e-9b5e-32fb59b578e3"",""Binary"":""""}}"
