1858,1858,2025-07-29 07:20:36.3019343,1003,Info,Microsoft-Windows-Security-SPP,Application,0,0,DESKTOP-5A3QN5S,16,,,,,,,,,,,,False,C:\Users\VM\Desktop\Application.evtx,0x80000000000000,0,"{""EventData"":{""Data"":""55c92734-d682-4d71-983e-d6ec3f16059f, \n1: 040fa323-92b1-4baf-97a2-5b67feaefddb, 1, 0 [(0 [0xC004F014, 0, 0], [(?)(?)(?)(?)(?)(?)(?)(?)])(1 )(2 )(3 )]\n2: 0724cb7d-3437-4cb7-93cb-830375d0079d, 1, 0 [(0 [0xC004F014, 0, 0], [(?)(?)(?)(?)(?)(?)(?)(?)])(1 )(2 )(3 )]\n3: 0ad2ac98-7bb9-4201-8d92-312299201369, 1, 0 [(0 [0xC004F014, 0, 0], [(?)(?)(?)(?)(?)(?)(?)(?)])(1 )(2 )(3 )]\n4: 1a9a717a-cf13-4ba5-83c3-0fe25fa868d5, 1, 0 [(0 [0xC004F014, 0, 0], [(?)(?)(?)(?)(?)(?)(?)(?)])(1 )(2 )(3 )]\n5: 221a02da-e2a1-4b75-864c-0a4410a33fdf, 1, 0 [(0 [0xC004F014, 0, 0], [(?)(?)(?)(?)(?)(?)(?)(?)])(1 )(2 )(3 )]\n6: 291ece0e-9c38-40ca-a9e1-32cc7ec19507, 1, 0 [(0 [0xC004F014, 0, 0], [(?)(?)(?)(?)(?)(?)(?)(?)])(1 )(2 )(3 )]\n7: 2936d1d2-913a-4542-b54e-ce5a602a2a38, 1, 0 [(0 [0xC004F014, 0, 0], [(?)(?)(?)(?)(?)(?)(?)(?)])(1 )(2 )(3 )]\n8: 2c293c26-a45a-4a2a-a350-c69a67097529, 1, 0 [(0 [0xC004F014, 0, 0], [(?)(?)(?)(?)(?)(?)(?)(?)])(1 )(2 )(3 )]\n9: 2de67392-b7a7-462a-b1ca-108dd189f588, 1, 0 [(0 [0xC004F014, 0, 0], [(?)(?)(?)(?)(?)(?)(?)(?)])(1 )(2 )(3 )]\n10: 2ffd8952-423e-4903-b993-72a1aa44cf82, 1, 0 [(0 [0xC004F014, 0, 0], [(?)(?)(?)(?)(?)(?)(?)(?)])(1 )(2 )(3 )]\n11: 30a42c86-b7a0-4a34-8c90-ff177cb2acb7, 1, 0 [(0 [0xC004F014, 0, 0], [(?)(?)(?)(?)(?)(?)(?)(?)])(1 )(2 )(3 )]\n12: 345a5db0-d94f-4e3b-a0c0-7c42f7bc3ebf, 1, 0 [(0 [0xC004F014, 0, 0], [(?)(?)(?)(?)(?)(?)(?)(?)])(1 )(2 )(3 )]\n13: 3502365a-f88a-4ba4-822a-5769d3073b65, 1, 0 [(0 [0xC004F014, 0, 0], [(?)(?)(?)(?)(?)(?)(?)(?)])(1 )(2 )(3 )]\n14: 377333b1-8b5d-48d6-9679-1225c872d37c, 1, 0 [(0 [0xC004F014, 0, 0], [(?)(?)(?)(?)(?)(?)(?)(?)])(1 )(2 )(3 )]\n15: 3df374ef-d444-4494-a5a1-4b0d9fd0e203, 1, 0 [(0 [0xC004F014, 0, 0], [(?)(?)(?)(?)(?)(?)(?)(?)])(1 )(2 )(3 )]\n16: 3f1afc82-f8ac-4f6c-8005-1d233e606eee, 1, 0 [(0 [0xC004F014, 0, 0], [(?)(?)(?)(?)(?)(?)(?)(?)])(1 )(2 )(3 )]\n17: 49cd895b-53b2-4dc4-a5f7-b18aa019ad37, 1, 0 [(0 [0xC004F014, 0, 0], [(?)(?)(?)(?)(?)(?)(?)(?)])(1 )(2 )(3 )]\n18: 4de7cb65-cdf1-4de9-8ae8-e3cce27b9f2c, 1, 0 [(0 )(1 )(2 [0xC004E003, 0, 0], [( 1 0xC004F034)( 1 0xC004F034)(?)(?)(?)(?)(?)(?)])(3 [0x00000000, 0, 0], [( 6 0xC004F009 0 0)( 1 0x00000000)( 6 0xC004F009 0 0)(?)(?)(?)( 10 0x00000000 msft:rm/algorithm/flags/1.0)( 11 0x00000000 0xC004F034)])]\n19: 4f3da0d2-271d-4508-ae81-626b60809a38, 1, 0 [(0 [0xC004F014, 0, 0], [(?)(?)(?)(?)(?)(?)(?)(?)])(1 )(2 )(3 )]\n20: 60b3ec1b-9545-4921-821f-311b129dd6f6, 1, 0 [(0 [0xC004F014, 0, 0], [(?)(?)(?)(?)(?)(?)(?)(?)])(1 )(2 )(3 )]\n21: 613d217f-7f13-4268-9907-1662339531cd, 1, 0 [(0 [0xC004F014, 0, 0], [(?)(?)(?)(?)(?)(?)(?)(?)])(1 )(2 )(3 )]\n22: 62f0c100-9c53-4e02-b886-a3528ddfe7f6, 1, 0 [(0 [0xC004F014, 0, 0], [(?)(?)(?)(?)(?)(?)(?)(?)])(1 )(2 )(3 )]\n23: 6365275e-368d-46ca-a0ef-fc0404119333, 1, 0 [(0 [0xC004F014, 0, 0], [(?)(?)(?)(?)(?)(?)(?)(?)])(1 )(2 )(3 )]\n24: 721f9237-9341-4453-a661-09e8baa6cca5, 1, 0 [(0 [0xC004F014, 0, 0], [(?)(?)(?)(?)(?)(?)(?)(?)])(1 )(2 )(3 )]\n25: 73111121-5638-40f6-bc11-f1d7b0d64300, 1, 0 [(0 [0xC004F014, 0, 0], [(?)(?)(?)(?)(?)(?)(?)(?)])(1 )(2 )(3 )]\n26: 7a802526-4c94-4bd1-ba14-835a1aca2120, 1, 0 [(0 [0xC004F014, 0, 0], [(?)(?)(?)(?)(?)(?)(?)(?)])(1 )(2 )(3 )]\n27: 7cb546c0-c7d5-44d8-9a5c-69ecdd782b69, 1, 0 [(0 [0xC004F014, 0, 0], [(?)(?)(?)(?)(?)(?)(?)(?)])(1 )(2 )(3 )]\n28: 82bbc092-bc50-4e16-8e18-b74fc486aec3, 1, 0 [(0 [0xC004F014, 0, 0], [(?)(?)(?)(?)(?)(?)(?)(?)])(1 )(2 )(3 )]\n29: 8ab9bdd1-1f67-4997-82d9-8878520837d9, 1, 0 [(0 [0xC004F014, 0, 0], [(?)(?)(?)(?)(?)(?)(?)(?)])(1 )(2 )(3 )]\n30: 8b351c9c-f398-4515-9900-09df49427262, 1, 0 [(0 [0xC004F014, 0, 0], [(?)(?)(?)(?)(?)(?)(?)(?)])(1 )(2 )(3 )]\n31: 90da7373-1c51-430b-bf26-c97e9c5cdc31, 1, 0 [(0 [0xC004F014, 0, 0], [(?)(?)(?)(?)(?)(?)(?)(?)])(1 )(2 )(3 )]\n32: 95dca82f-385d-4d39-b85b-5c73fa285d6f, 1, 0 [(0 [0xC004F014, 0, 0], [(?)(?)(?)(?)(?)(?)(?)(?)])(1 )(2 )(3 )]\n33: a48938aa-62fa-4966-9d44-9f04da3f72f2, 1, 0 [(0 [0xC004F014, 0, 0], [(?)(?)(?)(?)(?)(?)(?)(?)])(1 )(2 )(3 )]\n34: b0773a15-df3a-4312-9ad2-83d69648e356, 1, 0 [(0 [0xC004F014, 0, 0], [(?)(?)(?)(?)(?)(?)(?)(?)])(1 )(2 )(3 )]\n35: b4bfe195-541e-4e64-ad23-6177f19e395e, 1, 0 [(0 [0xC004F014, 0, 0], [(?)(?)(?)(?)(?)(?)(?)(?)])(1 )(2 )(3 )]\n36: b68e61d2-68ca-4757-be45-0cc2f3e68eee, 1, 0 [(0 [0xC004F014, 0, 0], [(?)(?)(?)(?)(?)(?)(?)(?)])(1 )(2 )(3 )]\n37: bd3762d7-270d-4760-8fb3-d829ca45278a, 1, 0 [(0 [0xC004F014, 0, 0], [(?)(?)(?)(?)(?)(?)(?)(?)])(1 )(2 )(3 )]\n38: c86d5194-4840-4dae-9c1c-0301003a5ab0, 1, 0 [(0 [0xC004F014, 0, 0], [(?)(?)(?)(?)(?)(?)(?)(?)])(1 )(2 )(3 )]\n39: d552befb-48cc-4327-8f39-47d2d94f987c, 1, 0 [(0 [0xC004F014, 0, 0], [(?)(?)(?)(?)(?)(?)(?)(?)])(1 )(2 )(3 )]\n40: d6eadb3b-5ca8-4a6b-986e-35b550756111, 1, 0 [(0 [0xC004F014, 0, 0], [(?)(?)(?)(?)(?)(?)(?)(?)])(1 )(2 )(3 )]\n41: df96023b-dcd9-4be2-afa0-c6c871159ebe, 1, 0 [(0 [0xC004F014, 0, 0], [(?)(?)(?)(?)(?)(?)(?)(?)])(1 )(2 )(3 )]\n42: e0c42288-980c-4788-a014-c080d2e1926e, 1, 0 [(0 [0xC004F014, 0, 0], [(?)(?)(?)(?)(?)(?)(?)(?)])(1 )(2 )(3 )]\n43: e4db50ea-bda1-4566-b047-0ca50abc6f07, 1, 0 [(0 [0xC004F014, 0, 0], [(?)(?)(?)(?)(?)(?)(?)(?)])(1 )(2 )(3 )]\n44: e558417a-5123-4f6f-91e7-385c1c7ca9d4, 1, 0 [(0 [0xC004F014, 0, 0], [(?)(?)(?)(?)(?)(?)(?)(?)])(1 )(2 )(3 )]\n45: e7a950a2-e548-4f10-bf16-02ec848e0643, 1, 0 [(0 [0xC004F014, 0, 0], [(?)(?)(?)(?)(?)(?)(?)(?)])(1 )(2 )(3 )]\n46: eb6d346f-1c60-4643-b960-40ec31596c45, 1, 0 [(0 [0xC004F014, 0, 0], [(?)(?)(?)(?)(?)(?)(?)(?)])(1 )(2 )(3 )]\n47: ec868e65-fadf-4759-b23e-93fe37f2cc29, 1, 0 [(0 [0xC004F014, 0, 0], [(?)(?)(?)(?)(?)(?)(?)(?)])(1 )(2 )(3 )]\n48: ef51e000-2659-4f25-8345-3de70a9cf4c4, 1, 0 [(0 [0xC004F014, 0, 0], [(?)(?)(?)(?)(?)(?)(?)(?)])(1 )(2 )(3 )]\n49: f7af7d09-40e4-419c-a49b-eae366689ebd, 1, 0 [(0 [0xC004F014, 0, 0], [(?)(?)(?)(?)(?)(?)(?)(?)])(1 )(2 )(3 )]\n50: fa755fe6-6739-40b9-8d84-6d0ea3b6d1ab, 1, 0 [(0 [0xC004F014, 0, 0], [(?)(?)(?)(?)(?)(?)(?)(?)])(1 )(2 )(3 )]\n51: fe74f55b-0338-41d6-b267-4a201abe7285, 1, 0 [(0 [0xC004F014, 0, 0], [(?)(?)(?)(?)(?)(?)(?)(?)])(1 )(2 )(3 )]\n52: 0427ae42-b454-442d-b69a-d938b6a3bcdc, 1, 0 [(0 [0xC004F014, 0, 0], [(?)(?)(?)(?)(?)(?)(?)(?)])(1 )(2 )(3 )]\n53: 0b533b5e-08b6-44f9-b885-c2de291ba456, 1, 0 [(0 [0xC004F014, 0, 0], [(?)(?)(?)(?)(?)(?)(?)(?)])(1 )(2 )(3 )]\n54: 0c2ce8ac-7989-4e40-b934-068d8d71dd72, 1, 0 [(0 [0xC004F014, 0, 0], [(?)(?)(?)(?)(?)(?)(?)(?)])(1 )(2 )(3 )]\n55: 1043add5-23b1-4afb-9a0f-64343c8f3f8d, 1, 0 [(0 [0xC004F014, 0, 0], [(?)(?)(?)(?)(?)(?)(?)(?)])(1 )(2 )(3 )]\n56: 14240489-7c2d-42ee-a167-4913ca4672da, 1, 0 [(0 [0xC004F014, 0, 0], [(?)(?)(?)(?)(?)(?)(?)(?)])(1 )(2 )(3 )]\n57: 1d9c9529-17be-48f7-bba5-a16ed636cfcb, 0, 0 [0xC004F055]\n58: 2bd41139-19ec-49e9-8271-db6f9fe0052d, 1, 0 [(0 [0xC004F014, 0, 0], [(?)(?)(?)(?)(?)(?)(?)(?)])(1 )(2 )(3 )]\n59: 4acda200-3f2b-4b73-9839-f3603f99e7cd, 0, 0 [0xC004F055]\n60: 4dac5a0c-5709-4595-a32c-14a56a4a6b31, 0, 0 [0xC004F055]\n61: 5f1b1317-625e-4b1c-8d22-4bd93e3ae14e, 1, 0 [(0 [0xC004F014, 0, 0], [(?)(?)(?)(?)(?)(?)(?)(?)])(1 )(2 )(3 )]\n62: 75863c7d-946f-4ff2-a07c-5551dedd1e15, 1, 0 [(0 [0xC004F014, 0, 0], [(?)(?)(?)(?)(?)(?)(?)(?)])(1 )(2 )(3 )]\n63: 7b76ee02-0a75-4f08-85d5-bd0feadad0c0, 0, 0 [0xC004F055]\n64: 83d49986-add3-41d7-ba33-87c7bfb5c0fb, 1, 0 [(0 [0xC004F014, 0, 0], [(?)(?)(?)(?)(?)(?)(?)(?)])(1 )(2 )(3 )]\n65: 84b9b0fc-b69d-42a6-a21d-9e0ce4125f7e, 0, 0 [0xC004F055]\n66: 8fe12eb1-a7ab-4410-83fb-9f6dbcb4a574, 0, 0 [0xC004F055]\n67: 909aa75d-43ee-413c-9030-c62e43287cf8, 0, 0 [0xC004F055]\n68: a6da5617-cb89-4acb-beb5-ccdbb871c922, 1, 0 [(0 [0xC004F014, 0, 0], [(?)(?)(?)(?)(?)(?)(?)(?)])(1 )(2 )(3 )]\n69: a9fa3c71-7f63-4ea0-94be-1de2eab0a4d1, 0, 0 [0xC004F055]\n70: b705d67e-527a-4f11-b904-7be441066a22, 1, 0 [(0 [0xC004F014, 0, 0], [(?)(?)(?)(?)(?)(?)(?)(?)])(1 )(2 )(3 )]\n71: b8527af1-5389-447c-9a88-2d1691ea33d3, 0, 0 [0xC004F055]\n72: e5fbdd17-c03d-4bed-9567-c60dee82f47e, 0, 0 [0xC004F055]\n73: ed6568de-daeb-4b01-9c4a-5f89018125d8, 0, 0 [0xC004F055]\n74: f520e45e-7413-4a34-a497-d2765967d094, 1, 0 [(0 [0xC004F014, 0, 0], [(?)(?)(?)(?)(?)(?)(?)(?)])(1 )(2 )(3 )]\n75: f69e2d51-3bbd-4ddf-8da7-a145e9dca597, 0, 0 [0xC004F055]\n\n"",""Binary"":""""}}"
1859,1859,2025-07-29 07:20:36.4135256,902,LogAlways,Microsoft-Windows-Security-SPP,Application,0,0,DESKTOP-5A3QN5S,16,,,,,,,,,,,,False,C:\Users\VM\Desktop\Application.evtx,0x80000000000000,0,"{""EventData"":{""Data"":""10.0.19041.6093"",""Binary"":""""}}"
1860,1860,2025-07-29 07:20:39.0239571,8230,Info,Microsoft-Windows-Security-SPP,Application,0,0,DESKTOP-5A3QN5S,16,,,,,,,,,,,,False,C:\Users\VM\Desktop\Application.evtx,0x80000000000000,0,"{""EventData"":{""Data"":""Security-SPP-Action-StateData (REG_SZ) =AppId=55c92734-d682-4d71-983e-d6ec3f16059f;LastConsumptionReason=0xc004f034;LastNotificationId=NeverActivated;LicenseState=SL_LICENSING_STATUS_NOTIFICATION;PartialProductKey=3V66T;ProductKeyType=Retail;SkuId=4de7cb65-cdf1-4de9-8ae8-e3cce27b9f2c;ruleId=31e71c49-8da7-4a2f-ad92-45d98a1c79ba;uxDifferentiator=RETAIL"",""Binary"":""""}}"
1861,1861,2025-07-29 07:20:41.7246047,8230,Info,Microsoft-Windows-Security-SPP,Application,0,0,DESKTOP-5A3QN5S,16,,,,,,,,,,,,False,C:\Users\VM\Desktop\Application.evtx,0x80000000000000,0,"{""EventData"":{""Data"":""Security-SPP-Action-StateData (REG_SZ) =AppId=55c92734-d682-4d71-983e-d6ec3f16059f;LastConsumptionReason=0xc004f034;LastNotificationId=NeverActivated;LicenseState=SL_LICENSING_STATUS_NOTIFICATION;PartialProductKey=3V66T;ProductKeyType=Retail;SkuId=4de7cb65-cdf1-4de9-8ae8-e3cce27b9f2c;ruleId=31e71c49-8da7-4a2f-ad92-45d98a1c79ba;uxDifferentiator=RETAIL"",""Binary"":""""}}"
1862,1862,2025-07-29 07:21:12.2144265,16384,Info,Microsoft-Windows-Security-SPP,Application,0,0,DESKTOP-5A3QN5S,16,,,,,,,,,,,,False,C:\Users\VM\Desktop\Application.evtx,0x80000000000000,0,"{""EventData"":{""Data"":""2025-07-29T22:14:12Z, RulesEngine"",""Binary"":""""}}"
1863,1863,2025-07-29 07:21:12.2144265,903,LogAlways,Microsoft-Windows-Security-SPP,Application,0,0,DESKTOP-5A3QN5S,16,,,,,,,,,,,,False,C:\Users\VM\Desktop\Application.evtx,0x80000000000000,200,"{""EventData"":{""Data"":"""",""Binary"":""""}}"
1864,1864,2025-07-29 07:21:41.8170582,0,Info,edgeupdate,Application,0,0,DESKTOP-5A3QN5S,16,,,,,,,,,,,,False,C:\Users\VM\Desktop\Application.evtx,0x80000000000000,0,"{""EventData"":{""Data"":""Service stopped"",""Binary"":""""}}"
1865,1865,2025-07-29 07:21:42.4693813,900,Info,Microsoft-Windows-Security-SPP,Application,0,0,DESKTOP-5A3QN5S,16,,,,,,,,,,,,False,C:\Users\VM\Desktop\Application.evtx,0x80000000000000,0,"{""EventData"":{""Data"":""&lt;explicit&gt;"",""Binary"":""""}}"
1866,1866,2025-07-29 07:21:42.7194099,16394,Info,Microsoft-Windows-Security-SPP,Application,0,0,DESKTOP-5A3QN5S,17,,,,,,,,,,,,False,C:\Users\VM\Desktop\Application.evtx,0x80000000000000,0,"{""EventData"":{""Data"":"""",""Binary"":""""}}"
1867,1867,2025-07-29 07:21:44.9024573,1,Info,SecurityCenter,Application,0,0,DESKTOP-5A3QN5S,17,,,,,,,,,,,,False,C:\Users\VM\Desktop\Application.evtx,0x80000000000000,0,"{""EventData"":{""Data"":"""",""Binary"":""""}}"
1868,1868,2025-07-29 07:21:46.5759257,15,Info,SecurityCenter,Application,0,0,DESKTOP-5A3QN5S,17,,Windows Security Center State Changed,,,Updated Windows Defender status successfully to SECURITY_PRODUCT_STATE_ON.,,,,,,,False,C:\Users\VM\Desktop\Application.evtx,0x80000000000000,0,"{""EventData"":{""Data"":""Windows Defender, SECURITY_PRODUCT_STATE_ON"",""Binary"":""""}}"
1869,1869,2025-07-29 07:22:04.5336555,16384,Info,Microsoft-Windows-Security-SPP,Application,0,0,DESKTOP-5A3QN5S,17,,,,,,,,,,,,False,C:\Users\VM\Desktop\Application.evtx,0x80000000000000,0,"{""EventData"":{""Data"":""2025-07-29T22:14:04Z, RulesEngine"",""Binary"":""""}}"
1870,1870,2025-07-29 07:22:08.1791294,6003,Info,Microsoft-Windows-Winlogon,Application,0,0,DESKTOP-5A3QN5S,17,,,,,,,,,,,,False,C:\Users\VM\Desktop\Application.evtx,0x80000000000000,0,"{""EventData"":{""Data"":""SessionEnv"",""Binary"":""D9-06-00-00""}}"
1871,1871,2025-07-29 07:22:08.6077165,6000,Info,Microsoft-Windows-Winlogon,Application,0,0,DESKTOP-5A3QN5S,17,,,,,,,,,,,,False,C:\Users\VM\Desktop\Application.evtx,0x80000000000000,0,"{""EventData"":{""Data"":""SessionEnv"",""Binary"":""D9-06-00-00""}}"
1872,1872,2025-07-29 07:22:11.1707821,16394,Info,Microsoft-Windows-Security-SPP,Application,0,0,DESKTOP-5A3QN5S,17,,,,,,,,,,,,False,C:\Users\VM\Desktop\Application.evtx,0x80000000000000,0,"{""EventData"":{""Data"":"""",""Binary"":""""}}"
1873,1873,2025-07-29 07:22:11.5692710,1003,Info,Microsoft-Windows-Security-SPP,Application,0,0,DESKTOP-5A3QN5S,17,,,,,,,,,,,,False,C:\Users\VM\Desktop\Application.evtx,0x80000000000000,0,"{""EventData"":{""Data"":""55c92734-d682-4d71-983e-d6ec3f16059f, \n1: 040fa323-92b1-4baf-97a2-5b67feaefddb, 1, 0 [(0 [0xC004F014, 0, 0], [(?)(?)(?)(?)(?)(?)(?)(?)])(1 )(2 )(3 )]\n2: 0724cb7d-3437-4cb7-93cb-830375d0079d, 1, 0 [(0 [0xC004F014, 0, 0], [(?)(?)(?)(?)(?)(?)(?)(?)])(1 )(2 )(3 )]\n3: 0ad2ac98-7bb9-4201-8d92-312299201369, 1, 0 [(0 [0xC004F014, 0, 0], [(?)(?)(?)(?)(?)(?)(?)(?)])(1 )(2 )(3 )]\n4: 1a9a717a-cf13-4ba5-83c3-0fe25fa868d5, 1, 0 [(0 [0xC004F014, 0, 0], [(?)(?)(?)(?)(?)(?)(?)(?)])(1 )(2 )(3 )]\n5: 221a02da-e2a1-4b75-864c-0a4410a33fdf, 1, 0 [(0 [0xC004F014, 0, 0], [(?)(?)(?)(?)(?)(?)(?)(?)])(1 )(2 )(3 )]\n6: 291ece0e-9c38-40ca-a9e1-32cc7ec19507, 1, 0 [(0 [0xC004F014, 0, 0], [(?)(?)(?)(?)(?)(?)(?)(?)])(1 )(2 )(3 )]\n7: 2936d1d2-913a-4542-b54e-ce5a602a2a38, 1, 0 [(0 [0xC004F014, 0, 0], [(?)(?)(?)(?)(?)(?)(?)(?)])(1 )(2 )(3 )]\n8: 2c293c26-a45a-4a2a-a350-c69a67097529, 1, 0 [(0 [0xC004F014, 0, 0], [(?)(?)(?)(?)(?)(?)(?)(?)])(1 )(2 )(3 )]\n9: 2de67392-b7a7-462a-b1ca-108dd189f588, 1, 0 [(0 [0xC004F014, 0, 0], [(?)(?)(?)(?)(?)(?)(?)(?)])(1 )(2 )(3 )]\n10: 2ffd8952-423e-4903-b993-72a1aa44cf82, 1, 0 [(0 [0xC004F014, 0, 0], [(?)(?)(?)(?)(?)(?)(?)(?)])(1 )(2 )(3 )]\n11: 30a42c86-b7a0-4a34-8c90-ff177cb2acb7, 1, 0 [(0 [0xC004F014, 0, 0], [(?)(?)(?)(?)(?)(?)(?)(?)])(1 )(2 )(3 )]\n12: 345a5db0-d94f-4e3b-a0c0-7c42f7bc3ebf, 1, 0 [(0 [0xC004F014, 0, 0], [(?)(?)(?)(?)(?)(?)(?)(?)])(1 )(2 )(3 )]\n13: 3502365a-f88a-4ba4-822a-5769d3073b65, 1, 0 [(0 [0xC004F014, 0, 0], [(?)(?)(?)(?)(?)(?)(?)(?)])(1 )(2 )(3 )]\n14: 377333b1-8b5d-48d6-9679-1225c872d37c, 1, 0 [(0 [0xC004F014, 0, 0], [(?)(?)(?)(?)(?)(?)(?)(?)])(1 )(2 )(3 )]\n15: 3df374ef-d444-4494-a5a1-4b0d9fd0e203, 1, 0 [(0 [0xC004F014, 0, 0], [(?)(?)(?)(?)(?)(?)(?)(?)])(1 )(2 )(3 )]\n16: 3f1afc82-f8ac-4f6c-8005-1d233e606eee, 1, 0 [(0 [0xC004F014, 0, 0], [(?)(?)(?)(?)(?)(?)(?)(?)])(1 )(2 )(3 )]\n17: 49cd895b-53b2-4dc4-a5f7-b18aa019ad37, 1, 0 [(0 [0xC004F014, 0, 0], [(?)(?)(?)(?)(?)(?)(?)(?)])(1 )(2 )(3 )]\n18: 4de7cb65-cdf1-4de9-8ae8-e3cce27b9f2c, 1, 1 [(0 )(1 )(2 [0xC004E003, 0, 0], [( 1 0xC004F034)( 1 0xC004F034)(?)(?)(?)(?)(?)(?)])(3 [0x00000000, 0, 0], [( 6 0xC004F009 0 0)( 1 0x00000000)( 6 0xC004F009 0 0)(?)(?)(?)( 10 0x00000000 msft:rm/algorithm/flags/1.0)( 11 0x00000000 0xC004F034)])]\n19: 4f3da0d2-271d-4508-ae81-626b60809a38, 1, 0 [(0 [0xC004F014, 0, 0], [(?)(?)(?)(?)(?)(?)(?)(?)])(1 )(2 )(3 )]\n20: 60b3ec1b-9545-4921-821f-311b129dd6f6, 1, 0 [(0 [0xC004F014, 0, 0], [(?)(?)(?)(?)(?)(?)(?)(?)])(1 )(2 )(3 )]\n21: 613d217f-7f13-4268-9907-1662339531cd, 1, 0 [(0 [0xC004F014, 0, 0], [(?)(?)(?)(?)(?)(?)(?)(?)])(1 )(2 )(3 )]\n22: 62f0c100-9c53-4e02-b886-a3528ddfe7f6, 1, 0 [(0 [0xC004F014, 0, 0], [(?)(?)(?)(?)(?)(?)(?)(?)])(1 )(2 )(3 )]\n23: 6365275e-368d-46ca-a0ef-fc0404119333, 1, 0 [(0 [0xC004F014, 0, 0], [(?)(?)(?)(?)(?)(?)(?)(?)])(1 )(2 )(3 )]\n24: 721f9237-9341-4453-a661-09e8baa6cca5, 1, 0 [(0 [0xC004F014, 0, 0], [(?)(?)(?)(?)(?)(?)(?)(?)])(1 )(2 )(3 )]\n25: 73111121-5638-40f6-bc11-f1d7b0d64300, 1, 0 [(0 [0xC004F014, 0, 0], [(?)(?)(?)(?)(?)(?)(?)(?)])(1 )(2 )(3 )]\n26: 7a802526-4c94-4bd1-ba14-835a1aca2120, 1, 0 [(0 [0xC004F014, 0, 0], [(?)(?)(?)(?)(?)(?)(?)(?)])(1 )(2 )(3 )]\n27: 7cb546c0-c7d5-44d8-9a5c-69ecdd782b69, 1, 0 [(0 [0xC004F014, 0, 0], [(?)(?)(?)(?)(?)(?)(?)(?)])(1 )(2 )(3 )]\n28: 82bbc092-bc50-4e16-8e18-b74fc486aec3, 1, 0 [(0 [0xC004F014, 0, 0], [(?)(?)(?)(?)(?)(?)(?)(?)])(1 )(2 )(3 )]\n29: 8ab9bdd1-1f67-4997-82d9-8878520837d9, 1, 0 [(0 [0xC004F014, 0, 0], [(?)(?)(?)(?)(?)(?)(?)(?)])(1 )(2 )(3 )]\n30: 8b351c9c-f398-4515-9900-09df49427262, 1, 0 [(0 [0xC004F014, 0, 0], [(?)(?)(?)(?)(?)(?)(?)(?)])(1 )(2 )(3 )]\n31: 90da7373-1c51-430b-bf26-c97e9c5cdc31, 1, 0 [(0 [0xC004F014, 0, 0], [(?)(?)(?)(?)(?)(?)(?)(?)])(1 )(2 )(3 )]\n32: 95dca82f-385d-4d39-b85b-5c73fa285d6f, 1, 0 [(0 [0xC004F014, 0, 0], [(?)(?)(?)(?)(?)(?)(?)(?)])(1 )(2 )(3 )]\n33: a48938aa-62fa-4966-9d44-9f04da3f72f2, 1, 0 [(0 [0xC004F014, 0, 0], [(?)(?)(?)(?)(?)(?)(?)(?)])(1 )(2 )(3 )]\n34: b0773a15-df3a-4312-9ad2-83d69648e356, 1, 0 [(0 [0xC004F014, 0, 0], [(?)(?)(?)(?)(?)(?)(?)(?)])(1 )(2 )(3 )]\n35: b4bfe195-541e-4e64-ad23-6177f19e395e, 1, 0 [(0 [0xC004F014, 0, 0], [(?)(?)(?)(?)(?)(?)(?)(?)])(1 )(2 )(3 )]\n36: b68e61d2-68ca-4757-be45-0cc2f3e68eee, 1, 0 [(0 [0xC004F014, 0, 0], [(?)(?)(?)(?)(?)(?)(?)(?)])(1 )(2 )(3 )]\n37: bd3762d7-270d-4760-8fb3-d829ca45278a, 1, 0 [(0 [0xC004F014, 0, 0], [(?)(?)(?)(?)(?)(?)(?)(?)])(1 )(2 )(3 )]\n38: c86d5194-4840-4dae-9c1c-0301003a5ab0, 1, 0 [(0 [0xC004F014, 0, 0], [(?)(?)(?)(?)(?)(?)(?)(?)])(1 )(2 )(3 )]\n39: d552befb-48cc-4327-8f39-47d2d94f987c, 1, 0 [(0 [0xC004F014, 0, 0], [(?)(?)(?)(?)(?)(?)(?)(?)])(1 )(2 )(3 )]\n40: d6eadb3b-5ca8-4a6b-986e-35b550756111, 1, 0 [(0 [0xC004F014, 0, 0], [(?)(?)(?)(?)(?)(?)(?)(?)])(1 )(2 )(3 )]\n41: df96023b-dcd9-4be2-afa0-c6c871159ebe, 1, 0 [(0 [0xC004F014, 0, 0], [(?)(?)(?)(?)(?)(?)(?)(?)])(1 )(2 )(3 )]\n42: e0c42288-980c-4788-a014-c080d2e1926e, 1, 0 [(0 [0xC004F014, 0, 0], [(?)(?)(?)(?)(?)(?)(?)(?)])(1 )(2 )(3 )]\n43: e4db50ea-bda1-4566-b047-0ca50abc6f07, 1, 0 [(0 [0xC004F014, 0, 0], [(?)(?)(?)(?)(?)(?)(?)(?)])(1 )(2 )(3 )]\n44: e558417a-5123-4f6f-91e7-385c1c7ca9d4, 1, 0 [(0 [0xC004F014, 0, 0], [(?)(?)(?)(?)(?)(?)(?)(?)])(1 )(2 )(3 )]\n45: e7a950a2-e548-4f10-bf16-02ec848e0643, 1, 0 [(0 [0xC004F014, 0, 0], [(?)(?)(?)(?)(?)(?)(?)(?)])(1 )(2 )(3 )]\n46: eb6d346f-1c60-4643-b960-40ec31596c45, 1, 0 [(0 [0xC004F014, 0, 0], [(?)(?)(?)(?)(?)(?)(?)(?)])(1 )(2 )(3 )]\n47: ec868e65-fadf-4759-b23e-93fe37f2cc29, 1, 0 [(0 [0xC004F014, 0, 0], [(?)(?)(?)(?)(?)(?)(?)(?)])(1 )(2 )(3 )]\n48: ef51e000-2659-4f25-8345-3de70a9cf4c4, 1, 0 [(0 [0xC004F014, 0, 0], [(?)(?)(?)(?)(?)(?)(?)(?)])(1 )(2 )(3 )]\n49: f7af7d09-40e4-419c-a49b-eae366689ebd, 1, 0 [(0 [0xC004F014, 0, 0], [(?)(?)(?)(?)(?)(?)(?)(?)])(1 )(2 )(3 )]\n50: fa755fe6-6739-40b9-8d84-6d0ea3b6d1ab, 1, 0 [(0 [0xC004F014, 0, 0], [(?)(?)(?)(?)(?)(?)(?)(?)])(1 )(2 )(3 )]\n51: fe74f55b-0338-41d6-b267-4a201abe7285, 1, 0 [(0 [0xC004F014, 0, 0], [(?)(?)(?)(?)(?)(?)(?)(?)])(1 )(2 )(3 )]\n52: 0427ae42-b454-442d-b69a-d938b6a3bcdc, 1, 0 [(0 [0xC004F014, 0, 0], [(?)(?)(?)(?)(?)(?)(?)(?)])(1 )(2 )(3 )]\n53: 0b533b5e-08b6-44f9-b885-c2de291ba456, 1, 0 [(0 [0xC004F014, 0, 0], [(?)(?)(?)(?)(?)(?)(?)(?)])(1 )(2 )(3 )]\n54: 0c2ce8ac-7989-4e40-b934-068d8d71dd72, 1, 0 [(0 [0xC004F014, 0, 0], [(?)(?)(?)(?)(?)(?)(?)(?)])(1 )(2 )(3 )]\n55: 1043add5-23b1-4afb-9a0f-64343c8f3f8d, 1, 0 [(0 [0xC004F014, 0, 0], [(?)(?)(?)(?)(?)(?)(?)(?)])(1 )(2 )(3 )]\n56: 14240489-7c2d-42ee-a167-4913ca4672da, 1, 0 [(0 [0xC004F014, 0, 0], [(?)(?)(?)(?)(?)(?)(?)(?)])(1 )(2 )(3 )]\n57: 1d9c9529-17be-48f7-bba5-a16ed636cfcb, 0, 0 [0xC004F055]\n58: 2bd41139-19ec-49e9-8271-db6f9fe0052d, 1, 0 [(0 [0xC004F014, 0, 0], [(?)(?)(?)(?)(?)(?)(?)(?)])(1 )(2 )(3 )]\n59: 4acda200-3f2b-4b73-9839-f3603f99e7cd, 0, 0 [0xC004F055]\n60: 4dac5a0c-5709-4595-a32c-14a56a4a6b31, 0, 0 [0xC004F055]\n61: 5f1b1317-625e-4b1c-8d22-4bd93e3ae14e, 1, 0 [(0 [0xC004F014, 0, 0], [(?)(?)(?)(?)(?)(?)(?)(?)])(1 )(2 )(3 )]\n62: 75863c7d-946f-4ff2-a07c-5551dedd1e15, 1, 0 [(0 [0xC004F014, 0, 0], [(?)(?)(?)(?)(?)(?)(?)(?)])(1 )(2 )(3 )]\n63: 7b76ee02-0a75-4f08-85d5-bd0feadad0c0, 0, 0 [0xC004F055]\n64: 83d49986-add3-41d7-ba33-87c7bfb5c0fb, 1, 0 [(0 [0xC004F014, 0, 0], [(?)(?)(?)(?)(?)(?)(?)(?)])(1 )(2 )(3 )]\n65: 84b9b0fc-b69d-42a6-a21d-9e0ce4125f7e, 0, 0 [0xC004F055]\n66: 8fe12eb1-a7ab-4410-83fb-9f6dbcb4a574, 0, 0 [0xC004F055]\n67: 909aa75d-43ee-413c-9030-c62e43287cf8, 0, 0 [0xC004F055]\n68: a6da5617-cb89-4acb-beb5-ccdbb871c922, 1, 0 [(0 [0xC004F014, 0, 0], [(?)(?)(?)(?)(?)(?)(?)(?)])(1 )(2 )(3 )]\n69: a9fa3c71-7f63-4ea0-94be-1de2eab0a4d1, 0, 0 [0xC004F055]\n70: b705d67e-527a-4f11-b904-7be441066a22, 1, 0 [(0 [0xC004F014, 0, 0], [(?)(?)(?)(?)(?)(?)(?)(?)])(1 )(2 )(3 )]\n71: b8527af1-5389-447c-9a88-2d1691ea33d3, 0, 0 [0xC004F055]\n72: e5fbdd17-c03d-4bed-9567-c60dee82f47e, 0, 0 [0xC004F055]\n73: ed6568de-daeb-4b01-9c4a-5f89018125d8, 0, 0 [0xC004F055]\n74: f520e45e-7413-4a34-a497-d2765967d094, 1, 0 [(0 [0xC004F014, 0, 0], [(?)(?)(?)(?)(?)(?)(?)(?)])(1 )(2 )(3 )]\n75: f69e2d51-3bbd-4ddf-8da7-a145e9dca597, 0, 0 [0xC004F055]\n\n"",""Binary"":""""}}"
1874,1874,2025-07-29 07:22:11.6385502,8198,Error,Microsoft-Windows-Security-SPP,Application,0,0,DESKTOP-5A3QN5S,17,,,,,,,,,,,,False,C:\Users\VM\Desktop\Application.evtx,0x80000000000000,0,"{""EventData"":{""Data"":""hr=0x80004005, RuleId=31e71c49-8da7-4a2f-ad92-45d98a1c79ba;Action=AutoActivate;AppId=55c92734-d682-4d71-983e-d6ec3f16059f;SkuId=4de7cb65-cdf1-4de9-8ae8-e3cce27b9f2c;NotificationInterval=1440;Trigger=UserLogon;SessionId=1"",""Binary"":""""}}"
1875,1875,2025-07-29 07:22:38.1075007,15,Info,SecurityCenter,Application,0,0,DESKTOP-5A3QN5S,17,,Windows Security Center State Changed,,,Updated Windows Defender status successfully to SECURITY_PRODUCT_STATE_ON.,,,,,,,False,C:\Users\VM\Desktop\Application.evtx,0x80000000000000,0,"{""EventData"":{""Data"":""Windows Defender, SECURITY_PRODUCT_STATE_ON"",""Binary"":""""}}"
1876,1876,2025-07-29 07:22:44.2074607,16384,Info,Microsoft-Windows-Security-SPP,Application,0,0,DESKTOP-5A3QN5S,17,,,,,,,,,,,,False,C:\Users\VM\Desktop\Application.evtx,0x80000000000000,0,"{""EventData"":{""Data"":""2025-07-30T07:21:44Z, RulesEngine"",""Binary"":""""}}"
1877,1877,2025-07-29 07:23:08.6395036,256,Info,Edge,Application,0,0,DESKTOP-5A3QN5S,17,S-1-5-21-3151804214-3226339955-2188200191-1001,,,,,,,,,,,False,C:\Users\VM\Desktop\Application.evtx,0x80000000000000,0,"{""EventData"":{""Data"":""[2920:6164:0729/002308.636:INFO:chrome\\browser\\extensions\\extension_garbage_collector.cc:184] Garbage collection for extensions on file thread is complete."",""Binary"":""""}}"
1878,1878,2025-07-29 07:29:57.7704720,16394,Info,Microsoft-Windows-Security-SPP,Application,0,0,DESKTOP-5A3QN5S,17,,,,,,,,,,,,False,C:\Users\VM\Desktop\Application.evtx,0x80000000000000,0,"{""EventData"":{""Data"":"""",""Binary"":""""}}"
1879,1879,2025-07-29 07:30:41.4949566,15,Info,SecurityCenter,Application,0,0,DESKTOP-5A3QN5S,17,,Windows Security Center State Changed,,,Updated Windows Defender status successfully to SECURITY_PRODUCT_STATE_ON.,,,,,,,False,C:\Users\VM\Desktop\Application.evtx,0x80000000000000,0,"{""EventData"":{""Data"":""Windows Defender, SECURITY_PRODUCT_STATE_ON"",""Binary"":""""}}"
1880,1880,2025-07-29 07:30:52.7621755,16384,Info,Microsoft-Windows-Security-SPP,Application,0,0,DESKTOP-5A3QN5S,17,,,,,,,,,,,,False,C:\Users\VM\Desktop\Application.evtx,0x80000000000000,0,"{""EventData"":{""Data"":""2025-07-30T07:21:52Z, RulesEngine"",""Binary"":""""}}"
1881,1881,2025-07-29 07:32:42.0009297,15,Info,SecurityCenter,Application,0,0,DESKTOP-5A3QN5S,17,,Windows Security Center State Changed,,,Updated Windows Defender status successfully to SECURITY_PRODUCT_STATE_ON.,,,,,,,False,C:\Users\VM\Desktop\Application.evtx,0x80000000000000,0,"{""EventData"":{""Data"":""Windows Defender, SECURITY_PRODUCT_STATE_ON"",""Binary"":""""}}"
1882,1882,2025-07-29 07:33:14.4858138,258,LogAlways,Microsoft-Windows-Defrag,Application,0,0,DESKTOP-5A3QN5S,17,,,,,,,,,,,,False,C:\Users\VM\Desktop\Application.evtx,0x80000000000000,0,"{""EventData"":{""Data"":""boot optimization, (C:)"",""Binary"":""00-00-00-00-26-04-00-00-FD-03-00-00-00-00-00-00-22-B6-30-DF-64-79-C7-F6-E2-6C-1C-00-00-00-00-00-00-00-00-00""}}"
1883,1883,2025-07-29 07:42:15.5626890,16394,Info,Microsoft-Windows-Security-SPP,Application,0,0,DESKTOP-5A3QN5S,17,,,,,,,,,,,,False,C:\Users\VM\Desktop\Application.evtx,0x80000000000000,0,"{""EventData"":{""Data"":"""",""Binary"":""""}}"
1884,1884,2025-07-29 07:43:56.2424820,16384,Info,Microsoft-Windows-Security-SPP,Application,0,0,DESKTOP-5A3QN5S,17,,,,,,,,,,,,False,C:\Users\VM\Desktop\Application.evtx,0x80000000000000,0,"{""EventData"":{""Data"":""2025-07-30T07:21:56Z, RulesEngine"",""Binary"":""""}}"
1885,1885,2025-07-29 07:43:58.6881391,16394,Info,Microsoft-Windows-Security-SPP,Application,0,0,DESKTOP-5A3QN5S,17,,,,,,,,,,,,False,C:\Users\VM\Desktop\Application.evtx,0x80000000000000,0,"{""EventData"":{""Data"":"""",""Binary"":""""}}"
1886,1886,2025-07-29 07:44:41.1804154,16384,Info,Microsoft-Windows-Security-SPP,Application,0,0,DESKTOP-5A3QN5S,17,,,,,,,,,,,,False,C:\Users\VM\Desktop\Application.evtx,0x80000000000000,0,"{""EventData"":{""Data"":""2025-07-30T07:21:41Z, RulesEngine"",""Binary"":""""}}"
1887,1887,2025-07-29 09:27:45.3100356,16394,Info,Microsoft-Windows-Security-SPP,Application,0,0,DESKTOP-5A3QN5S,17,,,,,,,,,,,,False,C:\Users\VM\Desktop\Application.evtx,0x80000000000000,0,"{""EventData"":{""Data"":"""",""Binary"":""""}}"
1888,1888,2025-07-29 09:28:31.3747909,16384,Info,Microsoft-Windows-Security-SPP,Application,0,0,DESKTOP-5A3QN5S,17,,,,,,,,,,,,False,C:\Users\VM\Desktop\Application.evtx,0x80000000000000,0,"{""EventData"":{""Data"":""2025-07-30T07:21:31Z, RulesEngine"",""Binary"":""""}}"
1889,1889,2025-07-29 09:28:42.8082990,16394,Info,Microsoft-Windows-Security-SPP,Application,0,0,DESKTOP-5A3QN5S,17,,,,,,,,,,,,False,C:\Users\VM\Desktop\Application.evtx,0x80000000000000,0,"{""EventData"":{""Data"":"""",""Binary"":""""}}"
1890,1890,2025-07-29 09:29:06.8154199,1040,Info,MsiInstaller,Application,0,0,DESKTOP-5A3QN5S,17,S-1-5-18,Installer Started,,,,,,,,,C:\Windows\SoftwareDistribution\Download\f9ce4793f88f2bc595a0d9329d7afaf4\img\Windows-KB5001716-x64.msi,False,C:\Users\VM\Desktop\Application.evtx,0x80000000000000,0,"{""EventData"":{""Data"":""C:\\Windows\\SoftwareDistribution\\Download\\f9ce4793f88f2bc595a0d9329d7afaf4\\img\\Windows-KB5001716-x64.msi, 8424, (NULL), (NULL), (NULL), (NULL)"",""Binary"":""""}}"
1891,1891,2025-07-29 09:29:10.9800209,11707,Info,MsiInstaller,Application,0,0,DESKTOP-5A3QN5S,17,S-1-5-18,Installation completed successfully,,,"Product: Update for x64-based Windows Systems (KB5001716) -- Installation completed successfully., (NULL), (NULL), (NULL), (NULL), (NULL)",,,,,,,False,C:\Users\VM\Desktop\Application.evtx,0x80000000000000,0,"{""EventData"":{""Data"":""Product: Update for x64-based Windows Systems (KB5001716) -- Installation completed successfully., (NULL), (NULL), (NULL), (NULL), (NULL)"",""Binary"":""7B-44-41-38-30-41-30-31-39-2D-34-43-33-42-2D-34-44-41-41-2D-41-43-41-31-2D-36-39-33-37-44-37-43-41-41-46-39-45-7D""}}"
1892,1892,2025-07-29 09:29:10.9800209,1033,Info,MsiInstaller,Application,0,0,DESKTOP-5A3QN5S,17,S-1-5-18,A program was installed,,,"Name, Version, Lang, Status, Manufacturer: Update for x64-based Windows Systems (KB5001716), 8.94.0.0, 0, 0, Microsoft Corporation, (NULL)",,,,,,,False,C:\Users\VM\Desktop\Application.evtx,0x80000000000000,480,"{""EventData"":{""Data"":""Update for x64-based Windows Systems (KB5001716), 8.94.0.0, 0, 0, Microsoft Corporation, (NULL)"",""Binary"":""7B-44-41-38-30-41-30-31-39-2D-34-43-33-42-2D-34-44-41-41-2D-41-43-41-31-2D-36-39-33-37-44-37-43-41-41-46-39-45-7D-30-30-30-30-66-61-34-34-31-38-36-30-39-39-35-30-36-31-38-32-32-66-30-38-39-35-63-33-32-63-30-35-32-36-64-64-30-30-30-30-30-30-30-30""}}"
1893,1893,2025-07-29 09:29:11.0293874,1042,Info,MsiInstaller,Application,0,0,DESKTOP-5A3QN5S,17,S-1-5-18,Installer Exited,,,,,,,,,C:\Windows\SoftwareDistribution\Download\f9ce4793f88f2bc595a0d9329d7afaf4\img\Windows-KB5001716-x64.msi,False,C:\Users\VM\Desktop\Application.evtx,0x80000000000000,0,"{""EventData"":{""Data"":""C:\\Windows\\SoftwareDistribution\\Download\\f9ce4793f88f2bc595a0d9329d7afaf4\\img\\Windows-KB5001716-x64.msi, 8424, (NULL), (NULL), (NULL), (NULL)"",""Binary"":""""}}"
1894,1894,2025-07-29 09:29:10.5212029,10000,Info,Microsoft-Windows-RestartManager,Application,6716,5876,DESKTOP-5A3QN5S,17,S-1-5-18,,,,,,,,,,,False,C:\Users\VM\Desktop\Application.evtx,Classic,0,"{""UserData"":{""RmSessionEvent"":{""RmSessionId"":""0"",""UTCStartTime"":""2025-07-29 09:29:10.5176238""}}}"
1895,1895,2025-07-29 09:29:11.0150548,10001,Info,Microsoft-Windows-RestartManager,Application,6716,5688,DESKTOP-5A3QN5S,17,S-1-5-18,,,,,,,,,,,False,C:\Users\VM\Desktop\Application.evtx,Classic,0,"{""UserData"":{""RmSessionEvent"":{""RmSessionId"":""0"",""UTCStartTime"":""2025-07-29 09:29:10.5176238""}}}"
1896,1896,2025-07-29 09:29:59.0461667,16384,Info,Microsoft-Windows-Security-SPP,Application,0,0,DESKTOP-5A3QN5S,17,,,,,,,,,,,,False,C:\Users\VM\Desktop\Application.evtx,0x80000000000000,0,"{""EventData"":{""Data"":""2025-07-30T07:21:58Z, RulesEngine"",""Binary"":""""}}"
1897,1897,2025-07-29 09:30:39.2421239,10000,Info,Microsoft-Windows-RestartManager,Application,8308,5548,DESKTOP-5A3QN5S,17,S-1-5-18,,,,,,,,,,,False,C:\Users\VM\Desktop\Application.evtx,Classic,0,"{""UserData"":{""RmSessionEvent"":{""RmSessionId"":""0"",""UTCStartTime"":""2025-07-29 09:30:39.2332411""}}}"
1898,1898,2025-07-29 09:30:39.3622404,10001,Info,Microsoft-Windows-RestartManager,Application,8308,5548,DESKTOP-5A3QN5S,17,S-1-5-18,,,,,,,,,,,False,C:\Users\VM\Desktop\Application.evtx,Classic,0,"{""UserData"":{""RmSessionEvent"":{""RmSessionId"":""0"",""UTCStartTime"":""2025-07-29 09:30:39.2332411""}}}"
1899,1899,2025-07-29 09:30:42.5364003,16394,Info,Microsoft-Windows-Security-SPP,Application,0,0,DESKTOP-5A3QN5S,17,,,,,,,,,,,,False,C:\Users\VM\Desktop\Application.evtx,0x80000000000000,0,"{""EventData"":{""Data"":"""",""Binary"":""""}}"
1900,1900,2025-07-29 09:31:09.2931533,16384,Info,Microsoft-Windows-Security-SPP,Application,0,0,DESKTOP-5A3QN5S,17,,,,,,,,,,,,False,C:\Users\VM\Desktop\Application.evtx,0x80000000000000,0,"{""EventData"":{""Data"":""2025-07-30T07:22:09Z, RulesEngine"",""Binary"":""""}}"
1901,1901,2025-07-29 10:14:04.0641630,16394,Info,Microsoft-Windows-Security-SPP,Application,0,0,DESKTOP-5A3QN5S,17,,,,,,,,,,,,False,C:\Users\VM\Desktop\Application.evtx,0x80000000000000,0,"{""EventData"":{""Data"":"""",""Binary"":""""}}"
1902,1902,2025-07-29 10:14:28.7590302,16384,Info,Microsoft-Windows-Security-SPP,Application,0,0,DESKTOP-5A3QN5S,17,,,,,,,,,,,,False,C:\Users\VM\Desktop\Application.evtx,0x80000000000000,0,"{""EventData"":{""Data"":""2025-07-30T07:21:28Z, RulesEngine"",""Binary"":""""}}"
1903,1903,2025-07-29 10:56:56.2583174,16394,Info,Microsoft-Windows-Security-SPP,Application,0,0,DESKTOP-5A3QN5S,17,,,,,,,,,,,,False,C:\Users\VM\Desktop\Application.evtx,0x80000000000000,0,"{""EventData"":{""Data"":"""",""Binary"":""""}}"
1904,1904,2025-07-29 10:59:06.0513929,16384,Info,Microsoft-Windows-Security-SPP,Application,0,0,DESKTOP-5A3QN5S,17,,,,,,,,,,,,False,C:\Users\VM\Desktop\Application.evtx,0x80000000000000,0,"{""EventData"":{""Data"":""2025-07-30T07:22:06Z, RulesEngine"",""Binary"":""""}}"
1905,1905,2025-07-29 11:00:24.5462332,16394,Info,Microsoft-Windows-Security-SPP,Application,0,0,DESKTOP-5A3QN5S,17,,,,,,,,,,,,False,C:\Users\VM\Desktop\Application.evtx,0x80000000000000,0,"{""EventData"":{""Data"":"""",""Binary"":""""}}"
1906,1906,2025-07-29 11:01:09.2828710,16384,Info,Microsoft-Windows-Security-SPP,Application,0,0,DESKTOP-5A3QN5S,17,,,,,,,,,,,,False,C:\Users\VM\Desktop\Application.evtx,0x80000000000000,0,"{""EventData"":{""Data"":""2025-07-30T07:22:09Z, RulesEngine"",""Binary"":""""}}"
1907,1907,2025-07-29 13:05:07.7758238,16394,Info,Microsoft-Windows-Security-SPP,Application,0,0,DESKTOP-5A3QN5S,17,,,,,,,,,,,,False,C:\Users\VM\Desktop\Application.evtx,0x80000000000000,0,"{""EventData"":{""Data"":"""",""Binary"":""""}}"
1908,1908,2025-07-29 13:05:40.8006863,16384,Info,Microsoft-Windows-Security-SPP,Application,0,0,DESKTOP-5A3QN5S,17,,,,,,,,,,,,False,C:\Users\VM\Desktop\Application.evtx,0x80000000000000,0,"{""EventData"":{""Data"":""2025-07-30T07:21:40Z, RulesEngine"",""Binary"":""""}}"
1909,1909,2025-07-29 15:11:58.4467759,16394,Info,Microsoft-Windows-Security-SPP,Application,0,0,DESKTOP-5A3QN5S,17,,,,,,,,,,,,False,C:\Users\VM\Desktop\Application.evtx,0x80000000000000,0,"{""EventData"":{""Data"":"""",""Binary"":""""}}"
1910,1910,2025-07-29 15:12:40.0531077,16384,Info,Microsoft-Windows-Security-SPP,Application,0,0,DESKTOP-5A3QN5S,17,,,,,,,,,,,,False,C:\Users\VM\Desktop\Application.evtx,0x80000000000000,0,"{""EventData"":{""Data"":""2025-07-30T07:21:40Z, RulesEngine"",""Binary"":""""}}"
1911,1911,2025-07-29 15:38:16.0216513,16394,Info,Microsoft-Windows-Security-SPP,Application,0,0,DESKTOP-5A3QN5S,17,,,,,,,,,,,,False,C:\Users\VM\Desktop\Application.evtx,0x80000000000000,0,"{""EventData"":{""Data"":"""",""Binary"":""""}}"
1912,1912,2025-07-29 15:38:56.4206864,16384,Info,Microsoft-Windows-Security-SPP,Application,0,0,DESKTOP-5A3QN5S,17,,,,,,,,,,,,False,C:\Users\VM\Desktop\Application.evtx,0x80000000000000,0,"{""EventData"":{""Data"":""2025-07-30T07:21:56Z, RulesEngine"",""Binary"":""""}}"
1913,1913,2025-07-29 16:13:14.3022635,16394,Info,Microsoft-Windows-Security-SPP,Application,0,0,DESKTOP-5A3QN5S,17,,,,,,,,,,,,False,C:\Users\VM\Desktop\Application.evtx,0x80000000000000,0,"{""EventData"":{""Data"":"""",""Binary"":""""}}"
1914,1914,2025-07-29 16:13:37.1640373,16384,Info,Microsoft-Windows-Security-SPP,Application,0,0,DESKTOP-5A3QN5S,17,,,,,,,,,,,,False,C:\Users\VM\Desktop\Application.evtx,0x80000000000000,0,"{""EventData"":{""Data"":""2025-07-30T07:21:37Z, RulesEngine"",""Binary"":""""}}"
1915,1915,2025-07-29 16:14:08.0093046,16394,Info,Microsoft-Windows-Security-SPP,Application,0,0,DESKTOP-5A3QN5S,17,,,,,,,,,,,,False,C:\Users\VM\Desktop\Application.evtx,0x80000000000000,0,"{""EventData"":{""Data"":"""",""Binary"":""""}}"
1916,1916,2025-07-29 16:14:43.0066860,16384,Info,Microsoft-Windows-Security-SPP,Application,0,0,DESKTOP-5A3QN5S,17,,,,,,,,,,,,False,C:\Users\VM\Desktop\Application.evtx,0x80000000000000,0,"{""EventData"":{""Data"":""2025-07-30T07:21:42Z, RulesEngine"",""Binary"":""""}}"
1917,1917,2025-07-29 17:03:01.5130415,6000,Info,Microsoft-Windows-Winlogon,Application,0,0,DESKTOP-5A3QN5S,17,,,,,,,,,,,,False,C:\Users\VM\Desktop\Application.evtx,0x80000000000000,0,"{""EventData"":{""Data"":""WSearch"",""Binary"":""D9-06-00-00""}}"
1918,1918,2025-07-29 17:03:01.7209122,6000,Info,Microsoft-Windows-Winlogon,Application,0,0,DESKTOP-5A3QN5S,17,,,,,,,,,,,,False,C:\Users\VM\Desktop\Application.evtx,0x80000000000000,0,"{""EventData"":{""Data"":""SessionEnv"",""Binary"":""D9-06-00-00""}}"
1919,1919,2025-07-29 17:03:03.7920483,1532,Info,Microsoft-Windows-User Profiles Service,Application,500,1412,DESKTOP-5A3QN5S,17,S-1-5-18,,,,,,,,,,,False,C:\Users\VM\Desktop\Application.evtx,Classic,0,"{""EventData"":""""}"
1920,1920,2025-07-29 17:07:48.2595298,4625,Info,Microsoft-Windows-EventSystem,Application,0,0,DESKTOP-5A3QN5S,17,,,,,,,,,,,,False,C:\Users\VM\Desktop\Application.evtx,0x80000000000000,0,"{""EventData"":{""Data"":[{""@Name"":""param1"",""#text"":""86400""},{""@Name"":""param2"",""#text"":""SuppressDuplicateDuration""},{""@Name"":""param3"",""#text"":""Software\\Microsoft\\EventSystem\\EventLog""}]}}"
1921,1921,2025-07-29 17:07:48.2535410,1531,Info,Microsoft-Windows-User Profiles Service,Application,796,1520,DESKTOP-5A3QN5S,17,S-1-5-18,,,,,,,,,,,False,C:\Users\VM\Desktop\Application.evtx,Classic,0,"{""EventData"":""""}"
1922,1922,2025-07-29 17:07:49.6965222,5615,Info,Microsoft-Windows-WMI,Application,796,2328,DESKTOP-5A3QN5S,17,S-1-5-18,,,,,,,,,,,False,C:\Users\VM\Desktop\Application.evtx,Classic,0,"{""EventData"":""""}"
1923,1923,2025-07-29 17:07:50.4362041,5617,Info,Microsoft-Windows-WMI,Application,796,1380,DESKTOP-5A3QN5S,17,S-1-5-18,,,,,,,,,,,False,C:\Users\VM\Desktop\Application.evtx,Classic,0,"{""EventData"":""""}"
1924,1924,2025-07-29 17:07:53.0227034,102,Info,ESENT,Application,0,0,DESKTOP-5A3QN5S,17,,,,,,,,,,,,False,C:\Users\VM\Desktop\Application.evtx,0x80000000000000,0,"{""EventData"":{""Data"":""SearchIndexer, 2368,P,98, Windows: , 0, 10, 00, 19045, 0000"",""Binary"":""""}}"
1925,1925,2025-07-29 17:07:53.0543558,105,Info,ESENT,Application,0,0,DESKTOP-5A3QN5S,17,,,,,,,,,,,,False,C:\Users\VM\Desktop\Application.evtx,0x80000000000000,0,"{""EventData"":{""Data"":""SearchIndexer, 2368,D,0, Windows: , 0, 0, \n[1] 0.007253 +J(0) +M(C:0K, Fs:244, WS:952K # 952K, PF:5092K # 5092K, P:5092K)\n[2] 0.000271 +J(0) +M(C:0K, Fs:113, WS:452K # 452K, PF:400K # 400K, P:400K)\n[3] 0.001893 +J(0) +M(C:0K, Fs:12, WS:44K # 44K, PF:68K # 68K, P:68K)\n[4] 0.000095 +J(0) +M(C:0K, Fs:24, WS:96K # 96K, PF:356K # 356K, P:356K)\n[5] 0.000645 +J(0) +M(C:0K, Fs:11, WS:44K # 44K, PF:24K # 32K, P:24K)\n[6] 0.005028 +J(0) +M(C:0K, Fs:29, WS:112K # 112K, PF:24K # 16K, P:24K)\n[7] 0.010508 -0.007143 (2) WT +J(0) +M(C:0K, Fs:273, WS:1092K # 1092K, PF:1024K # 1024K, P:1024K)\n[8] -\n[9] -\n[10] -\n[11] -\n[12] -\n[13] 0.012501 -0.000344 (1) WT +J(CM:0, PgRf:0, Rd:0/0, Dy:0/0, Lg:616/1) +M(C:0K, Fs:11, WS:-988K # 24K, PF:-1020K # 12K, P:-1020K)\n[14] 0.000113 +J(0) +M(C:0K, Fs:1, WS:4K # 0K, PF:0K # 0K, P:0K)\n[15] 0.000070 +J(0) +M(C:0K, Fs:64, WS:256K # 0K, PF:64K # 0K, P:64K)\n[16] 0.000217 +J(0) +M(C:0K, Fs:3, WS:4K # 0K, PF:0K # 0K, P:0K)."",""Binary"":""""}}"
1926,1926,2025-07-29 17:07:53.0851568,326,Info,ESENT,Application,0,0,DESKTOP-5A3QN5S,17,,NTDS the database engine attached a database,,,"Database: s: , 1, C:\ProgramData\Microsoft\Search\Data\Applications\Windows\Windows.edb",,,,,,,False,C:\Users\VM\Desktop\Application.evtx,0x80000000000000,0,"{""EventData"":{""Data"":""SearchIndexer, 2368,D,50, Windows: , 1, C:\\ProgramData\\Microsoft\\Search\\Data\\Applications\\Windows\\Windows.edb, 0, \n[1] 0.000004 +J(0) +M(C:0K, Fs:1, WS:4K # 0K, PF:0K # 0K, P:0K)\n[2] 0.001723 -0.000913 (1) WT +J(0) +M(C:0K, Fs:26, WS:40K # 0K, PF:32K # 0K, P:32K)\n[3] 0.014721 -0.006262 (6) WT +J(CM:0, PgRf:0, Rd:0/0, Dy:0/0, Lg:3480/2) +M(C:0K, Fs:40, WS:124K # 0K, PF:144K # 0K, P:144K)\n[4] 0.000246 +J(0) +M(C:0K, Fs:1, WS:4K # 0K, PF:0K # 0K, P:0K)\n[5] -\n[6] -\n[7] -\n[8] 0.002570 -0.001013 (2) CM +J(CM:2, PgRf:2, Rd:14/2, Dy:0/0, Lg:54/1) +M(C:0K, Fs:47, WS:188K # 0K, PF:680K # 0K, P:680K)\n[9] 0.013001 -0.000295 (5) CM -0.012515 (3) WT +J(CM:5, PgRf:23, Rd:0/5, Dy:0/0, Lg:0/0) +M(C:0K, Fs:73, WS:292K # 0K, PF:256K # 152K, P:256K)\n[10] 0.000137 -0.000068 (1) CM +J(CM:1, PgRf:40, Rd:0/1, Dy:0/0, Lg:0/0) +M(C:0K, Fs:9, WS:36K # 32K, PF:96K # 96K, P:96K)\n[11] 0.000012 +J(CM:0, PgRf:1, Rd:0/0, Dy:0/0, Lg:0/0) +M(C:0K, Fs:2, WS:8K # 8K, PF:0K # 0K, P:0K)\n[12] 0.000033 +J(CM:0, PgRf:42, Rd:0/0, Dy:0/0, Lg:0/0) +M(C:0K, Fs:3, WS:12K # 12K, PF:0K # 0K, P:0K)\n[13] 0.0 +J(0)\n[14] 0.0 +J(0)\n[15] 0.000003 +J(CM:0, PgRf:1, Rd:0/0, Dy:0/0, Lg:0/0)., 0 0, lgposAttach = 00000009:0042:0268,\ndbv = 1568.110.240"",""Binary"":""""}}"
1927,1927,2025-07-29 17:07:53.4299354,1003,Info,Microsoft-Windows-Search,Application,0,0,DESKTOP-5A3QN5S,17,,,,,,,,,,,,False,C:\Users\VM\Desktop\Application.evtx,0x80000000000000,0,"{""EventData"":{""Data"":{""@Name"":""ExtraInfo"",""#text"":"", ""}}}"
1928,1928,2025-07-29 17:07:53.6660397,6003,Info,Microsoft-Windows-Winlogon,Application,0,0,DESKTOP-5A3QN5S,17,,,,,,,,,,,,False,C:\Users\VM\Desktop\Application.evtx,0x80000000000000,0,"{""EventData"":{""Data"":""SessionEnv"",""Binary"":""D9-06-00-00""}}"
1929,1929,2025-07-29 17:07:54.0551877,6000,Info,Microsoft-Windows-Winlogon,Application,0,0,DESKTOP-5A3QN5S,17,,,,,,,,,,,,False,C:\Users\VM\Desktop\Application.evtx,0x80000000000000,0,"{""EventData"":{""Data"":""SessionEnv"",""Binary"":""D9-06-00-00""}}"
1930,1930,2025-07-29 17:07:54.8357987,900,Info,Microsoft-Windows-Security-SPP,Application,0,0,DESKTOP-5A3QN5S,17,,,,,,,,,,,,False,C:\Users\VM\Desktop\Application.evtx,0x80000000000000,0,"{""EventData"":{""Data"":""TriggerStarted:6"",""Binary"":""""}}"
1931,1931,2025-07-29 17:07:55.0074820,16394,Info,Microsoft-Windows-Security-SPP,Application,0,0,DESKTOP-5A3QN5S,17,,,,,,,,,,,,False,C:\Users\VM\Desktop\Application.evtx,0x80000000000000,0,"{""EventData"":{""Data"":"""",""Binary"":""""}}"
1932,1932,2025-07-29 17:07:55.1389422,1066,Info,Microsoft-Windows-Security-SPP,Application,0,0,DESKTOP-5A3QN5S,17,,,,,,,,,,,,False,C:\Users\VM\Desktop\Application.evtx,0x80000000000000,0,"{""EventData"":{""Data"":""C:\\Windows\\system32\\sppwinob.dll, msft:spp/windowsfunctionality/agent/7.0, 0x00000000, 0x00000000\nC:\\Windows\\system32\\sppobjs.dll, msft:rm/algorithm/inherited/1.0, 0x00000000, 0x00000000\nC:\\Windows\\system32\\sppobjs.dll, msft:rm/algorithm/phone/1.0, 0x00000000, 0x00000000\nC:\\Windows\\system32\\sppobjs.dll, msft:rm/algorithm/pkey/detect, 0x00000000, 0x00000000\nC:\\Windows\\system32\\sppobjs.dll, msft:spp/ActionScheduler/1.0, 0x00000000, 0x00000000\nC:\\Windows\\system32\\sppobjs.dll, msft:spp/TaskScheduler/1.0, 0x00000000, 0x00000000\nC:\\Windows\\system32\\sppobjs.dll, msft:spp/statecollector/pkey, 0x00000000, 0x00000000\nC:\\Windows\\system32\\sppobjs.dll, msft:spp/volume/services/kms/1.0, 0x00000000, 0x00000000\nC:\\Windows\\system32\\sppobjs.dll, msft:spp/volume/services/kms/activationinfo/1.0, 0x00000000, 0x00000000\n"",""Binary"":""""}}"
1933,1933,2025-07-29 17:07:55.4158661,1003,Info,Microsoft-Windows-Security-SPP,Application,0,0,DESKTOP-5A3QN5S,17,,,,,,,,,,,,False,C:\Users\VM\Desktop\Application.evtx,0x80000000000000,0,"{""EventData"":{""Data"":""55c92734-d682-4d71-983e-d6ec3f16059f, \n1: 040fa323-92b1-4baf-97a2-5b67feaefddb, 1, 0 [(0 [0xC004F014, 0, 0], [(?)(?)(?)(?)(?)(?)(?)(?)])(1 )(2 )(3 )]\n2: 0724cb7d-3437-4cb7-93cb-830375d0079d, 1, 0 [(0 [0xC004F014, 0, 0], [(?)(?)(?)(?)(?)(?)(?)(?)])(1 )(2 )(3 )]\n3: 0ad2ac98-7bb9-4201-8d92-312299201369, 1, 0 [(0 [0xC004F014, 0, 0], [(?)(?)(?)(?)(?)(?)(?)(?)])(1 )(2 )(3 )]\n4: 1a9a717a-cf13-4ba5-83c3-0fe25fa868d5, 1, 0 [(0 [0xC004F014, 0, 0], [(?)(?)(?)(?)(?)(?)(?)(?)])(1 )(2 )(3 )]\n5: 221a02da-e2a1-4b75-864c-0a4410a33fdf, 1, 0 [(0 [0xC004F014, 0, 0], [(?)(?)(?)(?)(?)(?)(?)(?)])(1 )(2 )(3 )]\n6: 291ece0e-9c38-40ca-a9e1-32cc7ec19507, 1, 0 [(0 [0xC004F014, 0, 0], [(?)(?)(?)(?)(?)(?)(?)(?)])(1 )(2 )(3 )]\n7: 2936d1d2-913a-4542-b54e-ce5a602a2a38, 1, 0 [(0 [0xC004F014, 0, 0], [(?)(?)(?)(?)(?)(?)(?)(?)])(1 )(2 )(3 )]\n8: 2c293c26-a45a-4a2a-a350-c69a67097529, 1, 0 [(0 [0xC004F014, 0, 0], [(?)(?)(?)(?)(?)(?)(?)(?)])(1 )(2 )(3 )]\n9: 2de67392-b7a7-462a-b1ca-108dd189f588, 1, 0 [(0 [0xC004F014, 0, 0], [(?)(?)(?)(?)(?)(?)(?)(?)])(1 )(2 )(3 )]\n10: 2ffd8952-423e-4903-b993-72a1aa44cf82, 1, 0 [(0 [0xC004F014, 0, 0], [(?)(?)(?)(?)(?)(?)(?)(?)])(1 )(2 )(3 )]\n11: 30a42c86-b7a0-4a34-8c90-ff177cb2acb7, 1, 0 [(0 [0xC004F014, 0, 0], [(?)(?)(?)(?)(?)(?)(?)(?)])(1 )(2 )(3 )]\n12: 345a5db0-d94f-4e3b-a0c0-7c42f7bc3ebf, 1, 0 [(0 [0xC004F014, 0, 0], [(?)(?)(?)(?)(?)(?)(?)(?)])(1 )(2 )(3 )]\n13: 3502365a-f88a-4ba4-822a-5769d3073b65, 1, 0 [(0 [0xC004F014, 0, 0], [(?)(?)(?)(?)(?)(?)(?)(?)])(1 )(2 )(3 )]\n14: 377333b1-8b5d-48d6-9679-1225c872d37c, 1, 0 [(0 [0xC004F014, 0, 0], [(?)(?)(?)(?)(?)(?)(?)(?)])(1 )(2 )(3 )]\n15: 3df374ef-d444-4494-a5a1-4b0d9fd0e203, 1, 0 [(0 [0xC004F014, 0, 0], [(?)(?)(?)(?)(?)(?)(?)(?)])(1 )(2 )(3 )]\n16: 3f1afc82-f8ac-4f6c-8005-1d233e606eee, 1, 0 [(0 [0xC004F014, 0, 0], [(?)(?)(?)(?)(?)(?)(?)(?)])(1 )(2 )(3 )]\n17: 49cd895b-53b2-4dc4-a5f7-b18aa019ad37, 1, 0 [(0 [0xC004F014, 0, 0], [(?)(?)(?)(?)(?)(?)(?)(?)])(1 )(2 )(3 )]\n18: 4de7cb65-cdf1-4de9-8ae8-e3cce27b9f2c, 1, 1 [(0 )(1 )(2 [0xC004E003, 0, 0], [( 1 0xC004F034)( 1 0xC004F034)(?)(?)(?)(?)(?)(?)])(3 [0x00000000, 0, 0], [( 6 0xC004F009 0 0)( 1 0x00000000)( 6 0xC004F009 0 0)(?)(?)(?)( 10 0x00000000 msft:rm/algorithm/flags/1.0)( 11 0x00000000 0xC004F034)])]\n19: 4f3da0d2-271d-4508-ae81-626b60809a38, 1, 0 [(0 [0xC004F014, 0, 0], [(?)(?)(?)(?)(?)(?)(?)(?)])(1 )(2 )(3 )]\n20: 60b3ec1b-9545-4921-821f-311b129dd6f6, 1, 0 [(0 [0xC004F014, 0, 0], [(?)(?)(?)(?)(?)(?)(?)(?)])(1 )(2 )(3 )]\n21: 613d217f-7f13-4268-9907-1662339531cd, 1, 0 [(0 [0xC004F014, 0, 0], [(?)(?)(?)(?)(?)(?)(?)(?)])(1 )(2 )(3 )]\n22: 62f0c100-9c53-4e02-b886-a3528ddfe7f6, 1, 0 [(0 [0xC004F014, 0, 0], [(?)(?)(?)(?)(?)(?)(?)(?)])(1 )(2 )(3 )]\n23: 6365275e-368d-46ca-a0ef-fc0404119333, 1, 0 [(0 [0xC004F014, 0, 0], [(?)(?)(?)(?)(?)(?)(?)(?)])(1 )(2 )(3 )]\n24: 721f9237-9341-4453-a661-09e8baa6cca5, 1, 0 [(0 [0xC004F014, 0, 0], [(?)(?)(?)(?)(?)(?)(?)(?)])(1 )(2 )(3 )]\n25: 73111121-5638-40f6-bc11-f1d7b0d64300, 1, 0 [(0 [0xC004F014, 0, 0], [(?)(?)(?)(?)(?)(?)(?)(?)])(1 )(2 )(3 )]\n26: 7a802526-4c94-4bd1-ba14-835a1aca2120, 1, 0 [(0 [0xC004F014, 0, 0], [(?)(?)(?)(?)(?)(?)(?)(?)])(1 )(2 )(3 )]\n27: 7cb546c0-c7d5-44d8-9a5c-69ecdd782b69, 1, 0 [(0 [0xC004F014, 0, 0], [(?)(?)(?)(?)(?)(?)(?)(?)])(1 )(2 )(3 )]\n28: 82bbc092-bc50-4e16-8e18-b74fc486aec3, 1, 0 [(0 [0xC004F014, 0, 0], [(?)(?)(?)(?)(?)(?)(?)(?)])(1 )(2 )(3 )]\n29: 8ab9bdd1-1f67-4997-82d9-8878520837d9, 1, 0 [(0 [0xC004F014, 0, 0], [(?)(?)(?)(?)(?)(?)(?)(?)])(1 )(2 )(3 )]\n30: 8b351c9c-f398-4515-9900-09df49427262, 1, 0 [(0 [0xC004F014, 0, 0], [(?)(?)(?)(?)(?)(?)(?)(?)])(1 )(2 )(3 )]\n31: 90da7373-1c51-430b-bf26-c97e9c5cdc31, 1, 0 [(0 [0xC004F014, 0, 0], [(?)(?)(?)(?)(?)(?)(?)(?)])(1 )(2 )(3 )]\n32: 95dca82f-385d-4d39-b85b-5c73fa285d6f, 1, 0 [(0 [0xC004F014, 0, 0], [(?)(?)(?)(?)(?)(?)(?)(?)])(1 )(2 )(3 )]\n33: a48938aa-62fa-4966-9d44-9f04da3f72f2, 1, 0 [(0 [0xC004F014, 0, 0], [(?)(?)(?)(?)(?)(?)(?)(?)])(1 )(2 )(3 )]\n34: b0773a15-df3a-4312-9ad2-83d69648e356, 1, 0 [(0 [0xC004F014, 0, 0], [(?)(?)(?)(?)(?)(?)(?)(?)])(1 )(2 )(3 )]\n35: b4bfe195-541e-4e64-ad23-6177f19e395e, 1, 0 [(0 [0xC004F014, 0, 0], [(?)(?)(?)(?)(?)(?)(?)(?)])(1 )(2 )(3 )]\n36: b68e61d2-68ca-4757-be45-0cc2f3e68eee, 1, 0 [(0 [0xC004F014, 0, 0], [(?)(?)(?)(?)(?)(?)(?)(?)])(1 )(2 )(3 )]\n37: bd3762d7-270d-4760-8fb3-d829ca45278a, 1, 0 [(0 [0xC004F014, 0, 0], [(?)(?)(?)(?)(?)(?)(?)(?)])(1 )(2 )(3 )]\n38: c86d5194-4840-4dae-9c1c-0301003a5ab0, 1, 0 [(0 [0xC004F014, 0, 0], [(?)(?)(?)(?)(?)(?)(?)(?)])(1 )(2 )(3 )]\n39: d552befb-48cc-4327-8f39-47d2d94f987c, 1, 0 [(0 [0xC004F014, 0, 0], [(?)(?)(?)(?)(?)(?)(?)(?)])(1 )(2 )(3 )]\n40: d6eadb3b-5ca8-4a6b-986e-35b550756111, 1, 0 [(0 [0xC004F014, 0, 0], [(?)(?)(?)(?)(?)(?)(?)(?)])(1 )(2 )(3 )]\n41: df96023b-dcd9-4be2-afa0-c6c871159ebe, 1, 0 [(0 [0xC004F014, 0, 0], [(?)(?)(?)(?)(?)(?)(?)(?)])(1 )(2 )(3 )]\n42: e0c42288-980c-4788-a014-c080d2e1926e, 1, 0 [(0 [0xC004F014, 0, 0], [(?)(?)(?)(?)(?)(?)(?)(?)])(1 )(2 )(3 )]\n43: e4db50ea-bda1-4566-b047-0ca50abc6f07, 1, 0 [(0 [0xC004F014, 0, 0], [(?)(?)(?)(?)(?)(?)(?)(?)])(1 )(2 )(3 )]\n44: e558417a-5123-4f6f-91e7-385c1c7ca9d4, 1, 0 [(0 [0xC004F014, 0, 0], [(?)(?)(?)(?)(?)(?)(?)(?)])(1 )(2 )(3 )]\n45: e7a950a2-e548-4f10-bf16-02ec848e0643, 1, 0 [(0 [0xC004F014, 0, 0], [(?)(?)(?)(?)(?)(?)(?)(?)])(1 )(2 )(3 )]\n46: eb6d346f-1c60-4643-b960-40ec31596c45, 1, 0 [(0 [0xC004F014, 0, 0], [(?)(?)(?)(?)(?)(?)(?)(?)])(1 )(2 )(3 )]\n47: ec868e65-fadf-4759-b23e-93fe37f2cc29, 1, 0 [(0 [0xC004F014, 0, 0], [(?)(?)(?)(?)(?)(?)(?)(?)])(1 )(2 )(3 )]\n48: ef51e000-2659-4f25-8345-3de70a9cf4c4, 1, 0 [(0 [0xC004F014, 0, 0], [(?)(?)(?)(?)(?)(?)(?)(?)])(1 )(2 )(3 )]\n49: f7af7d09-40e4-419c-a49b-eae366689ebd, 1, 0 [(0 [0xC004F014, 0, 0], [(?)(?)(?)(?)(?)(?)(?)(?)])(1 )(2 )(3 )]\n50: fa755fe6-6739-40b9-8d84-6d0ea3b6d1ab, 1, 0 [(0 [0xC004F014, 0, 0], [(?)(?)(?)(?)(?)(?)(?)(?)])(1 )(2 )(3 )]\n51: fe74f55b-0338-41d6-b267-4a201abe7285, 1, 0 [(0 [0xC004F014, 0, 0], [(?)(?)(?)(?)(?)(?)(?)(?)])(1 )(2 )(3 )]\n52: 0427ae42-b454-442d-b69a-d938b6a3bcdc, 1, 0 [(0 [0xC004F014, 0, 0], [(?)(?)(?)(?)(?)(?)(?)(?)])(1 )(2 )(3 )]\n53: 0b533b5e-08b6-44f9-b885-c2de291ba456, 1, 0 [(0 [0xC004F014, 0, 0], [(?)(?)(?)(?)(?)(?)(?)(?)])(1 )(2 )(3 )]\n54: 0c2ce8ac-7989-4e40-b934-068d8d71dd72, 1, 0 [(0 [0xC004F014, 0, 0], [(?)(?)(?)(?)(?)(?)(?)(?)])(1 )(2 )(3 )]\n55: 1043add5-23b1-4afb-9a0f-64343c8f3f8d, 1, 0 [(0 [0xC004F014, 0, 0], [(?)(?)(?)(?)(?)(?)(?)(?)])(1 )(2 )(3 )]\n56: 14240489-7c2d-42ee-a167-4913ca4672da, 1, 0 [(0 [0xC004F014, 0, 0], [(?)(?)(?)(?)(?)(?)(?)(?)])(1 )(2 )(3 )]\n57: 1d9c9529-17be-48f7-bba5-a16ed636cfcb, 0, 0 [0xC004F055]\n58: 2bd41139-19ec-49e9-8271-db6f9fe0052d, 1, 0 [(0 [0xC004F014, 0, 0], [(?)(?)(?)(?)(?)(?)(?)(?)])(1 )(2 )(3 )]\n59: 4acda200-3f2b-4b73-9839-f3603f99e7cd, 0, 0 [0xC004F055]\n60: 4dac5a0c-5709-4595-a32c-14a56a4a6b31, 0, 0 [0xC004F055]\n61: 5f1b1317-625e-4b1c-8d22-4bd93e3ae14e, 1, 0 [(0 [0xC004F014, 0, 0], [(?)(?)(?)(?)(?)(?)(?)(?)])(1 )(2 )(3 )]\n62: 75863c7d-946f-4ff2-a07c-5551dedd1e15, 1, 0 [(0 [0xC004F014, 0, 0], [(?)(?)(?)(?)(?)(?)(?)(?)])(1 )(2 )(3 )]\n63: 7b76ee02-0a75-4f08-85d5-bd0feadad0c0, 0, 0 [0xC004F055]\n64: 83d49986-add3-41d7-ba33-87c7bfb5c0fb, 1, 0 [(0 [0xC004F014, 0, 0], [(?)(?)(?)(?)(?)(?)(?)(?)])(1 )(2 )(3 )]\n65: 84b9b0fc-b69d-42a6-a21d-9e0ce4125f7e, 0, 0 [0xC004F055]\n66: 8fe12eb1-a7ab-4410-83fb-9f6dbcb4a574, 0, 0 [0xC004F055]\n67: 909aa75d-43ee-413c-9030-c62e43287cf8, 0, 0 [0xC004F055]\n68: a6da5617-cb89-4acb-beb5-ccdbb871c922, 1, 0 [(0 [0xC004F014, 0, 0], [(?)(?)(?)(?)(?)(?)(?)(?)])(1 )(2 )(3 )]\n69: a9fa3c71-7f63-4ea0-94be-1de2eab0a4d1, 0, 0 [0xC004F055]\n70: b705d67e-527a-4f11-b904-7be441066a22, 1, 0 [(0 [0xC004F014, 0, 0], [(?)(?)(?)(?)(?)(?)(?)(?)])(1 )(2 )(3 )]\n71: b8527af1-5389-447c-9a88-2d1691ea33d3, 0, 0 [0xC004F055]\n72: e5fbdd17-c03d-4bed-9567-c60dee82f47e, 0, 0 [0xC004F055]\n73: ed6568de-daeb-4b01-9c4a-5f89018125d8, 0, 0 [0xC004F055]\n74: f520e45e-7413-4a34-a497-d2765967d094, 1, 0 [(0 [0xC004F014, 0, 0], [(?)(?)(?)(?)(?)(?)(?)(?)])(1 )(2 )(3 )]\n75: f69e2d51-3bbd-4ddf-8da7-a145e9dca597, 0, 0 [0xC004F055]\n\n"",""Binary"":""""}}"
1934,1934,2025-07-29 17:07:55.5694815,902,LogAlways,Microsoft-Windows-Security-SPP,Application,0,0,DESKTOP-5A3QN5S,18,,,,,,,,,,,,False,C:\Users\VM\Desktop\Application.evtx,0x80000000000000,0,"{""EventData"":{""Data"":""10.0.19041.6093"",""Binary"":""""}}"
