1100,1100,2025-07-29 07:19:06.9923476,5615,Info,Microsoft-Windows-WMI,Application,1356,2072,DESKTOP-5A3QN5S,12,S-1-5-18,,,,,,,,,,,False,C:\Users\VM\Desktop\Application.evtx,Classic,0,"{""EventData"":""""}"
1101,1101,2025-07-29 07:19:12.6635100,102,Info,ESENT,Application,0,0,DESKTOP-5A3QN5S,12,,,,,,,,,,,,False,C:\Users\VM\Desktop\Application.evtx,0x80000000000000,0,"{""EventData"":{""Data"":""SearchIndexer, 2612,P,98, Windows: , 0, 10, 00, 19045, 0000"",""Binary"":""""}}"
1102,1102,2025-07-29 07:19:12.7087337,105,Info,ESENT,Application,0,0,DESKTOP-5A3QN5S,12,,,,,,,,,,,,False,C:\Users\VM\Desktop\Application.evtx,0x80000000000000,0,"{""EventData"":{""Data"":""SearchIndexer, 2612,D,0, Windows: , 0, 0, \n[1] 0.003680 +J(0) +M(C:0K, Fs:188, WS:728K # 728K, PF:4556K # 4556K, P:4556K)\n[2] 0.000223 +J(0) +M(C:0K, Fs:169, WS:672K # 672K, PF:936K # 936K, P:936K)\n[3] 0.000038 +J(0) +M(C:0K, Fs:12, WS:44K # 44K, PF:68K # 68K, P:68K)\n[4] 0.000067 +J(0) +M(C:0K, Fs:23, WS:92K # 92K, PF:348K # 348K, P:348K)\n[5] 0.000952 +J(0) +M(C:0K, Fs:9, WS:36K # 36K, PF:20K # 20K, P:20K)\n[6] 0.009319 +J(0) +M(C:0K, Fs:27, WS:108K # 108K, PF:12K # 12K, P:12K)\n[7] 0.039718 -0.013407 (2) WT +J(0) +M(C:0K, Fs:275, WS:1096K # 1096K, PF:1032K # 1032K, P:1032K)\n[8] -\n[9] -\n[10] -\n[11] -\n[12] -\n[13] 0.011206 -0.000936 (1) WT +J(CM:0, PgRf:0, Rd:0/0, Dy:0/0, Lg:616/1) +M(C:0K, Fs:11, WS:-988K # 24K, PF:-1024K # 12K, P:-1024K)\n[14] 0.000018 +J(0) +M(C:0K, Fs:1, WS:4K # 0K, PF:0K # 0K, P:0K)\n[15] 0.000071 +J(0) +M(C:0K, Fs:65, WS:256K # 0K, PF:68K # 0K, P:68K)\n[16] 0.000192 +J(0) +M(C:0K, Fs:3, WS:4K # 0K, PF:0K # 0K, P:0K)."",""Binary"":""""}}"
1103,1103,2025-07-29 07:19:12.8984530,326,Info,ESENT,Application,0,0,DESKTOP-5A3QN5S,12,,NTDS the database engine attached a database,,,"Database: s: , 1, C:\ProgramData\Microsoft\Search\Data\Applications\Windows\Windows.edb",,,,,,,False,C:\Users\VM\Desktop\Application.evtx,0x80000000000000,0,"{""EventData"":{""Data"":""SearchIndexer, 2612,D,50, Windows: , 1, C:\\ProgramData\\Microsoft\\Search\\Data\\Applications\\Windows\\Windows.edb, 0, \n[1] 0.000004 +J(0) +M(C:0K, Fs:1, WS:4K # 0K, PF:0K # 0K, P:0K)\n[2] 0.002250 -0.001776 (1) WT +J(0) +M(C:0K, Fs:26, WS:40K # 0K, PF:32K # 0K, P:32K)\n[3] 0.034955 -0.024690 (6) WT +J(CM:0, PgRf:0, Rd:0/0, Dy:0/0, Lg:3480/2) +M(C:0K, Fs:38, WS:120K # 0K, PF:140K # 0K, P:140K)\n[4] 0.000106 +J(0) +M(C:0K, Fs:1, WS:4K # 0K, PF:0K # 0K, P:0K)\n[5] -\n[6] -\n[7] -\n[8] 0.004733 -0.003083 (2) CM +J(CM:2, PgRf:2, Rd:14/2, Dy:0/0, Lg:54/1) +M(C:0K, Fs:50, WS:196K # 0K, PF:684K # 0K, P:684K)\n[9] 0.134416 -0.002560 (5) CM -0.129870 (1) WT +J(CM:5, PgRf:23, Rd:0/5, Dy:0/0, Lg:0/0) +M(C:0K, Fs:73, WS:292K # 0K, PF:256K # 148K, P:256K)\n[10] 0.002342 -0.001364 (1) CM +J(CM:1, PgRf:40, Rd:0/1, Dy:0/0, Lg:0/0) +M(C:0K, Fs:9, WS:36K # 24K, PF:96K # 96K, P:96K)\n[11] 0.000020 +J(CM:0, PgRf:1, Rd:0/0, Dy:0/0, Lg:0/0) +M(C:0K, Fs:2, WS:8K # 8K, PF:0K # 0K, P:0K)\n[12] 0.000050 +J(CM:0, PgRf:42, Rd:0/0, Dy:0/0, Lg:0/0) +M(C:0K, Fs:3, WS:12K # 12K, PF:0K # 0K, P:0K)\n[13] 0.000001 +J(0)\n[14] 0.0 +J(0)\n[15] 0.000007 +J(CM:0, PgRf:1, Rd:0/0, Dy:0/0, Lg:0/0)., 0 0, lgposAttach = 00000008:00AF:0268,\ndbv = 1568.110.240"",""Binary"":""""}}"
1104,1104,2025-07-29 07:19:13.2713413,1000,Error,Application Error,Application,0,0,DESKTOP-5A3QN5S,12,,Application Error,,,,,,,,,MsMpEng.exe | KERNELBASE.dll | Defender\platform\4.18.25060.7-0\MsMpEng.exe | C:\Windows\SYSTEM32\KERNELBASE.dll,False,C:\Users\VM\Desktop\Application.evtx,0x80000000000000,0,"{""EventData"":{""Data"":""MsMpEng.exe, 4.18.25060.7, e97fcf6e, KERNELBASE.dll, 10.0.19041.6033, 82067952, c06d007e, 0000000000025339, 870, 01dc0059121f9a7a, C:\\ProgramData\\Microsoft\\Windows Defender\\platform\\4.18.25060.7-0\\MsMpEng.exe, C:\\Windows\\SYSTEM32\\KERNELBASE.dll, 1d0924db-2655-4c36-9793-3e5a75801ff6"",""Binary"":""""}}"
1105,1105,2025-07-29 07:19:13.3341447,1003,Info,Microsoft-Windows-Search,Application,0,0,DESKTOP-5A3QN5S,12,,,,,,,,,,,,False,C:\Users\VM\Desktop\Application.evtx,0x80000000000000,0,"{""EventData"":{""Data"":{""@Name"":""ExtraInfo"",""#text"":"", ""}}}"
1106,1106,2025-07-29 07:19:14.0678737,1001,Info,Windows Error Reporting,Application,0,0,DESKTOP-5A3QN5S,12,,Application Crash,,,,,,,,,MsMpEng.exe | KERNELBASE.dll | \C:\ProgramData\Microsoft\Windows\WER\ReportQueue\AppCrash_MsMpEng.exe,False,C:\Users\VM\Desktop\Application.evtx,0x80000000000000,0,"{""EventData"":{""Data"":""0, APPCRASH, Not available, 0, MsMpEng.exe, 4.18.25060.7, e97fcf6e, KERNELBASE.dll, 10.0.19041.6033, 82067952, c06d007e, 0000000000025339, \\\\?\\C:\\ProgramData\\Microsoft\\Windows\\WER\\ReportQueue\\AppCrash_MsMpEng.exe_c15ee1a5d8243d57ef4f678c429815f7c84d998_b38ea22c_122dd45d-e65c-4e93-9a05-7a86e7f8eb73, 0, 1d0924db-2655-4c36-9793-3e5a75801ff6, 4, 0"",""Binary"":""""}}"
1107,1107,2025-07-29 07:19:15.0677740,1532,Info,Microsoft-Windows-User Profiles Service,Application,1356,1824,DESKTOP-5A3QN5S,12,S-1-5-18,,,,,,,,,,,False,C:\Users\VM\Desktop\Application.evtx,Classic,0,"{""EventData"":""""}"
1108,1108,2025-07-29 07:19:43.6452989,4625,Info,Microsoft-Windows-EventSystem,Application,0,0,DESKTOP-5A3QN5S,12,,,,,,,,,,,,False,C:\Users\VM\Desktop\Application.evtx,0x80000000000000,0,"{""EventData"":{""Data"":[{""@Name"":""param1"",""#text"":""86400""},{""@Name"":""param2"",""#text"":""SuppressDuplicateDuration""},{""@Name"":""param3"",""#text"":""Software\\Microsoft\\EventSystem\\EventLog""}]}}"
1109,1109,2025-07-29 07:19:43.6737385,1531,Info,Microsoft-Windows-User Profiles Service,Application,500,1412,DESKTOP-5A3QN5S,12,S-1-5-18,,,,,,,,,,,False,C:\Users\VM\Desktop\Application.evtx,Classic,0,"{""EventData"":""""}"
1110,1110,2025-07-29 07:19:46.3510690,5615,Info,Microsoft-Windows-WMI,Application,500,2244,DESKTOP-5A3QN5S,12,S-1-5-18,,,,,,,,,,,False,C:\Users\VM\Desktop\Application.evtx,Classic,0,"{""EventData"":""""}"
1111,1111,2025-07-29 07:19:48.1266395,5617,Info,Microsoft-Windows-WMI,Application,500,1748,DESKTOP-5A3QN5S,12,S-1-5-18,,,,,,,,,,,False,C:\Users\VM\Desktop\Application.evtx,Classic,0,"{""EventData"":""""}"
1112,1112,2025-07-29 07:19:49.4881633,9027,Info,Desktop Window Manager,Application,0,0,DESKTOP-5A3QN5S,12,,,,,,,,,,,,False,C:\Users\VM\Desktop\Application.evtx,0x80000000000000,0,"{""EventData"":{""Data"":"""",""Binary"":""""}}"
1113,1113,2025-07-29 07:19:51.6524661,102,Info,ESENT,Application,0,0,DESKTOP-5A3QN5S,12,,,,,,,,,,,,False,C:\Users\VM\Desktop\Application.evtx,0x80000000000000,0,"{""EventData"":{""Data"":""SearchIndexer, 2320,P,98, Windows: , 0, 10, 00, 19045, 0000"",""Binary"":""""}}"
1114,1114,2025-07-29 07:19:51.6524661,105,Info,ESENT,Application,0,0,DESKTOP-5A3QN5S,12,,,,,,,,,,,,False,C:\Users\VM\Desktop\Application.evtx,0x80000000000000,0,"{""EventData"":{""Data"":""SearchIndexer, 2320,D,0, Windows: , 0, 0, \n[1] 0.007797 +J(0) +M(C:0K, Fs:245, WS:956K # 956K, PF:5096K # 5096K, P:5096K)\n[2] 0.000273 +J(0) +M(C:0K, Fs:113, WS:452K # 452K, PF:404K # 404K, P:404K)\n[3] 0.004201 +J(0) +M(C:0K, Fs:12, WS:44K # 44K, PF:68K # 68K, P:68K)\n[4] 0.000106 +J(0) +M(C:0K, Fs:25, WS:100K # 100K, PF:356K # 356K, P:356K)\n[5] 0.000672 +J(0) +M(C:0K, Fs:12, WS:48K # 48K, PF:24K # 32K, P:24K)\n[6] 0.003470 +J(0) +M(C:0K, Fs:27, WS:108K # 108K, PF:24K # 16K, P:24K)\n[7] 0.010719 -0.007556 (2) WT +J(0) +M(C:0K, Fs:274, WS:1092K # 1092K, PF:1028K # 1028K, P:1028K)\n[8] -\n[9] -\n[10] -\n[11] -\n[12] -\n[13] 0.009710 -0.000121 (1) WT +J(CM:0, PgRf:0, Rd:0/0, Dy:0/0, Lg:616/1) +M(C:0K, Fs:11, WS:-988K # 24K, PF:-1024K # 12K, P:-1024K)\n[14] 0.000021 +J(0) +M(C:0K, Fs:1, WS:4K # 0K, PF:0K # 0K, P:0K)\n[15] 0.000075 +J(0) +M(C:0K, Fs:65, WS:256K # 0K, PF:68K # 0K, P:68K)\n[16] 0.000210 -0.000001 (1) WT +J(0) +M(C:0K, Fs:3, WS:4K # 0K, PF:0K # 0K, P:0K)."",""Binary"":""""}}"
1115,1115,2025-07-29 07:19:51.8419631,326,Info,ESENT,Application,0,0,DESKTOP-5A3QN5S,12,,NTDS the database engine attached a database,,,"Database: s: , 1, C:\ProgramData\Microsoft\Search\Data\Applications\Windows\Windows.edb",,,,,,,False,C:\Users\VM\Desktop\Application.evtx,0x80000000000000,0,"{""EventData"":{""Data"":""SearchIndexer, 2320,D,50, Windows: , 1, C:\\ProgramData\\Microsoft\\Search\\Data\\Applications\\Windows\\Windows.edb, 0, \n[1] 0.000005 +J(0) +M(C:0K, Fs:1, WS:4K # 0K, PF:0K # 0K, P:0K)\n[2] 0.001020 -0.000454 (1) WT +J(0) +M(C:0K, Fs:26, WS:40K # 0K, PF:32K # 0K, P:32K)\n[3] 0.013130 -0.005076 (6) WT +J(CM:0, PgRf:0, Rd:0/0, Dy:0/0, Lg:3480/2) +M(C:0K, Fs:39, WS:124K # 0K, PF:136K # 0K, P:136K)\n[4] 0.000077 +J(0) +M(C:0K, Fs:1, WS:4K # 0K, PF:0K # 0K, P:0K)\n[5] -\n[6] -\n[7] -\n[8] 0.002276 -0.001777 (2) CM +J(CM:2, PgRf:2, Rd:14/2, Dy:0/0, Lg:54/1) +M(C:0K, Fs:47, WS:184K # 0K, PF:684K # 0K, P:684K)\n[9] 0.119748 -0.000567 (5) CM -0.117855 (2) WT +J(CM:5, PgRf:23, Rd:0/5, Dy:0/0, Lg:0/0) +M(C:0K, Fs:73, WS:292K # 0K, PF:256K # 144K, P:256K)\n[10] 0.000404 -0.000315 (1) CM +J(CM:1, PgRf:40, Rd:0/1, Dy:0/0, Lg:0/0) +M(C:0K, Fs:9, WS:36K # 28K, PF:96K # 96K, P:96K)\n[11] 0.000016 +J(CM:0, PgRf:1, Rd:0/0, Dy:0/0, Lg:0/0) +M(C:0K, Fs:2, WS:8K # 8K, PF:0K # 0K, P:0K)\n[12] 0.000191 +J(CM:0, PgRf:42, Rd:0/0, Dy:0/0, Lg:0/0) +M(C:0K, Fs:3, WS:12K # 12K, PF:0K # 0K, P:0K)\n[13] 0.0 +J(0)\n[14] 0.0 +J(0)\n[15] 0.000004 +J(CM:0, PgRf:1, Rd:0/0, Dy:0/0, Lg:0/0)., 0 0, lgposAttach = 00000008:00C1:0268,\ndbv = 1568.110.240"",""Binary"":""""}}"
1116,1116,2025-07-29 07:19:52.2557321,1003,Info,Microsoft-Windows-Search,Application,0,0,DESKTOP-5A3QN5S,12,,,,,,,,,,,,False,C:\Users\VM\Desktop\Application.evtx,0x80000000000000,0,"{""EventData"":{""Data"":{""@Name"":""ExtraInfo"",""#text"":"", ""}}}"
1117,1117,2025-07-29 07:20:02.5487206,1001,Info,Windows Error Reporting,Application,0,0,DESKTOP-5A3QN5S,12,,Application Crash,,,,,,,,,MsMpEng.exe | KERNELBASE.dll | \C:\ProgramData\Microsoft\Windows\WER\ReportArchive\AppCrash_MsMpEng.exe,False,C:\Users\VM\Desktop\Application.evtx,0x80000000000000,0,"{""EventData"":{""Data"":""1911289782786096872, 4, APPCRASH, Not available, 0, MsMpEng.exe, 4.18.25060.7, e97fcf6e, KERNELBASE.dll, 10.0.19041.6033, 82067952, c06d007e, 0000000000025339, \n\\\\?\\C:\\ProgramData\\Microsoft\\Windows\\WER\\Temp\\WER7BC7.tmp.WERInternalMetadata.xml, \\\\?\\C:\\ProgramData\\Microsoft\\Windows\\WER\\ReportArchive\\AppCrash_MsMpEng.exe_c15ee1a5d8243d57ef4f678c429815f7c84d998_b38ea22c_122dd45d-e65c-4e93-9a05-7a86e7f8eb73, 0, 1d0924db-2655-4c36-9793-3e5a75801ff6, 268435456, 3ed2f30cb73fbde31a8643ee55cc7ee8, 0"",""Binary"":""""}}"
1118,1118,2025-07-29 07:20:24.0229938,63,Warning,Microsoft-Windows-WMI,Application,500,3752,DESKTOP-5A3QN5S,12,S-1-5-18,,,,,,,,,,,False,C:\Users\VM\Desktop\Application.evtx,Classic,0,"{""UserData"":{""data_0x8000003F"":{""Provider"":""DMWmiBridgeProv"",""Namespace"":""root\\cimv2\\mdm\\dmmap""}}}"
1119,1119,2025-07-29 07:20:24.0266086,63,Warning,Microsoft-Windows-WMI,Application,500,1748,DESKTOP-5A3QN5S,12,S-1-5-18,,,,,,,,,,,False,C:\Users\VM\Desktop\Application.evtx,Classic,0,"{""UserData"":{""data_0x8000003F"":{""Provider"":""DMWmiBridgeProv"",""Namespace"":""root\\cimv2\\mdm\\dmmap""}}}"
1120,1120,2025-07-29 07:20:24.0285420,63,Warning,Microsoft-Windows-WMI,Application,500,1748,DESKTOP-5A3QN5S,12,S-1-5-18,,,,,,,,,,,False,C:\Users\VM\Desktop\Application.evtx,Classic,0,"{""UserData"":{""data_0x8000003F"":{""Provider"":""DMWmiBridgeProv"",""Namespace"":""root\\cimv2\\mdm\\dmmap""}}}"
1121,1121,2025-07-29 07:20:24.6852374,900,Info,Microsoft-Windows-Security-SPP,Application,0,0,DESKTOP-5A3QN5S,12,,,,,,,,,,,,False,C:\Users\VM\Desktop\Application.evtx,0x80000000000000,0,"{""EventData"":{""Data"":""TriggerStarted:6"",""Binary"":""""}}"
1122,1122,2025-07-29 07:20:24.7303945,16394,Info,Microsoft-Windows-Security-SPP,Application,0,0,DESKTOP-5A3QN5S,12,,,,,,,,,,,,False,C:\Users\VM\Desktop\Application.evtx,0x80000000000000,0,"{""EventData"":{""Data"":"""",""Binary"":""""}}"
1123,1123,2025-07-29 07:20:24.8427612,1066,Info,Microsoft-Windows-Security-SPP,Application,0,0,DESKTOP-5A3QN5S,12,,,,,,,,,,,,False,C:\Users\VM\Desktop\Application.evtx,0x80000000000000,0,"{""EventData"":{""Data"":""C:\\Windows\\system32\\sppwinob.dll, msft:spp/windowsfunctionality/agent/7.0, 0x00000000, 0x00000000\nC:\\Windows\\system32\\sppobjs.dll, msft:rm/algorithm/inherited/1.0, 0x00000000, 0x00000000\nC:\\Windows\\system32\\sppobjs.dll, msft:rm/algorithm/phone/1.0, 0x00000000, 0x00000000\nC:\\Windows\\system32\\sppobjs.dll, msft:rm/algorithm/pkey/detect, 0x00000000, 0x00000000\nC:\\Windows\\system32\\sppobjs.dll, msft:spp/ActionScheduler/1.0, 0x00000000, 0x00000000\nC:\\Windows\\system32\\sppobjs.dll, msft:spp/TaskScheduler/1.0, 0x00000000, 0x00000000\nC:\\Windows\\system32\\sppobjs.dll, msft:spp/statecollector/pkey, 0x00000000, 0x00000000\nC:\\Windows\\system32\\sppobjs.dll, msft:spp/volume/services/kms/1.0, 0x00000000, 0x00000000\nC:\\Windows\\system32\\sppobjs.dll, msft:spp/volume/services/kms/activationinfo/1.0, 0x00000000, 0x00000000\n"",""Binary"":""""}}"
1124,1124,2025-07-29 07:20:24.2711604,63,Warning,Microsoft-Windows-WMI,Application,500,3752,DESKTOP-5A3QN5S,12,S-1-5-18,,,,,,,,,,,False,C:\Users\VM\Desktop\Application.evtx,Classic,0,"{""UserData"":{""data_0x8000003F"":{""Provider"":""DMWmiBridgeProv1"",""Namespace"":""root\\cimv2\\mdm\\dmmap""}}}"
1125,1125,2025-07-29 07:20:24.2732398,63,Warning,Microsoft-Windows-WMI,Application,500,1748,DESKTOP-5A3QN5S,12,S-1-5-18,,,,,,,,,,,False,C:\Users\VM\Desktop\Application.evtx,Classic,0,"{""UserData"":{""data_0x8000003F"":{""Provider"":""DMWmiBridgeProv1"",""Namespace"":""root\\cimv2\\mdm\\dmmap""}}}"
1126,1126,2025-07-29 07:20:24.2756596,63,Warning,Microsoft-Windows-WMI,Application,500,1748,DESKTOP-5A3QN5S,12,S-1-5-18,,,,,,,,,,,False,C:\Users\VM\Desktop\Application.evtx,Classic,0,"{""UserData"":{""data_0x8000003F"":{""Provider"":""DMWmiBridgeProv1"",""Namespace"":""root\\cimv2\\mdm\\dmmap""}}}"
1127,1127,2025-07-29 07:20:26.7068196,1004,Info,Microsoft-Windows-Security-SPP,Application,0,0,DESKTOP-5A3QN5S,12,,,,,,,,,,,,False,C:\Users\VM\Desktop\Application.evtx,0x80000000000000,0,"{""EventData"":{""Data"":""Windows(R) Client-ESU-Year1 Product PPD License, 685c1632-5b2d-bba4-ad82-71f03f53d9db"",""Binary"":""""}}"
1128,1128,2025-07-29 07:20:26.7152595,1004,Info,Microsoft-Windows-Security-SPP,Application,0,0,DESKTOP-5A3QN5S,12,,,,,,,,,,,,False,C:\Users\VM\Desktop\Application.evtx,0x80000000000000,0,"{""EventData"":{""Data"":""Windows(R) UL oob License (Public), 1adc2dd7-a16e-4053-9cfb-0900325e7bd2"",""Binary"":""""}}"
1129,1129,2025-07-29 07:20:26.7152595,1004,Info,Microsoft-Windows-Security-SPP,Application,0,0,DESKTOP-5A3QN5S,12,,,,,,,,,,,,False,C:\Users\VM\Desktop\Application.evtx,0x80000000000000,0,"{""EventData"":{""Data"":""Windows(R) UL oob License (Private), 6b098758-7ae4-4021-b53b-dd4832cae6f4"",""Binary"":""""}}"
1130,1130,2025-07-29 07:20:26.7152595,1004,Info,Microsoft-Windows-Security-SPP,Application,0,0,DESKTOP-5A3QN5S,12,,,,,,,,,,,,False,C:\Users\VM\Desktop\Application.evtx,0x80000000000000,0,"{""EventData"":{""Data"":""Windows(R) UL volume License (Public), 3d47a31a-e0e7-4fa5-bb0e-34f904051f43"",""Binary"":""""}}"
1131,1131,2025-07-29 07:20:26.7152595,1004,Info,Microsoft-Windows-Security-SPP,Application,0,0,DESKTOP-5A3QN5S,12,,,,,,,,,,,,False,C:\Users\VM\Desktop\Application.evtx,0x80000000000000,0,"{""EventData"":{""Data"":""Windows(R) UL volume License (Private), 78adf3e8-a836-466f-827b-d5034cb1b514"",""Binary"":""""}}"
1132,1132,2025-07-29 07:20:26.7152595,1004,Info,Microsoft-Windows-Security-SPP,Application,0,0,DESKTOP-5A3QN5S,12,,,,,,,,,,,,False,C:\Users\VM\Desktop\Application.evtx,0x80000000000000,0,"{""EventData"":{""Data"":""Windows(R) Publishing License (Public), 9e1dbc6c-8d91-461c-b32c-5041d8b49fda"",""Binary"":""""}}"
1133,1133,2025-07-29 07:20:26.7152595,1004,Info,Microsoft-Windows-Security-SPP,Application,0,0,DESKTOP-5A3QN5S,12,,,,,,,,,,,,False,C:\Users\VM\Desktop\Application.evtx,0x80000000000000,0,"{""EventData"":{""Data"":""Windows(R) Publishing License (Private), 76752a38-1ef8-408c-95c6-289c2272302b"",""Binary"":""""}}"
1134,1134,2025-07-29 07:20:26.7152595,1004,Info,Microsoft-Windows-Security-SPP,Application,0,0,DESKTOP-5A3QN5S,12,,,,,,,,,,,,False,C:\Users\VM\Desktop\Application.evtx,0x80000000000000,0,"{""EventData"":{""Data"":""Windows(R) UL oob License (Public), da5dc6c5-52c3-4065-b1d3-7cbaea1fd62b"",""Binary"":""""}}"
1135,1135,2025-07-29 07:20:26.7152595,1004,Info,Microsoft-Windows-Security-SPP,Application,0,0,DESKTOP-5A3QN5S,12,,,,,,,,,,,,False,C:\Users\VM\Desktop\Application.evtx,0x80000000000000,0,"{""EventData"":{""Data"":""Windows(R) UL oob License (Private), 7377d735-3eb9-4210-9626-c3a45afe073f"",""Binary"":""""}}"
1136,1136,2025-07-29 07:20:26.7349738,1004,Info,Microsoft-Windows-Security-SPP,Application,0,0,DESKTOP-5A3QN5S,12,,,,,,,,,,,,False,C:\Users\VM\Desktop\Application.evtx,0x80000000000000,0,"{""EventData"":{""Data"":""Windows(R) UL phone License (Public), 9eab5110-95ab-4dab-a586-441d4bf4167e"",""Binary"":""""}}"
1137,1137,2025-07-29 07:20:26.7349738,1004,Info,Microsoft-Windows-Security-SPP,Application,0,0,DESKTOP-5A3QN5S,12,,,,,,,,,,,,False,C:\Users\VM\Desktop\Application.evtx,0x80000000000000,0,"{""EventData"":{""Data"":""Windows(R) UL phone License (Private), ee016747-8c3c-4ee1-842b-9a62015d4b3f"",""Binary"":""""}}"
1138,1138,2025-07-29 07:20:26.7387648,1004,Info,Microsoft-Windows-Security-SPP,Application,0,0,DESKTOP-5A3QN5S,12,,,,,,,,,,,,False,C:\Users\VM\Desktop\Application.evtx,0x80000000000000,0,"{""EventData"":{""Data"":""Windows(R) UL store License (Public), 58a6000c-8cc2-4c3e-abfc-5c39dde54e2f"",""Binary"":""""}}"
1139,1139,2025-07-29 07:20:26.7387648,1004,Info,Microsoft-Windows-Security-SPP,Application,0,0,DESKTOP-5A3QN5S,12,,,,,,,,,,,,False,C:\Users\VM\Desktop\Application.evtx,0x80000000000000,0,"{""EventData"":{""Data"":""Windows(R) UL store License (Private), 5ba76cc8-6fd6-4f3a-b73c-6f183fedffbd"",""Binary"":""""}}"
1140,1140,2025-07-29 07:20:26.7387648,1004,Info,Microsoft-Windows-Security-SPP,Application,0,0,DESKTOP-5A3QN5S,12,,,,,,,,,,,,False,C:\Users\VM\Desktop\Application.evtx,0x80000000000000,0,"{""EventData"":{""Data"":""DefaultPpd-Client-ESU-Year1 Component PPD License, 5113d278-e6b3-938c-ad0e-270aa3540023"",""Binary"":""""}}"
1141,1141,2025-07-29 07:20:26.7387648,1004,Info,Microsoft-Windows-Security-SPP,Application,0,0,DESKTOP-5A3QN5S,12,,,,,,,,,,,,False,C:\Users\VM\Desktop\Application.evtx,0x80000000000000,0,"{""EventData"":{""Data"":""Windows(R) Client-ESU-Year2 Product PPD License, 86e6456f-0a91-9017-3444-ea76dbe7d021"",""Binary"":""""}}"
1142,1142,2025-07-29 07:20:26.7534702,1004,Info,Microsoft-Windows-Security-SPP,Application,0,0,DESKTOP-5A3QN5S,12,,,,,,,,,,,,False,C:\Users\VM\Desktop\Application.evtx,0x80000000000000,0,"{""EventData"":{""Data"":""Windows(R) UL oob License (Public), 34ae1d23-23e4-4f8c-ae4f-82d3fc73f16c"",""Binary"":""""}}"
1143,1143,2025-07-29 07:20:26.7534702,1004,Info,Microsoft-Windows-Security-SPP,Application,0,0,DESKTOP-5A3QN5S,12,,,,,,,,,,,,False,C:\Users\VM\Desktop\Application.evtx,0x80000000000000,0,"{""EventData"":{""Data"":""Windows(R) UL oob License (Private), c059fc2c-733d-4861-9ced-6bd335a58a48"",""Binary"":""""}}"
1144,1144,2025-07-29 07:20:26.7601264,1004,Info,Microsoft-Windows-Security-SPP,Application,0,0,DESKTOP-5A3QN5S,12,,,,,,,,,,,,False,C:\Users\VM\Desktop\Application.evtx,0x80000000000000,0,"{""EventData"":{""Data"":""Windows(R) UL volume License (Public), 0345401d-b89f-4fff-a44e-b5ca31e7af29"",""Binary"":""""}}"
1145,1145,2025-07-29 07:20:26.7601264,1004,Info,Microsoft-Windows-Security-SPP,Application,0,0,DESKTOP-5A3QN5S,12,,,,,,,,,,,,False,C:\Users\VM\Desktop\Application.evtx,0x80000000000000,0,"{""EventData"":{""Data"":""Windows(R) UL volume License (Private), 33d4e294-a93b-425f-ad36-2afed8fdcee2"",""Binary"":""""}}"
1146,1146,2025-07-29 07:20:26.7601264,1004,Info,Microsoft-Windows-Security-SPP,Application,0,0,DESKTOP-5A3QN5S,12,,,,,,,,,,,,False,C:\Users\VM\Desktop\Application.evtx,0x80000000000000,0,"{""EventData"":{""Data"":""Windows(R) Publishing License (Public), 3c5f3efe-6eb3-418e-8d38-05595e3dd878"",""Binary"":""""}}"
1147,1147,2025-07-29 07:20:26.7601264,1004,Info,Microsoft-Windows-Security-SPP,Application,0,0,DESKTOP-5A3QN5S,12,,,,,,,,,,,,False,C:\Users\VM\Desktop\Application.evtx,0x80000000000000,0,"{""EventData"":{""Data"":""Windows(R) Publishing License (Private), 44233e2b-b8b4-4348-9bce-277918ce4fbd"",""Binary"":""""}}"
1148,1148,2025-07-29 07:20:26.7601264,1004,Info,Microsoft-Windows-Security-SPP,Application,0,0,DESKTOP-5A3QN5S,12,,,,,,,,,,,,False,C:\Users\VM\Desktop\Application.evtx,0x80000000000000,0,"{""EventData"":{""Data"":""Windows(R) UL oob License (Public), 93513b5c-8798-498b-82ef-32e71bac2924"",""Binary"":""""}}"
1149,1149,2025-07-29 07:20:26.7601264,1004,Info,Microsoft-Windows-Security-SPP,Application,0,0,DESKTOP-5A3QN5S,12,,,,,,,,,,,,False,C:\Users\VM\Desktop\Application.evtx,0x80000000000000,0,"{""EventData"":{""Data"":""Windows(R) UL oob License (Private), 4005bd1e-e6cf-46ca-94f5-55ccca8085b9"",""Binary"":""""}}"
1150,1150,2025-07-29 07:20:26.7601264,1004,Info,Microsoft-Windows-Security-SPP,Application,0,0,DESKTOP-5A3QN5S,12,,,,,,,,,,,,False,C:\Users\VM\Desktop\Application.evtx,0x80000000000000,0,"{""EventData"":{""Data"":""Windows(R) UL phone License (Public), 973c662f-bf4e-4ab7-a1ff-afe03439cf6a"",""Binary"":""""}}"
1151,1151,2025-07-29 07:20:26.7601264,1004,Info,Microsoft-Windows-Security-SPP,Application,0,0,DESKTOP-5A3QN5S,12,,,,,,,,,,,,False,C:\Users\VM\Desktop\Application.evtx,0x80000000000000,0,"{""EventData"":{""Data"":""Windows(R) UL phone License (Private), 8ced5500-9d80-40fe-b2c7-dcb91902ac91"",""Binary"":""""}}"
1152,1152,2025-07-29 07:20:26.7809587,1004,Info,Microsoft-Windows-Security-SPP,Application,0,0,DESKTOP-5A3QN5S,12,,,,,,,,,,,,False,C:\Users\VM\Desktop\Application.evtx,0x80000000000000,0,"{""EventData"":{""Data"":""Windows(R) UL store License (Public), 28ec3b24-88fb-4dbf-8c0c-061ce6a1127d"",""Binary"":""""}}"
1153,1153,2025-07-29 07:20:26.7809587,1004,Info,Microsoft-Windows-Security-SPP,Application,0,0,DESKTOP-5A3QN5S,12,,,,,,,,,,,,False,C:\Users\VM\Desktop\Application.evtx,0x80000000000000,0,"{""EventData"":{""Data"":""Windows(R) UL store License (Private), f9c7be80-c25b-4181-aeb6-6c62253fdcc6"",""Binary"":""""}}"
1154,1154,2025-07-29 07:20:26.7840309,1004,Info,Microsoft-Windows-Security-SPP,Application,0,0,DESKTOP-5A3QN5S,12,,,,,,,,,,,,False,C:\Users\VM\Desktop\Application.evtx,0x80000000000000,376,"{""EventData"":{""Data"":""DefaultPpd-Client-ESU-Year2 Component PPD License, 03f4e4cd-1b67-d453-db4d-9c09ef87e166"",""Binary"":""""}}"
1155,1155,2025-07-29 07:20:26.7840309,1004,Info,Microsoft-Windows-Security-SPP,Application,0,0,DESKTOP-5A3QN5S,12,,,,,,,,,,,,False,C:\Users\VM\Desktop\Application.evtx,0x80000000000000,0,"{""EventData"":{""Data"":""Windows(R) Client-ESU-Year3 Product PPD License, 8cb27a5f-fae7-bbe2-8fb8-909deed6ddb6"",""Binary"":""""}}"
1156,1156,2025-07-29 07:20:26.7980218,1004,Info,Microsoft-Windows-Security-SPP,Application,0,0,DESKTOP-5A3QN5S,12,,,,,,,,,,,,False,C:\Users\VM\Desktop\Application.evtx,0x80000000000000,0,"{""EventData"":{""Data"":""Windows(R) UL oob License (Public), e8b1bace-806c-4d4e-a539-672b537aaa57"",""Binary"":""""}}"
1157,1157,2025-07-29 07:20:26.7980218,1004,Info,Microsoft-Windows-Security-SPP,Application,0,0,DESKTOP-5A3QN5S,12,,,,,,,,,,,,False,C:\Users\VM\Desktop\Application.evtx,0x80000000000000,0,"{""EventData"":{""Data"":""Windows(R) UL oob License (Private), 75f81eca-f154-48af-8b18-5da531aab9a9"",""Binary"":""""}}"
1158,1158,2025-07-29 07:20:26.8034188,1004,Info,Microsoft-Windows-Security-SPP,Application,0,0,DESKTOP-5A3QN5S,12,,,,,,,,,,,,False,C:\Users\VM\Desktop\Application.evtx,0x80000000000000,0,"{""EventData"":{""Data"":""Windows(R) UL volume License (Public), 705b7600-85e5-4923-bd24-7de40af17cc4"",""Binary"":""""}}"
1159,1159,2025-07-29 07:20:26.8034188,1004,Info,Microsoft-Windows-Security-SPP,Application,0,0,DESKTOP-5A3QN5S,12,,,,,,,,,,,,False,C:\Users\VM\Desktop\Application.evtx,0x80000000000000,0,"{""EventData"":{""Data"":""Windows(R) UL volume License (Private), 13a8d740-c419-480b-9028-0aafefa8047d"",""Binary"":""""}}"
1160,1160,2025-07-29 07:20:26.8050536,1004,Info,Microsoft-Windows-Security-SPP,Application,0,0,DESKTOP-5A3QN5S,12,,,,,,,,,,,,False,C:\Users\VM\Desktop\Application.evtx,0x80000000000000,0,"{""EventData"":{""Data"":""Windows(R) Publishing License (Public), 6c0772d6-7380-403f-853a-4ebdf0550ac7"",""Binary"":""""}}"
1161,1161,2025-07-29 07:20:26.8050536,1004,Info,Microsoft-Windows-Security-SPP,Application,0,0,DESKTOP-5A3QN5S,12,,,,,,,,,,,,False,C:\Users\VM\Desktop\Application.evtx,0x80000000000000,0,"{""EventData"":{""Data"":""Windows(R) Publishing License (Private), a043649b-747f-47d0-ba90-96bd269cd71a"",""Binary"":""""}}"
1162,1162,2025-07-29 07:20:26.8050536,1004,Info,Microsoft-Windows-Security-SPP,Application,0,0,DESKTOP-5A3QN5S,12,,,,,,,,,,,,False,C:\Users\VM\Desktop\Application.evtx,0x80000000000000,0,"{""EventData"":{""Data"":""Windows(R) UL oob License (Public), b966e637-abb8-4d4b-bd05-1bc8a1f689e1"",""Binary"":""""}}"
1163,1163,2025-07-29 07:20:26.8050536,1004,Info,Microsoft-Windows-Security-SPP,Application,0,0,DESKTOP-5A3QN5S,12,,,,,,,,,,,,False,C:\Users\VM\Desktop\Application.evtx,0x80000000000000,0,"{""EventData"":{""Data"":""Windows(R) UL oob License (Private), 0d68e750-d508-47bd-ac87-627cb1978cab"",""Binary"":""""}}"
1164,1164,2025-07-29 07:20:26.8050536,1004,Info,Microsoft-Windows-Security-SPP,Application,0,0,DESKTOP-5A3QN5S,12,,,,,,,,,,,,False,C:\Users\VM\Desktop\Application.evtx,0x80000000000000,0,"{""EventData"":{""Data"":""Windows(R) UL phone License (Public), 17856c1f-f1a9-4857-b8bb-88b0ba196eb5"",""Binary"":""""}}"
1165,1165,2025-07-29 07:20:26.8050536,1004,Info,Microsoft-Windows-Security-SPP,Application,0,0,DESKTOP-5A3QN5S,12,,,,,,,,,,,,False,C:\Users\VM\Desktop\Application.evtx,0x80000000000000,0,"{""EventData"":{""Data"":""Windows(R) UL phone License (Private), 0a6ce588-da91-4959-9945-39a1d8b8800c"",""Binary"":""""}}"
1166,1166,2025-07-29 07:20:26.8192915,1004,Info,Microsoft-Windows-Security-SPP,Application,0,0,DESKTOP-5A3QN5S,12,,,,,,,,,,,,False,C:\Users\VM\Desktop\Application.evtx,0x80000000000000,0,"{""EventData"":{""Data"":""Windows(R) UL store License (Public), dcd14cba-a939-44ca-a5b5-fb8ebf1cb080"",""Binary"":""""}}"
1167,1167,2025-07-29 07:20:26.8192915,1004,Info,Microsoft-Windows-Security-SPP,Application,0,0,DESKTOP-5A3QN5S,12,,,,,,,,,,,,False,C:\Users\VM\Desktop\Application.evtx,0x80000000000000,0,"{""EventData"":{""Data"":""Windows(R) UL store License (Private), c99b2fee-cd9d-4d1d-b777-2b83cb1c5fe7"",""Binary"":""""}}"
1168,1168,2025-07-29 07:20:26.8286919,1004,Info,Microsoft-Windows-Security-SPP,Application,0,0,DESKTOP-5A3QN5S,12,,,,,,,,,,,,False,C:\Users\VM\Desktop\Application.evtx,0x80000000000000,0,"{""EventData"":{""Data"":""DefaultPpd-Client-ESU-Year3 Component PPD License, dd6eef30-8929-62a2-00be-a14fbc755f30"",""Binary"":""""}}"
1169,1169,2025-07-29 07:20:26.8286919,1004,Info,Microsoft-Windows-Security-SPP,Application,0,0,DESKTOP-5A3QN5S,12,,,,,,,,,,,,False,C:\Users\VM\Desktop\Application.evtx,0x80000000000000,0,"{""EventData"":{""Data"":""Windows(R) Client-ESU-Year4 Product PPD License, f8310efb-6a0c-2bd0-fa80-7a30c8af514a"",""Binary"":""""}}"
1170,1170,2025-07-29 07:20:26.8286919,1004,Info,Microsoft-Windows-Security-SPP,Application,0,0,DESKTOP-5A3QN5S,12,,,,,,,,,,,,False,C:\Users\VM\Desktop\Application.evtx,0x80000000000000,0,"{""EventData"":{""Data"":""Windows(R) UL oob License (Public), eb291803-b895-44cc-91e8-438ae8eb8d00"",""Binary"":""""}}"
1171,1171,2025-07-29 07:20:26.8286919,1004,Info,Microsoft-Windows-Security-SPP,Application,0,0,DESKTOP-5A3QN5S,12,,,,,,,,,,,,False,C:\Users\VM\Desktop\Application.evtx,0x80000000000000,0,"{""EventData"":{""Data"":""Windows(R) UL oob License (Private), 5250bd6f-e422-4e94-ad9a-57a9c92bf8bd"",""Binary"":""""}}"
1172,1172,2025-07-29 07:20:26.8412176,1004,Info,Microsoft-Windows-Security-SPP,Application,0,0,DESKTOP-5A3QN5S,12,,,,,,,,,,,,False,C:\Users\VM\Desktop\Application.evtx,0x80000000000000,0,"{""EventData"":{""Data"":""Windows(R) UL volume License (Public), 1ec3daba-07f2-4cf8-baf8-f65267f54095"",""Binary"":""""}}"
1173,1173,2025-07-29 07:20:26.8412176,1004,Info,Microsoft-Windows-Security-SPP,Application,0,0,DESKTOP-5A3QN5S,12,,,,,,,,,,,,False,C:\Users\VM\Desktop\Application.evtx,0x80000000000000,0,"{""EventData"":{""Data"":""Windows(R) UL volume License (Private), 8b024c7a-7b69-4255-9069-38c6b255167d"",""Binary"":""""}}"
1174,1174,2025-07-29 07:20:26.8412176,1004,Info,Microsoft-Windows-Security-SPP,Application,0,0,DESKTOP-5A3QN5S,12,,,,,,,,,,,,False,C:\Users\VM\Desktop\Application.evtx,0x80000000000000,0,"{""EventData"":{""Data"":""Windows(R) Publishing License (Public), 6f1fe77a-0917-4bbb-9412-e3dab76fcec8"",""Binary"":""""}}"
1175,1175,2025-07-29 07:20:26.8412176,1004,Info,Microsoft-Windows-Security-SPP,Application,0,0,DESKTOP-5A3QN5S,12,,,,,,,,,,,,False,C:\Users\VM\Desktop\Application.evtx,0x80000000000000,0,"{""EventData"":{""Data"":""Windows(R) Publishing License (Private), 50e1375f-cb0f-4260-9ee7-090818b2909d"",""Binary"":""""}}"
1176,1176,2025-07-29 07:20:26.8518523,1004,Info,Microsoft-Windows-Security-SPP,Application,0,0,DESKTOP-5A3QN5S,12,,,,,,,,,,,,False,C:\Users\VM\Desktop\Application.evtx,0x80000000000000,0,"{""EventData"":{""Data"":""Windows(R) UL oob License (Public), 6217267d-8653-4683-97aa-e320d7bb6108"",""Binary"":""""}}"
1177,1177,2025-07-29 07:20:26.8518523,1004,Info,Microsoft-Windows-Security-SPP,Application,0,0,DESKTOP-5A3QN5S,12,,,,,,,,,,,,False,C:\Users\VM\Desktop\Application.evtx,0x80000000000000,0,"{""EventData"":{""Data"":""Windows(R) UL oob License (Private), c2be728d-0435-490d-9ea3-659246b2a511"",""Binary"":""""}}"
1178,1178,2025-07-29 07:20:26.8606991,1004,Info,Microsoft-Windows-Security-SPP,Application,0,0,DESKTOP-5A3QN5S,12,,,,,,,,,,,,False,C:\Users\VM\Desktop\Application.evtx,0x80000000000000,0,"{""EventData"":{""Data"":""Windows(R) UL phone License (Public), 10e3df82-10be-4ced-ba0a-90a50ae22103"",""Binary"":""""}}"
1179,1179,2025-07-29 07:20:26.8611743,1004,Info,Microsoft-Windows-Security-SPP,Application,0,0,DESKTOP-5A3QN5S,12,,,,,,,,,,,,False,C:\Users\VM\Desktop\Application.evtx,0x80000000000000,0,"{""EventData"":{""Data"":""Windows(R) UL phone License (Private), f2b9ef05-81d4-4768-b281-1b25530a66c3"",""Binary"":""""}}"
1180,1180,2025-07-29 07:20:26.8615282,1004,Info,Microsoft-Windows-Security-SPP,Application,0,0,DESKTOP-5A3QN5S,12,,,,,,,,,,,,False,C:\Users\VM\Desktop\Application.evtx,0x80000000000000,0,"{""EventData"":{""Data"":""Windows(R) UL store License (Public), 103ca2a5-5d15-4a68-92dc-255c1e010697"",""Binary"":""""}}"
1181,1181,2025-07-29 07:20:26.8615282,1004,Info,Microsoft-Windows-Security-SPP,Application,0,0,DESKTOP-5A3QN5S,12,,,,,,,,,,,,False,C:\Users\VM\Desktop\Application.evtx,0x80000000000000,0,"{""EventData"":{""Data"":""Windows(R) UL store License (Private), a7998b8d-888e-44c2-b2f8-40b9d23871c7"",""Binary"":""""}}"
1182,1182,2025-07-29 07:20:26.8615282,1004,Info,Microsoft-Windows-Security-SPP,Application,0,0,DESKTOP-5A3QN5S,12,,,,,,,,,,,,False,C:\Users\VM\Desktop\Application.evtx,0x80000000000000,0,"{""EventData"":{""Data"":""DefaultPpd-Client-ESU-Year4 Component PPD License, 80a0fcd3-7125-3110-fef9-d9f627527dd5"",""Binary"":""""}}"
1183,1183,2025-07-29 07:20:26.8755772,1004,Info,Microsoft-Windows-Security-SPP,Application,0,0,DESKTOP-5A3QN5S,12,,,,,,,,,,,,False,C:\Users\VM\Desktop\Application.evtx,0x80000000000000,0,"{""EventData"":{""Data"":""Windows(R) Client-ESU-Year5 Product PPD License, 1f34d792-a789-52ae-2730-95b7dc5e6461"",""Binary"":""""}}"
1184,1184,2025-07-29 07:20:26.8818247,1004,Info,Microsoft-Windows-Security-SPP,Application,0,0,DESKTOP-5A3QN5S,12,,,,,,,,,,,,False,C:\Users\VM\Desktop\Application.evtx,0x80000000000000,0,"{""EventData"":{""Data"":""Windows(R) UL oob License (Public), 26985ef2-a35c-4577-a35e-3f562f7f1c03"",""Binary"":""""}}"
1185,1185,2025-07-29 07:20:26.8818247,1004,Info,Microsoft-Windows-Security-SPP,Application,0,0,DESKTOP-5A3QN5S,12,,,,,,,,,,,,False,C:\Users\VM\Desktop\Application.evtx,0x80000000000000,0,"{""EventData"":{""Data"":""Windows(R) UL oob License (Private), f9dae3ba-f8ef-44d9-b1e9-b78498f90feb"",""Binary"":""""}}"
1186,1186,2025-07-29 07:20:26.8846183,1004,Info,Microsoft-Windows-Security-SPP,Application,0,0,DESKTOP-5A3QN5S,12,,,,,,,,,,,,False,C:\Users\VM\Desktop\Application.evtx,0x80000000000000,0,"{""EventData"":{""Data"":""Windows(R) UL volume License (Public), f311ffa6-5087-4966-8179-9eaa614c6dea"",""Binary"":""""}}"
1187,1187,2025-07-29 07:20:26.8846183,1004,Info,Microsoft-Windows-Security-SPP,Application,0,0,DESKTOP-5A3QN5S,12,,,,,,,,,,,,False,C:\Users\VM\Desktop\Application.evtx,0x80000000000000,0,"{""EventData"":{""Data"":""Windows(R) UL volume License (Private), ed0f9264-1dc5-47e3-8fc1-1c4ea220b4b6"",""Binary"":""""}}"
1188,1188,2025-07-29 07:20:26.8846183,1004,Info,Microsoft-Windows-Security-SPP,Application,0,0,DESKTOP-5A3QN5S,12,,,,,,,,,,,,False,C:\Users\VM\Desktop\Application.evtx,0x80000000000000,0,"{""EventData"":{""Data"":""Windows(R) Publishing License (Public), 54f844c7-7faa-4369-b42d-38834737b862"",""Binary"":""""}}"
1189,1189,2025-07-29 07:20:26.8846183,1004,Info,Microsoft-Windows-Security-SPP,Application,0,0,DESKTOP-5A3QN5S,12,,,,,,,,,,,,False,C:\Users\VM\Desktop\Application.evtx,0x80000000000000,0,"{""EventData"":{""Data"":""Windows(R) Publishing License (Private), df851c86-93ec-4a47-90bc-9dfe13645f6c"",""Binary"":""""}}"
1190,1190,2025-07-29 07:20:26.8846183,1004,Info,Microsoft-Windows-Security-SPP,Application,0,0,DESKTOP-5A3QN5S,12,,,,,,,,,,,,False,C:\Users\VM\Desktop\Application.evtx,0x80000000000000,0,"{""EventData"":{""Data"":""Windows(R) UL oob License (Public), 44585650-1ee3-4da1-be06-cba9cd32fb41"",""Binary"":""""}}"
1191,1191,2025-07-29 07:20:26.8846183,1004,Info,Microsoft-Windows-Security-SPP,Application,0,0,DESKTOP-5A3QN5S,12,,,,,,,,,,,,False,C:\Users\VM\Desktop\Application.evtx,0x80000000000000,0,"{""EventData"":{""Data"":""Windows(R) UL oob License (Private), 4f544733-f4cd-4ada-a864-8b2d20eb1226"",""Binary"":""""}}"
1192,1192,2025-07-29 07:20:26.8988702,1004,Info,Microsoft-Windows-Security-SPP,Application,0,0,DESKTOP-5A3QN5S,12,,,,,,,,,,,,False,C:\Users\VM\Desktop\Application.evtx,0x80000000000000,0,"{""EventData"":{""Data"":""Windows(R) UL phone License (Public), 979b7cc0-e629-478d-b5c0-4e9735e1193d"",""Binary"":""""}}"
1193,1193,2025-07-29 07:20:26.8988702,1004,Info,Microsoft-Windows-Security-SPP,Application,0,0,DESKTOP-5A3QN5S,12,,,,,,,,,,,,False,C:\Users\VM\Desktop\Application.evtx,0x80000000000000,0,"{""EventData"":{""Data"":""Windows(R) UL phone License (Private), d8f68fb0-8d6b-470c-962a-49819053c640"",""Binary"":""""}}"
1194,1194,2025-07-29 07:20:26.8988702,1004,Info,Microsoft-Windows-Security-SPP,Application,0,0,DESKTOP-5A3QN5S,12,,,,,,,,,,,,False,C:\Users\VM\Desktop\Application.evtx,0x80000000000000,0,"{""EventData"":{""Data"":""Windows(R) UL store License (Public), 941f744c-acb0-4017-8b7c-428e069206fc"",""Binary"":""""}}"
1195,1195,2025-07-29 07:20:26.8988702,1004,Info,Microsoft-Windows-Security-SPP,Application,0,0,DESKTOP-5A3QN5S,12,,,,,,,,,,,,False,C:\Users\VM\Desktop\Application.evtx,0x80000000000000,0,"{""EventData"":{""Data"":""Windows(R) UL store License (Private), fcda20f8-e121-4508-80ab-4e4f48aa67d2"",""Binary"":""""}}"
1196,1196,2025-07-29 07:20:26.9070309,1004,Info,Microsoft-Windows-Security-SPP,Application,0,0,DESKTOP-5A3QN5S,12,,,,,,,,,,,,False,C:\Users\VM\Desktop\Application.evtx,0x80000000000000,0,"{""EventData"":{""Data"":""DefaultPpd-Client-ESU-Year5 Component PPD License, 18479091-2f52-d5be-533c-ccfdfda41010"",""Binary"":""""}}"
1197,1197,2025-07-29 07:20:26.9070309,1004,Info,Microsoft-Windows-Security-SPP,Application,0,0,DESKTOP-5A3QN5S,12,,,,,,,,,,,,False,C:\Users\VM\Desktop\Application.evtx,0x80000000000000,0,"{""EventData"":{""Data"":""Windows(R) Client-ESU-Year6 Product PPD License, 7082ee5b-494e-5e2c-3040-dbb26b5ccd84"",""Binary"":""""}}"
1198,1198,2025-07-29 07:20:26.9194804,1004,Info,Microsoft-Windows-Security-SPP,Application,0,0,DESKTOP-5A3QN5S,12,,,,,,,,,,,,False,C:\Users\VM\Desktop\Application.evtx,0x80000000000000,0,"{""EventData"":{""Data"":""Windows(R) UL oob License (Public), 88b66839-5884-487f-9245-1b941a90da9f"",""Binary"":""""}}"
1199,1199,2025-07-29 07:20:26.9194804,1004,Info,Microsoft-Windows-Security-SPP,Application,0,0,DESKTOP-5A3QN5S,12,,,,,,,,,,,,False,C:\Users\VM\Desktop\Application.evtx,0x80000000000000,0,"{""EventData"":{""Data"":""Windows(R) UL oob License (Private), d9a39c7b-974d-41e2-a6ea-e092757d63e3"",""Binary"":""""}}"
1200,1200,2025-07-29 07:20:26.9298836,1004,Info,Microsoft-Windows-Security-SPP,Application,0,0,DESKTOP-5A3QN5S,12,,,,,,,,,,,,False,C:\Users\VM\Desktop\Application.evtx,0x80000000000000,0,"{""EventData"":{""Data"":""Windows(R) UL volume License (Public), e42fa85a-6923-4f9b-b956-03e98f00c0ed"",""Binary"":""""}}"
1201,1201,2025-07-29 07:20:26.9298836,1004,Info,Microsoft-Windows-Security-SPP,Application,0,0,DESKTOP-5A3QN5S,13,,,,,,,,,,,,False,C:\Users\VM\Desktop\Application.evtx,0x80000000000000,0,"{""EventData"":{""Data"":""Windows(R) UL volume License (Private), 53f85201-0b01-450f-b29c-2e892aa859b2"",""Binary"":""""}}"
1202,1202,2025-07-29 07:20:26.9298836,1004,Info,Microsoft-Windows-Security-SPP,Application,0,0,DESKTOP-5A3QN5S,13,,,,,,,,,,,,False,C:\Users\VM\Desktop\Application.evtx,0x80000000000000,0,"{""EventData"":{""Data"":""Windows(R) Publishing License (Public), 5fd5f847-ef0b-4855-b6f8-293269891d05"",""Binary"":""""}}"
1203,1203,2025-07-29 07:20:26.9298836,1004,Info,Microsoft-Windows-Security-SPP,Application,0,0,DESKTOP-5A3QN5S,13,,,,,,,,,,,,False,C:\Users\VM\Desktop\Application.evtx,0x80000000000000,0,"{""EventData"":{""Data"":""Windows(R) Publishing License (Private), ae1adac8-d5b9-4941-9530-1a96ff7200a9"",""Binary"":""""}}"
1204,1204,2025-07-29 07:20:26.9298836,1004,Info,Microsoft-Windows-Security-SPP,Application,0,0,DESKTOP-5A3QN5S,13,,,,,,,,,,,,False,C:\Users\VM\Desktop\Application.evtx,0x80000000000000,0,"{""EventData"":{""Data"":""Windows(R) UL oob License (Public), 62f80747-b26d-439b-a4ff-89e9f4d5f7be"",""Binary"":""""}}"
1205,1205,2025-07-29 07:20:26.9298836,1004,Info,Microsoft-Windows-Security-SPP,Application,0,0,DESKTOP-5A3QN5S,13,,,,,,,,,,,,False,C:\Users\VM\Desktop\Application.evtx,0x80000000000000,0,"{""EventData"":{""Data"":""Windows(R) UL oob License (Private), 63712a2e-6e7b-4035-bcf3-153a1249b5b5"",""Binary"":""""}}"
1206,1206,2025-07-29 07:20:26.9440712,1004,Info,Microsoft-Windows-Security-SPP,Application,0,0,DESKTOP-5A3QN5S,13,,,,,,,,,,,,False,C:\Users\VM\Desktop\Application.evtx,0x80000000000000,0,"{""EventData"":{""Data"":""Windows(R) UL phone License (Public), c8fa3653-a144-4da7-ad56-443dc52aa05a"",""Binary"":""""}}"
1207,1207,2025-07-29 07:20:26.9440712,1004,Info,Microsoft-Windows-Security-SPP,Application,0,0,DESKTOP-5A3QN5S,13,,,,,,,,,,,,False,C:\Users\VM\Desktop\Application.evtx,0x80000000000000,0,"{""EventData"":{""Data"":""Windows(R) UL phone License (Private), 42519bf5-1a6e-4bfc-be9c-84e51f74ba64"",""Binary"":""""}}"
1208,1208,2025-07-29 07:20:26.9520683,1004,Info,Microsoft-Windows-Security-SPP,Application,0,0,DESKTOP-5A3QN5S,13,,,,,,,,,,,,False,C:\Users\VM\Desktop\Application.evtx,0x80000000000000,0,"{""EventData"":{""Data"":""Windows(R) UL store License (Public), fcd1c411-2aa7-4bb4-9099-789eb4faf727"",""Binary"":""""}}"
1209,1209,2025-07-29 07:20:26.9520683,1004,Info,Microsoft-Windows-Security-SPP,Application,0,0,DESKTOP-5A3QN5S,13,,,,,,,,,,,,False,C:\Users\VM\Desktop\Application.evtx,0x80000000000000,0,"{""EventData"":{""Data"":""Windows(R) UL store License (Private), 0770e96d-8e55-4251-85d9-e7c3e1bbff84"",""Binary"":""""}}"
1210,1210,2025-07-29 07:20:26.9520683,1004,Info,Microsoft-Windows-Security-SPP,Application,0,0,DESKTOP-5A3QN5S,13,,,,,,,,,,,,False,C:\Users\VM\Desktop\Application.evtx,0x80000000000000,0,"{""EventData"":{""Data"":""DefaultPpd-Client-ESU-Year6 Component PPD License, 39747726-2068-760c-11b2-1e44451c315f"",""Binary"":""""}}"
1211,1211,2025-07-29 07:20:26.9520683,1004,Info,Microsoft-Windows-Security-SPP,Application,0,0,DESKTOP-5A3QN5S,13,,,,,,,,,,,,False,C:\Users\VM\Desktop\Application.evtx,0x80000000000000,0,"{""EventData"":{""Data"":""Windows(R) Client-IoT-ESU-Year1 Product PPD License, 7993eb18-f681-3223-e1a2-5e7921a98366"",""Binary"":""""}}"
1212,1212,2025-07-29 07:20:26.9664392,1004,Info,Microsoft-Windows-Security-SPP,Application,0,0,DESKTOP-5A3QN5S,13,,,,,,,,,,,,False,C:\Users\VM\Desktop\Application.evtx,0x80000000000000,0,"{""EventData"":{""Data"":""Windows(R) UL oob License (Public), 6fb774ad-88a7-47f5-84b4-e1ed18844633"",""Binary"":""""}}"
1213,1213,2025-07-29 07:20:26.9664392,1004,Info,Microsoft-Windows-Security-SPP,Application,0,0,DESKTOP-5A3QN5S,13,,,,,,,,,,,,False,C:\Users\VM\Desktop\Application.evtx,0x80000000000000,0,"{""EventData"":{""Data"":""Windows(R) UL oob License (Private), 2e03723a-d092-48cc-9fa5-e656ff6e993c"",""Binary"":""""}}"
1214,1214,2025-07-29 07:20:26.9745388,1004,Info,Microsoft-Windows-Security-SPP,Application,0,0,DESKTOP-5A3QN5S,13,,,,,,,,,,,,False,C:\Users\VM\Desktop\Application.evtx,0x80000000000000,0,"{""EventData"":{""Data"":""Windows(R) UL volume License (Public), dfedb4f8-5ab1-425b-8be0-f4607563b4bc"",""Binary"":""""}}"
1215,1215,2025-07-29 07:20:26.9745388,1004,Info,Microsoft-Windows-Security-SPP,Application,0,0,DESKTOP-5A3QN5S,13,,,,,,,,,,,,False,C:\Users\VM\Desktop\Application.evtx,0x80000000000000,0,"{""EventData"":{""Data"":""Windows(R) UL volume License (Private), 3d41c0ab-a15d-46bc-a348-430ce9868533"",""Binary"":""""}}"
1216,1216,2025-07-29 07:20:26.9819699,1004,Info,Microsoft-Windows-Security-SPP,Application,0,0,DESKTOP-5A3QN5S,13,,,,,,,,,,,,False,C:\Users\VM\Desktop\Application.evtx,0x80000000000000,352,"{""EventData"":{""Data"":""Windows(R) Publishing License (Public), 1e0571ea-a7a3-43ff-911a-84c9172df1ab"",""Binary"":""""}}"
1217,1217,2025-07-29 07:20:26.9819699,1004,Info,Microsoft-Windows-Security-SPP,Application,0,0,DESKTOP-5A3QN5S,13,,,,,,,,,,,,False,C:\Users\VM\Desktop\Application.evtx,0x80000000000000,0,"{""EventData"":{""Data"":""Windows(R) Publishing License (Private), 05e45a2e-75af-4dd3-aba0-abfb6edd6ac6"",""Binary"":""""}}"
1218,1218,2025-07-29 07:20:26.9860413,1004,Info,Microsoft-Windows-Security-SPP,Application,0,0,DESKTOP-5A3QN5S,13,,,,,,,,,,,,False,C:\Users\VM\Desktop\Application.evtx,0x80000000000000,0,"{""EventData"":{""Data"":""Windows(R) UL oob License (Public), 94f4c1bf-1926-4787-83b5-86d89cf37eb6"",""Binary"":""""}}"
1219,1219,2025-07-29 07:20:26.9860413,1004,Info,Microsoft-Windows-Security-SPP,Application,0,0,DESKTOP-5A3QN5S,13,,,,,,,,,,,,False,C:\Users\VM\Desktop\Application.evtx,0x80000000000000,0,"{""EventData"":{""Data"":""Windows(R) UL oob License (Private), 13bbd68f-d30d-4732-a35d-5f5bc0d6f7ac"",""Binary"":""""}}"
1220,1220,2025-07-29 07:20:26.9860413,1004,Info,Microsoft-Windows-Security-SPP,Application,0,0,DESKTOP-5A3QN5S,13,,,,,,,,,,,,False,C:\Users\VM\Desktop\Application.evtx,0x80000000000000,0,"{""EventData"":{""Data"":""Windows(R) UL phone License (Public), 03cf5630-ef90-4176-9382-3edf59a16241"",""Binary"":""""}}"
1221,1221,2025-07-29 07:20:26.9860413,1004,Info,Microsoft-Windows-Security-SPP,Application,0,0,DESKTOP-5A3QN5S,13,,,,,,,,,,,,False,C:\Users\VM\Desktop\Application.evtx,0x80000000000000,0,"{""EventData"":{""Data"":""Windows(R) UL phone License (Private), 2aab7c82-74c8-42fd-bbec-74a9c6476928"",""Binary"":""""}}"
1222,1222,2025-07-29 07:20:26.9860413,1004,Info,Microsoft-Windows-Security-SPP,Application,0,0,DESKTOP-5A3QN5S,13,,,,,,,,,,,,False,C:\Users\VM\Desktop\Application.evtx,0x80000000000000,0,"{""EventData"":{""Data"":""Windows(R) UL store License (Public), eba22356-933d-44d9-9b37-04bd3a7fd733"",""Binary"":""""}}"
1223,1223,2025-07-29 07:20:26.9860413,1004,Info,Microsoft-Windows-Security-SPP,Application,0,0,DESKTOP-5A3QN5S,13,,,,,,,,,,,,False,C:\Users\VM\Desktop\Application.evtx,0x80000000000000,0,"{""EventData"":{""Data"":""Windows(R) UL store License (Private), 04c377e0-01a7-4e59-b764-f3f3b48818b8"",""Binary"":""""}}"
1224,1224,2025-07-29 07:20:27.0007878,1004,Info,Microsoft-Windows-Security-SPP,Application,0,0,DESKTOP-5A3QN5S,13,,,,,,,,,,,,False,C:\Users\VM\Desktop\Application.evtx,0x80000000000000,0,"{""EventData"":{""Data"":""DefaultPpd-Client-IoT-ESU-Year1 Component PPD License, c48a8cb5-413a-0bb2-403d-f4b89742a87f"",""Binary"":""""}}"
1225,1225,2025-07-29 07:20:27.0110437,1004,Info,Microsoft-Windows-Security-SPP,Application,0,0,DESKTOP-5A3QN5S,13,,,,,,,,,,,,False,C:\Users\VM\Desktop\Application.evtx,0x80000000000000,0,"{""EventData"":{""Data"":""Windows(R) Client-IoT-ESU-Year2 Product PPD License, e2b21435-1d03-9702-3821-e109980360d9"",""Binary"":""""}}"
1226,1226,2025-07-29 07:20:27.0110437,1004,Info,Microsoft-Windows-Security-SPP,Application,0,0,DESKTOP-5A3QN5S,13,,,,,,,,,,,,False,C:\Users\VM\Desktop\Application.evtx,0x80000000000000,0,"{""EventData"":{""Data"":""Windows(R) UL oob License (Public), 73b4c400-e014-45d1-bb71-ba57e85c2352"",""Binary"":""""}}"
1227,1227,2025-07-29 07:20:27.0110437,1004,Info,Microsoft-Windows-Security-SPP,Application,0,0,DESKTOP-5A3QN5S,13,,,,,,,,,,,,False,C:\Users\VM\Desktop\Application.evtx,0x80000000000000,0,"{""EventData"":{""Data"":""Windows(R) UL oob License (Private), 4238cad2-a74d-48d6-b92d-828411cf1a45"",""Binary"":""""}}"
1228,1228,2025-07-29 07:20:27.0110437,1004,Info,Microsoft-Windows-Security-SPP,Application,0,0,DESKTOP-5A3QN5S,13,,,,,,,,,,,,False,C:\Users\VM\Desktop\Application.evtx,0x80000000000000,0,"{""EventData"":{""Data"":""Windows(R) UL volume License (Public), cf1e3651-a74a-4958-973e-55eeeb054bf1"",""Binary"":""""}}"
1229,1229,2025-07-29 07:20:27.0110437,1004,Info,Microsoft-Windows-Security-SPP,Application,0,0,DESKTOP-5A3QN5S,13,,,,,,,,,,,,False,C:\Users\VM\Desktop\Application.evtx,0x80000000000000,0,"{""EventData"":{""Data"":""Windows(R) UL volume License (Private), 89edd00c-7239-4c7e-995d-1bcd249267a1"",""Binary"":""""}}"
1230,1230,2025-07-29 07:20:27.0225247,1004,Info,Microsoft-Windows-Security-SPP,Application,0,0,DESKTOP-5A3QN5S,13,,,,,,,,,,,,False,C:\Users\VM\Desktop\Application.evtx,0x80000000000000,0,"{""EventData"":{""Data"":""Windows(R) Publishing License (Public), deaeb3ff-aac4-4f15-bf9d-e995064bc97e"",""Binary"":""""}}"
1231,1231,2025-07-29 07:20:27.0285049,1004,Info,Microsoft-Windows-Security-SPP,Application,0,0,DESKTOP-5A3QN5S,13,,,,,,,,,,,,False,C:\Users\VM\Desktop\Application.evtx,0x80000000000000,0,"{""EventData"":{""Data"":""Windows(R) Publishing License (Private), 2630c457-6837-4dc0-b9aa-403acaacd9b6"",""Binary"":""""}}"
1232,1232,2025-07-29 07:20:27.0307830,1004,Info,Microsoft-Windows-Security-SPP,Application,0,0,DESKTOP-5A3QN5S,13,,,,,,,,,,,,False,C:\Users\VM\Desktop\Application.evtx,0x80000000000000,0,"{""EventData"":{""Data"":""Windows(R) UL oob License (Public), 61172e6f-2a1e-486b-94e1-d8275c670df4"",""Binary"":""""}}"
1233,1233,2025-07-29 07:20:27.0307830,1004,Info,Microsoft-Windows-Security-SPP,Application,0,0,DESKTOP-5A3QN5S,13,,,,,,,,,,,,False,C:\Users\VM\Desktop\Application.evtx,0x80000000000000,0,"{""EventData"":{""Data"":""Windows(R) UL oob License (Private), 52b01395-28a1-4823-88b4-ed8c9c0dd8f2"",""Binary"":""""}}"
1234,1234,2025-07-29 07:20:27.0307830,1004,Info,Microsoft-Windows-Security-SPP,Application,0,0,DESKTOP-5A3QN5S,13,,,,,,,,,,,,False,C:\Users\VM\Desktop\Application.evtx,0x80000000000000,0,"{""EventData"":{""Data"":""Windows(R) UL phone License (Public), 0e2c107a-8323-42b3-9978-7f974884fc96"",""Binary"":""""}}"
1235,1235,2025-07-29 07:20:27.0307830,1004,Info,Microsoft-Windows-Security-SPP,Application,0,0,DESKTOP-5A3QN5S,13,,,,,,,,,,,,False,C:\Users\VM\Desktop\Application.evtx,0x80000000000000,0,"{""EventData"":{""Data"":""Windows(R) UL phone License (Private), 14207f3d-9e89-4abd-a983-0985c1440b42"",""Binary"":""""}}"
1236,1236,2025-07-29 07:20:27.0307830,1004,Info,Microsoft-Windows-Security-SPP,Application,0,0,DESKTOP-5A3QN5S,13,,,,,,,,,,,,False,C:\Users\VM\Desktop\Application.evtx,0x80000000000000,0,"{""EventData"":{""Data"":""Windows(R) UL store License (Public), 7ecb3d00-687c-41c8-90a0-9f3de848666d"",""Binary"":""""}}"
1237,1237,2025-07-29 07:20:27.0307830,1004,Info,Microsoft-Windows-Security-SPP,Application,0,0,DESKTOP-5A3QN5S,13,,,,,,,,,,,,False,C:\Users\VM\Desktop\Application.evtx,0x80000000000000,0,"{""EventData"":{""Data"":""Windows(R) UL store License (Private), b9a1ca9c-15dc-4852-9e8e-cdeedc586d1c"",""Binary"":""""}}"
1238,1238,2025-07-29 07:20:27.0519832,1004,Info,Microsoft-Windows-Security-SPP,Application,0,0,DESKTOP-5A3QN5S,13,,,,,,,,,,,,False,C:\Users\VM\Desktop\Application.evtx,0x80000000000000,0,"{""EventData"":{""Data"":""DefaultPpd-Client-IoT-ESU-Year2 Component PPD License, c59609fc-a6d9-bba1-b77e-b1f6e9be3c5c"",""Binary"":""""}}"
1239,1239,2025-07-29 07:20:27.0537078,1004,Info,Microsoft-Windows-Security-SPP,Application,0,0,DESKTOP-5A3QN5S,13,,,,,,,,,,,,False,C:\Users\VM\Desktop\Application.evtx,0x80000000000000,0,"{""EventData"":{""Data"":""Windows(R) Client-IoT-ESU-Year3 Product PPD License, 76fd43f6-8ab2-b1de-46e4-76e808ed3f55"",""Binary"":""""}}"
1240,1240,2025-07-29 07:20:27.0537078,1004,Info,Microsoft-Windows-Security-SPP,Application,0,0,DESKTOP-5A3QN5S,13,,,,,,,,,,,,False,C:\Users\VM\Desktop\Application.evtx,0x80000000000000,0,"{""EventData"":{""Data"":""Windows(R) UL oob License (Public), 4a61cdac-cef3-46f1-a02e-baa249d0fae3"",""Binary"":""""}}"
