485,485,2025-07-29 04:52:32.7552163,1004,Info,Microsoft-Windows-Security-SPP,Application,0,0,WIN-N0IRN1T9IF6,2,,,,,,,,,,,,False,C:\Users\VM\Desktop\Application.evtx,0x80000000000000,0,"{""EventData"":{""Data"":""Windows(R) UL store License (Public), 0f421fbe-bb46-4004-be52-fd834d14c36b"",""Binary"":""""}}"
486,486,2025-07-29 04:52:32.7552163,1004,Info,Microsoft-Windows-Security-SPP,Application,0,0,WIN-N0IRN1T9IF6,2,,,,,,,,,,,,False,C:\Users\VM\Desktop\Application.evtx,0x80000000000000,0,"{""EventData"":{""Data"":""Windows(R) UL store License (Private), b91aad97-dc02-4a4f-ba94-597338d303a3"",""Binary"":""""}}"
487,487,2025-07-29 04:52:32.8068646,1004,Info,Microsoft-Windows-Security-SPP,Application,0,0,WIN-N0IRN1T9IF6,2,,,,,,,,,,,,False,C:\Users\VM\Desktop\Application.evtx,0x80000000000000,0,"{""EventData"":{""Data"":""Windows(R) UL oob License (Public), 7525352f-ca19-4661-9b83-6ec2dcde6588"",""Binary"":""""}}"
488,488,2025-07-29 04:52:32.8068646,1004,Info,Microsoft-Windows-Security-SPP,Application,0,0,WIN-N0IRN1T9IF6,2,,,,,,,,,,,,False,C:\Users\VM\Desktop\Application.evtx,0x80000000000000,0,"{""EventData"":{""Data"":""Windows(R) UL oob License (Private), 954d7dbf-de53-41a7-b039-7cda5bfcdca1"",""Binary"":""""}}"
489,489,2025-07-29 04:52:32.8327759,1004,Info,Microsoft-Windows-Security-SPP,Application,0,0,WIN-N0IRN1T9IF6,2,,,,,,,,,,,,False,C:\Users\VM\Desktop\Application.evtx,0x80000000000000,0,"{""EventData"":{""Data"":""Windows(R) UL volume License (Public), a0254512-26f0-4615-b191-72712f5a0916"",""Binary"":""""}}"
490,490,2025-07-29 04:52:32.8327759,1004,Info,Microsoft-Windows-Security-SPP,Application,0,0,WIN-N0IRN1T9IF6,2,,,,,,,,,,,,False,C:\Users\VM\Desktop\Application.evtx,0x80000000000000,0,"{""EventData"":{""Data"":""Windows(R) UL volume License (Private), 3e16da30-da19-4df4-b051-1e26c815a1fc"",""Binary"":""""}}"
491,491,2025-07-29 04:52:32.8843703,1004,Info,Microsoft-Windows-Security-SPP,Application,0,0,WIN-N0IRN1T9IF6,2,,,,,,,,,,,,False,C:\Users\VM\Desktop\Application.evtx,0x80000000000000,0,"{""EventData"":{""Data"":""Windows(R) Publishing License (Public), 1192d92b-1dab-4860-a6ff-4769f506f0a6"",""Binary"":""""}}"
492,492,2025-07-29 04:52:32.8843703,1004,Info,Microsoft-Windows-Security-SPP,Application,0,0,WIN-N0IRN1T9IF6,2,,,,,,,,,,,,False,C:\Users\VM\Desktop\Application.evtx,0x80000000000000,0,"{""EventData"":{""Data"":""Windows(R) Publishing License (Private), 0ccd58f3-5665-4579-8e5c-c71c8c2ff8d8"",""Binary"":""""}}"
493,493,2025-07-29 04:52:32.9266604,1004,Info,Microsoft-Windows-Security-SPP,Application,0,0,WIN-N0IRN1T9IF6,2,,,,,,,,,,,,False,C:\Users\VM\Desktop\Application.evtx,0x80000000000000,0,"{""EventData"":{""Data"":""Windows(R) UL oob License (Public), 018d279a-2b78-43eb-bfb1-c63639383f1c"",""Binary"":""""}}"
494,494,2025-07-29 04:52:32.9266604,1004,Info,Microsoft-Windows-Security-SPP,Application,0,0,WIN-N0IRN1T9IF6,2,,,,,,,,,,,,False,C:\Users\VM\Desktop\Application.evtx,0x80000000000000,0,"{""EventData"":{""Data"":""Windows(R) UL oob License (Private), 0151fec8-8fa4-49e5-9c93-d9874a4ec9e8"",""Binary"":""""}}"
495,495,2025-07-29 04:52:32.9575153,1004,Info,Microsoft-Windows-Security-SPP,Application,0,0,WIN-N0IRN1T9IF6,2,,,,,,,,,,,,False,C:\Users\VM\Desktop\Application.evtx,0x80000000000000,0,"{""EventData"":{""Data"":""Windows(R) UL phone License (Public), 9e5c20fa-0a32-4935-aa20-df5b47c4d00e"",""Binary"":""""}}"
496,496,2025-07-29 04:52:32.9575153,1004,Info,Microsoft-Windows-Security-SPP,Application,0,0,WIN-N0IRN1T9IF6,2,,,,,,,,,,,,False,C:\Users\VM\Desktop\Application.evtx,0x80000000000000,0,"{""EventData"":{""Data"":""Windows(R) UL phone License (Private), bb0a6100-5e27-4f47-a761-3e1f967a859e"",""Binary"":""""}}"
497,497,2025-07-29 04:52:33.0210495,1004,Info,Microsoft-Windows-Security-SPP,Application,0,0,WIN-N0IRN1T9IF6,2,,,,,,,,,,,,False,C:\Users\VM\Desktop\Application.evtx,0x80000000000000,0,"{""EventData"":{""Data"":""Windows(R) UL store License (Public), 2e7c96e8-1eda-4200-ad32-dee78f8becfb"",""Binary"":""""}}"
498,498,2025-07-29 04:52:33.0210495,1004,Info,Microsoft-Windows-Security-SPP,Application,0,0,WIN-N0IRN1T9IF6,2,,,,,,,,,,,,False,C:\Users\VM\Desktop\Application.evtx,0x80000000000000,0,"{""EventData"":{""Data"":""Windows(R) UL store License (Private), bb7e6686-7fc0-43e5-9c6a-46ee1adfc42a"",""Binary"":""""}}"
499,499,2025-07-29 04:52:33.0875116,1004,Info,Microsoft-Windows-Security-SPP,Application,0,0,WIN-N0IRN1T9IF6,2,,,,,,,,,,,,False,C:\Users\VM\Desktop\Application.evtx,0x80000000000000,0,"{""EventData"":{""Data"":""DefaultPpd-ServerRdsh Component PPD License, 67a31cb9-8ad3-c9d5-0c45-f624281a6c6a"",""Binary"":""""}}"
500,500,2025-07-29 04:52:33.1470102,1004,Info,Microsoft-Windows-Security-SPP,Application,0,0,WIN-N0IRN1T9IF6,2,,,,,,,,,,,,False,C:\Users\VM\Desktop\Application.evtx,0x80000000000000,0,"{""EventData"":{""Data"":""Windows(R) Publishing License (Public), 9d4db758-e1ef-49fa-b2ad-c346319ccc23"",""Binary"":""""}}"
501,501,2025-07-29 04:52:33.1470102,1004,Info,Microsoft-Windows-Security-SPP,Application,0,0,WIN-N0IRN1T9IF6,2,,,,,,,,,,,,False,C:\Users\VM\Desktop\Application.evtx,0x80000000000000,0,"{""EventData"":{""Data"":""Windows(R) Publishing License (Private), c78ae6f1-8641-4a88-b3fd-288f707f6192"",""Binary"":""""}}"
502,502,2025-07-29 04:52:33.1776007,1004,Info,Microsoft-Windows-Security-SPP,Application,0,0,WIN-N0IRN1T9IF6,2,,,,,,,,,,,,False,C:\Users\VM\Desktop\Application.evtx,0x80000000000000,0,"{""EventData"":{""Data"":""Windows(R) UL oob License (Public), 42b3d81a-5938-4a89-a72f-9c982c3e25ff"",""Binary"":""""}}"
503,503,2025-07-29 04:52:33.1935345,1004,Info,Microsoft-Windows-Security-SPP,Application,0,0,WIN-N0IRN1T9IF6,2,,,,,,,,,,,,False,C:\Users\VM\Desktop\Application.evtx,0x80000000000000,0,"{""EventData"":{""Data"":""Windows(R) UL oob License (Private), fbd15207-e842-4358-b8ae-e8e4ea72d0e0"",""Binary"":""""}}"
504,504,2025-07-29 04:52:33.2078411,1004,Info,Microsoft-Windows-Security-SPP,Application,0,0,WIN-N0IRN1T9IF6,2,,,,,,,,,,,,False,C:\Users\VM\Desktop\Application.evtx,0x80000000000000,0,"{""EventData"":{""Data"":""Windows(R) UL phone License (Public), cbbeeb37-041d-4725-9d6d-283d131e8e7e"",""Binary"":""""}}"
505,505,2025-07-29 04:52:33.2078411,1004,Info,Microsoft-Windows-Security-SPP,Application,0,0,WIN-N0IRN1T9IF6,2,,,,,,,,,,,,False,C:\Users\VM\Desktop\Application.evtx,0x80000000000000,0,"{""EventData"":{""Data"":""Windows(R) UL phone License (Private), 0abdb985-06cb-4999-a057-8577b85cf39d"",""Binary"":""""}}"
506,506,2025-07-29 04:52:33.2719844,1004,Info,Microsoft-Windows-Security-SPP,Application,0,0,WIN-N0IRN1T9IF6,2,,,,,,,,,,,,False,C:\Users\VM\Desktop\Application.evtx,0x80000000000000,0,"{""EventData"":{""Data"":""Windows(R) UL store License (Public), 7731f122-fb97-4137-a255-6673ee8b2b85"",""Binary"":""""}}"
507,507,2025-07-29 04:52:33.2719844,1004,Info,Microsoft-Windows-Security-SPP,Application,0,0,WIN-N0IRN1T9IF6,2,,,,,,,,,,,,False,C:\Users\VM\Desktop\Application.evtx,0x80000000000000,0,"{""EventData"":{""Data"":""Windows(R) UL store License (Private), ce1473f4-d691-4a2f-b71e-741e0b664500"",""Binary"":""""}}"
508,508,2025-07-29 04:52:33.3120121,1004,Info,Microsoft-Windows-Security-SPP,Application,0,0,WIN-N0IRN1T9IF6,2,,,,,,,,,,,,False,C:\Users\VM\Desktop\Application.evtx,0x80000000000000,0,"{""EventData"":{""Data"":""Windows(R) UL oob License (Public), e719aeeb-139d-4cc3-a3c8-c3ffd7477ea6"",""Binary"":""""}}"
509,509,2025-07-29 04:52:33.3120121,1004,Info,Microsoft-Windows-Security-SPP,Application,0,0,WIN-N0IRN1T9IF6,2,,,,,,,,,,,,False,C:\Users\VM\Desktop\Application.evtx,0x80000000000000,0,"{""EventData"":{""Data"":""Windows(R) UL oob License (Private), c5448787-9509-401e-8940-002e2aa320d4"",""Binary"":""""}}"
510,510,2025-07-29 04:52:33.3336323,1004,Info,Microsoft-Windows-Security-SPP,Application,0,0,WIN-N0IRN1T9IF6,2,,,,,,,,,,,,False,C:\Users\VM\Desktop\Application.evtx,0x80000000000000,0,"{""EventData"":{""Data"":""Windows(R) UL oem License (Public), f43f5a98-33b3-4624-ba62-3825e4297dd6"",""Binary"":""""}}"
511,511,2025-07-29 04:52:33.3336323,1004,Info,Microsoft-Windows-Security-SPP,Application,0,0,WIN-N0IRN1T9IF6,2,,,,,,,,,,,,False,C:\Users\VM\Desktop\Application.evtx,0x80000000000000,0,"{""EventData"":{""Data"":""Windows(R) UL oem License (Private), c822fb9b-81f5-4d18-ba65-a8ef0a8bc135"",""Binary"":""""}}"
512,512,2025-07-29 04:52:33.3956078,1004,Info,Microsoft-Windows-Security-SPP,Application,0,0,WIN-N0IRN1T9IF6,2,,,,,,,,,,,,False,C:\Users\VM\Desktop\Application.evtx,0x80000000000000,0,"{""EventData"":{""Data"":""Windows(R) ServerRdsh Product PPD License, 7db3381a-b5d4-69e1-bf6e-0ff059134aa4"",""Binary"":""""}}"
513,513,2025-07-29 04:52:33.4455856,1004,Info,Microsoft-Windows-Security-SPP,Application,0,0,WIN-N0IRN1T9IF6,2,,,,,,,,,,,,False,C:\Users\VM\Desktop\Application.evtx,0x80000000000000,0,"{""EventData"":{""Data"":""Windows(R) Publishing License (Public), 83b7f474-cc31-4f68-83db-351cc789ae4d"",""Binary"":""""}}"
514,514,2025-07-29 04:52:33.4455856,1004,Info,Microsoft-Windows-Security-SPP,Application,0,0,WIN-N0IRN1T9IF6,2,,,,,,,,,,,,False,C:\Users\VM\Desktop\Application.evtx,0x80000000000000,0,"{""EventData"":{""Data"":""Windows(R) Publishing License (Private), 5062d621-3273-42d6-84fc-ffb2a2676d1d"",""Binary"":""""}}"
515,515,2025-07-29 04:52:33.4888372,1004,Info,Microsoft-Windows-Security-SPP,Application,0,0,WIN-N0IRN1T9IF6,2,,,,,,,,,,,,False,C:\Users\VM\Desktop\Application.evtx,0x80000000000000,0,"{""EventData"":{""Data"":""Windows(R) UL oob License (Public), 61bd1eb4-f4d1-4ac3-a5dd-ec3101396d4c"",""Binary"":""""}}"
516,516,2025-07-29 04:52:33.4888372,1004,Info,Microsoft-Windows-Security-SPP,Application,0,0,WIN-N0IRN1T9IF6,2,,,,,,,,,,,,False,C:\Users\VM\Desktop\Application.evtx,0x80000000000000,0,"{""EventData"":{""Data"":""Windows(R) UL oob License (Private), 866a6b05-ffc6-4548-be02-362df85a76b5"",""Binary"":""""}}"
517,517,2025-07-29 04:52:33.5583885,1004,Info,Microsoft-Windows-Security-SPP,Application,0,0,WIN-N0IRN1T9IF6,2,,,,,,,,,,,,False,C:\Users\VM\Desktop\Application.evtx,0x80000000000000,0,"{""EventData"":{""Data"":""Windows(R) UL phone License (Public), 20e24432-d130-494c-9945-eb1c203c883f"",""Binary"":""""}}"
518,518,2025-07-29 04:52:33.5583885,1004,Info,Microsoft-Windows-Security-SPP,Application,0,0,WIN-N0IRN1T9IF6,2,,,,,,,,,,,,False,C:\Users\VM\Desktop\Application.evtx,0x80000000000000,0,"{""EventData"":{""Data"":""Windows(R) UL phone License (Private), 718b17bc-b29e-43c5-9629-7cbb09ffc323"",""Binary"":""""}}"
519,519,2025-07-29 04:52:33.7081620,1004,Info,Microsoft-Windows-Security-SPP,Application,0,0,WIN-N0IRN1T9IF6,2,,,,,,,,,,,,False,C:\Users\VM\Desktop\Application.evtx,0x80000000000000,0,"{""EventData"":{""Data"":""Windows(R) UL store License (Public), bb23dc99-b9be-4174-9177-d676add01fd1"",""Binary"":""""}}"
520,520,2025-07-29 04:52:33.7081620,1004,Info,Microsoft-Windows-Security-SPP,Application,0,0,WIN-N0IRN1T9IF6,2,,,,,,,,,,,,False,C:\Users\VM\Desktop\Application.evtx,0x80000000000000,0,"{""EventData"":{""Data"":""Windows(R) UL store License (Private), 12321ff5-c268-48fa-b7c5-42be5316bcfc"",""Binary"":""""}}"
521,521,2025-07-29 04:52:33.7722498,1004,Info,Microsoft-Windows-Security-SPP,Application,0,0,WIN-N0IRN1T9IF6,2,,,,,,,,,,,,False,C:\Users\VM\Desktop\Application.evtx,0x80000000000000,0,"{""EventData"":{""Data"":""Windows(R) UL oob License (Public), cbbc2086-23a5-4414-ba3a-fb239e8a7e20"",""Binary"":""""}}"
522,522,2025-07-29 04:52:33.7722498,1004,Info,Microsoft-Windows-Security-SPP,Application,0,0,WIN-N0IRN1T9IF6,2,,,,,,,,,,,,False,C:\Users\VM\Desktop\Application.evtx,0x80000000000000,0,"{""EventData"":{""Data"":""Windows(R) UL oob License (Private), b8788e2d-2ef1-4a1a-8348-17d92cd26a62"",""Binary"":""""}}"
523,523,2025-07-29 04:52:33.8488291,1004,Info,Microsoft-Windows-Security-SPP,Application,0,0,WIN-N0IRN1T9IF6,2,,,,,,,,,,,,False,C:\Users\VM\Desktop\Application.evtx,0x80000000000000,0,"{""EventData"":{""Data"":""Windows(R) UL volume License (Public), 7b57bf3c-ac22-41fa-97a3-e4eb775d5cff"",""Binary"":""""}}"
524,524,2025-07-29 04:52:33.8488291,1004,Info,Microsoft-Windows-Security-SPP,Application,0,0,WIN-N0IRN1T9IF6,2,,,,,,,,,,,,False,C:\Users\VM\Desktop\Application.evtx,0x80000000000000,0,"{""EventData"":{""Data"":""Windows(R) UL volume License (Private), 87bfd7b7-5900-4c96-a9cd-0bcc10128da1"",""Binary"":""""}}"
525,525,2025-07-29 04:52:33.9121072,1004,Info,Microsoft-Windows-Security-SPP,Application,0,0,WIN-N0IRN1T9IF6,2,,,,,,,,,,,,False,C:\Users\VM\Desktop\Application.evtx,0x80000000000000,0,"{""EventData"":{""Data"":""Windows(R) UL oob License (Public), eaa5e940-2d76-402a-aa5c-dc3bf471c782"",""Binary"":""""}}"
526,526,2025-07-29 04:52:33.9121072,1004,Info,Microsoft-Windows-Security-SPP,Application,0,0,WIN-N0IRN1T9IF6,3,,,,,,,,,,,,False,C:\Users\VM\Desktop\Application.evtx,0x80000000000000,0,"{""EventData"":{""Data"":""Windows(R) UL oob License (Private), 07331d41-d56f-4c42-8a0c-fa2fd23b03aa"",""Binary"":""""}}"
527,527,2025-07-29 04:52:33.9615163,1004,Info,Microsoft-Windows-Security-SPP,Application,0,0,WIN-N0IRN1T9IF6,3,,,,,,,,,,,,False,C:\Users\VM\Desktop\Application.evtx,0x80000000000000,0,"{""EventData"":{""Data"":""Windows(R) UL volume License (Public), 02599125-9693-48cf-99e1-3990324582d8"",""Binary"":""""}}"
528,528,2025-07-29 04:52:33.9615163,1004,Info,Microsoft-Windows-Security-SPP,Application,0,0,WIN-N0IRN1T9IF6,3,,,,,,,,,,,,False,C:\Users\VM\Desktop\Application.evtx,0x80000000000000,352,"{""EventData"":{""Data"":""Windows(R) UL volume License (Private), 6034f0ee-cea8-4844-a429-b140b820000b"",""Binary"":""""}}"
529,529,2025-07-29 04:52:33.9921593,1004,Info,Microsoft-Windows-Security-SPP,Application,0,0,WIN-N0IRN1T9IF6,3,,,,,,,,,,,,False,C:\Users\VM\Desktop\Application.evtx,0x80000000000000,0,"{""EventData"":{""Data"":""Windows(R) Publishing License (Public), aa73cfe4-97b1-4dfa-bd40-1b3a35444d2f"",""Binary"":""""}}"
530,530,2025-07-29 04:52:33.9921593,1004,Info,Microsoft-Windows-Security-SPP,Application,0,0,WIN-N0IRN1T9IF6,3,,,,,,,,,,,,False,C:\Users\VM\Desktop\Application.evtx,0x80000000000000,0,"{""EventData"":{""Data"":""Windows(R) Publishing License (Private), d0f1094d-0284-47c4-9689-d3941c0934bf"",""Binary"":""""}}"
531,531,2025-07-29 04:52:34.0530700,1004,Info,Microsoft-Windows-Security-SPP,Application,0,0,WIN-N0IRN1T9IF6,3,,,,,,,,,,,,False,C:\Users\VM\Desktop\Application.evtx,0x80000000000000,0,"{""EventData"":{""Data"":""Windows(R) UL oob License (Public), 0bcfd6eb-c8c6-45f1-ad94-d219de53da2c"",""Binary"":""""}}"
532,532,2025-07-29 04:52:34.0530700,1004,Info,Microsoft-Windows-Security-SPP,Application,0,0,WIN-N0IRN1T9IF6,3,,,,,,,,,,,,False,C:\Users\VM\Desktop\Application.evtx,0x80000000000000,0,"{""EventData"":{""Data"":""Windows(R) UL oob License (Private), 26d80f9c-2a77-4d02-a2fb-cdae41e9f664"",""Binary"":""""}}"
533,533,2025-07-29 04:52:34.1000590,1004,Info,Microsoft-Windows-Security-SPP,Application,0,0,WIN-N0IRN1T9IF6,3,,,,,,,,,,,,False,C:\Users\VM\Desktop\Application.evtx,0x80000000000000,0,"{""EventData"":{""Data"":""Windows(R) UL phone License (Public), 307c258a-e79c-48c3-aab9-b15cbc965aad"",""Binary"":""""}}"
534,534,2025-07-29 04:52:34.1000590,1004,Info,Microsoft-Windows-Security-SPP,Application,0,0,WIN-N0IRN1T9IF6,3,,,,,,,,,,,,False,C:\Users\VM\Desktop\Application.evtx,0x80000000000000,0,"{""EventData"":{""Data"":""Windows(R) UL phone License (Private), dfc6bc57-b910-44c6-9e4d-0fe43f5ff08b"",""Binary"":""""}}"
535,535,2025-07-29 04:52:34.1490744,1004,Info,Microsoft-Windows-Security-SPP,Application,0,0,WIN-N0IRN1T9IF6,3,,,,,,,,,,,,False,C:\Users\VM\Desktop\Application.evtx,0x80000000000000,0,"{""EventData"":{""Data"":""Windows(R) UL store License (Public), c418b905-de19-4e56-96f9-4bd09a3219fe"",""Binary"":""""}}"
536,536,2025-07-29 04:52:34.1667839,1004,Info,Microsoft-Windows-Security-SPP,Application,0,0,WIN-N0IRN1T9IF6,3,,,,,,,,,,,,False,C:\Users\VM\Desktop\Application.evtx,0x80000000000000,0,"{""EventData"":{""Data"":""Windows(R) UL store License (Private), 83b20bb8-cb0c-4d8f-a3b4-106f9f1ebaad"",""Binary"":""""}}"
537,537,2025-07-29 04:52:34.6934536,1016,Info,Microsoft-Windows-Security-SPP,Application,0,0,WIN-N0IRN1T9IF6,3,,,,,,,,,,,,False,C:\Users\VM\Desktop\Application.evtx,0x80000000000000,0,"{""EventData"":{""Data"":""4de7cb65-cdf1-4de9-8ae8-e3cce27b9f2c, 3c40a285-2469-ae8d-e740-6be881cd3eb6"",""Binary"":""""}}"
538,538,2025-07-29 04:52:35.2575559,1034,Info,Microsoft-Windows-Security-SPP,Application,0,0,WIN-N0IRN1T9IF6,3,,,,,,,,,,,,False,C:\Users\VM\Desktop\Application.evtx,0x80000000000000,0,"{""EventData"":{""Data"":""AAD-BlockAADWorkplaceJoin-Default, 100"",""Binary"":""""}}"
539,539,2025-07-29 04:52:35.3013234,1034,Info,Microsoft-Windows-Security-SPP,Application,0,0,WIN-N0IRN1T9IF6,3,,,,,,,,,,,,False,C:\Users\VM\Desktop\Application.evtx,0x80000000000000,0,"{""EventData"":{""Data"":""AAD-BlockAADWorkplaceJoin-Default, 100"",""Binary"":""""}}"
540,540,2025-07-29 04:52:35.3670977,1034,Info,Microsoft-Windows-Security-SPP,Application,0,0,WIN-N0IRN1T9IF6,3,,,,,,,,,,,,False,C:\Users\VM\Desktop\Application.evtx,0x80000000000000,0,"{""EventData"":{""Data"":""AAD-BlockAADWorkplaceJoin-Default, 100"",""Binary"":""""}}"
541,541,2025-07-29 04:52:35.3957981,1034,Info,Microsoft-Windows-Security-SPP,Application,0,0,WIN-N0IRN1T9IF6,3,,,,,,,,,,,,False,C:\Users\VM\Desktop\Application.evtx,0x80000000000000,0,"{""EventData"":{""Data"":""AAD-BlockAADWorkplaceJoin-Default, 100"",""Binary"":""""}}"
542,542,2025-07-29 04:52:35.4324357,1034,Info,Microsoft-Windows-Security-SPP,Application,0,0,WIN-N0IRN1T9IF6,3,,,,,,,,,,,,False,C:\Users\VM\Desktop\Application.evtx,0x80000000000000,0,"{""EventData"":{""Data"":""AAD-BlockAADWorkplaceJoin-Default, 100"",""Binary"":""""}}"
543,543,2025-07-29 04:52:35.5047846,1034,Info,Microsoft-Windows-Security-SPP,Application,0,0,WIN-N0IRN1T9IF6,3,,,,,,,,,,,,False,C:\Users\VM\Desktop\Application.evtx,0x80000000000000,0,"{""EventData"":{""Data"":""AAD-BlockAADWorkplaceJoin-Default, 100"",""Binary"":""""}}"
544,544,2025-07-29 04:52:35.5047846,1034,Info,Microsoft-Windows-Security-SPP,Application,0,0,WIN-N0IRN1T9IF6,3,,,,,,,,,,,,False,C:\Users\VM\Desktop\Application.evtx,0x80000000000000,0,"{""EventData"":{""Data"":""AAD-BlockAADWorkplaceJoin-Default, 100"",""Binary"":""""}}"
545,545,2025-07-29 04:52:35.5824607,1034,Info,Microsoft-Windows-Security-SPP,Application,0,0,WIN-N0IRN1T9IF6,3,,,,,,,,,,,,False,C:\Users\VM\Desktop\Application.evtx,0x80000000000000,0,"{""EventData"":{""Data"":""AAD-BlockAADWorkplaceJoin-Default, 100"",""Binary"":""""}}"
546,546,2025-07-29 04:52:35.6192865,1034,Info,Microsoft-Windows-Security-SPP,Application,0,0,WIN-N0IRN1T9IF6,3,,,,,,,,,,,,False,C:\Users\VM\Desktop\Application.evtx,0x80000000000000,0,"{""EventData"":{""Data"":""AAD-BlockAADWorkplaceJoin-Default, 100"",""Binary"":""""}}"
547,547,2025-07-29 04:52:35.6328688,1034,Info,Microsoft-Windows-Security-SPP,Application,0,0,WIN-N0IRN1T9IF6,3,,,,,,,,,,,,False,C:\Users\VM\Desktop\Application.evtx,0x80000000000000,0,"{""EventData"":{""Data"":""Security-SPP-WriteWauMarker, 500"",""Binary"":""""}}"
548,548,2025-07-29 04:52:35.9920129,1003,Info,Microsoft-Windows-Security-SPP,Application,0,0,WIN-N0IRN1T9IF6,3,,,,,,,,,,,,False,C:\Users\VM\Desktop\Application.evtx,0x80000000000000,0,"{""EventData"":{""Data"":""55c92734-d682-4d71-983e-d6ec3f16059f, \n1: 040fa323-92b1-4baf-97a2-5b67feaefddb, 1, 0 [(0 [0xC004F014, 0, 0], [(?)(?)(?)(?)(?)(?)(?)(?)])(1 )(2 )(3 )]\n2: 0724cb7d-3437-4cb7-93cb-830375d0079d, 1, 0 [(0 [0xC004F014, 0, 0], [(?)(?)(?)(?)(?)(?)(?)(?)])(1 )(2 )(3 )]\n3: 0ad2ac98-7bb9-4201-8d92-312299201369, 1, 0 [(0 [0xC004F014, 0, 0], [(?)(?)(?)(?)(?)(?)(?)(?)])(1 )(2 )(3 )]\n4: 1a9a717a-cf13-4ba5-83c3-0fe25fa868d5, 1, 0 [(0 [0xC004F014, 0, 0], [(?)(?)(?)(?)(?)(?)(?)(?)])(1 )(2 )(3 )]\n5: 221a02da-e2a1-4b75-864c-0a4410a33fdf, 1, 0 [(0 [0xC004F014, 0, 0], [(?)(?)(?)(?)(?)(?)(?)(?)])(1 )(2 )(3 )]\n6: 291ece0e-9c38-40ca-a9e1-32cc7ec19507, 1, 0 [(0 [0xC004F014, 0, 0], [(?)(?)(?)(?)(?)(?)(?)(?)])(1 )(2 )(3 )]\n7: 2936d1d2-913a-4542-b54e-ce5a602a2a38, 1, 0 [(0 [0xC004F014, 0, 0], [(?)(?)(?)(?)(?)(?)(?)(?)])(1 )(2 )(3 )]\n8: 2c293c26-a45a-4a2a-a350-c69a67097529, 1, 0 [(0 [0xC004F014, 0, 0], [(?)(?)(?)(?)(?)(?)(?)(?)])(1 )(2 )(3 )]\n9: 2de67392-b7a7-462a-b1ca-108dd189f588, 1, 0 [(0 [0xC004F014, 0, 0], [(?)(?)(?)(?)(?)(?)(?)(?)])(1 )(2 )(3 )]\n10: 2ffd8952-423e-4903-b993-72a1aa44cf82, 1, 0 [(0 [0xC004F014, 0, 0], [(?)(?)(?)(?)(?)(?)(?)(?)])(1 )(2 )(3 )]\n11: 30a42c86-b7a0-4a34-8c90-ff177cb2acb7, 1, 0 [(0 [0xC004F014, 0, 0], [(?)(?)(?)(?)(?)(?)(?)(?)])(1 )(2 )(3 )]\n12: 345a5db0-d94f-4e3b-a0c0-7c42f7bc3ebf, 1, 0 [(0 [0xC004F014, 0, 0], [(?)(?)(?)(?)(?)(?)(?)(?)])(1 )(2 )(3 )]\n13: 3502365a-f88a-4ba4-822a-5769d3073b65, 1, 0 [(0 [0xC004F014, 0, 0], [(?)(?)(?)(?)(?)(?)(?)(?)])(1 )(2 )(3 )]\n14: 377333b1-8b5d-48d6-9679-1225c872d37c, 1, 0 [(0 [0xC004F014, 0, 0], [(?)(?)(?)(?)(?)(?)(?)(?)])(1 )(2 )(3 )]\n15: 3df374ef-d444-4494-a5a1-4b0d9fd0e203, 1, 0 [(0 [0xC004F014, 0, 0], [(?)(?)(?)(?)(?)(?)(?)(?)])(1 )(2 )(3 )]\n16: 3f1afc82-f8ac-4f6c-8005-1d233e606eee, 1, 0 [(0 [0xC004F014, 0, 0], [(?)(?)(?)(?)(?)(?)(?)(?)])(1 )(2 )(3 )]\n17: 49cd895b-53b2-4dc4-a5f7-b18aa019ad37, 1, 0 [(0 [0xC004F014, 0, 0], [(?)(?)(?)(?)(?)(?)(?)(?)])(1 )(2 )(3 )]\n18: 4de7cb65-cdf1-4de9-8ae8-e3cce27b9f2c, 1, 0 [(0 )(1 )(2 [0xC004E003, 0, 0], [( 1 0xC004F034)( 1 0xC004F034)(?)(?)(?)(?)(?)(?)])(3 [0x00000000, 0, 0], [( 6 0xC004F009 0 0)( 1 0x00000000)( 6 0xC004F009 0 0)(?)(?)(?)( 10 0x00000000 msft:rm/algorithm/flags/1.0)( 11 0x00000000 0xC004F034)])]\n19: 4f3da0d2-271d-4508-ae81-626b60809a38, 1, 0 [(0 [0xC004F014, 0, 0], [(?)(?)(?)(?)(?)(?)(?)(?)])(1 )(2 )(3 )]\n20: 60b3ec1b-9545-4921-821f-311b129dd6f6, 1, 0 [(0 [0xC004F014, 0, 0], [(?)(?)(?)(?)(?)(?)(?)(?)])(1 )(2 )(3 )]\n21: 613d217f-7f13-4268-9907-1662339531cd, 1, 0 [(0 [0xC004F014, 0, 0], [(?)(?)(?)(?)(?)(?)(?)(?)])(1 )(2 )(3 )]\n22: 62f0c100-9c53-4e02-b886-a3528ddfe7f6, 1, 0 [(0 [0xC004F014, 0, 0], [(?)(?)(?)(?)(?)(?)(?)(?)])(1 )(2 )(3 )]\n23: 6365275e-368d-46ca-a0ef-fc0404119333, 1, 0 [(0 [0xC004F014, 0, 0], [(?)(?)(?)(?)(?)(?)(?)(?)])(1 )(2 )(3 )]\n24: 721f9237-9341-4453-a661-09e8baa6cca5, 1, 0 [(0 [0xC004F014, 0, 0], [(?)(?)(?)(?)(?)(?)(?)(?)])(1 )(2 )(3 )]\n25: 73111121-5638-40f6-bc11-f1d7b0d64300, 1, 0 [(0 [0xC004F014, 0, 0], [(?)(?)(?)(?)(?)(?)(?)(?)])(1 )(2 )(3 )]\n26: 7a802526-4c94-4bd1-ba14-835a1aca2120, 1, 0 [(0 [0xC004F014, 0, 0], [(?)(?)(?)(?)(?)(?)(?)(?)])(1 )(2 )(3 )]\n27: 7cb546c0-c7d5-44d8-9a5c-69ecdd782b69, 1, 0 [(0 [0xC004F014, 0, 0], [(?)(?)(?)(?)(?)(?)(?)(?)])(1 )(2 )(3 )]\n28: 82bbc092-bc50-4e16-8e18-b74fc486aec3, 1, 0 [(0 [0xC004F014, 0, 0], [(?)(?)(?)(?)(?)(?)(?)(?)])(1 )(2 )(3 )]\n29: 8ab9bdd1-1f67-4997-82d9-8878520837d9, 1, 0 [(0 [0xC004F014, 0, 0], [(?)(?)(?)(?)(?)(?)(?)(?)])(1 )(2 )(3 )]\n30: 8b351c9c-f398-4515-9900-09df49427262, 1, 0 [(0 [0xC004F014, 0, 0], [(?)(?)(?)(?)(?)(?)(?)(?)])(1 )(2 )(3 )]\n31: 90da7373-1c51-430b-bf26-c97e9c5cdc31, 1, 0 [(0 [0xC004F014, 0, 0], [(?)(?)(?)(?)(?)(?)(?)(?)])(1 )(2 )(3 )]\n32: 95dca82f-385d-4d39-b85b-5c73fa285d6f, 1, 0 [(0 [0xC004F014, 0, 0], [(?)(?)(?)(?)(?)(?)(?)(?)])(1 )(2 )(3 )]\n33: a48938aa-62fa-4966-9d44-9f04da3f72f2, 1, 0 [(0 [0xC004F014, 0, 0], [(?)(?)(?)(?)(?)(?)(?)(?)])(1 )(2 )(3 )]\n34: b0773a15-df3a-4312-9ad2-83d69648e356, 1, 0 [(0 [0xC004F014, 0, 0], [(?)(?)(?)(?)(?)(?)(?)(?)])(1 )(2 )(3 )]\n35: b4bfe195-541e-4e64-ad23-6177f19e395e, 1, 0 [(0 [0xC004F014, 0, 0], [(?)(?)(?)(?)(?)(?)(?)(?)])(1 )(2 )(3 )]\n36: b68e61d2-68ca-4757-be45-0cc2f3e68eee, 1, 0 [(0 [0xC004F014, 0, 0], [(?)(?)(?)(?)(?)(?)(?)(?)])(1 )(2 )(3 )]\n37: bd3762d7-270d-4760-8fb3-d829ca45278a, 1, 0 [(0 [0xC004F014, 0, 0], [(?)(?)(?)(?)(?)(?)(?)(?)])(1 )(2 )(3 )]\n38: c86d5194-4840-4dae-9c1c-0301003a5ab0, 1, 0 [(0 [0xC004F014, 0, 0], [(?)(?)(?)(?)(?)(?)(?)(?)])(1 )(2 )(3 )]\n39: d552befb-48cc-4327-8f39-47d2d94f987c, 1, 0 [(0 [0xC004F014, 0, 0], [(?)(?)(?)(?)(?)(?)(?)(?)])(1 )(2 )(3 )]\n40: d6eadb3b-5ca8-4a6b-986e-35b550756111, 1, 0 [(0 [0xC004F014, 0, 0], [(?)(?)(?)(?)(?)(?)(?)(?)])(1 )(2 )(3 )]\n41: df96023b-dcd9-4be2-afa0-c6c871159ebe, 1, 0 [(0 [0xC004F014, 0, 0], [(?)(?)(?)(?)(?)(?)(?)(?)])(1 )(2 )(3 )]\n42: e0c42288-980c-4788-a014-c080d2e1926e, 1, 0 [(0 [0xC004F014, 0, 0], [(?)(?)(?)(?)(?)(?)(?)(?)])(1 )(2 )(3 )]\n43: e4db50ea-bda1-4566-b047-0ca50abc6f07, 1, 0 [(0 [0xC004F014, 0, 0], [(?)(?)(?)(?)(?)(?)(?)(?)])(1 )(2 )(3 )]\n44: e558417a-5123-4f6f-91e7-385c1c7ca9d4, 1, 0 [(0 [0xC004F014, 0, 0], [(?)(?)(?)(?)(?)(?)(?)(?)])(1 )(2 )(3 )]\n45: e7a950a2-e548-4f10-bf16-02ec848e0643, 1, 0 [(0 [0xC004F014, 0, 0], [(?)(?)(?)(?)(?)(?)(?)(?)])(1 )(2 )(3 )]\n46: eb6d346f-1c60-4643-b960-40ec31596c45, 1, 0 [(0 [0xC004F014, 0, 0], [(?)(?)(?)(?)(?)(?)(?)(?)])(1 )(2 )(3 )]\n47: ec868e65-fadf-4759-b23e-93fe37f2cc29, 1, 0 [(0 [0xC004F014, 0, 0], [(?)(?)(?)(?)(?)(?)(?)(?)])(1 )(2 )(3 )]\n48: ef51e000-2659-4f25-8345-3de70a9cf4c4, 1, 0 [(0 [0xC004F014, 0, 0], [(?)(?)(?)(?)(?)(?)(?)(?)])(1 )(2 )(3 )]\n49: f7af7d09-40e4-419c-a49b-eae366689ebd, 1, 0 [(0 [0xC004F014, 0, 0], [(?)(?)(?)(?)(?)(?)(?)(?)])(1 )(2 )(3 )]\n50: fa755fe6-6739-40b9-8d84-6d0ea3b6d1ab, 1, 0 [(0 [0xC004F014, 0, 0], [(?)(?)(?)(?)(?)(?)(?)(?)])(1 )(2 )(3 )]\n51: fe74f55b-0338-41d6-b267-4a201abe7285, 1, 0 [(0 [0xC004F014, 0, 0], [(?)(?)(?)(?)(?)(?)(?)(?)])(1 )(2 )(3 )]\n\n"",""Binary"":""""}}"
549,549,2025-07-29 04:52:36.0841142,1061,Info,Microsoft-Windows-Security-SPP,Application,0,0,WIN-N0IRN1T9IF6,3,,,,,,,,,,,,False,C:\Users\VM\Desktop\Application.evtx,0x80000000000000,0,"{""EventData"":{""Data"":""4, 48"",""Binary"":""""}}"
550,550,2025-07-29 04:52:36.1019506,902,LogAlways,Microsoft-Windows-Security-SPP,Application,0,0,WIN-N0IRN1T9IF6,3,,,,,,,,,,,,False,C:\Users\VM\Desktop\Application.evtx,0x80000000000000,0,"{""EventData"":{""Data"":""10.0.19041.3803"",""Binary"":""""}}"
551,551,2025-07-29 04:53:08.6491238,0,Info,edgeupdate,Application,0,0,WIN-N0IRN1T9IF6,3,,,,,,,,,,,,False,C:\Users\VM\Desktop\Application.evtx,0x80000000000000,0,"{""EventData"":{""Data"":""Service stopped"",""Binary"":""""}}"
552,552,2025-07-29 04:53:11.7903098,0,Info,edgeupdate,Application,0,0,WIN-N0IRN1T9IF6,3,,,,,,,,,,,,False,C:\Users\VM\Desktop\Application.evtx,0x80000000000000,0,"{""EventData"":{""Data"":""Service stopped"",""Binary"":""""}}"
553,553,2025-07-29 04:53:56.2084568,258,LogAlways,Microsoft-Windows-Defrag,Application,0,0,WIN-N0IRN1T9IF6,3,,,,,,,,,,,,False,C:\Users\VM\Desktop\Application.evtx,0x80000000000000,0,"{""EventData"":{""Data"":""shrink, (C:)"",""Binary"":""00-00-00-00-2A-02-00-00-11-02-00-00-00-00-00-00-22-36-79-62-53-3B-B6-17-67-E3-00-00-00-00-00-00-00-00-00-00""}}"
554,554,2025-07-29 04:54:08.3434908,257,Error,Microsoft-Windows-CAPI2,Application,1492,2472,WIN-N0IRN1T9IF6,3,,,,,,,,,,,,False,C:\Users\VM\Desktop\Application.evtx,"Audit success, classic",0,"{""EventData"":{""Data"":""-1409"",""Binary"":""""}}"
555,555,2025-07-29 04:54:20.6867133,1008,Warning,Microsoft-Windows-Search,Application,0,0,WIN-N0IRN1T9IF6,3,,,,,,,,,,,,False,C:\Users\VM\Desktop\Application.evtx,0x80000000000000,0,"{""EventData"":{""Data"":[{""@Name"":""ExtraInfo"",""#text"":"", ""},{""@Name"":""Reason"",""#text"":""Full Index Reset""}]}}"
556,556,2025-07-29 04:54:20.6918503,1010,Info,Microsoft-Windows-Search,Application,0,0,WIN-N0IRN1T9IF6,3,,,,,,,,,,,,False,C:\Users\VM\Desktop\Application.evtx,0x80000000000000,0,"{""EventData"":{""Data"":{""@Name"":""ExtraInfo"",""#text"":"", ""}}}"
557,557,2025-07-29 04:54:20.9926572,1004,Info,Microsoft-Windows-Search,Application,0,0,WIN-N0IRN1T9IF6,3,,,,,,,,,,,,False,C:\Users\VM\Desktop\Application.evtx,0x80000000000000,0,"{""EventData"":{""Data"":[{""@Name"":""ExtraInfo"",""#text"":"", ""},{""@Name"":""Reason"",""#text"":""Full Index Reset""}]}}"
558,558,2025-07-29 04:54:21.0875668,102,Info,ESENT,Application,0,0,WIN-N0IRN1T9IF6,3,,,,,,,,,,,,False,C:\Users\VM\Desktop\Application.evtx,0x80000000000000,0,"{""EventData"":{""Data"":""SearchIndexer, 2560,P,98, Windows: , 0, 10, 00, 19045, 0000"",""Binary"":""""}}"
559,559,2025-07-29 04:54:21.1635156,105,Info,ESENT,Application,0,0,WIN-N0IRN1T9IF6,3,,,,,,,,,,,,False,C:\Users\VM\Desktop\Application.evtx,0x80000000000000,0,"{""EventData"":{""Data"":""SearchIndexer, 2560,D,0, Windows: , 0, 0, \n[1] 0.014684 +J(0) +M(C:0K, Fs:448, WS:1768K # 0K, PF:5132K # 5132K, P:5132K)\n[2] 0.000443 +J(0) +M(C:0K, Fs:114, WS:456K # 0K, PF:396K # 396K, P:396K)\n[3] 0.001006 +J(0) +M(C:0K, Fs:7, WS:24K # 0K, PF:68K # 68K, P:68K)\n[4] 0.000565 +J(0) +M(C:0K, Fs:29, WS:116K # 0K, PF:356K # 356K, P:356K)\n[5] 0.001325 +J(0) +M(C:0K, Fs:18, WS:72K # 0K, PF:28K # 36K, P:28K)\n[6] 0.001720 +J(0) +M(C:0K, Fs:20, WS:80K # 0K, PF:12K # 4K, P:12K)\n[7] -\n[8] -\n[9] -\n[10] -\n[11] -\n[12] -\n[13] 0.060431 -0.012276 (3) WT +J(CM:0, PgRf:0, Rd:0/0, Dy:0/0, Lg:616/1) +M(C:0K, Fs:645, WS:1548K # 2464K, PF:56K # 1076K, P:56K)\n[14] 0.000019 +J(0)\n[15] 0.000076 +J(0) +M(C:0K, Fs:69, WS:276K # 0K, PF:64K # 0K, P:64K)\n[16] 0.016463 -0.002219 (2) WT +J(0) +M(C:0K, Fs:7, WS:20K # 0K, PF:0K # 0K, P:0K)."",""Binary"":""""}}"
560,560,2025-07-29 04:54:21.2870076,330,Info,ESENT,Application,0,0,WIN-N0IRN1T9IF6,3,,,,,,,,,,,,False,C:\Users\VM\Desktop\Application.evtx,0x80000000000000,0,"{""EventData"":{""Data"":""SearchIndexer, 2560,D,35, Windows: , C:\\ProgramData\\Microsoft\\Search\\Data\\Applications\\Windows\\Windows.edb, 0x410022D8 (8920 | JET_efvAllowHigherPersistedFormat), 8920 (0x22d8), 9180 (0x23dc)"",""Binary"":""""}}"
561,561,2025-07-29 04:54:21.2870076,641,Info,ESENT,Application,0,0,WIN-N0IRN1T9IF6,3,,,,,,,,,,,,False,C:\Users\VM\Desktop\Application.evtx,0x80000000000000,0,"{""EventData"":{""Data"":""SearchIndexer, 2560,D,35, Windows: , 0x410022D8 (8920 | JET_efvAllowHigherPersistedFormat), 8940 (0x22ec - 8.6.20), 8.5.16"",""Binary"":""""}}"
562,562,2025-07-29 04:54:21.3698420,325,Info,ESENT,Application,0,0,WIN-N0IRN1T9IF6,3,,NTDS the database engine created a new database,,,"Database: s: , 1, C:\ProgramData\Microsoft\Search\Data\Applications\Windows\Windows.edb",,,,,,,False,C:\Users\VM\Desktop\Application.evtx,0x80000000000000,0,"{""EventData"":{""Data"":""SearchIndexer, 2560,D,35, Windows: , 1, C:\\ProgramData\\Microsoft\\Search\\Data\\Applications\\Windows\\Windows.edb, 0, \n[1] 0.000101 +J(0) +M(C:0K, Fs:10, WS:40K # 0K, PF:32K # 0K, P:32K)\n[2] 0.003400 -0.002128 (1) WT +J(CM:0, PgRf:0, Rd:0/0, Dy:0/0, Lg:3480/2) +M(C:0K, Fs:6, WS:24K # 0K, PF:0K # 0K, P:0K)\n[3] 0.021642 -0.004810 (3) WT +J(0) +M(C:0K, Fs:19, WS:40K # 0K, PF:44K # 0K, P:44K)\n[4] 0.077653 -0.065372 (1) WT +J(0) +M(C:0K, Fs:8, WS:32K # 0K, PF:84K # 0K, P:84K)\n[5] 0.003260 -0.002330 (2) WT +J(CM:0, PgRf:3, Rd:0/0, Dy:3/6, Lg:122/4) +M(C:0K, Fs:55, WS:188K # 0K, PF:244K # 0K, P:244K)\n[6] 0.005797 -0.002342 (1) WT +J(CM:0, PgRf:209, Rd:0/0, Dy:12/408, Lg:24454/447) +M(C:0K, Fs:143, WS:572K # 312K, PF:628K # 84K, P:628K)\n[7] 0.005240 -0.003722 (1) WT +J(CM:0, PgRf:0, Rd:0/0, Dy:0/0, Lg:4096/2) +M(C:0K, Fs:7, WS:28K # 28K, PF:0K # 0K, P:0K)\n[8] 0.000004 +J(0)\n[9] 0.055394 -0.000002 (15) CM -0.052621 (5) WT +J(CM:15, PgRf:0, Rd:0/15, Dy:0/0, Lg:0/0) +M(C:0K, Fs:138, WS:40K # 40K, PF:0K # 28K, P:0K)\n[10] 0.017675 -0.014683 (5) WT +J(CM:0, PgRf:346, Rd:0/0, Dy:7/91, Lg:12509/128) +M(C:0K, Fs:43, WS:140K # 172K, PF:148K # 148K, P:148K)\n[11] 0.000004 +J(0)., 0 0, lgposCreate = 00000001:0001:0268,\ndbv = 1568.20.0"",""Binary"":""""}}"
563,563,2025-07-29 04:54:25.3319417,1532,Info,Microsoft-Windows-User Profiles Service,Application,384,1472,WIN-N0IRN1T9IF6,3,S-1-5-18,,,,,,,,,,,False,C:\Users\VM\Desktop\Application.evtx,Classic,0,"{""EventData"":""""}"
564,564,2025-07-29 04:55:00.3633677,1531,Info,Microsoft-Windows-User Profiles Service,Application,444,1624,DESKTOP-5A3QN5S,3,S-1-5-18,,,,,,,,,,,False,C:\Users\VM\Desktop\Application.evtx,Classic,0,"{""EventData"":""""}"
565,565,2025-07-29 04:55:00.9026661,4625,Info,Microsoft-Windows-EventSystem,Application,0,0,DESKTOP-5A3QN5S,3,,,,,,,,,,,,False,C:\Users\VM\Desktop\Application.evtx,0x80000000000000,0,"{""EventData"":{""Data"":[{""@Name"":""param1"",""#text"":""86400""},{""@Name"":""param2"",""#text"":""SuppressDuplicateDuration""},{""@Name"":""param3"",""#text"":""Software\\Microsoft\\EventSystem\\EventLog""}]}}"
566,566,2025-07-29 04:55:00.9992669,1016,Info,Microsoft-Windows-Security-SPP,Application,0,0,DESKTOP-5A3QN5S,3,,,,,,,,,,,,False,C:\Users\VM\Desktop\Application.evtx,0x80000000000000,0,"{""EventData"":{""Data"":""4de7cb65-cdf1-4de9-8ae8-e3cce27b9f2c, 3c40a285-2469-ae8d-e740-6be881cd3eb6"",""Binary"":""""}}"
567,567,2025-07-29 04:55:01.7318531,1034,Info,Microsoft-Windows-Security-SPP,Application,0,0,DESKTOP-5A3QN5S,3,,,,,,,,,,,,False,C:\Users\VM\Desktop\Application.evtx,0x80000000000000,0,"{""EventData"":{""Data"":""AAD-BlockAADWorkplaceJoin-Default, 100"",""Binary"":""""}}"
568,568,2025-07-29 04:55:01.7937384,1034,Info,Microsoft-Windows-Security-SPP,Application,0,0,DESKTOP-5A3QN5S,3,,,,,,,,,,,,False,C:\Users\VM\Desktop\Application.evtx,0x80000000000000,0,"{""EventData"":{""Data"":""AAD-BlockAADWorkplaceJoin-Default, 100"",""Binary"":""""}}"
569,569,2025-07-29 04:55:01.8555933,1034,Info,Microsoft-Windows-Security-SPP,Application,0,0,DESKTOP-5A3QN5S,3,,,,,,,,,,,,False,C:\Users\VM\Desktop\Application.evtx,0x80000000000000,0,"{""EventData"":{""Data"":""AAD-BlockAADWorkplaceJoin-Default, 100"",""Binary"":""""}}"
570,570,2025-07-29 04:55:01.9199526,1034,Info,Microsoft-Windows-Security-SPP,Application,0,0,DESKTOP-5A3QN5S,3,,,,,,,,,,,,False,C:\Users\VM\Desktop\Application.evtx,0x80000000000000,0,"{""EventData"":{""Data"":""AAD-BlockAADWorkplaceJoin-Default, 100"",""Binary"":""""}}"
571,571,2025-07-29 04:55:01.9515612,1034,Info,Microsoft-Windows-Security-SPP,Application,0,0,DESKTOP-5A3QN5S,3,,,,,,,,,,,,False,C:\Users\VM\Desktop\Application.evtx,0x80000000000000,0,"{""EventData"":{""Data"":""AAD-BlockAADWorkplaceJoin-Default, 100"",""Binary"":""""}}"
572,572,2025-07-29 04:55:02.0115797,1034,Info,Microsoft-Windows-Security-SPP,Application,0,0,DESKTOP-5A3QN5S,3,,,,,,,,,,,,False,C:\Users\VM\Desktop\Application.evtx,0x80000000000000,0,"{""EventData"":{""Data"":""AAD-BlockAADWorkplaceJoin-Default, 100"",""Binary"":""""}}"
573,573,2025-07-29 04:55:02.0735832,1034,Info,Microsoft-Windows-Security-SPP,Application,0,0,DESKTOP-5A3QN5S,3,,,,,,,,,,,,False,C:\Users\VM\Desktop\Application.evtx,0x80000000000000,0,"{""EventData"":{""Data"":""AAD-BlockAADWorkplaceJoin-Default, 100"",""Binary"":""""}}"
574,574,2025-07-29 04:55:02.1254177,1034,Info,Microsoft-Windows-Security-SPP,Application,0,0,DESKTOP-5A3QN5S,3,,,,,,,,,,,,False,C:\Users\VM\Desktop\Application.evtx,0x80000000000000,0,"{""EventData"":{""Data"":""AAD-BlockAADWorkplaceJoin-Default, 100"",""Binary"":""""}}"
575,575,2025-07-29 04:55:02.1687741,1034,Info,Microsoft-Windows-Security-SPP,Application,0,0,DESKTOP-5A3QN5S,3,,,,,,,,,,,,False,C:\Users\VM\Desktop\Application.evtx,0x80000000000000,0,"{""EventData"":{""Data"":""AAD-BlockAADWorkplaceJoin-Default, 100"",""Binary"":""""}}"
576,576,2025-07-29 04:55:02.2153037,1034,Info,Microsoft-Windows-Security-SPP,Application,0,0,DESKTOP-5A3QN5S,3,,,,,,,,,,,,False,C:\Users\VM\Desktop\Application.evtx,0x80000000000000,0,"{""EventData"":{""Data"":""Security-SPP-WriteWauMarker, 500"",""Binary"":""""}}"
577,577,2025-07-29 04:55:02.3240628,1003,Info,Microsoft-Windows-Security-SPP,Application,0,0,DESKTOP-5A3QN5S,3,,,,,,,,,,,,False,C:\Users\VM\Desktop\Application.evtx,0x80000000000000,0,"{""EventData"":{""Data"":""55c92734-d682-4d71-983e-d6ec3f16059f, \n1: 040fa323-92b1-4baf-97a2-5b67feaefddb, 1, 0 [(0 [0xC004F014, 0, 0], [(?)(?)(?)(?)(?)(?)(?)(?)])(1 )(2 )(3 )]\n2: 0724cb7d-3437-4cb7-93cb-830375d0079d, 1, 0 [(0 [0xC004F014, 0, 0], [(?)(?)(?)(?)(?)(?)(?)(?)])(1 )(2 )(3 )]\n3: 0ad2ac98-7bb9-4201-8d92-312299201369, 1, 0 [(0 [0xC004F014, 0, 0], [(?)(?)(?)(?)(?)(?)(?)(?)])(1 )(2 )(3 )]\n4: 1a9a717a-cf13-4ba5-83c3-0fe25fa868d5, 1, 0 [(0 [0xC004F014, 0, 0], [(?)(?)(?)(?)(?)(?)(?)(?)])(1 )(2 )(3 )]\n5: 221a02da-e2a1-4b75-864c-0a4410a33fdf, 1, 0 [(0 [0xC004F014, 0, 0], [(?)(?)(?)(?)(?)(?)(?)(?)])(1 )(2 )(3 )]\n6: 291ece0e-9c38-40ca-a9e1-32cc7ec19507, 1, 0 [(0 [0xC004F014, 0, 0], [(?)(?)(?)(?)(?)(?)(?)(?)])(1 )(2 )(3 )]\n7: 2936d1d2-913a-4542-b54e-ce5a602a2a38, 1, 0 [(0 [0xC004F014, 0, 0], [(?)(?)(?)(?)(?)(?)(?)(?)])(1 )(2 )(3 )]\n8: 2c293c26-a45a-4a2a-a350-c69a67097529, 1, 0 [(0 [0xC004F014, 0, 0], [(?)(?)(?)(?)(?)(?)(?)(?)])(1 )(2 )(3 )]\n9: 2de67392-b7a7-462a-b1ca-108dd189f588, 1, 0 [(0 [0xC004F014, 0, 0], [(?)(?)(?)(?)(?)(?)(?)(?)])(1 )(2 )(3 )]\n10: 2ffd8952-423e-4903-b993-72a1aa44cf82, 1, 0 [(0 [0xC004F014, 0, 0], [(?)(?)(?)(?)(?)(?)(?)(?)])(1 )(2 )(3 )]\n11: 30a42c86-b7a0-4a34-8c90-ff177cb2acb7, 1, 0 [(0 [0xC004F014, 0, 0], [(?)(?)(?)(?)(?)(?)(?)(?)])(1 )(2 )(3 )]\n12: 345a5db0-d94f-4e3b-a0c0-7c42f7bc3ebf, 1, 0 [(0 [0xC004F014, 0, 0], [(?)(?)(?)(?)(?)(?)(?)(?)])(1 )(2 )(3 )]\n13: 3502365a-f88a-4ba4-822a-5769d3073b65, 1, 0 [(0 [0xC004F014, 0, 0], [(?)(?)(?)(?)(?)(?)(?)(?)])(1 )(2 )(3 )]\n14: 377333b1-8b5d-48d6-9679-1225c872d37c, 1, 0 [(0 [0xC004F014, 0, 0], [(?)(?)(?)(?)(?)(?)(?)(?)])(1 )(2 )(3 )]\n15: 3df374ef-d444-4494-a5a1-4b0d9fd0e203, 1, 0 [(0 [0xC004F014, 0, 0], [(?)(?)(?)(?)(?)(?)(?)(?)])(1 )(2 )(3 )]\n16: 3f1afc82-f8ac-4f6c-8005-1d233e606eee, 1, 0 [(0 [0xC004F014, 0, 0], [(?)(?)(?)(?)(?)(?)(?)(?)])(1 )(2 )(3 )]\n17: 49cd895b-53b2-4dc4-a5f7-b18aa019ad37, 1, 0 [(0 [0xC004F014, 0, 0], [(?)(?)(?)(?)(?)(?)(?)(?)])(1 )(2 )(3 )]\n18: 4de7cb65-cdf1-4de9-8ae8-e3cce27b9f2c, 1, 0 [(0 )(1 )(2 [0xC004E003, 0, 0], [( 1 0xC004F034)( 1 0xC004F034)(?)(?)(?)(?)(?)(?)])(3 [0x00000000, 0, 0], [( 6 0xC004F009 0 0)( 1 0x00000000)( 6 0xC004F009 0 0)(?)(?)(?)( 10 0x00000000 msft:rm/algorithm/flags/1.0)( 11 0x00000000 0xC004F034)])]\n19: 4f3da0d2-271d-4508-ae81-626b60809a38, 1, 0 [(0 [0xC004F014, 0, 0], [(?)(?)(?)(?)(?)(?)(?)(?)])(1 )(2 )(3 )]\n20: 60b3ec1b-9545-4921-821f-311b129dd6f6, 1, 0 [(0 [0xC004F014, 0, 0], [(?)(?)(?)(?)(?)(?)(?)(?)])(1 )(2 )(3 )]\n21: 613d217f-7f13-4268-9907-1662339531cd, 1, 0 [(0 [0xC004F014, 0, 0], [(?)(?)(?)(?)(?)(?)(?)(?)])(1 )(2 )(3 )]\n22: 62f0c100-9c53-4e02-b886-a3528ddfe7f6, 1, 0 [(0 [0xC004F014, 0, 0], [(?)(?)(?)(?)(?)(?)(?)(?)])(1 )(2 )(3 )]\n23: 6365275e-368d-46ca-a0ef-fc0404119333, 1, 0 [(0 [0xC004F014, 0, 0], [(?)(?)(?)(?)(?)(?)(?)(?)])(1 )(2 )(3 )]\n24: 721f9237-9341-4453-a661-09e8baa6cca5, 1, 0 [(0 [0xC004F014, 0, 0], [(?)(?)(?)(?)(?)(?)(?)(?)])(1 )(2 )(3 )]\n25: 73111121-5638-40f6-bc11-f1d7b0d64300, 1, 0 [(0 [0xC004F014, 0, 0], [(?)(?)(?)(?)(?)(?)(?)(?)])(1 )(2 )(3 )]\n26: 7a802526-4c94-4bd1-ba14-835a1aca2120, 1, 0 [(0 [0xC004F014, 0, 0], [(?)(?)(?)(?)(?)(?)(?)(?)])(1 )(2 )(3 )]\n27: 7cb546c0-c7d5-44d8-9a5c-69ecdd782b69, 1, 0 [(0 [0xC004F014, 0, 0], [(?)(?)(?)(?)(?)(?)(?)(?)])(1 )(2 )(3 )]\n28: 82bbc092-bc50-4e16-8e18-b74fc486aec3, 1, 0 [(0 [0xC004F014, 0, 0], [(?)(?)(?)(?)(?)(?)(?)(?)])(1 )(2 )(3 )]\n29: 8ab9bdd1-1f67-4997-82d9-8878520837d9, 1, 0 [(0 [0xC004F014, 0, 0], [(?)(?)(?)(?)(?)(?)(?)(?)])(1 )(2 )(3 )]\n30: 8b351c9c-f398-4515-9900-09df49427262, 1, 0 [(0 [0xC004F014, 0, 0], [(?)(?)(?)(?)(?)(?)(?)(?)])(1 )(2 )(3 )]\n31: 90da7373-1c51-430b-bf26-c97e9c5cdc31, 1, 0 [(0 [0xC004F014, 0, 0], [(?)(?)(?)(?)(?)(?)(?)(?)])(1 )(2 )(3 )]\n32: 95dca82f-385d-4d39-b85b-5c73fa285d6f, 1, 0 [(0 [0xC004F014, 0, 0], [(?)(?)(?)(?)(?)(?)(?)(?)])(1 )(2 )(3 )]\n33: a48938aa-62fa-4966-9d44-9f04da3f72f2, 1, 0 [(0 [0xC004F014, 0, 0], [(?)(?)(?)(?)(?)(?)(?)(?)])(1 )(2 )(3 )]\n34: b0773a15-df3a-4312-9ad2-83d69648e356, 1, 0 [(0 [0xC004F014, 0, 0], [(?)(?)(?)(?)(?)(?)(?)(?)])(1 )(2 )(3 )]\n35: b4bfe195-541e-4e64-ad23-6177f19e395e, 1, 0 [(0 [0xC004F014, 0, 0], [(?)(?)(?)(?)(?)(?)(?)(?)])(1 )(2 )(3 )]\n36: b68e61d2-68ca-4757-be45-0cc2f3e68eee, 1, 0 [(0 [0xC004F014, 0, 0], [(?)(?)(?)(?)(?)(?)(?)(?)])(1 )(2 )(3 )]\n37: bd3762d7-270d-4760-8fb3-d829ca45278a, 1, 0 [(0 [0xC004F014, 0, 0], [(?)(?)(?)(?)(?)(?)(?)(?)])(1 )(2 )(3 )]\n38: c86d5194-4840-4dae-9c1c-0301003a5ab0, 1, 0 [(0 [0xC004F014, 0, 0], [(?)(?)(?)(?)(?)(?)(?)(?)])(1 )(2 )(3 )]\n39: d552befb-48cc-4327-8f39-47d2d94f987c, 1, 0 [(0 [0xC004F014, 0, 0], [(?)(?)(?)(?)(?)(?)(?)(?)])(1 )(2 )(3 )]\n40: d6eadb3b-5ca8-4a6b-986e-35b550756111, 1, 0 [(0 [0xC004F014, 0, 0], [(?)(?)(?)(?)(?)(?)(?)(?)])(1 )(2 )(3 )]\n41: df96023b-dcd9-4be2-afa0-c6c871159ebe, 1, 0 [(0 [0xC004F014, 0, 0], [(?)(?)(?)(?)(?)(?)(?)(?)])(1 )(2 )(3 )]\n42: e0c42288-980c-4788-a014-c080d2e1926e, 1, 0 [(0 [0xC004F014, 0, 0], [(?)(?)(?)(?)(?)(?)(?)(?)])(1 )(2 )(3 )]\n43: e4db50ea-bda1-4566-b047-0ca50abc6f07, 1, 0 [(0 [0xC004F014, 0, 0], [(?)(?)(?)(?)(?)(?)(?)(?)])(1 )(2 )(3 )]\n44: e558417a-5123-4f6f-91e7-385c1c7ca9d4, 1, 0 [(0 [0xC004F014, 0, 0], [(?)(?)(?)(?)(?)(?)(?)(?)])(1 )(2 )(3 )]\n45: e7a950a2-e548-4f10-bf16-02ec848e0643, 1, 0 [(0 [0xC004F014, 0, 0], [(?)(?)(?)(?)(?)(?)(?)(?)])(1 )(2 )(3 )]\n46: eb6d346f-1c60-4643-b960-40ec31596c45, 1, 0 [(0 [0xC004F014, 0, 0], [(?)(?)(?)(?)(?)(?)(?)(?)])(1 )(2 )(3 )]\n47: ec868e65-fadf-4759-b23e-93fe37f2cc29, 1, 0 [(0 [0xC004F014, 0, 0], [(?)(?)(?)(?)(?)(?)(?)(?)])(1 )(2 )(3 )]\n48: ef51e000-2659-4f25-8345-3de70a9cf4c4, 1, 0 [(0 [0xC004F014, 0, 0], [(?)(?)(?)(?)(?)(?)(?)(?)])(1 )(2 )(3 )]\n49: f7af7d09-40e4-419c-a49b-eae366689ebd, 1, 0 [(0 [0xC004F014, 0, 0], [(?)(?)(?)(?)(?)(?)(?)(?)])(1 )(2 )(3 )]\n50: fa755fe6-6739-40b9-8d84-6d0ea3b6d1ab, 1, 0 [(0 [0xC004F014, 0, 0], [(?)(?)(?)(?)(?)(?)(?)(?)])(1 )(2 )(3 )]\n51: fe74f55b-0338-41d6-b267-4a201abe7285, 1, 0 [(0 [0xC004F014, 0, 0], [(?)(?)(?)(?)(?)(?)(?)(?)])(1 )(2 )(3 )]\n\n"",""Binary"":""""}}"
578,578,2025-07-28 19:55:10.7867989,5615,Info,Microsoft-Windows-WMI,Application,444,2432,DESKTOP-5A3QN5S,3,S-1-5-18,,,,,,,,,,,False,C:\Users\VM\Desktop\Application.evtx,Classic,0,"{""EventData"":""""}"
579,579,2025-07-28 19:55:12.5473837,5,Info,Microsoft-Windows-Search-ProfileNotify,Application,0,0,DESKTOP-5A3QN5S,3,,,,,,,,,,,,False,C:\Users\VM\Desktop\Application.evtx,0x80000000000000,0,"{""EventData"":{""Data"":{""@Name"":""User"",""#text"":""DESKTOP-5A3QN5S\\defaultuser0""},""Binary"":""""}}"
580,580,2025-07-28 19:55:15.8420032,102,Info,ESENT,Application,0,0,DESKTOP-5A3QN5S,3,,,,,,,,,,,,False,C:\Users\VM\Desktop\Application.evtx,0x80000000000000,0,"{""EventData"":{""Data"":""SearchIndexer, 2960,P,98, Windows: , 0, 10, 00, 19045, 0000"",""Binary"":""""}}"
581,581,2025-07-28 19:55:15.8901109,105,Info,ESENT,Application,0,0,DESKTOP-5A3QN5S,3,,,,,,,,,,,,False,C:\Users\VM\Desktop\Application.evtx,0x80000000000000,0,"{""EventData"":{""Data"":""SearchIndexer, 2960,D,0, Windows: , 0, 0, \n[1] 0.008700 +J(0) +M(C:0K, Fs:252, WS:988K # 988K, PF:5052K # 5052K, P:5052K)\n[2] 0.001205 +J(0) +M(C:0K, Fs:114, WS:448K # 448K, PF:408K # 408K, P:408K)\n[3] 0.006082 +J(0) +M(C:0K, Fs:10, WS:40K # 40K, PF:64K # 64K, P:64K)\n[4] 0.001526 +J(0) +M(C:0K, Fs:25, WS:100K # 100K, PF:352K # 352K, P:352K)\n[5] 0.000844 +J(0) +M(C:0K, Fs:12, WS:48K # 48K, PF:20K # 20K, P:20K)\n[6] 0.011932 +J(0) +M(C:0K, Fs:29, WS:112K # 112K, PF:28K # 28K, P:28K)\n[7] 0.021450 -0.010850 (2) WT +J(0) +M(C:0K, Fs:274, WS:1096K # 1096K, PF:1028K # 1028K, P:1028K)\n[8] -\n[9] -\n[10] -\n[11] -\n[12] -\n[13] 0.021342 -0.002035 (2) WT +J(CM:0, PgRf:0, Rd:0/0, Dy:0/0, Lg:616/1) +M(C:0K, Fs:9, WS:-996K # 28K, PF:-1020K # 12K, P:-1020K)\n[14] 0.000630 +J(0)\n[15] 0.000101 +J(0) +M(C:0K, Fs:65, WS:260K # 0K, PF:64K # 0K, P:64K)\n[16] 0.000287 -0.000001 (1) WT +J(0) +M(C:0K, Fs:2, WS:0K # 0K, PF:0K # 0K, P:0K)."",""Binary"":""""}}"
582,582,2025-07-28 19:55:15.9242798,641,Info,ESENT,Application,0,0,DESKTOP-5A3QN5S,3,,,,,,,,,,,,False,C:\Users\VM\Desktop\Application.evtx,0x80000000000000,0,"{""EventData"":{""Data"":""SearchIndexer, 2960,D,50, Windows: , 0x40000001 (JET_efvUseEngineDefault), 9180 (0x23dc - 8.60.140), 8.5.16"",""Binary"":""""}}"
583,583,2025-07-28 19:55:16.4933726,331,Info,ESENT,Application,0,0,DESKTOP-5A3QN5S,3,,,,,,,,,,,,False,C:\Users\VM\Desktop\Application.evtx,0x80000000000000,0,"{""EventData"":{""Data"":""SearchIndexer, 2960,D,50, Windows: , C:\\ProgramData\\Microsoft\\Search\\Data\\Applications\\Windows\\Windows.edb, 1568.20.0, 1568.110.240, 0x40000001 (JET_efvUseEngineDefault)"",""Binary"":""""}}"
584,584,2025-07-28 19:55:16.5182852,326,Info,ESENT,Application,0,0,DESKTOP-5A3QN5S,3,,NTDS the database engine attached a database,,,"Database: s: , 1, C:\ProgramData\Microsoft\Search\Data\Applications\Windows\Windows.edb",,,,,,,False,C:\Users\VM\Desktop\Application.evtx,0x80000000000000,0,"{""EventData"":{""Data"":""SearchIndexer, 2960,D,50, Windows: , 1, C:\\ProgramData\\Microsoft\\Search\\Data\\Applications\\Windows\\Windows.edb, 0, \n[1] 0.000011 +J(0) +M(C:0K, Fs:1, WS:4K # 0K, PF:0K # 0K, P:0K)\n[2] 0.004199 -0.002779 (1) WT +J(0) +M(C:0K, Fs:24, WS:32K # 0K, PF:32K # 0K, P:32K)\n[3] 0.020794 -0.012003 (6) WT +J(CM:0, PgRf:0, Rd:0/0, Dy:0/0, Lg:3480/2) +M(C:0K, Fs:40, WS:124K # 0K, PF:144K # 0K, P:144K)\n[4] 0.000132 +J(0) +M(C:0K, Fs:1, WS:4K # 0K, PF:0K # 0K, P:0K)\n[5] -\n[6] -\n[7] -\n[8] 0.572589 -0.003462 (2) CM -0.527870 (14) WT +J(CM:2, PgRf:2, Rd:14/2, Dy:0/0, Lg:100/2) +M(C:0K, Fs:365, WS:1348K # 876K, PF:664K # 0K, P:664K)\n[9] 0.004451 -0.001510 (5) CM +J(CM:5, PgRf:23, Rd:0/5, Dy:0/0, Lg:0/0) +M(C:0K, Fs:60, WS:240K # 200K, PF:256K # 152K, P:256K)\n[10] 0.003159 -0.003035 (1) CM +J(CM:1, PgRf:40, Rd:0/1, Dy:0/0, Lg:0/0) +M(C:0K, Fs:10, WS:40K # 40K, PF:96K # 96K, P:96K)\n[11] 0.000022 +J(CM:0, PgRf:1, Rd:0/0, Dy:0/0, Lg:0/0) +M(C:0K, Fs:2, WS:8K # 8K, PF:0K # 0K, P:0K)\n[12] 0.000048 +J(CM:0, PgRf:42, Rd:0/0, Dy:0/0, Lg:0/0) +M(C:0K, Fs:3, WS:12K # 12K, PF:0K # 0K, P:0K)\n[13] 0.000002 +J(0)\n[14] 0.0 +J(0)\n[15] 0.000365 +J(CM:0, PgRf:1, Rd:0/0, Dy:0/0, Lg:0/0)., 0 0, lgposAttach = 00000003:009F:0268,\ndbv = 1568.110.240"",""Binary"":""""}}"
585,585,2025-07-28 19:55:17.2966764,1003,Info,Microsoft-Windows-Search,Application,0,0,DESKTOP-5A3QN5S,3,,,,,,,,,,,,False,C:\Users\VM\Desktop\Application.evtx,0x80000000000000,0,"{""EventData"":{""Data"":{""@Name"":""ExtraInfo"",""#text"":"", ""}}}"
586,586,2025-07-28 19:55:24.7822670,5617,Info,Microsoft-Windows-WMI,Application,444,1468,DESKTOP-5A3QN5S,3,S-1-5-18,,,,,,,,,,,False,C:\Users\VM\Desktop\Application.evtx,Classic,0,"{""EventData"":""""}"
587,587,2025-07-28 19:55:29.5286995,6003,Info,Microsoft-Windows-Winlogon,Application,0,0,DESKTOP-5A3QN5S,3,,,,,,,,,,,,False,C:\Users\VM\Desktop\Application.evtx,0x80000000000000,0,"{""EventData"":{""Data"":""SessionEnv"",""Binary"":""D9-06-00-00""}}"
588,588,2025-07-28 19:55:30.1254412,6000,Info,Microsoft-Windows-Winlogon,Application,0,0,DESKTOP-5A3QN5S,3,,,,,,,,,,,,False,C:\Users\VM\Desktop\Application.evtx,0x80000000000000,0,"{""EventData"":{""Data"":""SessionEnv"",""Binary"":""D9-06-00-00""}}"
589,589,2025-07-28 19:55:30.9064358,4097,Info,Microsoft-Windows-CAPI2,Application,1340,1376,DESKTOP-5A3QN5S,3,,,,,,,,,,,,False,C:\Users\VM\Desktop\Application.evtx,"Audit success, classic",0,"{""EventData"":{""Data"":""CN=DigiCert Global Root CA, OU=www.digicert.com, O=DigiCert Inc, C=US, A8985D3A65E5E5C4B2D7D66D40C6DD2FB19C5436"",""Binary"":""""}}"
590,590,2025-07-28 19:55:46.3120965,4097,Info,Microsoft-Windows-CAPI2,Application,1340,1604,DESKTOP-5A3QN5S,3,,,,,,,,,,,,False,C:\Users\VM\Desktop\Application.evtx,"Audit success, classic",0,"{""EventData"":{""Data"":""CN=DigiCert Global Root G3, OU=www.digicert.com, O=DigiCert Inc, C=US, 7E04DE896A3E666D00E687D33FFAD93BE83D349E"",""Binary"":""""}}"
591,591,2025-07-28 19:56:43.2973715,16384,Info,Microsoft-Windows-Security-SPP,Application,0,0,DESKTOP-5A3QN5S,3,,,,,,,,,,,,False,C:\Users\VM\Desktop\Application.evtx,0x80000000000000,0,"{""EventData"":{""Data"":""2025-07-29T04:56:43Z, RulesEngine"",""Binary"":""""}}"
592,592,2025-07-28 19:56:43.5310879,903,LogAlways,Microsoft-Windows-Security-SPP,Application,0,0,DESKTOP-5A3QN5S,3,,,,,,,,,,,,False,C:\Users\VM\Desktop\Application.evtx,0x80000000000000,0,"{""EventData"":{""Data"":"""",""Binary"":""""}}"
593,593,2025-07-28 19:56:48.8988132,16394,Info,Microsoft-Windows-Security-SPP,Application,0,0,DESKTOP-5A3QN5S,3,,,,,,,,,,,,False,C:\Users\VM\Desktop\Application.evtx,0x80000000000000,0,"{""EventData"":{""Data"":"""",""Binary"":""""}}"
