822,822,2025-07-28 22:14:59.6052328,1003,Info,Microsoft-Windows-Security-SPP,Application,0,0,DESKTOP-5A3QN5S,9,,,,,,,,,,,,False,C:\Users\VM\Desktop\Application.evtx,0x80000000000000,0,"{""EventData"":{""Data"":""55c92734-d682-4d71-983e-d6ec3f16059f, \n1: 040fa323-92b1-4baf-97a2-5b67feaefddb, 1, 0 [(0 [0xC004F014, 0, 0], [(?)(?)(?)(?)(?)(?)(?)(?)])(1 )(2 )(3 )]\n2: 0724cb7d-3437-4cb7-93cb-830375d0079d, 1, 0 [(0 [0xC004F014, 0, 0], [(?)(?)(?)(?)(?)(?)(?)(?)])(1 )(2 )(3 )]\n3: 0ad2ac98-7bb9-4201-8d92-312299201369, 1, 0 [(0 [0xC004F014, 0, 0], [(?)(?)(?)(?)(?)(?)(?)(?)])(1 )(2 )(3 )]\n4: 1a9a717a-cf13-4ba5-83c3-0fe25fa868d5, 1, 0 [(0 [0xC004F014, 0, 0], [(?)(?)(?)(?)(?)(?)(?)(?)])(1 )(2 )(3 )]\n5: 221a02da-e2a1-4b75-864c-0a4410a33fdf, 1, 0 [(0 [0xC004F014, 0, 0], [(?)(?)(?)(?)(?)(?)(?)(?)])(1 )(2 )(3 )]\n6: 291ece0e-9c38-40ca-a9e1-32cc7ec19507, 1, 0 [(0 [0xC004F014, 0, 0], [(?)(?)(?)(?)(?)(?)(?)(?)])(1 )(2 )(3 )]\n7: 2936d1d2-913a-4542-b54e-ce5a602a2a38, 1, 0 [(0 [0xC004F014, 0, 0], [(?)(?)(?)(?)(?)(?)(?)(?)])(1 )(2 )(3 )]\n8: 2c293c26-a45a-4a2a-a350-c69a67097529, 1, 0 [(0 [0xC004F014, 0, 0], [(?)(?)(?)(?)(?)(?)(?)(?)])(1 )(2 )(3 )]\n9: 2de67392-b7a7-462a-b1ca-108dd189f588, 1, 0 [(0 [0xC004F014, 0, 0], [(?)(?)(?)(?)(?)(?)(?)(?)])(1 )(2 )(3 )]\n10: 2ffd8952-423e-4903-b993-72a1aa44cf82, 1, 0 [(0 [0xC004F014, 0, 0], [(?)(?)(?)(?)(?)(?)(?)(?)])(1 )(2 )(3 )]\n11: 30a42c86-b7a0-4a34-8c90-ff177cb2acb7, 1, 0 [(0 [0xC004F014, 0, 0], [(?)(?)(?)(?)(?)(?)(?)(?)])(1 )(2 )(3 )]\n12: 345a5db0-d94f-4e3b-a0c0-7c42f7bc3ebf, 1, 0 [(0 [0xC004F014, 0, 0], [(?)(?)(?)(?)(?)(?)(?)(?)])(1 )(2 )(3 )]\n13: 3502365a-f88a-4ba4-822a-5769d3073b65, 1, 0 [(0 [0xC004F014, 0, 0], [(?)(?)(?)(?)(?)(?)(?)(?)])(1 )(2 )(3 )]\n14: 377333b1-8b5d-48d6-9679-1225c872d37c, 1, 0 [(0 [0xC004F014, 0, 0], [(?)(?)(?)(?)(?)(?)(?)(?)])(1 )(2 )(3 )]\n15: 3df374ef-d444-4494-a5a1-4b0d9fd0e203, 1, 0 [(0 [0xC004F014, 0, 0], [(?)(?)(?)(?)(?)(?)(?)(?)])(1 )(2 )(3 )]\n16: 3f1afc82-f8ac-4f6c-8005-1d233e606eee, 1, 0 [(0 [0xC004F014, 0, 0], [(?)(?)(?)(?)(?)(?)(?)(?)])(1 )(2 )(3 )]\n17: 49cd895b-53b2-4dc4-a5f7-b18aa019ad37, 1, 0 [(0 [0xC004F014, 0, 0], [(?)(?)(?)(?)(?)(?)(?)(?)])(1 )(2 )(3 )]\n18: 4de7cb65-cdf1-4de9-8ae8-e3cce27b9f2c, 1, 1 [(0 )(1 )(2 [0xC004E003, 0, 0], [( 1 0xC004F034)( 1 0xC004F034)(?)(?)(?)(?)(?)(?)])(3 [0x00000000, 0, 0], [( 6 0xC004F009 0 0)( 1 0x00000000)( 6 0xC004F009 0 0)(?)(?)(?)( 10 0x00000000 msft:rm/algorithm/flags/1.0)( 11 0x00000000 0xC004F034)])]\n19: 4f3da0d2-271d-4508-ae81-626b60809a38, 1, 0 [(0 [0xC004F014, 0, 0], [(?)(?)(?)(?)(?)(?)(?)(?)])(1 )(2 )(3 )]\n20: 60b3ec1b-9545-4921-821f-311b129dd6f6, 1, 0 [(0 [0xC004F014, 0, 0], [(?)(?)(?)(?)(?)(?)(?)(?)])(1 )(2 )(3 )]\n21: 613d217f-7f13-4268-9907-1662339531cd, 1, 0 [(0 [0xC004F014, 0, 0], [(?)(?)(?)(?)(?)(?)(?)(?)])(1 )(2 )(3 )]\n22: 62f0c100-9c53-4e02-b886-a3528ddfe7f6, 1, 0 [(0 [0xC004F014, 0, 0], [(?)(?)(?)(?)(?)(?)(?)(?)])(1 )(2 )(3 )]\n23: 6365275e-368d-46ca-a0ef-fc0404119333, 1, 0 [(0 [0xC004F014, 0, 0], [(?)(?)(?)(?)(?)(?)(?)(?)])(1 )(2 )(3 )]\n24: 721f9237-9341-4453-a661-09e8baa6cca5, 1, 0 [(0 [0xC004F014, 0, 0], [(?)(?)(?)(?)(?)(?)(?)(?)])(1 )(2 )(3 )]\n25: 73111121-5638-40f6-bc11-f1d7b0d64300, 1, 0 [(0 [0xC004F014, 0, 0], [(?)(?)(?)(?)(?)(?)(?)(?)])(1 )(2 )(3 )]\n26: 7a802526-4c94-4bd1-ba14-835a1aca2120, 1, 0 [(0 [0xC004F014, 0, 0], [(?)(?)(?)(?)(?)(?)(?)(?)])(1 )(2 )(3 )]\n27: 7cb546c0-c7d5-44d8-9a5c-69ecdd782b69, 1, 0 [(0 [0xC004F014, 0, 0], [(?)(?)(?)(?)(?)(?)(?)(?)])(1 )(2 )(3 )]\n28: 82bbc092-bc50-4e16-8e18-b74fc486aec3, 1, 0 [(0 [0xC004F014, 0, 0], [(?)(?)(?)(?)(?)(?)(?)(?)])(1 )(2 )(3 )]\n29: 8ab9bdd1-1f67-4997-82d9-8878520837d9, 1, 0 [(0 [0xC004F014, 0, 0], [(?)(?)(?)(?)(?)(?)(?)(?)])(1 )(2 )(3 )]\n30: 8b351c9c-f398-4515-9900-09df49427262, 1, 0 [(0 [0xC004F014, 0, 0], [(?)(?)(?)(?)(?)(?)(?)(?)])(1 )(2 )(3 )]\n31: 90da7373-1c51-430b-bf26-c97e9c5cdc31, 1, 0 [(0 [0xC004F014, 0, 0], [(?)(?)(?)(?)(?)(?)(?)(?)])(1 )(2 )(3 )]\n32: 95dca82f-385d-4d39-b85b-5c73fa285d6f, 1, 0 [(0 [0xC004F014, 0, 0], [(?)(?)(?)(?)(?)(?)(?)(?)])(1 )(2 )(3 )]\n33: a48938aa-62fa-4966-9d44-9f04da3f72f2, 1, 0 [(0 [0xC004F014, 0, 0], [(?)(?)(?)(?)(?)(?)(?)(?)])(1 )(2 )(3 )]\n34: b0773a15-df3a-4312-9ad2-83d69648e356, 1, 0 [(0 [0xC004F014, 0, 0], [(?)(?)(?)(?)(?)(?)(?)(?)])(1 )(2 )(3 )]\n35: b4bfe195-541e-4e64-ad23-6177f19e395e, 1, 0 [(0 [0xC004F014, 0, 0], [(?)(?)(?)(?)(?)(?)(?)(?)])(1 )(2 )(3 )]\n36: b68e61d2-68ca-4757-be45-0cc2f3e68eee, 1, 0 [(0 [0xC004F014, 0, 0], [(?)(?)(?)(?)(?)(?)(?)(?)])(1 )(2 )(3 )]\n37: bd3762d7-270d-4760-8fb3-d829ca45278a, 1, 0 [(0 [0xC004F014, 0, 0], [(?)(?)(?)(?)(?)(?)(?)(?)])(1 )(2 )(3 )]\n38: c86d5194-4840-4dae-9c1c-0301003a5ab0, 1, 0 [(0 [0xC004F014, 0, 0], [(?)(?)(?)(?)(?)(?)(?)(?)])(1 )(2 )(3 )]\n39: d552befb-48cc-4327-8f39-47d2d94f987c, 1, 0 [(0 [0xC004F014, 0, 0], [(?)(?)(?)(?)(?)(?)(?)(?)])(1 )(2 )(3 )]\n40: d6eadb3b-5ca8-4a6b-986e-35b550756111, 1, 0 [(0 [0xC004F014, 0, 0], [(?)(?)(?)(?)(?)(?)(?)(?)])(1 )(2 )(3 )]\n41: df96023b-dcd9-4be2-afa0-c6c871159ebe, 1, 0 [(0 [0xC004F014, 0, 0], [(?)(?)(?)(?)(?)(?)(?)(?)])(1 )(2 )(3 )]\n42: e0c42288-980c-4788-a014-c080d2e1926e, 1, 0 [(0 [0xC004F014, 0, 0], [(?)(?)(?)(?)(?)(?)(?)(?)])(1 )(2 )(3 )]\n43: e4db50ea-bda1-4566-b047-0ca50abc6f07, 1, 0 [(0 [0xC004F014, 0, 0], [(?)(?)(?)(?)(?)(?)(?)(?)])(1 )(2 )(3 )]\n44: e558417a-5123-4f6f-91e7-385c1c7ca9d4, 1, 0 [(0 [0xC004F014, 0, 0], [(?)(?)(?)(?)(?)(?)(?)(?)])(1 )(2 )(3 )]\n45: e7a950a2-e548-4f10-bf16-02ec848e0643, 1, 0 [(0 [0xC004F014, 0, 0], [(?)(?)(?)(?)(?)(?)(?)(?)])(1 )(2 )(3 )]\n46: eb6d346f-1c60-4643-b960-40ec31596c45, 1, 0 [(0 [0xC004F014, 0, 0], [(?)(?)(?)(?)(?)(?)(?)(?)])(1 )(2 )(3 )]\n47: ec868e65-fadf-4759-b23e-93fe37f2cc29, 1, 0 [(0 [0xC004F014, 0, 0], [(?)(?)(?)(?)(?)(?)(?)(?)])(1 )(2 )(3 )]\n48: ef51e000-2659-4f25-8345-3de70a9cf4c4, 1, 0 [(0 [0xC004F014, 0, 0], [(?)(?)(?)(?)(?)(?)(?)(?)])(1 )(2 )(3 )]\n49: f7af7d09-40e4-419c-a49b-eae366689ebd, 1, 0 [(0 [0xC004F014, 0, 0], [(?)(?)(?)(?)(?)(?)(?)(?)])(1 )(2 )(3 )]\n50: fa755fe6-6739-40b9-8d84-6d0ea3b6d1ab, 1, 0 [(0 [0xC004F014, 0, 0], [(?)(?)(?)(?)(?)(?)(?)(?)])(1 )(2 )(3 )]\n51: fe74f55b-0338-41d6-b267-4a201abe7285, 1, 0 [(0 [0xC004F014, 0, 0], [(?)(?)(?)(?)(?)(?)(?)(?)])(1 )(2 )(3 )]\n\n"",""Binary"":""""}}"
823,823,2025-07-28 22:14:59.9497201,1003,Info,Microsoft-Windows-Security-SPP,Application,0,0,DESKTOP-5A3QN5S,10,,,,,,,,,,,,False,C:\Users\VM\Desktop\Application.evtx,0x80000000000000,0,"{""EventData"":{""Data"":""55c92734-d682-4d71-983e-d6ec3f16059f, \n1: 040fa323-92b1-4baf-97a2-5b67feaefddb, 1, 0 [(0 [0xC004F014, 0, 0], [(?)(?)(?)(?)(?)(?)(?)(?)])(1 )(2 )(3 )]\n2: 0724cb7d-3437-4cb7-93cb-830375d0079d, 1, 0 [(0 [0xC004F014, 0, 0], [(?)(?)(?)(?)(?)(?)(?)(?)])(1 )(2 )(3 )]\n3: 0ad2ac98-7bb9-4201-8d92-312299201369, 1, 0 [(0 [0xC004F014, 0, 0], [(?)(?)(?)(?)(?)(?)(?)(?)])(1 )(2 )(3 )]\n4: 1a9a717a-cf13-4ba5-83c3-0fe25fa868d5, 1, 0 [(0 [0xC004F014, 0, 0], [(?)(?)(?)(?)(?)(?)(?)(?)])(1 )(2 )(3 )]\n5: 221a02da-e2a1-4b75-864c-0a4410a33fdf, 1, 0 [(0 [0xC004F014, 0, 0], [(?)(?)(?)(?)(?)(?)(?)(?)])(1 )(2 )(3 )]\n6: 291ece0e-9c38-40ca-a9e1-32cc7ec19507, 1, 0 [(0 [0xC004F014, 0, 0], [(?)(?)(?)(?)(?)(?)(?)(?)])(1 )(2 )(3 )]\n7: 2936d1d2-913a-4542-b54e-ce5a602a2a38, 1, 0 [(0 [0xC004F014, 0, 0], [(?)(?)(?)(?)(?)(?)(?)(?)])(1 )(2 )(3 )]\n8: 2c293c26-a45a-4a2a-a350-c69a67097529, 1, 0 [(0 [0xC004F014, 0, 0], [(?)(?)(?)(?)(?)(?)(?)(?)])(1 )(2 )(3 )]\n9: 2de67392-b7a7-462a-b1ca-108dd189f588, 1, 0 [(0 [0xC004F014, 0, 0], [(?)(?)(?)(?)(?)(?)(?)(?)])(1 )(2 )(3 )]\n10: 2ffd8952-423e-4903-b993-72a1aa44cf82, 1, 0 [(0 [0xC004F014, 0, 0], [(?)(?)(?)(?)(?)(?)(?)(?)])(1 )(2 )(3 )]\n11: 30a42c86-b7a0-4a34-8c90-ff177cb2acb7, 1, 0 [(0 [0xC004F014, 0, 0], [(?)(?)(?)(?)(?)(?)(?)(?)])(1 )(2 )(3 )]\n12: 345a5db0-d94f-4e3b-a0c0-7c42f7bc3ebf, 1, 0 [(0 [0xC004F014, 0, 0], [(?)(?)(?)(?)(?)(?)(?)(?)])(1 )(2 )(3 )]\n13: 3502365a-f88a-4ba4-822a-5769d3073b65, 1, 0 [(0 [0xC004F014, 0, 0], [(?)(?)(?)(?)(?)(?)(?)(?)])(1 )(2 )(3 )]\n14: 377333b1-8b5d-48d6-9679-1225c872d37c, 1, 0 [(0 [0xC004F014, 0, 0], [(?)(?)(?)(?)(?)(?)(?)(?)])(1 )(2 )(3 )]\n15: 3df374ef-d444-4494-a5a1-4b0d9fd0e203, 1, 0 [(0 [0xC004F014, 0, 0], [(?)(?)(?)(?)(?)(?)(?)(?)])(1 )(2 )(3 )]\n16: 3f1afc82-f8ac-4f6c-8005-1d233e606eee, 1, 0 [(0 [0xC004F014, 0, 0], [(?)(?)(?)(?)(?)(?)(?)(?)])(1 )(2 )(3 )]\n17: 49cd895b-53b2-4dc4-a5f7-b18aa019ad37, 1, 0 [(0 [0xC004F014, 0, 0], [(?)(?)(?)(?)(?)(?)(?)(?)])(1 )(2 )(3 )]\n18: 4de7cb65-cdf1-4de9-8ae8-e3cce27b9f2c, 1, 1 [(0 )(1 )(2 [0xC004E003, 0, 0], [( 1 0xC004F034)( 1 0xC004F034)(?)(?)(?)(?)(?)(?)])(3 [0x00000000, 0, 0], [( 6 0xC004F009 0 0)( 1 0x00000000)( 6 0xC004F009 0 0)(?)(?)(?)( 10 0x00000000 msft:rm/algorithm/flags/1.0)( 11 0x00000000 0xC004F034)])]\n19: 4f3da0d2-271d-4508-ae81-626b60809a38, 1, 0 [(0 [0xC004F014, 0, 0], [(?)(?)(?)(?)(?)(?)(?)(?)])(1 )(2 )(3 )]\n20: 60b3ec1b-9545-4921-821f-311b129dd6f6, 1, 0 [(0 [0xC004F014, 0, 0], [(?)(?)(?)(?)(?)(?)(?)(?)])(1 )(2 )(3 )]\n21: 613d217f-7f13-4268-9907-1662339531cd, 1, 0 [(0 [0xC004F014, 0, 0], [(?)(?)(?)(?)(?)(?)(?)(?)])(1 )(2 )(3 )]\n22: 62f0c100-9c53-4e02-b886-a3528ddfe7f6, 1, 0 [(0 [0xC004F014, 0, 0], [(?)(?)(?)(?)(?)(?)(?)(?)])(1 )(2 )(3 )]\n23: 6365275e-368d-46ca-a0ef-fc0404119333, 1, 0 [(0 [0xC004F014, 0, 0], [(?)(?)(?)(?)(?)(?)(?)(?)])(1 )(2 )(3 )]\n24: 721f9237-9341-4453-a661-09e8baa6cca5, 1, 0 [(0 [0xC004F014, 0, 0], [(?)(?)(?)(?)(?)(?)(?)(?)])(1 )(2 )(3 )]\n25: 73111121-5638-40f6-bc11-f1d7b0d64300, 1, 0 [(0 [0xC004F014, 0, 0], [(?)(?)(?)(?)(?)(?)(?)(?)])(1 )(2 )(3 )]\n26: 7a802526-4c94-4bd1-ba14-835a1aca2120, 1, 0 [(0 [0xC004F014, 0, 0], [(?)(?)(?)(?)(?)(?)(?)(?)])(1 )(2 )(3 )]\n27: 7cb546c0-c7d5-44d8-9a5c-69ecdd782b69, 1, 0 [(0 [0xC004F014, 0, 0], [(?)(?)(?)(?)(?)(?)(?)(?)])(1 )(2 )(3 )]\n28: 82bbc092-bc50-4e16-8e18-b74fc486aec3, 1, 0 [(0 [0xC004F014, 0, 0], [(?)(?)(?)(?)(?)(?)(?)(?)])(1 )(2 )(3 )]\n29: 8ab9bdd1-1f67-4997-82d9-8878520837d9, 1, 0 [(0 [0xC004F014, 0, 0], [(?)(?)(?)(?)(?)(?)(?)(?)])(1 )(2 )(3 )]\n30: 8b351c9c-f398-4515-9900-09df49427262, 1, 0 [(0 [0xC004F014, 0, 0], [(?)(?)(?)(?)(?)(?)(?)(?)])(1 )(2 )(3 )]\n31: 90da7373-1c51-430b-bf26-c97e9c5cdc31, 1, 0 [(0 [0xC004F014, 0, 0], [(?)(?)(?)(?)(?)(?)(?)(?)])(1 )(2 )(3 )]\n32: 95dca82f-385d-4d39-b85b-5c73fa285d6f, 1, 0 [(0 [0xC004F014, 0, 0], [(?)(?)(?)(?)(?)(?)(?)(?)])(1 )(2 )(3 )]\n33: a48938aa-62fa-4966-9d44-9f04da3f72f2, 1, 0 [(0 [0xC004F014, 0, 0], [(?)(?)(?)(?)(?)(?)(?)(?)])(1 )(2 )(3 )]\n34: b0773a15-df3a-4312-9ad2-83d69648e356, 1, 0 [(0 [0xC004F014, 0, 0], [(?)(?)(?)(?)(?)(?)(?)(?)])(1 )(2 )(3 )]\n35: b4bfe195-541e-4e64-ad23-6177f19e395e, 1, 0 [(0 [0xC004F014, 0, 0], [(?)(?)(?)(?)(?)(?)(?)(?)])(1 )(2 )(3 )]\n36: b68e61d2-68ca-4757-be45-0cc2f3e68eee, 1, 0 [(0 [0xC004F014, 0, 0], [(?)(?)(?)(?)(?)(?)(?)(?)])(1 )(2 )(3 )]\n37: bd3762d7-270d-4760-8fb3-d829ca45278a, 1, 0 [(0 [0xC004F014, 0, 0], [(?)(?)(?)(?)(?)(?)(?)(?)])(1 )(2 )(3 )]\n38: c86d5194-4840-4dae-9c1c-0301003a5ab0, 1, 0 [(0 [0xC004F014, 0, 0], [(?)(?)(?)(?)(?)(?)(?)(?)])(1 )(2 )(3 )]\n39: d552befb-48cc-4327-8f39-47d2d94f987c, 1, 0 [(0 [0xC004F014, 0, 0], [(?)(?)(?)(?)(?)(?)(?)(?)])(1 )(2 )(3 )]\n40: d6eadb3b-5ca8-4a6b-986e-35b550756111, 1, 0 [(0 [0xC004F014, 0, 0], [(?)(?)(?)(?)(?)(?)(?)(?)])(1 )(2 )(3 )]\n41: df96023b-dcd9-4be2-afa0-c6c871159ebe, 1, 0 [(0 [0xC004F014, 0, 0], [(?)(?)(?)(?)(?)(?)(?)(?)])(1 )(2 )(3 )]\n42: e0c42288-980c-4788-a014-c080d2e1926e, 1, 0 [(0 [0xC004F014, 0, 0], [(?)(?)(?)(?)(?)(?)(?)(?)])(1 )(2 )(3 )]\n43: e4db50ea-bda1-4566-b047-0ca50abc6f07, 1, 0 [(0 [0xC004F014, 0, 0], [(?)(?)(?)(?)(?)(?)(?)(?)])(1 )(2 )(3 )]\n44: e558417a-5123-4f6f-91e7-385c1c7ca9d4, 1, 0 [(0 [0xC004F014, 0, 0], [(?)(?)(?)(?)(?)(?)(?)(?)])(1 )(2 )(3 )]\n45: e7a950a2-e548-4f10-bf16-02ec848e0643, 1, 0 [(0 [0xC004F014, 0, 0], [(?)(?)(?)(?)(?)(?)(?)(?)])(1 )(2 )(3 )]\n46: eb6d346f-1c60-4643-b960-40ec31596c45, 1, 0 [(0 [0xC004F014, 0, 0], [(?)(?)(?)(?)(?)(?)(?)(?)])(1 )(2 )(3 )]\n47: ec868e65-fadf-4759-b23e-93fe37f2cc29, 1, 0 [(0 [0xC004F014, 0, 0], [(?)(?)(?)(?)(?)(?)(?)(?)])(1 )(2 )(3 )]\n48: ef51e000-2659-4f25-8345-3de70a9cf4c4, 1, 0 [(0 [0xC004F014, 0, 0], [(?)(?)(?)(?)(?)(?)(?)(?)])(1 )(2 )(3 )]\n49: f7af7d09-40e4-419c-a49b-eae366689ebd, 1, 0 [(0 [0xC004F014, 0, 0], [(?)(?)(?)(?)(?)(?)(?)(?)])(1 )(2 )(3 )]\n50: fa755fe6-6739-40b9-8d84-6d0ea3b6d1ab, 1, 0 [(0 [0xC004F014, 0, 0], [(?)(?)(?)(?)(?)(?)(?)(?)])(1 )(2 )(3 )]\n51: fe74f55b-0338-41d6-b267-4a201abe7285, 1, 0 [(0 [0xC004F014, 0, 0], [(?)(?)(?)(?)(?)(?)(?)(?)])(1 )(2 )(3 )]\n\n"",""Binary"":""""}}"
824,824,2025-07-28 22:15:00.0123373,8198,Error,Microsoft-Windows-Security-SPP,Application,0,0,DESKTOP-5A3QN5S,10,,,,,,,,,,,,False,C:\Users\VM\Desktop\Application.evtx,0x80000000000000,0,"{""EventData"":{""Data"":""hr=0x803F7001, RuleId=31e71c49-8da7-4a2f-ad92-45d98a1c79ba;Action=AutoActivate;AppId=55c92734-d682-4d71-983e-d6ec3f16059f;SkuId=4de7cb65-cdf1-4de9-8ae8-e3cce27b9f2c;NotificationInterval=1440;Trigger=NetworkAvailable"",""Binary"":""""}}"
825,825,2025-07-28 22:15:50.5425689,256,Info,Edge,Application,0,0,DESKTOP-5A3QN5S,10,S-1-5-21-3151804214-3226339955-2188200191-1001,,,,,,,,,,,False,C:\Users\VM\Desktop\Application.evtx,0x80000000000000,0,"{""EventData"":{""Data"":""[5996:4568:0728/151550.541:INFO:chrome\\browser\\extensions\\extension_garbage_collector.cc:184] Garbage collection for extensions on file thread is complete."",""Binary"":""""}}"
826,826,2025-07-28 22:15:58.5049071,16384,Info,Microsoft-Windows-Security-SPP,Application,0,0,DESKTOP-5A3QN5S,10,,,,,,,,,,,,False,C:\Users\VM\Desktop\Application.evtx,0x80000000000000,0,"{""EventData"":{""Data"":""2025-07-29T22:13:58Z, RulesEngine"",""Binary"":""""}}"
827,827,2025-07-28 22:15:58.5295883,903,LogAlways,Microsoft-Windows-Security-SPP,Application,0,0,DESKTOP-5A3QN5S,10,,,,,,,,,,,,False,C:\Users\VM\Desktop\Application.evtx,0x80000000000000,0,"{""EventData"":{""Data"":"""",""Binary"":""""}}"
828,828,2025-07-28 22:16:54.2829942,0,Info,edgeupdate,Application,0,0,DESKTOP-5A3QN5S,10,,,,,,,,,,,,False,C:\Users\VM\Desktop\Application.evtx,0x80000000000000,0,"{""EventData"":{""Data"":""Service stopped"",""Binary"":""""}}"
829,829,2025-07-28 22:16:54.8145586,900,Info,Microsoft-Windows-Security-SPP,Application,0,0,DESKTOP-5A3QN5S,10,,,,,,,,,,,,False,C:\Users\VM\Desktop\Application.evtx,0x80000000000000,0,"{""EventData"":{""Data"":""&lt;explicit&gt;"",""Binary"":""""}}"
830,830,2025-07-28 22:16:54.9151501,16394,Info,Microsoft-Windows-Security-SPP,Application,0,0,DESKTOP-5A3QN5S,10,,,,,,,,,,,,False,C:\Users\VM\Desktop\Application.evtx,0x80000000000000,0,"{""EventData"":{""Data"":"""",""Binary"":""""}}"
831,831,2025-07-28 22:16:55.7524881,1,Info,SecurityCenter,Application,0,0,DESKTOP-5A3QN5S,10,,,,,,,,,,,,False,C:\Users\VM\Desktop\Application.evtx,0x80000000000000,0,"{""EventData"":{""Data"":"""",""Binary"":""""}}"
832,832,2025-07-28 22:16:57.5326173,15,Info,SecurityCenter,Application,0,0,DESKTOP-5A3QN5S,10,,Windows Security Center State Changed,,,Updated Windows Defender status successfully to SECURITY_PRODUCT_STATE_ON.,,,,,,,False,C:\Users\VM\Desktop\Application.evtx,0x80000000000000,0,"{""EventData"":{""Data"":""Windows Defender, SECURITY_PRODUCT_STATE_ON"",""Binary"":""""}}"
833,833,2025-07-28 22:17:20.7562168,16384,Info,Microsoft-Windows-Security-SPP,Application,0,0,DESKTOP-5A3QN5S,10,,,,,,,,,,,,False,C:\Users\VM\Desktop\Application.evtx,0x80000000000000,0,"{""EventData"":{""Data"":""2025-07-29T22:14:20Z, RulesEngine"",""Binary"":""""}}"
834,834,2025-07-28 22:20:48.0981884,16394,Info,Microsoft-Windows-Security-SPP,Application,0,0,DESKTOP-5A3QN5S,10,,,,,,,,,,,,False,C:\Users\VM\Desktop\Application.evtx,0x80000000000000,0,"{""EventData"":{""Data"":"""",""Binary"":""""}}"
835,835,2025-07-28 22:21:13.9125056,16384,Info,Microsoft-Windows-Security-SPP,Application,0,0,DESKTOP-5A3QN5S,10,,,,,,,,,,,,False,C:\Users\VM\Desktop\Application.evtx,0x80000000000000,0,"{""EventData"":{""Data"":""2025-07-29T22:14:13Z, RulesEngine"",""Binary"":""""}}"
836,836,2025-07-28 22:25:00.6673556,16394,Info,Microsoft-Windows-Security-SPP,Application,0,0,DESKTOP-5A3QN5S,10,,,,,,,,,,,,False,C:\Users\VM\Desktop\Application.evtx,0x80000000000000,0,"{""EventData"":{""Data"":"""",""Binary"":""""}}"
837,837,2025-07-28 22:25:13.3541809,15,Info,SecurityCenter,Application,0,0,DESKTOP-5A3QN5S,10,,Windows Security Center State Changed,,,Updated Windows Defender status successfully to SECURITY_PRODUCT_STATE_ON.,,,,,,,False,C:\Users\VM\Desktop\Application.evtx,0x80000000000000,0,"{""EventData"":{""Data"":""Windows Defender, SECURITY_PRODUCT_STATE_ON"",""Binary"":""""}}"
838,838,2025-07-28 22:25:37.4403600,16384,Info,Microsoft-Windows-Security-SPP,Application,0,0,DESKTOP-5A3QN5S,10,,,,,,,,,,,,False,C:\Users\VM\Desktop\Application.evtx,0x80000000000000,0,"{""EventData"":{""Data"":""2025-07-29T22:14:37Z, RulesEngine"",""Binary"":""""}}"
839,839,2025-07-28 22:29:55.1628205,1001,Info,Windows Error Reporting,Application,0,0,DESKTOP-5A3QN5S,10,,Application Crash,,,,,,,,,firefox.exe,False,C:\Users\VM\Desktop\Application.evtx,0x80000000000000,0,"{""EventData"":{""Data"":""1383028410554872602, 5, RADAR_PRE_LEAK_64, Not available, 0, firefox.exe, 141.0.0.299, 10.0.19045.2.0.0, \n\\\\?\\C:\\Users\\VM\\AppData\\Local\\Temp\\RDRFCEE.tmp\\empty.txt\n\\\\?\\C:\\ProgramData\\Microsoft\\Windows\\WER\\Temp\\WERFD0F.tmp.WERInternalMetadata.xml\n\\\\?\\C:\\ProgramData\\Microsoft\\Windows\\WER\\Temp\\WERFD8D.tmp.xml\n\\\\?\\C:\\ProgramData\\Microsoft\\Windows\\WER\\Temp\\WERFDD9.tmp.csv\n\\\\?\\C:\\ProgramData\\Microsoft\\Windows\\WER\\Temp\\WERFE18.tmp.txt, 0, 235749f5-eeb2-4121-8e75-7f67418a0bde, 268435456, 6d6237c0cdff22a6433181030565731a, 0"",""Binary"":""""}}"
840,840,2025-07-28 22:31:42.9242499,1040,Info,MsiInstaller,Application,0,0,DESKTOP-5A3QN5S,10,S-1-5-21-3151804214-3226339955-2188200191-1001,Installer Started,,,,,,,,,C:\ProgramData\Package Cache\{1E385F99-81C4-4738-9336-4CB107EE3ECC}v72.28.35968\dotnet-runtime-9.0.7-win-x64.msi,False,C:\Users\VM\Desktop\Application.evtx,0x80000000000000,0,"{""EventData"":{""Data"":""C:\\ProgramData\\Package Cache\\{1E385F99-81C4-4738-9336-4CB107EE3ECC}v72.28.35968\\dotnet-runtime-9.0.7-win-x64.msi, 7232, (NULL), (NULL), (NULL), (NULL)"",""Binary"":""""}}"
841,841,2025-07-28 22:31:43.4297769,10000,Info,Microsoft-Windows-RestartManager,Application,1068,3660,DESKTOP-5A3QN5S,10,S-1-5-21-3151804214-3226339955-2188200191-1001,,,,,,,,,,,False,C:\Users\VM\Desktop\Application.evtx,Classic,0,"{""UserData"":{""RmSessionEvent"":{""RmSessionId"":""0"",""UTCStartTime"":""2025-07-28 22:31:43.3475309""}}}"
842,842,2025-07-28 22:31:47.5587186,11707,Info,MsiInstaller,Application,0,0,DESKTOP-5A3QN5S,10,S-1-5-21-3151804214-3226339955-2188200191-1001,Installation completed successfully,,,"Product: Microsoft .NET Runtime - 9.0.7 (x64) -- Installation completed successfully., (NULL), (NULL), (NULL), (NULL), (NULL)",,,,,,,False,C:\Users\VM\Desktop\Application.evtx,0x80000000000000,0,"{""EventData"":{""Data"":""Product: Microsoft .NET Runtime - 9.0.7 (x64) -- Installation completed successfully., (NULL), (NULL), (NULL), (NULL), (NULL)"",""Binary"":""7B-31-45-33-38-35-46-39-39-2D-38-31-43-34-2D-34-37-33-38-2D-39-33-33-36-2D-34-43-42-31-30-37-45-45-33-45-43-43-7D""}}"
843,843,2025-07-28 22:31:47.5587186,1033,Info,MsiInstaller,Application,0,0,DESKTOP-5A3QN5S,10,S-1-5-21-3151804214-3226339955-2188200191-1001,A program was installed,,,"Name, Version, Lang, Status, Manufacturer: Microsoft .NET Runtime - 9.0.7 (x64), 72.28.35968, 1033, 0, Microsoft Corporation, (NULL)",,,,,,,False,C:\Users\VM\Desktop\Application.evtx,0x80000000000000,0,"{""EventData"":{""Data"":""Microsoft .NET Runtime - 9.0.7 (x64), 72.28.35968, 1033, 0, Microsoft Corporation, (NULL)"",""Binary"":""7B-31-45-33-38-35-46-39-39-2D-38-31-43-34-2D-34-37-33-38-2D-39-33-33-36-2D-34-43-42-31-30-37-45-45-33-45-43-43-7D-30-30-30-30-39-38-31-63-64-63-38-39-30-64-61-30-31-30-62-30-35-34-37-36-39-33-32-33-34-61-65-32-63-37-33-31-30-30-30-30-30-39-30-34""}}"
844,844,2025-07-28 22:31:47.5898897,1042,Info,MsiInstaller,Application,0,0,DESKTOP-5A3QN5S,10,S-1-5-18,Installer Exited,,,,,,,,,C:\ProgramData\Package Cache\{1E385F99-81C4-4738-9336-4CB107EE3ECC}v72.28.35968\dotnet-runtime-9.0.7-win-x64.msi,False,C:\Users\VM\Desktop\Application.evtx,0x80000000000000,0,"{""EventData"":{""Data"":""C:\\ProgramData\\Package Cache\\{1E385F99-81C4-4738-9336-4CB107EE3ECC}v72.28.35968\\dotnet-runtime-9.0.7-win-x64.msi, 7232, (NULL), (NULL), (NULL), (NULL)"",""Binary"":""""}}"
845,845,2025-07-28 22:31:47.5898897,1040,Info,MsiInstaller,Application,0,0,DESKTOP-5A3QN5S,10,S-1-5-21-3151804214-3226339955-2188200191-1001,Installer Started,,,,,,,,,C:\ProgramData\Package Cache\{1E4FA106-E70C-42C1-8F95-1E9364563D50}v72.28.35968\dotnet-hostfxr-9.0.7-win-x64.msi,False,C:\Users\VM\Desktop\Application.evtx,0x80000000000000,0,"{""EventData"":{""Data"":""C:\\ProgramData\\Package Cache\\{1E4FA106-E70C-42C1-8F95-1E9364563D50}v72.28.35968\\dotnet-hostfxr-9.0.7-win-x64.msi, 7232, (NULL), (NULL), (NULL), (NULL)"",""Binary"":""""}}"
846,846,2025-07-28 22:31:47.5740124,10001,Info,Microsoft-Windows-RestartManager,Application,1068,3324,DESKTOP-5A3QN5S,10,S-1-5-21-3151804214-3226339955-2188200191-1001,,,,,,,,,,,False,C:\Users\VM\Desktop\Application.evtx,Classic,0,"{""UserData"":{""RmSessionEvent"":{""RmSessionId"":""0"",""UTCStartTime"":""2025-07-28 22:31:43.3475309""}}}"
847,847,2025-07-28 22:31:47.6703199,10000,Info,Microsoft-Windows-RestartManager,Application,1068,5428,DESKTOP-5A3QN5S,10,S-1-5-21-3151804214-3226339955-2188200191-1001,,,,,,,,,,,False,C:\Users\VM\Desktop\Application.evtx,Classic,0,"{""UserData"":{""RmSessionEvent"":{""RmSessionId"":""0"",""UTCStartTime"":""2025-07-28 22:31:47.5898897""}}}"
848,848,2025-07-28 22:31:48.7045582,11707,Info,MsiInstaller,Application,0,0,DESKTOP-5A3QN5S,10,S-1-5-21-3151804214-3226339955-2188200191-1001,Installation completed successfully,,,"Product: Microsoft .NET Host FX Resolver - 9.0.7 (x64) -- Installation completed successfully., (NULL), (NULL), (NULL), (NULL), (NULL)",,,,,,,False,C:\Users\VM\Desktop\Application.evtx,0x80000000000000,0,"{""EventData"":{""Data"":""Product: Microsoft .NET Host FX Resolver - 9.0.7 (x64) -- Installation completed successfully., (NULL), (NULL), (NULL), (NULL), (NULL)"",""Binary"":""7B-31-45-34-46-41-31-30-36-2D-45-37-30-43-2D-34-32-43-31-2D-38-46-39-35-2D-31-45-39-33-36-34-35-36-33-44-35-30-7D""}}"
849,849,2025-07-28 22:31:48.7045582,1033,Info,MsiInstaller,Application,0,0,DESKTOP-5A3QN5S,10,S-1-5-21-3151804214-3226339955-2188200191-1001,A program was installed,,,"Name, Version, Lang, Status, Manufacturer: Microsoft .NET Host FX Resolver - 9.0.7 (x64), 72.28.35968, 1033, 0, Microsoft Corporation, (NULL)",,,,,,,False,C:\Users\VM\Desktop\Application.evtx,0x80000000000000,0,"{""EventData"":{""Data"":""Microsoft .NET Host FX Resolver - 9.0.7 (x64), 72.28.35968, 1033, 0, Microsoft Corporation, (NULL)"",""Binary"":""7B-31-45-34-46-41-31-30-36-2D-45-37-30-43-2D-34-32-43-31-2D-38-46-39-35-2D-31-45-39-33-36-34-35-36-33-44-35-30-7D-30-30-30-30-36-64-39-61-34-37-63-31-61-38-64-37-30-61-32-31-37-38-62-61-38-35-66-66-39-39-63-65-34-34-35-66-30-30-30-30-30-39-30-34""}}"
850,850,2025-07-28 22:31:48.7268594,1042,Info,MsiInstaller,Application,0,0,DESKTOP-5A3QN5S,10,S-1-5-18,Installer Exited,,,,,,,,,C:\ProgramData\Package Cache\{1E4FA106-E70C-42C1-8F95-1E9364563D50}v72.28.35968\dotnet-hostfxr-9.0.7-win-x64.msi,False,C:\Users\VM\Desktop\Application.evtx,0x80000000000000,0,"{""EventData"":{""Data"":""C:\\ProgramData\\Package Cache\\{1E4FA106-E70C-42C1-8F95-1E9364563D50}v72.28.35968\\dotnet-hostfxr-9.0.7-win-x64.msi, 7232, (NULL), (NULL), (NULL), (NULL)"",""Binary"":""""}}"
851,851,2025-07-28 22:31:48.7620717,1040,Info,MsiInstaller,Application,0,0,DESKTOP-5A3QN5S,10,S-1-5-21-3151804214-3226339955-2188200191-1001,Installer Started,,,,,,,,,C:\ProgramData\Package Cache\{0419550D-D358-47EE-A7D3-6FBDFD416E98}v72.28.35968\dotnet-host-9.0.7-win-x64.msi,False,C:\Users\VM\Desktop\Application.evtx,0x80000000000000,0,"{""EventData"":{""Data"":""C:\\ProgramData\\Package Cache\\{0419550D-D358-47EE-A7D3-6FBDFD416E98}v72.28.35968\\dotnet-host-9.0.7-win-x64.msi, 7232, (NULL), (NULL), (NULL), (NULL)"",""Binary"":""""}}"
852,852,2025-07-28 22:31:48.7178564,10001,Info,Microsoft-Windows-RestartManager,Application,1068,3324,DESKTOP-5A3QN5S,10,S-1-5-21-3151804214-3226339955-2188200191-1001,,,,,,,,,,,False,C:\Users\VM\Desktop\Application.evtx,Classic,0,"{""UserData"":{""RmSessionEvent"":{""RmSessionId"":""0"",""UTCStartTime"":""2025-07-28 22:31:47.5898897""}}}"
853,853,2025-07-28 22:31:48.8170034,10000,Info,Microsoft-Windows-RestartManager,Application,1068,6052,DESKTOP-5A3QN5S,10,S-1-5-21-3151804214-3226339955-2188200191-1001,,,,,,,,,,,False,C:\Users\VM\Desktop\Application.evtx,Classic,0,"{""UserData"":{""RmSessionEvent"":{""RmSessionId"":""0"",""UTCStartTime"":""2025-07-28 22:31:48.8123891""}}}"
854,854,2025-07-28 22:31:50.0769436,11707,Info,MsiInstaller,Application,0,0,DESKTOP-5A3QN5S,10,S-1-5-21-3151804214-3226339955-2188200191-1001,Installation completed successfully,,,"Product: Microsoft .NET Host - 9.0.7 (x64) -- Installation completed successfully., (NULL), (NULL), (NULL), (NULL), (NULL)",,,,,,,False,C:\Users\VM\Desktop\Application.evtx,0x80000000000000,0,"{""EventData"":{""Data"":""Product: Microsoft .NET Host - 9.0.7 (x64) -- Installation completed successfully., (NULL), (NULL), (NULL), (NULL), (NULL)"",""Binary"":""7B-30-34-31-39-35-35-30-44-2D-44-33-35-38-2D-34-37-45-45-2D-41-37-44-33-2D-36-46-42-44-46-44-34-31-36-45-39-38-7D""}}"
855,855,2025-07-28 22:31:50.0769436,1033,Info,MsiInstaller,Application,0,0,DESKTOP-5A3QN5S,10,S-1-5-21-3151804214-3226339955-2188200191-1001,A program was installed,,,"Name, Version, Lang, Status, Manufacturer: Microsoft .NET Host - 9.0.7 (x64), 72.28.35968, 1033, 0, Microsoft Corporation, (NULL)",,,,,,,False,C:\Users\VM\Desktop\Application.evtx,0x80000000000000,0,"{""EventData"":{""Data"":""Microsoft .NET Host - 9.0.7 (x64), 72.28.35968, 1033, 0, Microsoft Corporation, (NULL)"",""Binary"":""7B-30-34-31-39-35-35-30-44-2D-44-33-35-38-2D-34-37-45-45-2D-41-37-44-33-2D-36-46-42-44-46-44-34-31-36-45-39-38-7D-30-30-30-30-63-38-38-30-31-62-61-34-65-36-36-30-61-38-32-30-34-65-34-31-62-33-33-36-61-65-63-30-64-61-33-36-30-30-30-30-30-39-30-34""}}"
856,856,2025-07-28 22:31:50.0947809,1042,Info,MsiInstaller,Application,0,0,DESKTOP-5A3QN5S,10,S-1-5-18,Installer Exited,,,,,,,,,C:\ProgramData\Package Cache\{0419550D-D358-47EE-A7D3-6FBDFD416E98}v72.28.35968\dotnet-host-9.0.7-win-x64.msi,False,C:\Users\VM\Desktop\Application.evtx,0x80000000000000,0,"{""EventData"":{""Data"":""C:\\ProgramData\\Package Cache\\{0419550D-D358-47EE-A7D3-6FBDFD416E98}v72.28.35968\\dotnet-host-9.0.7-win-x64.msi, 7232, (NULL), (NULL), (NULL), (NULL)"",""Binary"":""""}}"
857,857,2025-07-28 22:31:50.1255072,1040,Info,MsiInstaller,Application,0,0,DESKTOP-5A3QN5S,10,S-1-5-21-3151804214-3226339955-2188200191-1001,Installer Started,,,,,,,,,C:\ProgramData\Package Cache\{5CDEEB68-C2B0-416A-8A62-1C34A308CFED}v72.28.35968\dotnet-targeting-pack-9.0.7-win-x64.msi,False,C:\Users\VM\Desktop\Application.evtx,0x80000000000000,0,"{""EventData"":{""Data"":""C:\\ProgramData\\Package Cache\\{5CDEEB68-C2B0-416A-8A62-1C34A308CFED}v72.28.35968\\dotnet-targeting-pack-9.0.7-win-x64.msi, 7232, (NULL), (NULL), (NULL), (NULL)"",""Binary"":""""}}"
858,858,2025-07-28 22:31:50.0890454,10001,Info,Microsoft-Windows-RestartManager,Application,1068,3324,DESKTOP-5A3QN5S,10,S-1-5-21-3151804214-3226339955-2188200191-1001,,,,,,,,,,,False,C:\Users\VM\Desktop\Application.evtx,Classic,0,"{""UserData"":{""RmSessionEvent"":{""RmSessionId"":""0"",""UTCStartTime"":""2025-07-28 22:31:48.8123891""}}}"
859,859,2025-07-28 22:31:50.2300983,10000,Info,Microsoft-Windows-RestartManager,Application,1068,3788,DESKTOP-5A3QN5S,10,S-1-5-21-3151804214-3226339955-2188200191-1001,,,,,,,,,,,False,C:\Users\VM\Desktop\Application.evtx,Classic,0,"{""UserData"":{""RmSessionEvent"":{""RmSessionId"":""0"",""UTCStartTime"":""2025-07-28 22:31:50.1763866""}}}"
860,860,2025-07-28 22:31:57.2166441,11707,Info,MsiInstaller,Application,0,0,DESKTOP-5A3QN5S,10,S-1-5-21-3151804214-3226339955-2188200191-1001,Installation completed successfully,,,"Product: Microsoft .NET Targeting Pack - 9.0.7 (x64) -- Installation completed successfully., (NULL), (NULL), (NULL), (NULL), (NULL)",,,,,,,False,C:\Users\VM\Desktop\Application.evtx,0x80000000000000,0,"{""EventData"":{""Data"":""Product: Microsoft .NET Targeting Pack - 9.0.7 (x64) -- Installation completed successfully., (NULL), (NULL), (NULL), (NULL), (NULL)"",""Binary"":""7B-35-43-44-45-45-42-36-38-2D-43-32-42-30-2D-34-31-36-41-2D-38-41-36-32-2D-31-43-33-34-41-33-30-38-43-46-45-44-7D""}}"
861,861,2025-07-28 22:31:57.2166441,1033,Info,MsiInstaller,Application,0,0,DESKTOP-5A3QN5S,10,S-1-5-21-3151804214-3226339955-2188200191-1001,A program was installed,,,"Name, Version, Lang, Status, Manufacturer: Microsoft .NET Targeting Pack - 9.0.7 (x64), 72.28.35968, 1033, 0, Microsoft Corporation, (NULL)",,,,,,,False,C:\Users\VM\Desktop\Application.evtx,0x80000000000000,0,"{""EventData"":{""Data"":""Microsoft .NET Targeting Pack - 9.0.7 (x64), 72.28.35968, 1033, 0, Microsoft Corporation, (NULL)"",""Binary"":""7B-35-43-44-45-45-42-36-38-2D-43-32-42-30-2D-34-31-36-41-2D-38-41-36-32-2D-31-43-33-34-41-33-30-38-43-46-45-44-7D-30-30-30-30-39-62-30-63-32-62-61-38-66-35-63-63-66-61-32-37-66-65-37-32-35-39-61-64-30-34-36-32-37-65-31-32-30-30-30-30-30-39-30-34""}}"
862,862,2025-07-28 22:31:57.2166441,1042,Info,MsiInstaller,Application,0,0,DESKTOP-5A3QN5S,10,S-1-5-18,Installer Exited,,,,,,,,,C:\ProgramData\Package Cache\{5CDEEB68-C2B0-416A-8A62-1C34A308CFED}v72.28.35968\dotnet-targeting-pack-9.0.7-win-x64.msi,False,C:\Users\VM\Desktop\Application.evtx,0x80000000000000,0,"{""EventData"":{""Data"":""C:\\ProgramData\\Package Cache\\{5CDEEB68-C2B0-416A-8A62-1C34A308CFED}v72.28.35968\\dotnet-targeting-pack-9.0.7-win-x64.msi, 7232, (NULL), (NULL), (NULL), (NULL)"",""Binary"":""""}}"
863,863,2025-07-28 22:31:57.2166441,1040,Info,MsiInstaller,Application,0,0,DESKTOP-5A3QN5S,10,S-1-5-21-3151804214-3226339955-2188200191-1001,Installer Started,,,,,,,,,C:\ProgramData\Package Cache\{744C0465-0D06-4DB7-A8AE-15117E6B01D0}v72.28.35968\dotnet-apphost-pack-9.0.7-win-x64.msi,False,C:\Users\VM\Desktop\Application.evtx,0x80000000000000,0,"{""EventData"":{""Data"":""C:\\ProgramData\\Package Cache\\{744C0465-0D06-4DB7-A8AE-15117E6B01D0}v72.28.35968\\dotnet-apphost-pack-9.0.7-win-x64.msi, 7232, (NULL), (NULL), (NULL), (NULL)"",""Binary"":""""}}"
864,864,2025-07-28 22:31:57.2856267,10001,Info,Microsoft-Windows-RestartManager,Application,1068,3324,DESKTOP-5A3QN5S,10,S-1-5-21-3151804214-3226339955-2188200191-1001,,,,,,,,,,,False,C:\Users\VM\Desktop\Application.evtx,Classic,0,"{""UserData"":{""RmSessionEvent"":{""RmSessionId"":""0"",""UTCStartTime"":""2025-07-28 22:31:50.1763866""}}}"
865,865,2025-07-28 22:31:57.4322927,10000,Info,Microsoft-Windows-RestartManager,Application,1068,4908,DESKTOP-5A3QN5S,10,S-1-5-21-3151804214-3226339955-2188200191-1001,,,,,,,,,,,False,C:\Users\VM\Desktop\Application.evtx,Classic,0,"{""UserData"":{""RmSessionEvent"":{""RmSessionId"":""0"",""UTCStartTime"":""2025-07-28 22:31:57.2166441""}}}"
866,866,2025-07-28 22:31:58.5776292,11707,Info,MsiInstaller,Application,0,0,DESKTOP-5A3QN5S,10,S-1-5-21-3151804214-3226339955-2188200191-1001,Installation completed successfully,,,"Product: Microsoft .NET AppHost Pack - 9.0.7 (x64) -- Installation completed successfully., (NULL), (NULL), (NULL), (NULL), (NULL)",,,,,,,False,C:\Users\VM\Desktop\Application.evtx,0x80000000000000,0,"{""EventData"":{""Data"":""Product: Microsoft .NET AppHost Pack - 9.0.7 (x64) -- Installation completed successfully., (NULL), (NULL), (NULL), (NULL), (NULL)"",""Binary"":""7B-37-34-34-43-30-34-36-35-2D-30-44-30-36-2D-34-44-42-37-2D-41-38-41-45-2D-31-35-31-31-37-45-36-42-30-31-44-30-7D""}}"
867,867,2025-07-28 22:31:58.5776292,1033,Info,MsiInstaller,Application,0,0,DESKTOP-5A3QN5S,10,S-1-5-21-3151804214-3226339955-2188200191-1001,A program was installed,,,"Name, Version, Lang, Status, Manufacturer: Microsoft .NET AppHost Pack - 9.0.7 (x64), 72.28.35968, 1033, 0, Microsoft Corporation, (NULL)",,,,,,,False,C:\Users\VM\Desktop\Application.evtx,0x80000000000000,0,"{""EventData"":{""Data"":""Microsoft .NET AppHost Pack - 9.0.7 (x64), 72.28.35968, 1033, 0, Microsoft Corporation, (NULL)"",""Binary"":""7B-37-34-34-43-30-34-36-35-2D-30-44-30-36-2D-34-44-42-37-2D-41-38-41-45-2D-31-35-31-31-37-45-36-42-30-31-44-30-7D-30-30-30-30-30-39-39-37-63-34-38-64-62-61-36-36-36-62-65-35-61-32-31-32-30-34-33-65-63-38-30-61-66-64-62-66-30-30-30-30-30-39-30-34""}}"
868,868,2025-07-28 22:31:58.6126475,1042,Info,MsiInstaller,Application,0,0,DESKTOP-5A3QN5S,10,S-1-5-18,Installer Exited,,,,,,,,,C:\ProgramData\Package Cache\{744C0465-0D06-4DB7-A8AE-15117E6B01D0}v72.28.35968\dotnet-apphost-pack-9.0.7-win-x64.msi,False,C:\Users\VM\Desktop\Application.evtx,0x80000000000000,0,"{""EventData"":{""Data"":""C:\\ProgramData\\Package Cache\\{744C0465-0D06-4DB7-A8AE-15117E6B01D0}v72.28.35968\\dotnet-apphost-pack-9.0.7-win-x64.msi, 7232, (NULL), (NULL), (NULL), (NULL)"",""Binary"":""""}}"
869,869,2025-07-28 22:31:58.6308808,1040,Info,MsiInstaller,Application,0,0,DESKTOP-5A3QN5S,10,S-1-5-21-3151804214-3226339955-2188200191-1001,Installer Started,,,,,,,,,C:\ProgramData\Package Cache\{DB481562-071D-456C-939B-25F75E36629E}v72.28.35968\dotnet-apphost-pack-9.0.7-win-x64_x86.msi,False,C:\Users\VM\Desktop\Application.evtx,0x80000000000000,0,"{""EventData"":{""Data"":""C:\\ProgramData\\Package Cache\\{DB481562-071D-456C-939B-25F75E36629E}v72.28.35968\\dotnet-apphost-pack-9.0.7-win-x64_x86.msi, 7232, (NULL), (NULL), (NULL), (NULL)"",""Binary"":""""}}"
870,870,2025-07-28 22:31:58.6046417,10001,Info,Microsoft-Windows-RestartManager,Application,1068,3324,DESKTOP-5A3QN5S,10,S-1-5-21-3151804214-3226339955-2188200191-1001,,,,,,,,,,,False,C:\Users\VM\Desktop\Application.evtx,Classic,0,"{""UserData"":{""RmSessionEvent"":{""RmSessionId"":""0"",""UTCStartTime"":""2025-07-28 22:31:57.2166441""}}}"
871,871,2025-07-28 22:31:58.7452972,10000,Info,Microsoft-Windows-RestartManager,Application,1068,7580,DESKTOP-5A3QN5S,10,S-1-5-21-3151804214-3226339955-2188200191-1001,,,,,,,,,,,False,C:\Users\VM\Desktop\Application.evtx,Classic,0,"{""UserData"":{""RmSessionEvent"":{""RmSessionId"":""0"",""UTCStartTime"":""2025-07-28 22:31:58.6677328""}}}"
872,872,2025-07-28 22:32:00.3369594,11707,Info,MsiInstaller,Application,0,0,DESKTOP-5A3QN5S,10,S-1-5-21-3151804214-3226339955-2188200191-1001,Installation completed successfully,,,"Product: Microsoft .NET AppHost Pack - 9.0.7 (x64_x86) -- Installation completed successfully., (NULL), (NULL), (NULL), (NULL), (NULL)",,,,,,,False,C:\Users\VM\Desktop\Application.evtx,0x80000000000000,0,"{""EventData"":{""Data"":""Product: Microsoft .NET AppHost Pack - 9.0.7 (x64_x86) -- Installation completed successfully., (NULL), (NULL), (NULL), (NULL), (NULL)"",""Binary"":""7B-44-42-34-38-31-35-36-32-2D-30-37-31-44-2D-34-35-36-43-2D-39-33-39-42-2D-32-35-46-37-35-45-33-36-36-32-39-45-7D""}}"
873,873,2025-07-28 22:32:00.3369594,1033,Info,MsiInstaller,Application,0,0,DESKTOP-5A3QN5S,10,S-1-5-21-3151804214-3226339955-2188200191-1001,A program was installed,,,"Name, Version, Lang, Status, Manufacturer: Microsoft .NET AppHost Pack - 9.0.7 (x64_x86), 72.28.35968, 1033, 0, Microsoft Corporation, (NULL)",,,,,,,False,C:\Users\VM\Desktop\Application.evtx,0x80000000000000,0,"{""EventData"":{""Data"":""Microsoft .NET AppHost Pack - 9.0.7 (x64_x86), 72.28.35968, 1033, 0, Microsoft Corporation, (NULL)"",""Binary"":""7B-44-42-34-38-31-35-36-32-2D-30-37-31-44-2D-34-35-36-43-2D-39-33-39-42-2D-32-35-46-37-35-45-33-36-36-32-39-45-7D-30-30-30-30-66-62-35-61-37-61-62-32-38-36-36-34-30-66-64-36-34-64-33-30-35-66-37-62-63-65-64-33-32-35-38-31-30-30-30-30-30-39-30-34""}}"
874,874,2025-07-28 22:32:00.3707274,1042,Info,MsiInstaller,Application,0,0,DESKTOP-5A3QN5S,10,S-1-5-18,Installer Exited,,,,,,,,,C:\ProgramData\Package Cache\{DB481562-071D-456C-939B-25F75E36629E}v72.28.35968\dotnet-apphost-pack-9.0.7-win-x64_x86.msi,False,C:\Users\VM\Desktop\Application.evtx,0x80000000000000,0,"{""EventData"":{""Data"":""C:\\ProgramData\\Package Cache\\{DB481562-071D-456C-939B-25F75E36629E}v72.28.35968\\dotnet-apphost-pack-9.0.7-win-x64_x86.msi, 7232, (NULL), (NULL), (NULL), (NULL)"",""Binary"":""""}}"
875,875,2025-07-28 22:32:00.3945952,1040,Info,MsiInstaller,Application,0,0,DESKTOP-5A3QN5S,10,S-1-5-21-3151804214-3226339955-2188200191-1001,Installer Started,,,,,,,,,C:\ProgramData\Package Cache\{AA28C97E-5F3E-4BF7-B15D-E1F51A91C1F9}v72.28.35968\dotnet-apphost-pack-9.0.7-win-x64_arm64.msi,False,C:\Users\VM\Desktop\Application.evtx,0x80000000000000,0,"{""EventData"":{""Data"":""C:\\ProgramData\\Package Cache\\{AA28C97E-5F3E-4BF7-B15D-E1F51A91C1F9}v72.28.35968\\dotnet-apphost-pack-9.0.7-win-x64_arm64.msi, 7232, (NULL), (NULL), (NULL), (NULL)"",""Binary"":""""}}"
876,876,2025-07-28 22:32:00.3579311,10001,Info,Microsoft-Windows-RestartManager,Application,1068,3324,DESKTOP-5A3QN5S,10,S-1-5-21-3151804214-3226339955-2188200191-1001,,,,,,,,,,,False,C:\Users\VM\Desktop\Application.evtx,Classic,0,"{""UserData"":{""RmSessionEvent"":{""RmSessionId"":""0"",""UTCStartTime"":""2025-07-28 22:31:58.6677328""}}}"
877,877,2025-07-28 22:32:00.5207994,10000,Info,Microsoft-Windows-RestartManager,Application,1068,7628,DESKTOP-5A3QN5S,10,S-1-5-21-3151804214-3226339955-2188200191-1001,,,,,,,,,,,False,C:\Users\VM\Desktop\Application.evtx,Classic,0,"{""UserData"":{""RmSessionEvent"":{""RmSessionId"":""0"",""UTCStartTime"":""2025-07-28 22:32:00.5043149""}}}"
878,878,2025-07-28 22:32:01.8732926,11707,Info,MsiInstaller,Application,0,0,DESKTOP-5A3QN5S,10,S-1-5-21-3151804214-3226339955-2188200191-1001,Installation completed successfully,,,"Product: Microsoft .NET AppHost Pack - 9.0.7 (x64_arm64) -- Installation completed successfully., (NULL), (NULL), (NULL), (NULL), (NULL)",,,,,,,False,C:\Users\VM\Desktop\Application.evtx,0x80000000000000,0,"{""EventData"":{""Data"":""Product: Microsoft .NET AppHost Pack - 9.0.7 (x64_arm64) -- Installation completed successfully., (NULL), (NULL), (NULL), (NULL), (NULL)"",""Binary"":""7B-41-41-32-38-43-39-37-45-2D-35-46-33-45-2D-34-42-46-37-2D-42-31-35-44-2D-45-31-46-35-31-41-39-31-43-31-46-39-7D""}}"
879,879,2025-07-28 22:32:01.8732926,1033,Info,MsiInstaller,Application,0,0,DESKTOP-5A3QN5S,10,S-1-5-21-3151804214-3226339955-2188200191-1001,A program was installed,,,"Name, Version, Lang, Status, Manufacturer: Microsoft .NET AppHost Pack - 9.0.7 (x64_arm64), 72.28.35968, 1033, 0, Microsoft Corporation, (NULL)",,,,,,,False,C:\Users\VM\Desktop\Application.evtx,0x80000000000000,0,"{""EventData"":{""Data"":""Microsoft .NET AppHost Pack - 9.0.7 (x64_arm64), 72.28.35968, 1033, 0, Microsoft Corporation, (NULL)"",""Binary"":""7B-41-41-32-38-43-39-37-45-2D-35-46-33-45-2D-34-42-46-37-2D-42-31-35-44-2D-45-31-46-35-31-41-39-31-43-31-46-39-7D-30-30-30-30-32-32-33-63-31-66-61-65-37-61-30-36-38-66-30-35-64-35-64-62-61-62-64-38-32-65-36-35-61-63-33-65-30-30-30-30-30-39-30-34""}}"
880,880,2025-07-28 22:32:01.9126045,1042,Info,MsiInstaller,Application,0,0,DESKTOP-5A3QN5S,10,S-1-5-18,Installer Exited,,,,,,,,,C:\ProgramData\Package Cache\{AA28C97E-5F3E-4BF7-B15D-E1F51A91C1F9}v72.28.35968\dotnet-apphost-pack-9.0.7-win-x64_arm64.msi,False,C:\Users\VM\Desktop\Application.evtx,0x80000000000000,0,"{""EventData"":{""Data"":""C:\\ProgramData\\Package Cache\\{AA28C97E-5F3E-4BF7-B15D-E1F51A91C1F9}v72.28.35968\\dotnet-apphost-pack-9.0.7-win-x64_arm64.msi, 7232, (NULL), (NULL), (NULL), (NULL)"",""Binary"":""""}}"
881,881,2025-07-28 22:32:01.9341880,1040,Info,MsiInstaller,Application,0,0,DESKTOP-5A3QN5S,10,S-1-5-21-3151804214-3226339955-2188200191-1001,Installer Started,,,,,,,,,C:\ProgramData\Package Cache\{A7036CFB-B403-4598-85FF-D397ABB88173}v24.0.28113\netstandard-targeting-pack-2.1.0-win-x64.msi,False,C:\Users\VM\Desktop\Application.evtx,0x80000000000000,0,"{""EventData"":{""Data"":""C:\\ProgramData\\Package Cache\\{A7036CFB-B403-4598-85FF-D397ABB88173}v24.0.28113\\netstandard-targeting-pack-2.1.0-win-x64.msi, 7232, (NULL), (NULL), (NULL), (NULL)"",""Binary"":""""}}"
882,882,2025-07-28 22:32:01.9008467,10001,Info,Microsoft-Windows-RestartManager,Application,1068,3324,DESKTOP-5A3QN5S,10,S-1-5-21-3151804214-3226339955-2188200191-1001,,,,,,,,,,,False,C:\Users\VM\Desktop\Application.evtx,Classic,0,"{""UserData"":{""RmSessionEvent"":{""RmSessionId"":""0"",""UTCStartTime"":""2025-07-28 22:32:00.5043149""}}}"
883,883,2025-07-28 22:32:02.0360592,10000,Info,Microsoft-Windows-RestartManager,Application,1068,4988,DESKTOP-5A3QN5S,10,S-1-5-21-3151804214-3226339955-2188200191-1001,,,,,,,,,,,False,C:\Users\VM\Desktop\Application.evtx,Classic,0,"{""UserData"":{""RmSessionEvent"":{""RmSessionId"":""0"",""UTCStartTime"":""2025-07-28 22:32:02.0348925""}}}"
884,884,2025-07-28 22:32:05.0691174,11707,Info,MsiInstaller,Application,0,0,DESKTOP-5A3QN5S,10,S-1-5-21-3151804214-3226339955-2188200191-1001,Installation completed successfully,,,"Product: Microsoft .NET Standard Targeting Pack - 2.1.0 (x64) -- Installation completed successfully., (NULL), (NULL), (NULL), (NULL), (NULL)",,,,,,,False,C:\Users\VM\Desktop\Application.evtx,0x80000000000000,0,"{""EventData"":{""Data"":""Product: Microsoft .NET Standard Targeting Pack - 2.1.0 (x64) -- Installation completed successfully., (NULL), (NULL), (NULL), (NULL), (NULL)"",""Binary"":""7B-41-37-30-33-36-43-46-42-2D-42-34-30-33-2D-34-35-39-38-2D-38-35-46-46-2D-44-33-39-37-41-42-42-38-38-31-37-33-7D""}}"
885,885,2025-07-28 22:32:05.0691174,1033,Info,MsiInstaller,Application,0,0,DESKTOP-5A3QN5S,10,S-1-5-21-3151804214-3226339955-2188200191-1001,A program was installed,,,"Name, Version, Lang, Status, Manufacturer: Microsoft .NET Standard Targeting Pack - 2.1.0 (x64), 24.0.28113, 1033, 0, Microsoft Corporation, (NULL)",,,,,,,False,C:\Users\VM\Desktop\Application.evtx,0x80000000000000,0,"{""EventData"":{""Data"":""Microsoft .NET Standard Targeting Pack - 2.1.0 (x64), 24.0.28113, 1033, 0, Microsoft Corporation, (NULL)"",""Binary"":""7B-41-37-30-33-36-43-46-42-2D-42-34-30-33-2D-34-35-39-38-2D-38-35-46-46-2D-44-33-39-37-41-42-42-38-38-31-37-33-7D-30-30-30-30-34-32-63-30-63-65-32-34-61-65-32-32-38-39-62-63-37-30-63-34-64-38-36-64-64-65-37-65-61-64-61-32-30-30-30-30-30-39-30-34""}}"
886,886,2025-07-28 22:32:05.1049620,1042,Info,MsiInstaller,Application,0,0,DESKTOP-5A3QN5S,10,S-1-5-18,Installer Exited,,,,,,,,,C:\ProgramData\Package Cache\{A7036CFB-B403-4598-85FF-D397ABB88173}v24.0.28113\netstandard-targeting-pack-2.1.0-win-x64.msi,False,C:\Users\VM\Desktop\Application.evtx,0x80000000000000,0,"{""EventData"":{""Data"":""C:\\ProgramData\\Package Cache\\{A7036CFB-B403-4598-85FF-D397ABB88173}v24.0.28113\\netstandard-targeting-pack-2.1.0-win-x64.msi, 7232, (NULL), (NULL), (NULL), (NULL)"",""Binary"":""""}}"
887,887,2025-07-28 22:32:05.1533882,1040,Info,MsiInstaller,Application,0,0,DESKTOP-5A3QN5S,10,S-1-5-21-3151804214-3226339955-2188200191-1001,Installer Started,,,,,,,,,C:\ProgramData\Package Cache\{56FCF501-A7CF-42F8-B159-6B9F19090AED}v72.28.35985\windowsdesktop-runtime-9.0.7-win-x64.msi,False,C:\Users\VM\Desktop\Application.evtx,0x80000000000000,0,"{""EventData"":{""Data"":""C:\\ProgramData\\Package Cache\\{56FCF501-A7CF-42F8-B159-6B9F19090AED}v72.28.35985\\windowsdesktop-runtime-9.0.7-win-x64.msi, 7232, (NULL), (NULL), (NULL), (NULL)"",""Binary"":""""}}"
888,888,2025-07-28 22:32:05.0926851,10001,Info,Microsoft-Windows-RestartManager,Application,1068,6916,DESKTOP-5A3QN5S,10,S-1-5-21-3151804214-3226339955-2188200191-1001,,,,,,,,,,,False,C:\Users\VM\Desktop\Application.evtx,Classic,0,"{""UserData"":{""RmSessionEvent"":{""RmSessionId"":""0"",""UTCStartTime"":""2025-07-28 22:32:02.0348925""}}}"
889,889,2025-07-28 22:32:05.6739725,10000,Info,Microsoft-Windows-RestartManager,Application,1068,3616,DESKTOP-5A3QN5S,10,S-1-5-21-3151804214-3226339955-2188200191-1001,,,,,,,,,,,False,C:\Users\VM\Desktop\Application.evtx,Classic,0,"{""UserData"":{""RmSessionEvent"":{""RmSessionId"":""0"",""UTCStartTime"":""2025-07-28 22:32:05.6624804""}}}"
890,890,2025-07-28 22:32:13.5536533,11707,Info,MsiInstaller,Application,0,0,DESKTOP-5A3QN5S,10,S-1-5-21-3151804214-3226339955-2188200191-1001,Installation completed successfully,,,"Product: Microsoft Windows Desktop Runtime - 9.0.7 (x64) -- Installation completed successfully., (NULL), (NULL), (NULL), (NULL), (NULL)",,,,,,,False,C:\Users\VM\Desktop\Application.evtx,0x80000000000000,0,"{""EventData"":{""Data"":""Product: Microsoft Windows Desktop Runtime - 9.0.7 (x64) -- Installation completed successfully., (NULL), (NULL), (NULL), (NULL), (NULL)"",""Binary"":""7B-35-36-46-43-46-35-30-31-2D-41-37-43-46-2D-34-32-46-38-2D-42-31-35-39-2D-36-42-39-46-31-39-30-39-30-41-45-44-7D""}}"
891,891,2025-07-28 22:32:13.5536533,1033,Info,MsiInstaller,Application,0,0,DESKTOP-5A3QN5S,10,S-1-5-21-3151804214-3226339955-2188200191-1001,A program was installed,,,"Name, Version, Lang, Status, Manufacturer: Microsoft Windows Desktop Runtime - 9.0.7 (x64), 72.28.35985, 1033, 0, Microsoft Corporation, (NULL)",,,,,,,False,C:\Users\VM\Desktop\Application.evtx,0x80000000000000,0,"{""EventData"":{""Data"":""Microsoft Windows Desktop Runtime - 9.0.7 (x64), 72.28.35985, 1033, 0, Microsoft Corporation, (NULL)"",""Binary"":""7B-35-36-46-43-46-35-30-31-2D-41-37-43-46-2D-34-32-46-38-2D-42-31-35-39-2D-36-42-39-46-31-39-30-39-30-41-45-44-7D-30-30-30-30-31-62-36-30-65-33-65-65-36-65-38-31-62-36-64-34-35-65-65-30-61-37-62-38-61-62-65-65-34-63-34-61-30-30-30-30-30-39-30-34""}}"
892,892,2025-07-28 22:32:13.5764279,1042,Info,MsiInstaller,Application,0,0,DESKTOP-5A3QN5S,10,S-1-5-18,Installer Exited,,,,,,,,,C:\ProgramData\Package Cache\{56FCF501-A7CF-42F8-B159-6B9F19090AED}v72.28.35985\windowsdesktop-runtime-9.0.7-win-x64.msi,False,C:\Users\VM\Desktop\Application.evtx,0x80000000000000,0,"{""EventData"":{""Data"":""C:\\ProgramData\\Package Cache\\{56FCF501-A7CF-42F8-B159-6B9F19090AED}v72.28.35985\\windowsdesktop-runtime-9.0.7-win-x64.msi, 7232, (NULL), (NULL), (NULL), (NULL)"",""Binary"":""""}}"
893,893,2025-07-28 22:32:13.6165197,1040,Info,MsiInstaller,Application,0,0,DESKTOP-5A3QN5S,10,S-1-5-21-3151804214-3226339955-2188200191-1001,Installer Started,,,,,,,,,C:\ProgramData\Package Cache\{B2325289-1BF5-4BDB-B1B0-B8E854267126}v72.28.35985\windowsdesktop-targeting-pack-9.0.7-win-x64.msi,False,C:\Users\VM\Desktop\Application.evtx,0x80000000000000,0,"{""EventData"":{""Data"":""C:\\ProgramData\\Package Cache\\{B2325289-1BF5-4BDB-B1B0-B8E854267126}v72.28.35985\\windowsdesktop-targeting-pack-9.0.7-win-x64.msi, 7232, (NULL), (NULL), (NULL), (NULL)"",""Binary"":""""}}"
894,894,2025-07-28 22:32:13.5714021,10001,Info,Microsoft-Windows-RestartManager,Application,1068,6916,DESKTOP-5A3QN5S,10,S-1-5-21-3151804214-3226339955-2188200191-1001,,,,,,,,,,,False,C:\Users\VM\Desktop\Application.evtx,Classic,0,"{""UserData"":{""RmSessionEvent"":{""RmSessionId"":""0"",""UTCStartTime"":""2025-07-28 22:32:05.6624804""}}}"
