1241,1241,2025-07-29 07:20:27.0614467,1004,Info,Microsoft-Windows-Security-SPP,Application,0,0,DESKTOP-5A3QN5S,13,,,,,,,,,,,,False,C:\Users\VM\Desktop\Application.evtx,0x80000000000000,0,"{""EventData"":{""Data"":""Windows(R) UL oob License (Private), b26a6df0-4375-4e9f-8c79-4ea787e02064"",""Binary"":""""}}"
1242,1242,2025-07-29 07:20:27.0642952,1004,Info,Microsoft-Windows-Security-SPP,Application,0,0,DESKTOP-5A3QN5S,13,,,,,,,,,,,,False,C:\Users\VM\Desktop\Application.evtx,0x80000000000000,0,"{""EventData"":{""Data"":""Windows(R) UL volume License (Public), 53535e5e-611a-49a3-bd04-654f5b1341b3"",""Binary"":""""}}"
1243,1243,2025-07-29 07:20:27.0642952,1004,Info,Microsoft-Windows-Security-SPP,Application,0,0,DESKTOP-5A3QN5S,13,,,,,,,,,,,,False,C:\Users\VM\Desktop\Application.evtx,0x80000000000000,0,"{""EventData"":{""Data"":""Windows(R) UL volume License (Private), 9df70ec0-deaa-4c75-9632-46487ab73abf"",""Binary"":""""}}"
1244,1244,2025-07-29 07:20:27.0642952,1004,Info,Microsoft-Windows-Security-SPP,Application,0,0,DESKTOP-5A3QN5S,13,,,,,,,,,,,,False,C:\Users\VM\Desktop\Application.evtx,0x80000000000000,0,"{""EventData"":{""Data"":""Windows(R) Publishing License (Public), 9e67e806-85ba-46c3-a47e-2226b88f415d"",""Binary"":""""}}"
1245,1245,2025-07-29 07:20:27.0642952,1004,Info,Microsoft-Windows-Security-SPP,Application,0,0,DESKTOP-5A3QN5S,13,,,,,,,,,,,,False,C:\Users\VM\Desktop\Application.evtx,0x80000000000000,0,"{""EventData"":{""Data"":""Windows(R) Publishing License (Private), a2f09da3-d3f3-417e-90de-8ce69cd50cd7"",""Binary"":""""}}"
1246,1246,2025-07-29 07:20:27.0642952,1004,Info,Microsoft-Windows-Security-SPP,Application,0,0,DESKTOP-5A3QN5S,13,,,,,,,,,,,,False,C:\Users\VM\Desktop\Application.evtx,0x80000000000000,0,"{""EventData"":{""Data"":""Windows(R) UL oob License (Public), f54b8e55-5c5a-42ea-9b55-4eebcfa676be"",""Binary"":""""}}"
1247,1247,2025-07-29 07:20:27.0642952,1004,Info,Microsoft-Windows-Security-SPP,Application,0,0,DESKTOP-5A3QN5S,13,,,,,,,,,,,,False,C:\Users\VM\Desktop\Application.evtx,0x80000000000000,0,"{""EventData"":{""Data"":""Windows(R) UL oob License (Private), c598fcc0-825a-4bb2-a896-8046c231ae21"",""Binary"":""""}}"
1248,1248,2025-07-29 07:20:27.0772347,1004,Info,Microsoft-Windows-Security-SPP,Application,0,0,DESKTOP-5A3QN5S,13,,,,,,,,,,,,False,C:\Users\VM\Desktop\Application.evtx,0x80000000000000,0,"{""EventData"":{""Data"":""Windows(R) UL phone License (Public), af9bd2a6-8d79-4a77-9477-aa9e9bd8dce8"",""Binary"":""""}}"
1249,1249,2025-07-29 07:20:27.0772347,1004,Info,Microsoft-Windows-Security-SPP,Application,0,0,DESKTOP-5A3QN5S,13,,,,,,,,,,,,False,C:\Users\VM\Desktop\Application.evtx,0x80000000000000,0,"{""EventData"":{""Data"":""Windows(R) UL phone License (Private), 03e94f6c-f92d-48cf-9700-7bf979d35ef9"",""Binary"":""""}}"
1250,1250,2025-07-29 07:20:27.0772347,1004,Info,Microsoft-Windows-Security-SPP,Application,0,0,DESKTOP-5A3QN5S,13,,,,,,,,,,,,False,C:\Users\VM\Desktop\Application.evtx,0x80000000000000,0,"{""EventData"":{""Data"":""Windows(R) UL store License (Public), d828ff78-2653-4dba-8d84-217ad58831ef"",""Binary"":""""}}"
1251,1251,2025-07-29 07:20:27.0772347,1004,Info,Microsoft-Windows-Security-SPP,Application,0,0,DESKTOP-5A3QN5S,13,,,,,,,,,,,,False,C:\Users\VM\Desktop\Application.evtx,0x80000000000000,0,"{""EventData"":{""Data"":""Windows(R) UL store License (Private), 408c922c-5354-4f47-a0fc-777c2b5bec42"",""Binary"":""""}}"
1252,1252,2025-07-29 07:20:27.0921670,1004,Info,Microsoft-Windows-Security-SPP,Application,0,0,DESKTOP-5A3QN5S,13,,,,,,,,,,,,False,C:\Users\VM\Desktop\Application.evtx,0x80000000000000,0,"{""EventData"":{""Data"":""DefaultPpd-Client-IoT-ESU-Year3 Component PPD License, 5b301963-e827-0c1a-b15d-62396ddd25ee"",""Binary"":""""}}"
1253,1253,2025-07-29 07:20:27.0971764,1004,Info,Microsoft-Windows-Security-SPP,Application,0,0,DESKTOP-5A3QN5S,13,,,,,,,,,,,,False,C:\Users\VM\Desktop\Application.evtx,0x80000000000000,0,"{""EventData"":{""Data"":""Windows(R) Client-IoT-ESU-Year4 Product PPD License, 1ac80bfa-2281-f1bc-61a3-b1dd876190d3"",""Binary"":""""}}"
1254,1254,2025-07-29 07:20:27.0989160,1004,Info,Microsoft-Windows-Security-SPP,Application,0,0,DESKTOP-5A3QN5S,13,,,,,,,,,,,,False,C:\Users\VM\Desktop\Application.evtx,0x80000000000000,0,"{""EventData"":{""Data"":""Windows(R) UL oob License (Public), 0aa0c2fe-3e88-4158-bf9c-055f7bb10c22"",""Binary"":""""}}"
1255,1255,2025-07-29 07:20:27.0989160,1004,Info,Microsoft-Windows-Security-SPP,Application,0,0,DESKTOP-5A3QN5S,13,,,,,,,,,,,,False,C:\Users\VM\Desktop\Application.evtx,0x80000000000000,0,"{""EventData"":{""Data"":""Windows(R) UL oob License (Private), a6996264-7707-41e2-9138-e2bb30b68aab"",""Binary"":""""}}"
1256,1256,2025-07-29 07:20:27.0989160,1004,Info,Microsoft-Windows-Security-SPP,Application,0,0,DESKTOP-5A3QN5S,13,,,,,,,,,,,,False,C:\Users\VM\Desktop\Application.evtx,0x80000000000000,0,"{""EventData"":{""Data"":""Windows(R) UL volume License (Public), 164d4754-c171-47c7-bd11-4d85edcca663"",""Binary"":""""}}"
1257,1257,2025-07-29 07:20:27.0989160,1004,Info,Microsoft-Windows-Security-SPP,Application,0,0,DESKTOP-5A3QN5S,13,,,,,,,,,,,,False,C:\Users\VM\Desktop\Application.evtx,0x80000000000000,0,"{""EventData"":{""Data"":""Windows(R) UL volume License (Private), 3e4dc17f-35b7-4a3e-865a-362babe95e64"",""Binary"":""""}}"
1258,1258,2025-07-29 07:20:27.0989160,1004,Info,Microsoft-Windows-Security-SPP,Application,0,0,DESKTOP-5A3QN5S,13,,,,,,,,,,,,False,C:\Users\VM\Desktop\Application.evtx,0x80000000000000,0,"{""EventData"":{""Data"":""Windows(R) Publishing License (Public), d9b8b2bf-9c9b-4e8b-831f-424474f5a444"",""Binary"":""""}}"
1259,1259,2025-07-29 07:20:27.0989160,1004,Info,Microsoft-Windows-Security-SPP,Application,0,0,DESKTOP-5A3QN5S,13,,,,,,,,,,,,False,C:\Users\VM\Desktop\Application.evtx,0x80000000000000,0,"{""EventData"":{""Data"":""Windows(R) Publishing License (Private), f58838e5-dd7c-4ac9-8908-76b620717172"",""Binary"":""""}}"
1260,1260,2025-07-29 07:20:27.1124878,1004,Info,Microsoft-Windows-Security-SPP,Application,0,0,DESKTOP-5A3QN5S,13,,,,,,,,,,,,False,C:\Users\VM\Desktop\Application.evtx,0x80000000000000,0,"{""EventData"":{""Data"":""Windows(R) UL oob License (Public), 24a64f2a-c51a-44f7-bc66-940194da8757"",""Binary"":""""}}"
1261,1261,2025-07-29 07:20:27.1124878,1004,Info,Microsoft-Windows-Security-SPP,Application,0,0,DESKTOP-5A3QN5S,13,,,,,,,,,,,,False,C:\Users\VM\Desktop\Application.evtx,0x80000000000000,0,"{""EventData"":{""Data"":""Windows(R) UL oob License (Private), d4e97492-b752-4283-9fc7-0e2d45f4a201"",""Binary"":""""}}"
1262,1262,2025-07-29 07:20:27.1205828,1004,Info,Microsoft-Windows-Security-SPP,Application,0,0,DESKTOP-5A3QN5S,13,,,,,,,,,,,,False,C:\Users\VM\Desktop\Application.evtx,0x80000000000000,0,"{""EventData"":{""Data"":""Windows(R) UL phone License (Public), f4c01b28-2a73-4ce5-a0a4-979116ce7fa7"",""Binary"":""""}}"
1263,1263,2025-07-29 07:20:27.1205828,1004,Info,Microsoft-Windows-Security-SPP,Application,0,0,DESKTOP-5A3QN5S,13,,,,,,,,,,,,False,C:\Users\VM\Desktop\Application.evtx,0x80000000000000,0,"{""EventData"":{""Data"":""Windows(R) UL phone License (Private), dc6052a3-d2b1-4abf-809a-1afddc77e4b9"",""Binary"":""""}}"
1264,1264,2025-07-29 07:20:27.1205828,1004,Info,Microsoft-Windows-Security-SPP,Application,0,0,DESKTOP-5A3QN5S,13,,,,,,,,,,,,False,C:\Users\VM\Desktop\Application.evtx,0x80000000000000,0,"{""EventData"":{""Data"":""Windows(R) UL store License (Public), 09577938-f974-49cb-9568-1f77a548f0c9"",""Binary"":""""}}"
1265,1265,2025-07-29 07:20:27.1205828,1004,Info,Microsoft-Windows-Security-SPP,Application,0,0,DESKTOP-5A3QN5S,13,,,,,,,,,,,,False,C:\Users\VM\Desktop\Application.evtx,0x80000000000000,0,"{""EventData"":{""Data"":""Windows(R) UL store License (Private), 354e53d6-2d10-4d79-ab02-80634219b0b1"",""Binary"":""""}}"
1266,1266,2025-07-29 07:20:27.1205828,1004,Info,Microsoft-Windows-Security-SPP,Application,0,0,DESKTOP-5A3QN5S,13,,,,,,,,,,,,False,C:\Users\VM\Desktop\Application.evtx,0x80000000000000,0,"{""EventData"":{""Data"":""DefaultPpd-Client-IoT-ESU-Year4 Component PPD License, 21d49772-3d2f-8ad9-6df1-0c89d9666db4"",""Binary"":""""}}"
1267,1267,2025-07-29 07:20:27.1205828,1004,Info,Microsoft-Windows-Security-SPP,Application,0,0,DESKTOP-5A3QN5S,13,,,,,,,,,,,,False,C:\Users\VM\Desktop\Application.evtx,0x80000000000000,0,"{""EventData"":{""Data"":""Windows(R) Client-IoT-ESU-Year5 Product PPD License, ded931c0-3cf3-3e2e-484b-b03208ea4802"",""Binary"":""""}}"
1268,1268,2025-07-29 07:20:27.1431874,1004,Info,Microsoft-Windows-Security-SPP,Application,0,0,DESKTOP-5A3QN5S,13,,,,,,,,,,,,False,C:\Users\VM\Desktop\Application.evtx,0x80000000000000,0,"{""EventData"":{""Data"":""Windows(R) UL oob License (Public), 5be3f3a2-b91c-41ef-8a28-f204aa9c4287"",""Binary"":""""}}"
1269,1269,2025-07-29 07:20:27.1431874,1004,Info,Microsoft-Windows-Security-SPP,Application,0,0,DESKTOP-5A3QN5S,13,,,,,,,,,,,,False,C:\Users\VM\Desktop\Application.evtx,0x80000000000000,0,"{""EventData"":{""Data"":""Windows(R) UL oob License (Private), 48900069-248d-4306-8eca-d7e47b59b892"",""Binary"":""""}}"
1270,1270,2025-07-29 07:20:27.1431874,1004,Info,Microsoft-Windows-Security-SPP,Application,0,0,DESKTOP-5A3QN5S,13,,,,,,,,,,,,False,C:\Users\VM\Desktop\Application.evtx,0x80000000000000,0,"{""EventData"":{""Data"":""Windows(R) UL volume License (Public), 69253932-c5b2-41d3-a244-57a2b8564de8"",""Binary"":""""}}"
1271,1271,2025-07-29 07:20:27.1431874,1004,Info,Microsoft-Windows-Security-SPP,Application,0,0,DESKTOP-5A3QN5S,13,,,,,,,,,,,,False,C:\Users\VM\Desktop\Application.evtx,0x80000000000000,0,"{""EventData"":{""Data"":""Windows(R) UL volume License (Private), 4afd4f1d-af6d-4e76-9469-b4ad577568a6"",""Binary"":""""}}"
1272,1272,2025-07-29 07:20:27.1431874,1004,Info,Microsoft-Windows-Security-SPP,Application,0,0,DESKTOP-5A3QN5S,13,,,,,,,,,,,,False,C:\Users\VM\Desktop\Application.evtx,0x80000000000000,0,"{""EventData"":{""Data"":""Windows(R) Publishing License (Public), 63af4a6a-29b2-404a-9f2d-e23ee03d76f4"",""Binary"":""""}}"
1273,1273,2025-07-29 07:20:27.1431874,1004,Info,Microsoft-Windows-Security-SPP,Application,0,0,DESKTOP-5A3QN5S,13,,,,,,,,,,,,False,C:\Users\VM\Desktop\Application.evtx,0x80000000000000,0,"{""EventData"":{""Data"":""Windows(R) Publishing License (Private), 6f9410d4-7abb-4ec4-9e30-cfc0e61d9a89"",""Binary"":""""}}"
1274,1274,2025-07-29 07:20:27.1431874,1004,Info,Microsoft-Windows-Security-SPP,Application,0,0,DESKTOP-5A3QN5S,13,,,,,,,,,,,,False,C:\Users\VM\Desktop\Application.evtx,0x80000000000000,0,"{""EventData"":{""Data"":""Windows(R) UL oob License (Public), f50200a5-9101-4f32-9443-e50e4a38ef7d"",""Binary"":""""}}"
1275,1275,2025-07-29 07:20:27.1431874,1004,Info,Microsoft-Windows-Security-SPP,Application,0,0,DESKTOP-5A3QN5S,13,,,,,,,,,,,,False,C:\Users\VM\Desktop\Application.evtx,0x80000000000000,0,"{""EventData"":{""Data"":""Windows(R) UL oob License (Private), b8ac54a9-1c7e-43d4-8380-de955d79d682"",""Binary"":""""}}"
1276,1276,2025-07-29 07:20:27.1588491,1004,Info,Microsoft-Windows-Security-SPP,Application,0,0,DESKTOP-5A3QN5S,13,,,,,,,,,,,,False,C:\Users\VM\Desktop\Application.evtx,0x80000000000000,0,"{""EventData"":{""Data"":""Windows(R) UL phone License (Public), f9adf080-e267-4298-9fb0-b7c02b72ccce"",""Binary"":""""}}"
1277,1277,2025-07-29 07:20:27.1588491,1004,Info,Microsoft-Windows-Security-SPP,Application,0,0,DESKTOP-5A3QN5S,13,,,,,,,,,,,,False,C:\Users\VM\Desktop\Application.evtx,0x80000000000000,0,"{""EventData"":{""Data"":""Windows(R) UL phone License (Private), 9156ed21-887f-4f3d-b9b0-7c447bfd44d8"",""Binary"":""""}}"
1278,1278,2025-07-29 07:20:27.1588491,1004,Info,Microsoft-Windows-Security-SPP,Application,0,0,DESKTOP-5A3QN5S,13,,,,,,,,,,,,False,C:\Users\VM\Desktop\Application.evtx,0x80000000000000,0,"{""EventData"":{""Data"":""Windows(R) UL store License (Public), c2893228-f113-495f-a51e-f3e09c678523"",""Binary"":""""}}"
1279,1279,2025-07-29 07:20:27.1588491,1004,Info,Microsoft-Windows-Security-SPP,Application,0,0,DESKTOP-5A3QN5S,13,,,,,,,,,,,,False,C:\Users\VM\Desktop\Application.evtx,0x80000000000000,0,"{""EventData"":{""Data"":""Windows(R) UL store License (Private), 865d07fd-cfdd-4795-a6b9-501849efd3e8"",""Binary"":""""}}"
1280,1280,2025-07-29 07:20:27.1670406,1004,Info,Microsoft-Windows-Security-SPP,Application,0,0,DESKTOP-5A3QN5S,13,,,,,,,,,,,,False,C:\Users\VM\Desktop\Application.evtx,0x80000000000000,0,"{""EventData"":{""Data"":""DefaultPpd-Client-IoT-ESU-Year5 Component PPD License, d899ebcc-982a-2d39-7e3f-cd704c9a9b41"",""Binary"":""""}}"
1281,1281,2025-07-29 07:20:27.1670406,1004,Info,Microsoft-Windows-Security-SPP,Application,0,0,DESKTOP-5A3QN5S,13,,,,,,,,,,,,False,C:\Users\VM\Desktop\Application.evtx,0x80000000000000,0,"{""EventData"":{""Data"":""Windows(R) Client-IoT-ESU-Year6 Product PPD License, 7dd86420-233e-dee2-a00f-4e6d2e7a87a1"",""Binary"":""""}}"
1282,1282,2025-07-29 07:20:27.1670406,1004,Info,Microsoft-Windows-Security-SPP,Application,0,0,DESKTOP-5A3QN5S,13,,,,,,,,,,,,False,C:\Users\VM\Desktop\Application.evtx,0x80000000000000,0,"{""EventData"":{""Data"":""Windows(R) UL oob License (Public), 552b222a-880d-4b26-9b50-7a01550a6770"",""Binary"":""""}}"
1283,1283,2025-07-29 07:20:27.1670406,1004,Info,Microsoft-Windows-Security-SPP,Application,0,0,DESKTOP-5A3QN5S,13,,,,,,,,,,,,False,C:\Users\VM\Desktop\Application.evtx,0x80000000000000,0,"{""EventData"":{""Data"":""Windows(R) UL oob License (Private), 6c5157a7-10f6-4eef-ad45-bb4a062d917e"",""Binary"":""""}}"
1284,1284,2025-07-29 07:20:27.1819994,1004,Info,Microsoft-Windows-Security-SPP,Application,0,0,DESKTOP-5A3QN5S,13,,,,,,,,,,,,False,C:\Users\VM\Desktop\Application.evtx,0x80000000000000,0,"{""EventData"":{""Data"":""Windows(R) UL volume License (Public), 70c23679-aa60-4d61-aa2b-cbc0a59c358d"",""Binary"":""""}}"
1285,1285,2025-07-29 07:20:27.1819994,1004,Info,Microsoft-Windows-Security-SPP,Application,0,0,DESKTOP-5A3QN5S,13,,,,,,,,,,,,False,C:\Users\VM\Desktop\Application.evtx,0x80000000000000,0,"{""EventData"":{""Data"":""Windows(R) UL volume License (Private), 6fd1994d-0e3b-4a9e-9adc-94486269edff"",""Binary"":""""}}"
1286,1286,2025-07-29 07:20:27.1887869,1004,Info,Microsoft-Windows-Security-SPP,Application,0,0,DESKTOP-5A3QN5S,13,,,,,,,,,,,,False,C:\Users\VM\Desktop\Application.evtx,0x80000000000000,0,"{""EventData"":{""Data"":""Windows(R) Publishing License (Public), c3c26d2e-3b7a-4922-87b2-aa552397833c"",""Binary"":""""}}"
1287,1287,2025-07-29 07:20:27.1887869,1004,Info,Microsoft-Windows-Security-SPP,Application,0,0,DESKTOP-5A3QN5S,13,,,,,,,,,,,,False,C:\Users\VM\Desktop\Application.evtx,0x80000000000000,0,"{""EventData"":{""Data"":""Windows(R) Publishing License (Private), 056a4648-d14b-4edb-8c1b-129dadd332c1"",""Binary"":""""}}"
1288,1288,2025-07-29 07:20:27.1887869,1004,Info,Microsoft-Windows-Security-SPP,Application,0,0,DESKTOP-5A3QN5S,13,,,,,,,,,,,,False,C:\Users\VM\Desktop\Application.evtx,0x80000000000000,0,"{""EventData"":{""Data"":""Windows(R) UL oob License (Public), 3de6de1b-aab4-4d5c-afb3-0fe24b8d913c"",""Binary"":""""}}"
1289,1289,2025-07-29 07:20:27.1887869,1004,Info,Microsoft-Windows-Security-SPP,Application,0,0,DESKTOP-5A3QN5S,13,,,,,,,,,,,,False,C:\Users\VM\Desktop\Application.evtx,0x80000000000000,0,"{""EventData"":{""Data"":""Windows(R) UL oob License (Private), 9ac95093-e153-463f-a316-6b6248ace829"",""Binary"":""""}}"
1290,1290,2025-07-29 07:20:27.1887869,1004,Info,Microsoft-Windows-Security-SPP,Application,0,0,DESKTOP-5A3QN5S,13,,,,,,,,,,,,False,C:\Users\VM\Desktop\Application.evtx,0x80000000000000,0,"{""EventData"":{""Data"":""Windows(R) UL phone License (Public), 2f18e881-5064-4aee-8722-fad97f337482"",""Binary"":""""}}"
1291,1291,2025-07-29 07:20:27.1887869,1004,Info,Microsoft-Windows-Security-SPP,Application,0,0,DESKTOP-5A3QN5S,13,,,,,,,,,,,,False,C:\Users\VM\Desktop\Application.evtx,0x80000000000000,0,"{""EventData"":{""Data"":""Windows(R) UL phone License (Private), d575d434-417a-4451-9c32-382fc5dcf0f9"",""Binary"":""""}}"
1292,1292,2025-07-29 07:20:27.1887869,1004,Info,Microsoft-Windows-Security-SPP,Application,0,0,DESKTOP-5A3QN5S,13,,,,,,,,,,,,False,C:\Users\VM\Desktop\Application.evtx,0x80000000000000,0,"{""EventData"":{""Data"":""Windows(R) UL store License (Public), ba29d731-1bcf-4693-9189-9797ac9e5b69"",""Binary"":""""}}"
1293,1293,2025-07-29 07:20:27.1887869,1004,Info,Microsoft-Windows-Security-SPP,Application,0,0,DESKTOP-5A3QN5S,13,,,,,,,,,,,,False,C:\Users\VM\Desktop\Application.evtx,0x80000000000000,0,"{""EventData"":{""Data"":""Windows(R) UL store License (Private), b63c3bdc-58a3-4b59-809f-42bd6d019256"",""Binary"":""""}}"
1294,1294,2025-07-29 07:20:27.2109326,1004,Info,Microsoft-Windows-Security-SPP,Application,0,0,DESKTOP-5A3QN5S,13,,,,,,,,,,,,False,C:\Users\VM\Desktop\Application.evtx,0x80000000000000,0,"{""EventData"":{""Data"":""DefaultPpd-Client-IoT-ESU-Year6 Component PPD License, 5a41db6f-c06f-a99f-9859-f8c0f9ab1885"",""Binary"":""""}}"
1295,1295,2025-07-29 07:20:27.2558824,1004,Info,Microsoft-Windows-Security-SPP,Application,0,0,DESKTOP-5A3QN5S,13,,,,,,,,,,,,False,C:\Users\VM\Desktop\Application.evtx,0x80000000000000,0,"{""EventData"":{""Data"":""XrML 2.1 License - Product Key Configuration, 3b67dd0c-521d-4dbb-8c1a-c75d120fc2fb"",""Binary"":""""}}"
1296,1296,2025-07-29 07:20:27.3011303,1004,Info,Microsoft-Windows-Security-SPP,Application,0,0,DESKTOP-5A3QN5S,13,,,,,,,,,,,,False,C:\Users\VM\Desktop\Application.evtx,0x80000000000000,0,"{""EventData"":{""Data"":""XrML 2.1 License - Product Key Configuration, 06a4dd30-84b7-4fd2-b859-f1eddb0858f5"",""Binary"":""""}}"
1297,1297,2025-07-29 07:20:27.3182144,1004,Info,Microsoft-Windows-Security-SPP,Application,0,0,DESKTOP-5A3QN5S,13,,,,,,,,,,,,False,C:\Users\VM\Desktop\Application.evtx,0x80000000000000,0,"{""EventData"":{""Data"":""DefaultPpd-csvlk-pack Component PPD License, cf87d272-7158-05ce-7df4-689302c3bfd9"",""Binary"":""""}}"
1298,1298,2025-07-29 07:20:27.3250112,1004,Info,Microsoft-Windows-Security-SPP,Application,0,0,DESKTOP-5A3QN5S,13,,,,,,,,,,,,False,C:\Users\VM\Desktop\Application.evtx,0x80000000000000,0,"{""EventData"":{""Data"":""DefaultPpd-Education Component PPD License, cdc0da52-4f49-26b6-e867-2dd5cd6a9541"",""Binary"":""""}}"
1299,1299,2025-07-29 07:20:27.3250112,1004,Info,Microsoft-Windows-Security-SPP,Application,0,0,DESKTOP-5A3QN5S,13,,,,,,,,,,,,False,C:\Users\VM\Desktop\Application.evtx,0x80000000000000,0,"{""EventData"":{""Data"":""Windows(R) Publishing License (Public), 3a8c5e1f-f9b2-41e1-828f-08a66c1e5193"",""Binary"":""""}}"
1300,1300,2025-07-29 07:20:27.3250112,1004,Info,Microsoft-Windows-Security-SPP,Application,0,0,DESKTOP-5A3QN5S,13,,,,,,,,,,,,False,C:\Users\VM\Desktop\Application.evtx,0x80000000000000,0,"{""EventData"":{""Data"":""Windows(R) Publishing License (Private), 2947d206-3a54-4707-8340-0dabcaab6925"",""Binary"":""""}}"
1301,1301,2025-07-29 07:20:27.3385157,1004,Info,Microsoft-Windows-Security-SPP,Application,0,0,DESKTOP-5A3QN5S,13,,,,,,,,,,,,False,C:\Users\VM\Desktop\Application.evtx,0x80000000000000,0,"{""EventData"":{""Data"":""Windows(R) UL oob License (Public), 3899c6d8-b78b-42ba-ab67-27125adc5356"",""Binary"":""""}}"
1302,1302,2025-07-29 07:20:27.3385157,1004,Info,Microsoft-Windows-Security-SPP,Application,0,0,DESKTOP-5A3QN5S,13,,,,,,,,,,,,False,C:\Users\VM\Desktop\Application.evtx,0x80000000000000,0,"{""EventData"":{""Data"":""Windows(R) UL oob License (Private), 77697dae-ddde-4149-b9b4-32aadd4ffc31"",""Binary"":""""}}"
1303,1303,2025-07-29 07:20:27.3439219,1004,Info,Microsoft-Windows-Security-SPP,Application,0,0,DESKTOP-5A3QN5S,13,,,,,,,,,,,,False,C:\Users\VM\Desktop\Application.evtx,0x80000000000000,0,"{""EventData"":{""Data"":""Windows(R) UL phone License (Public), 9a366ea4-7261-4de2-9131-cc2ac2071b03"",""Binary"":""""}}"
1304,1304,2025-07-29 07:20:27.3439219,1004,Info,Microsoft-Windows-Security-SPP,Application,0,0,DESKTOP-5A3QN5S,13,,,,,,,,,,,,False,C:\Users\VM\Desktop\Application.evtx,0x80000000000000,0,"{""EventData"":{""Data"":""Windows(R) UL phone License (Private), 62c75d52-9c75-4147-9543-2faa43b9bb75"",""Binary"":""""}}"
1305,1305,2025-07-29 07:20:27.3481317,1004,Info,Microsoft-Windows-Security-SPP,Application,0,0,DESKTOP-5A3QN5S,13,,,,,,,,,,,,False,C:\Users\VM\Desktop\Application.evtx,0x80000000000000,0,"{""EventData"":{""Data"":""Windows(R) UL store License (Public), f152b39c-a5ac-4413-92ad-1329067fd6aa"",""Binary"":""""}}"
1306,1306,2025-07-29 07:20:27.3481317,1004,Info,Microsoft-Windows-Security-SPP,Application,0,0,DESKTOP-5A3QN5S,13,,,,,,,,,,,,False,C:\Users\VM\Desktop\Application.evtx,0x80000000000000,0,"{""EventData"":{""Data"":""Windows(R) UL store License (Private), b0bc059d-3cc6-4b44-8b45-39e38d5b2abd"",""Binary"":""""}}"
1307,1307,2025-07-29 07:20:27.3481317,1004,Info,Microsoft-Windows-Security-SPP,Application,0,0,DESKTOP-5A3QN5S,13,,,,,,,,,,,,False,C:\Users\VM\Desktop\Application.evtx,0x80000000000000,0,"{""EventData"":{""Data"":""Windows(R) Publishing License (Public), 36581fd7-0abd-4529-a063-066f8e62b397"",""Binary"":""""}}"
1308,1308,2025-07-29 07:20:27.3481317,1004,Info,Microsoft-Windows-Security-SPP,Application,0,0,DESKTOP-5A3QN5S,13,,,,,,,,,,,,False,C:\Users\VM\Desktop\Application.evtx,0x80000000000000,0,"{""EventData"":{""Data"":""Windows(R) Publishing License (Private), 0f19c287-e60c-440c-a3e5-5b41068a3d71"",""Binary"":""""}}"
1309,1309,2025-07-29 07:20:27.3481317,1004,Info,Microsoft-Windows-Security-SPP,Application,0,0,DESKTOP-5A3QN5S,13,,,,,,,,,,,,False,C:\Users\VM\Desktop\Application.evtx,0x80000000000000,0,"{""EventData"":{""Data"":""Windows(R) UL oob License (Public), b55a850b-85d2-4689-8292-3e0df6c2e9b9"",""Binary"":""""}}"
1310,1310,2025-07-29 07:20:27.3481317,1004,Info,Microsoft-Windows-Security-SPP,Application,0,0,DESKTOP-5A3QN5S,13,,,,,,,,,,,,False,C:\Users\VM\Desktop\Application.evtx,0x80000000000000,0,"{""EventData"":{""Data"":""Windows(R) UL oob License (Private), 70bb0f18-1025-4514-b1ac-dac7bdf58ef0"",""Binary"":""""}}"
1311,1311,2025-07-29 07:20:27.3620594,1004,Info,Microsoft-Windows-Security-SPP,Application,0,0,DESKTOP-5A3QN5S,13,,,,,,,,,,,,False,C:\Users\VM\Desktop\Application.evtx,0x80000000000000,0,"{""EventData"":{""Data"":""Windows(R) UL phone License (Public), b27a2042-eea8-4d57-914d-55c595e4c2e7"",""Binary"":""""}}"
1312,1312,2025-07-29 07:20:27.3620594,1004,Info,Microsoft-Windows-Security-SPP,Application,0,0,DESKTOP-5A3QN5S,13,,,,,,,,,,,,False,C:\Users\VM\Desktop\Application.evtx,0x80000000000000,0,"{""EventData"":{""Data"":""Windows(R) UL phone License (Private), 3e89b3c9-4bbc-4c0e-9eb3-134bd967d8e2"",""Binary"":""""}}"
1313,1313,2025-07-29 07:20:27.3686929,1004,Info,Microsoft-Windows-Security-SPP,Application,0,0,DESKTOP-5A3QN5S,13,,,,,,,,,,,,False,C:\Users\VM\Desktop\Application.evtx,0x80000000000000,0,"{""EventData"":{""Data"":""Windows(R) UL store License (Public), 36d17ece-caac-41b7-b14e-ed7812d107aa"",""Binary"":""""}}"
1314,1314,2025-07-29 07:20:27.3686929,1004,Info,Microsoft-Windows-Security-SPP,Application,0,0,DESKTOP-5A3QN5S,13,,,,,,,,,,,,False,C:\Users\VM\Desktop\Application.evtx,0x80000000000000,0,"{""EventData"":{""Data"":""Windows(R) UL store License (Private), 08277c98-b08a-434d-ac68-713992738b46"",""Binary"":""""}}"
1315,1315,2025-07-29 07:20:27.3686929,1004,Info,Microsoft-Windows-Security-SPP,Application,0,0,DESKTOP-5A3QN5S,13,,,,,,,,,,,,False,C:\Users\VM\Desktop\Application.evtx,0x80000000000000,0,"{""EventData"":{""Data"":""Windows(R) Education Product PPD License, 7cd1d103-6453-34d7-d170-e73e2a46af06"",""Binary"":""""}}"
1316,1316,2025-07-29 07:20:27.3686929,1004,Info,Microsoft-Windows-Security-SPP,Application,0,0,DESKTOP-5A3QN5S,13,,,,,,,,,,,,False,C:\Users\VM\Desktop\Application.evtx,0x80000000000000,0,"{""EventData"":{""Data"":""Windows(R) Publishing License (Public), 619b9d6a-7242-4813-9ddb-ef8a4cc7e235"",""Binary"":""""}}"
1317,1317,2025-07-29 07:20:27.3686929,1004,Info,Microsoft-Windows-Security-SPP,Application,0,0,DESKTOP-5A3QN5S,13,,,,,,,,,,,,False,C:\Users\VM\Desktop\Application.evtx,0x80000000000000,0,"{""EventData"":{""Data"":""Windows(R) Publishing License (Private), 067dd0a3-5d31-4a7c-b791-c0458344dc68"",""Binary"":""""}}"
1318,1318,2025-07-29 07:20:27.3830632,1004,Info,Microsoft-Windows-Security-SPP,Application,0,0,DESKTOP-5A3QN5S,13,,,,,,,,,,,,False,C:\Users\VM\Desktop\Application.evtx,0x80000000000000,0,"{""EventData"":{""Data"":""Windows(R) UL oob License (Public), 71385e1c-3c99-4783-9589-4483c5696358"",""Binary"":""""}}"
1319,1319,2025-07-29 07:20:27.3830632,1004,Info,Microsoft-Windows-Security-SPP,Application,0,0,DESKTOP-5A3QN5S,13,,,,,,,,,,,,False,C:\Users\VM\Desktop\Application.evtx,0x80000000000000,0,"{""EventData"":{""Data"":""Windows(R) UL oob License (Private), c0226d0f-a34b-463c-95e0-6a9fcd8b349b"",""Binary"":""""}}"
1320,1320,2025-07-29 07:20:27.3928831,1004,Info,Microsoft-Windows-Security-SPP,Application,0,0,DESKTOP-5A3QN5S,13,,,,,,,,,,,,False,C:\Users\VM\Desktop\Application.evtx,0x80000000000000,0,"{""EventData"":{""Data"":""Windows(R) UL phone License (Public), af13cda2-0116-4e20-b993-2fd557e23ee3"",""Binary"":""""}}"
1321,1321,2025-07-29 07:20:27.3928831,1004,Info,Microsoft-Windows-Security-SPP,Application,0,0,DESKTOP-5A3QN5S,13,,,,,,,,,,,,False,C:\Users\VM\Desktop\Application.evtx,0x80000000000000,0,"{""EventData"":{""Data"":""Windows(R) UL phone License (Private), 705fb2e7-637a-4329-bdb1-7a895123e2e7"",""Binary"":""""}}"
1322,1322,2025-07-29 07:20:27.3928831,1004,Info,Microsoft-Windows-Security-SPP,Application,0,0,DESKTOP-5A3QN5S,13,,,,,,,,,,,,False,C:\Users\VM\Desktop\Application.evtx,0x80000000000000,0,"{""EventData"":{""Data"":""Windows(R) UL store License (Public), 2c91a949-7794-44d5-b5ca-dfa1da8f6ca0"",""Binary"":""""}}"
1323,1323,2025-07-29 07:20:27.3928831,1004,Info,Microsoft-Windows-Security-SPP,Application,0,0,DESKTOP-5A3QN5S,13,,,,,,,,,,,,False,C:\Users\VM\Desktop\Application.evtx,0x80000000000000,0,"{""EventData"":{""Data"":""Windows(R) UL store License (Private), f8e49d7f-0176-4138-a86a-d608655f2218"",""Binary"":""""}}"
1324,1324,2025-07-29 07:20:27.4038748,1004,Info,Microsoft-Windows-Security-SPP,Application,0,0,DESKTOP-5A3QN5S,13,,,,,,,,,,,,False,C:\Users\VM\Desktop\Application.evtx,0x80000000000000,0,"{""EventData"":{""Data"":""Windows(R) Publishing License (Public), 68f12ccd-972a-49a1-ae22-0e2b5e5f7b51"",""Binary"":""""}}"
1325,1325,2025-07-29 07:20:27.4038748,1004,Info,Microsoft-Windows-Security-SPP,Application,0,0,DESKTOP-5A3QN5S,13,,,,,,,,,,,,False,C:\Users\VM\Desktop\Application.evtx,0x80000000000000,0,"{""EventData"":{""Data"":""Windows(R) Publishing License (Private), bdbd3280-8441-47b0-8f33-81b94159b2c5"",""Binary"":""""}}"
1326,1326,2025-07-29 07:20:27.4038748,1004,Info,Microsoft-Windows-Security-SPP,Application,0,0,DESKTOP-5A3QN5S,13,,,,,,,,,,,,False,C:\Users\VM\Desktop\Application.evtx,0x80000000000000,0,"{""EventData"":{""Data"":""Windows(R) UL oob License (Public), 038efa42-cf6a-4565-9e40-badb681ea126"",""Binary"":""""}}"
1327,1327,2025-07-29 07:20:27.4038748,1004,Info,Microsoft-Windows-Security-SPP,Application,0,0,DESKTOP-5A3QN5S,13,,,,,,,,,,,,False,C:\Users\VM\Desktop\Application.evtx,0x80000000000000,0,"{""EventData"":{""Data"":""Windows(R) UL oob License (Private), aae69832-3d4b-4bfd-82dc-2b7a03e6848d"",""Binary"":""""}}"
1328,1328,2025-07-29 07:20:27.4141682,1004,Info,Microsoft-Windows-Security-SPP,Application,0,0,DESKTOP-5A3QN5S,13,,,,,,,,,,,,False,C:\Users\VM\Desktop\Application.evtx,0x80000000000000,0,"{""EventData"":{""Data"":""Windows(R) UL phone License (Public), a6039b3f-21ef-4df6-a82f-60f2e4817f7a"",""Binary"":""""}}"
1329,1329,2025-07-29 07:20:27.4141682,1004,Info,Microsoft-Windows-Security-SPP,Application,0,0,DESKTOP-5A3QN5S,13,,,,,,,,,,,,False,C:\Users\VM\Desktop\Application.evtx,0x80000000000000,0,"{""EventData"":{""Data"":""Windows(R) UL phone License (Private), e3136bfe-19fe-46b8-ba20-228f0208d2b7"",""Binary"":""""}}"
1330,1330,2025-07-29 07:20:27.4141682,1004,Info,Microsoft-Windows-Security-SPP,Application,0,0,DESKTOP-5A3QN5S,13,,,,,,,,,,,,False,C:\Users\VM\Desktop\Application.evtx,0x80000000000000,0,"{""EventData"":{""Data"":""Windows(R) UL store License (Public), c1e079a5-ade5-40e7-8a3a-aea701af5dd1"",""Binary"":""""}}"
1331,1331,2025-07-29 07:20:27.4141682,1004,Info,Microsoft-Windows-Security-SPP,Application,0,0,DESKTOP-5A3QN5S,13,,,,,,,,,,,,False,C:\Users\VM\Desktop\Application.evtx,0x80000000000000,0,"{""EventData"":{""Data"":""Windows(R) UL store License (Private), ab60408c-1f68-40f9-a79b-9292b8eafd05"",""Binary"":""""}}"
1332,1332,2025-07-29 07:20:27.4252069,1004,Info,Microsoft-Windows-Security-SPP,Application,0,0,DESKTOP-5A3QN5S,13,,,,,,,,,,,,False,C:\Users\VM\Desktop\Application.evtx,0x80000000000000,0,"{""EventData"":{""Data"":""Windows(R) Publishing License (Public), 77d404d9-13a9-4269-9b53-65294c71e22d"",""Binary"":""""}}"
1333,1333,2025-07-29 07:20:27.4252069,1004,Info,Microsoft-Windows-Security-SPP,Application,0,0,DESKTOP-5A3QN5S,13,,,,,,,,,,,,False,C:\Users\VM\Desktop\Application.evtx,0x80000000000000,0,"{""EventData"":{""Data"":""Windows(R) Publishing License (Private), 54a0f4f4-5e08-4010-9ee0-cc15c6a24017"",""Binary"":""""}}"
1334,1334,2025-07-29 07:20:27.4252069,1004,Info,Microsoft-Windows-Security-SPP,Application,0,0,DESKTOP-5A3QN5S,13,,,,,,,,,,,,False,C:\Users\VM\Desktop\Application.evtx,0x80000000000000,0,"{""EventData"":{""Data"":""Windows(R) UL oob License (Public), 40f9d901-8fcf-4721-a4fd-a26c9cce1fed"",""Binary"":""""}}"
1335,1335,2025-07-29 07:20:27.4252069,1004,Info,Microsoft-Windows-Security-SPP,Application,0,0,DESKTOP-5A3QN5S,13,,,,,,,,,,,,False,C:\Users\VM\Desktop\Application.evtx,0x80000000000000,0,"{""EventData"":{""Data"":""Windows(R) UL oob License (Private), c6b36937-4e14-4dfd-8652-947049cdb3de"",""Binary"":""""}}"
1336,1336,2025-07-29 07:20:27.4366895,1004,Info,Microsoft-Windows-Security-SPP,Application,0,0,DESKTOP-5A3QN5S,13,,,,,,,,,,,,False,C:\Users\VM\Desktop\Application.evtx,0x80000000000000,0,"{""EventData"":{""Data"":""Windows(R) UL phone License (Public), 139e98e1-1a0b-44f4-9fa0-ce2c93dfdd3e"",""Binary"":""""}}"
1337,1337,2025-07-29 07:20:27.4366895,1004,Info,Microsoft-Windows-Security-SPP,Application,0,0,DESKTOP-5A3QN5S,13,,,,,,,,,,,,False,C:\Users\VM\Desktop\Application.evtx,0x80000000000000,0,"{""EventData"":{""Data"":""Windows(R) UL phone License (Private), f12a975e-47ab-41ac-9206-d46d89afe1fd"",""Binary"":""""}}"
1338,1338,2025-07-29 07:20:27.4366895,1004,Info,Microsoft-Windows-Security-SPP,Application,0,0,DESKTOP-5A3QN5S,13,,,,,,,,,,,,False,C:\Users\VM\Desktop\Application.evtx,0x80000000000000,0,"{""EventData"":{""Data"":""Windows(R) UL store License (Public), 49b17a86-ea1d-4f93-9098-f94c7d7df889"",""Binary"":""""}}"
1339,1339,2025-07-29 07:20:27.4366895,1004,Info,Microsoft-Windows-Security-SPP,Application,0,0,DESKTOP-5A3QN5S,13,,,,,,,,,,,,False,C:\Users\VM\Desktop\Application.evtx,0x80000000000000,0,"{""EventData"":{""Data"":""Windows(R) UL store License (Private), f3c59d13-da5e-46f4-8c4a-b0cb1b23dddd"",""Binary"":""""}}"
1340,1340,2025-07-29 07:20:27.4484237,1004,Info,Microsoft-Windows-Security-SPP,Application,0,0,DESKTOP-5A3QN5S,13,,,,,,,,,,,,False,C:\Users\VM\Desktop\Application.evtx,0x80000000000000,0,"{""EventData"":{""Data"":""Windows(R) Publishing License (Public), 64b8085b-c2ba-4a47-9e2a-eeffc27df150"",""Binary"":""""}}"
1341,1341,2025-07-29 07:20:27.4484237,1004,Info,Microsoft-Windows-Security-SPP,Application,0,0,DESKTOP-5A3QN5S,13,,,,,,,,,,,,False,C:\Users\VM\Desktop\Application.evtx,0x80000000000000,0,"{""EventData"":{""Data"":""Windows(R) Publishing License (Private), a34e1e3b-32e3-40c3-bfec-298dbd683b39"",""Binary"":""""}}"
1342,1342,2025-07-29 07:20:27.4484237,1004,Info,Microsoft-Windows-Security-SPP,Application,0,0,DESKTOP-5A3QN5S,13,,,,,,,,,,,,False,C:\Users\VM\Desktop\Application.evtx,0x80000000000000,0,"{""EventData"":{""Data"":""Windows(R) UL oob License (Public), af4ed0f7-23e4-4b72-9a07-a01d5482bc12"",""Binary"":""""}}"
1343,1343,2025-07-29 07:20:27.4484237,1004,Info,Microsoft-Windows-Security-SPP,Application,0,0,DESKTOP-5A3QN5S,13,,,,,,,,,,,,False,C:\Users\VM\Desktop\Application.evtx,0x80000000000000,0,"{""EventData"":{""Data"":""Windows(R) UL oob License (Private), 1cffc321-0707-414e-a1f4-3c7becb0c1bc"",""Binary"":""""}}"
1344,1344,2025-07-29 07:20:27.4613161,1004,Info,Microsoft-Windows-Security-SPP,Application,0,0,DESKTOP-5A3QN5S,13,,,,,,,,,,,,False,C:\Users\VM\Desktop\Application.evtx,0x80000000000000,0,"{""EventData"":{""Data"":""Windows(R) UL phone License (Public), d90a0dcc-7049-483e-a491-edb3baa4ab58"",""Binary"":""""}}"
1345,1345,2025-07-29 07:20:27.4613161,1004,Info,Microsoft-Windows-Security-SPP,Application,0,0,DESKTOP-5A3QN5S,13,,,,,,,,,,,,False,C:\Users\VM\Desktop\Application.evtx,0x80000000000000,0,"{""EventData"":{""Data"":""Windows(R) UL phone License (Private), 1b83974c-a869-4853-80bf-03466a4d7516"",""Binary"":""""}}"
1346,1346,2025-07-29 07:20:27.4704658,1004,Info,Microsoft-Windows-Security-SPP,Application,0,0,DESKTOP-5A3QN5S,13,,,,,,,,,,,,False,C:\Users\VM\Desktop\Application.evtx,0x80000000000000,0,"{""EventData"":{""Data"":""Windows(R) UL store License (Public), c1cea94f-ae9c-4fdc-bd99-15cd89777252"",""Binary"":""""}}"
1347,1347,2025-07-29 07:20:27.4704658,1004,Info,Microsoft-Windows-Security-SPP,Application,0,0,DESKTOP-5A3QN5S,13,,,,,,,,,,,,False,C:\Users\VM\Desktop\Application.evtx,0x80000000000000,0,"{""EventData"":{""Data"":""Windows(R) UL store License (Private), ee9ba3b2-a043-4943-84cb-728cc657df60"",""Binary"":""""}}"
1348,1348,2025-07-29 07:20:27.4704658,1004,Info,Microsoft-Windows-Security-SPP,Application,0,0,DESKTOP-5A3QN5S,13,,,,,,,,,,,,False,C:\Users\VM\Desktop\Application.evtx,0x80000000000000,0,"{""EventData"":{""Data"":""Windows(R) Publishing License (Public), 10063469-f5d1-4a35-ac13-bd0df772b0bc"",""Binary"":""""}}"
1349,1349,2025-07-29 07:20:27.4704658,1004,Info,Microsoft-Windows-Security-SPP,Application,0,0,DESKTOP-5A3QN5S,13,,,,,,,,,,,,False,C:\Users\VM\Desktop\Application.evtx,0x80000000000000,0,"{""EventData"":{""Data"":""Windows(R) Publishing License (Private), 685bd26c-5362-4100-bee1-7a328ad59f0a"",""Binary"":""""}}"
1350,1350,2025-07-29 07:20:27.4829968,1004,Info,Microsoft-Windows-Security-SPP,Application,0,0,DESKTOP-5A3QN5S,13,,,,,,,,,,,,False,C:\Users\VM\Desktop\Application.evtx,0x80000000000000,0,"{""EventData"":{""Data"":""Windows(R) UL oob License (Public), 5079fc26-65bb-47ec-ad67-75f0c8132106"",""Binary"":""""}}"
1351,1351,2025-07-29 07:20:27.4916644,1004,Info,Microsoft-Windows-Security-SPP,Application,0,0,DESKTOP-5A3QN5S,13,,,,,,,,,,,,False,C:\Users\VM\Desktop\Application.evtx,0x80000000000000,0,"{""EventData"":{""Data"":""Windows(R) UL oob License (Private), 5147aadc-108d-4223-b90c-95733af73ecd"",""Binary"":""""}}"
1352,1352,2025-07-29 07:20:27.4935035,1004,Info,Microsoft-Windows-Security-SPP,Application,0,0,DESKTOP-5A3QN5S,13,,,,,,,,,,,,False,C:\Users\VM\Desktop\Application.evtx,0x80000000000000,0,"{""EventData"":{""Data"":""Windows(R) UL phone License (Public), 76d5f44f-b068-4c32-affd-9c3a7feb09fd"",""Binary"":""""}}"
1353,1353,2025-07-29 07:20:27.4935035,1004,Info,Microsoft-Windows-Security-SPP,Application,0,0,DESKTOP-5A3QN5S,13,,,,,,,,,,,,False,C:\Users\VM\Desktop\Application.evtx,0x80000000000000,0,"{""EventData"":{""Data"":""Windows(R) UL phone License (Private), 4353870b-135e-4835-a32d-fba77dffada3"",""Binary"":""""}}"
1354,1354,2025-07-29 07:20:27.4935035,1004,Info,Microsoft-Windows-Security-SPP,Application,0,0,DESKTOP-5A3QN5S,13,,,,,,,,,,,,False,C:\Users\VM\Desktop\Application.evtx,0x80000000000000,0,"{""EventData"":{""Data"":""Windows(R) UL store License (Public), 0b4c38e6-a482-4b74-b423-9d44a850c82b"",""Binary"":""""}}"
1355,1355,2025-07-29 07:20:27.4935035,1004,Info,Microsoft-Windows-Security-SPP,Application,0,0,DESKTOP-5A3QN5S,13,,,,,,,,,,,,False,C:\Users\VM\Desktop\Application.evtx,0x80000000000000,0,"{""EventData"":{""Data"":""Windows(R) UL store License (Private), 03838757-c03b-43e3-a1e3-3b07b441130e"",""Binary"":""""}}"
1356,1356,2025-07-29 07:20:27.5078028,1004,Info,Microsoft-Windows-Security-SPP,Application,0,0,DESKTOP-5A3QN5S,13,,,,,,,,,,,,False,C:\Users\VM\Desktop\Application.evtx,0x80000000000000,0,"{""EventData"":{""Data"":""Windows(R) Publishing License (Public), cba0ae0a-e199-4147-8820-6439bda8e634"",""Binary"":""""}}"
1357,1357,2025-07-29 07:20:27.5078028,1004,Info,Microsoft-Windows-Security-SPP,Application,0,0,DESKTOP-5A3QN5S,13,,,,,,,,,,,,False,C:\Users\VM\Desktop\Application.evtx,0x80000000000000,0,"{""EventData"":{""Data"":""Windows(R) Publishing License (Private), 8700e450-6643-4233-8814-779c17558734"",""Binary"":""""}}"
1358,1358,2025-07-29 07:20:27.5157216,1004,Info,Microsoft-Windows-Security-SPP,Application,0,0,DESKTOP-5A3QN5S,13,,,,,,,,,,,,False,C:\Users\VM\Desktop\Application.evtx,0x80000000000000,0,"{""EventData"":{""Data"":""Windows(R) UL oob License (Public), ae59c559-da50-4160-9404-568c3c6b45a6"",""Binary"":""""}}"
1359,1359,2025-07-29 07:20:27.5157216,1004,Info,Microsoft-Windows-Security-SPP,Application,0,0,DESKTOP-5A3QN5S,13,,,,,,,,,,,,False,C:\Users\VM\Desktop\Application.evtx,0x80000000000000,0,"{""EventData"":{""Data"":""Windows(R) UL oob License (Private), 83a6e42e-a4a1-4c3f-856a-cf82f78939e4"",""Binary"":""""}}"
1360,1360,2025-07-29 07:20:27.5157216,1004,Info,Microsoft-Windows-Security-SPP,Application,0,0,DESKTOP-5A3QN5S,13,,,,,,,,,,,,False,C:\Users\VM\Desktop\Application.evtx,0x80000000000000,0,"{""EventData"":{""Data"":""Windows(R) UL phone License (Public), f522e82d-4c47-49b3-b424-05c8454269ac"",""Binary"":""""}}"
1361,1361,2025-07-29 07:20:27.5157216,1004,Info,Microsoft-Windows-Security-SPP,Application,0,0,DESKTOP-5A3QN5S,13,,,,,,,,,,,,False,C:\Users\VM\Desktop\Application.evtx,0x80000000000000,0,"{""EventData"":{""Data"":""Windows(R) UL phone License (Private), a92798bb-63e0-4380-855d-6c359c70726d"",""Binary"":""""}}"
1362,1362,2025-07-29 07:20:27.5342083,1004,Info,Microsoft-Windows-Security-SPP,Application,0,0,DESKTOP-5A3QN5S,13,,,,,,,,,,,,False,C:\Users\VM\Desktop\Application.evtx,0x80000000000000,0,"{""EventData"":{""Data"":""Windows(R) UL store License (Public), af700a4f-7e59-4e20-b5be-4d23f3a84a6b"",""Binary"":""""}}"
1363,1363,2025-07-29 07:20:27.5342083,1004,Info,Microsoft-Windows-Security-SPP,Application,0,0,DESKTOP-5A3QN5S,13,,,,,,,,,,,,False,C:\Users\VM\Desktop\Application.evtx,0x80000000000000,0,"{""EventData"":{""Data"":""Windows(R) UL store License (Private), eb8a9de0-ce91-4d45-b30b-96fac5512413"",""Binary"":""""}}"
1364,1364,2025-07-29 07:20:27.5383685,1004,Info,Microsoft-Windows-Security-SPP,Application,0,0,DESKTOP-5A3QN5S,13,,,,,,,,,,,,False,C:\Users\VM\Desktop\Application.evtx,0x80000000000000,0,"{""EventData"":{""Data"":""Windows(R) Publishing License (Public), abceb193-1174-481e-ba04-e92e7d7eff81"",""Binary"":""""}}"
1365,1365,2025-07-29 07:20:27.5383685,1004,Info,Microsoft-Windows-Security-SPP,Application,0,0,DESKTOP-5A3QN5S,13,,,,,,,,,,,,False,C:\Users\VM\Desktop\Application.evtx,0x80000000000000,0,"{""EventData"":{""Data"":""Windows(R) Publishing License (Private), cf951caf-9718-45b2-86cd-e6131a0cc71f"",""Binary"":""""}}"
1366,1366,2025-07-29 07:20:27.5504724,1004,Info,Microsoft-Windows-Security-SPP,Application,0,0,DESKTOP-5A3QN5S,13,,,,,,,,,,,,False,C:\Users\VM\Desktop\Application.evtx,0x80000000000000,0,"{""EventData"":{""Data"":""Windows(R) UL oob License (Public), d701ff33-fc5c-48ec-bbfd-494ce1f942cf"",""Binary"":""""}}"
1367,1367,2025-07-29 07:20:27.5504724,1004,Info,Microsoft-Windows-Security-SPP,Application,0,0,DESKTOP-5A3QN5S,13,,,,,,,,,,,,False,C:\Users\VM\Desktop\Application.evtx,0x80000000000000,0,"{""EventData"":{""Data"":""Windows(R) UL oob License (Private), edbc5185-cbb9-43fe-9635-9515c41a3661"",""Binary"":""""}}"
1368,1368,2025-07-29 07:20:27.5608392,1004,Info,Microsoft-Windows-Security-SPP,Application,0,0,DESKTOP-5A3QN5S,13,,,,,,,,,,,,False,C:\Users\VM\Desktop\Application.evtx,0x80000000000000,0,"{""EventData"":{""Data"":""Windows(R) UL phone License (Public), f3b1f999-3c98-4379-a85c-dc79eb3de9e9"",""Binary"":""""}}"
1369,1369,2025-07-29 07:20:27.5608392,1004,Info,Microsoft-Windows-Security-SPP,Application,0,0,DESKTOP-5A3QN5S,13,,,,,,,,,,,,False,C:\Users\VM\Desktop\Application.evtx,0x80000000000000,0,"{""EventData"":{""Data"":""Windows(R) UL phone License (Private), dee642ed-fbf5-46b0-9479-fb94ed3c2eb5"",""Binary"":""""}}"
1370,1370,2025-07-29 07:20:27.5608392,1004,Info,Microsoft-Windows-Security-SPP,Application,0,0,DESKTOP-5A3QN5S,13,,,,,,,,,,,,False,C:\Users\VM\Desktop\Application.evtx,0x80000000000000,0,"{""EventData"":{""Data"":""Windows(R) UL store License (Public), d78721ca-58ec-43c5-9368-6c267d1fcc0b"",""Binary"":""""}}"
1371,1371,2025-07-29 07:20:27.5608392,1004,Info,Microsoft-Windows-Security-SPP,Application,0,0,DESKTOP-5A3QN5S,13,,,,,,,,,,,,False,C:\Users\VM\Desktop\Application.evtx,0x80000000000000,0,"{""EventData"":{""Data"":""Windows(R) UL store License (Private), 9009d5c6-1499-4cee-a6e0-3d9c342c11c4"",""Binary"":""""}}"
1372,1372,2025-07-29 07:20:27.5740286,1004,Info,Microsoft-Windows-Security-SPP,Application,0,0,DESKTOP-5A3QN5S,13,,,,,,,,,,,,False,C:\Users\VM\Desktop\Application.evtx,0x80000000000000,0,"{""EventData"":{""Data"":""Windows(R) UL oob License (Public), 6cd16471-088c-493a-bdb0-8f88ed684af5"",""Binary"":""""}}"
1373,1373,2025-07-29 07:20:27.5740286,1004,Info,Microsoft-Windows-Security-SPP,Application,0,0,DESKTOP-5A3QN5S,13,,,,,,,,,,,,False,C:\Users\VM\Desktop\Application.evtx,0x80000000000000,0,"{""EventData"":{""Data"":""Windows(R) UL oob License (Private), ae98bd86-4a7a-45cc-9b43-7d610a6694c9"",""Binary"":""""}}"
1374,1374,2025-07-29 07:20:27.5831384,1004,Info,Microsoft-Windows-Security-SPP,Application,0,0,DESKTOP-5A3QN5S,13,,,,,,,,,,,,False,C:\Users\VM\Desktop\Application.evtx,0x80000000000000,0,"{""EventData"":{""Data"":""Windows(R) UL volume License (Public), bfebeedd-4820-4cfb-b160-5d9deacd36fe"",""Binary"":""""}}"
1375,1375,2025-07-29 07:20:27.5831384,1004,Info,Microsoft-Windows-Security-SPP,Application,0,0,DESKTOP-5A3QN5S,13,,,,,,,,,,,,False,C:\Users\VM\Desktop\Application.evtx,0x80000000000000,0,"{""EventData"":{""Data"":""Windows(R) UL volume License (Private), 90e1ebed-5b9e-43ee-a468-4e47784c975b"",""Binary"":""""}}"
1376,1376,2025-07-29 07:20:27.5831384,1004,Info,Microsoft-Windows-Security-SPP,Application,0,0,DESKTOP-5A3QN5S,13,,,,,,,,,,,,False,C:\Users\VM\Desktop\Application.evtx,0x80000000000000,0,"{""EventData"":{""Data"":""Windows(R) Publishing License (Public), b41471f5-192f-4fd3-801e-7b7c002d5167"",""Binary"":""""}}"
1377,1377,2025-07-29 07:20:27.5831384,1004,Info,Microsoft-Windows-Security-SPP,Application,0,0,DESKTOP-5A3QN5S,14,,,,,,,,,,,,False,C:\Users\VM\Desktop\Application.evtx,0x80000000000000,1976,"{""EventData"":{""Data"":""Windows(R) Publishing License (Private), 90750180-a47d-465f-8b6d-d390f2b8a879"",""Binary"":""""}}"
1378,1378,2025-07-29 07:20:27.5962893,1004,Info,Microsoft-Windows-Security-SPP,Application,0,0,DESKTOP-5A3QN5S,14,,,,,,,,,,,,False,C:\Users\VM\Desktop\Application.evtx,0x80000000000000,0,"{""EventData"":{""Data"":""Windows(R) UL oob License (Public), 776ade0c-cc25-4994-9386-1f5a5c9a3591"",""Binary"":""""}}"
1379,1379,2025-07-29 07:20:27.5962893,1004,Info,Microsoft-Windows-Security-SPP,Application,0,0,DESKTOP-5A3QN5S,14,,,,,,,,,,,,False,C:\Users\VM\Desktop\Application.evtx,0x80000000000000,0,"{""EventData"":{""Data"":""Windows(R) UL oob License (Private), 0c2f55ad-7f47-4614-b601-836831925dd5"",""Binary"":""""}}"
1380,1380,2025-07-29 07:20:27.6082321,1004,Info,Microsoft-Windows-Security-SPP,Application,0,0,DESKTOP-5A3QN5S,14,,,,,,,,,,,,False,C:\Users\VM\Desktop\Application.evtx,0x80000000000000,0,"{""EventData"":{""Data"":""Windows(R) UL phone License (Public), 0485e484-22de-4cbc-b72a-81be25cf5eeb"",""Binary"":""""}}"
1381,1381,2025-07-29 07:20:27.6082321,1004,Info,Microsoft-Windows-Security-SPP,Application,0,0,DESKTOP-5A3QN5S,14,,,,,,,,,,,,False,C:\Users\VM\Desktop\Application.evtx,0x80000000000000,0,"{""EventData"":{""Data"":""Windows(R) UL phone License (Private), 83af7f73-c52e-4001-bfac-f57768013336"",""Binary"":""""}}"
1382,1382,2025-07-29 07:20:27.6178236,1004,Info,Microsoft-Windows-Security-SPP,Application,0,0,DESKTOP-5A3QN5S,14,,,,,,,,,,,,False,C:\Users\VM\Desktop\Application.evtx,0x80000000000000,0,"{""EventData"":{""Data"":""Windows(R) UL store License (Public), 2407d04c-f609-468c-bec2-354f5dab6ce7"",""Binary"":""""}}"
1383,1383,2025-07-29 07:20:27.6178236,1004,Info,Microsoft-Windows-Security-SPP,Application,0,0,DESKTOP-5A3QN5S,14,,,,,,,,,,,,False,C:\Users\VM\Desktop\Application.evtx,0x80000000000000,0,"{""EventData"":{""Data"":""Windows(R) UL store License (Private), 432f3e8e-f547-46e7-90dc-11b4f0fb74dc"",""Binary"":""""}}"
1384,1384,2025-07-29 07:20:27.6314348,1004,Info,Microsoft-Windows-Security-SPP,Application,0,0,DESKTOP-5A3QN5S,14,,,,,,,,,,,,False,C:\Users\VM\Desktop\Application.evtx,0x80000000000000,0,"{""EventData"":{""Data"":""DefaultPpd-Enterprise Component PPD License, 12061e43-2fc6-f7bb-e8f4-814f9b38361f"",""Binary"":""""}}"
1385,1385,2025-07-29 07:20:27.6395700,1004,Info,Microsoft-Windows-Security-SPP,Application,0,0,DESKTOP-5A3QN5S,14,,,,,,,,,,,,False,C:\Users\VM\Desktop\Application.evtx,0x80000000000000,0,"{""EventData"":{""Data"":""Windows(R) Publishing License (Public), ea4949e0-7f95-4472-a87c-d8df443f8e6b"",""Binary"":""""}}"
1386,1386,2025-07-29 07:20:27.6395700,1004,Info,Microsoft-Windows-Security-SPP,Application,0,0,DESKTOP-5A3QN5S,14,,,,,,,,,,,,False,C:\Users\VM\Desktop\Application.evtx,0x80000000000000,0,"{""EventData"":{""Data"":""Windows(R) Publishing License (Private), b4cc42dd-9283-4a02-bb31-2cfaa00ebf9e"",""Binary"":""""}}"
1387,1387,2025-07-29 07:20:27.6508245,1004,Info,Microsoft-Windows-Security-SPP,Application,0,0,DESKTOP-5A3QN5S,14,,,,,,,,,,,,False,C:\Users\VM\Desktop\Application.evtx,0x80000000000000,0,"{""EventData"":{""Data"":""Windows(R) UL oob License (Public), 144200c2-b307-45a9-9a54-e670825ce709"",""Binary"":""""}}"
1388,1388,2025-07-29 07:20:27.6508245,1004,Info,Microsoft-Windows-Security-SPP,Application,0,0,DESKTOP-5A3QN5S,14,,,,,,,,,,,,False,C:\Users\VM\Desktop\Application.evtx,0x80000000000000,0,"{""EventData"":{""Data"":""Windows(R) UL oob License (Private), e20ca875-d5d2-41d1-8b89-8ab8aa39be60"",""Binary"":""""}}"
1389,1389,2025-07-29 07:20:27.6620688,1004,Info,Microsoft-Windows-Security-SPP,Application,0,0,DESKTOP-5A3QN5S,14,,,,,,,,,,,,False,C:\Users\VM\Desktop\Application.evtx,0x80000000000000,0,"{""EventData"":{""Data"":""Windows(R) UL phone License (Public), 00037160-1691-4fce-b636-c6a23fafaf4b"",""Binary"":""""}}"
1390,1390,2025-07-29 07:20:27.6620688,1004,Info,Microsoft-Windows-Security-SPP,Application,0,0,DESKTOP-5A3QN5S,14,,,,,,,,,,,,False,C:\Users\VM\Desktop\Application.evtx,0x80000000000000,0,"{""EventData"":{""Data"":""Windows(R) UL phone License (Private), 20d71f1b-3e4c-4939-a2db-db30b8f44e6e"",""Binary"":""""}}"
1391,1391,2025-07-29 07:20:27.6731484,1004,Info,Microsoft-Windows-Security-SPP,Application,0,0,DESKTOP-5A3QN5S,14,,,,,,,,,,,,False,C:\Users\VM\Desktop\Application.evtx,0x80000000000000,0,"{""EventData"":{""Data"":""Windows(R) UL store License (Public), 32124ee3-f03a-436e-9e0e-8c40ab5fd19b"",""Binary"":""""}}"
1392,1392,2025-07-29 07:20:27.6731484,1004,Info,Microsoft-Windows-Security-SPP,Application,0,0,DESKTOP-5A3QN5S,14,,,,,,,,,,,,False,C:\Users\VM\Desktop\Application.evtx,0x80000000000000,0,"{""EventData"":{""Data"":""Windows(R) UL store License (Private), ab414cb9-214c-49e6-b9ee-13125594bd30"",""Binary"":""""}}"
1393,1393,2025-07-29 07:20:27.6731484,1004,Info,Microsoft-Windows-Security-SPP,Application,0,0,DESKTOP-5A3QN5S,14,,,,,,,,,,,,False,C:\Users\VM\Desktop\Application.evtx,0x80000000000000,0,"{""EventData"":{""Data"":""Windows(R) Publishing License (Public), 02525b34-f05d-4ac8-ac15-4eec8ebe28c3"",""Binary"":""""}}"
1394,1394,2025-07-29 07:20:27.6731484,1004,Info,Microsoft-Windows-Security-SPP,Application,0,0,DESKTOP-5A3QN5S,14,,,,,,,,,,,,False,C:\Users\VM\Desktop\Application.evtx,0x80000000000000,0,"{""EventData"":{""Data"":""Windows(R) Publishing License (Private), 7f52e94b-08fd-471d-b6a6-bf35a52416d7"",""Binary"":""""}}"
1395,1395,2025-07-29 07:20:27.6916159,1004,Info,Microsoft-Windows-Security-SPP,Application,0,0,DESKTOP-5A3QN5S,14,,,,,,,,,,,,False,C:\Users\VM\Desktop\Application.evtx,0x80000000000000,0,"{""EventData"":{""Data"":""Windows(R) UL oob License (Public), dc8d133d-dcc6-4789-9d6b-e9f50c9b874a"",""Binary"":""""}}"
1396,1396,2025-07-29 07:20:27.6916159,1004,Info,Microsoft-Windows-Security-SPP,Application,0,0,DESKTOP-5A3QN5S,14,,,,,,,,,,,,False,C:\Users\VM\Desktop\Application.evtx,0x80000000000000,0,"{""EventData"":{""Data"":""Windows(R) UL oob License (Private), c391e384-05d0-4261-bf4b-8bda125126ed"",""Binary"":""""}}"
1397,1397,2025-07-29 07:20:27.6959494,1004,Info,Microsoft-Windows-Security-SPP,Application,0,0,DESKTOP-5A3QN5S,14,,,,,,,,,,,,False,C:\Users\VM\Desktop\Application.evtx,0x80000000000000,0,"{""EventData"":{""Data"":""Windows(R) UL phone License (Public), a2f1b231-ec03-4844-839f-b40d52fb05a2"",""Binary"":""""}}"
1398,1398,2025-07-29 07:20:27.6959494,1004,Info,Microsoft-Windows-Security-SPP,Application,0,0,DESKTOP-5A3QN5S,14,,,,,,,,,,,,False,C:\Users\VM\Desktop\Application.evtx,0x80000000000000,0,"{""EventData"":{""Data"":""Windows(R) UL phone License (Private), 9869d97d-0c67-4860-b6a6-b7861cd7cde5"",""Binary"":""""}}"
1399,1399,2025-07-29 07:20:27.7093810,1004,Info,Microsoft-Windows-Security-SPP,Application,0,0,DESKTOP-5A3QN5S,14,,,,,,,,,,,,False,C:\Users\VM\Desktop\Application.evtx,0x80000000000000,0,"{""EventData"":{""Data"":""Windows(R) UL store License (Public), 21773c62-5975-407f-9562-c8e4acee6153"",""Binary"":""""}}"
