RecordNumber,EventRecordId,TimeCreated,EventId,Level,Provider,Channel,ProcessId,ThreadId,Computer,ChunkNumber,UserId,MapDescription,UserName,RemoteHost,PayloadData1,PayloadData2,PayloadData3,PayloadData4,PayloadData5,PayloadData6,ExecutableInfo,HiddenRecord,SourceFile,Keywords,ExtraDataOffset,Payload
1,1,2025-07-29 04:52:06.0025217,1531,Info,Microsoft-Windows-User Profiles Service,Application,384,1472,WIN-N0IRN1T9IF6,0,S-1-5-18,,,,,,,,,,,False,C:\Users\VM\Desktop\Application.evtx,Classic,0,"{""EventData"":""""}"
2,2,2025-07-29 04:52:08.3676468,1004,Info,Microsoft-Windows-Security-SPP,Application,0,0,WIN-N0IRN1T9IF6,0,,,,,,,,,,,,False,C:\Users\VM\Desktop\Application.evtx,0x80000000000000,0,"{""EventData"":{""Data"":""Windows(R) Publishing License (Public), b7a39314-bba1-4efe-bc80-476b9fa051e6"",""Binary"":""""}}"
3,3,2025-07-29 04:52:08.3676468,1004,Info,Microsoft-Windows-Security-SPP,Application,0,0,WIN-N0IRN1T9IF6,0,,,,,,,,,,,,False,C:\Users\VM\Desktop\Application.evtx,0x80000000000000,0,"{""EventData"":{""Data"":""Windows(R) Publishing License (Private), 83399c0e-d236-443a-89cb-ee2d1f7fc137"",""Binary"":""""}}"
4,4,2025-07-29 04:52:08.8576938,0,Info,edgeupdate,Application,0,0,WIN-N0IRN1T9IF6,0,,,,,,,,,,,,False,C:\Users\VM\Desktop\Application.evtx,0x80000000000000,0,"{""EventData"":{""Data"":""Service stopped"",""Binary"":""""}}"
5,5,2025-07-29 04:52:08.1370250,5615,Info,Microsoft-Windows-WMI,Application,384,1392,WIN-N0IRN1T9IF6,0,S-1-5-18,,,,,,,,,,,False,C:\Users\VM\Desktop\Application.evtx,Classic,0,"{""EventData"":""""}"
6,6,2025-07-29 04:52:10.5395251,1003,Info,Microsoft-Windows-Search,Application,0,0,WIN-N0IRN1T9IF6,0,,,,,,,,,,,,False,C:\Users\VM\Desktop\Application.evtx,0x80000000000000,0,"{""EventData"":{""Data"":{""@Name"":""ExtraInfo"",""#text"":"", ""}}}"
7,7,2025-07-29 04:52:10.6645838,5617,Info,Microsoft-Windows-WMI,Application,384,2392,WIN-N0IRN1T9IF6,0,S-1-5-18,,,,,,,,,,,False,C:\Users\VM\Desktop\Application.evtx,Classic,0,"{""EventData"":""""}"
8,8,2025-07-29 04:52:13.4897243,1004,Info,Microsoft-Windows-Security-SPP,Application,0,0,WIN-N0IRN1T9IF6,0,,,,,,,,,,,,False,C:\Users\VM\Desktop\Application.evtx,0x80000000000000,0,"{""EventData"":{""Data"":""Windows(R) UL oob License (Public), 82f15488-2850-4a5c-bad0-27d3daad8726"",""Binary"":""""}}"
9,9,2025-07-29 04:52:13.4897243,1004,Info,Microsoft-Windows-Security-SPP,Application,0,0,WIN-N0IRN1T9IF6,0,,,,,,,,,,,,False,C:\Users\VM\Desktop\Application.evtx,0x80000000000000,0,"{""EventData"":{""Data"":""Windows(R) UL oob License (Private), 42310f42-376c-49b8-9e37-9ead472ebb85"",""Binary"":""""}}"
10,10,2025-07-29 04:52:14.4453264,1004,Info,Microsoft-Windows-Security-SPP,Application,0,0,WIN-N0IRN1T9IF6,0,,,,,,,,,,,,False,C:\Users\VM\Desktop\Application.evtx,0x80000000000000,0,"{""EventData"":{""Data"":""Windows(R) UL phone License (Public), 2b605961-d86e-476e-8aaf-414ac4f7fc83"",""Binary"":""""}}"
11,11,2025-07-29 04:52:14.4453264,1004,Info,Microsoft-Windows-Security-SPP,Application,0,0,WIN-N0IRN1T9IF6,0,,,,,,,,,,,,False,C:\Users\VM\Desktop\Application.evtx,0x80000000000000,352,"{""EventData"":{""Data"":""Windows(R) UL phone License (Private), 0e56e512-599f-4a41-bb9a-9bb5a97ffddd"",""Binary"":""""}}"
12,12,2025-07-29 04:52:15.7782506,1004,Info,Microsoft-Windows-Security-SPP,Application,0,0,WIN-N0IRN1T9IF6,0,,,,,,,,,,,,False,C:\Users\VM\Desktop\Application.evtx,0x80000000000000,0,"{""EventData"":{""Data"":""Windows(R) UL store License (Public), 49941650-8da5-4828-a8d7-6497758b7274"",""Binary"":""""}}"
13,13,2025-07-29 04:52:15.7782506,1004,Info,Microsoft-Windows-Security-SPP,Application,0,0,WIN-N0IRN1T9IF6,0,,,,,,,,,,,,False,C:\Users\VM\Desktop\Application.evtx,0x80000000000000,0,"{""EventData"":{""Data"":""Windows(R) UL store License (Private), 7c4aeacd-d20e-4fca-b5c6-6a106b95439f"",""Binary"":""""}}"
14,14,2025-07-29 04:52:16.5204901,1004,Info,Microsoft-Windows-Security-SPP,Application,0,0,WIN-N0IRN1T9IF6,0,,,,,,,,,,,,False,C:\Users\VM\Desktop\Application.evtx,0x80000000000000,0,"{""EventData"":{""Data"":""Windows(R) Education Product PPD License, 7cd1d103-6453-34d7-d170-e73e2a46af06"",""Binary"":""""}}"
15,15,2025-07-29 04:52:18.6011941,1004,Info,Microsoft-Windows-Security-SPP,Application,0,0,WIN-N0IRN1T9IF6,0,,,,,,,,,,,,False,C:\Users\VM\Desktop\Application.evtx,0x80000000000000,0,"{""EventData"":{""Data"":""Windows(R) Publishing License (Public), a032452e-d476-40ac-a7a5-429db2509cbc"",""Binary"":""""}}"
16,16,2025-07-29 04:52:18.6011941,1004,Info,Microsoft-Windows-Security-SPP,Application,0,0,WIN-N0IRN1T9IF6,0,,,,,,,,,,,,False,C:\Users\VM\Desktop\Application.evtx,0x80000000000000,0,"{""EventData"":{""Data"":""Windows(R) Publishing License (Private), a296dac3-b39a-44ab-93ac-a0a32a090295"",""Binary"":""""}}"
17,17,2025-07-29 04:52:19.6146404,1004,Info,Microsoft-Windows-Security-SPP,Application,0,0,WIN-N0IRN1T9IF6,0,,,,,,,,,,,,False,C:\Users\VM\Desktop\Application.evtx,0x80000000000000,0,"{""EventData"":{""Data"":""Windows(R) UL oob License (Public), 77d008bc-1f2d-4a46-b45d-a9a311b813cd"",""Binary"":""""}}"
18,18,2025-07-29 04:52:19.6159944,1004,Info,Microsoft-Windows-Security-SPP,Application,0,0,WIN-N0IRN1T9IF6,0,,,,,,,,,,,,False,C:\Users\VM\Desktop\Application.evtx,0x80000000000000,0,"{""EventData"":{""Data"":""Windows(R) UL oob License (Private), 7616eb14-6666-4112-a4fb-3a8368a2d0ec"",""Binary"":""""}}"
19,19,2025-07-29 04:52:20.0204760,1004,Info,Microsoft-Windows-Security-SPP,Application,0,0,WIN-N0IRN1T9IF6,0,,,,,,,,,,,,False,C:\Users\VM\Desktop\Application.evtx,0x80000000000000,0,"{""EventData"":{""Data"":""Windows(R) UL phone License (Public), 99f8c535-eb83-455e-b369-63dd319e701c"",""Binary"":""""}}"
20,20,2025-07-29 04:52:20.0204760,1004,Info,Microsoft-Windows-Security-SPP,Application,0,0,WIN-N0IRN1T9IF6,0,,,,,,,,,,,,False,C:\Users\VM\Desktop\Application.evtx,0x80000000000000,0,"{""EventData"":{""Data"":""Windows(R) UL phone License (Private), 53b9bf7b-7360-4155-bbd5-31c0a6f563ef"",""Binary"":""""}}"
21,21,2025-07-29 04:52:20.4617355,1004,Info,Microsoft-Windows-Security-SPP,Application,0,0,WIN-N0IRN1T9IF6,0,,,,,,,,,,,,False,C:\Users\VM\Desktop\Application.evtx,0x80000000000000,0,"{""EventData"":{""Data"":""Windows(R) UL store License (Public), 2fefc08d-355a-4201-ba0d-0f96e0e41dbc"",""Binary"":""""}}"
22,22,2025-07-29 04:52:20.4617355,1004,Info,Microsoft-Windows-Security-SPP,Application,0,0,WIN-N0IRN1T9IF6,0,,,,,,,,,,,,False,C:\Users\VM\Desktop\Application.evtx,0x80000000000000,0,"{""EventData"":{""Data"":""Windows(R) UL store License (Private), 1b3fdad2-12c2-4db1-88b9-97b09ee0d466"",""Binary"":""""}}"
23,23,2025-07-29 04:52:20.9136433,1004,Info,Microsoft-Windows-Security-SPP,Application,0,0,WIN-N0IRN1T9IF6,0,,,,,,,,,,,,False,C:\Users\VM\Desktop\Application.evtx,0x80000000000000,0,"{""EventData"":{""Data"":""Windows(R) Publishing License (Public), f147e3f4-05ca-40e0-887a-ab24ec5b1449"",""Binary"":""""}}"
24,24,2025-07-29 04:52:20.9136433,1004,Info,Microsoft-Windows-Security-SPP,Application,0,0,WIN-N0IRN1T9IF6,0,,,,,,,,,,,,False,C:\Users\VM\Desktop\Application.evtx,0x80000000000000,0,"{""EventData"":{""Data"":""Windows(R) Publishing License (Private), cd50e522-2d20-4e92-b9d9-a97760841023"",""Binary"":""""}}"
25,25,2025-07-29 04:52:21.0836522,1004,Info,Microsoft-Windows-Security-SPP,Application,0,0,WIN-N0IRN1T9IF6,0,,,,,,,,,,,,False,C:\Users\VM\Desktop\Application.evtx,0x80000000000000,0,"{""EventData"":{""Data"":""Windows(R) UL oob License (Public), 4d42c338-bfd6-46e9-9572-889340c1f93e"",""Binary"":""""}}"
26,26,2025-07-29 04:52:21.0971341,1004,Info,Microsoft-Windows-Security-SPP,Application,0,0,WIN-N0IRN1T9IF6,0,,,,,,,,,,,,False,C:\Users\VM\Desktop\Application.evtx,0x80000000000000,0,"{""EventData"":{""Data"":""Windows(R) UL oob License (Private), 5473fe0b-6899-48fd-9417-bf28967b3d57"",""Binary"":""""}}"
27,27,2025-07-29 04:52:20.6373591,4097,Info,Microsoft-Windows-CAPI2,Application,1492,1636,WIN-N0IRN1T9IF6,0,,,,,,,,,,,,False,C:\Users\VM\Desktop\Application.evtx,"Audit success, classic",0,"{""EventData"":{""Data"":""CN=DigiCert Global Root G2, OU=www.digicert.com, O=DigiCert Inc, C=US, DF3C24F9BFD666761B268073FE06D1CC8D4F82A4"",""Binary"":""""}}"
28,28,2025-07-29 04:52:21.8480315,1004,Info,Microsoft-Windows-Security-SPP,Application,0,0,WIN-N0IRN1T9IF6,0,,,,,,,,,,,,False,C:\Users\VM\Desktop\Application.evtx,0x80000000000000,0,"{""EventData"":{""Data"":""Windows(R) UL phone License (Public), 44395c28-44dc-4737-89c8-60ae6b3c2e45"",""Binary"":""""}}"
29,29,2025-07-29 04:52:21.8480315,1004,Info,Microsoft-Windows-Security-SPP,Application,0,0,WIN-N0IRN1T9IF6,0,,,,,,,,,,,,False,C:\Users\VM\Desktop\Application.evtx,0x80000000000000,0,"{""EventData"":{""Data"":""Windows(R) UL phone License (Private), c1b9fa0c-f1af-4dde-805d-da1f3a3414cb"",""Binary"":""""}}"
30,30,2025-07-29 04:52:21.9735279,1004,Info,Microsoft-Windows-Security-SPP,Application,0,0,WIN-N0IRN1T9IF6,0,,,,,,,,,,,,False,C:\Users\VM\Desktop\Application.evtx,0x80000000000000,0,"{""EventData"":{""Data"":""Windows(R) UL store License (Public), acc5ffbc-8d1b-4a2e-9564-39ba2238a3fe"",""Binary"":""""}}"
31,31,2025-07-29 04:52:21.9735279,1004,Info,Microsoft-Windows-Security-SPP,Application,0,0,WIN-N0IRN1T9IF6,0,,,,,,,,,,,,False,C:\Users\VM\Desktop\Application.evtx,0x80000000000000,0,"{""EventData"":{""Data"":""Windows(R) UL store License (Private), d3140ec8-e6d8-4c1d-88d5-30044b74cfd6"",""Binary"":""""}}"
32,32,2025-07-29 04:52:22.0680925,1004,Info,Microsoft-Windows-Security-SPP,Application,0,0,WIN-N0IRN1T9IF6,0,,,,,,,,,,,,False,C:\Users\VM\Desktop\Application.evtx,0x80000000000000,0,"{""EventData"":{""Data"":""Windows(R) Publishing License (Public), 0efc9ae8-9c3b-47aa-b6f6-1c1dbe21eb14"",""Binary"":""""}}"
33,33,2025-07-29 04:52:22.0680925,1004,Info,Microsoft-Windows-Security-SPP,Application,0,0,WIN-N0IRN1T9IF6,0,,,,,,,,,,,,False,C:\Users\VM\Desktop\Application.evtx,0x80000000000000,0,"{""EventData"":{""Data"":""Windows(R) Publishing License (Private), 12bb876c-015c-4a2a-9b6e-97319822885d"",""Binary"":""""}}"
34,34,2025-07-29 04:52:22.4886900,1004,Info,Microsoft-Windows-Security-SPP,Application,0,0,WIN-N0IRN1T9IF6,0,,,,,,,,,,,,False,C:\Users\VM\Desktop\Application.evtx,0x80000000000000,0,"{""EventData"":{""Data"":""Windows(R) UL oob License (Public), 7dff1208-67f7-4bf6-98b4-c995881a9432"",""Binary"":""""}}"
35,35,2025-07-29 04:52:22.4886900,1004,Info,Microsoft-Windows-Security-SPP,Application,0,0,WIN-N0IRN1T9IF6,0,,,,,,,,,,,,False,C:\Users\VM\Desktop\Application.evtx,0x80000000000000,0,"{""EventData"":{""Data"":""Windows(R) UL oob License (Private), 72e27c2a-80ea-41b6-b848-d0088a8e4be4"",""Binary"":""""}}"
36,36,2025-07-29 04:52:22.8326245,1004,Info,Microsoft-Windows-Security-SPP,Application,0,0,WIN-N0IRN1T9IF6,0,,,,,,,,,,,,False,C:\Users\VM\Desktop\Application.evtx,0x80000000000000,0,"{""EventData"":{""Data"":""Windows(R) UL phone License (Public), f512e6d5-d780-4efa-bdeb-7ac9b83bd0c5"",""Binary"":""""}}"
37,37,2025-07-29 04:52:22.8326245,1004,Info,Microsoft-Windows-Security-SPP,Application,0,0,WIN-N0IRN1T9IF6,0,,,,,,,,,,,,False,C:\Users\VM\Desktop\Application.evtx,0x80000000000000,0,"{""EventData"":{""Data"":""Windows(R) UL phone License (Private), 459b69cb-750e-4a12-9c77-8c1869634f3a"",""Binary"":""""}}"
38,38,2025-07-29 04:52:23.0065558,1004,Info,Microsoft-Windows-Security-SPP,Application,0,0,WIN-N0IRN1T9IF6,0,,,,,,,,,,,,False,C:\Users\VM\Desktop\Application.evtx,0x80000000000000,0,"{""EventData"":{""Data"":""Windows(R) UL store License (Public), 7c3e5a6a-c792-4ce9-9c61-5422a7bf6c36"",""Binary"":""""}}"
39,39,2025-07-29 04:52:23.0065558,1004,Info,Microsoft-Windows-Security-SPP,Application,0,0,WIN-N0IRN1T9IF6,0,,,,,,,,,,,,False,C:\Users\VM\Desktop\Application.evtx,0x80000000000000,0,"{""EventData"":{""Data"":""Windows(R) UL store License (Private), 5d19cd05-9630-4c87-a2af-e4c818f4cec8"",""Binary"":""""}}"
40,40,2025-07-29 04:52:23.5513108,1004,Info,Microsoft-Windows-Security-SPP,Application,0,0,WIN-N0IRN1T9IF6,0,,,,,,,,,,,,False,C:\Users\VM\Desktop\Application.evtx,0x80000000000000,0,"{""EventData"":{""Data"":""Windows(R) Publishing License (Public), 81747cbe-6e53-4b58-9736-a4986d94dcdc"",""Binary"":""""}}"
41,41,2025-07-29 04:52:23.5513108,1004,Info,Microsoft-Windows-Security-SPP,Application,0,0,WIN-N0IRN1T9IF6,0,,,,,,,,,,,,False,C:\Users\VM\Desktop\Application.evtx,0x80000000000000,0,"{""EventData"":{""Data"":""Windows(R) Publishing License (Private), e82ffb4c-966d-4233-a4df-6bb8ddc559db"",""Binary"":""""}}"
42,42,2025-07-29 04:52:23.7311309,1004,Info,Microsoft-Windows-Security-SPP,Application,0,0,WIN-N0IRN1T9IF6,0,,,,,,,,,,,,False,C:\Users\VM\Desktop\Application.evtx,0x80000000000000,0,"{""EventData"":{""Data"":""Windows(R) UL oob License (Public), 8aede68f-843e-47a2-b48c-2c0ecc29076b"",""Binary"":""""}}"
43,43,2025-07-29 04:52:23.7311309,1004,Info,Microsoft-Windows-Security-SPP,Application,0,0,WIN-N0IRN1T9IF6,0,,,,,,,,,,,,False,C:\Users\VM\Desktop\Application.evtx,0x80000000000000,0,"{""EventData"":{""Data"":""Windows(R) UL oob License (Private), 5365ea82-2e50-489b-a404-e7d2fc280722"",""Binary"":""""}}"
44,44,2025-07-29 04:52:24.0589810,1004,Info,Microsoft-Windows-Security-SPP,Application,0,0,WIN-N0IRN1T9IF6,0,,,,,,,,,,,,False,C:\Users\VM\Desktop\Application.evtx,0x80000000000000,0,"{""EventData"":{""Data"":""Windows(R) UL phone License (Public), 92dba2a1-555e-4a25-aedc-7d35f9f0784a"",""Binary"":""""}}"
45,45,2025-07-29 04:52:24.0589810,1004,Info,Microsoft-Windows-Security-SPP,Application,0,0,WIN-N0IRN1T9IF6,0,,,,,,,,,,,,False,C:\Users\VM\Desktop\Application.evtx,0x80000000000000,0,"{""EventData"":{""Data"":""Windows(R) UL phone License (Private), a84abe58-5bfc-4edd-95fc-4c2bc64aef90"",""Binary"":""""}}"
46,46,2025-07-29 04:52:25.6928273,1004,Info,Microsoft-Windows-Security-SPP,Application,0,0,WIN-N0IRN1T9IF6,0,,,,,,,,,,,,False,C:\Users\VM\Desktop\Application.evtx,0x80000000000000,0,"{""EventData"":{""Data"":""Windows(R) UL store License (Public), fcebc591-0525-482c-a5de-dd1cb770cad7"",""Binary"":""""}}"
47,47,2025-07-29 04:52:25.6928273,1004,Info,Microsoft-Windows-Security-SPP,Application,0,0,WIN-N0IRN1T9IF6,0,,,,,,,,,,,,False,C:\Users\VM\Desktop\Application.evtx,0x80000000000000,0,"{""EventData"":{""Data"":""Windows(R) UL store License (Private), 0d9e8973-6583-4444-9ecc-af327b068f9b"",""Binary"":""""}}"
48,48,2025-07-29 04:52:26.1143995,1004,Info,Microsoft-Windows-Security-SPP,Application,0,0,WIN-N0IRN1T9IF6,0,,,,,,,,,,,,False,C:\Users\VM\Desktop\Application.evtx,0x80000000000000,0,"{""EventData"":{""Data"":""Windows(R) Publishing License (Public), c4542c2d-7177-44ae-ab26-809ca0eeaf20"",""Binary"":""""}}"
49,49,2025-07-29 04:52:26.1143995,1004,Info,Microsoft-Windows-Security-SPP,Application,0,0,WIN-N0IRN1T9IF6,0,,,,,,,,,,,,False,C:\Users\VM\Desktop\Application.evtx,0x80000000000000,0,"{""EventData"":{""Data"":""Windows(R) Publishing License (Private), a8530b62-45a7-4e55-bea5-c59928504c33"",""Binary"":""""}}"
50,50,2025-07-29 04:52:26.0266698,4112,Info,Microsoft-Windows-CAPI2,Application,1492,2492,WIN-N0IRN1T9IF6,0,,,,,,,,,,,,False,C:\Users\VM\Desktop\Application.evtx,"Audit success, classic",0,"{""EventData"":{""Data"":""‎Wednesday, ‎December ‎4, ‎2024 11:00:14 AM"",""Binary"":""""}}"
51,51,2025-07-29 04:52:26.5553555,1004,Info,Microsoft-Windows-Security-SPP,Application,0,0,WIN-N0IRN1T9IF6,0,,,,,,,,,,,,False,C:\Users\VM\Desktop\Application.evtx,0x80000000000000,0,"{""EventData"":{""Data"":""Windows(R) UL oob License (Public), 872074e8-f0ad-4ff9-acd7-1f9902ccc23c"",""Binary"":""""}}"
52,52,2025-07-29 04:52:26.5658177,1004,Info,Microsoft-Windows-Security-SPP,Application,0,0,WIN-N0IRN1T9IF6,0,,,,,,,,,,,,False,C:\Users\VM\Desktop\Application.evtx,0x80000000000000,0,"{""EventData"":{""Data"":""Windows(R) UL oob License (Private), ebe7468c-1d02-4975-8645-22ff14460aa9"",""Binary"":""""}}"
53,53,2025-07-29 04:52:27.5223980,1004,Info,Microsoft-Windows-Security-SPP,Application,0,0,WIN-N0IRN1T9IF6,0,,,,,,,,,,,,False,C:\Users\VM\Desktop\Application.evtx,0x80000000000000,0,"{""EventData"":{""Data"":""Windows(R) UL phone License (Public), 17eb03f6-a1ce-43b0-8f09-b56d8bc305c5"",""Binary"":""""}}"
54,54,2025-07-29 04:52:27.5223980,1004,Info,Microsoft-Windows-Security-SPP,Application,0,0,WIN-N0IRN1T9IF6,0,,,,,,,,,,,,False,C:\Users\VM\Desktop\Application.evtx,0x80000000000000,0,"{""EventData"":{""Data"":""Windows(R) UL phone License (Private), cff787f0-5790-4a6c-b9d3-e6f75589bc7b"",""Binary"":""""}}"
55,55,2025-07-29 04:52:27.5223980,1004,Info,Microsoft-Windows-Security-SPP,Application,0,0,WIN-N0IRN1T9IF6,0,,,,,,,,,,,,False,C:\Users\VM\Desktop\Application.evtx,0x80000000000000,0,"{""EventData"":{""Data"":""Windows(R) UL store License (Public), 61d784b5-f707-4014-ae83-2eac412826ca"",""Binary"":""""}}"
56,56,2025-07-29 04:52:27.5223980,1004,Info,Microsoft-Windows-Security-SPP,Application,0,0,WIN-N0IRN1T9IF6,0,,,,,,,,,,,,False,C:\Users\VM\Desktop\Application.evtx,0x80000000000000,0,"{""EventData"":{""Data"":""Windows(R) UL store License (Private), 7aab3b10-d5ca-4d02-ba86-0c1c192cba9c"",""Binary"":""""}}"
57,57,2025-07-29 04:52:27.5493717,1004,Info,Microsoft-Windows-Security-SPP,Application,0,0,WIN-N0IRN1T9IF6,0,,,,,,,,,,,,False,C:\Users\VM\Desktop\Application.evtx,0x80000000000000,0,"{""EventData"":{""Data"":""Windows(R) Publishing License (Public), 4aa2ba89-e904-4d66-90c2-c1ed5c4a2400"",""Binary"":""""}}"
58,58,2025-07-29 04:52:27.5516233,1004,Info,Microsoft-Windows-Security-SPP,Application,0,0,WIN-N0IRN1T9IF6,0,,,,,,,,,,,,False,C:\Users\VM\Desktop\Application.evtx,0x80000000000000,0,"{""EventData"":{""Data"":""Windows(R) Publishing License (Private), 1672e2eb-14a0-439f-a12f-5afda6a51b3c"",""Binary"":""""}}"
59,59,2025-07-29 04:52:27.5681775,1004,Info,Microsoft-Windows-Security-SPP,Application,0,0,WIN-N0IRN1T9IF6,0,,,,,,,,,,,,False,C:\Users\VM\Desktop\Application.evtx,0x80000000000000,0,"{""EventData"":{""Data"":""Windows(R) UL oob License (Public), 6db57023-f6a8-49a0-932b-2e19c2616c03"",""Binary"":""""}}"
60,60,2025-07-29 04:52:27.5681775,1004,Info,Microsoft-Windows-Security-SPP,Application,0,0,WIN-N0IRN1T9IF6,0,,,,,,,,,,,,False,C:\Users\VM\Desktop\Application.evtx,0x80000000000000,0,"{""EventData"":{""Data"":""Windows(R) UL oob License (Private), 4454c8b7-eb1c-4b90-8aa8-c1c091b3230b"",""Binary"":""""}}"
61,61,2025-07-29 04:52:27.5681775,1004,Info,Microsoft-Windows-Security-SPP,Application,0,0,WIN-N0IRN1T9IF6,0,,,,,,,,,,,,False,C:\Users\VM\Desktop\Application.evtx,0x80000000000000,0,"{""EventData"":{""Data"":""Windows(R) UL phone License (Public), 6aa3b894-f9cf-4c4e-ad72-cd04ca5fb5ee"",""Binary"":""""}}"
62,62,2025-07-29 04:52:27.5681775,1004,Info,Microsoft-Windows-Security-SPP,Application,0,0,WIN-N0IRN1T9IF6,0,,,,,,,,,,,,False,C:\Users\VM\Desktop\Application.evtx,0x80000000000000,0,"{""EventData"":{""Data"":""Windows(R) UL phone License (Private), b643bcda-1e09-4be7-8637-e3ebcdeb2114"",""Binary"":""""}}"
63,63,2025-07-29 04:52:27.5856901,1004,Info,Microsoft-Windows-Security-SPP,Application,0,0,WIN-N0IRN1T9IF6,0,,,,,,,,,,,,False,C:\Users\VM\Desktop\Application.evtx,0x80000000000000,0,"{""EventData"":{""Data"":""Windows(R) UL store License (Public), 8cb583e5-5474-4e8c-8694-6a921fb07dcf"",""Binary"":""""}}"
64,64,2025-07-29 04:52:27.5856901,1004,Info,Microsoft-Windows-Security-SPP,Application,0,0,WIN-N0IRN1T9IF6,0,,,,,,,,,,,,False,C:\Users\VM\Desktop\Application.evtx,0x80000000000000,0,"{""EventData"":{""Data"":""Windows(R) UL store License (Private), b8f94ecf-f1cd-4ed5-9ee8-885a47ea9bcd"",""Binary"":""""}}"
65,65,2025-07-29 04:52:27.5856901,1004,Info,Microsoft-Windows-Security-SPP,Application,0,0,WIN-N0IRN1T9IF6,0,,,,,,,,,,,,False,C:\Users\VM\Desktop\Application.evtx,0x80000000000000,0,"{""EventData"":{""Data"":""Windows(R) Publishing License (Public), faefcffe-ed99-405e-a3c8-f94b93379901"",""Binary"":""""}}"
66,66,2025-07-29 04:52:27.5856901,1004,Info,Microsoft-Windows-Security-SPP,Application,0,0,WIN-N0IRN1T9IF6,0,,,,,,,,,,,,False,C:\Users\VM\Desktop\Application.evtx,0x80000000000000,0,"{""EventData"":{""Data"":""Windows(R) Publishing License (Private), fa65cffb-b574-49af-a5c2-849fa62c7f5b"",""Binary"":""""}}"
67,67,2025-07-29 04:52:27.5856901,1004,Info,Microsoft-Windows-Security-SPP,Application,0,0,WIN-N0IRN1T9IF6,0,,,,,,,,,,,,False,C:\Users\VM\Desktop\Application.evtx,0x80000000000000,0,"{""EventData"":{""Data"":""Windows(R) UL oob License (Public), 8596d180-a0f7-447e-a610-25daa11f9dcd"",""Binary"":""""}}"
68,68,2025-07-29 04:52:27.5856901,1004,Info,Microsoft-Windows-Security-SPP,Application,0,0,WIN-N0IRN1T9IF6,0,,,,,,,,,,,,False,C:\Users\VM\Desktop\Application.evtx,0x80000000000000,0,"{""EventData"":{""Data"":""Windows(R) UL oob License (Private), 748cb38c-00d0-421f-9198-d424cee4b763"",""Binary"":""""}}"
69,69,2025-07-29 04:52:27.5856901,1004,Info,Microsoft-Windows-Security-SPP,Application,0,0,WIN-N0IRN1T9IF6,0,,,,,,,,,,,,False,C:\Users\VM\Desktop\Application.evtx,0x80000000000000,0,"{""EventData"":{""Data"":""Windows(R) UL phone License (Public), b9ea046a-2a0e-4ea7-a65f-3b9d5db46cfc"",""Binary"":""""}}"
70,70,2025-07-29 04:52:27.5856901,1004,Info,Microsoft-Windows-Security-SPP,Application,0,0,WIN-N0IRN1T9IF6,0,,,,,,,,,,,,False,C:\Users\VM\Desktop\Application.evtx,0x80000000000000,0,"{""EventData"":{""Data"":""Windows(R) UL phone License (Private), e705efc3-5c6d-4f3d-854d-f50a427ac96c"",""Binary"":""""}}"
71,71,2025-07-29 04:52:27.6298655,1004,Info,Microsoft-Windows-Security-SPP,Application,0,0,WIN-N0IRN1T9IF6,0,,,,,,,,,,,,False,C:\Users\VM\Desktop\Application.evtx,0x80000000000000,0,"{""EventData"":{""Data"":""Windows(R) UL store License (Public), f3ce8832-7239-4ccd-94d3-36d2653d06bf"",""Binary"":""""}}"
72,72,2025-07-29 04:52:27.6298655,1004,Info,Microsoft-Windows-Security-SPP,Application,0,0,WIN-N0IRN1T9IF6,0,,,,,,,,,,,,False,C:\Users\VM\Desktop\Application.evtx,0x80000000000000,0,"{""EventData"":{""Data"":""Windows(R) UL store License (Private), 4246b1e5-50e1-4f28-928a-1b970d55f11e"",""Binary"":""""}}"
73,73,2025-07-29 04:52:27.6450717,1004,Info,Microsoft-Windows-Security-SPP,Application,0,0,WIN-N0IRN1T9IF6,0,,,,,,,,,,,,False,C:\Users\VM\Desktop\Application.evtx,0x80000000000000,0,"{""EventData"":{""Data"":""Windows(R) UL oob License (Public), 2b54662b-79ce-45fd-9d26-fa8aca02980d"",""Binary"":""""}}"
74,74,2025-07-29 04:52:27.6450717,1004,Info,Microsoft-Windows-Security-SPP,Application,0,0,WIN-N0IRN1T9IF6,0,,,,,,,,,,,,False,C:\Users\VM\Desktop\Application.evtx,0x80000000000000,0,"{""EventData"":{""Data"":""Windows(R) UL oob License (Private), ef7b0a22-697b-4f32-b44e-aea6aaffca75"",""Binary"":""""}}"
75,75,2025-07-29 04:52:27.6623177,1004,Info,Microsoft-Windows-Security-SPP,Application,0,0,WIN-N0IRN1T9IF6,0,,,,,,,,,,,,False,C:\Users\VM\Desktop\Application.evtx,0x80000000000000,0,"{""EventData"":{""Data"":""Windows(R) UL volume License (Public), a7bd8014-39df-4bf8-afc1-b61e892f92bc"",""Binary"":""""}}"
76,76,2025-07-29 04:52:27.6623177,1004,Info,Microsoft-Windows-Security-SPP,Application,0,0,WIN-N0IRN1T9IF6,0,,,,,,,,,,,,False,C:\Users\VM\Desktop\Application.evtx,0x80000000000000,0,"{""EventData"":{""Data"":""Windows(R) UL volume License (Private), 2f70b779-47bb-4988-8ec6-6e77b2cb88dd"",""Binary"":""""}}"
77,77,2025-07-29 04:52:27.6794392,1004,Info,Microsoft-Windows-Security-SPP,Application,0,0,WIN-N0IRN1T9IF6,0,,,,,,,,,,,,False,C:\Users\VM\Desktop\Application.evtx,0x80000000000000,0,"{""EventData"":{""Data"":""Windows(R) Publishing License (Public), 8cdcbbe6-3ccf-4a9f-b196-9f823bcc19a2"",""Binary"":""""}}"
78,78,2025-07-29 04:52:27.6794392,1004,Info,Microsoft-Windows-Security-SPP,Application,0,0,WIN-N0IRN1T9IF6,0,,,,,,,,,,,,False,C:\Users\VM\Desktop\Application.evtx,0x80000000000000,0,"{""EventData"":{""Data"":""Windows(R) Publishing License (Private), 7860e929-5028-40cf-8d67-05c8d771503f"",""Binary"":""""}}"
79,79,2025-07-29 04:52:27.6944848,1004,Info,Microsoft-Windows-Security-SPP,Application,0,0,WIN-N0IRN1T9IF6,0,,,,,,,,,,,,False,C:\Users\VM\Desktop\Application.evtx,0x80000000000000,0,"{""EventData"":{""Data"":""Windows(R) UL oob License (Public), ebd39f1d-2e45-4f71-aaad-9105bdb7f867"",""Binary"":""""}}"
80,80,2025-07-29 04:52:27.6944848,1004,Info,Microsoft-Windows-Security-SPP,Application,0,0,WIN-N0IRN1T9IF6,0,,,,,,,,,,,,False,C:\Users\VM\Desktop\Application.evtx,0x80000000000000,0,"{""EventData"":{""Data"":""Windows(R) UL oob License (Private), c2f62528-6e90-4c83-8d4b-341dbd4d94d3"",""Binary"":""""}}"
81,81,2025-07-29 04:52:27.6944848,1004,Info,Microsoft-Windows-Security-SPP,Application,0,0,WIN-N0IRN1T9IF6,0,,,,,,,,,,,,False,C:\Users\VM\Desktop\Application.evtx,0x80000000000000,0,"{""EventData"":{""Data"":""Windows(R) UL phone License (Public), cc6e5fc9-adb9-4425-bafc-b0c858077baa"",""Binary"":""""}}"
82,82,2025-07-29 04:52:27.6944848,1004,Info,Microsoft-Windows-Security-SPP,Application,0,0,WIN-N0IRN1T9IF6,0,,,,,,,,,,,,False,C:\Users\VM\Desktop\Application.evtx,0x80000000000000,0,"{""EventData"":{""Data"":""Windows(R) UL phone License (Private), d859e3f4-1552-4dc7-a26e-426d94558b2e"",""Binary"":""""}}"
83,83,2025-07-29 04:52:27.6944848,1004,Info,Microsoft-Windows-Security-SPP,Application,0,0,WIN-N0IRN1T9IF6,0,,,,,,,,,,,,False,C:\Users\VM\Desktop\Application.evtx,0x80000000000000,0,"{""EventData"":{""Data"":""Windows(R) UL store License (Public), 4de147af-f74c-4731-a4c4-85bbec3167ff"",""Binary"":""""}}"
84,84,2025-07-29 04:52:27.6944848,1004,Info,Microsoft-Windows-Security-SPP,Application,0,0,WIN-N0IRN1T9IF6,0,,,,,,,,,,,,False,C:\Users\VM\Desktop\Application.evtx,0x80000000000000,0,"{""EventData"":{""Data"":""Windows(R) UL store License (Private), d81f1b5f-6c12-49c9-bc73-18f1a668622c"",""Binary"":""""}}"
85,85,2025-07-29 04:52:27.7255323,1004,Info,Microsoft-Windows-Security-SPP,Application,0,0,WIN-N0IRN1T9IF6,0,,,,,,,,,,,,False,C:\Users\VM\Desktop\Application.evtx,0x80000000000000,0,"{""EventData"":{""Data"":""DefaultPpd-Enterprise Component PPD License, 12061e43-2fc6-f7bb-e8f4-814f9b38361f"",""Binary"":""""}}"
86,86,2025-07-29 04:52:27.7255323,1004,Info,Microsoft-Windows-Security-SPP,Application,0,0,WIN-N0IRN1T9IF6,0,,,,,,,,,,,,False,C:\Users\VM\Desktop\Application.evtx,0x80000000000000,0,"{""EventData"":{""Data"":""Windows(R) Publishing License (Public), d97c9554-581c-4242-ac52-bd5b796cf2c3"",""Binary"":""""}}"
87,87,2025-07-29 04:52:27.7255323,1004,Info,Microsoft-Windows-Security-SPP,Application,0,0,WIN-N0IRN1T9IF6,0,,,,,,,,,,,,False,C:\Users\VM\Desktop\Application.evtx,0x80000000000000,0,"{""EventData"":{""Data"":""Windows(R) Publishing License (Private), f28c0bea-cb46-40c9-aca6-4dbb154879b0"",""Binary"":""""}}"
88,88,2025-07-29 04:52:27.7482778,1004,Info,Microsoft-Windows-Security-SPP,Application,0,0,WIN-N0IRN1T9IF6,0,,,,,,,,,,,,False,C:\Users\VM\Desktop\Application.evtx,0x80000000000000,0,"{""EventData"":{""Data"":""Windows(R) UL oob License (Public), 015cd596-1351-4614-a7da-4bb8221c92c8"",""Binary"":""""}}"
89,89,2025-07-29 04:52:27.7482778,1004,Info,Microsoft-Windows-Security-SPP,Application,0,0,WIN-N0IRN1T9IF6,0,,,,,,,,,,,,False,C:\Users\VM\Desktop\Application.evtx,0x80000000000000,0,"{""EventData"":{""Data"":""Windows(R) UL oob License (Private), dfea78f5-5c67-4d96-bceb-e674d5b966b1"",""Binary"":""""}}"
90,90,2025-07-29 04:52:27.7482778,1004,Info,Microsoft-Windows-Security-SPP,Application,0,0,WIN-N0IRN1T9IF6,0,,,,,,,,,,,,False,C:\Users\VM\Desktop\Application.evtx,0x80000000000000,0,"{""EventData"":{""Data"":""Windows(R) UL phone License (Public), e9fa1c44-ad57-436c-8ac4-0b8e6807aa0b"",""Binary"":""""}}"
91,91,2025-07-29 04:52:27.7482778,1004,Info,Microsoft-Windows-Security-SPP,Application,0,0,WIN-N0IRN1T9IF6,0,,,,,,,,,,,,False,C:\Users\VM\Desktop\Application.evtx,0x80000000000000,0,"{""EventData"":{""Data"":""Windows(R) UL phone License (Private), 19960c9b-7c04-40de-ace0-505f340185ef"",""Binary"":""""}}"
92,92,2025-07-29 04:52:27.7482778,1004,Info,Microsoft-Windows-Security-SPP,Application,0,0,WIN-N0IRN1T9IF6,0,,,,,,,,,,,,False,C:\Users\VM\Desktop\Application.evtx,0x80000000000000,0,"{""EventData"":{""Data"":""Windows(R) UL store License (Public), 85fe1995-610e-44bf-9d84-bfd777403c66"",""Binary"":""""}}"
93,93,2025-07-29 04:52:27.7482778,1004,Info,Microsoft-Windows-Security-SPP,Application,0,0,WIN-N0IRN1T9IF6,0,,,,,,,,,,,,False,C:\Users\VM\Desktop\Application.evtx,0x80000000000000,0,"{""EventData"":{""Data"":""Windows(R) UL store License (Private), 5121dea3-acb9-444d-8eb0-c627e9c709ee"",""Binary"":""""}}"
94,94,2025-07-29 04:52:27.7482778,1004,Info,Microsoft-Windows-Security-SPP,Application,0,0,WIN-N0IRN1T9IF6,0,,,,,,,,,,,,False,C:\Users\VM\Desktop\Application.evtx,0x80000000000000,0,"{""EventData"":{""Data"":""Windows(R) Publishing License (Public), 3181277a-1626-4c4c-addb-4b34e3fc6885"",""Binary"":""""}}"
95,95,2025-07-29 04:52:27.7482778,1004,Info,Microsoft-Windows-Security-SPP,Application,0,0,WIN-N0IRN1T9IF6,0,,,,,,,,,,,,False,C:\Users\VM\Desktop\Application.evtx,0x80000000000000,0,"{""EventData"":{""Data"":""Windows(R) Publishing License (Private), c639e874-fe5e-4c00-9f9a-3fe8351b1ff8"",""Binary"":""""}}"
96,96,2025-07-29 04:52:27.7482778,1004,Info,Microsoft-Windows-Security-SPP,Application,0,0,WIN-N0IRN1T9IF6,0,,,,,,,,,,,,False,C:\Users\VM\Desktop\Application.evtx,0x80000000000000,0,"{""EventData"":{""Data"":""Windows(R) UL oob License (Public), b5048274-0591-46bf-a20d-8031615230bb"",""Binary"":""""}}"
97,97,2025-07-29 04:52:27.7482778,1004,Info,Microsoft-Windows-Security-SPP,Application,0,0,WIN-N0IRN1T9IF6,0,,,,,,,,,,,,False,C:\Users\VM\Desktop\Application.evtx,0x80000000000000,0,"{""EventData"":{""Data"":""Windows(R) UL oob License (Private), 184ec706-1563-4de8-a847-5ac43fa0ea42"",""Binary"":""""}}"
98,98,2025-07-29 04:52:27.7868381,1004,Info,Microsoft-Windows-Security-SPP,Application,0,0,WIN-N0IRN1T9IF6,0,,,,,,,,,,,,False,C:\Users\VM\Desktop\Application.evtx,0x80000000000000,0,"{""EventData"":{""Data"":""Windows(R) UL phone License (Public), fdabf8c4-5c33-415c-ba2c-9edac72f05b9"",""Binary"":""""}}"
99,99,2025-07-29 04:52:27.7868381,1004,Info,Microsoft-Windows-Security-SPP,Application,0,0,WIN-N0IRN1T9IF6,0,,,,,,,,,,,,False,C:\Users\VM\Desktop\Application.evtx,0x80000000000000,0,"{""EventData"":{""Data"":""Windows(R) UL phone License (Private), a654742c-2d21-477b-ba1e-47a5d744e5e5"",""Binary"":""""}}"
100,100,2025-07-29 04:52:27.7868381,1004,Info,Microsoft-Windows-Security-SPP,Application,0,0,WIN-N0IRN1T9IF6,0,,,,,,,,,,,,False,C:\Users\VM\Desktop\Application.evtx,0x80000000000000,0,"{""EventData"":{""Data"":""Windows(R) UL store License (Public), 3e323b50-208b-4feb-847b-59f2a5de193e"",""Binary"":""""}}"
101,101,2025-07-29 04:52:27.8044580,1004,Info,Microsoft-Windows-Security-SPP,Application,0,0,WIN-N0IRN1T9IF6,0,,,,,,,,,,,,False,C:\Users\VM\Desktop\Application.evtx,0x80000000000000,0,"{""EventData"":{""Data"":""Windows(R) UL store License (Private), ebd409d4-6738-4c5b-93f1-140d74f25753"",""Binary"":""""}}"
102,102,2025-07-29 04:52:27.8172763,1004,Info,Microsoft-Windows-Security-SPP,Application,0,0,WIN-N0IRN1T9IF6,0,,,,,,,,,,,,False,C:\Users\VM\Desktop\Application.evtx,0x80000000000000,0,"{""EventData"":{""Data"":""Windows(R) Enterprise Product PPD License, 16610a5d-f4d9-37fe-a935-5f2308fbfcd5"",""Binary"":""""}}"
103,103,2025-07-29 04:52:27.8339109,1004,Info,Microsoft-Windows-Security-SPP,Application,0,0,WIN-N0IRN1T9IF6,0,,,,,,,,,,,,False,C:\Users\VM\Desktop\Application.evtx,0x80000000000000,0,"{""EventData"":{""Data"":""Windows(R) Publishing License (Public), bd1bb666-d17c-448e-bc35-7002f71147d3"",""Binary"":""""}}"
104,104,2025-07-29 04:52:27.8339109,1004,Info,Microsoft-Windows-Security-SPP,Application,0,0,WIN-N0IRN1T9IF6,0,,,,,,,,,,,,False,C:\Users\VM\Desktop\Application.evtx,0x80000000000000,0,"{""EventData"":{""Data"":""Windows(R) Publishing License (Private), 06738304-d5bc-465e-8942-811ee212f9db"",""Binary"":""""}}"
105,105,2025-07-29 04:52:27.8500127,1004,Info,Microsoft-Windows-Security-SPP,Application,0,0,WIN-N0IRN1T9IF6,0,,,,,,,,,,,,False,C:\Users\VM\Desktop\Application.evtx,0x80000000000000,0,"{""EventData"":{""Data"":""Windows(R) UL oob License (Public), 790e9598-fc88-4559-9615-74e3210bc2fa"",""Binary"":""""}}"
106,106,2025-07-29 04:52:27.8500127,1004,Info,Microsoft-Windows-Security-SPP,Application,0,0,WIN-N0IRN1T9IF6,0,,,,,,,,,,,,False,C:\Users\VM\Desktop\Application.evtx,0x80000000000000,0,"{""EventData"":{""Data"":""Windows(R) UL oob License (Private), 65659348-f211-49de-92be-3f11d970d56a"",""Binary"":""""}}"
107,107,2025-07-29 04:52:27.8639543,1004,Info,Microsoft-Windows-Security-SPP,Application,0,0,WIN-N0IRN1T9IF6,0,,,,,,,,,,,,False,C:\Users\VM\Desktop\Application.evtx,0x80000000000000,0,"{""EventData"":{""Data"":""Windows(R) UL phone License (Public), 5353ca85-ec1c-46e8-ac15-b193e6b3a840"",""Binary"":""""}}"
108,108,2025-07-29 04:52:27.8639543,1004,Info,Microsoft-Windows-Security-SPP,Application,0,0,WIN-N0IRN1T9IF6,0,,,,,,,,,,,,False,C:\Users\VM\Desktop\Application.evtx,0x80000000000000,0,"{""EventData"":{""Data"":""Windows(R) UL phone License (Private), 89fde15d-9c50-4c6c-aca0-5f302ab9fd1c"",""Binary"":""""}}"
109,109,2025-07-29 04:52:27.8639543,1004,Info,Microsoft-Windows-Security-SPP,Application,0,0,WIN-N0IRN1T9IF6,0,,,,,,,,,,,,False,C:\Users\VM\Desktop\Application.evtx,0x80000000000000,0,"{""EventData"":{""Data"":""Windows(R) UL store License (Public), 222055cd-c2e1-4dc6-ba29-6b51ad8f8e9e"",""Binary"":""""}}"
110,110,2025-07-29 04:52:27.8639543,1004,Info,Microsoft-Windows-Security-SPP,Application,0,0,WIN-N0IRN1T9IF6,0,,,,,,,,,,,,False,C:\Users\VM\Desktop\Application.evtx,0x80000000000000,0,"{""EventData"":{""Data"":""Windows(R) UL store License (Private), 8b85b681-6a24-4e07-a2fb-09b6650fa469"",""Binary"":""""}}"
111,111,2025-07-29 04:52:27.8639543,1004,Info,Microsoft-Windows-Security-SPP,Application,0,0,WIN-N0IRN1T9IF6,0,,,,,,,,,,,,False,C:\Users\VM\Desktop\Application.evtx,0x80000000000000,0,"{""EventData"":{""Data"":""Windows(R) Publishing License (Public), 319f2582-dff8-4432-8b7f-c05091c3a1d1"",""Binary"":""""}}"
112,112,2025-07-29 04:52:27.8639543,1004,Info,Microsoft-Windows-Security-SPP,Application,0,0,WIN-N0IRN1T9IF6,0,,,,,,,,,,,,False,C:\Users\VM\Desktop\Application.evtx,0x80000000000000,0,"{""EventData"":{""Data"":""Windows(R) Publishing License (Private), 58a72759-acc8-4d1f-b7b2-a3acbcb8cd01"",""Binary"":""""}}"
113,113,2025-07-29 04:52:27.8639543,1004,Info,Microsoft-Windows-Security-SPP,Application,0,0,WIN-N0IRN1T9IF6,0,,,,,,,,,,,,False,C:\Users\VM\Desktop\Application.evtx,0x80000000000000,0,"{""EventData"":{""Data"":""Windows(R) UL oob License (Public), fd7274a0-b831-4ab8-b0c3-016e3b02274d"",""Binary"":""""}}"
114,114,2025-07-29 04:52:27.8962713,1004,Info,Microsoft-Windows-Security-SPP,Application,0,0,WIN-N0IRN1T9IF6,0,,,,,,,,,,,,False,C:\Users\VM\Desktop\Application.evtx,0x80000000000000,0,"{""EventData"":{""Data"":""Windows(R) UL oob License (Private), c7192e98-2cfa-4ef5-8b18-9cce4f65abc7"",""Binary"":""""}}"
115,115,2025-07-29 04:52:27.8962713,1004,Info,Microsoft-Windows-Security-SPP,Application,0,0,WIN-N0IRN1T9IF6,0,,,,,,,,,,,,False,C:\Users\VM\Desktop\Application.evtx,0x80000000000000,0,"{""EventData"":{""Data"":""Windows(R) UL phone License (Public), 9d76b63d-bffc-4753-8b33-3c658fd81c71"",""Binary"":""""}}"
116,116,2025-07-29 04:52:27.8962713,1004,Info,Microsoft-Windows-Security-SPP,Application,0,0,WIN-N0IRN1T9IF6,0,,,,,,,,,,,,False,C:\Users\VM\Desktop\Application.evtx,0x80000000000000,0,"{""EventData"":{""Data"":""Windows(R) UL phone License (Private), f91f9198-2b23-4e2e-aac1-48c6ef4a4d8c"",""Binary"":""""}}"
117,117,2025-07-29 04:52:27.8962713,1004,Info,Microsoft-Windows-Security-SPP,Application,0,0,WIN-N0IRN1T9IF6,0,,,,,,,,,,,,False,C:\Users\VM\Desktop\Application.evtx,0x80000000000000,0,"{""EventData"":{""Data"":""Windows(R) UL store License (Public), 3824afb7-b7f8-479c-8fbc-9f17ffa98a97"",""Binary"":""""}}"
118,118,2025-07-29 04:52:27.8962713,1004,Info,Microsoft-Windows-Security-SPP,Application,0,0,WIN-N0IRN1T9IF6,0,,,,,,,,,,,,False,C:\Users\VM\Desktop\Application.evtx,0x80000000000000,0,"{""EventData"":{""Data"":""Windows(R) UL store License (Private), 221983e5-099d-4f34-9977-f8c067f41914"",""Binary"":""""}}"
119,119,2025-07-29 04:52:27.9180218,1004,Info,Microsoft-Windows-Security-SPP,Application,0,0,WIN-N0IRN1T9IF6,0,,,,,,,,,,,,False,C:\Users\VM\Desktop\Application.evtx,0x80000000000000,0,"{""EventData"":{""Data"":""Windows(R) Publishing License (Public), 444279d8-11a1-4c7c-b0ae-f31fd3f9986d"",""Binary"":""""}}"
120,120,2025-07-29 04:52:27.9180218,1004,Info,Microsoft-Windows-Security-SPP,Application,0,0,WIN-N0IRN1T9IF6,0,,,,,,,,,,,,False,C:\Users\VM\Desktop\Application.evtx,0x80000000000000,0,"{""EventData"":{""Data"":""Windows(R) Publishing License (Private), 4454ea7d-a49d-4eef-bb21-599d150ec40b"",""Binary"":""""}}"
121,121,2025-07-29 04:52:27.9419704,1004,Info,Microsoft-Windows-Security-SPP,Application,0,0,WIN-N0IRN1T9IF6,0,,,,,,,,,,,,False,C:\Users\VM\Desktop\Application.evtx,0x80000000000000,0,"{""EventData"":{""Data"":""Windows(R) UL oob License (Public), 02ac196a-babc-4ea2-95a9-35aeafe9eb99"",""Binary"":""""}}"
122,122,2025-07-29 04:52:27.9419704,1004,Info,Microsoft-Windows-Security-SPP,Application,0,0,WIN-N0IRN1T9IF6,0,,,,,,,,,,,,False,C:\Users\VM\Desktop\Application.evtx,0x80000000000000,0,"{""EventData"":{""Data"":""Windows(R) UL oob License (Private), eaa235d3-2808-49d5-9a38-ca09c3958261"",""Binary"":""""}}"
123,123,2025-07-29 04:52:27.9578291,1004,Info,Microsoft-Windows-Security-SPP,Application,0,0,WIN-N0IRN1T9IF6,0,,,,,,,,,,,,False,C:\Users\VM\Desktop\Application.evtx,0x80000000000000,0,"{""EventData"":{""Data"":""Windows(R) UL phone License (Public), 819a618b-59cb-417d-82f9-327b78637ebe"",""Binary"":""""}}"
124,124,2025-07-29 04:52:27.9578291,1004,Info,Microsoft-Windows-Security-SPP,Application,0,0,WIN-N0IRN1T9IF6,0,,,,,,,,,,,,False,C:\Users\VM\Desktop\Application.evtx,0x80000000000000,0,"{""EventData"":{""Data"":""Windows(R) UL phone License (Private), c647b0f7-4a1c-41cf-92ed-183eadfc0d7a"",""Binary"":""""}}"
125,125,2025-07-29 04:52:27.9578291,1004,Info,Microsoft-Windows-Security-SPP,Application,0,0,WIN-N0IRN1T9IF6,0,,,,,,,,,,,,False,C:\Users\VM\Desktop\Application.evtx,0x80000000000000,0,"{""EventData"":{""Data"":""Windows(R) UL store License (Public), aea47b50-4dbb-4fa3-a6f6-87bd5119ecde"",""Binary"":""""}}"
126,126,2025-07-29 04:52:27.9578291,1004,Info,Microsoft-Windows-Security-SPP,Application,0,0,WIN-N0IRN1T9IF6,0,,,,,,,,,,,,False,C:\Users\VM\Desktop\Application.evtx,0x80000000000000,0,"{""EventData"":{""Data"":""Windows(R) UL store License (Private), 15464e73-886d-4194-82fb-4ae0925f34d8"",""Binary"":""""}}"
127,127,2025-07-29 04:52:27.9578291,1004,Info,Microsoft-Windows-Security-SPP,Application,0,0,WIN-N0IRN1T9IF6,0,,,,,,,,,,,,False,C:\Users\VM\Desktop\Application.evtx,0x80000000000000,0,"{""EventData"":{""Data"":""Windows(R) Publishing License (Public), 88b8e258-2b89-4dd0-9558-4875b574c754"",""Binary"":""""}}"
128,128,2025-07-29 04:52:27.9578291,1004,Info,Microsoft-Windows-Security-SPP,Application,0,0,WIN-N0IRN1T9IF6,0,,,,,,,,,,,,False,C:\Users\VM\Desktop\Application.evtx,0x80000000000000,0,"{""EventData"":{""Data"":""Windows(R) Publishing License (Private), 4392e238-5b38-42c3-a183-e3f77509c36a"",""Binary"":""""}}"
129,129,2025-07-29 04:52:27.9578291,1004,Info,Microsoft-Windows-Security-SPP,Application,0,0,WIN-N0IRN1T9IF6,0,,,,,,,,,,,,False,C:\Users\VM\Desktop\Application.evtx,0x80000000000000,0,"{""EventData"":{""Data"":""Windows(R) UL oob License (Public), 602f797e-6b24-494a-ab75-38d59cefb4ae"",""Binary"":""""}}"
130,130,2025-07-29 04:52:27.9578291,1004,Info,Microsoft-Windows-Security-SPP,Application,0,0,WIN-N0IRN1T9IF6,0,,,,,,,,,,,,False,C:\Users\VM\Desktop\Application.evtx,0x80000000000000,0,"{""EventData"":{""Data"":""Windows(R) UL oob License (Private), 5af420d8-964f-454e-8846-e50222a7ab33"",""Binary"":""""}}"
131,131,2025-07-29 04:52:27.9578291,1004,Info,Microsoft-Windows-Security-SPP,Application,0,0,WIN-N0IRN1T9IF6,0,,,,,,,,,,,,False,C:\Users\VM\Desktop\Application.evtx,0x80000000000000,0,"{""EventData"":{""Data"":""Windows(R) UL phone License (Public), c5bd2555-24ce-488e-9e9d-268e412b3fbf"",""Binary"":""""}}"
132,132,2025-07-29 04:52:27.9578291,1004,Info,Microsoft-Windows-Security-SPP,Application,0,0,WIN-N0IRN1T9IF6,0,,,,,,,,,,,,False,C:\Users\VM\Desktop\Application.evtx,0x80000000000000,0,"{""EventData"":{""Data"":""Windows(R) UL phone License (Private), d1048d45-5153-4574-87c5-942e792d2279"",""Binary"":""""}}"
133,133,2025-07-29 04:52:27.9578291,1004,Info,Microsoft-Windows-Security-SPP,Application,0,0,WIN-N0IRN1T9IF6,0,,,,,,,,,,,,False,C:\Users\VM\Desktop\Application.evtx,0x80000000000000,0,"{""EventData"":{""Data"":""Windows(R) UL store License (Public), d4bad991-35d6-43ca-8522-2b95c16fa7ae"",""Binary"":""""}}"
134,134,2025-07-29 04:52:27.9578291,1004,Info,Microsoft-Windows-Security-SPP,Application,0,0,WIN-N0IRN1T9IF6,0,,,,,,,,,,,,False,C:\Users\VM\Desktop\Application.evtx,0x80000000000000,0,"{""EventData"":{""Data"":""Windows(R) UL store License (Private), d6dd0c29-2855-4537-864c-d268a8ce7344"",""Binary"":""""}}"
135,135,2025-07-29 04:52:27.9578291,1004,Info,Microsoft-Windows-Security-SPP,Application,0,0,WIN-N0IRN1T9IF6,0,,,,,,,,,,,,False,C:\Users\VM\Desktop\Application.evtx,0x80000000000000,0,"{""EventData"":{""Data"":""Windows(R) Publishing License (Public), 8d47aef5-34d5-4e96-b9e4-138380762336"",""Binary"":""""}}"
136,136,2025-07-29 04:52:27.9578291,1004,Info,Microsoft-Windows-Security-SPP,Application,0,0,WIN-N0IRN1T9IF6,0,,,,,,,,,,,,False,C:\Users\VM\Desktop\Application.evtx,0x80000000000000,0,"{""EventData"":{""Data"":""Windows(R) Publishing License (Private), 8d71e9ca-6840-481b-902c-4db7753540ee"",""Binary"":""""}}"
137,137,2025-07-29 04:52:28.0211646,1004,Info,Microsoft-Windows-Security-SPP,Application,0,0,WIN-N0IRN1T9IF6,0,,,,,,,,,,,,False,C:\Users\VM\Desktop\Application.evtx,0x80000000000000,0,"{""EventData"":{""Data"":""Windows(R) UL oob License (Public), 0d4dc604-cebc-41d1-a996-8650aae203e0"",""Binary"":""""}}"
138,138,2025-07-29 04:52:28.0211646,1004,Info,Microsoft-Windows-Security-SPP,Application,0,0,WIN-N0IRN1T9IF6,0,,,,,,,,,,,,False,C:\Users\VM\Desktop\Application.evtx,0x80000000000000,0,"{""EventData"":{""Data"":""Windows(R) UL oob License (Private), 664af40f-5cb2-4d09-9b58-34fd7dfef88e"",""Binary"":""""}}"
139,139,2025-07-29 04:52:28.0420426,1004,Info,Microsoft-Windows-Security-SPP,Application,0,0,WIN-N0IRN1T9IF6,0,,,,,,,,,,,,False,C:\Users\VM\Desktop\Application.evtx,0x80000000000000,0,"{""EventData"":{""Data"":""Windows(R) UL phone License (Public), dfe0a04f-afde-45be-8abd-28ff8305a65e"",""Binary"":""""}}"
140,140,2025-07-29 04:52:28.0420426,1004,Info,Microsoft-Windows-Security-SPP,Application,0,0,WIN-N0IRN1T9IF6,0,,,,,,,,,,,,False,C:\Users\VM\Desktop\Application.evtx,0x80000000000000,0,"{""EventData"":{""Data"":""Windows(R) UL phone License (Private), 3f76b022-4b0e-47b1-9838-bae81ca1c8bd"",""Binary"":""""}}"
141,141,2025-07-29 04:52:28.0420426,1004,Info,Microsoft-Windows-Security-SPP,Application,0,0,WIN-N0IRN1T9IF6,0,,,,,,,,,,,,False,C:\Users\VM\Desktop\Application.evtx,0x80000000000000,0,"{""EventData"":{""Data"":""Windows(R) UL store License (Public), 45a16b37-d772-468f-9309-7fe531da98d7"",""Binary"":""""}}"
142,142,2025-07-29 04:52:28.0420426,1004,Info,Microsoft-Windows-Security-SPP,Application,0,0,WIN-N0IRN1T9IF6,0,,,,,,,,,,,,False,C:\Users\VM\Desktop\Application.evtx,0x80000000000000,0,"{""EventData"":{""Data"":""Windows(R) UL store License (Private), 8d6e70b6-1119-4841-a5ab-421a01796bae"",""Binary"":""""}}"
143,143,2025-07-29 04:52:28.0420426,1004,Info,Microsoft-Windows-Security-SPP,Application,0,0,WIN-N0IRN1T9IF6,0,,,,,,,,,,,,False,C:\Users\VM\Desktop\Application.evtx,0x80000000000000,0,"{""EventData"":{""Data"":""Windows(R) Publishing License (Public), a4f63fde-1381-46e1-a071-92bfa42812fd"",""Binary"":""""}}"
144,144,2025-07-29 04:52:28.0420426,1004,Info,Microsoft-Windows-Security-SPP,Application,0,0,WIN-N0IRN1T9IF6,0,,,,,,,,,,,,False,C:\Users\VM\Desktop\Application.evtx,0x80000000000000,0,"{""EventData"":{""Data"":""Windows(R) Publishing License (Private), d1d3f5d4-6680-4e37-96f2-4d01c74701ba"",""Binary"":""""}}"
145,145,2025-07-29 04:52:28.0420426,1004,Info,Microsoft-Windows-Security-SPP,Application,0,0,WIN-N0IRN1T9IF6,0,,,,,,,,,,,,False,C:\Users\VM\Desktop\Application.evtx,0x80000000000000,0,"{""EventData"":{""Data"":""Windows(R) UL oob License (Public), a36a21c4-b4a0-4d04-b714-6506089f21c0"",""Binary"":""""}}"
146,146,2025-07-29 04:52:28.0759378,1004,Info,Microsoft-Windows-Security-SPP,Application,0,0,WIN-N0IRN1T9IF6,0,,,,,,,,,,,,False,C:\Users\VM\Desktop\Application.evtx,0x80000000000000,0,"{""EventData"":{""Data"":""Windows(R) UL oob License (Private), 638fd6b6-b1ab-411d-bf87-096f770f0092"",""Binary"":""""}}"
147,147,2025-07-29 04:52:28.1090563,1004,Info,Microsoft-Windows-Security-SPP,Application,0,0,WIN-N0IRN1T9IF6,0,,,,,,,,,,,,False,C:\Users\VM\Desktop\Application.evtx,0x80000000000000,0,"{""EventData"":{""Data"":""Windows(R) UL phone License (Public), 22197977-aa6e-4f71-bda8-126dd6f46f58"",""Binary"":""""}}"
148,148,2025-07-29 04:52:28.1090563,1004,Info,Microsoft-Windows-Security-SPP,Application,0,0,WIN-N0IRN1T9IF6,0,,,,,,,,,,,,False,C:\Users\VM\Desktop\Application.evtx,0x80000000000000,0,"{""EventData"":{""Data"":""Windows(R) UL phone License (Private), c996509c-2191-46f4-be2d-ab8fdb000e54"",""Binary"":""""}}"
149,149,2025-07-29 04:52:28.1297894,1004,Info,Microsoft-Windows-Security-SPP,Application,0,0,WIN-N0IRN1T9IF6,0,,,,,,,,,,,,False,C:\Users\VM\Desktop\Application.evtx,0x80000000000000,0,"{""EventData"":{""Data"":""Windows(R) UL store License (Public), be3f59d9-9e84-4c2d-8058-4ccf70f78ba1"",""Binary"":""""}}"
150,150,2025-07-29 04:52:28.1297894,1004,Info,Microsoft-Windows-Security-SPP,Application,0,0,WIN-N0IRN1T9IF6,0,,,,,,,,,,,,False,C:\Users\VM\Desktop\Application.evtx,0x80000000000000,0,"{""EventData"":{""Data"":""Windows(R) UL store License (Private), 766eb2c4-5bbb-4e3a-aff9-d5e3c9d4acdb"",""Binary"":""""}}"
151,151,2025-07-29 04:52:28.1297894,1004,Info,Microsoft-Windows-Security-SPP,Application,0,0,WIN-N0IRN1T9IF6,0,,,,,,,,,,,,False,C:\Users\VM\Desktop\Application.evtx,0x80000000000000,0,"{""EventData"":{""Data"":""Windows(R) UL oob License (Public), c44944f3-af56-4388-a188-2cb9a463933a"",""Binary"":""""}}"
152,152,2025-07-29 04:52:28.1297894,1004,Info,Microsoft-Windows-Security-SPP,Application,0,0,WIN-N0IRN1T9IF6,0,,,,,,,,,,,,False,C:\Users\VM\Desktop\Application.evtx,0x80000000000000,0,"{""EventData"":{""Data"":""Windows(R) UL oob License (Private), e17bf799-3a27-4030-a9f3-30e7b78959bb"",""Binary"":""""}}"
153,153,2025-07-29 04:52:28.1460822,1004,Info,Microsoft-Windows-Security-SPP,Application,0,0,WIN-N0IRN1T9IF6,0,,,,,,,,,,,,False,C:\Users\VM\Desktop\Application.evtx,0x80000000000000,0,"{""EventData"":{""Data"":""Windows(R) UL volume License (Public), 917b44c3-4de6-474b-9eae-c33c792c46bb"",""Binary"":""""}}"
154,154,2025-07-29 04:52:28.1460822,1004,Info,Microsoft-Windows-Security-SPP,Application,0,0,WIN-N0IRN1T9IF6,0,,,,,,,,,,,,False,C:\Users\VM\Desktop\Application.evtx,0x80000000000000,0,"{""EventData"":{""Data"":""Windows(R) UL volume License (Private), 814e30f1-bfd9-49f9-af12-00e817ec3986"",""Binary"":""""}}"
155,155,2025-07-29 04:52:28.1656915,1004,Info,Microsoft-Windows-Security-SPP,Application,0,0,WIN-N0IRN1T9IF6,0,,,,,,,,,,,,False,C:\Users\VM\Desktop\Application.evtx,0x80000000000000,0,"{""EventData"":{""Data"":""Windows(R) Publishing License (Public), 306722b9-f396-491f-8d37-56b3e28985f9"",""Binary"":""""}}"
156,156,2025-07-29 04:52:28.1656915,1004,Info,Microsoft-Windows-Security-SPP,Application,0,0,WIN-N0IRN1T9IF6,0,,,,,,,,,,,,False,C:\Users\VM\Desktop\Application.evtx,0x80000000000000,0,"{""EventData"":{""Data"":""Windows(R) Publishing License (Private), 0bddaa12-82e1-40c0-85ef-42e9082d427d"",""Binary"":""""}}"
157,157,2025-07-29 04:52:28.1788026,1004,Info,Microsoft-Windows-Security-SPP,Application,0,0,WIN-N0IRN1T9IF6,0,,,,,,,,,,,,False,C:\Users\VM\Desktop\Application.evtx,0x80000000000000,0,"{""EventData"":{""Data"":""Windows(R) UL oob License (Public), 0c6a85a8-fb74-41a9-a806-99582d5ae36d"",""Binary"":""""}}"
158,158,2025-07-29 04:52:28.1788026,1004,Info,Microsoft-Windows-Security-SPP,Application,0,0,WIN-N0IRN1T9IF6,0,,,,,,,,,,,,False,C:\Users\VM\Desktop\Application.evtx,0x80000000000000,0,"{""EventData"":{""Data"":""Windows(R) UL oob License (Private), f86c7b34-86ba-4431-be1b-5f2afbd3825e"",""Binary"":""""}}"
159,159,2025-07-29 04:52:28.1788026,1004,Info,Microsoft-Windows-Security-SPP,Application,0,0,WIN-N0IRN1T9IF6,0,,,,,,,,,,,,False,C:\Users\VM\Desktop\Application.evtx,0x80000000000000,0,"{""EventData"":{""Data"":""Windows(R) UL phone License (Public), e57d0656-cb45-49c1-afbe-3ca76ce87160"",""Binary"":""""}}"
160,160,2025-07-29 04:52:28.1788026,1004,Info,Microsoft-Windows-Security-SPP,Application,0,0,WIN-N0IRN1T9IF6,0,,,,,,,,,,,,False,C:\Users\VM\Desktop\Application.evtx,0x80000000000000,0,"{""EventData"":{""Data"":""Windows(R) UL phone License (Private), f5a822ca-be0f-4d79-9d10-af0767024f4b"",""Binary"":""""}}"
161,161,2025-07-29 04:52:28.1788026,1004,Info,Microsoft-Windows-Security-SPP,Application,0,0,WIN-N0IRN1T9IF6,0,,,,,,,,,,,,False,C:\Users\VM\Desktop\Application.evtx,0x80000000000000,0,"{""EventData"":{""Data"":""Windows(R) UL store License (Public), d6d38c85-3477-4838-a36c-dfaca5a91cc2"",""Binary"":""""}}"
162,162,2025-07-29 04:52:28.1788026,1004,Info,Microsoft-Windows-Security-SPP,Application,0,0,WIN-N0IRN1T9IF6,0,,,,,,,,,,,,False,C:\Users\VM\Desktop\Application.evtx,0x80000000000000,0,"{""EventData"":{""Data"":""Windows(R) UL store License (Private), 740473c0-6411-4d26-98b7-8f4f62cf2da2"",""Binary"":""""}}"
