481,713,2025-07-28 20:27:39.3167744,2006,Info,Microsoft-Windows-Windows Firewall With Advanced Security,Microsoft-Windows-Windows Firewall With Advanced Security/Firewall,2184,4676,DESKTOP-5A3QN5S,8,S-1-5-19,A rule has been deleted in the Windows Defender Firewall exception list,,,RuleName: @{Microsoft.AAD.BrokerPlugin_1000.19041.3636.0_neutral_neutral_cw5n1h2txyewy?ms-resource://Microsoft.AAD.BrokerPlugin/resources/PackageDisplayName},ModifyingApplication: C:\Windows\System32\svchost.exe,,,,,,False,C:\Users\VM\Desktop\Firewall.evtx,0x8000020000000000,0,"{""EventData"":{""Data"":[{""@Name"":""RuleId"",""#text"":""{085F81F1-3C29-4788-8571-7214C6F77892}""},{""@Name"":""RuleName"",""#text"":""@{Microsoft.AAD.BrokerPlugin_1000.19041.3636.0_neutral_neutral_cw5n1h2txyewy?ms-resource://Microsoft.AAD.BrokerPlugin/resources/PackageDisplayName}""},{""@Name"":""ModifyingUser"",""#text"":""S-1-5-80-3088073201-1464728630-1879813800-1107566885-823218052""},{""@Name"":""ModifyingApplication"",""#text"":""C:\\Windows\\System32\\svchost.exe""}]}}"
482,714,2025-07-28 20:27:39.3185549,2006,Info,Microsoft-Windows-Windows Firewall With Advanced Security,Microsoft-Windows-Windows Firewall With Advanced Security/Firewall,2184,4676,DESKTOP-5A3QN5S,8,S-1-5-19,A rule has been deleted in the Windows Defender Firewall exception list,,,RuleName: @{Microsoft.AAD.BrokerPlugin_1000.19041.3636.0_neutral_neutral_cw5n1h2txyewy?ms-resource://Microsoft.AAD.BrokerPlugin/resources/PackageDisplayName},ModifyingApplication: C:\Windows\System32\svchost.exe,,,,,,False,C:\Users\VM\Desktop\Firewall.evtx,0x8000020000000000,0,"{""EventData"":{""Data"":[{""@Name"":""RuleId"",""#text"":""{5A0E7CC5-391E-488A-BFAF-AEA9DE8C734E}""},{""@Name"":""RuleName"",""#text"":""@{Microsoft.AAD.BrokerPlugin_1000.19041.3636.0_neutral_neutral_cw5n1h2txyewy?ms-resource://Microsoft.AAD.BrokerPlugin/resources/PackageDisplayName}""},{""@Name"":""ModifyingUser"",""#text"":""S-1-5-80-3088073201-1464728630-1879813800-1107566885-823218052""},{""@Name"":""ModifyingApplication"",""#text"":""C:\\Windows\\System32\\svchost.exe""}]}}"
483,715,2025-07-28 20:27:39.3207415,2006,Info,Microsoft-Windows-Windows Firewall With Advanced Security,Microsoft-Windows-Windows Firewall With Advanced Security/Firewall,2184,4676,DESKTOP-5A3QN5S,8,S-1-5-19,A rule has been deleted in the Windows Defender Firewall exception list,,,RuleName: @{Microsoft.AAD.BrokerPlugin_1000.19041.3636.0_neutral_neutral_cw5n1h2txyewy?ms-resource://Microsoft.AAD.BrokerPlugin/resources/PackageDisplayName},ModifyingApplication: C:\Windows\System32\svchost.exe,,,,,,False,C:\Users\VM\Desktop\Firewall.evtx,0x8000020000000000,0,"{""EventData"":{""Data"":[{""@Name"":""RuleId"",""#text"":""{126D9A2A-B742-4CA8-A603-B713616BFF1D}""},{""@Name"":""RuleName"",""#text"":""@{Microsoft.AAD.BrokerPlugin_1000.19041.3636.0_neutral_neutral_cw5n1h2txyewy?ms-resource://Microsoft.AAD.BrokerPlugin/resources/PackageDisplayName}""},{""@Name"":""ModifyingUser"",""#text"":""S-1-5-80-3088073201-1464728630-1879813800-1107566885-823218052""},{""@Name"":""ModifyingApplication"",""#text"":""C:\\Windows\\System32\\svchost.exe""}]}}"
484,716,2025-07-28 20:27:39.3235659,2006,Info,Microsoft-Windows-Windows Firewall With Advanced Security,Microsoft-Windows-Windows Firewall With Advanced Security/Firewall,2184,4676,DESKTOP-5A3QN5S,8,S-1-5-19,A rule has been deleted in the Windows Defender Firewall exception list,,,RuleName: @{Microsoft.Windows.OOBENetworkConnectionFlow_10.0.19041.3636_neutral__cw5n1h2txyewy?ms-resource://Microsoft.Windows.OOBENetworkConnectionFlow/Resources/AppDisplayName},ModifyingApplication: C:\Windows\System32\svchost.exe,,,,,,False,C:\Users\VM\Desktop\Firewall.evtx,0x8000020000000000,0,"{""EventData"":{""Data"":[{""@Name"":""RuleId"",""#text"":""{60C3932A-253E-4293-BE92-23B71CF68F37}""},{""@Name"":""RuleName"",""#text"":""@{Microsoft.Windows.OOBENetworkConnectionFlow_10.0.19041.3636_neutral__cw5n1h2txyewy?ms-resource://Microsoft.Windows.OOBENetworkConnectionFlow/Resources/AppDisplayName}""},{""@Name"":""ModifyingUser"",""#text"":""S-1-5-80-3088073201-1464728630-1879813800-1107566885-823218052""},{""@Name"":""ModifyingApplication"",""#text"":""C:\\Windows\\System32\\svchost.exe""}]}}"
485,717,2025-07-28 20:27:39.3244784,2006,Info,Microsoft-Windows-Windows Firewall With Advanced Security,Microsoft-Windows-Windows Firewall With Advanced Security/Firewall,2184,4676,DESKTOP-5A3QN5S,8,S-1-5-19,A rule has been deleted in the Windows Defender Firewall exception list,,,RuleName: @{Microsoft.Windows.OOBENetworkConnectionFlow_10.0.19041.3636_neutral__cw5n1h2txyewy?ms-resource://Microsoft.Windows.OOBENetworkConnectionFlow/Resources/AppDisplayName},ModifyingApplication: C:\Windows\System32\svchost.exe,,,,,,False,C:\Users\VM\Desktop\Firewall.evtx,0x8000020000000000,0,"{""EventData"":{""Data"":[{""@Name"":""RuleId"",""#text"":""{BF5A0486-BC0D-4D1D-8524-D9CAD7D54FB2}""},{""@Name"":""RuleName"",""#text"":""@{Microsoft.Windows.OOBENetworkConnectionFlow_10.0.19041.3636_neutral__cw5n1h2txyewy?ms-resource://Microsoft.Windows.OOBENetworkConnectionFlow/Resources/AppDisplayName}""},{""@Name"":""ModifyingUser"",""#text"":""S-1-5-80-3088073201-1464728630-1879813800-1107566885-823218052""},{""@Name"":""ModifyingApplication"",""#text"":""C:\\Windows\\System32\\svchost.exe""}]}}"
486,718,2025-07-28 20:27:39.3271499,2006,Info,Microsoft-Windows-Windows Firewall With Advanced Security,Microsoft-Windows-Windows Firewall With Advanced Security/Firewall,2184,4676,DESKTOP-5A3QN5S,8,S-1-5-19,A rule has been deleted in the Windows Defender Firewall exception list,,,RuleName: @{Microsoft.Windows.CloudExperienceHost_10.0.19041.3636_neutral_neutral_cw5n1h2txyewy?ms-resource://Microsoft.Windows.CloudExperienceHost/resources/appDescription},ModifyingApplication: C:\Windows\System32\svchost.exe,,,,,,False,C:\Users\VM\Desktop\Firewall.evtx,0x8000020000000000,0,"{""EventData"":{""Data"":[{""@Name"":""RuleId"",""#text"":""{CE5A2004-0C68-44C0-B17B-59BB4900F5DC}""},{""@Name"":""RuleName"",""#text"":""@{Microsoft.Windows.CloudExperienceHost_10.0.19041.3636_neutral_neutral_cw5n1h2txyewy?ms-resource://Microsoft.Windows.CloudExperienceHost/resources/appDescription}""},{""@Name"":""ModifyingUser"",""#text"":""S-1-5-80-3088073201-1464728630-1879813800-1107566885-823218052""},{""@Name"":""ModifyingApplication"",""#text"":""C:\\Windows\\System32\\svchost.exe""}]}}"
487,719,2025-07-28 20:27:39.3277987,2006,Info,Microsoft-Windows-Windows Firewall With Advanced Security,Microsoft-Windows-Windows Firewall With Advanced Security/Firewall,2184,4676,DESKTOP-5A3QN5S,8,S-1-5-19,A rule has been deleted in the Windows Defender Firewall exception list,,,RuleName: @{Microsoft.Windows.CloudExperienceHost_10.0.19041.3636_neutral_neutral_cw5n1h2txyewy?ms-resource://Microsoft.Windows.CloudExperienceHost/resources/appDescription},ModifyingApplication: C:\Windows\System32\svchost.exe,,,,,,False,C:\Users\VM\Desktop\Firewall.evtx,0x8000020000000000,0,"{""EventData"":{""Data"":[{""@Name"":""RuleId"",""#text"":""{7FD05020-898A-46C3-94FC-714E90D30A53}""},{""@Name"":""RuleName"",""#text"":""@{Microsoft.Windows.CloudExperienceHost_10.0.19041.3636_neutral_neutral_cw5n1h2txyewy?ms-resource://Microsoft.Windows.CloudExperienceHost/resources/appDescription}""},{""@Name"":""ModifyingUser"",""#text"":""S-1-5-80-3088073201-1464728630-1879813800-1107566885-823218052""},{""@Name"":""ModifyingApplication"",""#text"":""C:\\Windows\\System32\\svchost.exe""}]}}"
488,720,2025-07-28 20:27:39.3284758,2006,Info,Microsoft-Windows-Windows Firewall With Advanced Security,Microsoft-Windows-Windows Firewall With Advanced Security/Firewall,2184,4676,DESKTOP-5A3QN5S,8,S-1-5-19,A rule has been deleted in the Windows Defender Firewall exception list,,,RuleName: @{Microsoft.Windows.CloudExperienceHost_10.0.19041.3636_neutral_neutral_cw5n1h2txyewy?ms-resource://Microsoft.Windows.CloudExperienceHost/resources/appDescription},ModifyingApplication: C:\Windows\System32\svchost.exe,,,,,,False,C:\Users\VM\Desktop\Firewall.evtx,0x8000020000000000,0,"{""EventData"":{""Data"":[{""@Name"":""RuleId"",""#text"":""{36E14299-6C53-4A57-8513-097AFA031513}""},{""@Name"":""RuleName"",""#text"":""@{Microsoft.Windows.CloudExperienceHost_10.0.19041.3636_neutral_neutral_cw5n1h2txyewy?ms-resource://Microsoft.Windows.CloudExperienceHost/resources/appDescription}""},{""@Name"":""ModifyingUser"",""#text"":""S-1-5-80-3088073201-1464728630-1879813800-1107566885-823218052""},{""@Name"":""ModifyingApplication"",""#text"":""C:\\Windows\\System32\\svchost.exe""}]}}"
489,721,2025-07-28 20:27:39.3289945,2006,Info,Microsoft-Windows-Windows Firewall With Advanced Security,Microsoft-Windows-Windows Firewall With Advanced Security/Firewall,2184,4676,DESKTOP-5A3QN5S,8,S-1-5-19,A rule has been deleted in the Windows Defender Firewall exception list,,,RuleName: @{Microsoft.Windows.CloudExperienceHost_10.0.19041.3636_neutral_neutral_cw5n1h2txyewy?ms-resource://Microsoft.Windows.CloudExperienceHost/resources/appDescription},ModifyingApplication: C:\Windows\System32\svchost.exe,,,,,,False,C:\Users\VM\Desktop\Firewall.evtx,0x8000020000000000,0,"{""EventData"":{""Data"":[{""@Name"":""RuleId"",""#text"":""{16E8E987-6BDB-42E8-A1F2-A652A69C305A}""},{""@Name"":""RuleName"",""#text"":""@{Microsoft.Windows.CloudExperienceHost_10.0.19041.3636_neutral_neutral_cw5n1h2txyewy?ms-resource://Microsoft.Windows.CloudExperienceHost/resources/appDescription}""},{""@Name"":""ModifyingUser"",""#text"":""S-1-5-80-3088073201-1464728630-1879813800-1107566885-823218052""},{""@Name"":""ModifyingApplication"",""#text"":""C:\\Windows\\System32\\svchost.exe""}]}}"
490,722,2025-07-28 20:27:39.3293449,2006,Info,Microsoft-Windows-Windows Firewall With Advanced Security,Microsoft-Windows-Windows Firewall With Advanced Security/Firewall,2184,4676,DESKTOP-5A3QN5S,8,S-1-5-19,A rule has been deleted in the Windows Defender Firewall exception list,,,RuleName: @{Microsoft.Windows.CloudExperienceHost_10.0.19041.3636_neutral_neutral_cw5n1h2txyewy?ms-resource://Microsoft.Windows.CloudExperienceHost/resources/appDescription},ModifyingApplication: C:\Windows\System32\svchost.exe,,,,,,False,C:\Users\VM\Desktop\Firewall.evtx,0x8000020000000000,0,"{""EventData"":{""Data"":[{""@Name"":""RuleId"",""#text"":""{BF5C8A2C-5B4A-4C6D-9A86-067319D4A144}""},{""@Name"":""RuleName"",""#text"":""@{Microsoft.Windows.CloudExperienceHost_10.0.19041.3636_neutral_neutral_cw5n1h2txyewy?ms-resource://Microsoft.Windows.CloudExperienceHost/resources/appDescription}""},{""@Name"":""ModifyingUser"",""#text"":""S-1-5-80-3088073201-1464728630-1879813800-1107566885-823218052""},{""@Name"":""ModifyingApplication"",""#text"":""C:\\Windows\\System32\\svchost.exe""}]}}"
491,723,2025-07-28 20:27:39.3294715,2006,Info,Microsoft-Windows-Windows Firewall With Advanced Security,Microsoft-Windows-Windows Firewall With Advanced Security/Firewall,2184,4676,DESKTOP-5A3QN5S,8,S-1-5-19,A rule has been deleted in the Windows Defender Firewall exception list,,,RuleName: @{Microsoft.Windows.CloudExperienceHost_10.0.19041.3636_neutral_neutral_cw5n1h2txyewy?ms-resource://Microsoft.Windows.CloudExperienceHost/resources/appDescription},ModifyingApplication: C:\Windows\System32\svchost.exe,,,,,,False,C:\Users\VM\Desktop\Firewall.evtx,0x8000020000000000,0,"{""EventData"":{""Data"":[{""@Name"":""RuleId"",""#text"":""{2F8756EB-4D81-48C6-804A-E8B1A8E8F6D4}""},{""@Name"":""RuleName"",""#text"":""@{Microsoft.Windows.CloudExperienceHost_10.0.19041.3636_neutral_neutral_cw5n1h2txyewy?ms-resource://Microsoft.Windows.CloudExperienceHost/resources/appDescription}""},{""@Name"":""ModifyingUser"",""#text"":""S-1-5-80-3088073201-1464728630-1879813800-1107566885-823218052""},{""@Name"":""ModifyingApplication"",""#text"":""C:\\Windows\\System32\\svchost.exe""}]}}"
492,724,2025-07-28 20:27:39.3295795,2006,Info,Microsoft-Windows-Windows Firewall With Advanced Security,Microsoft-Windows-Windows Firewall With Advanced Security/Firewall,2184,4676,DESKTOP-5A3QN5S,8,S-1-5-19,A rule has been deleted in the Windows Defender Firewall exception list,,,RuleName: @{Microsoft.Windows.CloudExperienceHost_10.0.19041.3636_neutral_neutral_cw5n1h2txyewy?ms-resource://Microsoft.Windows.CloudExperienceHost/resources/appDescription},ModifyingApplication: C:\Windows\System32\svchost.exe,,,,,,False,C:\Users\VM\Desktop\Firewall.evtx,0x8000020000000000,0,"{""EventData"":{""Data"":[{""@Name"":""RuleId"",""#text"":""{6247D6AB-5C00-4E1D-B6A5-05C1D7455B68}""},{""@Name"":""RuleName"",""#text"":""@{Microsoft.Windows.CloudExperienceHost_10.0.19041.3636_neutral_neutral_cw5n1h2txyewy?ms-resource://Microsoft.Windows.CloudExperienceHost/resources/appDescription}""},{""@Name"":""ModifyingUser"",""#text"":""S-1-5-80-3088073201-1464728630-1879813800-1107566885-823218052""},{""@Name"":""ModifyingApplication"",""#text"":""C:\\Windows\\System32\\svchost.exe""}]}}"
493,725,2025-07-28 20:27:39.3308290,2006,Info,Microsoft-Windows-Windows Firewall With Advanced Security,Microsoft-Windows-Windows Firewall With Advanced Security/Firewall,2184,4676,DESKTOP-5A3QN5S,8,S-1-5-19,A rule has been deleted in the Windows Defender Firewall exception list,,,RuleName: @{Microsoft.Windows.CloudExperienceHost_10.0.19041.3636_neutral_neutral_cw5n1h2txyewy?ms-resource://Microsoft.Windows.CloudExperienceHost/resources/appDescription},ModifyingApplication: C:\Windows\System32\svchost.exe,,,,,,False,C:\Users\VM\Desktop\Firewall.evtx,0x8000020000000000,0,"{""EventData"":{""Data"":[{""@Name"":""RuleId"",""#text"":""{5ACE46DA-BF33-40B2-A25E-65F52E0DAE63}""},{""@Name"":""RuleName"",""#text"":""@{Microsoft.Windows.CloudExperienceHost_10.0.19041.3636_neutral_neutral_cw5n1h2txyewy?ms-resource://Microsoft.Windows.CloudExperienceHost/resources/appDescription}""},{""@Name"":""ModifyingUser"",""#text"":""S-1-5-80-3088073201-1464728630-1879813800-1107566885-823218052""},{""@Name"":""ModifyingApplication"",""#text"":""C:\\Windows\\System32\\svchost.exe""}]}}"
494,726,2025-07-28 20:27:39.3328764,2006,Info,Microsoft-Windows-Windows Firewall With Advanced Security,Microsoft-Windows-Windows Firewall With Advanced Security/Firewall,2184,4676,DESKTOP-5A3QN5S,8,S-1-5-19,A rule has been deleted in the Windows Defender Firewall exception list,,,RuleName: @{Microsoft.Windows.CloudExperienceHost_10.0.19041.3636_neutral_neutral_cw5n1h2txyewy?ms-resource://Microsoft.Windows.CloudExperienceHost/resources/appDescription},ModifyingApplication: C:\Windows\System32\svchost.exe,,,,,,False,C:\Users\VM\Desktop\Firewall.evtx,0x8000020000000000,0,"{""EventData"":{""Data"":[{""@Name"":""RuleId"",""#text"":""{C91CDAE6-087B-48F7-89B6-EFB9FA414A5D}""},{""@Name"":""RuleName"",""#text"":""@{Microsoft.Windows.CloudExperienceHost_10.0.19041.3636_neutral_neutral_cw5n1h2txyewy?ms-resource://Microsoft.Windows.CloudExperienceHost/resources/appDescription}""},{""@Name"":""ModifyingUser"",""#text"":""S-1-5-80-3088073201-1464728630-1879813800-1107566885-823218052""},{""@Name"":""ModifyingApplication"",""#text"":""C:\\Windows\\System32\\svchost.exe""}]}}"
495,727,2025-07-28 20:27:39.3344398,2006,Info,Microsoft-Windows-Windows Firewall With Advanced Security,Microsoft-Windows-Windows Firewall With Advanced Security/Firewall,2184,4676,DESKTOP-5A3QN5S,8,S-1-5-19,A rule has been deleted in the Windows Defender Firewall exception list,,,RuleName: @{Microsoft.BioEnrollment_10.0.19041.3636_neutral__cw5n1h2txyewy?ms-resource://Microsoft.BioEnrollment/Resources/AppDisplayName},ModifyingApplication: C:\Windows\System32\svchost.exe,,,,,,False,C:\Users\VM\Desktop\Firewall.evtx,0x8000020000000000,0,"{""EventData"":{""Data"":[{""@Name"":""RuleId"",""#text"":""{B97309ED-EAF9-422A-AC1D-5AACF456DCDD}""},{""@Name"":""RuleName"",""#text"":""@{Microsoft.BioEnrollment_10.0.19041.3636_neutral__cw5n1h2txyewy?ms-resource://Microsoft.BioEnrollment/Resources/AppDisplayName}""},{""@Name"":""ModifyingUser"",""#text"":""S-1-5-80-3088073201-1464728630-1879813800-1107566885-823218052""},{""@Name"":""ModifyingApplication"",""#text"":""C:\\Windows\\System32\\svchost.exe""}]}}"
496,728,2025-07-28 20:27:39.3347948,2006,Info,Microsoft-Windows-Windows Firewall With Advanced Security,Microsoft-Windows-Windows Firewall With Advanced Security/Firewall,2184,4676,DESKTOP-5A3QN5S,8,S-1-5-19,A rule has been deleted in the Windows Defender Firewall exception list,,,RuleName: @{Microsoft.BioEnrollment_10.0.19041.3636_neutral__cw5n1h2txyewy?ms-resource://Microsoft.BioEnrollment/Resources/AppDisplayName},ModifyingApplication: C:\Windows\System32\svchost.exe,,,,,,False,C:\Users\VM\Desktop\Firewall.evtx,0x8000020000000000,0,"{""EventData"":{""Data"":[{""@Name"":""RuleId"",""#text"":""{7D602D26-0145-491E-B57E-84DA1851522A}""},{""@Name"":""RuleName"",""#text"":""@{Microsoft.BioEnrollment_10.0.19041.3636_neutral__cw5n1h2txyewy?ms-resource://Microsoft.BioEnrollment/Resources/AppDisplayName}""},{""@Name"":""ModifyingUser"",""#text"":""S-1-5-80-3088073201-1464728630-1879813800-1107566885-823218052""},{""@Name"":""ModifyingApplication"",""#text"":""C:\\Windows\\System32\\svchost.exe""}]}}"
497,729,2025-07-28 20:54:35.7438750,2097,Info,Microsoft-Windows-Windows Firewall With Advanced Security,Microsoft-Windows-Windows Firewall With Advanced Security/Firewall,2184,1572,DESKTOP-5A3QN5S,8,S-1-5-19,,,,,,,,,,,False,C:\Users\VM\Desktop\Firewall.evtx,0x8000020000000000,0,"{""EventData"":{""Data"":[{""@Name"":""RuleId"",""#text"":""{7E81DFCA-88C2-48F7-846F-8F5C027BFE55}""},{""@Name"":""RuleName"",""#text"":""Microsoft Edge (mDNS-In)""},{""@Name"":""Origin"",""#text"":""1""},{""@Name"":""ApplicationPath"",""#text"":""C:\\Program Files (x86)\\Microsoft\\EdgeWebView\\Application\\138.0.3351.109\\msedgewebview2.exe""},{""@Name"":""ServiceName""},{""@Name"":""Direction"",""#text"":""1""},{""@Name"":""Protocol"",""#text"":""17""},{""@Name"":""LocalPorts"",""#text"":""5353""},{""@Name"":""RemotePorts"",""#text"":""*""},{""@Name"":""Action"",""#text"":""3""},{""@Name"":""Profiles"",""#text"":""2147483647""},{""@Name"":""LocalAddresses"",""#text"":""*""},{""@Name"":""RemoteAddresses"",""#text"":""*""},{""@Name"":""RemoteMachineAuthorizationList""},{""@Name"":""RemoteUserAuthorizationList""},{""@Name"":""EmbeddedContext"",""#text"":""Microsoft Edge WebView2 Runtime""},{""@Name"":""Flags"",""#text"":""1""},{""@Name"":""Active"",""#text"":""1""},{""@Name"":""EdgeTraversal"",""#text"":""0""},{""@Name"":""LooseSourceMapped"",""#text"":""0""},{""@Name"":""SecurityOptions"",""#text"":""0""},{""@Name"":""ModifyingUser"",""#text"":""S-1-5-18""},{""@Name"":""ModifyingApplication"",""#text"":""C:\\Program Files (x86)\\Microsoft\\EdgeUpdate\\Install\\{BF7E0E8F-C6F5-4705-80FA-E2D4C2753EC1}\\EDGEMITMP_E22F9.tmp\\setup.exe""},{""@Name"":""SchemaVersion"",""#text"":""542""},{""@Name"":""RuleStatus"",""#text"":""65536""},{""@Name"":""LocalOnlyMapped"",""#text"":""0""},{""@Name"":""PolicyAppId""}]}}"
498,730,2025-07-28 21:09:15.9108897,2097,Info,Microsoft-Windows-Windows Firewall With Advanced Security,Microsoft-Windows-Windows Firewall With Advanced Security/Firewall,2184,1844,DESKTOP-5A3QN5S,8,S-1-5-19,,,,,,,,,,,False,C:\Users\VM\Desktop\Firewall.evtx,0x8000020000000000,0,"{""EventData"":{""Data"":[{""@Name"":""RuleId"",""#text"":""{F4F07C7D-A943-4264-BF95-D6D92B0B75DB}""},{""@Name"":""RuleName"",""#text"":""Firefox (C:\\Program Files\\Mozilla Firefox)""},{""@Name"":""Origin"",""#text"":""1""},{""@Name"":""ApplicationPath"",""#text"":""C:\\Program Files\\Mozilla Firefox\\firefox.exe""},{""@Name"":""ServiceName""},{""@Name"":""Direction"",""#text"":""1""},{""@Name"":""Protocol"",""#text"":""6""},{""@Name"":""LocalPorts"",""#text"":""*""},{""@Name"":""RemotePorts"",""#text"":""*""},{""@Name"":""Action"",""#text"":""3""},{""@Name"":""Profiles"",""#text"":""2""},{""@Name"":""LocalAddresses"",""#text"":""*""},{""@Name"":""RemoteAddresses"",""#text"":""*""},{""@Name"":""RemoteMachineAuthorizationList""},{""@Name"":""RemoteUserAuthorizationList""},{""@Name"":""EmbeddedContext""},{""@Name"":""Flags"",""#text"":""1""},{""@Name"":""Active"",""#text"":""1""},{""@Name"":""EdgeTraversal"",""#text"":""0""},{""@Name"":""LooseSourceMapped"",""#text"":""0""},{""@Name"":""SecurityOptions"",""#text"":""0""},{""@Name"":""ModifyingUser"",""#text"":""S-1-5-21-3151804214-3226339955-2188200191-1001""},{""@Name"":""ModifyingApplication"",""#text"":""C:\\Users\\VM\\AppData\\Local\\Temp\\7zS4E7437A3\\setup.exe""},{""@Name"":""SchemaVersion"",""#text"":""542""},{""@Name"":""RuleStatus"",""#text"":""65536""},{""@Name"":""LocalOnlyMapped"",""#text"":""0""},{""@Name"":""PolicyAppId""}]}}"
499,731,2025-07-28 21:09:15.9189935,2097,Info,Microsoft-Windows-Windows Firewall With Advanced Security,Microsoft-Windows-Windows Firewall With Advanced Security/Firewall,2184,580,DESKTOP-5A3QN5S,8,S-1-5-19,,,,,,,,,,,False,C:\Users\VM\Desktop\Firewall.evtx,0x8000020000000000,0,"{""EventData"":{""Data"":[{""@Name"":""RuleId"",""#text"":""{4B09947A-3F4F-423C-A5E7-3C368C0BF216}""},{""@Name"":""RuleName"",""#text"":""Firefox (C:\\Program Files\\Mozilla Firefox)""},{""@Name"":""Origin"",""#text"":""1""},{""@Name"":""ApplicationPath"",""#text"":""C:\\Program Files\\Mozilla Firefox\\firefox.exe""},{""@Name"":""ServiceName""},{""@Name"":""Direction"",""#text"":""1""},{""@Name"":""Protocol"",""#text"":""17""},{""@Name"":""LocalPorts"",""#text"":""*""},{""@Name"":""RemotePorts"",""#text"":""*""},{""@Name"":""Action"",""#text"":""3""},{""@Name"":""Profiles"",""#text"":""2""},{""@Name"":""LocalAddresses"",""#text"":""*""},{""@Name"":""RemoteAddresses"",""#text"":""*""},{""@Name"":""RemoteMachineAuthorizationList""},{""@Name"":""RemoteUserAuthorizationList""},{""@Name"":""EmbeddedContext""},{""@Name"":""Flags"",""#text"":""1""},{""@Name"":""Active"",""#text"":""1""},{""@Name"":""EdgeTraversal"",""#text"":""0""},{""@Name"":""LooseSourceMapped"",""#text"":""0""},{""@Name"":""SecurityOptions"",""#text"":""0""},{""@Name"":""ModifyingUser"",""#text"":""S-1-5-21-3151804214-3226339955-2188200191-1001""},{""@Name"":""ModifyingApplication"",""#text"":""C:\\Users\\VM\\AppData\\Local\\Temp\\7zS4E7437A3\\setup.exe""},{""@Name"":""SchemaVersion"",""#text"":""542""},{""@Name"":""RuleStatus"",""#text"":""65536""},{""@Name"":""LocalOnlyMapped"",""#text"":""0""},{""@Name"":""PolicyAppId""}]}}"
500,732,2025-07-29 06:29:38.9717377,2033,Info,Microsoft-Windows-Windows Firewall With Advanced Security,Microsoft-Windows-Windows Firewall With Advanced Security/Firewall,1608,2132,DESKTOP-5A3QN5S,8,S-1-5-19,,,,,,,,,,,False,C:\Users\VM\Desktop\Firewall.evtx,Classic,0,"{""EventData"":{""Data"":[{""@Name"":""Store Type"",""#text"":""12""},{""@Name"":""ModifyingUser"",""#text"":""S-1-5-80-3088073201-1464728630-1879813800-1107566885-823218052""},{""@Name"":""ModifyingApplication"",""#text"":""C:\\Windows\\System32\\svchost.exe""}]}}"
501,733,2025-07-29 06:29:38.9717621,2051,Info,Microsoft-Windows-Windows Firewall With Advanced Security,Microsoft-Windows-Windows Firewall With Advanced Security/Firewall,1608,2132,DESKTOP-5A3QN5S,8,S-1-5-19,,,,,,,,,,,False,C:\Users\VM\Desktop\Firewall.evtx,Classic,0,"{""EventData"":{""Data"":[{""@Name"":""ErrorCode"",""#text"":""0""},{""@Name"":""PolicyChange"",""#text"":""0""}]}}"
502,734,2025-07-29 06:29:39.0106020,2010,Info,Microsoft-Windows-Windows Firewall With Advanced Security,Microsoft-Windows-Windows Firewall With Advanced Security/Firewall,1608,2112,DESKTOP-5A3QN5S,8,S-1-5-19,,,,,,,,,,,False,C:\Users\VM\Desktop\Firewall.evtx,Classic,0,"{""EventData"":{""Data"":[{""@Name"":""InterfaceGuid"",""#text"":""b2c2c543-dbc8-47fa-a104-e1204cbcf0ab""},{""@Name"":""InterfaceName"",""#text"":""ethernet_32769""},{""@Name"":""OldProfile"",""#text"":""2147483649""},{""@Name"":""NewProfile"",""#text"":""4""}]}}"
503,735,2025-07-29 06:38:47.0362881,2033,Info,Microsoft-Windows-Windows Firewall With Advanced Security,Microsoft-Windows-Windows Firewall With Advanced Security/Firewall,1304,2324,DESKTOP-5A3QN5S,8,S-1-5-19,,,,,,,,,,,False,C:\Users\VM\Desktop\Firewall.evtx,Classic,0,"{""EventData"":{""Data"":[{""@Name"":""Store Type"",""#text"":""12""},{""@Name"":""ModifyingUser"",""#text"":""S-1-5-80-3088073201-1464728630-1879813800-1107566885-823218052""},{""@Name"":""ModifyingApplication"",""#text"":""C:\\Windows\\System32\\svchost.exe""}]}}"
504,736,2025-07-29 06:38:47.0363184,2051,Info,Microsoft-Windows-Windows Firewall With Advanced Security,Microsoft-Windows-Windows Firewall With Advanced Security/Firewall,1304,2324,DESKTOP-5A3QN5S,8,S-1-5-19,,,,,,,,,,,False,C:\Users\VM\Desktop\Firewall.evtx,Classic,0,"{""EventData"":{""Data"":[{""@Name"":""ErrorCode"",""#text"":""0""},{""@Name"":""PolicyChange"",""#text"":""0""}]}}"
505,737,2025-07-29 06:38:47.0629907,2010,Info,Microsoft-Windows-Windows Firewall With Advanced Security,Microsoft-Windows-Windows Firewall With Advanced Security/Firewall,1304,2304,DESKTOP-5A3QN5S,8,S-1-5-19,,,,,,,,,,,False,C:\Users\VM\Desktop\Firewall.evtx,Classic,0,"{""EventData"":{""Data"":[{""@Name"":""InterfaceGuid"",""#text"":""b2c2c543-dbc8-47fa-a104-e1204cbcf0ab""},{""@Name"":""InterfaceName"",""#text"":""ethernet_32769""},{""@Name"":""OldProfile"",""#text"":""2147483649""},{""@Name"":""NewProfile"",""#text"":""4""}]}}"
506,738,2025-07-29 06:49:52.7622231,2006,Info,Microsoft-Windows-Windows Firewall With Advanced Security,Microsoft-Windows-Windows Firewall With Advanced Security/Firewall,1304,5868,DESKTOP-5A3QN5S,8,S-1-5-19,A rule has been deleted in the Windows Defender Firewall exception list,,,RuleName: Inbound service restriction rule for WinDefend,ModifyingApplication: C:\Program Files\Windows Defender\MsMpEng.exe,,,,,,False,C:\Users\VM\Desktop\Firewall.evtx,0x8000020000000000,0,"{""EventData"":{""Data"":[{""@Name"":""RuleId"",""#text"":""b259b7b2-ade6-4f36-96c0-b1e60c6758da""},{""@Name"":""RuleName"",""#text"":""Inbound service restriction rule for WinDefend""},{""@Name"":""ModifyingUser"",""#text"":""S-1-5-18""},{""@Name"":""ModifyingApplication"",""#text"":""C:\\Program Files\\Windows Defender\\MsMpEng.exe""}]}}"
507,739,2025-07-29 06:49:52.7882571,2006,Info,Microsoft-Windows-Windows Firewall With Advanced Security,Microsoft-Windows-Windows Firewall With Advanced Security/Firewall,1304,5868,DESKTOP-5A3QN5S,8,S-1-5-19,A rule has been deleted in the Windows Defender Firewall exception list,,,RuleName: Outbound service restriction rule for WinDefend,ModifyingApplication: C:\Program Files\Windows Defender\MsMpEng.exe,,,,,,False,C:\Users\VM\Desktop\Firewall.evtx,0x8000020000000000,0,"{""EventData"":{""Data"":[{""@Name"":""RuleId"",""#text"":""48ef872a-d827-4254-84e3-fc78aec14717""},{""@Name"":""RuleName"",""#text"":""Outbound service restriction rule for WinDefend""},{""@Name"":""ModifyingUser"",""#text"":""S-1-5-18""},{""@Name"":""ModifyingApplication"",""#text"":""C:\\Program Files\\Windows Defender\\MsMpEng.exe""}]}}"
508,740,2025-07-29 06:49:52.7952905,2097,Info,Microsoft-Windows-Windows Firewall With Advanced Security,Microsoft-Windows-Windows Firewall With Advanced Security/Firewall,1304,3116,DESKTOP-5A3QN5S,9,S-1-5-19,,,,,,,,,,,False,C:\Users\VM\Desktop\Firewall.evtx,0x8000020000000000,0,"{""EventData"":{""Data"":[{""@Name"":""RuleId"",""#text"":""b1df908c-1c16-45eb-b868-42cc12ddaeb8""},{""@Name"":""RuleName"",""#text"":""Inbound service restriction rule for WinDefend""},{""@Name"":""Origin"",""#text"":""1""},{""@Name"":""ApplicationPath"",""#text"":""C:\\ProgramData\\Microsoft\\Windows Defender\\platform\\4.18.25060.7-0\\MsMpEng.exe""},{""@Name"":""ServiceName"",""#text"":""WinDefend""},{""@Name"":""Direction"",""#text"":""1""},{""@Name"":""Protocol"",""#text"":""256""},{""@Name"":""LocalPorts""},{""@Name"":""RemotePorts""},{""@Name"":""Action"",""#text"":""2""},{""@Name"":""Profiles"",""#text"":""2147483647""},{""@Name"":""LocalAddresses"",""#text"":""*""},{""@Name"":""RemoteAddresses"",""#text"":""*""},{""@Name"":""RemoteMachineAuthorizationList""},{""@Name"":""RemoteUserAuthorizationList""},{""@Name"":""EmbeddedContext""},{""@Name"":""Flags"",""#text"":""1""},{""@Name"":""Active"",""#text"":""1""},{""@Name"":""EdgeTraversal"",""#text"":""0""},{""@Name"":""LooseSourceMapped"",""#text"":""0""},{""@Name"":""SecurityOptions"",""#text"":""0""},{""@Name"":""ModifyingUser"",""#text"":""S-1-5-18""},{""@Name"":""ModifyingApplication"",""#text"":""C:\\Program Files\\Windows Defender\\MsMpEng.exe""},{""@Name"":""SchemaVersion"",""#text"":""542""},{""@Name"":""RuleStatus"",""#text"":""65536""},{""@Name"":""LocalOnlyMapped"",""#text"":""0""},{""@Name"":""PolicyAppId""}]}}"
509,741,2025-07-29 06:49:52.7990700,2097,Info,Microsoft-Windows-Windows Firewall With Advanced Security,Microsoft-Windows-Windows Firewall With Advanced Security/Firewall,1304,2280,DESKTOP-5A3QN5S,9,S-1-5-19,,,,,,,,,,,False,C:\Users\VM\Desktop\Firewall.evtx,0x8000020000000000,0,"{""EventData"":{""Data"":[{""@Name"":""RuleId"",""#text"":""e4b5435b-662e-4d1a-b7b3-702651ed4c11""},{""@Name"":""RuleName"",""#text"":""Outbound service restriction rule for WinDefend""},{""@Name"":""Origin"",""#text"":""1""},{""@Name"":""ApplicationPath"",""#text"":""C:\\ProgramData\\Microsoft\\Windows Defender\\platform\\4.18.25060.7-0\\MsMpEng.exe""},{""@Name"":""ServiceName"",""#text"":""WinDefend""},{""@Name"":""Direction"",""#text"":""2""},{""@Name"":""Protocol"",""#text"":""256""},{""@Name"":""LocalPorts""},{""@Name"":""RemotePorts""},{""@Name"":""Action"",""#text"":""2""},{""@Name"":""Profiles"",""#text"":""2147483647""},{""@Name"":""LocalAddresses"",""#text"":""*""},{""@Name"":""RemoteAddresses"",""#text"":""*""},{""@Name"":""RemoteMachineAuthorizationList""},{""@Name"":""RemoteUserAuthorizationList""},{""@Name"":""EmbeddedContext""},{""@Name"":""Flags"",""#text"":""1""},{""@Name"":""Active"",""#text"":""1""},{""@Name"":""EdgeTraversal"",""#text"":""0""},{""@Name"":""LooseSourceMapped"",""#text"":""0""},{""@Name"":""SecurityOptions"",""#text"":""0""},{""@Name"":""ModifyingUser"",""#text"":""S-1-5-18""},{""@Name"":""ModifyingApplication"",""#text"":""C:\\Program Files\\Windows Defender\\MsMpEng.exe""},{""@Name"":""SchemaVersion"",""#text"":""542""},{""@Name"":""RuleStatus"",""#text"":""65536""},{""@Name"":""LocalOnlyMapped"",""#text"":""0""},{""@Name"":""PolicyAppId""}]}}"
510,742,2025-07-29 06:49:52.8044460,2006,Info,Microsoft-Windows-Windows Firewall With Advanced Security,Microsoft-Windows-Windows Firewall With Advanced Security/Firewall,1304,2280,DESKTOP-5A3QN5S,9,S-1-5-19,A rule has been deleted in the Windows Defender Firewall exception list,,,RuleName: WinDefend Outbound for TCP,ModifyingApplication: C:\Program Files\Windows Defender\MsMpEng.exe,,,,,,False,C:\Users\VM\Desktop\Firewall.evtx,0x8000020000000000,0,"{""EventData"":{""Data"":[{""@Name"":""RuleId"",""#text"":""{EDDCF7A7-BCAC-4F08-B0DC-52E339D1AFCD}""},{""@Name"":""RuleName"",""#text"":""WinDefend Outbound for TCP""},{""@Name"":""ModifyingUser"",""#text"":""S-1-5-18""},{""@Name"":""ModifyingApplication"",""#text"":""C:\\Program Files\\Windows Defender\\MsMpEng.exe""}]}}"
511,743,2025-07-29 06:49:52.8235193,2097,Info,Microsoft-Windows-Windows Firewall With Advanced Security,Microsoft-Windows-Windows Firewall With Advanced Security/Firewall,1304,2280,DESKTOP-5A3QN5S,9,S-1-5-19,,,,,,,,,,,False,C:\Users\VM\Desktop\Firewall.evtx,0x8000020000000000,0,"{""EventData"":{""Data"":[{""@Name"":""RuleId"",""#text"":""{4BE26F99-EF55-47C7-88EA-4AC19DA92B90}""},{""@Name"":""RuleName"",""#text"":""WinDefend Outbound for TCP""},{""@Name"":""Origin"",""#text"":""1""},{""@Name"":""ApplicationPath"",""#text"":""C:\\ProgramData\\Microsoft\\Windows Defender\\platform\\4.18.25060.7-0\\MsMpEng.exe""},{""@Name"":""ServiceName"",""#text"":""WinDefend""},{""@Name"":""Direction"",""#text"":""2""},{""@Name"":""Protocol"",""#text"":""6""},{""@Name"":""LocalPorts"",""#text"":""*""},{""@Name"":""RemotePorts"",""#text"":""*""},{""@Name"":""Action"",""#text"":""3""},{""@Name"":""Profiles"",""#text"":""2147483647""},{""@Name"":""LocalAddresses"",""#text"":""*""},{""@Name"":""RemoteAddresses"",""#text"":""*""},{""@Name"":""RemoteMachineAuthorizationList""},{""@Name"":""RemoteUserAuthorizationList""},{""@Name"":""EmbeddedContext""},{""@Name"":""Flags"",""#text"":""1""},{""@Name"":""Active"",""#text"":""1""},{""@Name"":""EdgeTraversal"",""#text"":""0""},{""@Name"":""LooseSourceMapped"",""#text"":""0""},{""@Name"":""SecurityOptions"",""#text"":""0""},{""@Name"":""ModifyingUser"",""#text"":""S-1-5-18""},{""@Name"":""ModifyingApplication"",""#text"":""C:\\Program Files\\Windows Defender\\MsMpEng.exe""},{""@Name"":""SchemaVersion"",""#text"":""542""},{""@Name"":""RuleStatus"",""#text"":""65536""},{""@Name"":""LocalOnlyMapped"",""#text"":""0""},{""@Name"":""PolicyAppId""}]}}"
512,744,2025-07-29 07:09:40.1814561,2033,Info,Microsoft-Windows-Windows Firewall With Advanced Security,Microsoft-Windows-Windows Firewall With Advanced Security/Firewall,1804,2180,DESKTOP-5A3QN5S,9,S-1-5-19,,,,,,,,,,,False,C:\Users\VM\Desktop\Firewall.evtx,Classic,0,"{""EventData"":{""Data"":[{""@Name"":""Store Type"",""#text"":""12""},{""@Name"":""ModifyingUser"",""#text"":""S-1-5-80-3088073201-1464728630-1879813800-1107566885-823218052""},{""@Name"":""ModifyingApplication"",""#text"":""C:\\Windows\\System32\\svchost.exe""}]}}"
513,745,2025-07-29 07:09:40.1814872,2051,Info,Microsoft-Windows-Windows Firewall With Advanced Security,Microsoft-Windows-Windows Firewall With Advanced Security/Firewall,1804,2180,DESKTOP-5A3QN5S,9,S-1-5-19,,,,,,,,,,,False,C:\Users\VM\Desktop\Firewall.evtx,Classic,0,"{""EventData"":{""Data"":[{""@Name"":""ErrorCode"",""#text"":""0""},{""@Name"":""PolicyChange"",""#text"":""0""}]}}"
514,746,2025-07-29 07:09:40.2273357,2010,Info,Microsoft-Windows-Windows Firewall With Advanced Security,Microsoft-Windows-Windows Firewall With Advanced Security/Firewall,1804,2596,DESKTOP-5A3QN5S,9,S-1-5-19,,,,,,,,,,,False,C:\Users\VM\Desktop\Firewall.evtx,Classic,0,"{""EventData"":{""Data"":[{""@Name"":""InterfaceGuid"",""#text"":""b2c2c543-dbc8-47fa-a104-e1204cbcf0ab""},{""@Name"":""InterfaceName"",""#text"":""ethernet_32769""},{""@Name"":""OldProfile"",""#text"":""2147483649""},{""@Name"":""NewProfile"",""#text"":""4""}]}}"
515,747,2025-07-28 22:14:54.1576877,2033,Info,Microsoft-Windows-Windows Firewall With Advanced Security,Microsoft-Windows-Windows Firewall With Advanced Security/Firewall,2124,2260,DESKTOP-5A3QN5S,9,S-1-5-19,,,,,,,,,,,False,C:\Users\VM\Desktop\Firewall.evtx,Classic,0,"{""EventData"":{""Data"":[{""@Name"":""Store Type"",""#text"":""12""},{""@Name"":""ModifyingUser"",""#text"":""S-1-5-80-3088073201-1464728630-1879813800-1107566885-823218052""},{""@Name"":""ModifyingApplication"",""#text"":""C:\\Windows\\System32\\svchost.exe""}]}}"
516,748,2025-07-28 22:14:54.1577064,2051,Info,Microsoft-Windows-Windows Firewall With Advanced Security,Microsoft-Windows-Windows Firewall With Advanced Security/Firewall,2124,2260,DESKTOP-5A3QN5S,9,S-1-5-19,,,,,,,,,,,False,C:\Users\VM\Desktop\Firewall.evtx,Classic,0,"{""EventData"":{""Data"":[{""@Name"":""ErrorCode"",""#text"":""0""},{""@Name"":""PolicyChange"",""#text"":""0""}]}}"
517,749,2025-07-28 22:14:54.1942379,2010,Info,Microsoft-Windows-Windows Firewall With Advanced Security,Microsoft-Windows-Windows Firewall With Advanced Security/Firewall,2124,2652,DESKTOP-5A3QN5S,9,S-1-5-19,,,,,,,,,,,False,C:\Users\VM\Desktop\Firewall.evtx,Classic,0,"{""EventData"":{""Data"":[{""@Name"":""InterfaceGuid"",""#text"":""b2c2c543-dbc8-47fa-a104-e1204cbcf0ab""},{""@Name"":""InterfaceName"",""#text"":""ethernet_32769""},{""@Name"":""OldProfile"",""#text"":""2147483649""},{""@Name"":""NewProfile"",""#text"":""4""}]}}"
518,750,2025-07-29 07:19:10.6237418,2033,Info,Microsoft-Windows-Windows Firewall With Advanced Security,Microsoft-Windows-Windows Firewall With Advanced Security/Firewall,1820,1668,DESKTOP-5A3QN5S,9,S-1-5-19,,,,,,,,,,,False,C:\Users\VM\Desktop\Firewall.evtx,Classic,0,"{""EventData"":{""Data"":[{""@Name"":""Store Type"",""#text"":""12""},{""@Name"":""ModifyingUser"",""#text"":""S-1-5-80-3088073201-1464728630-1879813800-1107566885-823218052""},{""@Name"":""ModifyingApplication"",""#text"":""C:\\Windows\\System32\\svchost.exe""}]}}"
519,751,2025-07-29 07:19:10.6243144,2051,Info,Microsoft-Windows-Windows Firewall With Advanced Security,Microsoft-Windows-Windows Firewall With Advanced Security/Firewall,1820,1668,DESKTOP-5A3QN5S,9,S-1-5-19,,,,,,,,,,,False,C:\Users\VM\Desktop\Firewall.evtx,Classic,0,"{""EventData"":{""Data"":[{""@Name"":""ErrorCode"",""#text"":""0""},{""@Name"":""PolicyChange"",""#text"":""0""}]}}"
520,752,2025-07-29 07:19:10.6832007,2010,Info,Microsoft-Windows-Windows Firewall With Advanced Security,Microsoft-Windows-Windows Firewall With Advanced Security/Firewall,1820,2556,DESKTOP-5A3QN5S,9,S-1-5-19,,,,,,,,,,,False,C:\Users\VM\Desktop\Firewall.evtx,Classic,0,"{""EventData"":{""Data"":[{""@Name"":""InterfaceGuid"",""#text"":""b2c2c543-dbc8-47fa-a104-e1204cbcf0ab""},{""@Name"":""InterfaceName"",""#text"":""ethernet_32769""},{""@Name"":""OldProfile"",""#text"":""2147483649""},{""@Name"":""NewProfile"",""#text"":""4""}]}}"
521,753,2025-07-29 07:19:51.2010836,2033,Info,Microsoft-Windows-Windows Firewall With Advanced Security,Microsoft-Windows-Windows Firewall With Advanced Security/Firewall,1988,2176,DESKTOP-5A3QN5S,9,S-1-5-19,,,,,,,,,,,False,C:\Users\VM\Desktop\Firewall.evtx,Classic,0,"{""EventData"":{""Data"":[{""@Name"":""Store Type"",""#text"":""12""},{""@Name"":""ModifyingUser"",""#text"":""S-1-5-80-3088073201-1464728630-1879813800-1107566885-823218052""},{""@Name"":""ModifyingApplication"",""#text"":""C:\\Windows\\System32\\svchost.exe""}]}}"
522,754,2025-07-29 07:19:51.2011182,2051,Info,Microsoft-Windows-Windows Firewall With Advanced Security,Microsoft-Windows-Windows Firewall With Advanced Security/Firewall,1988,2176,DESKTOP-5A3QN5S,9,S-1-5-19,,,,,,,,,,,False,C:\Users\VM\Desktop\Firewall.evtx,Classic,0,"{""EventData"":{""Data"":[{""@Name"":""ErrorCode"",""#text"":""0""},{""@Name"":""PolicyChange"",""#text"":""0""}]}}"
523,755,2025-07-29 07:19:51.4025071,2010,Info,Microsoft-Windows-Windows Firewall With Advanced Security,Microsoft-Windows-Windows Firewall With Advanced Security/Firewall,1988,836,DESKTOP-5A3QN5S,9,S-1-5-19,,,,,,,,,,,False,C:\Users\VM\Desktop\Firewall.evtx,Classic,0,"{""EventData"":{""Data"":[{""@Name"":""InterfaceGuid"",""#text"":""b2c2c543-dbc8-47fa-a104-e1204cbcf0ab""},{""@Name"":""InterfaceName"",""#text"":""ethernet_32769""},{""@Name"":""OldProfile"",""#text"":""2147483649""},{""@Name"":""NewProfile"",""#text"":""4""}]}}"
524,756,2025-07-29 07:20:55.2816732,2097,Info,Microsoft-Windows-Windows Firewall With Advanced Security,Microsoft-Windows-Windows Firewall With Advanced Security/Firewall,1988,2148,DESKTOP-5A3QN5S,9,S-1-5-19,,,,,,,,,,,False,C:\Users\VM\Desktop\Firewall.evtx,0x8000020000000000,0,"{""EventData"":{""Data"":[{""@Name"":""RuleId"",""#text"":""{522C08D2-419F-4DC1-A1AB-6AA2F0FBE896}""},{""@Name"":""RuleName"",""#text"":""ms-resource:ProductPkgDisplayName""},{""@Name"":""Origin"",""#text"":""1""},{""@Name"":""ApplicationPath"",""#text"":""C:\\Windows\\SystemApps\\MicrosoftWindows.Client.CBS_cw5n1h2txyewy\\WindowsBackupClient.exe""},{""@Name"":""ServiceName""},{""@Name"":""Direction"",""#text"":""1""},{""@Name"":""Protocol"",""#text"":""6""},{""@Name"":""LocalPorts"",""#text"":""7000""},{""@Name"":""RemotePorts"",""#text"":""*""},{""@Name"":""Action"",""#text"":""3""},{""@Name"":""Profiles"",""#text"":""4""},{""@Name"":""LocalAddresses"",""#text"":""*""},{""@Name"":""RemoteAddresses"",""#text"":""*""},{""@Name"":""RemoteMachineAuthorizationList""},{""@Name"":""RemoteUserAuthorizationList""},{""@Name"":""EmbeddedContext"",""#text"":""{78E1CD88-49E3-476E-B926-580E596AD309}""},{""@Name"":""Flags"",""#text"":""1""},{""@Name"":""Active"",""#text"":""1""},{""@Name"":""EdgeTraversal"",""#text"":""0""},{""@Name"":""LooseSourceMapped"",""#text"":""0""},{""@Name"":""SecurityOptions"",""#text"":""0""},{""@Name"":""ModifyingUser"",""#text"":""S-1-5-18""},{""@Name"":""ModifyingApplication"",""#text"":""C:\\Windows\\System32\\svchost.exe""},{""@Name"":""SchemaVersion"",""#text"":""542""},{""@Name"":""RuleStatus"",""#text"":""65536""},{""@Name"":""LocalOnlyMapped"",""#text"":""0""},{""@Name"":""PolicyAppId""}]}}"
525,757,2025-07-29 07:20:55.2890847,2097,Info,Microsoft-Windows-Windows Firewall With Advanced Security,Microsoft-Windows-Windows Firewall With Advanced Security/Firewall,1988,2148,DESKTOP-5A3QN5S,9,S-1-5-19,,,,,,,,,,,False,C:\Users\VM\Desktop\Firewall.evtx,0x8000020000000000,0,"{""EventData"":{""Data"":[{""@Name"":""RuleId"",""#text"":""{908049CA-3F26-4A1C-9B0E-6F83F8B66D9A}""},{""@Name"":""RuleName"",""#text"":""ms-resource:ProductPkgDisplayName""},{""@Name"":""Origin"",""#text"":""1""},{""@Name"":""ApplicationPath"",""#text"":""C:\\Windows\\SystemApps\\MicrosoftWindows.Client.CBS_cw5n1h2txyewy\\WindowsBackupClient.exe""},{""@Name"":""ServiceName""},{""@Name"":""Direction"",""#text"":""1""},{""@Name"":""Protocol"",""#text"":""6""},{""@Name"":""LocalPorts"",""#text"":""7000""},{""@Name"":""RemotePorts"",""#text"":""*""},{""@Name"":""Action"",""#text"":""3""},{""@Name"":""Profiles"",""#text"":""2""},{""@Name"":""LocalAddresses"",""#text"":""*""},{""@Name"":""RemoteAddresses"",""#text"":""*""},{""@Name"":""RemoteMachineAuthorizationList""},{""@Name"":""RemoteUserAuthorizationList""},{""@Name"":""EmbeddedContext"",""#text"":""{78E1CD88-49E3-476E-B926-580E596AD309}""},{""@Name"":""Flags"",""#text"":""1""},{""@Name"":""Active"",""#text"":""1""},{""@Name"":""EdgeTraversal"",""#text"":""0""},{""@Name"":""LooseSourceMapped"",""#text"":""0""},{""@Name"":""SecurityOptions"",""#text"":""0""},{""@Name"":""ModifyingUser"",""#text"":""S-1-5-18""},{""@Name"":""ModifyingApplication"",""#text"":""C:\\Windows\\System32\\svchost.exe""},{""@Name"":""SchemaVersion"",""#text"":""542""},{""@Name"":""RuleStatus"",""#text"":""65536""},{""@Name"":""LocalOnlyMapped"",""#text"":""0""},{""@Name"":""PolicyAppId""}]}}"
526,758,2025-07-29 07:20:55.2995724,2097,Info,Microsoft-Windows-Windows Firewall With Advanced Security,Microsoft-Windows-Windows Firewall With Advanced Security/Firewall,1988,2148,DESKTOP-5A3QN5S,9,S-1-5-19,,,,,,,,,,,False,C:\Users\VM\Desktop\Firewall.evtx,0x8000020000000000,0,"{""EventData"":{""Data"":[{""@Name"":""RuleId"",""#text"":""{A3799FA9-EE5D-41B2-B148-D29EF39A0705}""},{""@Name"":""RuleName"",""#text"":""ms-resource:ProductPkgDisplayName""},{""@Name"":""Origin"",""#text"":""1""},{""@Name"":""ApplicationPath"",""#text"":""C:\\Windows\\SystemApps\\MicrosoftWindows.Client.CBS_cw5n1h2txyewy\\WindowsBackupClient.exe""},{""@Name"":""ServiceName""},{""@Name"":""Direction"",""#text"":""1""},{""@Name"":""Protocol"",""#text"":""17""},{""@Name"":""LocalPorts"",""#text"":""7000""},{""@Name"":""RemotePorts"",""#text"":""*""},{""@Name"":""Action"",""#text"":""3""},{""@Name"":""Profiles"",""#text"":""4""},{""@Name"":""LocalAddresses"",""#text"":""*""},{""@Name"":""RemoteAddresses"",""#text"":""*""},{""@Name"":""RemoteMachineAuthorizationList""},{""@Name"":""RemoteUserAuthorizationList""},{""@Name"":""EmbeddedContext"",""#text"":""{78E1CD88-49E3-476E-B926-580E596AD309}""},{""@Name"":""Flags"",""#text"":""1""},{""@Name"":""Active"",""#text"":""1""},{""@Name"":""EdgeTraversal"",""#text"":""0""},{""@Name"":""LooseSourceMapped"",""#text"":""0""},{""@Name"":""SecurityOptions"",""#text"":""0""},{""@Name"":""ModifyingUser"",""#text"":""S-1-5-18""},{""@Name"":""ModifyingApplication"",""#text"":""C:\\Windows\\System32\\svchost.exe""},{""@Name"":""SchemaVersion"",""#text"":""542""},{""@Name"":""RuleStatus"",""#text"":""65536""},{""@Name"":""LocalOnlyMapped"",""#text"":""0""},{""@Name"":""PolicyAppId""}]}}"
527,759,2025-07-29 07:20:55.3050083,2097,Info,Microsoft-Windows-Windows Firewall With Advanced Security,Microsoft-Windows-Windows Firewall With Advanced Security/Firewall,1988,2148,DESKTOP-5A3QN5S,9,S-1-5-19,,,,,,,,,,,False,C:\Users\VM\Desktop\Firewall.evtx,0x8000020000000000,0,"{""EventData"":{""Data"":[{""@Name"":""RuleId"",""#text"":""{3884FB54-F65A-4E19-8283-1E44AC073CDE}""},{""@Name"":""RuleName"",""#text"":""ms-resource:ProductPkgDisplayName""},{""@Name"":""Origin"",""#text"":""1""},{""@Name"":""ApplicationPath"",""#text"":""C:\\Windows\\SystemApps\\MicrosoftWindows.Client.CBS_cw5n1h2txyewy\\WindowsBackupClient.exe""},{""@Name"":""ServiceName""},{""@Name"":""Direction"",""#text"":""1""},{""@Name"":""Protocol"",""#text"":""17""},{""@Name"":""LocalPorts"",""#text"":""7000""},{""@Name"":""RemotePorts"",""#text"":""*""},{""@Name"":""Action"",""#text"":""3""},{""@Name"":""Profiles"",""#text"":""2""},{""@Name"":""LocalAddresses"",""#text"":""*""},{""@Name"":""RemoteAddresses"",""#text"":""*""},{""@Name"":""RemoteMachineAuthorizationList""},{""@Name"":""RemoteUserAuthorizationList""},{""@Name"":""EmbeddedContext"",""#text"":""{78E1CD88-49E3-476E-B926-580E596AD309}""},{""@Name"":""Flags"",""#text"":""1""},{""@Name"":""Active"",""#text"":""1""},{""@Name"":""EdgeTraversal"",""#text"":""0""},{""@Name"":""LooseSourceMapped"",""#text"":""0""},{""@Name"":""SecurityOptions"",""#text"":""0""},{""@Name"":""ModifyingUser"",""#text"":""S-1-5-18""},{""@Name"":""ModifyingApplication"",""#text"":""C:\\Windows\\System32\\svchost.exe""},{""@Name"":""SchemaVersion"",""#text"":""542""},{""@Name"":""RuleStatus"",""#text"":""65536""},{""@Name"":""LocalOnlyMapped"",""#text"":""0""},{""@Name"":""PolicyAppId""}]}}"
528,760,2025-07-29 07:20:55.3088153,2097,Info,Microsoft-Windows-Windows Firewall With Advanced Security,Microsoft-Windows-Windows Firewall With Advanced Security/Firewall,1988,2148,DESKTOP-5A3QN5S,9,S-1-5-19,,,,,,,,,,,False,C:\Users\VM\Desktop\Firewall.evtx,0x8000020000000000,0,"{""EventData"":{""Data"":[{""@Name"":""RuleId"",""#text"":""{E70B0136-AC9E-444E-A24A-36AC125C97E0}""},{""@Name"":""RuleName"",""#text"":""ms-resource:ProductPkgDisplayName""},{""@Name"":""Origin"",""#text"":""1""},{""@Name"":""ApplicationPath"",""#text"":""C:\\Windows\\SystemApps\\MicrosoftWindows.Client.CBS_cw5n1h2txyewy\\WindowsBackupClient.exe""},{""@Name"":""ServiceName""},{""@Name"":""Direction"",""#text"":""2""},{""@Name"":""Protocol"",""#text"":""6""},{""@Name"":""LocalPorts"",""#text"":""7000""},{""@Name"":""RemotePorts"",""#text"":""*""},{""@Name"":""Action"",""#text"":""3""},{""@Name"":""Profiles"",""#text"":""4""},{""@Name"":""LocalAddresses"",""#text"":""*""},{""@Name"":""RemoteAddresses"",""#text"":""*""},{""@Name"":""RemoteMachineAuthorizationList""},{""@Name"":""RemoteUserAuthorizationList""},{""@Name"":""EmbeddedContext"",""#text"":""{78E1CD88-49E3-476E-B926-580E596AD309}""},{""@Name"":""Flags"",""#text"":""1""},{""@Name"":""Active"",""#text"":""1""},{""@Name"":""EdgeTraversal"",""#text"":""0""},{""@Name"":""LooseSourceMapped"",""#text"":""0""},{""@Name"":""SecurityOptions"",""#text"":""0""},{""@Name"":""ModifyingUser"",""#text"":""S-1-5-18""},{""@Name"":""ModifyingApplication"",""#text"":""C:\\Windows\\System32\\svchost.exe""},{""@Name"":""SchemaVersion"",""#text"":""542""},{""@Name"":""RuleStatus"",""#text"":""65536""},{""@Name"":""LocalOnlyMapped"",""#text"":""0""},{""@Name"":""PolicyAppId""}]}}"
529,761,2025-07-29 07:20:55.3127572,2097,Info,Microsoft-Windows-Windows Firewall With Advanced Security,Microsoft-Windows-Windows Firewall With Advanced Security/Firewall,1988,2148,DESKTOP-5A3QN5S,9,S-1-5-19,,,,,,,,,,,False,C:\Users\VM\Desktop\Firewall.evtx,0x8000020000000000,0,"{""EventData"":{""Data"":[{""@Name"":""RuleId"",""#text"":""{B372518B-4098-4983-AADA-F428D14931FC}""},{""@Name"":""RuleName"",""#text"":""ms-resource:ProductPkgDisplayName""},{""@Name"":""Origin"",""#text"":""1""},{""@Name"":""ApplicationPath"",""#text"":""C:\\Windows\\SystemApps\\MicrosoftWindows.Client.CBS_cw5n1h2txyewy\\WindowsBackupClient.exe""},{""@Name"":""ServiceName""},{""@Name"":""Direction"",""#text"":""2""},{""@Name"":""Protocol"",""#text"":""6""},{""@Name"":""LocalPorts"",""#text"":""7000""},{""@Name"":""RemotePorts"",""#text"":""*""},{""@Name"":""Action"",""#text"":""3""},{""@Name"":""Profiles"",""#text"":""2""},{""@Name"":""LocalAddresses"",""#text"":""*""},{""@Name"":""RemoteAddresses"",""#text"":""*""},{""@Name"":""RemoteMachineAuthorizationList""},{""@Name"":""RemoteUserAuthorizationList""},{""@Name"":""EmbeddedContext"",""#text"":""{78E1CD88-49E3-476E-B926-580E596AD309}""},{""@Name"":""Flags"",""#text"":""1""},{""@Name"":""Active"",""#text"":""1""},{""@Name"":""EdgeTraversal"",""#text"":""0""},{""@Name"":""LooseSourceMapped"",""#text"":""0""},{""@Name"":""SecurityOptions"",""#text"":""0""},{""@Name"":""ModifyingUser"",""#text"":""S-1-5-18""},{""@Name"":""ModifyingApplication"",""#text"":""C:\\Windows\\System32\\svchost.exe""},{""@Name"":""SchemaVersion"",""#text"":""542""},{""@Name"":""RuleStatus"",""#text"":""65536""},{""@Name"":""LocalOnlyMapped"",""#text"":""0""},{""@Name"":""PolicyAppId""}]}}"
