56,288,2025-07-28 20:10:51.5660079,2097,Info,Microsoft-Windows-Windows Firewall With Advanced Security,Microsoft-Windows-Windows Firewall With Advanced Security/Firewall,2184,2716,DESKTOP-5A3QN5S,1,S-1-5-19,,,,,,,,,,,False,C:\Users\VM\Desktop\Firewall.evtx,0x8000020000000000,0,"{""EventData"":{""Data"":[{""@Name"":""RuleId"",""#text"":""{54205EE2-D74C-4F1A-89A8-E86E298A02CD}""},{""@Name"":""RuleName"",""#text"":""@{Microsoft.Windows.ParentalControls_1000.19041.3636.0_neutral_neutral_cw5n1h2txyewy?ms-resource://Microsoft.Windows.ParentalControls/resources/DisplayName}""},{""@Name"":""Origin"",""#text"":""1""},{""@Name"":""ApplicationPath""},{""@Name"":""ServiceName""},{""@Name"":""Direction"",""#text"":""2""},{""@Name"":""Protocol"",""#text"":""256""},{""@Name"":""LocalPorts""},{""@Name"":""RemotePorts""},{""@Name"":""Action"",""#text"":""2""},{""@Name"":""Profiles"",""#text"":""2147483647""},{""@Name"":""LocalAddresses"",""#text"":""*""},{""@Name"":""RemoteAddresses"",""#text"":""*""},{""@Name"":""RemoteMachineAuthorizationList""},{""@Name"":""RemoteUserAuthorizationList""},{""@Name"":""EmbeddedContext"",""#text"":""@{Microsoft.Windows.ParentalControls_1000.19041.3636.0_neutral_neutral_cw5n1h2txyewy?ms-resource://Microsoft.Windows.ParentalControls/resources/DisplayName}""},{""@Name"":""Flags"",""#text"":""1""},{""@Name"":""Active"",""#text"":""1""},{""@Name"":""EdgeTraversal"",""#text"":""0""},{""@Name"":""LooseSourceMapped"",""#text"":""0""},{""@Name"":""SecurityOptions"",""#text"":""0""},{""@Name"":""ModifyingUser"",""#text"":""S-1-5-80-3088073201-1464728630-1879813800-1107566885-823218052""},{""@Name"":""ModifyingApplication"",""#text"":""C:\\Windows\\System32\\svchost.exe""},{""@Name"":""SchemaVersion"",""#text"":""542""},{""@Name"":""RuleStatus"",""#text"":""65536""},{""@Name"":""LocalOnlyMapped"",""#text"":""0""},{""@Name"":""PolicyAppId""}]}}"
57,289,2025-07-28 20:10:51.5713761,2097,Info,Microsoft-Windows-Windows Firewall With Advanced Security,Microsoft-Windows-Windows Firewall With Advanced Security/Firewall,2184,2716,DESKTOP-5A3QN5S,1,S-1-5-19,,,,,,,,,,,False,C:\Users\VM\Desktop\Firewall.evtx,0x8000020000000000,0,"{""EventData"":{""Data"":[{""@Name"":""RuleId"",""#text"":""{8C945DE1-7497-432D-B7E0-04218F6FFE26}""},{""@Name"":""RuleName"",""#text"":""@{Microsoft.Windows.ParentalControls_1000.19041.3636.0_neutral_neutral_cw5n1h2txyewy?ms-resource://Microsoft.Windows.ParentalControls/resources/DisplayName}""},{""@Name"":""Origin"",""#text"":""1""},{""@Name"":""ApplicationPath""},{""@Name"":""ServiceName""},{""@Name"":""Direction"",""#text"":""2""},{""@Name"":""Protocol"",""#text"":""256""},{""@Name"":""LocalPorts""},{""@Name"":""RemotePorts""},{""@Name"":""Action"",""#text"":""3""},{""@Name"":""Profiles"",""#text"":""7""},{""@Name"":""LocalAddresses"",""#text"":""*""},{""@Name"":""RemoteAddresses"",""#text"":""*""},{""@Name"":""RemoteMachineAuthorizationList""},{""@Name"":""RemoteUserAuthorizationList""},{""@Name"":""EmbeddedContext"",""#text"":""@{Microsoft.Windows.ParentalControls_1000.19041.3636.0_neutral_neutral_cw5n1h2txyewy?ms-resource://Microsoft.Windows.ParentalControls/resources/DisplayName}""},{""@Name"":""Flags"",""#text"":""1""},{""@Name"":""Active"",""#text"":""1""},{""@Name"":""EdgeTraversal"",""#text"":""0""},{""@Name"":""LooseSourceMapped"",""#text"":""0""},{""@Name"":""SecurityOptions"",""#text"":""0""},{""@Name"":""ModifyingUser"",""#text"":""S-1-5-80-3088073201-1464728630-1879813800-1107566885-823218052""},{""@Name"":""ModifyingApplication"",""#text"":""C:\\Windows\\System32\\svchost.exe""},{""@Name"":""SchemaVersion"",""#text"":""542""},{""@Name"":""RuleStatus"",""#text"":""65536""},{""@Name"":""LocalOnlyMapped"",""#text"":""0""},{""@Name"":""PolicyAppId""}]}}"
58,290,2025-07-28 20:10:51.5745545,2097,Info,Microsoft-Windows-Windows Firewall With Advanced Security,Microsoft-Windows-Windows Firewall With Advanced Security/Firewall,2184,2716,DESKTOP-5A3QN5S,1,S-1-5-19,,,,,,,,,,,False,C:\Users\VM\Desktop\Firewall.evtx,0x8000020000000000,0,"{""EventData"":{""Data"":[{""@Name"":""RuleId"",""#text"":""{3F6483D5-141C-4A42-AFB0-D6DBD30A74A2}""},{""@Name"":""RuleName"",""#text"":""@{Microsoft.Windows.ParentalControls_1000.19041.3636.0_neutral_neutral_cw5n1h2txyewy?ms-resource://Microsoft.Windows.ParentalControls/resources/DisplayName}""},{""@Name"":""Origin"",""#text"":""1""},{""@Name"":""ApplicationPath""},{""@Name"":""ServiceName""},{""@Name"":""Direction"",""#text"":""2""},{""@Name"":""Protocol"",""#text"":""256""},{""@Name"":""LocalPorts""},{""@Name"":""RemotePorts""},{""@Name"":""Action"",""#text"":""3""},{""@Name"":""Profiles"",""#text"":""7""},{""@Name"":""LocalAddresses"",""#text"":""*""},{""@Name"":""RemoteAddresses"",""#text"":""*""},{""@Name"":""RemoteMachineAuthorizationList""},{""@Name"":""RemoteUserAuthorizationList""},{""@Name"":""EmbeddedContext"",""#text"":""@{Microsoft.Windows.ParentalControls_1000.19041.3636.0_neutral_neutral_cw5n1h2txyewy?ms-resource://Microsoft.Windows.ParentalControls/resources/DisplayName}""},{""@Name"":""Flags"",""#text"":""1""},{""@Name"":""Active"",""#text"":""1""},{""@Name"":""EdgeTraversal"",""#text"":""0""},{""@Name"":""LooseSourceMapped"",""#text"":""0""},{""@Name"":""SecurityOptions"",""#text"":""0""},{""@Name"":""ModifyingUser"",""#text"":""S-1-5-80-3088073201-1464728630-1879813800-1107566885-823218052""},{""@Name"":""ModifyingApplication"",""#text"":""C:\\Windows\\System32\\svchost.exe""},{""@Name"":""SchemaVersion"",""#text"":""542""},{""@Name"":""RuleStatus"",""#text"":""65536""},{""@Name"":""LocalOnlyMapped"",""#text"":""0""},{""@Name"":""PolicyAppId""}]}}"
59,291,2025-07-28 20:10:51.6804207,2097,Info,Microsoft-Windows-Windows Firewall With Advanced Security,Microsoft-Windows-Windows Firewall With Advanced Security/Firewall,2184,2464,DESKTOP-5A3QN5S,1,S-1-5-19,,,,,,,,,,,False,C:\Users\VM\Desktop\Firewall.evtx,0x8000020000000000,0,"{""EventData"":{""Data"":[{""@Name"":""RuleId"",""#text"":""{0281F5B1-1B06-4A8A-AA49-86B4C93F42D2}""},{""@Name"":""RuleName"",""#text"":""@{Microsoft.Windows.PeopleExperienceHost_10.0.19041.3636_neutral_neutral_cw5n1h2txyewy?ms-resource://Microsoft.Windows.PeopleExperienceHost/resources/PkgDisplayName}""},{""@Name"":""Origin"",""#text"":""1""},{""@Name"":""ApplicationPath""},{""@Name"":""ServiceName""},{""@Name"":""Direction"",""#text"":""1""},{""@Name"":""Protocol"",""#text"":""256""},{""@Name"":""LocalPorts""},{""@Name"":""RemotePorts""},{""@Name"":""Action"",""#text"":""2""},{""@Name"":""Profiles"",""#text"":""2147483647""},{""@Name"":""LocalAddresses"",""#text"":""*""},{""@Name"":""RemoteAddresses"",""#text"":""*""},{""@Name"":""RemoteMachineAuthorizationList""},{""@Name"":""RemoteUserAuthorizationList""},{""@Name"":""EmbeddedContext"",""#text"":""@{Microsoft.Windows.PeopleExperienceHost_10.0.19041.3636_neutral_neutral_cw5n1h2txyewy?ms-resource://Microsoft.Windows.PeopleExperienceHost/resources/PkgDisplayName}""},{""@Name"":""Flags"",""#text"":""1""},{""@Name"":""Active"",""#text"":""1""},{""@Name"":""EdgeTraversal"",""#text"":""0""},{""@Name"":""LooseSourceMapped"",""#text"":""0""},{""@Name"":""SecurityOptions"",""#text"":""0""},{""@Name"":""ModifyingUser"",""#text"":""S-1-5-80-3088073201-1464728630-1879813800-1107566885-823218052""},{""@Name"":""ModifyingApplication"",""#text"":""C:\\Windows\\System32\\svchost.exe""},{""@Name"":""SchemaVersion"",""#text"":""542""},{""@Name"":""RuleStatus"",""#text"":""65536""},{""@Name"":""LocalOnlyMapped"",""#text"":""0""},{""@Name"":""PolicyAppId""}]}}"
60,292,2025-07-28 20:10:51.6866491,2097,Info,Microsoft-Windows-Windows Firewall With Advanced Security,Microsoft-Windows-Windows Firewall With Advanced Security/Firewall,2184,2464,DESKTOP-5A3QN5S,1,S-1-5-19,,,,,,,,,,,False,C:\Users\VM\Desktop\Firewall.evtx,0x8000020000000000,0,"{""EventData"":{""Data"":[{""@Name"":""RuleId"",""#text"":""{1772E8AC-C3F2-4892-B434-7CF897DD5B73}""},{""@Name"":""RuleName"",""#text"":""@{Microsoft.Windows.PeopleExperienceHost_10.0.19041.3636_neutral_neutral_cw5n1h2txyewy?ms-resource://Microsoft.Windows.PeopleExperienceHost/resources/PkgDisplayName}""},{""@Name"":""Origin"",""#text"":""1""},{""@Name"":""ApplicationPath""},{""@Name"":""ServiceName""},{""@Name"":""Direction"",""#text"":""2""},{""@Name"":""Protocol"",""#text"":""256""},{""@Name"":""LocalPorts""},{""@Name"":""RemotePorts""},{""@Name"":""Action"",""#text"":""2""},{""@Name"":""Profiles"",""#text"":""2147483647""},{""@Name"":""LocalAddresses"",""#text"":""*""},{""@Name"":""RemoteAddresses"",""#text"":""*""},{""@Name"":""RemoteMachineAuthorizationList""},{""@Name"":""RemoteUserAuthorizationList""},{""@Name"":""EmbeddedContext"",""#text"":""@{Microsoft.Windows.PeopleExperienceHost_10.0.19041.3636_neutral_neutral_cw5n1h2txyewy?ms-resource://Microsoft.Windows.PeopleExperienceHost/resources/PkgDisplayName}""},{""@Name"":""Flags"",""#text"":""1""},{""@Name"":""Active"",""#text"":""1""},{""@Name"":""EdgeTraversal"",""#text"":""0""},{""@Name"":""LooseSourceMapped"",""#text"":""0""},{""@Name"":""SecurityOptions"",""#text"":""0""},{""@Name"":""ModifyingUser"",""#text"":""S-1-5-80-3088073201-1464728630-1879813800-1107566885-823218052""},{""@Name"":""ModifyingApplication"",""#text"":""C:\\Windows\\System32\\svchost.exe""},{""@Name"":""SchemaVersion"",""#text"":""542""},{""@Name"":""RuleStatus"",""#text"":""65536""},{""@Name"":""LocalOnlyMapped"",""#text"":""0""},{""@Name"":""PolicyAppId""}]}}"
61,293,2025-07-28 20:10:51.6910724,2097,Info,Microsoft-Windows-Windows Firewall With Advanced Security,Microsoft-Windows-Windows Firewall With Advanced Security/Firewall,2184,2464,DESKTOP-5A3QN5S,1,S-1-5-19,,,,,,,,,,,False,C:\Users\VM\Desktop\Firewall.evtx,0x8000020000000000,0,"{""EventData"":{""Data"":[{""@Name"":""RuleId"",""#text"":""{BB2B5EC2-E257-4D18-A4D1-638EBCEFDE8A}""},{""@Name"":""RuleName"",""#text"":""@{Microsoft.Windows.PeopleExperienceHost_10.0.19041.3636_neutral_neutral_cw5n1h2txyewy?ms-resource://Microsoft.Windows.PeopleExperienceHost/resources/PkgDisplayName}""},{""@Name"":""Origin"",""#text"":""1""},{""@Name"":""ApplicationPath""},{""@Name"":""ServiceName""},{""@Name"":""Direction"",""#text"":""2""},{""@Name"":""Protocol"",""#text"":""256""},{""@Name"":""LocalPorts""},{""@Name"":""RemotePorts""},{""@Name"":""Action"",""#text"":""3""},{""@Name"":""Profiles"",""#text"":""7""},{""@Name"":""LocalAddresses"",""#text"":""*""},{""@Name"":""RemoteAddresses"",""#text"":""*""},{""@Name"":""RemoteMachineAuthorizationList""},{""@Name"":""RemoteUserAuthorizationList""},{""@Name"":""EmbeddedContext"",""#text"":""@{Microsoft.Windows.PeopleExperienceHost_10.0.19041.3636_neutral_neutral_cw5n1h2txyewy?ms-resource://Microsoft.Windows.PeopleExperienceHost/resources/PkgDisplayName}""},{""@Name"":""Flags"",""#text"":""1""},{""@Name"":""Active"",""#text"":""1""},{""@Name"":""EdgeTraversal"",""#text"":""0""},{""@Name"":""LooseSourceMapped"",""#text"":""0""},{""@Name"":""SecurityOptions"",""#text"":""0""},{""@Name"":""ModifyingUser"",""#text"":""S-1-5-80-3088073201-1464728630-1879813800-1107566885-823218052""},{""@Name"":""ModifyingApplication"",""#text"":""C:\\Windows\\System32\\svchost.exe""},{""@Name"":""SchemaVersion"",""#text"":""542""},{""@Name"":""RuleStatus"",""#text"":""65536""},{""@Name"":""LocalOnlyMapped"",""#text"":""0""},{""@Name"":""PolicyAppId""}]}}"
62,294,2025-07-28 20:10:51.6965403,2097,Info,Microsoft-Windows-Windows Firewall With Advanced Security,Microsoft-Windows-Windows Firewall With Advanced Security/Firewall,2184,2464,DESKTOP-5A3QN5S,1,S-1-5-19,,,,,,,,,,,False,C:\Users\VM\Desktop\Firewall.evtx,0x8000020000000000,0,"{""EventData"":{""Data"":[{""@Name"":""RuleId"",""#text"":""{A9EDA958-5507-4C2A-9896-9317D7B56596}""},{""@Name"":""RuleName"",""#text"":""@{Microsoft.Windows.PeopleExperienceHost_10.0.19041.3636_neutral_neutral_cw5n1h2txyewy?ms-resource://Microsoft.Windows.PeopleExperienceHost/resources/PkgDisplayName}""},{""@Name"":""Origin"",""#text"":""1""},{""@Name"":""ApplicationPath""},{""@Name"":""ServiceName""},{""@Name"":""Direction"",""#text"":""2""},{""@Name"":""Protocol"",""#text"":""256""},{""@Name"":""LocalPorts""},{""@Name"":""RemotePorts""},{""@Name"":""Action"",""#text"":""3""},{""@Name"":""Profiles"",""#text"":""7""},{""@Name"":""LocalAddresses"",""#text"":""*""},{""@Name"":""RemoteAddresses"",""#text"":""*""},{""@Name"":""RemoteMachineAuthorizationList""},{""@Name"":""RemoteUserAuthorizationList""},{""@Name"":""EmbeddedContext"",""#text"":""@{Microsoft.Windows.PeopleExperienceHost_10.0.19041.3636_neutral_neutral_cw5n1h2txyewy?ms-resource://Microsoft.Windows.PeopleExperienceHost/resources/PkgDisplayName}""},{""@Name"":""Flags"",""#text"":""1""},{""@Name"":""Active"",""#text"":""1""},{""@Name"":""EdgeTraversal"",""#text"":""0""},{""@Name"":""LooseSourceMapped"",""#text"":""0""},{""@Name"":""SecurityOptions"",""#text"":""0""},{""@Name"":""ModifyingUser"",""#text"":""S-1-5-80-3088073201-1464728630-1879813800-1107566885-823218052""},{""@Name"":""ModifyingApplication"",""#text"":""C:\\Windows\\System32\\svchost.exe""},{""@Name"":""SchemaVersion"",""#text"":""542""},{""@Name"":""RuleStatus"",""#text"":""65536""},{""@Name"":""LocalOnlyMapped"",""#text"":""0""},{""@Name"":""PolicyAppId""}]}}"
63,295,2025-07-28 20:10:51.9869865,2097,Info,Microsoft-Windows-Windows Firewall With Advanced Security,Microsoft-Windows-Windows Firewall With Advanced Security/Firewall,2184,420,DESKTOP-5A3QN5S,1,S-1-5-19,,,,,,,,,,,False,C:\Users\VM\Desktop\Firewall.evtx,0x8000020000000000,0,"{""EventData"":{""Data"":[{""@Name"":""RuleId"",""#text"":""{D558B7E6-4446-421D-9FE4-A0F81B74B10D}""},{""@Name"":""RuleName"",""#text"":""@{Microsoft.Windows.NarratorQuickStart_10.0.19041.3636_neutral_neutral_8wekyb3d8bbwe?ms-resource://Microsoft.Windows.NarratorQuickStart/Resources/AppDisplayName}""},{""@Name"":""Origin"",""#text"":""1""},{""@Name"":""ApplicationPath""},{""@Name"":""ServiceName""},{""@Name"":""Direction"",""#text"":""1""},{""@Name"":""Protocol"",""#text"":""256""},{""@Name"":""LocalPorts""},{""@Name"":""RemotePorts""},{""@Name"":""Action"",""#text"":""2""},{""@Name"":""Profiles"",""#text"":""2147483647""},{""@Name"":""LocalAddresses"",""#text"":""*""},{""@Name"":""RemoteAddresses"",""#text"":""*""},{""@Name"":""RemoteMachineAuthorizationList""},{""@Name"":""RemoteUserAuthorizationList""},{""@Name"":""EmbeddedContext"",""#text"":""@{Microsoft.Windows.NarratorQuickStart_10.0.19041.3636_neutral_neutral_8wekyb3d8bbwe?ms-resource://Microsoft.Windows.NarratorQuickStart/Resources/AppDisplayName}""},{""@Name"":""Flags"",""#text"":""1""},{""@Name"":""Active"",""#text"":""1""},{""@Name"":""EdgeTraversal"",""#text"":""0""},{""@Name"":""LooseSourceMapped"",""#text"":""0""},{""@Name"":""SecurityOptions"",""#text"":""0""},{""@Name"":""ModifyingUser"",""#text"":""S-1-5-80-3088073201-1464728630-1879813800-1107566885-823218052""},{""@Name"":""ModifyingApplication"",""#text"":""C:\\Windows\\System32\\svchost.exe""},{""@Name"":""SchemaVersion"",""#text"":""542""},{""@Name"":""RuleStatus"",""#text"":""65536""},{""@Name"":""LocalOnlyMapped"",""#text"":""0""},{""@Name"":""PolicyAppId""}]}}"
64,296,2025-07-28 20:10:51.9908065,2097,Info,Microsoft-Windows-Windows Firewall With Advanced Security,Microsoft-Windows-Windows Firewall With Advanced Security/Firewall,2184,420,DESKTOP-5A3QN5S,1,S-1-5-19,,,,,,,,,,,False,C:\Users\VM\Desktop\Firewall.evtx,0x8000020000000000,0,"{""EventData"":{""Data"":[{""@Name"":""RuleId"",""#text"":""{8DFF9BAA-9F23-40AF-B566-8D721EC1D73C}""},{""@Name"":""RuleName"",""#text"":""@{Microsoft.Windows.NarratorQuickStart_10.0.19041.3636_neutral_neutral_8wekyb3d8bbwe?ms-resource://Microsoft.Windows.NarratorQuickStart/Resources/AppDisplayName}""},{""@Name"":""Origin"",""#text"":""1""},{""@Name"":""ApplicationPath""},{""@Name"":""ServiceName""},{""@Name"":""Direction"",""#text"":""2""},{""@Name"":""Protocol"",""#text"":""256""},{""@Name"":""LocalPorts""},{""@Name"":""RemotePorts""},{""@Name"":""Action"",""#text"":""2""},{""@Name"":""Profiles"",""#text"":""2147483647""},{""@Name"":""LocalAddresses"",""#text"":""*""},{""@Name"":""RemoteAddresses"",""#text"":""*""},{""@Name"":""RemoteMachineAuthorizationList""},{""@Name"":""RemoteUserAuthorizationList""},{""@Name"":""EmbeddedContext"",""#text"":""@{Microsoft.Windows.NarratorQuickStart_10.0.19041.3636_neutral_neutral_8wekyb3d8bbwe?ms-resource://Microsoft.Windows.NarratorQuickStart/Resources/AppDisplayName}""},{""@Name"":""Flags"",""#text"":""1""},{""@Name"":""Active"",""#text"":""1""},{""@Name"":""EdgeTraversal"",""#text"":""0""},{""@Name"":""LooseSourceMapped"",""#text"":""0""},{""@Name"":""SecurityOptions"",""#text"":""0""},{""@Name"":""ModifyingUser"",""#text"":""S-1-5-80-3088073201-1464728630-1879813800-1107566885-823218052""},{""@Name"":""ModifyingApplication"",""#text"":""C:\\Windows\\System32\\svchost.exe""},{""@Name"":""SchemaVersion"",""#text"":""542""},{""@Name"":""RuleStatus"",""#text"":""65536""},{""@Name"":""LocalOnlyMapped"",""#text"":""0""},{""@Name"":""PolicyAppId""}]}}"
65,297,2025-07-28 20:10:51.9937720,2097,Info,Microsoft-Windows-Windows Firewall With Advanced Security,Microsoft-Windows-Windows Firewall With Advanced Security/Firewall,2184,420,DESKTOP-5A3QN5S,1,S-1-5-19,,,,,,,,,,,False,C:\Users\VM\Desktop\Firewall.evtx,0x8000020000000000,0,"{""EventData"":{""Data"":[{""@Name"":""RuleId"",""#text"":""{56BA491A-B3CC-4EA4-B92B-DD020CB93223}""},{""@Name"":""RuleName"",""#text"":""@{Microsoft.Windows.NarratorQuickStart_10.0.19041.3636_neutral_neutral_8wekyb3d8bbwe?ms-resource://Microsoft.Windows.NarratorQuickStart/Resources/AppDisplayName}""},{""@Name"":""Origin"",""#text"":""1""},{""@Name"":""ApplicationPath""},{""@Name"":""ServiceName""},{""@Name"":""Direction"",""#text"":""2""},{""@Name"":""Protocol"",""#text"":""256""},{""@Name"":""LocalPorts""},{""@Name"":""RemotePorts""},{""@Name"":""Action"",""#text"":""3""},{""@Name"":""Profiles"",""#text"":""7""},{""@Name"":""LocalAddresses"",""#text"":""*""},{""@Name"":""RemoteAddresses"",""#text"":""*""},{""@Name"":""RemoteMachineAuthorizationList""},{""@Name"":""RemoteUserAuthorizationList""},{""@Name"":""EmbeddedContext"",""#text"":""@{Microsoft.Windows.NarratorQuickStart_10.0.19041.3636_neutral_neutral_8wekyb3d8bbwe?ms-resource://Microsoft.Windows.NarratorQuickStart/Resources/AppDisplayName}""},{""@Name"":""Flags"",""#text"":""1""},{""@Name"":""Active"",""#text"":""1""},{""@Name"":""EdgeTraversal"",""#text"":""0""},{""@Name"":""LooseSourceMapped"",""#text"":""0""},{""@Name"":""SecurityOptions"",""#text"":""0""},{""@Name"":""ModifyingUser"",""#text"":""S-1-5-80-3088073201-1464728630-1879813800-1107566885-823218052""},{""@Name"":""ModifyingApplication"",""#text"":""C:\\Windows\\System32\\svchost.exe""},{""@Name"":""SchemaVersion"",""#text"":""542""},{""@Name"":""RuleStatus"",""#text"":""65536""},{""@Name"":""LocalOnlyMapped"",""#text"":""0""},{""@Name"":""PolicyAppId""}]}}"
66,298,2025-07-28 20:10:52.0036860,2097,Info,Microsoft-Windows-Windows Firewall With Advanced Security,Microsoft-Windows-Windows Firewall With Advanced Security/Firewall,2184,420,DESKTOP-5A3QN5S,1,S-1-5-19,,,,,,,,,,,False,C:\Users\VM\Desktop\Firewall.evtx,0x8000020000000000,0,"{""EventData"":{""Data"":[{""@Name"":""RuleId"",""#text"":""{9EF2311A-A29F-4F9D-A8C4-8976EF05EA4E}""},{""@Name"":""RuleName"",""#text"":""@{Microsoft.Windows.NarratorQuickStart_10.0.19041.3636_neutral_neutral_8wekyb3d8bbwe?ms-resource://Microsoft.Windows.NarratorQuickStart/Resources/AppDisplayName}""},{""@Name"":""Origin"",""#text"":""1""},{""@Name"":""ApplicationPath""},{""@Name"":""ServiceName""},{""@Name"":""Direction"",""#text"":""2""},{""@Name"":""Protocol"",""#text"":""256""},{""@Name"":""LocalPorts""},{""@Name"":""RemotePorts""},{""@Name"":""Action"",""#text"":""3""},{""@Name"":""Profiles"",""#text"":""7""},{""@Name"":""LocalAddresses"",""#text"":""*""},{""@Name"":""RemoteAddresses"",""#text"":""*""},{""@Name"":""RemoteMachineAuthorizationList""},{""@Name"":""RemoteUserAuthorizationList""},{""@Name"":""EmbeddedContext"",""#text"":""@{Microsoft.Windows.NarratorQuickStart_10.0.19041.3636_neutral_neutral_8wekyb3d8bbwe?ms-resource://Microsoft.Windows.NarratorQuickStart/Resources/AppDisplayName}""},{""@Name"":""Flags"",""#text"":""1""},{""@Name"":""Active"",""#text"":""1""},{""@Name"":""EdgeTraversal"",""#text"":""0""},{""@Name"":""LooseSourceMapped"",""#text"":""0""},{""@Name"":""SecurityOptions"",""#text"":""0""},{""@Name"":""ModifyingUser"",""#text"":""S-1-5-80-3088073201-1464728630-1879813800-1107566885-823218052""},{""@Name"":""ModifyingApplication"",""#text"":""C:\\Windows\\System32\\svchost.exe""},{""@Name"":""SchemaVersion"",""#text"":""542""},{""@Name"":""RuleStatus"",""#text"":""65536""},{""@Name"":""LocalOnlyMapped"",""#text"":""0""},{""@Name"":""PolicyAppId""}]}}"
67,299,2025-07-28 20:10:52.8511205,2006,Info,Microsoft-Windows-Windows Firewall With Advanced Security,Microsoft-Windows-Windows Firewall With Advanced Security/Firewall,2184,2716,DESKTOP-5A3QN5S,1,S-1-5-19,A rule has been deleted in the Windows Defender Firewall exception list,,,RuleName: UDK Package,ModifyingApplication: C:\Windows\System32\svchost.exe,,,,,,False,C:\Users\VM\Desktop\Firewall.evtx,0x8000020000000000,0,"{""EventData"":{""Data"":[{""@Name"":""RuleId"",""#text"":""{6C24632E-3E74-4D88-89E0-05F20EA926B1}""},{""@Name"":""RuleName"",""#text"":""UDK Package""},{""@Name"":""ModifyingUser"",""#text"":""S-1-5-80-3088073201-1464728630-1879813800-1107566885-823218052""},{""@Name"":""ModifyingApplication"",""#text"":""C:\\Windows\\System32\\svchost.exe""}]}}"
68,300,2025-07-28 20:10:52.8517214,2006,Info,Microsoft-Windows-Windows Firewall With Advanced Security,Microsoft-Windows-Windows Firewall With Advanced Security/Firewall,2184,2716,DESKTOP-5A3QN5S,1,S-1-5-19,A rule has been deleted in the Windows Defender Firewall exception list,,,RuleName: UDK Package,ModifyingApplication: C:\Windows\System32\svchost.exe,,,,,,False,C:\Users\VM\Desktop\Firewall.evtx,0x8000020000000000,0,"{""EventData"":{""Data"":[{""@Name"":""RuleId"",""#text"":""{01CABB66-AA74-45AD-87E9-77273DB2F8AB}""},{""@Name"":""RuleName"",""#text"":""UDK Package""},{""@Name"":""ModifyingUser"",""#text"":""S-1-5-80-3088073201-1464728630-1879813800-1107566885-823218052""},{""@Name"":""ModifyingApplication"",""#text"":""C:\\Windows\\System32\\svchost.exe""}]}}"
69,301,2025-07-28 20:10:52.8574007,2097,Info,Microsoft-Windows-Windows Firewall With Advanced Security,Microsoft-Windows-Windows Firewall With Advanced Security/Firewall,2184,1060,DESKTOP-5A3QN5S,1,S-1-5-19,,,,,,,,,,,False,C:\Users\VM\Desktop\Firewall.evtx,0x8000020000000000,0,"{""EventData"":{""Data"":[{""@Name"":""RuleId"",""#text"":""{CD718AFE-FFFA-4DBC-A871-E11AF8EA24DB}""},{""@Name"":""RuleName"",""#text"":""@{Microsoft.Windows.CallingShellApp_1000.19041.3636.0_neutral_neutral_cw5n1h2txyewy?ms-resource://WindowsInternal.Shell.Experiences.Calling/resources/AppDisplayName}""},{""@Name"":""Origin"",""#text"":""1""},{""@Name"":""ApplicationPath""},{""@Name"":""ServiceName""},{""@Name"":""Direction"",""#text"":""1""},{""@Name"":""Protocol"",""#text"":""256""},{""@Name"":""LocalPorts""},{""@Name"":""RemotePorts""},{""@Name"":""Action"",""#text"":""2""},{""@Name"":""Profiles"",""#text"":""2147483647""},{""@Name"":""LocalAddresses"",""#text"":""*""},{""@Name"":""RemoteAddresses"",""#text"":""*""},{""@Name"":""RemoteMachineAuthorizationList""},{""@Name"":""RemoteUserAuthorizationList""},{""@Name"":""EmbeddedContext"",""#text"":""@{Microsoft.Windows.CallingShellApp_1000.19041.3636.0_neutral_neutral_cw5n1h2txyewy?ms-resource://WindowsInternal.Shell.Experiences.Calling/resources/AppDisplayName}""},{""@Name"":""Flags"",""#text"":""1""},{""@Name"":""Active"",""#text"":""1""},{""@Name"":""EdgeTraversal"",""#text"":""0""},{""@Name"":""LooseSourceMapped"",""#text"":""0""},{""@Name"":""SecurityOptions"",""#text"":""0""},{""@Name"":""ModifyingUser"",""#text"":""S-1-5-80-3088073201-1464728630-1879813800-1107566885-823218052""},{""@Name"":""ModifyingApplication"",""#text"":""C:\\Windows\\System32\\svchost.exe""},{""@Name"":""SchemaVersion"",""#text"":""542""},{""@Name"":""RuleStatus"",""#text"":""65536""},{""@Name"":""LocalOnlyMapped"",""#text"":""0""},{""@Name"":""PolicyAppId""}]}}"
70,302,2025-07-28 20:10:52.8612794,2097,Info,Microsoft-Windows-Windows Firewall With Advanced Security,Microsoft-Windows-Windows Firewall With Advanced Security/Firewall,2184,1060,DESKTOP-5A3QN5S,1,S-1-5-19,,,,,,,,,,,False,C:\Users\VM\Desktop\Firewall.evtx,0x8000020000000000,0,"{""EventData"":{""Data"":[{""@Name"":""RuleId"",""#text"":""{17914550-5C07-444F-93CF-C0DD2D218615}""},{""@Name"":""RuleName"",""#text"":""@{Microsoft.Windows.CallingShellApp_1000.19041.3636.0_neutral_neutral_cw5n1h2txyewy?ms-resource://WindowsInternal.Shell.Experiences.Calling/resources/AppDisplayName}""},{""@Name"":""Origin"",""#text"":""1""},{""@Name"":""ApplicationPath""},{""@Name"":""ServiceName""},{""@Name"":""Direction"",""#text"":""2""},{""@Name"":""Protocol"",""#text"":""256""},{""@Name"":""LocalPorts""},{""@Name"":""RemotePorts""},{""@Name"":""Action"",""#text"":""2""},{""@Name"":""Profiles"",""#text"":""2147483647""},{""@Name"":""LocalAddresses"",""#text"":""*""},{""@Name"":""RemoteAddresses"",""#text"":""*""},{""@Name"":""RemoteMachineAuthorizationList""},{""@Name"":""RemoteUserAuthorizationList""},{""@Name"":""EmbeddedContext"",""#text"":""@{Microsoft.Windows.CallingShellApp_1000.19041.3636.0_neutral_neutral_cw5n1h2txyewy?ms-resource://WindowsInternal.Shell.Experiences.Calling/resources/AppDisplayName}""},{""@Name"":""Flags"",""#text"":""1""},{""@Name"":""Active"",""#text"":""1""},{""@Name"":""EdgeTraversal"",""#text"":""0""},{""@Name"":""LooseSourceMapped"",""#text"":""0""},{""@Name"":""SecurityOptions"",""#text"":""0""},{""@Name"":""ModifyingUser"",""#text"":""S-1-5-80-3088073201-1464728630-1879813800-1107566885-823218052""},{""@Name"":""ModifyingApplication"",""#text"":""C:\\Windows\\System32\\svchost.exe""},{""@Name"":""SchemaVersion"",""#text"":""542""},{""@Name"":""RuleStatus"",""#text"":""65536""},{""@Name"":""LocalOnlyMapped"",""#text"":""0""},{""@Name"":""PolicyAppId""}]}}"
71,303,2025-07-28 20:10:52.8687670,2097,Info,Microsoft-Windows-Windows Firewall With Advanced Security,Microsoft-Windows-Windows Firewall With Advanced Security/Firewall,2184,420,DESKTOP-5A3QN5S,1,S-1-5-19,,,,,,,,,,,False,C:\Users\VM\Desktop\Firewall.evtx,0x8000020000000000,0,"{""EventData"":{""Data"":[{""@Name"":""RuleId"",""#text"":""{84BC41E5-7336-4B3F-8666-9FCD2C333FCE}""},{""@Name"":""RuleName"",""#text"":""UDK Package""},{""@Name"":""Origin"",""#text"":""1""},{""@Name"":""ApplicationPath""},{""@Name"":""ServiceName""},{""@Name"":""Direction"",""#text"":""1""},{""@Name"":""Protocol"",""#text"":""256""},{""@Name"":""LocalPorts""},{""@Name"":""RemotePorts""},{""@Name"":""Action"",""#text"":""2""},{""@Name"":""Profiles"",""#text"":""2147483647""},{""@Name"":""LocalAddresses"",""#text"":""*""},{""@Name"":""RemoteAddresses"",""#text"":""*""},{""@Name"":""RemoteMachineAuthorizationList""},{""@Name"":""RemoteUserAuthorizationList""},{""@Name"":""EmbeddedContext"",""#text"":""UDK Package""},{""@Name"":""Flags"",""#text"":""1""},{""@Name"":""Active"",""#text"":""1""},{""@Name"":""EdgeTraversal"",""#text"":""0""},{""@Name"":""LooseSourceMapped"",""#text"":""0""},{""@Name"":""SecurityOptions"",""#text"":""0""},{""@Name"":""ModifyingUser"",""#text"":""S-1-5-80-3088073201-1464728630-1879813800-1107566885-823218052""},{""@Name"":""ModifyingApplication"",""#text"":""C:\\Windows\\System32\\svchost.exe""},{""@Name"":""SchemaVersion"",""#text"":""542""},{""@Name"":""RuleStatus"",""#text"":""65536""},{""@Name"":""LocalOnlyMapped"",""#text"":""0""},{""@Name"":""PolicyAppId""}]}}"
72,304,2025-07-28 20:10:52.8742845,2097,Info,Microsoft-Windows-Windows Firewall With Advanced Security,Microsoft-Windows-Windows Firewall With Advanced Security/Firewall,2184,420,DESKTOP-5A3QN5S,1,S-1-5-19,,,,,,,,,,,False,C:\Users\VM\Desktop\Firewall.evtx,0x8000020000000000,0,"{""EventData"":{""Data"":[{""@Name"":""RuleId"",""#text"":""{8F41D85E-28B9-4E5E-9247-B6A695D9614C}""},{""@Name"":""RuleName"",""#text"":""UDK Package""},{""@Name"":""Origin"",""#text"":""1""},{""@Name"":""ApplicationPath""},{""@Name"":""ServiceName""},{""@Name"":""Direction"",""#text"":""2""},{""@Name"":""Protocol"",""#text"":""256""},{""@Name"":""LocalPorts""},{""@Name"":""RemotePorts""},{""@Name"":""Action"",""#text"":""2""},{""@Name"":""Profiles"",""#text"":""2147483647""},{""@Name"":""LocalAddresses"",""#text"":""*""},{""@Name"":""RemoteAddresses"",""#text"":""*""},{""@Name"":""RemoteMachineAuthorizationList""},{""@Name"":""RemoteUserAuthorizationList""},{""@Name"":""EmbeddedContext"",""#text"":""UDK Package""},{""@Name"":""Flags"",""#text"":""1""},{""@Name"":""Active"",""#text"":""1""},{""@Name"":""EdgeTraversal"",""#text"":""0""},{""@Name"":""LooseSourceMapped"",""#text"":""0""},{""@Name"":""SecurityOptions"",""#text"":""0""},{""@Name"":""ModifyingUser"",""#text"":""S-1-5-80-3088073201-1464728630-1879813800-1107566885-823218052""},{""@Name"":""ModifyingApplication"",""#text"":""C:\\Windows\\System32\\svchost.exe""},{""@Name"":""SchemaVersion"",""#text"":""542""},{""@Name"":""RuleStatus"",""#text"":""65536""},{""@Name"":""LocalOnlyMapped"",""#text"":""0""},{""@Name"":""PolicyAppId""}]}}"
73,305,2025-07-28 20:10:53.0400569,2097,Info,Microsoft-Windows-Windows Firewall With Advanced Security,Microsoft-Windows-Windows Firewall With Advanced Security/Firewall,2184,420,DESKTOP-5A3QN5S,1,S-1-5-19,,,,,,,,,,,False,C:\Users\VM\Desktop\Firewall.evtx,0x8000020000000000,0,"{""EventData"":{""Data"":[{""@Name"":""RuleId"",""#text"":""{7D3AFAC8-1EED-4301-9A9B-CD28F2E5800C}""},{""@Name"":""RuleName"",""#text"":""@{Microsoft.Windows.AssignedAccessLockApp_1000.19041.3636.0_neutral_neutral_cw5n1h2txyewy?ms-resource://Microsoft.Windows.AssignedAccessLockApp/Resources/PackageDisplayName}""},{""@Name"":""Origin"",""#text"":""1""},{""@Name"":""ApplicationPath""},{""@Name"":""ServiceName""},{""@Name"":""Direction"",""#text"":""1""},{""@Name"":""Protocol"",""#text"":""256""},{""@Name"":""LocalPorts""},{""@Name"":""RemotePorts""},{""@Name"":""Action"",""#text"":""2""},{""@Name"":""Profiles"",""#text"":""2147483647""},{""@Name"":""LocalAddresses"",""#text"":""*""},{""@Name"":""RemoteAddresses"",""#text"":""*""},{""@Name"":""RemoteMachineAuthorizationList""},{""@Name"":""RemoteUserAuthorizationList""},{""@Name"":""EmbeddedContext"",""#text"":""@{Microsoft.Windows.AssignedAccessLockApp_1000.19041.3636.0_neutral_neutral_cw5n1h2txyewy?ms-resource://Microsoft.Windows.AssignedAccessLockApp/Resources/PackageDisplayName}""},{""@Name"":""Flags"",""#text"":""1""},{""@Name"":""Active"",""#text"":""1""},{""@Name"":""EdgeTraversal"",""#text"":""0""},{""@Name"":""LooseSourceMapped"",""#text"":""0""},{""@Name"":""SecurityOptions"",""#text"":""0""},{""@Name"":""ModifyingUser"",""#text"":""S-1-5-80-3088073201-1464728630-1879813800-1107566885-823218052""},{""@Name"":""ModifyingApplication"",""#text"":""C:\\Windows\\System32\\svchost.exe""},{""@Name"":""SchemaVersion"",""#text"":""542""},{""@Name"":""RuleStatus"",""#text"":""65536""},{""@Name"":""LocalOnlyMapped"",""#text"":""0""},{""@Name"":""PolicyAppId""}]}}"
74,306,2025-07-28 20:10:53.0458731,2097,Info,Microsoft-Windows-Windows Firewall With Advanced Security,Microsoft-Windows-Windows Firewall With Advanced Security/Firewall,2184,420,DESKTOP-5A3QN5S,1,S-1-5-19,,,,,,,,,,,False,C:\Users\VM\Desktop\Firewall.evtx,0x8000020000000000,0,"{""EventData"":{""Data"":[{""@Name"":""RuleId"",""#text"":""{3BE87F56-0BB1-4B41-969E-3218A57A5280}""},{""@Name"":""RuleName"",""#text"":""@{Microsoft.Windows.AssignedAccessLockApp_1000.19041.3636.0_neutral_neutral_cw5n1h2txyewy?ms-resource://Microsoft.Windows.AssignedAccessLockApp/Resources/PackageDisplayName}""},{""@Name"":""Origin"",""#text"":""1""},{""@Name"":""ApplicationPath""},{""@Name"":""ServiceName""},{""@Name"":""Direction"",""#text"":""2""},{""@Name"":""Protocol"",""#text"":""256""},{""@Name"":""LocalPorts""},{""@Name"":""RemotePorts""},{""@Name"":""Action"",""#text"":""2""},{""@Name"":""Profiles"",""#text"":""2147483647""},{""@Name"":""LocalAddresses"",""#text"":""*""},{""@Name"":""RemoteAddresses"",""#text"":""*""},{""@Name"":""RemoteMachineAuthorizationList""},{""@Name"":""RemoteUserAuthorizationList""},{""@Name"":""EmbeddedContext"",""#text"":""@{Microsoft.Windows.AssignedAccessLockApp_1000.19041.3636.0_neutral_neutral_cw5n1h2txyewy?ms-resource://Microsoft.Windows.AssignedAccessLockApp/Resources/PackageDisplayName}""},{""@Name"":""Flags"",""#text"":""1""},{""@Name"":""Active"",""#text"":""1""},{""@Name"":""EdgeTraversal"",""#text"":""0""},{""@Name"":""LooseSourceMapped"",""#text"":""0""},{""@Name"":""SecurityOptions"",""#text"":""0""},{""@Name"":""ModifyingUser"",""#text"":""S-1-5-80-3088073201-1464728630-1879813800-1107566885-823218052""},{""@Name"":""ModifyingApplication"",""#text"":""C:\\Windows\\System32\\svchost.exe""},{""@Name"":""SchemaVersion"",""#text"":""542""},{""@Name"":""RuleStatus"",""#text"":""65536""},{""@Name"":""LocalOnlyMapped"",""#text"":""0""},{""@Name"":""PolicyAppId""}]}}"
75,307,2025-07-28 20:10:53.4012018,2006,Info,Microsoft-Windows-Windows Firewall With Advanced Security,Microsoft-Windows-Windows Firewall With Advanced Security/Firewall,2184,1060,DESKTOP-5A3QN5S,1,S-1-5-19,A rule has been deleted in the Windows Defender Firewall exception list,,,RuleName: @{Microsoft.Windows.ContentDeliveryManager_10.0.19041.3636_neutral_neutral_cw5n1h2txyewy?ms-resource://Microsoft.Windows.ContentDeliveryManager/resources/AppDisplayName},ModifyingApplication: C:\Windows\System32\svchost.exe,,,,,,False,C:\Users\VM\Desktop\Firewall.evtx,0x8000020000000000,0,"{""EventData"":{""Data"":[{""@Name"":""RuleId"",""#text"":""{716DE6C2-A083-4F2C-A831-1125CFF4CA12}""},{""@Name"":""RuleName"",""#text"":""@{Microsoft.Windows.ContentDeliveryManager_10.0.19041.3636_neutral_neutral_cw5n1h2txyewy?ms-resource://Microsoft.Windows.ContentDeliveryManager/resources/AppDisplayName}""},{""@Name"":""ModifyingUser"",""#text"":""S-1-5-80-3088073201-1464728630-1879813800-1107566885-823218052""},{""@Name"":""ModifyingApplication"",""#text"":""C:\\Windows\\System32\\svchost.exe""}]}}"
76,308,2025-07-28 20:10:53.4018975,2006,Info,Microsoft-Windows-Windows Firewall With Advanced Security,Microsoft-Windows-Windows Firewall With Advanced Security/Firewall,2184,1060,DESKTOP-5A3QN5S,1,S-1-5-19,A rule has been deleted in the Windows Defender Firewall exception list,,,RuleName: @{Microsoft.Windows.ContentDeliveryManager_10.0.19041.3636_neutral_neutral_cw5n1h2txyewy?ms-resource://Microsoft.Windows.ContentDeliveryManager/resources/AppDisplayName},ModifyingApplication: C:\Windows\System32\svchost.exe,,,,,,False,C:\Users\VM\Desktop\Firewall.evtx,0x8000020000000000,0,"{""EventData"":{""Data"":[{""@Name"":""RuleId"",""#text"":""{283B3EEA-B99A-442A-9DC2-D7E346307EC8}""},{""@Name"":""RuleName"",""#text"":""@{Microsoft.Windows.ContentDeliveryManager_10.0.19041.3636_neutral_neutral_cw5n1h2txyewy?ms-resource://Microsoft.Windows.ContentDeliveryManager/resources/AppDisplayName}""},{""@Name"":""ModifyingUser"",""#text"":""S-1-5-80-3088073201-1464728630-1879813800-1107566885-823218052""},{""@Name"":""ModifyingApplication"",""#text"":""C:\\Windows\\System32\\svchost.exe""}]}}"
77,309,2025-07-28 20:10:53.4031308,2006,Info,Microsoft-Windows-Windows Firewall With Advanced Security,Microsoft-Windows-Windows Firewall With Advanced Security/Firewall,2184,1060,DESKTOP-5A3QN5S,1,S-1-5-19,A rule has been deleted in the Windows Defender Firewall exception list,,,RuleName: @{Microsoft.Windows.ContentDeliveryManager_10.0.19041.3636_neutral_neutral_cw5n1h2txyewy?ms-resource://Microsoft.Windows.ContentDeliveryManager/resources/AppDisplayName},ModifyingApplication: C:\Windows\System32\svchost.exe,,,,,,False,C:\Users\VM\Desktop\Firewall.evtx,0x8000020000000000,0,"{""EventData"":{""Data"":[{""@Name"":""RuleId"",""#text"":""{C9DD2691-F90D-4A3A-8075-EEE1DC8391E8}""},{""@Name"":""RuleName"",""#text"":""@{Microsoft.Windows.ContentDeliveryManager_10.0.19041.3636_neutral_neutral_cw5n1h2txyewy?ms-resource://Microsoft.Windows.ContentDeliveryManager/resources/AppDisplayName}""},{""@Name"":""ModifyingUser"",""#text"":""S-1-5-80-3088073201-1464728630-1879813800-1107566885-823218052""},{""@Name"":""ModifyingApplication"",""#text"":""C:\\Windows\\System32\\svchost.exe""}]}}"
78,310,2025-07-28 20:10:53.4046006,2006,Info,Microsoft-Windows-Windows Firewall With Advanced Security,Microsoft-Windows-Windows Firewall With Advanced Security/Firewall,2184,1060,DESKTOP-5A3QN5S,1,S-1-5-19,A rule has been deleted in the Windows Defender Firewall exception list,,,RuleName: @{Microsoft.Windows.ContentDeliveryManager_10.0.19041.3636_neutral_neutral_cw5n1h2txyewy?ms-resource://Microsoft.Windows.ContentDeliveryManager/resources/AppDisplayName},ModifyingApplication: C:\Windows\System32\svchost.exe,,,,,,False,C:\Users\VM\Desktop\Firewall.evtx,0x8000020000000000,0,"{""EventData"":{""Data"":[{""@Name"":""RuleId"",""#text"":""{8A9E60ED-E68C-415F-869E-C64169E547AA}""},{""@Name"":""RuleName"",""#text"":""@{Microsoft.Windows.ContentDeliveryManager_10.0.19041.3636_neutral_neutral_cw5n1h2txyewy?ms-resource://Microsoft.Windows.ContentDeliveryManager/resources/AppDisplayName}""},{""@Name"":""ModifyingUser"",""#text"":""S-1-5-80-3088073201-1464728630-1879813800-1107566885-823218052""},{""@Name"":""ModifyingApplication"",""#text"":""C:\\Windows\\System32\\svchost.exe""}]}}"
79,311,2025-07-28 20:10:53.4418514,2097,Info,Microsoft-Windows-Windows Firewall With Advanced Security,Microsoft-Windows-Windows Firewall With Advanced Security/Firewall,2184,1060,DESKTOP-5A3QN5S,1,S-1-5-19,,,,,,,,,,,False,C:\Users\VM\Desktop\Firewall.evtx,0x8000020000000000,0,"{""EventData"":{""Data"":[{""@Name"":""RuleId"",""#text"":""{7D7BF9A4-62CA-4536-8CB7-E59D7E3C8F01}""},{""@Name"":""RuleName"",""#text"":""@{Microsoft.Windows.ContentDeliveryManager_10.0.19041.3636_neutral_neutral_cw5n1h2txyewy?ms-resource://Microsoft.Windows.ContentDeliveryManager/resources/AppDisplayName}""},{""@Name"":""Origin"",""#text"":""1""},{""@Name"":""ApplicationPath""},{""@Name"":""ServiceName""},{""@Name"":""Direction"",""#text"":""1""},{""@Name"":""Protocol"",""#text"":""256""},{""@Name"":""LocalPorts""},{""@Name"":""RemotePorts""},{""@Name"":""Action"",""#text"":""2""},{""@Name"":""Profiles"",""#text"":""2147483647""},{""@Name"":""LocalAddresses"",""#text"":""*""},{""@Name"":""RemoteAddresses"",""#text"":""*""},{""@Name"":""RemoteMachineAuthorizationList""},{""@Name"":""RemoteUserAuthorizationList""},{""@Name"":""EmbeddedContext"",""#text"":""@{Microsoft.Windows.ContentDeliveryManager_10.0.19041.3636_neutral_neutral_cw5n1h2txyewy?ms-resource://Microsoft.Windows.ContentDeliveryManager/resources/AppDisplayName}""},{""@Name"":""Flags"",""#text"":""1""},{""@Name"":""Active"",""#text"":""1""},{""@Name"":""EdgeTraversal"",""#text"":""0""},{""@Name"":""LooseSourceMapped"",""#text"":""0""},{""@Name"":""SecurityOptions"",""#text"":""0""},{""@Name"":""ModifyingUser"",""#text"":""S-1-5-80-3088073201-1464728630-1879813800-1107566885-823218052""},{""@Name"":""ModifyingApplication"",""#text"":""C:\\Windows\\System32\\svchost.exe""},{""@Name"":""SchemaVersion"",""#text"":""542""},{""@Name"":""RuleStatus"",""#text"":""65536""},{""@Name"":""LocalOnlyMapped"",""#text"":""0""},{""@Name"":""PolicyAppId""}]}}"
80,312,2025-07-28 20:10:53.4434658,2097,Info,Microsoft-Windows-Windows Firewall With Advanced Security,Microsoft-Windows-Windows Firewall With Advanced Security/Firewall,2184,1060,DESKTOP-5A3QN5S,1,S-1-5-19,,,,,,,,,,,False,C:\Users\VM\Desktop\Firewall.evtx,0x8000020000000000,0,"{""EventData"":{""Data"":[{""@Name"":""RuleId"",""#text"":""{0CD21F7E-1029-4F27-B52C-4BC645898A27}""},{""@Name"":""RuleName"",""#text"":""@{Microsoft.Windows.ContentDeliveryManager_10.0.19041.3636_neutral_neutral_cw5n1h2txyewy?ms-resource://Microsoft.Windows.ContentDeliveryManager/resources/AppDisplayName}""},{""@Name"":""Origin"",""#text"":""1""},{""@Name"":""ApplicationPath""},{""@Name"":""ServiceName""},{""@Name"":""Direction"",""#text"":""2""},{""@Name"":""Protocol"",""#text"":""256""},{""@Name"":""LocalPorts""},{""@Name"":""RemotePorts""},{""@Name"":""Action"",""#text"":""2""},{""@Name"":""Profiles"",""#text"":""2147483647""},{""@Name"":""LocalAddresses"",""#text"":""*""},{""@Name"":""RemoteAddresses"",""#text"":""*""},{""@Name"":""RemoteMachineAuthorizationList""},{""@Name"":""RemoteUserAuthorizationList""},{""@Name"":""EmbeddedContext"",""#text"":""@{Microsoft.Windows.ContentDeliveryManager_10.0.19041.3636_neutral_neutral_cw5n1h2txyewy?ms-resource://Microsoft.Windows.ContentDeliveryManager/resources/AppDisplayName}""},{""@Name"":""Flags"",""#text"":""1""},{""@Name"":""Active"",""#text"":""1""},{""@Name"":""EdgeTraversal"",""#text"":""0""},{""@Name"":""LooseSourceMapped"",""#text"":""0""},{""@Name"":""SecurityOptions"",""#text"":""0""},{""@Name"":""ModifyingUser"",""#text"":""S-1-5-80-3088073201-1464728630-1879813800-1107566885-823218052""},{""@Name"":""ModifyingApplication"",""#text"":""C:\\Windows\\System32\\svchost.exe""},{""@Name"":""SchemaVersion"",""#text"":""542""},{""@Name"":""RuleStatus"",""#text"":""65536""},{""@Name"":""LocalOnlyMapped"",""#text"":""0""},{""@Name"":""PolicyAppId""}]}}"
81,313,2025-07-28 20:10:53.4451124,2097,Info,Microsoft-Windows-Windows Firewall With Advanced Security,Microsoft-Windows-Windows Firewall With Advanced Security/Firewall,2184,1060,DESKTOP-5A3QN5S,1,S-1-5-19,,,,,,,,,,,False,C:\Users\VM\Desktop\Firewall.evtx,0x8000020000000000,0,"{""EventData"":{""Data"":[{""@Name"":""RuleId"",""#text"":""{46333682-D3D2-48D2-BE94-C2ECA815C2D2}""},{""@Name"":""RuleName"",""#text"":""@{Microsoft.Windows.ContentDeliveryManager_10.0.19041.3636_neutral_neutral_cw5n1h2txyewy?ms-resource://Microsoft.Windows.ContentDeliveryManager/resources/AppDisplayName}""},{""@Name"":""Origin"",""#text"":""1""},{""@Name"":""ApplicationPath""},{""@Name"":""ServiceName""},{""@Name"":""Direction"",""#text"":""2""},{""@Name"":""Protocol"",""#text"":""256""},{""@Name"":""LocalPorts""},{""@Name"":""RemotePorts""},{""@Name"":""Action"",""#text"":""3""},{""@Name"":""Profiles"",""#text"":""7""},{""@Name"":""LocalAddresses"",""#text"":""*""},{""@Name"":""RemoteAddresses"",""#text"":""*""},{""@Name"":""RemoteMachineAuthorizationList""},{""@Name"":""RemoteUserAuthorizationList""},{""@Name"":""EmbeddedContext"",""#text"":""@{Microsoft.Windows.ContentDeliveryManager_10.0.19041.3636_neutral_neutral_cw5n1h2txyewy?ms-resource://Microsoft.Windows.ContentDeliveryManager/resources/AppDisplayName}""},{""@Name"":""Flags"",""#text"":""1""},{""@Name"":""Active"",""#text"":""1""},{""@Name"":""EdgeTraversal"",""#text"":""0""},{""@Name"":""LooseSourceMapped"",""#text"":""0""},{""@Name"":""SecurityOptions"",""#text"":""0""},{""@Name"":""ModifyingUser"",""#text"":""S-1-5-80-3088073201-1464728630-1879813800-1107566885-823218052""},{""@Name"":""ModifyingApplication"",""#text"":""C:\\Windows\\System32\\svchost.exe""},{""@Name"":""SchemaVersion"",""#text"":""542""},{""@Name"":""RuleStatus"",""#text"":""65536""},{""@Name"":""LocalOnlyMapped"",""#text"":""0""},{""@Name"":""PolicyAppId""}]}}"
82,314,2025-07-28 20:10:53.4469098,2097,Info,Microsoft-Windows-Windows Firewall With Advanced Security,Microsoft-Windows-Windows Firewall With Advanced Security/Firewall,2184,1060,DESKTOP-5A3QN5S,1,S-1-5-19,,,,,,,,,,,False,C:\Users\VM\Desktop\Firewall.evtx,0x8000020000000000,0,"{""EventData"":{""Data"":[{""@Name"":""RuleId"",""#text"":""{8581CA39-D111-4F08-8127-69E3C6A07F78}""},{""@Name"":""RuleName"",""#text"":""@{Microsoft.Windows.ContentDeliveryManager_10.0.19041.3636_neutral_neutral_cw5n1h2txyewy?ms-resource://Microsoft.Windows.ContentDeliveryManager/resources/AppDisplayName}""},{""@Name"":""Origin"",""#text"":""1""},{""@Name"":""ApplicationPath""},{""@Name"":""ServiceName""},{""@Name"":""Direction"",""#text"":""2""},{""@Name"":""Protocol"",""#text"":""256""},{""@Name"":""LocalPorts""},{""@Name"":""RemotePorts""},{""@Name"":""Action"",""#text"":""3""},{""@Name"":""Profiles"",""#text"":""7""},{""@Name"":""LocalAddresses"",""#text"":""*""},{""@Name"":""RemoteAddresses"",""#text"":""*""},{""@Name"":""RemoteMachineAuthorizationList""},{""@Name"":""RemoteUserAuthorizationList""},{""@Name"":""EmbeddedContext"",""#text"":""@{Microsoft.Windows.ContentDeliveryManager_10.0.19041.3636_neutral_neutral_cw5n1h2txyewy?ms-resource://Microsoft.Windows.ContentDeliveryManager/resources/AppDisplayName}""},{""@Name"":""Flags"",""#text"":""1""},{""@Name"":""Active"",""#text"":""1""},{""@Name"":""EdgeTraversal"",""#text"":""0""},{""@Name"":""LooseSourceMapped"",""#text"":""0""},{""@Name"":""SecurityOptions"",""#text"":""0""},{""@Name"":""ModifyingUser"",""#text"":""S-1-5-80-3088073201-1464728630-1879813800-1107566885-823218052""},{""@Name"":""ModifyingApplication"",""#text"":""C:\\Windows\\System32\\svchost.exe""},{""@Name"":""SchemaVersion"",""#text"":""542""},{""@Name"":""RuleStatus"",""#text"":""65536""},{""@Name"":""LocalOnlyMapped"",""#text"":""0""},{""@Name"":""PolicyAppId""}]}}"
83,315,2025-07-28 20:10:53.7856199,2097,Info,Microsoft-Windows-Windows Firewall With Advanced Security,Microsoft-Windows-Windows Firewall With Advanced Security/Firewall,2184,4864,DESKTOP-5A3QN5S,1,S-1-5-19,,,,,,,,,,,False,C:\Users\VM\Desktop\Firewall.evtx,0x8000020000000000,0,"{""EventData"":{""Data"":[{""@Name"":""RuleId"",""#text"":""{12B26FCB-FE61-4E6D-9C17-24BD8FF1FB6A}""},{""@Name"":""RuleName"",""#text"":""@{c5e2524a-ea46-4f67-841f-6a9465d9d515_10.0.19041.3636_neutral_neutral_cw5n1h2txyewy?ms-resource://FileExplorer/Resources/AppxManifest_DisplayName}""},{""@Name"":""Origin"",""#text"":""1""},{""@Name"":""ApplicationPath""},{""@Name"":""ServiceName""},{""@Name"":""Direction"",""#text"":""1""},{""@Name"":""Protocol"",""#text"":""256""},{""@Name"":""LocalPorts""},{""@Name"":""RemotePorts""},{""@Name"":""Action"",""#text"":""2""},{""@Name"":""Profiles"",""#text"":""2147483647""},{""@Name"":""LocalAddresses"",""#text"":""*""},{""@Name"":""RemoteAddresses"",""#text"":""*""},{""@Name"":""RemoteMachineAuthorizationList""},{""@Name"":""RemoteUserAuthorizationList""},{""@Name"":""EmbeddedContext"",""#text"":""@{c5e2524a-ea46-4f67-841f-6a9465d9d515_10.0.19041.3636_neutral_neutral_cw5n1h2txyewy?ms-resource://FileExplorer/Resources/AppxManifest_DisplayName}""},{""@Name"":""Flags"",""#text"":""1""},{""@Name"":""Active"",""#text"":""1""},{""@Name"":""EdgeTraversal"",""#text"":""0""},{""@Name"":""LooseSourceMapped"",""#text"":""0""},{""@Name"":""SecurityOptions"",""#text"":""0""},{""@Name"":""ModifyingUser"",""#text"":""S-1-5-80-3088073201-1464728630-1879813800-1107566885-823218052""},{""@Name"":""ModifyingApplication"",""#text"":""C:\\Windows\\System32\\svchost.exe""},{""@Name"":""SchemaVersion"",""#text"":""542""},{""@Name"":""RuleStatus"",""#text"":""65536""},{""@Name"":""LocalOnlyMapped"",""#text"":""0""},{""@Name"":""PolicyAppId""}]}}"
84,316,2025-07-28 20:10:53.7924489,2097,Info,Microsoft-Windows-Windows Firewall With Advanced Security,Microsoft-Windows-Windows Firewall With Advanced Security/Firewall,2184,4864,DESKTOP-5A3QN5S,1,S-1-5-19,,,,,,,,,,,False,C:\Users\VM\Desktop\Firewall.evtx,0x8000020000000000,0,"{""EventData"":{""Data"":[{""@Name"":""RuleId"",""#text"":""{61E6505B-E6F0-442A-818D-7DE9A624D275}""},{""@Name"":""RuleName"",""#text"":""@{c5e2524a-ea46-4f67-841f-6a9465d9d515_10.0.19041.3636_neutral_neutral_cw5n1h2txyewy?ms-resource://FileExplorer/Resources/AppxManifest_DisplayName}""},{""@Name"":""Origin"",""#text"":""1""},{""@Name"":""ApplicationPath""},{""@Name"":""ServiceName""},{""@Name"":""Direction"",""#text"":""2""},{""@Name"":""Protocol"",""#text"":""256""},{""@Name"":""LocalPorts""},{""@Name"":""RemotePorts""},{""@Name"":""Action"",""#text"":""2""},{""@Name"":""Profiles"",""#text"":""2147483647""},{""@Name"":""LocalAddresses"",""#text"":""*""},{""@Name"":""RemoteAddresses"",""#text"":""*""},{""@Name"":""RemoteMachineAuthorizationList""},{""@Name"":""RemoteUserAuthorizationList""},{""@Name"":""EmbeddedContext"",""#text"":""@{c5e2524a-ea46-4f67-841f-6a9465d9d515_10.0.19041.3636_neutral_neutral_cw5n1h2txyewy?ms-resource://FileExplorer/Resources/AppxManifest_DisplayName}""},{""@Name"":""Flags"",""#text"":""1""},{""@Name"":""Active"",""#text"":""1""},{""@Name"":""EdgeTraversal"",""#text"":""0""},{""@Name"":""LooseSourceMapped"",""#text"":""0""},{""@Name"":""SecurityOptions"",""#text"":""0""},{""@Name"":""ModifyingUser"",""#text"":""S-1-5-80-3088073201-1464728630-1879813800-1107566885-823218052""},{""@Name"":""ModifyingApplication"",""#text"":""C:\\Windows\\System32\\svchost.exe""},{""@Name"":""SchemaVersion"",""#text"":""542""},{""@Name"":""RuleStatus"",""#text"":""65536""},{""@Name"":""LocalOnlyMapped"",""#text"":""0""},{""@Name"":""PolicyAppId""}]}}"
