115,347,2025-07-28 20:10:54.9505589,2097,Info,Microsoft-Windows-Windows Firewall With Advanced Security,Microsoft-Windows-Windows Firewall With Advanced Security/Firewall,2184,4624,DESKTOP-5A3QN5S,2,S-1-5-19,,,,,,,,,,,False,C:\Users\VM\Desktop\Firewall.evtx,0x8000020000000000,0,"{""EventData"":{""Data"":[{""@Name"":""RuleId"",""#text"":""{BCA76535-6EEB-456B-9DA4-A5BDDB22AB26}""},{""@Name"":""RuleName"",""#text"":""@{Microsoft.Windows.StartMenuExperienceHost_10.0.19041.3636_neutral_neutral_cw5n1h2txyewy?ms-resource://Microsoft.Windows.StartMenuExperienceHost/StartMenuExperienceHost/PkgDisplayName}""},{""@Name"":""Origin"",""#text"":""1""},{""@Name"":""ApplicationPath""},{""@Name"":""ServiceName""},{""@Name"":""Direction"",""#text"":""2""},{""@Name"":""Protocol"",""#text"":""256""},{""@Name"":""LocalPorts""},{""@Name"":""RemotePorts""},{""@Name"":""Action"",""#text"":""2""},{""@Name"":""Profiles"",""#text"":""2147483647""},{""@Name"":""LocalAddresses"",""#text"":""*""},{""@Name"":""RemoteAddresses"",""#text"":""*""},{""@Name"":""RemoteMachineAuthorizationList""},{""@Name"":""RemoteUserAuthorizationList""},{""@Name"":""EmbeddedContext"",""#text"":""@{Microsoft.Windows.StartMenuExperienceHost_10.0.19041.3636_neutral_neutral_cw5n1h2txyewy?ms-resource://Microsoft.Windows.StartMenuExperienceHost/StartMenuExperienceHost/PkgDisplayName}""},{""@Name"":""Flags"",""#text"":""1""},{""@Name"":""Active"",""#text"":""1""},{""@Name"":""EdgeTraversal"",""#text"":""0""},{""@Name"":""LooseSourceMapped"",""#text"":""0""},{""@Name"":""SecurityOptions"",""#text"":""0""},{""@Name"":""ModifyingUser"",""#text"":""S-1-5-80-3088073201-1464728630-1879813800-1107566885-823218052""},{""@Name"":""ModifyingApplication"",""#text"":""C:\\Windows\\System32\\svchost.exe""},{""@Name"":""SchemaVersion"",""#text"":""542""},{""@Name"":""RuleStatus"",""#text"":""65536""},{""@Name"":""LocalOnlyMapped"",""#text"":""0""},{""@Name"":""PolicyAppId""}]}}"
116,348,2025-07-28 20:10:54.9549705,2097,Info,Microsoft-Windows-Windows Firewall With Advanced Security,Microsoft-Windows-Windows Firewall With Advanced Security/Firewall,2184,4624,DESKTOP-5A3QN5S,2,S-1-5-19,,,,,,,,,,,False,C:\Users\VM\Desktop\Firewall.evtx,0x8000020000000000,0,"{""EventData"":{""Data"":[{""@Name"":""RuleId"",""#text"":""{2B52D2BE-107C-4DE3-9445-B7E4830BCC40}""},{""@Name"":""RuleName"",""#text"":""@{Microsoft.Windows.StartMenuExperienceHost_10.0.19041.3636_neutral_neutral_cw5n1h2txyewy?ms-resource://Microsoft.Windows.StartMenuExperienceHost/StartMenuExperienceHost/PkgDisplayName}""},{""@Name"":""Origin"",""#text"":""1""},{""@Name"":""ApplicationPath""},{""@Name"":""ServiceName""},{""@Name"":""Direction"",""#text"":""1""},{""@Name"":""Protocol"",""#text"":""256""},{""@Name"":""LocalPorts""},{""@Name"":""RemotePorts""},{""@Name"":""Action"",""#text"":""3""},{""@Name"":""Profiles"",""#text"":""7""},{""@Name"":""LocalAddresses"",""#text"":""*""},{""@Name"":""RemoteAddresses"",""#text"":""*""},{""@Name"":""RemoteMachineAuthorizationList""},{""@Name"":""RemoteUserAuthorizationList""},{""@Name"":""EmbeddedContext"",""#text"":""@{Microsoft.Windows.StartMenuExperienceHost_10.0.19041.3636_neutral_neutral_cw5n1h2txyewy?ms-resource://Microsoft.Windows.StartMenuExperienceHost/StartMenuExperienceHost/PkgDisplayName}""},{""@Name"":""Flags"",""#text"":""1""},{""@Name"":""Active"",""#text"":""1""},{""@Name"":""EdgeTraversal"",""#text"":""0""},{""@Name"":""LooseSourceMapped"",""#text"":""0""},{""@Name"":""SecurityOptions"",""#text"":""0""},{""@Name"":""ModifyingUser"",""#text"":""S-1-5-80-3088073201-1464728630-1879813800-1107566885-823218052""},{""@Name"":""ModifyingApplication"",""#text"":""C:\\Windows\\System32\\svchost.exe""},{""@Name"":""SchemaVersion"",""#text"":""542""},{""@Name"":""RuleStatus"",""#text"":""65536""},{""@Name"":""LocalOnlyMapped"",""#text"":""0""},{""@Name"":""PolicyAppId""}]}}"
117,349,2025-07-28 20:10:54.9647894,2097,Info,Microsoft-Windows-Windows Firewall With Advanced Security,Microsoft-Windows-Windows Firewall With Advanced Security/Firewall,2184,4624,DESKTOP-5A3QN5S,2,S-1-5-19,,,,,,,,,,,False,C:\Users\VM\Desktop\Firewall.evtx,0x8000020000000000,0,"{""EventData"":{""Data"":[{""@Name"":""RuleId"",""#text"":""{00C530B2-9042-4324-92FC-B749563849F4}""},{""@Name"":""RuleName"",""#text"":""@{Microsoft.Windows.StartMenuExperienceHost_10.0.19041.3636_neutral_neutral_cw5n1h2txyewy?ms-resource://Microsoft.Windows.StartMenuExperienceHost/StartMenuExperienceHost/PkgDisplayName}""},{""@Name"":""Origin"",""#text"":""1""},{""@Name"":""ApplicationPath""},{""@Name"":""ServiceName""},{""@Name"":""Direction"",""#text"":""2""},{""@Name"":""Protocol"",""#text"":""256""},{""@Name"":""LocalPorts""},{""@Name"":""RemotePorts""},{""@Name"":""Action"",""#text"":""3""},{""@Name"":""Profiles"",""#text"":""7""},{""@Name"":""LocalAddresses"",""#text"":""*""},{""@Name"":""RemoteAddresses"",""#text"":""*""},{""@Name"":""RemoteMachineAuthorizationList""},{""@Name"":""RemoteUserAuthorizationList""},{""@Name"":""EmbeddedContext"",""#text"":""@{Microsoft.Windows.StartMenuExperienceHost_10.0.19041.3636_neutral_neutral_cw5n1h2txyewy?ms-resource://Microsoft.Windows.StartMenuExperienceHost/StartMenuExperienceHost/PkgDisplayName}""},{""@Name"":""Flags"",""#text"":""1""},{""@Name"":""Active"",""#text"":""1""},{""@Name"":""EdgeTraversal"",""#text"":""0""},{""@Name"":""LooseSourceMapped"",""#text"":""0""},{""@Name"":""SecurityOptions"",""#text"":""0""},{""@Name"":""ModifyingUser"",""#text"":""S-1-5-80-3088073201-1464728630-1879813800-1107566885-823218052""},{""@Name"":""ModifyingApplication"",""#text"":""C:\\Windows\\System32\\svchost.exe""},{""@Name"":""SchemaVersion"",""#text"":""542""},{""@Name"":""RuleStatus"",""#text"":""65536""},{""@Name"":""LocalOnlyMapped"",""#text"":""0""},{""@Name"":""PolicyAppId""}]}}"
118,350,2025-07-28 20:10:54.9669814,2097,Info,Microsoft-Windows-Windows Firewall With Advanced Security,Microsoft-Windows-Windows Firewall With Advanced Security/Firewall,2184,4624,DESKTOP-5A3QN5S,2,S-1-5-19,,,,,,,,,,,False,C:\Users\VM\Desktop\Firewall.evtx,0x8000020000000000,0,"{""EventData"":{""Data"":[{""@Name"":""RuleId"",""#text"":""{29C72F79-925D-400A-92FC-9A423403DB04}""},{""@Name"":""RuleName"",""#text"":""@{Microsoft.Windows.StartMenuExperienceHost_10.0.19041.3636_neutral_neutral_cw5n1h2txyewy?ms-resource://Microsoft.Windows.StartMenuExperienceHost/StartMenuExperienceHost/PkgDisplayName}""},{""@Name"":""Origin"",""#text"":""1""},{""@Name"":""ApplicationPath""},{""@Name"":""ServiceName""},{""@Name"":""Direction"",""#text"":""1""},{""@Name"":""Protocol"",""#text"":""256""},{""@Name"":""LocalPorts""},{""@Name"":""RemotePorts""},{""@Name"":""Action"",""#text"":""3""},{""@Name"":""Profiles"",""#text"":""6""},{""@Name"":""LocalAddresses"",""#text"":""*""},{""@Name"":""RemoteAddresses"",""#text"":""*""},{""@Name"":""RemoteMachineAuthorizationList""},{""@Name"":""RemoteUserAuthorizationList""},{""@Name"":""EmbeddedContext"",""#text"":""@{Microsoft.Windows.StartMenuExperienceHost_10.0.19041.3636_neutral_neutral_cw5n1h2txyewy?ms-resource://Microsoft.Windows.StartMenuExperienceHost/StartMenuExperienceHost/PkgDisplayName}""},{""@Name"":""Flags"",""#text"":""3""},{""@Name"":""Active"",""#text"":""1""},{""@Name"":""EdgeTraversal"",""#text"":""0""},{""@Name"":""LooseSourceMapped"",""#text"":""0""},{""@Name"":""SecurityOptions"",""#text"":""1""},{""@Name"":""ModifyingUser"",""#text"":""S-1-5-80-3088073201-1464728630-1879813800-1107566885-823218052""},{""@Name"":""ModifyingApplication"",""#text"":""C:\\Windows\\System32\\svchost.exe""},{""@Name"":""SchemaVersion"",""#text"":""542""},{""@Name"":""RuleStatus"",""#text"":""65536""},{""@Name"":""LocalOnlyMapped"",""#text"":""0""},{""@Name"":""PolicyAppId""}]}}"
119,351,2025-07-28 20:10:54.9694175,2097,Info,Microsoft-Windows-Windows Firewall With Advanced Security,Microsoft-Windows-Windows Firewall With Advanced Security/Firewall,2184,4624,DESKTOP-5A3QN5S,2,S-1-5-19,,,,,,,,,,,False,C:\Users\VM\Desktop\Firewall.evtx,0x8000020000000000,0,"{""EventData"":{""Data"":[{""@Name"":""RuleId"",""#text"":""{9F70A3BC-EB87-4C0F-A567-B14B4125551A}""},{""@Name"":""RuleName"",""#text"":""@{Microsoft.Windows.StartMenuExperienceHost_10.0.19041.3636_neutral_neutral_cw5n1h2txyewy?ms-resource://Microsoft.Windows.StartMenuExperienceHost/StartMenuExperienceHost/PkgDisplayName}""},{""@Name"":""Origin"",""#text"":""1""},{""@Name"":""ApplicationPath""},{""@Name"":""ServiceName""},{""@Name"":""Direction"",""#text"":""2""},{""@Name"":""Protocol"",""#text"":""256""},{""@Name"":""LocalPorts""},{""@Name"":""RemotePorts""},{""@Name"":""Action"",""#text"":""3""},{""@Name"":""Profiles"",""#text"":""6""},{""@Name"":""LocalAddresses"",""#text"":""*""},{""@Name"":""RemoteAddresses"",""#text"":""*""},{""@Name"":""RemoteMachineAuthorizationList""},{""@Name"":""RemoteUserAuthorizationList""},{""@Name"":""EmbeddedContext"",""#text"":""@{Microsoft.Windows.StartMenuExperienceHost_10.0.19041.3636_neutral_neutral_cw5n1h2txyewy?ms-resource://Microsoft.Windows.StartMenuExperienceHost/StartMenuExperienceHost/PkgDisplayName}""},{""@Name"":""Flags"",""#text"":""3""},{""@Name"":""Active"",""#text"":""1""},{""@Name"":""EdgeTraversal"",""#text"":""0""},{""@Name"":""LooseSourceMapped"",""#text"":""0""},{""@Name"":""SecurityOptions"",""#text"":""1""},{""@Name"":""ModifyingUser"",""#text"":""S-1-5-80-3088073201-1464728630-1879813800-1107566885-823218052""},{""@Name"":""ModifyingApplication"",""#text"":""C:\\Windows\\System32\\svchost.exe""},{""@Name"":""SchemaVersion"",""#text"":""542""},{""@Name"":""RuleStatus"",""#text"":""65536""},{""@Name"":""LocalOnlyMapped"",""#text"":""0""},{""@Name"":""PolicyAppId""}]}}"
120,352,2025-07-28 20:10:54.9714216,2097,Info,Microsoft-Windows-Windows Firewall With Advanced Security,Microsoft-Windows-Windows Firewall With Advanced Security/Firewall,2184,4624,DESKTOP-5A3QN5S,2,S-1-5-19,,,,,,,,,,,False,C:\Users\VM\Desktop\Firewall.evtx,0x8000020000000000,0,"{""EventData"":{""Data"":[{""@Name"":""RuleId"",""#text"":""{85196D48-2D75-4E01-8807-BF2BF6A7B9E6}""},{""@Name"":""RuleName"",""#text"":""@{Microsoft.Windows.StartMenuExperienceHost_10.0.19041.3636_neutral_neutral_cw5n1h2txyewy?ms-resource://Microsoft.Windows.StartMenuExperienceHost/StartMenuExperienceHost/PkgDisplayName}""},{""@Name"":""Origin"",""#text"":""1""},{""@Name"":""ApplicationPath""},{""@Name"":""ServiceName""},{""@Name"":""Direction"",""#text"":""2""},{""@Name"":""Protocol"",""#text"":""256""},{""@Name"":""LocalPorts""},{""@Name"":""RemotePorts""},{""@Name"":""Action"",""#text"":""3""},{""@Name"":""Profiles"",""#text"":""7""},{""@Name"":""LocalAddresses"",""#text"":""*""},{""@Name"":""RemoteAddresses"",""#text"":""*""},{""@Name"":""RemoteMachineAuthorizationList""},{""@Name"":""RemoteUserAuthorizationList""},{""@Name"":""EmbeddedContext"",""#text"":""@{Microsoft.Windows.StartMenuExperienceHost_10.0.19041.3636_neutral_neutral_cw5n1h2txyewy?ms-resource://Microsoft.Windows.StartMenuExperienceHost/StartMenuExperienceHost/PkgDisplayName}""},{""@Name"":""Flags"",""#text"":""1""},{""@Name"":""Active"",""#text"":""1""},{""@Name"":""EdgeTraversal"",""#text"":""0""},{""@Name"":""LooseSourceMapped"",""#text"":""0""},{""@Name"":""SecurityOptions"",""#text"":""0""},{""@Name"":""ModifyingUser"",""#text"":""S-1-5-80-3088073201-1464728630-1879813800-1107566885-823218052""},{""@Name"":""ModifyingApplication"",""#text"":""C:\\Windows\\System32\\svchost.exe""},{""@Name"":""SchemaVersion"",""#text"":""542""},{""@Name"":""RuleStatus"",""#text"":""65536""},{""@Name"":""LocalOnlyMapped"",""#text"":""0""},{""@Name"":""PolicyAppId""}]}}"
121,353,2025-07-28 20:10:54.9750879,2097,Info,Microsoft-Windows-Windows Firewall With Advanced Security,Microsoft-Windows-Windows Firewall With Advanced Security/Firewall,2184,4624,DESKTOP-5A3QN5S,2,S-1-5-19,,,,,,,,,,,False,C:\Users\VM\Desktop\Firewall.evtx,0x8000020000000000,0,"{""EventData"":{""Data"":[{""@Name"":""RuleId"",""#text"":""{D2928841-BCC1-458A-B811-6F18BDE3B179}""},{""@Name"":""RuleName"",""#text"":""@{Microsoft.Windows.StartMenuExperienceHost_10.0.19041.3636_neutral_neutral_cw5n1h2txyewy?ms-resource://Microsoft.Windows.StartMenuExperienceHost/StartMenuExperienceHost/PkgDisplayName}""},{""@Name"":""Origin"",""#text"":""1""},{""@Name"":""ApplicationPath""},{""@Name"":""ServiceName""},{""@Name"":""Direction"",""#text"":""2""},{""@Name"":""Protocol"",""#text"":""256""},{""@Name"":""LocalPorts""},{""@Name"":""RemotePorts""},{""@Name"":""Action"",""#text"":""3""},{""@Name"":""Profiles"",""#text"":""7""},{""@Name"":""LocalAddresses"",""#text"":""*""},{""@Name"":""RemoteAddresses"",""#text"":""*""},{""@Name"":""RemoteMachineAuthorizationList""},{""@Name"":""RemoteUserAuthorizationList""},{""@Name"":""EmbeddedContext"",""#text"":""@{Microsoft.Windows.StartMenuExperienceHost_10.0.19041.3636_neutral_neutral_cw5n1h2txyewy?ms-resource://Microsoft.Windows.StartMenuExperienceHost/StartMenuExperienceHost/PkgDisplayName}""},{""@Name"":""Flags"",""#text"":""1""},{""@Name"":""Active"",""#text"":""1""},{""@Name"":""EdgeTraversal"",""#text"":""0""},{""@Name"":""LooseSourceMapped"",""#text"":""0""},{""@Name"":""SecurityOptions"",""#text"":""0""},{""@Name"":""ModifyingUser"",""#text"":""S-1-5-80-3088073201-1464728630-1879813800-1107566885-823218052""},{""@Name"":""ModifyingApplication"",""#text"":""C:\\Windows\\System32\\svchost.exe""},{""@Name"":""SchemaVersion"",""#text"":""542""},{""@Name"":""RuleStatus"",""#text"":""65536""},{""@Name"":""LocalOnlyMapped"",""#text"":""0""},{""@Name"":""PolicyAppId""}]}}"
122,354,2025-07-28 20:10:54.9773543,2097,Info,Microsoft-Windows-Windows Firewall With Advanced Security,Microsoft-Windows-Windows Firewall With Advanced Security/Firewall,2184,4624,DESKTOP-5A3QN5S,2,S-1-5-19,,,,,,,,,,,False,C:\Users\VM\Desktop\Firewall.evtx,0x8000020000000000,0,"{""EventData"":{""Data"":[{""@Name"":""RuleId"",""#text"":""{E47BE43C-2F2E-4840-9ED8-742681B32FE1}""},{""@Name"":""RuleName"",""#text"":""@{Microsoft.Windows.StartMenuExperienceHost_10.0.19041.3636_neutral_neutral_cw5n1h2txyewy?ms-resource://Microsoft.Windows.StartMenuExperienceHost/StartMenuExperienceHost/PkgDisplayName}""},{""@Name"":""Origin"",""#text"":""1""},{""@Name"":""ApplicationPath""},{""@Name"":""ServiceName""},{""@Name"":""Direction"",""#text"":""1""},{""@Name"":""Protocol"",""#text"":""256""},{""@Name"":""LocalPorts""},{""@Name"":""RemotePorts""},{""@Name"":""Action"",""#text"":""3""},{""@Name"":""Profiles"",""#text"":""3""},{""@Name"":""LocalAddresses"",""#text"":""*""},{""@Name"":""RemoteAddresses"",""#text"":""*""},{""@Name"":""RemoteMachineAuthorizationList""},{""@Name"":""RemoteUserAuthorizationList""},{""@Name"":""EmbeddedContext"",""#text"":""@{Microsoft.Windows.StartMenuExperienceHost_10.0.19041.3636_neutral_neutral_cw5n1h2txyewy?ms-resource://Microsoft.Windows.StartMenuExperienceHost/StartMenuExperienceHost/PkgDisplayName}""},{""@Name"":""Flags"",""#text"":""1""},{""@Name"":""Active"",""#text"":""1""},{""@Name"":""EdgeTraversal"",""#text"":""0""},{""@Name"":""LooseSourceMapped"",""#text"":""0""},{""@Name"":""SecurityOptions"",""#text"":""0""},{""@Name"":""ModifyingUser"",""#text"":""S-1-5-80-3088073201-1464728630-1879813800-1107566885-823218052""},{""@Name"":""ModifyingApplication"",""#text"":""C:\\Windows\\System32\\svchost.exe""},{""@Name"":""SchemaVersion"",""#text"":""542""},{""@Name"":""RuleStatus"",""#text"":""65536""},{""@Name"":""LocalOnlyMapped"",""#text"":""0""},{""@Name"":""PolicyAppId""}]}}"
123,355,2025-07-28 20:10:55.1360467,2006,Info,Microsoft-Windows-Windows Firewall With Advanced Security,Microsoft-Windows-Windows Firewall With Advanced Security/Firewall,2184,420,DESKTOP-5A3QN5S,2,S-1-5-19,A rule has been deleted in the Windows Defender Firewall exception list,,,RuleName: @{Microsoft.Windows.Search_1.14.10.19041_neutral_neutral_cw5n1h2txyewy?ms-resource://Microsoft.Windows.Search/resources/PackageDisplayName},ModifyingApplication: C:\Windows\System32\svchost.exe,,,,,,False,C:\Users\VM\Desktop\Firewall.evtx,0x8000020000000000,0,"{""EventData"":{""Data"":[{""@Name"":""RuleId"",""#text"":""{092468B1-BD79-40D2-8EC5-53C04F51D459}""},{""@Name"":""RuleName"",""#text"":""@{Microsoft.Windows.Search_1.14.10.19041_neutral_neutral_cw5n1h2txyewy?ms-resource://Microsoft.Windows.Search/resources/PackageDisplayName}""},{""@Name"":""ModifyingUser"",""#text"":""S-1-5-80-3088073201-1464728630-1879813800-1107566885-823218052""},{""@Name"":""ModifyingApplication"",""#text"":""C:\\Windows\\System32\\svchost.exe""}]}}"
124,356,2025-07-28 20:10:55.1365849,2006,Info,Microsoft-Windows-Windows Firewall With Advanced Security,Microsoft-Windows-Windows Firewall With Advanced Security/Firewall,2184,420,DESKTOP-5A3QN5S,2,S-1-5-19,A rule has been deleted in the Windows Defender Firewall exception list,,,RuleName: @{Microsoft.Windows.Search_1.14.10.19041_neutral_neutral_cw5n1h2txyewy?ms-resource://Microsoft.Windows.Search/resources/PackageDisplayName},ModifyingApplication: C:\Windows\System32\svchost.exe,,,,,,False,C:\Users\VM\Desktop\Firewall.evtx,0x8000020000000000,0,"{""EventData"":{""Data"":[{""@Name"":""RuleId"",""#text"":""{9E7200CA-0794-4762-B52C-39935D80D8D0}""},{""@Name"":""RuleName"",""#text"":""@{Microsoft.Windows.Search_1.14.10.19041_neutral_neutral_cw5n1h2txyewy?ms-resource://Microsoft.Windows.Search/resources/PackageDisplayName}""},{""@Name"":""ModifyingUser"",""#text"":""S-1-5-80-3088073201-1464728630-1879813800-1107566885-823218052""},{""@Name"":""ModifyingApplication"",""#text"":""C:\\Windows\\System32\\svchost.exe""}]}}"
125,357,2025-07-28 20:10:55.1369607,2006,Info,Microsoft-Windows-Windows Firewall With Advanced Security,Microsoft-Windows-Windows Firewall With Advanced Security/Firewall,2184,420,DESKTOP-5A3QN5S,2,S-1-5-19,A rule has been deleted in the Windows Defender Firewall exception list,,,RuleName: @{Microsoft.Windows.Search_1.14.10.19041_neutral_neutral_cw5n1h2txyewy?ms-resource://Microsoft.Windows.Search/resources/PackageDisplayName},ModifyingApplication: C:\Windows\System32\svchost.exe,,,,,,False,C:\Users\VM\Desktop\Firewall.evtx,0x8000020000000000,0,"{""EventData"":{""Data"":[{""@Name"":""RuleId"",""#text"":""{C335E441-E2B9-4869-9393-E6E34281D259}""},{""@Name"":""RuleName"",""#text"":""@{Microsoft.Windows.Search_1.14.10.19041_neutral_neutral_cw5n1h2txyewy?ms-resource://Microsoft.Windows.Search/resources/PackageDisplayName}""},{""@Name"":""ModifyingUser"",""#text"":""S-1-5-80-3088073201-1464728630-1879813800-1107566885-823218052""},{""@Name"":""ModifyingApplication"",""#text"":""C:\\Windows\\System32\\svchost.exe""}]}}"
126,358,2025-07-28 20:10:55.1373172,2006,Info,Microsoft-Windows-Windows Firewall With Advanced Security,Microsoft-Windows-Windows Firewall With Advanced Security/Firewall,2184,420,DESKTOP-5A3QN5S,2,S-1-5-19,A rule has been deleted in the Windows Defender Firewall exception list,,,RuleName: @{Microsoft.Windows.Search_1.14.10.19041_neutral_neutral_cw5n1h2txyewy?ms-resource://Microsoft.Windows.Search/resources/PackageDisplayName},ModifyingApplication: C:\Windows\System32\svchost.exe,,,,,,False,C:\Users\VM\Desktop\Firewall.evtx,0x8000020000000000,0,"{""EventData"":{""Data"":[{""@Name"":""RuleId"",""#text"":""{CA1EC776-4764-4672-9A76-94EFC99094E9}""},{""@Name"":""RuleName"",""#text"":""@{Microsoft.Windows.Search_1.14.10.19041_neutral_neutral_cw5n1h2txyewy?ms-resource://Microsoft.Windows.Search/resources/PackageDisplayName}""},{""@Name"":""ModifyingUser"",""#text"":""S-1-5-80-3088073201-1464728630-1879813800-1107566885-823218052""},{""@Name"":""ModifyingApplication"",""#text"":""C:\\Windows\\System32\\svchost.exe""}]}}"
127,359,2025-07-28 20:10:55.1409924,2006,Info,Microsoft-Windows-Windows Firewall With Advanced Security,Microsoft-Windows-Windows Firewall With Advanced Security/Firewall,2184,420,DESKTOP-5A3QN5S,2,S-1-5-19,A rule has been deleted in the Windows Defender Firewall exception list,,,RuleName: @{Microsoft.Windows.Search_1.14.10.19041_neutral_neutral_cw5n1h2txyewy?ms-resource://Microsoft.Windows.Search/resources/PackageDisplayName},ModifyingApplication: C:\Windows\System32\svchost.exe,,,,,,False,C:\Users\VM\Desktop\Firewall.evtx,0x8000020000000000,0,"{""EventData"":{""Data"":[{""@Name"":""RuleId"",""#text"":""{12C21197-8207-47B5-A8C3-254CC3174703}""},{""@Name"":""RuleName"",""#text"":""@{Microsoft.Windows.Search_1.14.10.19041_neutral_neutral_cw5n1h2txyewy?ms-resource://Microsoft.Windows.Search/resources/PackageDisplayName}""},{""@Name"":""ModifyingUser"",""#text"":""S-1-5-80-3088073201-1464728630-1879813800-1107566885-823218052""},{""@Name"":""ModifyingApplication"",""#text"":""C:\\Windows\\System32\\svchost.exe""}]}}"
128,360,2025-07-28 20:10:55.1415810,2006,Info,Microsoft-Windows-Windows Firewall With Advanced Security,Microsoft-Windows-Windows Firewall With Advanced Security/Firewall,2184,420,DESKTOP-5A3QN5S,2,S-1-5-19,A rule has been deleted in the Windows Defender Firewall exception list,,,RuleName: @{Microsoft.Windows.Search_1.14.10.19041_neutral_neutral_cw5n1h2txyewy?ms-resource://Microsoft.Windows.Search/resources/PackageDisplayName},ModifyingApplication: C:\Windows\System32\svchost.exe,,,,,,False,C:\Users\VM\Desktop\Firewall.evtx,0x8000020000000000,0,"{""EventData"":{""Data"":[{""@Name"":""RuleId"",""#text"":""{FC0057AE-AAD9-471F-BD2D-D00DD0870E0E}""},{""@Name"":""RuleName"",""#text"":""@{Microsoft.Windows.Search_1.14.10.19041_neutral_neutral_cw5n1h2txyewy?ms-resource://Microsoft.Windows.Search/resources/PackageDisplayName}""},{""@Name"":""ModifyingUser"",""#text"":""S-1-5-80-3088073201-1464728630-1879813800-1107566885-823218052""},{""@Name"":""ModifyingApplication"",""#text"":""C:\\Windows\\System32\\svchost.exe""}]}}"
129,361,2025-07-28 20:10:55.1419449,2006,Info,Microsoft-Windows-Windows Firewall With Advanced Security,Microsoft-Windows-Windows Firewall With Advanced Security/Firewall,2184,420,DESKTOP-5A3QN5S,2,S-1-5-19,A rule has been deleted in the Windows Defender Firewall exception list,,,RuleName: @{Microsoft.Windows.Search_1.14.10.19041_neutral_neutral_cw5n1h2txyewy?ms-resource://Microsoft.Windows.Search/resources/PackageDisplayName},ModifyingApplication: C:\Windows\System32\svchost.exe,,,,,,False,C:\Users\VM\Desktop\Firewall.evtx,0x8000020000000000,0,"{""EventData"":{""Data"":[{""@Name"":""RuleId"",""#text"":""{5C7E010B-8571-4F1F-94F6-8E5050569C92}""},{""@Name"":""RuleName"",""#text"":""@{Microsoft.Windows.Search_1.14.10.19041_neutral_neutral_cw5n1h2txyewy?ms-resource://Microsoft.Windows.Search/resources/PackageDisplayName}""},{""@Name"":""ModifyingUser"",""#text"":""S-1-5-80-3088073201-1464728630-1879813800-1107566885-823218052""},{""@Name"":""ModifyingApplication"",""#text"":""C:\\Windows\\System32\\svchost.exe""}]}}"
130,362,2025-07-28 20:10:55.1429682,2006,Info,Microsoft-Windows-Windows Firewall With Advanced Security,Microsoft-Windows-Windows Firewall With Advanced Security/Firewall,2184,420,DESKTOP-5A3QN5S,2,S-1-5-19,A rule has been deleted in the Windows Defender Firewall exception list,,,RuleName: @{Microsoft.Windows.Search_1.14.10.19041_neutral_neutral_cw5n1h2txyewy?ms-resource://Microsoft.Windows.Search/resources/PackageDisplayName},ModifyingApplication: C:\Windows\System32\svchost.exe,,,,,,False,C:\Users\VM\Desktop\Firewall.evtx,0x8000020000000000,0,"{""EventData"":{""Data"":[{""@Name"":""RuleId"",""#text"":""{D3E3FA08-62EE-4855-A81C-6B31ADEC53B4}""},{""@Name"":""RuleName"",""#text"":""@{Microsoft.Windows.Search_1.14.10.19041_neutral_neutral_cw5n1h2txyewy?ms-resource://Microsoft.Windows.Search/resources/PackageDisplayName}""},{""@Name"":""ModifyingUser"",""#text"":""S-1-5-80-3088073201-1464728630-1879813800-1107566885-823218052""},{""@Name"":""ModifyingApplication"",""#text"":""C:\\Windows\\System32\\svchost.exe""}]}}"
131,363,2025-07-28 20:10:55.1437043,2006,Info,Microsoft-Windows-Windows Firewall With Advanced Security,Microsoft-Windows-Windows Firewall With Advanced Security/Firewall,2184,420,DESKTOP-5A3QN5S,2,S-1-5-19,A rule has been deleted in the Windows Defender Firewall exception list,,,RuleName: @{Microsoft.Windows.Search_1.14.10.19041_neutral_neutral_cw5n1h2txyewy?ms-resource://Microsoft.Windows.Search/resources/PackageDisplayName},ModifyingApplication: C:\Windows\System32\svchost.exe,,,,,,False,C:\Users\VM\Desktop\Firewall.evtx,0x8000020000000000,0,"{""EventData"":{""Data"":[{""@Name"":""RuleId"",""#text"":""{C302FA85-867F-4AA2-BE21-D050431FBFB2}""},{""@Name"":""RuleName"",""#text"":""@{Microsoft.Windows.Search_1.14.10.19041_neutral_neutral_cw5n1h2txyewy?ms-resource://Microsoft.Windows.Search/resources/PackageDisplayName}""},{""@Name"":""ModifyingUser"",""#text"":""S-1-5-80-3088073201-1464728630-1879813800-1107566885-823218052""},{""@Name"":""ModifyingApplication"",""#text"":""C:\\Windows\\System32\\svchost.exe""}]}}"
132,364,2025-07-28 20:10:55.1488459,2097,Info,Microsoft-Windows-Windows Firewall With Advanced Security,Microsoft-Windows-Windows Firewall With Advanced Security/Firewall,2184,4624,DESKTOP-5A3QN5S,2,S-1-5-19,,,,,,,,,,,False,C:\Users\VM\Desktop\Firewall.evtx,0x8000020000000000,0,"{""EventData"":{""Data"":[{""@Name"":""RuleId"",""#text"":""{6AC178E9-5F3C-45B2-ACB5-6792A5880102}""},{""@Name"":""RuleName"",""#text"":""@{Microsoft.Windows.Search_1.14.10.19041_neutral_neutral_cw5n1h2txyewy?ms-resource://Microsoft.Windows.Search/resources/PackageDisplayName}""},{""@Name"":""Origin"",""#text"":""1""},{""@Name"":""ApplicationPath""},{""@Name"":""ServiceName""},{""@Name"":""Direction"",""#text"":""1""},{""@Name"":""Protocol"",""#text"":""256""},{""@Name"":""LocalPorts""},{""@Name"":""RemotePorts""},{""@Name"":""Action"",""#text"":""2""},{""@Name"":""Profiles"",""#text"":""2147483647""},{""@Name"":""LocalAddresses"",""#text"":""*""},{""@Name"":""RemoteAddresses"",""#text"":""*""},{""@Name"":""RemoteMachineAuthorizationList""},{""@Name"":""RemoteUserAuthorizationList""},{""@Name"":""EmbeddedContext"",""#text"":""@{Microsoft.Windows.Search_1.14.10.19041_neutral_neutral_cw5n1h2txyewy?ms-resource://Microsoft.Windows.Search/resources/PackageDisplayName}""},{""@Name"":""Flags"",""#text"":""1""},{""@Name"":""Active"",""#text"":""1""},{""@Name"":""EdgeTraversal"",""#text"":""0""},{""@Name"":""LooseSourceMapped"",""#text"":""0""},{""@Name"":""SecurityOptions"",""#text"":""0""},{""@Name"":""ModifyingUser"",""#text"":""S-1-5-80-3088073201-1464728630-1879813800-1107566885-823218052""},{""@Name"":""ModifyingApplication"",""#text"":""C:\\Windows\\System32\\svchost.exe""},{""@Name"":""SchemaVersion"",""#text"":""542""},{""@Name"":""RuleStatus"",""#text"":""65536""},{""@Name"":""LocalOnlyMapped"",""#text"":""0""},{""@Name"":""PolicyAppId""}]}}"
133,365,2025-07-28 20:10:55.1514448,2097,Info,Microsoft-Windows-Windows Firewall With Advanced Security,Microsoft-Windows-Windows Firewall With Advanced Security/Firewall,2184,4624,DESKTOP-5A3QN5S,2,S-1-5-19,,,,,,,,,,,False,C:\Users\VM\Desktop\Firewall.evtx,0x8000020000000000,0,"{""EventData"":{""Data"":[{""@Name"":""RuleId"",""#text"":""{40C02EB5-DED3-481B-93D4-8BC9E8585F80}""},{""@Name"":""RuleName"",""#text"":""@{Microsoft.Windows.Search_1.14.10.19041_neutral_neutral_cw5n1h2txyewy?ms-resource://Microsoft.Windows.Search/resources/PackageDisplayName}""},{""@Name"":""Origin"",""#text"":""1""},{""@Name"":""ApplicationPath""},{""@Name"":""ServiceName""},{""@Name"":""Direction"",""#text"":""2""},{""@Name"":""Protocol"",""#text"":""256""},{""@Name"":""LocalPorts""},{""@Name"":""RemotePorts""},{""@Name"":""Action"",""#text"":""2""},{""@Name"":""Profiles"",""#text"":""2147483647""},{""@Name"":""LocalAddresses"",""#text"":""*""},{""@Name"":""RemoteAddresses"",""#text"":""*""},{""@Name"":""RemoteMachineAuthorizationList""},{""@Name"":""RemoteUserAuthorizationList""},{""@Name"":""EmbeddedContext"",""#text"":""@{Microsoft.Windows.Search_1.14.10.19041_neutral_neutral_cw5n1h2txyewy?ms-resource://Microsoft.Windows.Search/resources/PackageDisplayName}""},{""@Name"":""Flags"",""#text"":""1""},{""@Name"":""Active"",""#text"":""1""},{""@Name"":""EdgeTraversal"",""#text"":""0""},{""@Name"":""LooseSourceMapped"",""#text"":""0""},{""@Name"":""SecurityOptions"",""#text"":""0""},{""@Name"":""ModifyingUser"",""#text"":""S-1-5-80-3088073201-1464728630-1879813800-1107566885-823218052""},{""@Name"":""ModifyingApplication"",""#text"":""C:\\Windows\\System32\\svchost.exe""},{""@Name"":""SchemaVersion"",""#text"":""542""},{""@Name"":""RuleStatus"",""#text"":""65536""},{""@Name"":""LocalOnlyMapped"",""#text"":""0""},{""@Name"":""PolicyAppId""}]}}"
134,366,2025-07-28 20:10:55.1551555,2097,Info,Microsoft-Windows-Windows Firewall With Advanced Security,Microsoft-Windows-Windows Firewall With Advanced Security/Firewall,2184,4624,DESKTOP-5A3QN5S,2,S-1-5-19,,,,,,,,,,,False,C:\Users\VM\Desktop\Firewall.evtx,0x8000020000000000,0,"{""EventData"":{""Data"":[{""@Name"":""RuleId"",""#text"":""{5B90365D-B497-4DB6-AA27-E450F031EA5D}""},{""@Name"":""RuleName"",""#text"":""@{Microsoft.Windows.Search_1.14.10.19041_neutral_neutral_cw5n1h2txyewy?ms-resource://Microsoft.Windows.Search/resources/PackageDisplayName}""},{""@Name"":""Origin"",""#text"":""1""},{""@Name"":""ApplicationPath""},{""@Name"":""ServiceName""},{""@Name"":""Direction"",""#text"":""1""},{""@Name"":""Protocol"",""#text"":""256""},{""@Name"":""LocalPorts""},{""@Name"":""RemotePorts""},{""@Name"":""Action"",""#text"":""3""},{""@Name"":""Profiles"",""#text"":""7""},{""@Name"":""LocalAddresses"",""#text"":""*""},{""@Name"":""RemoteAddresses"",""#text"":""*""},{""@Name"":""RemoteMachineAuthorizationList""},{""@Name"":""RemoteUserAuthorizationList""},{""@Name"":""EmbeddedContext"",""#text"":""@{Microsoft.Windows.Search_1.14.10.19041_neutral_neutral_cw5n1h2txyewy?ms-resource://Microsoft.Windows.Search/resources/PackageDisplayName}""},{""@Name"":""Flags"",""#text"":""1""},{""@Name"":""Active"",""#text"":""1""},{""@Name"":""EdgeTraversal"",""#text"":""0""},{""@Name"":""LooseSourceMapped"",""#text"":""0""},{""@Name"":""SecurityOptions"",""#text"":""0""},{""@Name"":""ModifyingUser"",""#text"":""S-1-5-80-3088073201-1464728630-1879813800-1107566885-823218052""},{""@Name"":""ModifyingApplication"",""#text"":""C:\\Windows\\System32\\svchost.exe""},{""@Name"":""SchemaVersion"",""#text"":""542""},{""@Name"":""RuleStatus"",""#text"":""65536""},{""@Name"":""LocalOnlyMapped"",""#text"":""0""},{""@Name"":""PolicyAppId""}]}}"
135,367,2025-07-28 20:10:55.1577498,2097,Info,Microsoft-Windows-Windows Firewall With Advanced Security,Microsoft-Windows-Windows Firewall With Advanced Security/Firewall,2184,4624,DESKTOP-5A3QN5S,2,S-1-5-19,,,,,,,,,,,False,C:\Users\VM\Desktop\Firewall.evtx,0x8000020000000000,0,"{""EventData"":{""Data"":[{""@Name"":""RuleId"",""#text"":""{9E5CB7DE-D96E-43BA-98F7-DA84D99B3C3E}""},{""@Name"":""RuleName"",""#text"":""@{Microsoft.Windows.Search_1.14.10.19041_neutral_neutral_cw5n1h2txyewy?ms-resource://Microsoft.Windows.Search/resources/PackageDisplayName}""},{""@Name"":""Origin"",""#text"":""1""},{""@Name"":""ApplicationPath""},{""@Name"":""ServiceName""},{""@Name"":""Direction"",""#text"":""2""},{""@Name"":""Protocol"",""#text"":""256""},{""@Name"":""LocalPorts""},{""@Name"":""RemotePorts""},{""@Name"":""Action"",""#text"":""3""},{""@Name"":""Profiles"",""#text"":""7""},{""@Name"":""LocalAddresses"",""#text"":""*""},{""@Name"":""RemoteAddresses"",""#text"":""*""},{""@Name"":""RemoteMachineAuthorizationList""},{""@Name"":""RemoteUserAuthorizationList""},{""@Name"":""EmbeddedContext"",""#text"":""@{Microsoft.Windows.Search_1.14.10.19041_neutral_neutral_cw5n1h2txyewy?ms-resource://Microsoft.Windows.Search/resources/PackageDisplayName}""},{""@Name"":""Flags"",""#text"":""1""},{""@Name"":""Active"",""#text"":""1""},{""@Name"":""EdgeTraversal"",""#text"":""0""},{""@Name"":""LooseSourceMapped"",""#text"":""0""},{""@Name"":""SecurityOptions"",""#text"":""0""},{""@Name"":""ModifyingUser"",""#text"":""S-1-5-80-3088073201-1464728630-1879813800-1107566885-823218052""},{""@Name"":""ModifyingApplication"",""#text"":""C:\\Windows\\System32\\svchost.exe""},{""@Name"":""SchemaVersion"",""#text"":""542""},{""@Name"":""RuleStatus"",""#text"":""65536""},{""@Name"":""LocalOnlyMapped"",""#text"":""0""},{""@Name"":""PolicyAppId""}]}}"
136,368,2025-07-28 20:10:55.1606789,2097,Info,Microsoft-Windows-Windows Firewall With Advanced Security,Microsoft-Windows-Windows Firewall With Advanced Security/Firewall,2184,4624,DESKTOP-5A3QN5S,2,S-1-5-19,,,,,,,,,,,False,C:\Users\VM\Desktop\Firewall.evtx,0x8000020000000000,0,"{""EventData"":{""Data"":[{""@Name"":""RuleId"",""#text"":""{CF1B2A99-9348-4B62-9741-40041C682A37}""},{""@Name"":""RuleName"",""#text"":""@{Microsoft.Windows.Search_1.14.10.19041_neutral_neutral_cw5n1h2txyewy?ms-resource://Microsoft.Windows.Search/resources/PackageDisplayName}""},{""@Name"":""Origin"",""#text"":""1""},{""@Name"":""ApplicationPath""},{""@Name"":""ServiceName""},{""@Name"":""Direction"",""#text"":""1""},{""@Name"":""Protocol"",""#text"":""256""},{""@Name"":""LocalPorts""},{""@Name"":""RemotePorts""},{""@Name"":""Action"",""#text"":""3""},{""@Name"":""Profiles"",""#text"":""6""},{""@Name"":""LocalAddresses"",""#text"":""*""},{""@Name"":""RemoteAddresses"",""#text"":""*""},{""@Name"":""RemoteMachineAuthorizationList""},{""@Name"":""RemoteUserAuthorizationList""},{""@Name"":""EmbeddedContext"",""#text"":""@{Microsoft.Windows.Search_1.14.10.19041_neutral_neutral_cw5n1h2txyewy?ms-resource://Microsoft.Windows.Search/resources/PackageDisplayName}""},{""@Name"":""Flags"",""#text"":""3""},{""@Name"":""Active"",""#text"":""1""},{""@Name"":""EdgeTraversal"",""#text"":""0""},{""@Name"":""LooseSourceMapped"",""#text"":""0""},{""@Name"":""SecurityOptions"",""#text"":""1""},{""@Name"":""ModifyingUser"",""#text"":""S-1-5-80-3088073201-1464728630-1879813800-1107566885-823218052""},{""@Name"":""ModifyingApplication"",""#text"":""C:\\Windows\\System32\\svchost.exe""},{""@Name"":""SchemaVersion"",""#text"":""542""},{""@Name"":""RuleStatus"",""#text"":""65536""},{""@Name"":""LocalOnlyMapped"",""#text"":""0""},{""@Name"":""PolicyAppId""}]}}"
137,369,2025-07-28 20:10:55.1643323,2097,Info,Microsoft-Windows-Windows Firewall With Advanced Security,Microsoft-Windows-Windows Firewall With Advanced Security/Firewall,2184,4624,DESKTOP-5A3QN5S,2,S-1-5-19,,,,,,,,,,,False,C:\Users\VM\Desktop\Firewall.evtx,0x8000020000000000,0,"{""EventData"":{""Data"":[{""@Name"":""RuleId"",""#text"":""{822034E8-7B71-4469-B19F-A5419B7D924B}""},{""@Name"":""RuleName"",""#text"":""@{Microsoft.Windows.Search_1.14.10.19041_neutral_neutral_cw5n1h2txyewy?ms-resource://Microsoft.Windows.Search/resources/PackageDisplayName}""},{""@Name"":""Origin"",""#text"":""1""},{""@Name"":""ApplicationPath""},{""@Name"":""ServiceName""},{""@Name"":""Direction"",""#text"":""2""},{""@Name"":""Protocol"",""#text"":""256""},{""@Name"":""LocalPorts""},{""@Name"":""RemotePorts""},{""@Name"":""Action"",""#text"":""3""},{""@Name"":""Profiles"",""#text"":""6""},{""@Name"":""LocalAddresses"",""#text"":""*""},{""@Name"":""RemoteAddresses"",""#text"":""*""},{""@Name"":""RemoteMachineAuthorizationList""},{""@Name"":""RemoteUserAuthorizationList""},{""@Name"":""EmbeddedContext"",""#text"":""@{Microsoft.Windows.Search_1.14.10.19041_neutral_neutral_cw5n1h2txyewy?ms-resource://Microsoft.Windows.Search/resources/PackageDisplayName}""},{""@Name"":""Flags"",""#text"":""3""},{""@Name"":""Active"",""#text"":""1""},{""@Name"":""EdgeTraversal"",""#text"":""0""},{""@Name"":""LooseSourceMapped"",""#text"":""0""},{""@Name"":""SecurityOptions"",""#text"":""1""},{""@Name"":""ModifyingUser"",""#text"":""S-1-5-80-3088073201-1464728630-1879813800-1107566885-823218052""},{""@Name"":""ModifyingApplication"",""#text"":""C:\\Windows\\System32\\svchost.exe""},{""@Name"":""SchemaVersion"",""#text"":""542""},{""@Name"":""RuleStatus"",""#text"":""65536""},{""@Name"":""LocalOnlyMapped"",""#text"":""0""},{""@Name"":""PolicyAppId""}]}}"
138,370,2025-07-28 20:10:55.1669935,2097,Info,Microsoft-Windows-Windows Firewall With Advanced Security,Microsoft-Windows-Windows Firewall With Advanced Security/Firewall,2184,4624,DESKTOP-5A3QN5S,2,S-1-5-19,,,,,,,,,,,False,C:\Users\VM\Desktop\Firewall.evtx,0x8000020000000000,0,"{""EventData"":{""Data"":[{""@Name"":""RuleId"",""#text"":""{401248C1-51ED-4F1F-B413-6B1496FEBB90}""},{""@Name"":""RuleName"",""#text"":""@{Microsoft.Windows.Search_1.14.10.19041_neutral_neutral_cw5n1h2txyewy?ms-resource://Microsoft.Windows.Search/resources/PackageDisplayName}""},{""@Name"":""Origin"",""#text"":""1""},{""@Name"":""ApplicationPath""},{""@Name"":""ServiceName""},{""@Name"":""Direction"",""#text"":""2""},{""@Name"":""Protocol"",""#text"":""256""},{""@Name"":""LocalPorts""},{""@Name"":""RemotePorts""},{""@Name"":""Action"",""#text"":""3""},{""@Name"":""Profiles"",""#text"":""7""},{""@Name"":""LocalAddresses"",""#text"":""*""},{""@Name"":""RemoteAddresses"",""#text"":""*""},{""@Name"":""RemoteMachineAuthorizationList""},{""@Name"":""RemoteUserAuthorizationList""},{""@Name"":""EmbeddedContext"",""#text"":""@{Microsoft.Windows.Search_1.14.10.19041_neutral_neutral_cw5n1h2txyewy?ms-resource://Microsoft.Windows.Search/resources/PackageDisplayName}""},{""@Name"":""Flags"",""#text"":""1""},{""@Name"":""Active"",""#text"":""1""},{""@Name"":""EdgeTraversal"",""#text"":""0""},{""@Name"":""LooseSourceMapped"",""#text"":""0""},{""@Name"":""SecurityOptions"",""#text"":""0""},{""@Name"":""ModifyingUser"",""#text"":""S-1-5-80-3088073201-1464728630-1879813800-1107566885-823218052""},{""@Name"":""ModifyingApplication"",""#text"":""C:\\Windows\\System32\\svchost.exe""},{""@Name"":""SchemaVersion"",""#text"":""542""},{""@Name"":""RuleStatus"",""#text"":""65536""},{""@Name"":""LocalOnlyMapped"",""#text"":""0""},{""@Name"":""PolicyAppId""}]}}"
139,371,2025-07-28 20:10:55.1693855,2097,Info,Microsoft-Windows-Windows Firewall With Advanced Security,Microsoft-Windows-Windows Firewall With Advanced Security/Firewall,2184,4624,DESKTOP-5A3QN5S,2,S-1-5-19,,,,,,,,,,,False,C:\Users\VM\Desktop\Firewall.evtx,0x8000020000000000,0,"{""EventData"":{""Data"":[{""@Name"":""RuleId"",""#text"":""{5CF3D31F-215D-4FB1-B2B5-CB21F04602A9}""},{""@Name"":""RuleName"",""#text"":""@{Microsoft.Windows.Search_1.14.10.19041_neutral_neutral_cw5n1h2txyewy?ms-resource://Microsoft.Windows.Search/resources/PackageDisplayName}""},{""@Name"":""Origin"",""#text"":""1""},{""@Name"":""ApplicationPath""},{""@Name"":""ServiceName""},{""@Name"":""Direction"",""#text"":""2""},{""@Name"":""Protocol"",""#text"":""256""},{""@Name"":""LocalPorts""},{""@Name"":""RemotePorts""},{""@Name"":""Action"",""#text"":""3""},{""@Name"":""Profiles"",""#text"":""7""},{""@Name"":""LocalAddresses"",""#text"":""*""},{""@Name"":""RemoteAddresses"",""#text"":""*""},{""@Name"":""RemoteMachineAuthorizationList""},{""@Name"":""RemoteUserAuthorizationList""},{""@Name"":""EmbeddedContext"",""#text"":""@{Microsoft.Windows.Search_1.14.10.19041_neutral_neutral_cw5n1h2txyewy?ms-resource://Microsoft.Windows.Search/resources/PackageDisplayName}""},{""@Name"":""Flags"",""#text"":""1""},{""@Name"":""Active"",""#text"":""1""},{""@Name"":""EdgeTraversal"",""#text"":""0""},{""@Name"":""LooseSourceMapped"",""#text"":""0""},{""@Name"":""SecurityOptions"",""#text"":""0""},{""@Name"":""ModifyingUser"",""#text"":""S-1-5-80-3088073201-1464728630-1879813800-1107566885-823218052""},{""@Name"":""ModifyingApplication"",""#text"":""C:\\Windows\\System32\\svchost.exe""},{""@Name"":""SchemaVersion"",""#text"":""542""},{""@Name"":""RuleStatus"",""#text"":""65536""},{""@Name"":""LocalOnlyMapped"",""#text"":""0""},{""@Name"":""PolicyAppId""}]}}"
140,372,2025-07-28 20:10:55.1713611,2097,Info,Microsoft-Windows-Windows Firewall With Advanced Security,Microsoft-Windows-Windows Firewall With Advanced Security/Firewall,2184,4624,DESKTOP-5A3QN5S,2,S-1-5-19,,,,,,,,,,,False,C:\Users\VM\Desktop\Firewall.evtx,0x8000020000000000,0,"{""EventData"":{""Data"":[{""@Name"":""RuleId"",""#text"":""{6372B705-A1CC-45E2-8D7B-E82BB5172C73}""},{""@Name"":""RuleName"",""#text"":""@{Microsoft.Windows.Search_1.14.10.19041_neutral_neutral_cw5n1h2txyewy?ms-resource://Microsoft.Windows.Search/resources/PackageDisplayName}""},{""@Name"":""Origin"",""#text"":""1""},{""@Name"":""ApplicationPath""},{""@Name"":""ServiceName""},{""@Name"":""Direction"",""#text"":""1""},{""@Name"":""Protocol"",""#text"":""256""},{""@Name"":""LocalPorts""},{""@Name"":""RemotePorts""},{""@Name"":""Action"",""#text"":""3""},{""@Name"":""Profiles"",""#text"":""3""},{""@Name"":""LocalAddresses"",""#text"":""*""},{""@Name"":""RemoteAddresses"",""#text"":""*""},{""@Name"":""RemoteMachineAuthorizationList""},{""@Name"":""RemoteUserAuthorizationList""},{""@Name"":""EmbeddedContext"",""#text"":""@{Microsoft.Windows.Search_1.14.10.19041_neutral_neutral_cw5n1h2txyewy?ms-resource://Microsoft.Windows.Search/resources/PackageDisplayName}""},{""@Name"":""Flags"",""#text"":""1""},{""@Name"":""Active"",""#text"":""1""},{""@Name"":""EdgeTraversal"",""#text"":""0""},{""@Name"":""LooseSourceMapped"",""#text"":""0""},{""@Name"":""SecurityOptions"",""#text"":""0""},{""@Name"":""ModifyingUser"",""#text"":""S-1-5-80-3088073201-1464728630-1879813800-1107566885-823218052""},{""@Name"":""ModifyingApplication"",""#text"":""C:\\Windows\\System32\\svchost.exe""},{""@Name"":""SchemaVersion"",""#text"":""542""},{""@Name"":""RuleStatus"",""#text"":""65536""},{""@Name"":""LocalOnlyMapped"",""#text"":""0""},{""@Name"":""PolicyAppId""}]}}"
141,373,2025-07-28 20:10:55.1920390,2097,Info,Microsoft-Windows-Windows Firewall With Advanced Security,Microsoft-Windows-Windows Firewall With Advanced Security/Firewall,2184,1060,DESKTOP-5A3QN5S,2,S-1-5-19,,,,,,,,,,,False,C:\Users\VM\Desktop\Firewall.evtx,0x8000020000000000,0,"{""EventData"":{""Data"":[{""@Name"":""RuleId"",""#text"":""{351B8B9D-AB04-4BEA-83F2-C91A3845D8F2}""},{""@Name"":""RuleName"",""#text"":""@{Microsoft.ECApp_10.0.19041.3636_neutral__8wekyb3d8bbwe?ms-resource://Microsoft.ECApp/Resources/AppDisplayName}""},{""@Name"":""Origin"",""#text"":""1""},{""@Name"":""ApplicationPath""},{""@Name"":""ServiceName""},{""@Name"":""Direction"",""#text"":""1""},{""@Name"":""Protocol"",""#text"":""256""},{""@Name"":""LocalPorts""},{""@Name"":""RemotePorts""},{""@Name"":""Action"",""#text"":""2""},{""@Name"":""Profiles"",""#text"":""2147483647""},{""@Name"":""LocalAddresses"",""#text"":""*""},{""@Name"":""RemoteAddresses"",""#text"":""*""},{""@Name"":""RemoteMachineAuthorizationList""},{""@Name"":""RemoteUserAuthorizationList""},{""@Name"":""EmbeddedContext"",""#text"":""@{Microsoft.ECApp_10.0.19041.3636_neutral__8wekyb3d8bbwe?ms-resource://Microsoft.ECApp/Resources/AppDisplayName}""},{""@Name"":""Flags"",""#text"":""1""},{""@Name"":""Active"",""#text"":""1""},{""@Name"":""EdgeTraversal"",""#text"":""0""},{""@Name"":""LooseSourceMapped"",""#text"":""0""},{""@Name"":""SecurityOptions"",""#text"":""0""},{""@Name"":""ModifyingUser"",""#text"":""S-1-5-80-3088073201-1464728630-1879813800-1107566885-823218052""},{""@Name"":""ModifyingApplication"",""#text"":""C:\\Windows\\System32\\svchost.exe""},{""@Name"":""SchemaVersion"",""#text"":""542""},{""@Name"":""RuleStatus"",""#text"":""65536""},{""@Name"":""LocalOnlyMapped"",""#text"":""0""},{""@Name"":""PolicyAppId""}]}}"
142,374,2025-07-28 20:10:55.1960466,2097,Info,Microsoft-Windows-Windows Firewall With Advanced Security,Microsoft-Windows-Windows Firewall With Advanced Security/Firewall,2184,1060,DESKTOP-5A3QN5S,2,S-1-5-19,,,,,,,,,,,False,C:\Users\VM\Desktop\Firewall.evtx,0x8000020000000000,0,"{""EventData"":{""Data"":[{""@Name"":""RuleId"",""#text"":""{8383CFAA-19B5-412D-AFAC-2998AB8F1737}""},{""@Name"":""RuleName"",""#text"":""@{Microsoft.ECApp_10.0.19041.3636_neutral__8wekyb3d8bbwe?ms-resource://Microsoft.ECApp/Resources/AppDisplayName}""},{""@Name"":""Origin"",""#text"":""1""},{""@Name"":""ApplicationPath""},{""@Name"":""ServiceName""},{""@Name"":""Direction"",""#text"":""2""},{""@Name"":""Protocol"",""#text"":""256""},{""@Name"":""LocalPorts""},{""@Name"":""RemotePorts""},{""@Name"":""Action"",""#text"":""2""},{""@Name"":""Profiles"",""#text"":""2147483647""},{""@Name"":""LocalAddresses"",""#text"":""*""},{""@Name"":""RemoteAddresses"",""#text"":""*""},{""@Name"":""RemoteMachineAuthorizationList""},{""@Name"":""RemoteUserAuthorizationList""},{""@Name"":""EmbeddedContext"",""#text"":""@{Microsoft.ECApp_10.0.19041.3636_neutral__8wekyb3d8bbwe?ms-resource://Microsoft.ECApp/Resources/AppDisplayName}""},{""@Name"":""Flags"",""#text"":""1""},{""@Name"":""Active"",""#text"":""1""},{""@Name"":""EdgeTraversal"",""#text"":""0""},{""@Name"":""LooseSourceMapped"",""#text"":""0""},{""@Name"":""SecurityOptions"",""#text"":""0""},{""@Name"":""ModifyingUser"",""#text"":""S-1-5-80-3088073201-1464728630-1879813800-1107566885-823218052""},{""@Name"":""ModifyingApplication"",""#text"":""C:\\Windows\\System32\\svchost.exe""},{""@Name"":""SchemaVersion"",""#text"":""542""},{""@Name"":""RuleStatus"",""#text"":""65536""},{""@Name"":""LocalOnlyMapped"",""#text"":""0""},{""@Name"":""PolicyAppId""}]}}"
143,375,2025-07-28 20:10:55.8065469,2097,Info,Microsoft-Windows-Windows Firewall With Advanced Security,Microsoft-Windows-Windows Firewall With Advanced Security/Firewall,2184,4864,DESKTOP-5A3QN5S,2,S-1-5-19,,,,,,,,,,,False,C:\Users\VM\Desktop\Firewall.evtx,0x8000020000000000,0,"{""EventData"":{""Data"":[{""@Name"":""RuleId"",""#text"":""{C232E13F-DA80-4699-97AF-914FF5367F7B}""},{""@Name"":""RuleName"",""#text"":""@{Microsoft.Windows.Photos_2019.19071.12548.0_x64__8wekyb3d8bbwe?ms-resource://Microsoft.Windows.Photos/Resources/AppStoreName}""},{""@Name"":""Origin"",""#text"":""1""},{""@Name"":""ApplicationPath""},{""@Name"":""ServiceName""},{""@Name"":""Direction"",""#text"":""1""},{""@Name"":""Protocol"",""#text"":""256""},{""@Name"":""LocalPorts""},{""@Name"":""RemotePorts""},{""@Name"":""Action"",""#text"":""2""},{""@Name"":""Profiles"",""#text"":""2147483647""},{""@Name"":""LocalAddresses"",""#text"":""*""},{""@Name"":""RemoteAddresses"",""#text"":""*""},{""@Name"":""RemoteMachineAuthorizationList""},{""@Name"":""RemoteUserAuthorizationList""},{""@Name"":""EmbeddedContext"",""#text"":""@{Microsoft.Windows.Photos_2019.19071.12548.0_x64__8wekyb3d8bbwe?ms-resource://Microsoft.Windows.Photos/Resources/AppStoreName}""},{""@Name"":""Flags"",""#text"":""1""},{""@Name"":""Active"",""#text"":""1""},{""@Name"":""EdgeTraversal"",""#text"":""0""},{""@Name"":""LooseSourceMapped"",""#text"":""0""},{""@Name"":""SecurityOptions"",""#text"":""0""},{""@Name"":""ModifyingUser"",""#text"":""S-1-5-80-3088073201-1464728630-1879813800-1107566885-823218052""},{""@Name"":""ModifyingApplication"",""#text"":""C:\\Windows\\System32\\svchost.exe""},{""@Name"":""SchemaVersion"",""#text"":""542""},{""@Name"":""RuleStatus"",""#text"":""65536""},{""@Name"":""LocalOnlyMapped"",""#text"":""0""},{""@Name"":""PolicyAppId""}]}}"
144,376,2025-07-28 20:10:55.8119598,2097,Info,Microsoft-Windows-Windows Firewall With Advanced Security,Microsoft-Windows-Windows Firewall With Advanced Security/Firewall,2184,4864,DESKTOP-5A3QN5S,2,S-1-5-19,,,,,,,,,,,False,C:\Users\VM\Desktop\Firewall.evtx,0x8000020000000000,0,"{""EventData"":{""Data"":[{""@Name"":""RuleId"",""#text"":""{FFA75349-F99A-4595-B58D-5CC6BC6E8162}""},{""@Name"":""RuleName"",""#text"":""@{Microsoft.Windows.Photos_2019.19071.12548.0_x64__8wekyb3d8bbwe?ms-resource://Microsoft.Windows.Photos/Resources/AppStoreName}""},{""@Name"":""Origin"",""#text"":""1""},{""@Name"":""ApplicationPath""},{""@Name"":""ServiceName""},{""@Name"":""Direction"",""#text"":""2""},{""@Name"":""Protocol"",""#text"":""256""},{""@Name"":""LocalPorts""},{""@Name"":""RemotePorts""},{""@Name"":""Action"",""#text"":""2""},{""@Name"":""Profiles"",""#text"":""2147483647""},{""@Name"":""LocalAddresses"",""#text"":""*""},{""@Name"":""RemoteAddresses"",""#text"":""*""},{""@Name"":""RemoteMachineAuthorizationList""},{""@Name"":""RemoteUserAuthorizationList""},{""@Name"":""EmbeddedContext"",""#text"":""@{Microsoft.Windows.Photos_2019.19071.12548.0_x64__8wekyb3d8bbwe?ms-resource://Microsoft.Windows.Photos/Resources/AppStoreName}""},{""@Name"":""Flags"",""#text"":""1""},{""@Name"":""Active"",""#text"":""1""},{""@Name"":""EdgeTraversal"",""#text"":""0""},{""@Name"":""LooseSourceMapped"",""#text"":""0""},{""@Name"":""SecurityOptions"",""#text"":""0""},{""@Name"":""ModifyingUser"",""#text"":""S-1-5-80-3088073201-1464728630-1879813800-1107566885-823218052""},{""@Name"":""ModifyingApplication"",""#text"":""C:\\Windows\\System32\\svchost.exe""},{""@Name"":""SchemaVersion"",""#text"":""542""},{""@Name"":""RuleStatus"",""#text"":""65536""},{""@Name"":""LocalOnlyMapped"",""#text"":""0""},{""@Name"":""PolicyAppId""}]}}"
