839,1071,2025-07-29 17:18:07.4308486,2033,Info,Microsoft-Windows-Windows Firewall With Advanced Security,Microsoft-Windows-Windows Firewall With Advanced Security/Firewall,2168,2316,DESKTOP-5A3QN5S,14,S-1-5-19,,,,,,,,,,,False,C:\Users\VM\Desktop\Firewall.evtx,Classic,0,"{""EventData"":{""Data"":[{""@Name"":""Store Type"",""#text"":""12""},{""@Name"":""ModifyingUser"",""#text"":""S-1-5-80-3088073201-1464728630-1879813800-1107566885-823218052""},{""@Name"":""ModifyingApplication"",""#text"":""C:\\Windows\\System32\\svchost.exe""}]}}"
840,1072,2025-07-29 17:18:07.4308720,2051,Info,Microsoft-Windows-Windows Firewall With Advanced Security,Microsoft-Windows-Windows Firewall With Advanced Security/Firewall,2168,2316,DESKTOP-5A3QN5S,14,S-1-5-19,,,,,,,,,,,False,C:\Users\VM\Desktop\Firewall.evtx,Classic,0,"{""EventData"":{""Data"":[{""@Name"":""ErrorCode"",""#text"":""0""},{""@Name"":""PolicyChange"",""#text"":""0""}]}}"
841,1073,2025-07-29 17:18:07.4814037,2010,Info,Microsoft-Windows-Windows Firewall With Advanced Security,Microsoft-Windows-Windows Firewall With Advanced Security/Firewall,2168,2296,DESKTOP-5A3QN5S,14,S-1-5-19,,,,,,,,,,,False,C:\Users\VM\Desktop\Firewall.evtx,Classic,0,"{""EventData"":{""Data"":[{""@Name"":""InterfaceGuid"",""#text"":""b2c2c543-dbc8-47fa-a104-e1204cbcf0ab""},{""@Name"":""InterfaceName"",""#text"":""ethernet_32769""},{""@Name"":""OldProfile"",""#text"":""2147483649""},{""@Name"":""NewProfile"",""#text"":""4""}]}}"
842,1074,2025-07-29 17:21:49.9282232,2033,Info,Microsoft-Windows-Windows Firewall With Advanced Security,Microsoft-Windows-Windows Firewall With Advanced Security/Firewall,2104,2220,DESKTOP-5A3QN5S,14,S-1-5-19,,,,,,,,,,,False,C:\Users\VM\Desktop\Firewall.evtx,Classic,0,"{""EventData"":{""Data"":[{""@Name"":""Store Type"",""#text"":""12""},{""@Name"":""ModifyingUser"",""#text"":""S-1-5-80-3088073201-1464728630-1879813800-1107566885-823218052""},{""@Name"":""ModifyingApplication"",""#text"":""C:\\Windows\\System32\\svchost.exe""}]}}"
843,1075,2025-07-29 17:21:49.9284608,2051,Info,Microsoft-Windows-Windows Firewall With Advanced Security,Microsoft-Windows-Windows Firewall With Advanced Security/Firewall,2104,2220,DESKTOP-5A3QN5S,14,S-1-5-19,,,,,,,,,,,False,C:\Users\VM\Desktop\Firewall.evtx,Classic,0,"{""EventData"":{""Data"":[{""@Name"":""ErrorCode"",""#text"":""0""},{""@Name"":""PolicyChange"",""#text"":""0""}]}}"
844,1076,2025-07-29 17:40:23.9704369,2033,Info,Microsoft-Windows-Windows Firewall With Advanced Security,Microsoft-Windows-Windows Firewall With Advanced Security/Firewall,2116,2212,DESKTOP-5A3QN5S,14,S-1-5-19,,,,,,,,,,,False,C:\Users\VM\Desktop\Firewall.evtx,Classic,0,"{""EventData"":{""Data"":[{""@Name"":""Store Type"",""#text"":""12""},{""@Name"":""ModifyingUser"",""#text"":""S-1-5-80-3088073201-1464728630-1879813800-1107566885-823218052""},{""@Name"":""ModifyingApplication"",""#text"":""C:\\Windows\\System32\\svchost.exe""}]}}"
845,1077,2025-07-29 17:40:23.9704538,2051,Info,Microsoft-Windows-Windows Firewall With Advanced Security,Microsoft-Windows-Windows Firewall With Advanced Security/Firewall,2116,2212,DESKTOP-5A3QN5S,14,S-1-5-19,,,,,,,,,,,False,C:\Users\VM\Desktop\Firewall.evtx,Classic,0,"{""EventData"":{""Data"":[{""@Name"":""ErrorCode"",""#text"":""0""},{""@Name"":""PolicyChange"",""#text"":""0""}]}}"
846,1078,2025-07-29 18:47:07.5366994,2033,Info,Microsoft-Windows-Windows Firewall With Advanced Security,Microsoft-Windows-Windows Firewall With Advanced Security/Firewall,2096,2224,DESKTOP-5A3QN5S,14,S-1-5-19,,,,,,,,,,,False,C:\Users\VM\Desktop\Firewall.evtx,Classic,0,"{""EventData"":{""Data"":[{""@Name"":""Store Type"",""#text"":""12""},{""@Name"":""ModifyingUser"",""#text"":""S-1-5-80-3088073201-1464728630-1879813800-1107566885-823218052""},{""@Name"":""ModifyingApplication"",""#text"":""C:\\Windows\\System32\\svchost.exe""}]}}"
847,1079,2025-07-29 18:47:07.5367207,2051,Info,Microsoft-Windows-Windows Firewall With Advanced Security,Microsoft-Windows-Windows Firewall With Advanced Security/Firewall,2096,2224,DESKTOP-5A3QN5S,14,S-1-5-19,,,,,,,,,,,False,C:\Users\VM\Desktop\Firewall.evtx,Classic,0,"{""EventData"":{""Data"":[{""@Name"":""ErrorCode"",""#text"":""0""},{""@Name"":""PolicyChange"",""#text"":""0""}]}}"
