386,618,2025-07-28 20:27:39.1525507,2006,Info,Microsoft-Windows-Windows Firewall With Advanced Security,Microsoft-Windows-Windows Firewall With Advanced Security/Firewall,2184,420,DESKTOP-5A3QN5S,7,S-1-5-19,A rule has been deleted in the Windows Defender Firewall exception list,,,RuleName: @{Microsoft.Windows.SecHealthUI_10.0.19041.3636_neutral__cw5n1h2txyewy?ms-resource://Microsoft.Windows.SecHealthUI/resources/PackageDisplayName},ModifyingApplication: C:\Windows\System32\svchost.exe,,,,,,False,C:\Users\VM\Desktop\Firewall.evtx,0x8000020000000000,0,"{""EventData"":{""Data"":[{""@Name"":""RuleId"",""#text"":""{3C126CFC-F957-4B13-A94A-079479F2BE45}""},{""@Name"":""RuleName"",""#text"":""@{Microsoft.Windows.SecHealthUI_10.0.19041.3636_neutral__cw5n1h2txyewy?ms-resource://Microsoft.Windows.SecHealthUI/resources/PackageDisplayName}""},{""@Name"":""ModifyingUser"",""#text"":""S-1-5-80-3088073201-1464728630-1879813800-1107566885-823218052""},{""@Name"":""ModifyingApplication"",""#text"":""C:\\Windows\\System32\\svchost.exe""}]}}"
387,619,2025-07-28 20:27:39.1536254,2006,Info,Microsoft-Windows-Windows Firewall With Advanced Security,Microsoft-Windows-Windows Firewall With Advanced Security/Firewall,2184,420,DESKTOP-5A3QN5S,7,S-1-5-19,A rule has been deleted in the Windows Defender Firewall exception list,,,RuleName: @{Microsoft.Windows.SecHealthUI_10.0.19041.3636_neutral__cw5n1h2txyewy?ms-resource://Microsoft.Windows.SecHealthUI/resources/PackageDisplayName},ModifyingApplication: C:\Windows\System32\svchost.exe,,,,,,False,C:\Users\VM\Desktop\Firewall.evtx,0x8000020000000000,0,"{""EventData"":{""Data"":[{""@Name"":""RuleId"",""#text"":""{95CFA52C-3702-444C-93C0-A399F33B47A4}""},{""@Name"":""RuleName"",""#text"":""@{Microsoft.Windows.SecHealthUI_10.0.19041.3636_neutral__cw5n1h2txyewy?ms-resource://Microsoft.Windows.SecHealthUI/resources/PackageDisplayName}""},{""@Name"":""ModifyingUser"",""#text"":""S-1-5-80-3088073201-1464728630-1879813800-1107566885-823218052""},{""@Name"":""ModifyingApplication"",""#text"":""C:\\Windows\\System32\\svchost.exe""}]}}"
388,620,2025-07-28 20:27:39.1547438,2006,Info,Microsoft-Windows-Windows Firewall With Advanced Security,Microsoft-Windows-Windows Firewall With Advanced Security/Firewall,2184,420,DESKTOP-5A3QN5S,7,S-1-5-19,A rule has been deleted in the Windows Defender Firewall exception list,,,RuleName: @{Microsoft.Windows.SecHealthUI_10.0.19041.3636_neutral__cw5n1h2txyewy?ms-resource://Microsoft.Windows.SecHealthUI/resources/PackageDisplayName},ModifyingApplication: C:\Windows\System32\svchost.exe,,,,,,False,C:\Users\VM\Desktop\Firewall.evtx,0x8000020000000000,0,"{""EventData"":{""Data"":[{""@Name"":""RuleId"",""#text"":""{3CB71FBC-7D5F-4EE8-9F1D-36FA65247640}""},{""@Name"":""RuleName"",""#text"":""@{Microsoft.Windows.SecHealthUI_10.0.19041.3636_neutral__cw5n1h2txyewy?ms-resource://Microsoft.Windows.SecHealthUI/resources/PackageDisplayName}""},{""@Name"":""ModifyingUser"",""#text"":""S-1-5-80-3088073201-1464728630-1879813800-1107566885-823218052""},{""@Name"":""ModifyingApplication"",""#text"":""C:\\Windows\\System32\\svchost.exe""}]}}"
389,621,2025-07-28 20:27:39.1559213,2006,Info,Microsoft-Windows-Windows Firewall With Advanced Security,Microsoft-Windows-Windows Firewall With Advanced Security/Firewall,2184,420,DESKTOP-5A3QN5S,7,S-1-5-19,A rule has been deleted in the Windows Defender Firewall exception list,,,RuleName: @{Microsoft.Windows.SecHealthUI_10.0.19041.3636_neutral__cw5n1h2txyewy?ms-resource://Microsoft.Windows.SecHealthUI/resources/PackageDisplayName},ModifyingApplication: C:\Windows\System32\svchost.exe,,,,,,False,C:\Users\VM\Desktop\Firewall.evtx,0x8000020000000000,0,"{""EventData"":{""Data"":[{""@Name"":""RuleId"",""#text"":""{94E4B27C-9048-4532-96A5-5227EFBE94B1}""},{""@Name"":""RuleName"",""#text"":""@{Microsoft.Windows.SecHealthUI_10.0.19041.3636_neutral__cw5n1h2txyewy?ms-resource://Microsoft.Windows.SecHealthUI/resources/PackageDisplayName}""},{""@Name"":""ModifyingUser"",""#text"":""S-1-5-80-3088073201-1464728630-1879813800-1107566885-823218052""},{""@Name"":""ModifyingApplication"",""#text"":""C:\\Windows\\System32\\svchost.exe""}]}}"
390,622,2025-07-28 20:27:39.1571858,2006,Info,Microsoft-Windows-Windows Firewall With Advanced Security,Microsoft-Windows-Windows Firewall With Advanced Security/Firewall,2184,420,DESKTOP-5A3QN5S,7,S-1-5-19,A rule has been deleted in the Windows Defender Firewall exception list,,,RuleName: @{Microsoft.Windows.SecHealthUI_10.0.19041.3636_neutral__cw5n1h2txyewy?ms-resource://Microsoft.Windows.SecHealthUI/resources/PackageDisplayName},ModifyingApplication: C:\Windows\System32\svchost.exe,,,,,,False,C:\Users\VM\Desktop\Firewall.evtx,0x8000020000000000,0,"{""EventData"":{""Data"":[{""@Name"":""RuleId"",""#text"":""{67CC0CDB-4FE0-440C-A1D3-E5FD1C066EB7}""},{""@Name"":""RuleName"",""#text"":""@{Microsoft.Windows.SecHealthUI_10.0.19041.3636_neutral__cw5n1h2txyewy?ms-resource://Microsoft.Windows.SecHealthUI/resources/PackageDisplayName}""},{""@Name"":""ModifyingUser"",""#text"":""S-1-5-80-3088073201-1464728630-1879813800-1107566885-823218052""},{""@Name"":""ModifyingApplication"",""#text"":""C:\\Windows\\System32\\svchost.exe""}]}}"
391,623,2025-07-28 20:27:39.1584220,2006,Info,Microsoft-Windows-Windows Firewall With Advanced Security,Microsoft-Windows-Windows Firewall With Advanced Security/Firewall,2184,420,DESKTOP-5A3QN5S,7,S-1-5-19,A rule has been deleted in the Windows Defender Firewall exception list,,,RuleName: @{Microsoft.Windows.SecHealthUI_10.0.19041.3636_neutral__cw5n1h2txyewy?ms-resource://Microsoft.Windows.SecHealthUI/resources/PackageDisplayName},ModifyingApplication: C:\Windows\System32\svchost.exe,,,,,,False,C:\Users\VM\Desktop\Firewall.evtx,0x8000020000000000,0,"{""EventData"":{""Data"":[{""@Name"":""RuleId"",""#text"":""{FCCBCD9E-E401-4D75-A0DE-546754BAE7C8}""},{""@Name"":""RuleName"",""#text"":""@{Microsoft.Windows.SecHealthUI_10.0.19041.3636_neutral__cw5n1h2txyewy?ms-resource://Microsoft.Windows.SecHealthUI/resources/PackageDisplayName}""},{""@Name"":""ModifyingUser"",""#text"":""S-1-5-80-3088073201-1464728630-1879813800-1107566885-823218052""},{""@Name"":""ModifyingApplication"",""#text"":""C:\\Windows\\System32\\svchost.exe""}]}}"
392,624,2025-07-28 20:27:39.1606404,2006,Info,Microsoft-Windows-Windows Firewall With Advanced Security,Microsoft-Windows-Windows Firewall With Advanced Security/Firewall,2184,420,DESKTOP-5A3QN5S,7,S-1-5-19,A rule has been deleted in the Windows Defender Firewall exception list,,,RuleName: @{Microsoft.XboxGameCallableUI_1000.19041.3636.0_neutral_neutral_cw5n1h2txyewy?ms-resource://Microsoft.XboxGameCallableUI/resources/PkgDisplayName},ModifyingApplication: C:\Windows\System32\svchost.exe,,,,,,False,C:\Users\VM\Desktop\Firewall.evtx,0x8000020000000000,928,"{""EventData"":{""Data"":[{""@Name"":""RuleId"",""#text"":""{6FC6959C-9D08-41B4-A1AF-F280D8B812C5}""},{""@Name"":""RuleName"",""#text"":""@{Microsoft.XboxGameCallableUI_1000.19041.3636.0_neutral_neutral_cw5n1h2txyewy?ms-resource://Microsoft.XboxGameCallableUI/resources/PkgDisplayName}""},{""@Name"":""ModifyingUser"",""#text"":""S-1-5-80-3088073201-1464728630-1879813800-1107566885-823218052""},{""@Name"":""ModifyingApplication"",""#text"":""C:\\Windows\\System32\\svchost.exe""}]}}"
393,625,2025-07-28 20:27:39.1612144,2006,Info,Microsoft-Windows-Windows Firewall With Advanced Security,Microsoft-Windows-Windows Firewall With Advanced Security/Firewall,2184,420,DESKTOP-5A3QN5S,7,S-1-5-19,A rule has been deleted in the Windows Defender Firewall exception list,,,RuleName: @{Microsoft.XboxGameCallableUI_1000.19041.3636.0_neutral_neutral_cw5n1h2txyewy?ms-resource://Microsoft.XboxGameCallableUI/resources/PkgDisplayName},ModifyingApplication: C:\Windows\System32\svchost.exe,,,,,,False,C:\Users\VM\Desktop\Firewall.evtx,0x8000020000000000,0,"{""EventData"":{""Data"":[{""@Name"":""RuleId"",""#text"":""{827326EF-6000-4151-BF0E-498E2F7D19FB}""},{""@Name"":""RuleName"",""#text"":""@{Microsoft.XboxGameCallableUI_1000.19041.3636.0_neutral_neutral_cw5n1h2txyewy?ms-resource://Microsoft.XboxGameCallableUI/resources/PkgDisplayName}""},{""@Name"":""ModifyingUser"",""#text"":""S-1-5-80-3088073201-1464728630-1879813800-1107566885-823218052""},{""@Name"":""ModifyingApplication"",""#text"":""C:\\Windows\\System32\\svchost.exe""}]}}"
394,626,2025-07-28 20:27:39.1618681,2006,Info,Microsoft-Windows-Windows Firewall With Advanced Security,Microsoft-Windows-Windows Firewall With Advanced Security/Firewall,2184,420,DESKTOP-5A3QN5S,7,S-1-5-19,A rule has been deleted in the Windows Defender Firewall exception list,,,RuleName: @{Microsoft.XboxGameCallableUI_1000.19041.3636.0_neutral_neutral_cw5n1h2txyewy?ms-resource://Microsoft.XboxGameCallableUI/resources/PkgDisplayName},ModifyingApplication: C:\Windows\System32\svchost.exe,,,,,,False,C:\Users\VM\Desktop\Firewall.evtx,0x8000020000000000,0,"{""EventData"":{""Data"":[{""@Name"":""RuleId"",""#text"":""{39C01C0C-AA93-412A-8EEB-A1B454B63439}""},{""@Name"":""RuleName"",""#text"":""@{Microsoft.XboxGameCallableUI_1000.19041.3636.0_neutral_neutral_cw5n1h2txyewy?ms-resource://Microsoft.XboxGameCallableUI/resources/PkgDisplayName}""},{""@Name"":""ModifyingUser"",""#text"":""S-1-5-80-3088073201-1464728630-1879813800-1107566885-823218052""},{""@Name"":""ModifyingApplication"",""#text"":""C:\\Windows\\System32\\svchost.exe""}]}}"
395,627,2025-07-28 20:27:39.1637180,2006,Info,Microsoft-Windows-Windows Firewall With Advanced Security,Microsoft-Windows-Windows Firewall With Advanced Security/Firewall,2184,420,DESKTOP-5A3QN5S,7,S-1-5-19,A rule has been deleted in the Windows Defender Firewall exception list,,,RuleName: @{Microsoft.XboxGameCallableUI_1000.19041.3636.0_neutral_neutral_cw5n1h2txyewy?ms-resource://Microsoft.XboxGameCallableUI/resources/PkgDisplayName},ModifyingApplication: C:\Windows\System32\svchost.exe,,,,,,False,C:\Users\VM\Desktop\Firewall.evtx,0x8000020000000000,0,"{""EventData"":{""Data"":[{""@Name"":""RuleId"",""#text"":""{86A237F0-4516-4C68-8BBE-F4B96A2244F8}""},{""@Name"":""RuleName"",""#text"":""@{Microsoft.XboxGameCallableUI_1000.19041.3636.0_neutral_neutral_cw5n1h2txyewy?ms-resource://Microsoft.XboxGameCallableUI/resources/PkgDisplayName}""},{""@Name"":""ModifyingUser"",""#text"":""S-1-5-80-3088073201-1464728630-1879813800-1107566885-823218052""},{""@Name"":""ModifyingApplication"",""#text"":""C:\\Windows\\System32\\svchost.exe""}]}}"
396,628,2025-07-28 20:27:39.1667917,2006,Info,Microsoft-Windows-Windows Firewall With Advanced Security,Microsoft-Windows-Windows Firewall With Advanced Security/Firewall,2184,420,DESKTOP-5A3QN5S,7,S-1-5-19,A rule has been deleted in the Windows Defender Firewall exception list,,,RuleName: @{Microsoft.Windows.XGpuEjectDialog_10.0.19041.3636_neutral_neutral_cw5n1h2txyewy?ms-resource://XGpuEjectDialog/Resources/AppxManifest_DisplayName},ModifyingApplication: C:\Windows\System32\svchost.exe,,,,,,False,C:\Users\VM\Desktop\Firewall.evtx,0x8000020000000000,0,"{""EventData"":{""Data"":[{""@Name"":""RuleId"",""#text"":""{9DDF8D88-F0E5-4BCB-A948-F446FBBF39F3}""},{""@Name"":""RuleName"",""#text"":""@{Microsoft.Windows.XGpuEjectDialog_10.0.19041.3636_neutral_neutral_cw5n1h2txyewy?ms-resource://XGpuEjectDialog/Resources/AppxManifest_DisplayName}""},{""@Name"":""ModifyingUser"",""#text"":""S-1-5-80-3088073201-1464728630-1879813800-1107566885-823218052""},{""@Name"":""ModifyingApplication"",""#text"":""C:\\Windows\\System32\\svchost.exe""}]}}"
397,629,2025-07-28 20:27:39.1677274,2006,Info,Microsoft-Windows-Windows Firewall With Advanced Security,Microsoft-Windows-Windows Firewall With Advanced Security/Firewall,2184,420,DESKTOP-5A3QN5S,7,S-1-5-19,A rule has been deleted in the Windows Defender Firewall exception list,,,RuleName: @{Microsoft.Windows.XGpuEjectDialog_10.0.19041.3636_neutral_neutral_cw5n1h2txyewy?ms-resource://XGpuEjectDialog/Resources/AppxManifest_DisplayName},ModifyingApplication: C:\Windows\System32\svchost.exe,,,,,,False,C:\Users\VM\Desktop\Firewall.evtx,0x8000020000000000,0,"{""EventData"":{""Data"":[{""@Name"":""RuleId"",""#text"":""{609D996F-4E2D-40DC-8C29-974D47360FEA}""},{""@Name"":""RuleName"",""#text"":""@{Microsoft.Windows.XGpuEjectDialog_10.0.19041.3636_neutral_neutral_cw5n1h2txyewy?ms-resource://XGpuEjectDialog/Resources/AppxManifest_DisplayName}""},{""@Name"":""ModifyingUser"",""#text"":""S-1-5-80-3088073201-1464728630-1879813800-1107566885-823218052""},{""@Name"":""ModifyingApplication"",""#text"":""C:\\Windows\\System32\\svchost.exe""}]}}"
398,630,2025-07-28 20:27:39.1695510,2006,Info,Microsoft-Windows-Windows Firewall With Advanced Security,Microsoft-Windows-Windows Firewall With Advanced Security/Firewall,2184,420,DESKTOP-5A3QN5S,7,S-1-5-19,A rule has been deleted in the Windows Defender Firewall exception list,,,RuleName: @{Microsoft.AccountsControl_10.0.19041.3636_neutral__cw5n1h2txyewy?ms-resource://Microsoft.AccountsControl/Resources/DisplayName},ModifyingApplication: C:\Windows\System32\svchost.exe,,,,,,False,C:\Users\VM\Desktop\Firewall.evtx,0x8000020000000000,0,"{""EventData"":{""Data"":[{""@Name"":""RuleId"",""#text"":""{D8B1D90C-26D5-400B-8BBA-A6184070D380}""},{""@Name"":""RuleName"",""#text"":""@{Microsoft.AccountsControl_10.0.19041.3636_neutral__cw5n1h2txyewy?ms-resource://Microsoft.AccountsControl/Resources/DisplayName}""},{""@Name"":""ModifyingUser"",""#text"":""S-1-5-80-3088073201-1464728630-1879813800-1107566885-823218052""},{""@Name"":""ModifyingApplication"",""#text"":""C:\\Windows\\System32\\svchost.exe""}]}}"
399,631,2025-07-28 20:27:39.1700739,2006,Info,Microsoft-Windows-Windows Firewall With Advanced Security,Microsoft-Windows-Windows Firewall With Advanced Security/Firewall,2184,420,DESKTOP-5A3QN5S,7,S-1-5-19,A rule has been deleted in the Windows Defender Firewall exception list,,,RuleName: @{Microsoft.AccountsControl_10.0.19041.3636_neutral__cw5n1h2txyewy?ms-resource://Microsoft.AccountsControl/Resources/DisplayName},ModifyingApplication: C:\Windows\System32\svchost.exe,,,,,,False,C:\Users\VM\Desktop\Firewall.evtx,0x8000020000000000,0,"{""EventData"":{""Data"":[{""@Name"":""RuleId"",""#text"":""{FAC1E5CB-A3A6-469F-BE43-DB64607B0FFB}""},{""@Name"":""RuleName"",""#text"":""@{Microsoft.AccountsControl_10.0.19041.3636_neutral__cw5n1h2txyewy?ms-resource://Microsoft.AccountsControl/Resources/DisplayName}""},{""@Name"":""ModifyingUser"",""#text"":""S-1-5-80-3088073201-1464728630-1879813800-1107566885-823218052""},{""@Name"":""ModifyingApplication"",""#text"":""C:\\Windows\\System32\\svchost.exe""}]}}"
400,632,2025-07-28 20:27:39.1708688,2006,Info,Microsoft-Windows-Windows Firewall With Advanced Security,Microsoft-Windows-Windows Firewall With Advanced Security/Firewall,2184,420,DESKTOP-5A3QN5S,7,S-1-5-19,A rule has been deleted in the Windows Defender Firewall exception list,,,RuleName: @{Microsoft.AccountsControl_10.0.19041.3636_neutral__cw5n1h2txyewy?ms-resource://Microsoft.AccountsControl/Resources/DisplayName},ModifyingApplication: C:\Windows\System32\svchost.exe,,,,,,False,C:\Users\VM\Desktop\Firewall.evtx,0x8000020000000000,0,"{""EventData"":{""Data"":[{""@Name"":""RuleId"",""#text"":""{D0E1E962-4097-4CC0-9C85-DAA35E1EEFB5}""},{""@Name"":""RuleName"",""#text"":""@{Microsoft.AccountsControl_10.0.19041.3636_neutral__cw5n1h2txyewy?ms-resource://Microsoft.AccountsControl/Resources/DisplayName}""},{""@Name"":""ModifyingUser"",""#text"":""S-1-5-80-3088073201-1464728630-1879813800-1107566885-823218052""},{""@Name"":""ModifyingApplication"",""#text"":""C:\\Windows\\System32\\svchost.exe""}]}}"
401,633,2025-07-28 20:27:39.1720258,2006,Info,Microsoft-Windows-Windows Firewall With Advanced Security,Microsoft-Windows-Windows Firewall With Advanced Security/Firewall,2184,420,DESKTOP-5A3QN5S,7,S-1-5-19,A rule has been deleted in the Windows Defender Firewall exception list,,,RuleName: @{Microsoft.AccountsControl_10.0.19041.3636_neutral__cw5n1h2txyewy?ms-resource://Microsoft.AccountsControl/Resources/DisplayName},ModifyingApplication: C:\Windows\System32\svchost.exe,,,,,,False,C:\Users\VM\Desktop\Firewall.evtx,0x8000020000000000,0,"{""EventData"":{""Data"":[{""@Name"":""RuleId"",""#text"":""{DF3AB189-5DA1-4C0F-ABE8-8847EC326739}""},{""@Name"":""RuleName"",""#text"":""@{Microsoft.AccountsControl_10.0.19041.3636_neutral__cw5n1h2txyewy?ms-resource://Microsoft.AccountsControl/Resources/DisplayName}""},{""@Name"":""ModifyingUser"",""#text"":""S-1-5-80-3088073201-1464728630-1879813800-1107566885-823218052""},{""@Name"":""ModifyingApplication"",""#text"":""C:\\Windows\\System32\\svchost.exe""}]}}"
402,634,2025-07-28 20:27:39.1732491,2006,Info,Microsoft-Windows-Windows Firewall With Advanced Security,Microsoft-Windows-Windows Firewall With Advanced Security/Firewall,2184,420,DESKTOP-5A3QN5S,7,S-1-5-19,A rule has been deleted in the Windows Defender Firewall exception list,,,RuleName: @{Microsoft.Windows.SecureAssessmentBrowser_10.0.19041.3636_neutral_neutral_cw5n1h2txyewy?ms-resource://Microsoft.Windows.SecureAssessmentBrowser/Resources/PackageDisplayName},ModifyingApplication: C:\Windows\System32\svchost.exe,,,,,,False,C:\Users\VM\Desktop\Firewall.evtx,0x8000020000000000,0,"{""EventData"":{""Data"":[{""@Name"":""RuleId"",""#text"":""{90D3BCAB-AAFA-406F-B6BD-16FA73BEC26C}""},{""@Name"":""RuleName"",""#text"":""@{Microsoft.Windows.SecureAssessmentBrowser_10.0.19041.3636_neutral_neutral_cw5n1h2txyewy?ms-resource://Microsoft.Windows.SecureAssessmentBrowser/Resources/PackageDisplayName}""},{""@Name"":""ModifyingUser"",""#text"":""S-1-5-80-3088073201-1464728630-1879813800-1107566885-823218052""},{""@Name"":""ModifyingApplication"",""#text"":""C:\\Windows\\System32\\svchost.exe""}]}}"
403,635,2025-07-28 20:27:39.1739700,2006,Info,Microsoft-Windows-Windows Firewall With Advanced Security,Microsoft-Windows-Windows Firewall With Advanced Security/Firewall,2184,420,DESKTOP-5A3QN5S,7,S-1-5-19,A rule has been deleted in the Windows Defender Firewall exception list,,,RuleName: @{Microsoft.Windows.SecureAssessmentBrowser_10.0.19041.3636_neutral_neutral_cw5n1h2txyewy?ms-resource://Microsoft.Windows.SecureAssessmentBrowser/Resources/PackageDisplayName},ModifyingApplication: C:\Windows\System32\svchost.exe,,,,,,False,C:\Users\VM\Desktop\Firewall.evtx,0x8000020000000000,0,"{""EventData"":{""Data"":[{""@Name"":""RuleId"",""#text"":""{0271EB39-3507-4E60-B37D-AF422AD321E4}""},{""@Name"":""RuleName"",""#text"":""@{Microsoft.Windows.SecureAssessmentBrowser_10.0.19041.3636_neutral_neutral_cw5n1h2txyewy?ms-resource://Microsoft.Windows.SecureAssessmentBrowser/Resources/PackageDisplayName}""},{""@Name"":""ModifyingUser"",""#text"":""S-1-5-80-3088073201-1464728630-1879813800-1107566885-823218052""},{""@Name"":""ModifyingApplication"",""#text"":""C:\\Windows\\System32\\svchost.exe""}]}}"
404,636,2025-07-28 20:27:39.1744529,2006,Info,Microsoft-Windows-Windows Firewall With Advanced Security,Microsoft-Windows-Windows Firewall With Advanced Security/Firewall,2184,420,DESKTOP-5A3QN5S,7,S-1-5-19,A rule has been deleted in the Windows Defender Firewall exception list,,,RuleName: @{Microsoft.Windows.SecureAssessmentBrowser_10.0.19041.3636_neutral_neutral_cw5n1h2txyewy?ms-resource://Microsoft.Windows.SecureAssessmentBrowser/Resources/PackageDisplayName},ModifyingApplication: C:\Windows\System32\svchost.exe,,,,,,False,C:\Users\VM\Desktop\Firewall.evtx,0x8000020000000000,0,"{""EventData"":{""Data"":[{""@Name"":""RuleId"",""#text"":""{876CC758-C58F-4854-93A7-04B6113C21ED}""},{""@Name"":""RuleName"",""#text"":""@{Microsoft.Windows.SecureAssessmentBrowser_10.0.19041.3636_neutral_neutral_cw5n1h2txyewy?ms-resource://Microsoft.Windows.SecureAssessmentBrowser/Resources/PackageDisplayName}""},{""@Name"":""ModifyingUser"",""#text"":""S-1-5-80-3088073201-1464728630-1879813800-1107566885-823218052""},{""@Name"":""ModifyingApplication"",""#text"":""C:\\Windows\\System32\\svchost.exe""}]}}"
405,637,2025-07-28 20:27:39.1753702,2006,Info,Microsoft-Windows-Windows Firewall With Advanced Security,Microsoft-Windows-Windows Firewall With Advanced Security/Firewall,2184,420,DESKTOP-5A3QN5S,7,S-1-5-19,A rule has been deleted in the Windows Defender Firewall exception list,,,RuleName: @{Microsoft.Windows.SecureAssessmentBrowser_10.0.19041.3636_neutral_neutral_cw5n1h2txyewy?ms-resource://Microsoft.Windows.SecureAssessmentBrowser/Resources/PackageDisplayName},ModifyingApplication: C:\Windows\System32\svchost.exe,,,,,,False,C:\Users\VM\Desktop\Firewall.evtx,0x8000020000000000,0,"{""EventData"":{""Data"":[{""@Name"":""RuleId"",""#text"":""{E991C5A1-ECF3-4F8B-8E0F-F822B3060292}""},{""@Name"":""RuleName"",""#text"":""@{Microsoft.Windows.SecureAssessmentBrowser_10.0.19041.3636_neutral_neutral_cw5n1h2txyewy?ms-resource://Microsoft.Windows.SecureAssessmentBrowser/Resources/PackageDisplayName}""},{""@Name"":""ModifyingUser"",""#text"":""S-1-5-80-3088073201-1464728630-1879813800-1107566885-823218052""},{""@Name"":""ModifyingApplication"",""#text"":""C:\\Windows\\System32\\svchost.exe""}]}}"
406,638,2025-07-28 20:27:39.1763419,2006,Info,Microsoft-Windows-Windows Firewall With Advanced Security,Microsoft-Windows-Windows Firewall With Advanced Security/Firewall,2184,420,DESKTOP-5A3QN5S,7,S-1-5-19,A rule has been deleted in the Windows Defender Firewall exception list,,,RuleName: PinningConfirmationDialog,ModifyingApplication: C:\Windows\System32\svchost.exe,,,,,,False,C:\Users\VM\Desktop\Firewall.evtx,0x8000020000000000,0,"{""EventData"":{""Data"":[{""@Name"":""RuleId"",""#text"":""{22C3A562-C404-45B1-9BE5-16E3A8F81EEE}""},{""@Name"":""RuleName"",""#text"":""PinningConfirmationDialog""},{""@Name"":""ModifyingUser"",""#text"":""S-1-5-80-3088073201-1464728630-1879813800-1107566885-823218052""},{""@Name"":""ModifyingApplication"",""#text"":""C:\\Windows\\System32\\svchost.exe""}]}}"
407,639,2025-07-28 20:27:39.1766061,2006,Info,Microsoft-Windows-Windows Firewall With Advanced Security,Microsoft-Windows-Windows Firewall With Advanced Security/Firewall,2184,420,DESKTOP-5A3QN5S,7,S-1-5-19,A rule has been deleted in the Windows Defender Firewall exception list,,,RuleName: PinningConfirmationDialog,ModifyingApplication: C:\Windows\System32\svchost.exe,,,,,,False,C:\Users\VM\Desktop\Firewall.evtx,0x8000020000000000,0,"{""EventData"":{""Data"":[{""@Name"":""RuleId"",""#text"":""{10A9FD8E-FC52-4DD9-91A5-A28561067035}""},{""@Name"":""RuleName"",""#text"":""PinningConfirmationDialog""},{""@Name"":""ModifyingUser"",""#text"":""S-1-5-80-3088073201-1464728630-1879813800-1107566885-823218052""},{""@Name"":""ModifyingApplication"",""#text"":""C:\\Windows\\System32\\svchost.exe""}]}}"
408,640,2025-07-28 20:27:39.1776867,2006,Info,Microsoft-Windows-Windows Firewall With Advanced Security,Microsoft-Windows-Windows Firewall With Advanced Security/Firewall,2184,420,DESKTOP-5A3QN5S,7,S-1-5-19,A rule has been deleted in the Windows Defender Firewall exception list,,,RuleName: @{Microsoft.Windows.PeopleExperienceHost_10.0.19041.3636_neutral_neutral_cw5n1h2txyewy?ms-resource://Microsoft.Windows.PeopleExperienceHost/resources/PkgDisplayName},ModifyingApplication: C:\Windows\System32\svchost.exe,,,,,,False,C:\Users\VM\Desktop\Firewall.evtx,0x8000020000000000,0,"{""EventData"":{""Data"":[{""@Name"":""RuleId"",""#text"":""{04EF14E7-5E0E-4209-9621-1D21C0BD2BD8}""},{""@Name"":""RuleName"",""#text"":""@{Microsoft.Windows.PeopleExperienceHost_10.0.19041.3636_neutral_neutral_cw5n1h2txyewy?ms-resource://Microsoft.Windows.PeopleExperienceHost/resources/PkgDisplayName}""},{""@Name"":""ModifyingUser"",""#text"":""S-1-5-80-3088073201-1464728630-1879813800-1107566885-823218052""},{""@Name"":""ModifyingApplication"",""#text"":""C:\\Windows\\System32\\svchost.exe""}]}}"
409,641,2025-07-28 20:27:39.1781035,2006,Info,Microsoft-Windows-Windows Firewall With Advanced Security,Microsoft-Windows-Windows Firewall With Advanced Security/Firewall,2184,420,DESKTOP-5A3QN5S,7,S-1-5-19,A rule has been deleted in the Windows Defender Firewall exception list,,,RuleName: @{Microsoft.Windows.PeopleExperienceHost_10.0.19041.3636_neutral_neutral_cw5n1h2txyewy?ms-resource://Microsoft.Windows.PeopleExperienceHost/resources/PkgDisplayName},ModifyingApplication: C:\Windows\System32\svchost.exe,,,,,,False,C:\Users\VM\Desktop\Firewall.evtx,0x8000020000000000,0,"{""EventData"":{""Data"":[{""@Name"":""RuleId"",""#text"":""{BCAA1EDC-B4E8-46AE-8B68-8CF327712C23}""},{""@Name"":""RuleName"",""#text"":""@{Microsoft.Windows.PeopleExperienceHost_10.0.19041.3636_neutral_neutral_cw5n1h2txyewy?ms-resource://Microsoft.Windows.PeopleExperienceHost/resources/PkgDisplayName}""},{""@Name"":""ModifyingUser"",""#text"":""S-1-5-80-3088073201-1464728630-1879813800-1107566885-823218052""},{""@Name"":""ModifyingApplication"",""#text"":""C:\\Windows\\System32\\svchost.exe""}]}}"
410,642,2025-07-28 20:27:39.1786762,2006,Info,Microsoft-Windows-Windows Firewall With Advanced Security,Microsoft-Windows-Windows Firewall With Advanced Security/Firewall,2184,420,DESKTOP-5A3QN5S,7,S-1-5-19,A rule has been deleted in the Windows Defender Firewall exception list,,,RuleName: @{Microsoft.Windows.PeopleExperienceHost_10.0.19041.3636_neutral_neutral_cw5n1h2txyewy?ms-resource://Microsoft.Windows.PeopleExperienceHost/resources/PkgDisplayName},ModifyingApplication: C:\Windows\System32\svchost.exe,,,,,,False,C:\Users\VM\Desktop\Firewall.evtx,0x8000020000000000,0,"{""EventData"":{""Data"":[{""@Name"":""RuleId"",""#text"":""{57053111-D1CC-4CFA-BF16-6ED55DC41AF3}""},{""@Name"":""RuleName"",""#text"":""@{Microsoft.Windows.PeopleExperienceHost_10.0.19041.3636_neutral_neutral_cw5n1h2txyewy?ms-resource://Microsoft.Windows.PeopleExperienceHost/resources/PkgDisplayName}""},{""@Name"":""ModifyingUser"",""#text"":""S-1-5-80-3088073201-1464728630-1879813800-1107566885-823218052""},{""@Name"":""ModifyingApplication"",""#text"":""C:\\Windows\\System32\\svchost.exe""}]}}"
411,643,2025-07-28 20:27:39.1799333,2006,Info,Microsoft-Windows-Windows Firewall With Advanced Security,Microsoft-Windows-Windows Firewall With Advanced Security/Firewall,2184,420,DESKTOP-5A3QN5S,7,S-1-5-19,A rule has been deleted in the Windows Defender Firewall exception list,,,RuleName: @{Microsoft.Windows.PeopleExperienceHost_10.0.19041.3636_neutral_neutral_cw5n1h2txyewy?ms-resource://Microsoft.Windows.PeopleExperienceHost/resources/PkgDisplayName},ModifyingApplication: C:\Windows\System32\svchost.exe,,,,,,False,C:\Users\VM\Desktop\Firewall.evtx,0x8000020000000000,0,"{""EventData"":{""Data"":[{""@Name"":""RuleId"",""#text"":""{60509DB1-9F63-4766-BE09-1DD603A55580}""},{""@Name"":""RuleName"",""#text"":""@{Microsoft.Windows.PeopleExperienceHost_10.0.19041.3636_neutral_neutral_cw5n1h2txyewy?ms-resource://Microsoft.Windows.PeopleExperienceHost/resources/PkgDisplayName}""},{""@Name"":""ModifyingUser"",""#text"":""S-1-5-80-3088073201-1464728630-1879813800-1107566885-823218052""},{""@Name"":""ModifyingApplication"",""#text"":""C:\\Windows\\System32\\svchost.exe""}]}}"
412,644,2025-07-28 20:27:39.1811135,2006,Info,Microsoft-Windows-Windows Firewall With Advanced Security,Microsoft-Windows-Windows Firewall With Advanced Security/Firewall,2184,420,DESKTOP-5A3QN5S,7,S-1-5-19,A rule has been deleted in the Windows Defender Firewall exception list,,,RuleName: CapturePicker,ModifyingApplication: C:\Windows\System32\svchost.exe,,,,,,False,C:\Users\VM\Desktop\Firewall.evtx,0x8000020000000000,0,"{""EventData"":{""Data"":[{""@Name"":""RuleId"",""#text"":""{4E1E6B11-75EE-49AD-974F-0F4ED87D34DE}""},{""@Name"":""RuleName"",""#text"":""CapturePicker""},{""@Name"":""ModifyingUser"",""#text"":""S-1-5-80-3088073201-1464728630-1879813800-1107566885-823218052""},{""@Name"":""ModifyingApplication"",""#text"":""C:\\Windows\\System32\\svchost.exe""}]}}"
413,645,2025-07-28 20:27:39.1814186,2006,Info,Microsoft-Windows-Windows Firewall With Advanced Security,Microsoft-Windows-Windows Firewall With Advanced Security/Firewall,2184,420,DESKTOP-5A3QN5S,7,S-1-5-19,A rule has been deleted in the Windows Defender Firewall exception list,,,RuleName: CapturePicker,ModifyingApplication: C:\Windows\System32\svchost.exe,,,,,,False,C:\Users\VM\Desktop\Firewall.evtx,0x8000020000000000,0,"{""EventData"":{""Data"":[{""@Name"":""RuleId"",""#text"":""{781A0834-8DAA-4DC9-B59E-3A2993223804}""},{""@Name"":""RuleName"",""#text"":""CapturePicker""},{""@Name"":""ModifyingUser"",""#text"":""S-1-5-80-3088073201-1464728630-1879813800-1107566885-823218052""},{""@Name"":""ModifyingApplication"",""#text"":""C:\\Windows\\System32\\svchost.exe""}]}}"
414,646,2025-07-28 20:27:39.1825250,2006,Info,Microsoft-Windows-Windows Firewall With Advanced Security,Microsoft-Windows-Windows Firewall With Advanced Security/Firewall,2184,420,DESKTOP-5A3QN5S,7,S-1-5-19,A rule has been deleted in the Windows Defender Firewall exception list,,,RuleName: @{Microsoft.Windows.ParentalControls_1000.19041.3636.0_neutral_neutral_cw5n1h2txyewy?ms-resource://Microsoft.Windows.ParentalControls/resources/DisplayName},ModifyingApplication: C:\Windows\System32\svchost.exe,,,,,,False,C:\Users\VM\Desktop\Firewall.evtx,0x8000020000000000,0,"{""EventData"":{""Data"":[{""@Name"":""RuleId"",""#text"":""{C15CACAB-54E2-4DD9-B7EB-BD3608FBB886}""},{""@Name"":""RuleName"",""#text"":""@{Microsoft.Windows.ParentalControls_1000.19041.3636.0_neutral_neutral_cw5n1h2txyewy?ms-resource://Microsoft.Windows.ParentalControls/resources/DisplayName}""},{""@Name"":""ModifyingUser"",""#text"":""S-1-5-80-3088073201-1464728630-1879813800-1107566885-823218052""},{""@Name"":""ModifyingApplication"",""#text"":""C:\\Windows\\System32\\svchost.exe""}]}}"
415,647,2025-07-28 20:27:39.1828911,2006,Info,Microsoft-Windows-Windows Firewall With Advanced Security,Microsoft-Windows-Windows Firewall With Advanced Security/Firewall,2184,420,DESKTOP-5A3QN5S,7,S-1-5-19,A rule has been deleted in the Windows Defender Firewall exception list,,,RuleName: @{Microsoft.Windows.ParentalControls_1000.19041.3636.0_neutral_neutral_cw5n1h2txyewy?ms-resource://Microsoft.Windows.ParentalControls/resources/DisplayName},ModifyingApplication: C:\Windows\System32\svchost.exe,,,,,,False,C:\Users\VM\Desktop\Firewall.evtx,0x8000020000000000,0,"{""EventData"":{""Data"":[{""@Name"":""RuleId"",""#text"":""{3A699F5E-5E7A-4FEA-9A38-05C512AE7026}""},{""@Name"":""RuleName"",""#text"":""@{Microsoft.Windows.ParentalControls_1000.19041.3636.0_neutral_neutral_cw5n1h2txyewy?ms-resource://Microsoft.Windows.ParentalControls/resources/DisplayName}""},{""@Name"":""ModifyingUser"",""#text"":""S-1-5-80-3088073201-1464728630-1879813800-1107566885-823218052""},{""@Name"":""ModifyingApplication"",""#text"":""C:\\Windows\\System32\\svchost.exe""}]}}"
416,648,2025-07-28 20:27:39.1832062,2006,Info,Microsoft-Windows-Windows Firewall With Advanced Security,Microsoft-Windows-Windows Firewall With Advanced Security/Firewall,2184,420,DESKTOP-5A3QN5S,7,S-1-5-19,A rule has been deleted in the Windows Defender Firewall exception list,,,RuleName: @{Microsoft.Windows.ParentalControls_1000.19041.3636.0_neutral_neutral_cw5n1h2txyewy?ms-resource://Microsoft.Windows.ParentalControls/resources/DisplayName},ModifyingApplication: C:\Windows\System32\svchost.exe,,,,,,False,C:\Users\VM\Desktop\Firewall.evtx,0x8000020000000000,0,"{""EventData"":{""Data"":[{""@Name"":""RuleId"",""#text"":""{041C9DF1-E7CF-4749-91E2-1AC9C8E842D8}""},{""@Name"":""RuleName"",""#text"":""@{Microsoft.Windows.ParentalControls_1000.19041.3636.0_neutral_neutral_cw5n1h2txyewy?ms-resource://Microsoft.Windows.ParentalControls/resources/DisplayName}""},{""@Name"":""ModifyingUser"",""#text"":""S-1-5-80-3088073201-1464728630-1879813800-1107566885-823218052""},{""@Name"":""ModifyingApplication"",""#text"":""C:\\Windows\\System32\\svchost.exe""}]}}"
417,649,2025-07-28 20:27:39.1843357,2006,Info,Microsoft-Windows-Windows Firewall With Advanced Security,Microsoft-Windows-Windows Firewall With Advanced Security/Firewall,2184,420,DESKTOP-5A3QN5S,7,S-1-5-19,A rule has been deleted in the Windows Defender Firewall exception list,,,RuleName: @{Microsoft.Windows.ParentalControls_1000.19041.3636.0_neutral_neutral_cw5n1h2txyewy?ms-resource://Microsoft.Windows.ParentalControls/resources/DisplayName},ModifyingApplication: C:\Windows\System32\svchost.exe,,,,,,False,C:\Users\VM\Desktop\Firewall.evtx,0x8000020000000000,0,"{""EventData"":{""Data"":[{""@Name"":""RuleId"",""#text"":""{E8603A26-4C2E-4CB3-88F4-765F22A282D8}""},{""@Name"":""RuleName"",""#text"":""@{Microsoft.Windows.ParentalControls_1000.19041.3636.0_neutral_neutral_cw5n1h2txyewy?ms-resource://Microsoft.Windows.ParentalControls/resources/DisplayName}""},{""@Name"":""ModifyingUser"",""#text"":""S-1-5-80-3088073201-1464728630-1879813800-1107566885-823218052""},{""@Name"":""ModifyingApplication"",""#text"":""C:\\Windows\\System32\\svchost.exe""}]}}"
418,650,2025-07-28 20:27:39.1853975,2006,Info,Microsoft-Windows-Windows Firewall With Advanced Security,Microsoft-Windows-Windows Firewall With Advanced Security/Firewall,2184,420,DESKTOP-5A3QN5S,7,S-1-5-19,A rule has been deleted in the Windows Defender Firewall exception list,,,RuleName: @{Microsoft.Windows.NarratorQuickStart_10.0.19041.3636_neutral_neutral_8wekyb3d8bbwe?ms-resource://Microsoft.Windows.NarratorQuickStart/Resources/AppDisplayName},ModifyingApplication: C:\Windows\System32\svchost.exe,,,,,,False,C:\Users\VM\Desktop\Firewall.evtx,0x8000020000000000,0,"{""EventData"":{""Data"":[{""@Name"":""RuleId"",""#text"":""{FE6BE3AF-0DCD-451F-B829-B249BFB34384}""},{""@Name"":""RuleName"",""#text"":""@{Microsoft.Windows.NarratorQuickStart_10.0.19041.3636_neutral_neutral_8wekyb3d8bbwe?ms-resource://Microsoft.Windows.NarratorQuickStart/Resources/AppDisplayName}""},{""@Name"":""ModifyingUser"",""#text"":""S-1-5-80-3088073201-1464728630-1879813800-1107566885-823218052""},{""@Name"":""ModifyingApplication"",""#text"":""C:\\Windows\\System32\\svchost.exe""}]}}"
419,651,2025-07-28 20:27:39.1867812,2006,Info,Microsoft-Windows-Windows Firewall With Advanced Security,Microsoft-Windows-Windows Firewall With Advanced Security/Firewall,2184,420,DESKTOP-5A3QN5S,7,S-1-5-19,A rule has been deleted in the Windows Defender Firewall exception list,,,RuleName: @{Microsoft.Windows.NarratorQuickStart_10.0.19041.3636_neutral_neutral_8wekyb3d8bbwe?ms-resource://Microsoft.Windows.NarratorQuickStart/Resources/AppDisplayName},ModifyingApplication: C:\Windows\System32\svchost.exe,,,,,,False,C:\Users\VM\Desktop\Firewall.evtx,0x8000020000000000,0,"{""EventData"":{""Data"":[{""@Name"":""RuleId"",""#text"":""{DC4F4D67-5151-49E6-A60F-F315E377A52F}""},{""@Name"":""RuleName"",""#text"":""@{Microsoft.Windows.NarratorQuickStart_10.0.19041.3636_neutral_neutral_8wekyb3d8bbwe?ms-resource://Microsoft.Windows.NarratorQuickStart/Resources/AppDisplayName}""},{""@Name"":""ModifyingUser"",""#text"":""S-1-5-80-3088073201-1464728630-1879813800-1107566885-823218052""},{""@Name"":""ModifyingApplication"",""#text"":""C:\\Windows\\System32\\svchost.exe""}]}}"
420,652,2025-07-28 20:27:39.1871385,2006,Info,Microsoft-Windows-Windows Firewall With Advanced Security,Microsoft-Windows-Windows Firewall With Advanced Security/Firewall,2184,420,DESKTOP-5A3QN5S,7,S-1-5-19,A rule has been deleted in the Windows Defender Firewall exception list,,,RuleName: @{Microsoft.Windows.NarratorQuickStart_10.0.19041.3636_neutral_neutral_8wekyb3d8bbwe?ms-resource://Microsoft.Windows.NarratorQuickStart/Resources/AppDisplayName},ModifyingApplication: C:\Windows\System32\svchost.exe,,,,,,False,C:\Users\VM\Desktop\Firewall.evtx,0x8000020000000000,0,"{""EventData"":{""Data"":[{""@Name"":""RuleId"",""#text"":""{D2609A51-801E-4B6E-A5FF-9CF19F37537C}""},{""@Name"":""RuleName"",""#text"":""@{Microsoft.Windows.NarratorQuickStart_10.0.19041.3636_neutral_neutral_8wekyb3d8bbwe?ms-resource://Microsoft.Windows.NarratorQuickStart/Resources/AppDisplayName}""},{""@Name"":""ModifyingUser"",""#text"":""S-1-5-80-3088073201-1464728630-1879813800-1107566885-823218052""},{""@Name"":""ModifyingApplication"",""#text"":""C:\\Windows\\System32\\svchost.exe""}]}}"
421,653,2025-07-28 20:27:39.1881607,2006,Info,Microsoft-Windows-Windows Firewall With Advanced Security,Microsoft-Windows-Windows Firewall With Advanced Security/Firewall,2184,420,DESKTOP-5A3QN5S,7,S-1-5-19,A rule has been deleted in the Windows Defender Firewall exception list,,,RuleName: @{Microsoft.Windows.NarratorQuickStart_10.0.19041.3636_neutral_neutral_8wekyb3d8bbwe?ms-resource://Microsoft.Windows.NarratorQuickStart/Resources/AppDisplayName},ModifyingApplication: C:\Windows\System32\svchost.exe,,,,,,False,C:\Users\VM\Desktop\Firewall.evtx,0x8000020000000000,0,"{""EventData"":{""Data"":[{""@Name"":""RuleId"",""#text"":""{115F1A10-305F-420E-AE1F-6497EE4573EA}""},{""@Name"":""RuleName"",""#text"":""@{Microsoft.Windows.NarratorQuickStart_10.0.19041.3636_neutral_neutral_8wekyb3d8bbwe?ms-resource://Microsoft.Windows.NarratorQuickStart/Resources/AppDisplayName}""},{""@Name"":""ModifyingUser"",""#text"":""S-1-5-80-3088073201-1464728630-1879813800-1107566885-823218052""},{""@Name"":""ModifyingApplication"",""#text"":""C:\\Windows\\System32\\svchost.exe""}]}}"
422,654,2025-07-28 20:27:39.1898660,2006,Info,Microsoft-Windows-Windows Firewall With Advanced Security,Microsoft-Windows-Windows Firewall With Advanced Security/Firewall,2184,420,DESKTOP-5A3QN5S,7,S-1-5-19,A rule has been deleted in the Windows Defender Firewall exception list,,,RuleName: @{Microsoft.Windows.CallingShellApp_1000.19041.3636.0_neutral_neutral_cw5n1h2txyewy?ms-resource://WindowsInternal.Shell.Experiences.Calling/resources/AppDisplayName},ModifyingApplication: C:\Windows\System32\svchost.exe,,,,,,False,C:\Users\VM\Desktop\Firewall.evtx,0x8000020000000000,0,"{""EventData"":{""Data"":[{""@Name"":""RuleId"",""#text"":""{6380EFAB-F7E8-4793-928B-0EEF04BED62A}""},{""@Name"":""RuleName"",""#text"":""@{Microsoft.Windows.CallingShellApp_1000.19041.3636.0_neutral_neutral_cw5n1h2txyewy?ms-resource://WindowsInternal.Shell.Experiences.Calling/resources/AppDisplayName}""},{""@Name"":""ModifyingUser"",""#text"":""S-1-5-80-3088073201-1464728630-1879813800-1107566885-823218052""},{""@Name"":""ModifyingApplication"",""#text"":""C:\\Windows\\System32\\svchost.exe""}]}}"
423,655,2025-07-28 20:27:39.1902854,2006,Info,Microsoft-Windows-Windows Firewall With Advanced Security,Microsoft-Windows-Windows Firewall With Advanced Security/Firewall,2184,420,DESKTOP-5A3QN5S,7,S-1-5-19,A rule has been deleted in the Windows Defender Firewall exception list,,,RuleName: @{Microsoft.Windows.CallingShellApp_1000.19041.3636.0_neutral_neutral_cw5n1h2txyewy?ms-resource://WindowsInternal.Shell.Experiences.Calling/resources/AppDisplayName},ModifyingApplication: C:\Windows\System32\svchost.exe,,,,,,False,C:\Users\VM\Desktop\Firewall.evtx,0x8000020000000000,0,"{""EventData"":{""Data"":[{""@Name"":""RuleId"",""#text"":""{72CC3CDD-5A82-4F8C-B0B4-3F69316E580C}""},{""@Name"":""RuleName"",""#text"":""@{Microsoft.Windows.CallingShellApp_1000.19041.3636.0_neutral_neutral_cw5n1h2txyewy?ms-resource://WindowsInternal.Shell.Experiences.Calling/resources/AppDisplayName}""},{""@Name"":""ModifyingUser"",""#text"":""S-1-5-80-3088073201-1464728630-1879813800-1107566885-823218052""},{""@Name"":""ModifyingApplication"",""#text"":""C:\\Windows\\System32\\svchost.exe""}]}}"
424,656,2025-07-28 20:27:39.1915588,2006,Info,Microsoft-Windows-Windows Firewall With Advanced Security,Microsoft-Windows-Windows Firewall With Advanced Security/Firewall,2184,420,DESKTOP-5A3QN5S,7,S-1-5-19,A rule has been deleted in the Windows Defender Firewall exception list,,,RuleName: @{Microsoft.Windows.Apprep.ChxApp_1000.19041.3636.0_neutral_neutral_cw5n1h2txyewy?ms-resource://Microsoft.Windows.Apprep.ChxApp/resources/DisplayName},ModifyingApplication: C:\Windows\System32\svchost.exe,,,,,,False,C:\Users\VM\Desktop\Firewall.evtx,0x8000020000000000,0,"{""EventData"":{""Data"":[{""@Name"":""RuleId"",""#text"":""{45F31194-C442-410C-9A5B-D3671B2279C1}""},{""@Name"":""RuleName"",""#text"":""@{Microsoft.Windows.Apprep.ChxApp_1000.19041.3636.0_neutral_neutral_cw5n1h2txyewy?ms-resource://Microsoft.Windows.Apprep.ChxApp/resources/DisplayName}""},{""@Name"":""ModifyingUser"",""#text"":""S-1-5-80-3088073201-1464728630-1879813800-1107566885-823218052""},{""@Name"":""ModifyingApplication"",""#text"":""C:\\Windows\\System32\\svchost.exe""}]}}"
425,657,2025-07-28 20:27:39.1923741,2006,Info,Microsoft-Windows-Windows Firewall With Advanced Security,Microsoft-Windows-Windows Firewall With Advanced Security/Firewall,2184,420,DESKTOP-5A3QN5S,7,S-1-5-19,A rule has been deleted in the Windows Defender Firewall exception list,,,RuleName: @{Microsoft.Windows.Apprep.ChxApp_1000.19041.3636.0_neutral_neutral_cw5n1h2txyewy?ms-resource://Microsoft.Windows.Apprep.ChxApp/resources/DisplayName},ModifyingApplication: C:\Windows\System32\svchost.exe,,,,,,False,C:\Users\VM\Desktop\Firewall.evtx,0x8000020000000000,0,"{""EventData"":{""Data"":[{""@Name"":""RuleId"",""#text"":""{D492B4F9-AD1E-4C0C-8E30-30FCBD87F627}""},{""@Name"":""RuleName"",""#text"":""@{Microsoft.Windows.Apprep.ChxApp_1000.19041.3636.0_neutral_neutral_cw5n1h2txyewy?ms-resource://Microsoft.Windows.Apprep.ChxApp/resources/DisplayName}""},{""@Name"":""ModifyingUser"",""#text"":""S-1-5-80-3088073201-1464728630-1879813800-1107566885-823218052""},{""@Name"":""ModifyingApplication"",""#text"":""C:\\Windows\\System32\\svchost.exe""}]}}"
426,658,2025-07-28 20:27:39.1926344,2006,Info,Microsoft-Windows-Windows Firewall With Advanced Security,Microsoft-Windows-Windows Firewall With Advanced Security/Firewall,2184,420,DESKTOP-5A3QN5S,7,S-1-5-19,A rule has been deleted in the Windows Defender Firewall exception list,,,RuleName: @{Microsoft.Windows.Apprep.ChxApp_1000.19041.3636.0_neutral_neutral_cw5n1h2txyewy?ms-resource://Microsoft.Windows.Apprep.ChxApp/resources/DisplayName},ModifyingApplication: C:\Windows\System32\svchost.exe,,,,,,False,C:\Users\VM\Desktop\Firewall.evtx,0x8000020000000000,0,"{""EventData"":{""Data"":[{""@Name"":""RuleId"",""#text"":""{801CE770-550D-418B-8203-BC8FEC591A80}""},{""@Name"":""RuleName"",""#text"":""@{Microsoft.Windows.Apprep.ChxApp_1000.19041.3636.0_neutral_neutral_cw5n1h2txyewy?ms-resource://Microsoft.Windows.Apprep.ChxApp/resources/DisplayName}""},{""@Name"":""ModifyingUser"",""#text"":""S-1-5-80-3088073201-1464728630-1879813800-1107566885-823218052""},{""@Name"":""ModifyingApplication"",""#text"":""C:\\Windows\\System32\\svchost.exe""}]}}"
427,659,2025-07-28 20:27:39.1936165,2006,Info,Microsoft-Windows-Windows Firewall With Advanced Security,Microsoft-Windows-Windows Firewall With Advanced Security/Firewall,2184,420,DESKTOP-5A3QN5S,7,S-1-5-19,A rule has been deleted in the Windows Defender Firewall exception list,,,RuleName: @{Microsoft.Windows.Apprep.ChxApp_1000.19041.3636.0_neutral_neutral_cw5n1h2txyewy?ms-resource://Microsoft.Windows.Apprep.ChxApp/resources/DisplayName},ModifyingApplication: C:\Windows\System32\svchost.exe,,,,,,False,C:\Users\VM\Desktop\Firewall.evtx,0x8000020000000000,0,"{""EventData"":{""Data"":[{""@Name"":""RuleId"",""#text"":""{9940AB55-5D1C-4B49-A13D-836DDC4ED37C}""},{""@Name"":""RuleName"",""#text"":""@{Microsoft.Windows.Apprep.ChxApp_1000.19041.3636.0_neutral_neutral_cw5n1h2txyewy?ms-resource://Microsoft.Windows.Apprep.ChxApp/resources/DisplayName}""},{""@Name"":""ModifyingUser"",""#text"":""S-1-5-80-3088073201-1464728630-1879813800-1107566885-823218052""},{""@Name"":""ModifyingApplication"",""#text"":""C:\\Windows\\System32\\svchost.exe""}]}}"
428,660,2025-07-28 20:27:39.1945576,2006,Info,Microsoft-Windows-Windows Firewall With Advanced Security,Microsoft-Windows-Windows Firewall With Advanced Security/Firewall,2184,420,DESKTOP-5A3QN5S,7,S-1-5-19,A rule has been deleted in the Windows Defender Firewall exception list,,,RuleName: @{Microsoft.Windows.AssignedAccessLockApp_1000.19041.3636.0_neutral_neutral_cw5n1h2txyewy?ms-resource://Microsoft.Windows.AssignedAccessLockApp/Resources/PackageDisplayName},ModifyingApplication: C:\Windows\System32\svchost.exe,,,,,,False,C:\Users\VM\Desktop\Firewall.evtx,0x8000020000000000,0,"{""EventData"":{""Data"":[{""@Name"":""RuleId"",""#text"":""{D6332EC2-49FA-4F68-A562-9F69D7842E28}""},{""@Name"":""RuleName"",""#text"":""@{Microsoft.Windows.AssignedAccessLockApp_1000.19041.3636.0_neutral_neutral_cw5n1h2txyewy?ms-resource://Microsoft.Windows.AssignedAccessLockApp/Resources/PackageDisplayName}""},{""@Name"":""ModifyingUser"",""#text"":""S-1-5-80-3088073201-1464728630-1879813800-1107566885-823218052""},{""@Name"":""ModifyingApplication"",""#text"":""C:\\Windows\\System32\\svchost.exe""}]}}"
429,661,2025-07-28 20:27:39.1953771,2006,Info,Microsoft-Windows-Windows Firewall With Advanced Security,Microsoft-Windows-Windows Firewall With Advanced Security/Firewall,2184,420,DESKTOP-5A3QN5S,7,S-1-5-19,A rule has been deleted in the Windows Defender Firewall exception list,,,RuleName: @{Microsoft.Windows.AssignedAccessLockApp_1000.19041.3636.0_neutral_neutral_cw5n1h2txyewy?ms-resource://Microsoft.Windows.AssignedAccessLockApp/Resources/PackageDisplayName},ModifyingApplication: C:\Windows\System32\svchost.exe,,,,,,False,C:\Users\VM\Desktop\Firewall.evtx,0x8000020000000000,0,"{""EventData"":{""Data"":[{""@Name"":""RuleId"",""#text"":""{BF566CAC-4E06-480A-9E26-0493D083F677}""},{""@Name"":""RuleName"",""#text"":""@{Microsoft.Windows.AssignedAccessLockApp_1000.19041.3636.0_neutral_neutral_cw5n1h2txyewy?ms-resource://Microsoft.Windows.AssignedAccessLockApp/Resources/PackageDisplayName}""},{""@Name"":""ModifyingUser"",""#text"":""S-1-5-80-3088073201-1464728630-1879813800-1107566885-823218052""},{""@Name"":""ModifyingApplication"",""#text"":""C:\\Windows\\System32\\svchost.exe""}]}}"
430,662,2025-07-28 20:27:39.1968634,2006,Info,Microsoft-Windows-Windows Firewall With Advanced Security,Microsoft-Windows-Windows Firewall With Advanced Security/Firewall,2184,420,DESKTOP-5A3QN5S,7,S-1-5-19,A rule has been deleted in the Windows Defender Firewall exception list,,,RuleName: @{Microsoft.AsyncTextService_10.0.19041.3636_neutral__8wekyb3d8bbwe?ms-resource://Microsoft.AsyncTextService/Resources/AppDisplayName},ModifyingApplication: C:\Windows\System32\svchost.exe,,,,,,False,C:\Users\VM\Desktop\Firewall.evtx,0x8000020000000000,0,"{""EventData"":{""Data"":[{""@Name"":""RuleId"",""#text"":""{98701968-C4A1-4F60-86C2-EFB480E0E1C5}""},{""@Name"":""RuleName"",""#text"":""@{Microsoft.AsyncTextService_10.0.19041.3636_neutral__8wekyb3d8bbwe?ms-resource://Microsoft.AsyncTextService/Resources/AppDisplayName}""},{""@Name"":""ModifyingUser"",""#text"":""S-1-5-80-3088073201-1464728630-1879813800-1107566885-823218052""},{""@Name"":""ModifyingApplication"",""#text"":""C:\\Windows\\System32\\svchost.exe""}]}}"
431,663,2025-07-28 20:27:39.1973224,2006,Info,Microsoft-Windows-Windows Firewall With Advanced Security,Microsoft-Windows-Windows Firewall With Advanced Security/Firewall,2184,420,DESKTOP-5A3QN5S,7,S-1-5-19,A rule has been deleted in the Windows Defender Firewall exception list,,,RuleName: @{Microsoft.AsyncTextService_10.0.19041.3636_neutral__8wekyb3d8bbwe?ms-resource://Microsoft.AsyncTextService/Resources/AppDisplayName},ModifyingApplication: C:\Windows\System32\svchost.exe,,,,,,False,C:\Users\VM\Desktop\Firewall.evtx,0x8000020000000000,0,"{""EventData"":{""Data"":[{""@Name"":""RuleId"",""#text"":""{0933CB89-3DC6-4EE8-8A06-2E1266DD0285}""},{""@Name"":""RuleName"",""#text"":""@{Microsoft.AsyncTextService_10.0.19041.3636_neutral__8wekyb3d8bbwe?ms-resource://Microsoft.AsyncTextService/Resources/AppDisplayName}""},{""@Name"":""ModifyingUser"",""#text"":""S-1-5-80-3088073201-1464728630-1879813800-1107566885-823218052""},{""@Name"":""ModifyingApplication"",""#text"":""C:\\Windows\\System32\\svchost.exe""}]}}"
432,664,2025-07-28 20:27:39.1982337,2006,Info,Microsoft-Windows-Windows Firewall With Advanced Security,Microsoft-Windows-Windows Firewall With Advanced Security/Firewall,2184,420,DESKTOP-5A3QN5S,7,S-1-5-19,A rule has been deleted in the Windows Defender Firewall exception list,,,RuleName: @{Microsoft.CredDialogHost_10.0.19041.3636_neutral__cw5n1h2txyewy?ms-resource://Microsoft.CredDialogHost/Resources/AppDisplayName},ModifyingApplication: C:\Windows\System32\svchost.exe,,,,,,False,C:\Users\VM\Desktop\Firewall.evtx,0x8000020000000000,0,"{""EventData"":{""Data"":[{""@Name"":""RuleId"",""#text"":""{0A4BEBC6-C1AB-4B38-BEB2-DC5F8BCDA99C}""},{""@Name"":""RuleName"",""#text"":""@{Microsoft.CredDialogHost_10.0.19041.3636_neutral__cw5n1h2txyewy?ms-resource://Microsoft.CredDialogHost/Resources/AppDisplayName}""},{""@Name"":""ModifyingUser"",""#text"":""S-1-5-80-3088073201-1464728630-1879813800-1107566885-823218052""},{""@Name"":""ModifyingApplication"",""#text"":""C:\\Windows\\System32\\svchost.exe""}]}}"
433,665,2025-07-28 20:27:39.1985633,2006,Info,Microsoft-Windows-Windows Firewall With Advanced Security,Microsoft-Windows-Windows Firewall With Advanced Security/Firewall,2184,420,DESKTOP-5A3QN5S,7,S-1-5-19,A rule has been deleted in the Windows Defender Firewall exception list,,,RuleName: @{Microsoft.CredDialogHost_10.0.19041.3636_neutral__cw5n1h2txyewy?ms-resource://Microsoft.CredDialogHost/Resources/AppDisplayName},ModifyingApplication: C:\Windows\System32\svchost.exe,,,,,,False,C:\Users\VM\Desktop\Firewall.evtx,0x8000020000000000,0,"{""EventData"":{""Data"":[{""@Name"":""RuleId"",""#text"":""{1DA2A1D9-963E-4A37-AEE0-8B418BFF27EE}""},{""@Name"":""RuleName"",""#text"":""@{Microsoft.CredDialogHost_10.0.19041.3636_neutral__cw5n1h2txyewy?ms-resource://Microsoft.CredDialogHost/Resources/AppDisplayName}""},{""@Name"":""ModifyingUser"",""#text"":""S-1-5-80-3088073201-1464728630-1879813800-1107566885-823218052""},{""@Name"":""ModifyingApplication"",""#text"":""C:\\Windows\\System32\\svchost.exe""}]}}"
