285,517,2025-07-28 20:27:20.1729640,2097,Info,Microsoft-Windows-Windows Firewall With Advanced Security,Microsoft-Windows-Windows Firewall With Advanced Security/Firewall,2184,4676,DESKTOP-5A3QN5S,5,S-1-5-19,,,,,,,,,,,False,C:\Users\VM\Desktop\Firewall.evtx,0x8000020000000000,1280,"{""EventData"":{""Data"":[{""@Name"":""RuleId"",""#text"":""{7B0CFD56-98BE-452A-A220-5C056ACDC531}""},{""@Name"":""RuleName"",""#text"":""@{Microsoft.StorePurchaseApp_11811.1001.18.0_x64__8wekyb3d8bbwe?ms-resource://Microsoft.StorePurchaseApp/Resources/DisplayTitle}""},{""@Name"":""Origin"",""#text"":""1""},{""@Name"":""ApplicationPath""},{""@Name"":""ServiceName""},{""@Name"":""Direction"",""#text"":""2""},{""@Name"":""Protocol"",""#text"":""256""},{""@Name"":""LocalPorts""},{""@Name"":""RemotePorts""},{""@Name"":""Action"",""#text"":""3""},{""@Name"":""Profiles"",""#text"":""7""},{""@Name"":""LocalAddresses"",""#text"":""*""},{""@Name"":""RemoteAddresses"",""#text"":""*""},{""@Name"":""RemoteMachineAuthorizationList""},{""@Name"":""RemoteUserAuthorizationList""},{""@Name"":""EmbeddedContext"",""#text"":""@{Microsoft.StorePurchaseApp_11811.1001.18.0_x64__8wekyb3d8bbwe?ms-resource://Microsoft.StorePurchaseApp/Resources/DisplayTitle}""},{""@Name"":""Flags"",""#text"":""1""},{""@Name"":""Active"",""#text"":""1""},{""@Name"":""EdgeTraversal"",""#text"":""0""},{""@Name"":""LooseSourceMapped"",""#text"":""0""},{""@Name"":""SecurityOptions"",""#text"":""0""},{""@Name"":""ModifyingUser"",""#text"":""S-1-5-80-3088073201-1464728630-1879813800-1107566885-823218052""},{""@Name"":""ModifyingApplication"",""#text"":""C:\\Windows\\System32\\svchost.exe""},{""@Name"":""SchemaVersion"",""#text"":""542""},{""@Name"":""RuleStatus"",""#text"":""65536""},{""@Name"":""LocalOnlyMapped"",""#text"":""0""},{""@Name"":""PolicyAppId""}]}}"
286,518,2025-07-28 20:27:20.1759001,2097,Info,Microsoft-Windows-Windows Firewall With Advanced Security,Microsoft-Windows-Windows Firewall With Advanced Security/Firewall,2184,4676,DESKTOP-5A3QN5S,5,S-1-5-19,,,,,,,,,,,False,C:\Users\VM\Desktop\Firewall.evtx,0x8000020000000000,0,"{""EventData"":{""Data"":[{""@Name"":""RuleId"",""#text"":""{5B0AF16B-9004-4E84-922C-27FE29CEA220}""},{""@Name"":""RuleName"",""#text"":""@{Microsoft.StorePurchaseApp_11811.1001.18.0_x64__8wekyb3d8bbwe?ms-resource://Microsoft.StorePurchaseApp/Resources/DisplayTitle}""},{""@Name"":""Origin"",""#text"":""1""},{""@Name"":""ApplicationPath""},{""@Name"":""ServiceName""},{""@Name"":""Direction"",""#text"":""2""},{""@Name"":""Protocol"",""#text"":""256""},{""@Name"":""LocalPorts""},{""@Name"":""RemotePorts""},{""@Name"":""Action"",""#text"":""3""},{""@Name"":""Profiles"",""#text"":""7""},{""@Name"":""LocalAddresses"",""#text"":""*""},{""@Name"":""RemoteAddresses"",""#text"":""*""},{""@Name"":""RemoteMachineAuthorizationList""},{""@Name"":""RemoteUserAuthorizationList""},{""@Name"":""EmbeddedContext"",""#text"":""@{Microsoft.StorePurchaseApp_11811.1001.18.0_x64__8wekyb3d8bbwe?ms-resource://Microsoft.StorePurchaseApp/Resources/DisplayTitle}""},{""@Name"":""Flags"",""#text"":""1""},{""@Name"":""Active"",""#text"":""1""},{""@Name"":""EdgeTraversal"",""#text"":""0""},{""@Name"":""LooseSourceMapped"",""#text"":""0""},{""@Name"":""SecurityOptions"",""#text"":""0""},{""@Name"":""ModifyingUser"",""#text"":""S-1-5-80-3088073201-1464728630-1879813800-1107566885-823218052""},{""@Name"":""ModifyingApplication"",""#text"":""C:\\Windows\\System32\\svchost.exe""},{""@Name"":""SchemaVersion"",""#text"":""542""},{""@Name"":""RuleStatus"",""#text"":""65536""},{""@Name"":""LocalOnlyMapped"",""#text"":""0""},{""@Name"":""PolicyAppId""}]}}"
287,519,2025-07-28 20:27:21.3336721,2097,Info,Microsoft-Windows-Windows Firewall With Advanced Security,Microsoft-Windows-Windows Firewall With Advanced Security/Firewall,2184,4676,DESKTOP-5A3QN5S,5,S-1-5-19,,,,,,,,,,,False,C:\Users\VM\Desktop\Firewall.evtx,0x8000020000000000,0,"{""EventData"":{""Data"":[{""@Name"":""RuleId"",""#text"":""{C1AD1409-FBBB-4E89-8CBB-35CAD6E19CF3}""},{""@Name"":""RuleName"",""#text"":""@{Microsoft.ScreenSketch_10.1907.2471.0_x64__8wekyb3d8bbwe?ms-resource://Microsoft.ScreenSketch/Resources/AppStoreName}""},{""@Name"":""Origin"",""#text"":""1""},{""@Name"":""ApplicationPath""},{""@Name"":""ServiceName""},{""@Name"":""Direction"",""#text"":""1""},{""@Name"":""Protocol"",""#text"":""256""},{""@Name"":""LocalPorts""},{""@Name"":""RemotePorts""},{""@Name"":""Action"",""#text"":""2""},{""@Name"":""Profiles"",""#text"":""2147483647""},{""@Name"":""LocalAddresses"",""#text"":""*""},{""@Name"":""RemoteAddresses"",""#text"":""*""},{""@Name"":""RemoteMachineAuthorizationList""},{""@Name"":""RemoteUserAuthorizationList""},{""@Name"":""EmbeddedContext"",""#text"":""@{Microsoft.ScreenSketch_10.1907.2471.0_x64__8wekyb3d8bbwe?ms-resource://Microsoft.ScreenSketch/Resources/AppStoreName}""},{""@Name"":""Flags"",""#text"":""1""},{""@Name"":""Active"",""#text"":""1""},{""@Name"":""EdgeTraversal"",""#text"":""0""},{""@Name"":""LooseSourceMapped"",""#text"":""0""},{""@Name"":""SecurityOptions"",""#text"":""0""},{""@Name"":""ModifyingUser"",""#text"":""S-1-5-80-3088073201-1464728630-1879813800-1107566885-823218052""},{""@Name"":""ModifyingApplication"",""#text"":""C:\\Windows\\System32\\svchost.exe""},{""@Name"":""SchemaVersion"",""#text"":""542""},{""@Name"":""RuleStatus"",""#text"":""65536""},{""@Name"":""LocalOnlyMapped"",""#text"":""0""},{""@Name"":""PolicyAppId""}]}}"
288,520,2025-07-28 20:27:21.3382101,2097,Info,Microsoft-Windows-Windows Firewall With Advanced Security,Microsoft-Windows-Windows Firewall With Advanced Security/Firewall,2184,4676,DESKTOP-5A3QN5S,5,S-1-5-19,,,,,,,,,,,False,C:\Users\VM\Desktop\Firewall.evtx,0x8000020000000000,0,"{""EventData"":{""Data"":[{""@Name"":""RuleId"",""#text"":""{91A8E4E8-E85E-45E8-BE39-809155037736}""},{""@Name"":""RuleName"",""#text"":""@{Microsoft.ScreenSketch_10.1907.2471.0_x64__8wekyb3d8bbwe?ms-resource://Microsoft.ScreenSketch/Resources/AppStoreName}""},{""@Name"":""Origin"",""#text"":""1""},{""@Name"":""ApplicationPath""},{""@Name"":""ServiceName""},{""@Name"":""Direction"",""#text"":""2""},{""@Name"":""Protocol"",""#text"":""256""},{""@Name"":""LocalPorts""},{""@Name"":""RemotePorts""},{""@Name"":""Action"",""#text"":""2""},{""@Name"":""Profiles"",""#text"":""2147483647""},{""@Name"":""LocalAddresses"",""#text"":""*""},{""@Name"":""RemoteAddresses"",""#text"":""*""},{""@Name"":""RemoteMachineAuthorizationList""},{""@Name"":""RemoteUserAuthorizationList""},{""@Name"":""EmbeddedContext"",""#text"":""@{Microsoft.ScreenSketch_10.1907.2471.0_x64__8wekyb3d8bbwe?ms-resource://Microsoft.ScreenSketch/Resources/AppStoreName}""},{""@Name"":""Flags"",""#text"":""1""},{""@Name"":""Active"",""#text"":""1""},{""@Name"":""EdgeTraversal"",""#text"":""0""},{""@Name"":""LooseSourceMapped"",""#text"":""0""},{""@Name"":""SecurityOptions"",""#text"":""0""},{""@Name"":""ModifyingUser"",""#text"":""S-1-5-80-3088073201-1464728630-1879813800-1107566885-823218052""},{""@Name"":""ModifyingApplication"",""#text"":""C:\\Windows\\System32\\svchost.exe""},{""@Name"":""SchemaVersion"",""#text"":""542""},{""@Name"":""RuleStatus"",""#text"":""65536""},{""@Name"":""LocalOnlyMapped"",""#text"":""0""},{""@Name"":""PolicyAppId""}]}}"
289,521,2025-07-28 20:27:22.3977999,2097,Info,Microsoft-Windows-Windows Firewall With Advanced Security,Microsoft-Windows-Windows Firewall With Advanced Security/Firewall,2184,420,DESKTOP-5A3QN5S,5,S-1-5-19,,,,,,,,,,,False,C:\Users\VM\Desktop\Firewall.evtx,0x8000020000000000,0,"{""EventData"":{""Data"":[{""@Name"":""RuleId"",""#text"":""{A718D0B5-8A00-4686-B5AB-511449FCFC67}""},{""@Name"":""RuleName"",""#text"":""@{Microsoft.People_10.1902.633.0_x64__8wekyb3d8bbwe?ms-resource://Microsoft.People/Resources/AppStoreName}""},{""@Name"":""Origin"",""#text"":""1""},{""@Name"":""ApplicationPath""},{""@Name"":""ServiceName""},{""@Name"":""Direction"",""#text"":""1""},{""@Name"":""Protocol"",""#text"":""256""},{""@Name"":""LocalPorts""},{""@Name"":""RemotePorts""},{""@Name"":""Action"",""#text"":""2""},{""@Name"":""Profiles"",""#text"":""2147483647""},{""@Name"":""LocalAddresses"",""#text"":""*""},{""@Name"":""RemoteAddresses"",""#text"":""*""},{""@Name"":""RemoteMachineAuthorizationList""},{""@Name"":""RemoteUserAuthorizationList""},{""@Name"":""EmbeddedContext"",""#text"":""@{Microsoft.People_10.1902.633.0_x64__8wekyb3d8bbwe?ms-resource://Microsoft.People/Resources/AppStoreName}""},{""@Name"":""Flags"",""#text"":""1""},{""@Name"":""Active"",""#text"":""1""},{""@Name"":""EdgeTraversal"",""#text"":""0""},{""@Name"":""LooseSourceMapped"",""#text"":""0""},{""@Name"":""SecurityOptions"",""#text"":""0""},{""@Name"":""ModifyingUser"",""#text"":""S-1-5-80-3088073201-1464728630-1879813800-1107566885-823218052""},{""@Name"":""ModifyingApplication"",""#text"":""C:\\Windows\\System32\\svchost.exe""},{""@Name"":""SchemaVersion"",""#text"":""542""},{""@Name"":""RuleStatus"",""#text"":""65536""},{""@Name"":""LocalOnlyMapped"",""#text"":""0""},{""@Name"":""PolicyAppId""}]}}"
290,522,2025-07-28 20:27:22.4009783,2097,Info,Microsoft-Windows-Windows Firewall With Advanced Security,Microsoft-Windows-Windows Firewall With Advanced Security/Firewall,2184,420,DESKTOP-5A3QN5S,5,S-1-5-19,,,,,,,,,,,False,C:\Users\VM\Desktop\Firewall.evtx,0x8000020000000000,0,"{""EventData"":{""Data"":[{""@Name"":""RuleId"",""#text"":""{76D07565-41AC-4102-8C46-33A68AF0396E}""},{""@Name"":""RuleName"",""#text"":""@{Microsoft.People_10.1902.633.0_x64__8wekyb3d8bbwe?ms-resource://Microsoft.People/Resources/AppStoreName}""},{""@Name"":""Origin"",""#text"":""1""},{""@Name"":""ApplicationPath""},{""@Name"":""ServiceName""},{""@Name"":""Direction"",""#text"":""2""},{""@Name"":""Protocol"",""#text"":""256""},{""@Name"":""LocalPorts""},{""@Name"":""RemotePorts""},{""@Name"":""Action"",""#text"":""2""},{""@Name"":""Profiles"",""#text"":""2147483647""},{""@Name"":""LocalAddresses"",""#text"":""*""},{""@Name"":""RemoteAddresses"",""#text"":""*""},{""@Name"":""RemoteMachineAuthorizationList""},{""@Name"":""RemoteUserAuthorizationList""},{""@Name"":""EmbeddedContext"",""#text"":""@{Microsoft.People_10.1902.633.0_x64__8wekyb3d8bbwe?ms-resource://Microsoft.People/Resources/AppStoreName}""},{""@Name"":""Flags"",""#text"":""1""},{""@Name"":""Active"",""#text"":""1""},{""@Name"":""EdgeTraversal"",""#text"":""0""},{""@Name"":""LooseSourceMapped"",""#text"":""0""},{""@Name"":""SecurityOptions"",""#text"":""0""},{""@Name"":""ModifyingUser"",""#text"":""S-1-5-80-3088073201-1464728630-1879813800-1107566885-823218052""},{""@Name"":""ModifyingApplication"",""#text"":""C:\\Windows\\System32\\svchost.exe""},{""@Name"":""SchemaVersion"",""#text"":""542""},{""@Name"":""RuleStatus"",""#text"":""65536""},{""@Name"":""LocalOnlyMapped"",""#text"":""0""},{""@Name"":""PolicyAppId""}]}}"
291,523,2025-07-28 20:27:22.4031245,2097,Info,Microsoft-Windows-Windows Firewall With Advanced Security,Microsoft-Windows-Windows Firewall With Advanced Security/Firewall,2184,420,DESKTOP-5A3QN5S,5,S-1-5-19,,,,,,,,,,,False,C:\Users\VM\Desktop\Firewall.evtx,0x8000020000000000,0,"{""EventData"":{""Data"":[{""@Name"":""RuleId"",""#text"":""{C4DD6BFE-60A4-4646-B1D0-78A7FA7E2FD2}""},{""@Name"":""RuleName"",""#text"":""@{Microsoft.People_10.1902.633.0_x64__8wekyb3d8bbwe?ms-resource://Microsoft.People/Resources/AppStoreName}""},{""@Name"":""Origin"",""#text"":""1""},{""@Name"":""ApplicationPath""},{""@Name"":""ServiceName""},{""@Name"":""Direction"",""#text"":""2""},{""@Name"":""Protocol"",""#text"":""256""},{""@Name"":""LocalPorts""},{""@Name"":""RemotePorts""},{""@Name"":""Action"",""#text"":""3""},{""@Name"":""Profiles"",""#text"":""7""},{""@Name"":""LocalAddresses"",""#text"":""*""},{""@Name"":""RemoteAddresses"",""#text"":""*""},{""@Name"":""RemoteMachineAuthorizationList""},{""@Name"":""RemoteUserAuthorizationList""},{""@Name"":""EmbeddedContext"",""#text"":""@{Microsoft.People_10.1902.633.0_x64__8wekyb3d8bbwe?ms-resource://Microsoft.People/Resources/AppStoreName}""},{""@Name"":""Flags"",""#text"":""1""},{""@Name"":""Active"",""#text"":""1""},{""@Name"":""EdgeTraversal"",""#text"":""0""},{""@Name"":""LooseSourceMapped"",""#text"":""0""},{""@Name"":""SecurityOptions"",""#text"":""0""},{""@Name"":""ModifyingUser"",""#text"":""S-1-5-80-3088073201-1464728630-1879813800-1107566885-823218052""},{""@Name"":""ModifyingApplication"",""#text"":""C:\\Windows\\System32\\svchost.exe""},{""@Name"":""SchemaVersion"",""#text"":""542""},{""@Name"":""RuleStatus"",""#text"":""65536""},{""@Name"":""LocalOnlyMapped"",""#text"":""0""},{""@Name"":""PolicyAppId""}]}}"
292,524,2025-07-28 20:27:22.4055301,2097,Info,Microsoft-Windows-Windows Firewall With Advanced Security,Microsoft-Windows-Windows Firewall With Advanced Security/Firewall,2184,420,DESKTOP-5A3QN5S,5,S-1-5-19,,,,,,,,,,,False,C:\Users\VM\Desktop\Firewall.evtx,0x8000020000000000,0,"{""EventData"":{""Data"":[{""@Name"":""RuleId"",""#text"":""{D7A8BF2D-01E9-4E9E-A2F5-0F26E4CEEBD6}""},{""@Name"":""RuleName"",""#text"":""@{Microsoft.People_10.1902.633.0_x64__8wekyb3d8bbwe?ms-resource://Microsoft.People/Resources/AppStoreName}""},{""@Name"":""Origin"",""#text"":""1""},{""@Name"":""ApplicationPath""},{""@Name"":""ServiceName""},{""@Name"":""Direction"",""#text"":""2""},{""@Name"":""Protocol"",""#text"":""256""},{""@Name"":""LocalPorts""},{""@Name"":""RemotePorts""},{""@Name"":""Action"",""#text"":""3""},{""@Name"":""Profiles"",""#text"":""7""},{""@Name"":""LocalAddresses"",""#text"":""*""},{""@Name"":""RemoteAddresses"",""#text"":""*""},{""@Name"":""RemoteMachineAuthorizationList""},{""@Name"":""RemoteUserAuthorizationList""},{""@Name"":""EmbeddedContext"",""#text"":""@{Microsoft.People_10.1902.633.0_x64__8wekyb3d8bbwe?ms-resource://Microsoft.People/Resources/AppStoreName}""},{""@Name"":""Flags"",""#text"":""1""},{""@Name"":""Active"",""#text"":""1""},{""@Name"":""EdgeTraversal"",""#text"":""0""},{""@Name"":""LooseSourceMapped"",""#text"":""0""},{""@Name"":""SecurityOptions"",""#text"":""0""},{""@Name"":""ModifyingUser"",""#text"":""S-1-5-80-3088073201-1464728630-1879813800-1107566885-823218052""},{""@Name"":""ModifyingApplication"",""#text"":""C:\\Windows\\System32\\svchost.exe""},{""@Name"":""SchemaVersion"",""#text"":""542""},{""@Name"":""RuleStatus"",""#text"":""65536""},{""@Name"":""LocalOnlyMapped"",""#text"":""0""},{""@Name"":""PolicyAppId""}]}}"
293,525,2025-07-28 20:27:23.4441399,2097,Info,Microsoft-Windows-Windows Firewall With Advanced Security,Microsoft-Windows-Windows Firewall With Advanced Security/Firewall,2184,420,DESKTOP-5A3QN5S,5,S-1-5-19,,,,,,,,,,,False,C:\Users\VM\Desktop\Firewall.evtx,0x8000020000000000,0,"{""EventData"":{""Data"":[{""@Name"":""RuleId"",""#text"":""{3D7A1912-10C4-4270-9182-0811D20E82D5}""},{""@Name"":""RuleName"",""#text"":""OneNote""},{""@Name"":""Origin"",""#text"":""1""},{""@Name"":""ApplicationPath""},{""@Name"":""ServiceName""},{""@Name"":""Direction"",""#text"":""1""},{""@Name"":""Protocol"",""#text"":""256""},{""@Name"":""LocalPorts""},{""@Name"":""RemotePorts""},{""@Name"":""Action"",""#text"":""2""},{""@Name"":""Profiles"",""#text"":""2147483647""},{""@Name"":""LocalAddresses"",""#text"":""*""},{""@Name"":""RemoteAddresses"",""#text"":""*""},{""@Name"":""RemoteMachineAuthorizationList""},{""@Name"":""RemoteUserAuthorizationList""},{""@Name"":""EmbeddedContext"",""#text"":""OneNote""},{""@Name"":""Flags"",""#text"":""1""},{""@Name"":""Active"",""#text"":""1""},{""@Name"":""EdgeTraversal"",""#text"":""0""},{""@Name"":""LooseSourceMapped"",""#text"":""0""},{""@Name"":""SecurityOptions"",""#text"":""0""},{""@Name"":""ModifyingUser"",""#text"":""S-1-5-80-3088073201-1464728630-1879813800-1107566885-823218052""},{""@Name"":""ModifyingApplication"",""#text"":""C:\\Windows\\System32\\svchost.exe""},{""@Name"":""SchemaVersion"",""#text"":""542""},{""@Name"":""RuleStatus"",""#text"":""65536""},{""@Name"":""LocalOnlyMapped"",""#text"":""0""},{""@Name"":""PolicyAppId""}]}}"
294,526,2025-07-28 20:27:23.4468672,2097,Info,Microsoft-Windows-Windows Firewall With Advanced Security,Microsoft-Windows-Windows Firewall With Advanced Security/Firewall,2184,420,DESKTOP-5A3QN5S,5,S-1-5-19,,,,,,,,,,,False,C:\Users\VM\Desktop\Firewall.evtx,0x8000020000000000,0,"{""EventData"":{""Data"":[{""@Name"":""RuleId"",""#text"":""{52B25B52-5D39-440D-A0CE-C83CE1510AE5}""},{""@Name"":""RuleName"",""#text"":""OneNote""},{""@Name"":""Origin"",""#text"":""1""},{""@Name"":""ApplicationPath""},{""@Name"":""ServiceName""},{""@Name"":""Direction"",""#text"":""2""},{""@Name"":""Protocol"",""#text"":""256""},{""@Name"":""LocalPorts""},{""@Name"":""RemotePorts""},{""@Name"":""Action"",""#text"":""2""},{""@Name"":""Profiles"",""#text"":""2147483647""},{""@Name"":""LocalAddresses"",""#text"":""*""},{""@Name"":""RemoteAddresses"",""#text"":""*""},{""@Name"":""RemoteMachineAuthorizationList""},{""@Name"":""RemoteUserAuthorizationList""},{""@Name"":""EmbeddedContext"",""#text"":""OneNote""},{""@Name"":""Flags"",""#text"":""1""},{""@Name"":""Active"",""#text"":""1""},{""@Name"":""EdgeTraversal"",""#text"":""0""},{""@Name"":""LooseSourceMapped"",""#text"":""0""},{""@Name"":""SecurityOptions"",""#text"":""0""},{""@Name"":""ModifyingUser"",""#text"":""S-1-5-80-3088073201-1464728630-1879813800-1107566885-823218052""},{""@Name"":""ModifyingApplication"",""#text"":""C:\\Windows\\System32\\svchost.exe""},{""@Name"":""SchemaVersion"",""#text"":""542""},{""@Name"":""RuleStatus"",""#text"":""65536""},{""@Name"":""LocalOnlyMapped"",""#text"":""0""},{""@Name"":""PolicyAppId""}]}}"
295,527,2025-07-28 20:27:23.4490174,2097,Info,Microsoft-Windows-Windows Firewall With Advanced Security,Microsoft-Windows-Windows Firewall With Advanced Security/Firewall,2184,420,DESKTOP-5A3QN5S,5,S-1-5-19,,,,,,,,,,,False,C:\Users\VM\Desktop\Firewall.evtx,0x8000020000000000,0,"{""EventData"":{""Data"":[{""@Name"":""RuleId"",""#text"":""{417306BD-AEAA-4A23-B898-3C6263686A98}""},{""@Name"":""RuleName"",""#text"":""OneNote""},{""@Name"":""Origin"",""#text"":""1""},{""@Name"":""ApplicationPath""},{""@Name"":""ServiceName""},{""@Name"":""Direction"",""#text"":""1""},{""@Name"":""Protocol"",""#text"":""256""},{""@Name"":""LocalPorts""},{""@Name"":""RemotePorts""},{""@Name"":""Action"",""#text"":""3""},{""@Name"":""Profiles"",""#text"":""7""},{""@Name"":""LocalAddresses"",""#text"":""*""},{""@Name"":""RemoteAddresses"",""#text"":""*""},{""@Name"":""RemoteMachineAuthorizationList""},{""@Name"":""RemoteUserAuthorizationList""},{""@Name"":""EmbeddedContext"",""#text"":""OneNote""},{""@Name"":""Flags"",""#text"":""1""},{""@Name"":""Active"",""#text"":""1""},{""@Name"":""EdgeTraversal"",""#text"":""0""},{""@Name"":""LooseSourceMapped"",""#text"":""0""},{""@Name"":""SecurityOptions"",""#text"":""0""},{""@Name"":""ModifyingUser"",""#text"":""S-1-5-80-3088073201-1464728630-1879813800-1107566885-823218052""},{""@Name"":""ModifyingApplication"",""#text"":""C:\\Windows\\System32\\svchost.exe""},{""@Name"":""SchemaVersion"",""#text"":""542""},{""@Name"":""RuleStatus"",""#text"":""65536""},{""@Name"":""LocalOnlyMapped"",""#text"":""0""},{""@Name"":""PolicyAppId""}]}}"
296,528,2025-07-28 20:27:23.4511614,2097,Info,Microsoft-Windows-Windows Firewall With Advanced Security,Microsoft-Windows-Windows Firewall With Advanced Security/Firewall,2184,420,DESKTOP-5A3QN5S,5,S-1-5-19,,,,,,,,,,,False,C:\Users\VM\Desktop\Firewall.evtx,0x8000020000000000,0,"{""EventData"":{""Data"":[{""@Name"":""RuleId"",""#text"":""{A9A2046B-2D0D-4072-BCFF-E2A7659584E7}""},{""@Name"":""RuleName"",""#text"":""OneNote""},{""@Name"":""Origin"",""#text"":""1""},{""@Name"":""ApplicationPath""},{""@Name"":""ServiceName""},{""@Name"":""Direction"",""#text"":""2""},{""@Name"":""Protocol"",""#text"":""256""},{""@Name"":""LocalPorts""},{""@Name"":""RemotePorts""},{""@Name"":""Action"",""#text"":""3""},{""@Name"":""Profiles"",""#text"":""7""},{""@Name"":""LocalAddresses"",""#text"":""*""},{""@Name"":""RemoteAddresses"",""#text"":""*""},{""@Name"":""RemoteMachineAuthorizationList""},{""@Name"":""RemoteUserAuthorizationList""},{""@Name"":""EmbeddedContext"",""#text"":""OneNote""},{""@Name"":""Flags"",""#text"":""1""},{""@Name"":""Active"",""#text"":""1""},{""@Name"":""EdgeTraversal"",""#text"":""0""},{""@Name"":""LooseSourceMapped"",""#text"":""0""},{""@Name"":""SecurityOptions"",""#text"":""0""},{""@Name"":""ModifyingUser"",""#text"":""S-1-5-80-3088073201-1464728630-1879813800-1107566885-823218052""},{""@Name"":""ModifyingApplication"",""#text"":""C:\\Windows\\System32\\svchost.exe""},{""@Name"":""SchemaVersion"",""#text"":""542""},{""@Name"":""RuleStatus"",""#text"":""65536""},{""@Name"":""LocalOnlyMapped"",""#text"":""0""},{""@Name"":""PolicyAppId""}]}}"
297,529,2025-07-28 20:27:23.4532538,2097,Info,Microsoft-Windows-Windows Firewall With Advanced Security,Microsoft-Windows-Windows Firewall With Advanced Security/Firewall,2184,420,DESKTOP-5A3QN5S,5,S-1-5-19,,,,,,,,,,,False,C:\Users\VM\Desktop\Firewall.evtx,0x8000020000000000,0,"{""EventData"":{""Data"":[{""@Name"":""RuleId"",""#text"":""{F9C76937-CD1B-49A6-8B7C-198CE3B03967}""},{""@Name"":""RuleName"",""#text"":""OneNote""},{""@Name"":""Origin"",""#text"":""1""},{""@Name"":""ApplicationPath""},{""@Name"":""ServiceName""},{""@Name"":""Direction"",""#text"":""1""},{""@Name"":""Protocol"",""#text"":""256""},{""@Name"":""LocalPorts""},{""@Name"":""RemotePorts""},{""@Name"":""Action"",""#text"":""3""},{""@Name"":""Profiles"",""#text"":""6""},{""@Name"":""LocalAddresses"",""#text"":""*""},{""@Name"":""RemoteAddresses"",""#text"":""*""},{""@Name"":""RemoteMachineAuthorizationList""},{""@Name"":""RemoteUserAuthorizationList""},{""@Name"":""EmbeddedContext"",""#text"":""OneNote""},{""@Name"":""Flags"",""#text"":""3""},{""@Name"":""Active"",""#text"":""1""},{""@Name"":""EdgeTraversal"",""#text"":""0""},{""@Name"":""LooseSourceMapped"",""#text"":""0""},{""@Name"":""SecurityOptions"",""#text"":""1""},{""@Name"":""ModifyingUser"",""#text"":""S-1-5-80-3088073201-1464728630-1879813800-1107566885-823218052""},{""@Name"":""ModifyingApplication"",""#text"":""C:\\Windows\\System32\\svchost.exe""},{""@Name"":""SchemaVersion"",""#text"":""542""},{""@Name"":""RuleStatus"",""#text"":""65536""},{""@Name"":""LocalOnlyMapped"",""#text"":""0""},{""@Name"":""PolicyAppId""}]}}"
298,530,2025-07-28 20:27:23.4559450,2097,Info,Microsoft-Windows-Windows Firewall With Advanced Security,Microsoft-Windows-Windows Firewall With Advanced Security/Firewall,2184,420,DESKTOP-5A3QN5S,5,S-1-5-19,,,,,,,,,,,False,C:\Users\VM\Desktop\Firewall.evtx,0x8000020000000000,0,"{""EventData"":{""Data"":[{""@Name"":""RuleId"",""#text"":""{2C23406F-BF15-4166-B6F7-19A2ABDBEF6D}""},{""@Name"":""RuleName"",""#text"":""OneNote""},{""@Name"":""Origin"",""#text"":""1""},{""@Name"":""ApplicationPath""},{""@Name"":""ServiceName""},{""@Name"":""Direction"",""#text"":""2""},{""@Name"":""Protocol"",""#text"":""256""},{""@Name"":""LocalPorts""},{""@Name"":""RemotePorts""},{""@Name"":""Action"",""#text"":""3""},{""@Name"":""Profiles"",""#text"":""6""},{""@Name"":""LocalAddresses"",""#text"":""*""},{""@Name"":""RemoteAddresses"",""#text"":""*""},{""@Name"":""RemoteMachineAuthorizationList""},{""@Name"":""RemoteUserAuthorizationList""},{""@Name"":""EmbeddedContext"",""#text"":""OneNote""},{""@Name"":""Flags"",""#text"":""3""},{""@Name"":""Active"",""#text"":""1""},{""@Name"":""EdgeTraversal"",""#text"":""0""},{""@Name"":""LooseSourceMapped"",""#text"":""0""},{""@Name"":""SecurityOptions"",""#text"":""1""},{""@Name"":""ModifyingUser"",""#text"":""S-1-5-80-3088073201-1464728630-1879813800-1107566885-823218052""},{""@Name"":""ModifyingApplication"",""#text"":""C:\\Windows\\System32\\svchost.exe""},{""@Name"":""SchemaVersion"",""#text"":""542""},{""@Name"":""RuleStatus"",""#text"":""65536""},{""@Name"":""LocalOnlyMapped"",""#text"":""0""},{""@Name"":""PolicyAppId""}]}}"
299,531,2025-07-28 20:27:23.4581120,2097,Info,Microsoft-Windows-Windows Firewall With Advanced Security,Microsoft-Windows-Windows Firewall With Advanced Security/Firewall,2184,420,DESKTOP-5A3QN5S,5,S-1-5-19,,,,,,,,,,,False,C:\Users\VM\Desktop\Firewall.evtx,0x8000020000000000,0,"{""EventData"":{""Data"":[{""@Name"":""RuleId"",""#text"":""{E503119B-F493-43FB-9AE8-7C9F6CEACF21}""},{""@Name"":""RuleName"",""#text"":""OneNote""},{""@Name"":""Origin"",""#text"":""1""},{""@Name"":""ApplicationPath""},{""@Name"":""ServiceName""},{""@Name"":""Direction"",""#text"":""2""},{""@Name"":""Protocol"",""#text"":""256""},{""@Name"":""LocalPorts""},{""@Name"":""RemotePorts""},{""@Name"":""Action"",""#text"":""3""},{""@Name"":""Profiles"",""#text"":""7""},{""@Name"":""LocalAddresses"",""#text"":""*""},{""@Name"":""RemoteAddresses"",""#text"":""*""},{""@Name"":""RemoteMachineAuthorizationList""},{""@Name"":""RemoteUserAuthorizationList""},{""@Name"":""EmbeddedContext"",""#text"":""OneNote""},{""@Name"":""Flags"",""#text"":""1""},{""@Name"":""Active"",""#text"":""1""},{""@Name"":""EdgeTraversal"",""#text"":""0""},{""@Name"":""LooseSourceMapped"",""#text"":""0""},{""@Name"":""SecurityOptions"",""#text"":""0""},{""@Name"":""ModifyingUser"",""#text"":""S-1-5-80-3088073201-1464728630-1879813800-1107566885-823218052""},{""@Name"":""ModifyingApplication"",""#text"":""C:\\Windows\\System32\\svchost.exe""},{""@Name"":""SchemaVersion"",""#text"":""542""},{""@Name"":""RuleStatus"",""#text"":""65536""},{""@Name"":""LocalOnlyMapped"",""#text"":""0""},{""@Name"":""PolicyAppId""}]}}"
300,532,2025-07-28 20:27:23.4604550,2097,Info,Microsoft-Windows-Windows Firewall With Advanced Security,Microsoft-Windows-Windows Firewall With Advanced Security/Firewall,2184,420,DESKTOP-5A3QN5S,5,S-1-5-19,,,,,,,,,,,False,C:\Users\VM\Desktop\Firewall.evtx,0x8000020000000000,0,"{""EventData"":{""Data"":[{""@Name"":""RuleId"",""#text"":""{F5CD0DC2-89F4-4D0A-AB69-D193D5BCAF46}""},{""@Name"":""RuleName"",""#text"":""OneNote""},{""@Name"":""Origin"",""#text"":""1""},{""@Name"":""ApplicationPath""},{""@Name"":""ServiceName""},{""@Name"":""Direction"",""#text"":""2""},{""@Name"":""Protocol"",""#text"":""256""},{""@Name"":""LocalPorts""},{""@Name"":""RemotePorts""},{""@Name"":""Action"",""#text"":""3""},{""@Name"":""Profiles"",""#text"":""7""},{""@Name"":""LocalAddresses"",""#text"":""*""},{""@Name"":""RemoteAddresses"",""#text"":""*""},{""@Name"":""RemoteMachineAuthorizationList""},{""@Name"":""RemoteUserAuthorizationList""},{""@Name"":""EmbeddedContext"",""#text"":""OneNote""},{""@Name"":""Flags"",""#text"":""1""},{""@Name"":""Active"",""#text"":""1""},{""@Name"":""EdgeTraversal"",""#text"":""0""},{""@Name"":""LooseSourceMapped"",""#text"":""0""},{""@Name"":""SecurityOptions"",""#text"":""0""},{""@Name"":""ModifyingUser"",""#text"":""S-1-5-80-3088073201-1464728630-1879813800-1107566885-823218052""},{""@Name"":""ModifyingApplication"",""#text"":""C:\\Windows\\System32\\svchost.exe""},{""@Name"":""SchemaVersion"",""#text"":""542""},{""@Name"":""RuleStatus"",""#text"":""65536""},{""@Name"":""LocalOnlyMapped"",""#text"":""0""},{""@Name"":""PolicyAppId""}]}}"
301,533,2025-07-28 20:27:23.4635035,2097,Info,Microsoft-Windows-Windows Firewall With Advanced Security,Microsoft-Windows-Windows Firewall With Advanced Security/Firewall,2184,420,DESKTOP-5A3QN5S,5,S-1-5-19,,,,,,,,,,,False,C:\Users\VM\Desktop\Firewall.evtx,0x8000020000000000,0,"{""EventData"":{""Data"":[{""@Name"":""RuleId"",""#text"":""{74824057-ABBE-416C-B6E0-5EDCC5EFA905}""},{""@Name"":""RuleName"",""#text"":""OneNote""},{""@Name"":""Origin"",""#text"":""1""},{""@Name"":""ApplicationPath""},{""@Name"":""ServiceName""},{""@Name"":""Direction"",""#text"":""1""},{""@Name"":""Protocol"",""#text"":""256""},{""@Name"":""LocalPorts""},{""@Name"":""RemotePorts""},{""@Name"":""Action"",""#text"":""3""},{""@Name"":""Profiles"",""#text"":""3""},{""@Name"":""LocalAddresses"",""#text"":""*""},{""@Name"":""RemoteAddresses"",""#text"":""*""},{""@Name"":""RemoteMachineAuthorizationList""},{""@Name"":""RemoteUserAuthorizationList""},{""@Name"":""EmbeddedContext"",""#text"":""OneNote""},{""@Name"":""Flags"",""#text"":""1""},{""@Name"":""Active"",""#text"":""1""},{""@Name"":""EdgeTraversal"",""#text"":""0""},{""@Name"":""LooseSourceMapped"",""#text"":""0""},{""@Name"":""SecurityOptions"",""#text"":""0""},{""@Name"":""ModifyingUser"",""#text"":""S-1-5-80-3088073201-1464728630-1879813800-1107566885-823218052""},{""@Name"":""ModifyingApplication"",""#text"":""C:\\Windows\\System32\\svchost.exe""},{""@Name"":""SchemaVersion"",""#text"":""542""},{""@Name"":""RuleStatus"",""#text"":""65536""},{""@Name"":""LocalOnlyMapped"",""#text"":""0""},{""@Name"":""PolicyAppId""}]}}"
302,534,2025-07-28 20:27:25.0964095,2097,Info,Microsoft-Windows-Windows Firewall With Advanced Security,Microsoft-Windows-Windows Firewall With Advanced Security/Firewall,2184,420,DESKTOP-5A3QN5S,5,S-1-5-19,,,,,,,,,,,False,C:\Users\VM\Desktop\Firewall.evtx,0x8000020000000000,0,"{""EventData"":{""Data"":[{""@Name"":""RuleId"",""#text"":""{17921360-B3ED-48C8-965B-89B633346E9C}""},{""@Name"":""RuleName"",""#text"":""@{Microsoft.MSPaint_6.1907.29027.0_x64__8wekyb3d8bbwe?ms-resource://Microsoft.MSPaint/resources/AppName}""},{""@Name"":""Origin"",""#text"":""1""},{""@Name"":""ApplicationPath""},{""@Name"":""ServiceName""},{""@Name"":""Direction"",""#text"":""1""},{""@Name"":""Protocol"",""#text"":""256""},{""@Name"":""LocalPorts""},{""@Name"":""RemotePorts""},{""@Name"":""Action"",""#text"":""2""},{""@Name"":""Profiles"",""#text"":""2147483647""},{""@Name"":""LocalAddresses"",""#text"":""*""},{""@Name"":""RemoteAddresses"",""#text"":""*""},{""@Name"":""RemoteMachineAuthorizationList""},{""@Name"":""RemoteUserAuthorizationList""},{""@Name"":""EmbeddedContext"",""#text"":""@{Microsoft.MSPaint_6.1907.29027.0_x64__8wekyb3d8bbwe?ms-resource://Microsoft.MSPaint/resources/AppName}""},{""@Name"":""Flags"",""#text"":""1""},{""@Name"":""Active"",""#text"":""1""},{""@Name"":""EdgeTraversal"",""#text"":""0""},{""@Name"":""LooseSourceMapped"",""#text"":""0""},{""@Name"":""SecurityOptions"",""#text"":""0""},{""@Name"":""ModifyingUser"",""#text"":""S-1-5-80-3088073201-1464728630-1879813800-1107566885-823218052""},{""@Name"":""ModifyingApplication"",""#text"":""C:\\Windows\\System32\\svchost.exe""},{""@Name"":""SchemaVersion"",""#text"":""542""},{""@Name"":""RuleStatus"",""#text"":""65536""},{""@Name"":""LocalOnlyMapped"",""#text"":""0""},{""@Name"":""PolicyAppId""}]}}"
303,535,2025-07-28 20:27:25.0991387,2097,Info,Microsoft-Windows-Windows Firewall With Advanced Security,Microsoft-Windows-Windows Firewall With Advanced Security/Firewall,2184,420,DESKTOP-5A3QN5S,5,S-1-5-19,,,,,,,,,,,False,C:\Users\VM\Desktop\Firewall.evtx,0x8000020000000000,1184,"{""EventData"":{""Data"":[{""@Name"":""RuleId"",""#text"":""{1C2076D6-3456-4232-9213-46A9D43E7C9C}""},{""@Name"":""RuleName"",""#text"":""@{Microsoft.MSPaint_6.1907.29027.0_x64__8wekyb3d8bbwe?ms-resource://Microsoft.MSPaint/resources/AppName}""},{""@Name"":""Origin"",""#text"":""1""},{""@Name"":""ApplicationPath""},{""@Name"":""ServiceName""},{""@Name"":""Direction"",""#text"":""2""},{""@Name"":""Protocol"",""#text"":""256""},{""@Name"":""LocalPorts""},{""@Name"":""RemotePorts""},{""@Name"":""Action"",""#text"":""2""},{""@Name"":""Profiles"",""#text"":""2147483647""},{""@Name"":""LocalAddresses"",""#text"":""*""},{""@Name"":""RemoteAddresses"",""#text"":""*""},{""@Name"":""RemoteMachineAuthorizationList""},{""@Name"":""RemoteUserAuthorizationList""},{""@Name"":""EmbeddedContext"",""#text"":""@{Microsoft.MSPaint_6.1907.29027.0_x64__8wekyb3d8bbwe?ms-resource://Microsoft.MSPaint/resources/AppName}""},{""@Name"":""Flags"",""#text"":""1""},{""@Name"":""Active"",""#text"":""1""},{""@Name"":""EdgeTraversal"",""#text"":""0""},{""@Name"":""LooseSourceMapped"",""#text"":""0""},{""@Name"":""SecurityOptions"",""#text"":""0""},{""@Name"":""ModifyingUser"",""#text"":""S-1-5-80-3088073201-1464728630-1879813800-1107566885-823218052""},{""@Name"":""ModifyingApplication"",""#text"":""C:\\Windows\\System32\\svchost.exe""},{""@Name"":""SchemaVersion"",""#text"":""542""},{""@Name"":""RuleStatus"",""#text"":""65536""},{""@Name"":""LocalOnlyMapped"",""#text"":""0""},{""@Name"":""PolicyAppId""}]}}"
304,536,2025-07-28 20:27:25.1035766,2097,Info,Microsoft-Windows-Windows Firewall With Advanced Security,Microsoft-Windows-Windows Firewall With Advanced Security/Firewall,2184,420,DESKTOP-5A3QN5S,5,S-1-5-19,,,,,,,,,,,False,C:\Users\VM\Desktop\Firewall.evtx,0x8000020000000000,0,"{""EventData"":{""Data"":[{""@Name"":""RuleId"",""#text"":""{E349D06F-6DB1-405B-B5AC-AC8E17665B61}""},{""@Name"":""RuleName"",""#text"":""@{Microsoft.MSPaint_6.1907.29027.0_x64__8wekyb3d8bbwe?ms-resource://Microsoft.MSPaint/resources/AppName}""},{""@Name"":""Origin"",""#text"":""1""},{""@Name"":""ApplicationPath""},{""@Name"":""ServiceName""},{""@Name"":""Direction"",""#text"":""2""},{""@Name"":""Protocol"",""#text"":""256""},{""@Name"":""LocalPorts""},{""@Name"":""RemotePorts""},{""@Name"":""Action"",""#text"":""3""},{""@Name"":""Profiles"",""#text"":""7""},{""@Name"":""LocalAddresses"",""#text"":""*""},{""@Name"":""RemoteAddresses"",""#text"":""*""},{""@Name"":""RemoteMachineAuthorizationList""},{""@Name"":""RemoteUserAuthorizationList""},{""@Name"":""EmbeddedContext"",""#text"":""@{Microsoft.MSPaint_6.1907.29027.0_x64__8wekyb3d8bbwe?ms-resource://Microsoft.MSPaint/resources/AppName}""},{""@Name"":""Flags"",""#text"":""1""},{""@Name"":""Active"",""#text"":""1""},{""@Name"":""EdgeTraversal"",""#text"":""0""},{""@Name"":""LooseSourceMapped"",""#text"":""0""},{""@Name"":""SecurityOptions"",""#text"":""0""},{""@Name"":""ModifyingUser"",""#text"":""S-1-5-80-3088073201-1464728630-1879813800-1107566885-823218052""},{""@Name"":""ModifyingApplication"",""#text"":""C:\\Windows\\System32\\svchost.exe""},{""@Name"":""SchemaVersion"",""#text"":""542""},{""@Name"":""RuleStatus"",""#text"":""65536""},{""@Name"":""LocalOnlyMapped"",""#text"":""0""},{""@Name"":""PolicyAppId""}]}}"
305,537,2025-07-28 20:27:25.1064539,2097,Info,Microsoft-Windows-Windows Firewall With Advanced Security,Microsoft-Windows-Windows Firewall With Advanced Security/Firewall,2184,420,DESKTOP-5A3QN5S,5,S-1-5-19,,,,,,,,,,,False,C:\Users\VM\Desktop\Firewall.evtx,0x8000020000000000,0,"{""EventData"":{""Data"":[{""@Name"":""RuleId"",""#text"":""{E7FA8557-B9C4-4F59-89F2-E8B9A15ADFF2}""},{""@Name"":""RuleName"",""#text"":""@{Microsoft.MSPaint_6.1907.29027.0_x64__8wekyb3d8bbwe?ms-resource://Microsoft.MSPaint/resources/AppName}""},{""@Name"":""Origin"",""#text"":""1""},{""@Name"":""ApplicationPath""},{""@Name"":""ServiceName""},{""@Name"":""Direction"",""#text"":""2""},{""@Name"":""Protocol"",""#text"":""256""},{""@Name"":""LocalPorts""},{""@Name"":""RemotePorts""},{""@Name"":""Action"",""#text"":""3""},{""@Name"":""Profiles"",""#text"":""7""},{""@Name"":""LocalAddresses"",""#text"":""*""},{""@Name"":""RemoteAddresses"",""#text"":""*""},{""@Name"":""RemoteMachineAuthorizationList""},{""@Name"":""RemoteUserAuthorizationList""},{""@Name"":""EmbeddedContext"",""#text"":""@{Microsoft.MSPaint_6.1907.29027.0_x64__8wekyb3d8bbwe?ms-resource://Microsoft.MSPaint/resources/AppName}""},{""@Name"":""Flags"",""#text"":""1""},{""@Name"":""Active"",""#text"":""1""},{""@Name"":""EdgeTraversal"",""#text"":""0""},{""@Name"":""LooseSourceMapped"",""#text"":""0""},{""@Name"":""SecurityOptions"",""#text"":""0""},{""@Name"":""ModifyingUser"",""#text"":""S-1-5-80-3088073201-1464728630-1879813800-1107566885-823218052""},{""@Name"":""ModifyingApplication"",""#text"":""C:\\Windows\\System32\\svchost.exe""},{""@Name"":""SchemaVersion"",""#text"":""542""},{""@Name"":""RuleStatus"",""#text"":""65536""},{""@Name"":""LocalOnlyMapped"",""#text"":""0""},{""@Name"":""PolicyAppId""}]}}"
306,538,2025-07-28 20:27:25.9589840,2097,Info,Microsoft-Windows-Windows Firewall With Advanced Security,Microsoft-Windows-Windows Firewall With Advanced Security/Firewall,2184,420,DESKTOP-5A3QN5S,5,S-1-5-19,,,,,,,,,,,False,C:\Users\VM\Desktop\Firewall.evtx,0x8000020000000000,0,"{""EventData"":{""Data"":[{""@Name"":""RuleId"",""#text"":""{9EF5937A-EB15-4A74-B970-B0E7265A3026}""},{""@Name"":""RuleName"",""#text"":""@{Microsoft.MixedReality.Portal_2000.19081.1301.0_x64__8wekyb3d8bbwe?ms-resource://Microsoft.MixedReality.Portal/Resources/PkgDisplayName}""},{""@Name"":""Origin"",""#text"":""1""},{""@Name"":""ApplicationPath""},{""@Name"":""ServiceName""},{""@Name"":""Direction"",""#text"":""1""},{""@Name"":""Protocol"",""#text"":""256""},{""@Name"":""LocalPorts""},{""@Name"":""RemotePorts""},{""@Name"":""Action"",""#text"":""2""},{""@Name"":""Profiles"",""#text"":""2147483647""},{""@Name"":""LocalAddresses"",""#text"":""*""},{""@Name"":""RemoteAddresses"",""#text"":""*""},{""@Name"":""RemoteMachineAuthorizationList""},{""@Name"":""RemoteUserAuthorizationList""},{""@Name"":""EmbeddedContext"",""#text"":""@{Microsoft.MixedReality.Portal_2000.19081.1301.0_x64__8wekyb3d8bbwe?ms-resource://Microsoft.MixedReality.Portal/Resources/PkgDisplayName}""},{""@Name"":""Flags"",""#text"":""1""},{""@Name"":""Active"",""#text"":""1""},{""@Name"":""EdgeTraversal"",""#text"":""0""},{""@Name"":""LooseSourceMapped"",""#text"":""0""},{""@Name"":""SecurityOptions"",""#text"":""0""},{""@Name"":""ModifyingUser"",""#text"":""S-1-5-80-3088073201-1464728630-1879813800-1107566885-823218052""},{""@Name"":""ModifyingApplication"",""#text"":""C:\\Windows\\System32\\svchost.exe""},{""@Name"":""SchemaVersion"",""#text"":""542""},{""@Name"":""RuleStatus"",""#text"":""65536""},{""@Name"":""LocalOnlyMapped"",""#text"":""0""},{""@Name"":""PolicyAppId""}]}}"
307,539,2025-07-28 20:27:25.9624253,2097,Info,Microsoft-Windows-Windows Firewall With Advanced Security,Microsoft-Windows-Windows Firewall With Advanced Security/Firewall,2184,420,DESKTOP-5A3QN5S,5,S-1-5-19,,,,,,,,,,,False,C:\Users\VM\Desktop\Firewall.evtx,0x8000020000000000,0,"{""EventData"":{""Data"":[{""@Name"":""RuleId"",""#text"":""{AE0B1DB4-3C33-42B0-B0BE-9458FA1AA176}""},{""@Name"":""RuleName"",""#text"":""@{Microsoft.MixedReality.Portal_2000.19081.1301.0_x64__8wekyb3d8bbwe?ms-resource://Microsoft.MixedReality.Portal/Resources/PkgDisplayName}""},{""@Name"":""Origin"",""#text"":""1""},{""@Name"":""ApplicationPath""},{""@Name"":""ServiceName""},{""@Name"":""Direction"",""#text"":""2""},{""@Name"":""Protocol"",""#text"":""256""},{""@Name"":""LocalPorts""},{""@Name"":""RemotePorts""},{""@Name"":""Action"",""#text"":""2""},{""@Name"":""Profiles"",""#text"":""2147483647""},{""@Name"":""LocalAddresses"",""#text"":""*""},{""@Name"":""RemoteAddresses"",""#text"":""*""},{""@Name"":""RemoteMachineAuthorizationList""},{""@Name"":""RemoteUserAuthorizationList""},{""@Name"":""EmbeddedContext"",""#text"":""@{Microsoft.MixedReality.Portal_2000.19081.1301.0_x64__8wekyb3d8bbwe?ms-resource://Microsoft.MixedReality.Portal/Resources/PkgDisplayName}""},{""@Name"":""Flags"",""#text"":""1""},{""@Name"":""Active"",""#text"":""1""},{""@Name"":""EdgeTraversal"",""#text"":""0""},{""@Name"":""LooseSourceMapped"",""#text"":""0""},{""@Name"":""SecurityOptions"",""#text"":""0""},{""@Name"":""ModifyingUser"",""#text"":""S-1-5-80-3088073201-1464728630-1879813800-1107566885-823218052""},{""@Name"":""ModifyingApplication"",""#text"":""C:\\Windows\\System32\\svchost.exe""},{""@Name"":""SchemaVersion"",""#text"":""542""},{""@Name"":""RuleStatus"",""#text"":""65536""},{""@Name"":""LocalOnlyMapped"",""#text"":""0""},{""@Name"":""PolicyAppId""}]}}"
308,540,2025-07-28 20:27:25.9662135,2097,Info,Microsoft-Windows-Windows Firewall With Advanced Security,Microsoft-Windows-Windows Firewall With Advanced Security/Firewall,2184,420,DESKTOP-5A3QN5S,5,S-1-5-19,,,,,,,,,,,False,C:\Users\VM\Desktop\Firewall.evtx,0x8000020000000000,0,"{""EventData"":{""Data"":[{""@Name"":""RuleId"",""#text"":""{3F1463B8-EF72-4F93-A8AE-81741856347F}""},{""@Name"":""RuleName"",""#text"":""@{Microsoft.MixedReality.Portal_2000.19081.1301.0_x64__8wekyb3d8bbwe?ms-resource://Microsoft.MixedReality.Portal/Resources/PkgDisplayName}""},{""@Name"":""Origin"",""#text"":""1""},{""@Name"":""ApplicationPath""},{""@Name"":""ServiceName""},{""@Name"":""Direction"",""#text"":""2""},{""@Name"":""Protocol"",""#text"":""256""},{""@Name"":""LocalPorts""},{""@Name"":""RemotePorts""},{""@Name"":""Action"",""#text"":""3""},{""@Name"":""Profiles"",""#text"":""7""},{""@Name"":""LocalAddresses"",""#text"":""*""},{""@Name"":""RemoteAddresses"",""#text"":""*""},{""@Name"":""RemoteMachineAuthorizationList""},{""@Name"":""RemoteUserAuthorizationList""},{""@Name"":""EmbeddedContext"",""#text"":""@{Microsoft.MixedReality.Portal_2000.19081.1301.0_x64__8wekyb3d8bbwe?ms-resource://Microsoft.MixedReality.Portal/Resources/PkgDisplayName}""},{""@Name"":""Flags"",""#text"":""1""},{""@Name"":""Active"",""#text"":""1""},{""@Name"":""EdgeTraversal"",""#text"":""0""},{""@Name"":""LooseSourceMapped"",""#text"":""0""},{""@Name"":""SecurityOptions"",""#text"":""0""},{""@Name"":""ModifyingUser"",""#text"":""S-1-5-80-3088073201-1464728630-1879813800-1107566885-823218052""},{""@Name"":""ModifyingApplication"",""#text"":""C:\\Windows\\System32\\svchost.exe""},{""@Name"":""SchemaVersion"",""#text"":""542""},{""@Name"":""RuleStatus"",""#text"":""65536""},{""@Name"":""LocalOnlyMapped"",""#text"":""0""},{""@Name"":""PolicyAppId""}]}}"
309,541,2025-07-28 20:27:25.9696021,2097,Info,Microsoft-Windows-Windows Firewall With Advanced Security,Microsoft-Windows-Windows Firewall With Advanced Security/Firewall,2184,420,DESKTOP-5A3QN5S,6,S-1-5-19,,,,,,,,,,,False,C:\Users\VM\Desktop\Firewall.evtx,0x8000020000000000,0,"{""EventData"":{""Data"":[{""@Name"":""RuleId"",""#text"":""{E932217E-D15E-4D9F-B8BA-2E64B064A299}""},{""@Name"":""RuleName"",""#text"":""@{Microsoft.MixedReality.Portal_2000.19081.1301.0_x64__8wekyb3d8bbwe?ms-resource://Microsoft.MixedReality.Portal/Resources/PkgDisplayName}""},{""@Name"":""Origin"",""#text"":""1""},{""@Name"":""ApplicationPath""},{""@Name"":""ServiceName""},{""@Name"":""Direction"",""#text"":""2""},{""@Name"":""Protocol"",""#text"":""256""},{""@Name"":""LocalPorts""},{""@Name"":""RemotePorts""},{""@Name"":""Action"",""#text"":""3""},{""@Name"":""Profiles"",""#text"":""7""},{""@Name"":""LocalAddresses"",""#text"":""*""},{""@Name"":""RemoteAddresses"",""#text"":""*""},{""@Name"":""RemoteMachineAuthorizationList""},{""@Name"":""RemoteUserAuthorizationList""},{""@Name"":""EmbeddedContext"",""#text"":""@{Microsoft.MixedReality.Portal_2000.19081.1301.0_x64__8wekyb3d8bbwe?ms-resource://Microsoft.MixedReality.Portal/Resources/PkgDisplayName}""},{""@Name"":""Flags"",""#text"":""1""},{""@Name"":""Active"",""#text"":""1""},{""@Name"":""EdgeTraversal"",""#text"":""0""},{""@Name"":""LooseSourceMapped"",""#text"":""0""},{""@Name"":""SecurityOptions"",""#text"":""0""},{""@Name"":""ModifyingUser"",""#text"":""S-1-5-80-3088073201-1464728630-1879813800-1107566885-823218052""},{""@Name"":""ModifyingApplication"",""#text"":""C:\\Windows\\System32\\svchost.exe""},{""@Name"":""SchemaVersion"",""#text"":""542""},{""@Name"":""RuleStatus"",""#text"":""65536""},{""@Name"":""LocalOnlyMapped"",""#text"":""0""},{""@Name"":""PolicyAppId""}]}}"
310,542,2025-07-28 20:27:27.1053313,2097,Info,Microsoft-Windows-Windows Firewall With Advanced Security,Microsoft-Windows-Windows Firewall With Advanced Security/Firewall,2184,420,DESKTOP-5A3QN5S,6,S-1-5-19,,,,,,,,,,,False,C:\Users\VM\Desktop\Firewall.evtx,0x8000020000000000,0,"{""EventData"":{""Data"":[{""@Name"":""RuleId"",""#text"":""{CD17C885-92AC-42F5-9394-B85F997D66E0}""},{""@Name"":""RuleName"",""#text"":""Microsoft Sticky Notes""},{""@Name"":""Origin"",""#text"":""1""},{""@Name"":""ApplicationPath""},{""@Name"":""ServiceName""},{""@Name"":""Direction"",""#text"":""1""},{""@Name"":""Protocol"",""#text"":""256""},{""@Name"":""LocalPorts""},{""@Name"":""RemotePorts""},{""@Name"":""Action"",""#text"":""2""},{""@Name"":""Profiles"",""#text"":""2147483647""},{""@Name"":""LocalAddresses"",""#text"":""*""},{""@Name"":""RemoteAddresses"",""#text"":""*""},{""@Name"":""RemoteMachineAuthorizationList""},{""@Name"":""RemoteUserAuthorizationList""},{""@Name"":""EmbeddedContext"",""#text"":""Microsoft Sticky Notes""},{""@Name"":""Flags"",""#text"":""1""},{""@Name"":""Active"",""#text"":""1""},{""@Name"":""EdgeTraversal"",""#text"":""0""},{""@Name"":""LooseSourceMapped"",""#text"":""0""},{""@Name"":""SecurityOptions"",""#text"":""0""},{""@Name"":""ModifyingUser"",""#text"":""S-1-5-80-3088073201-1464728630-1879813800-1107566885-823218052""},{""@Name"":""ModifyingApplication"",""#text"":""C:\\Windows\\System32\\svchost.exe""},{""@Name"":""SchemaVersion"",""#text"":""542""},{""@Name"":""RuleStatus"",""#text"":""65536""},{""@Name"":""LocalOnlyMapped"",""#text"":""0""},{""@Name"":""PolicyAppId""}]}}"
311,543,2025-07-28 20:27:27.1073098,2097,Info,Microsoft-Windows-Windows Firewall With Advanced Security,Microsoft-Windows-Windows Firewall With Advanced Security/Firewall,2184,420,DESKTOP-5A3QN5S,6,S-1-5-19,,,,,,,,,,,False,C:\Users\VM\Desktop\Firewall.evtx,0x8000020000000000,0,"{""EventData"":{""Data"":[{""@Name"":""RuleId"",""#text"":""{44CD49E6-5A1D-4D51-B828-C4B670627F7B}""},{""@Name"":""RuleName"",""#text"":""Microsoft Sticky Notes""},{""@Name"":""Origin"",""#text"":""1""},{""@Name"":""ApplicationPath""},{""@Name"":""ServiceName""},{""@Name"":""Direction"",""#text"":""2""},{""@Name"":""Protocol"",""#text"":""256""},{""@Name"":""LocalPorts""},{""@Name"":""RemotePorts""},{""@Name"":""Action"",""#text"":""2""},{""@Name"":""Profiles"",""#text"":""2147483647""},{""@Name"":""LocalAddresses"",""#text"":""*""},{""@Name"":""RemoteAddresses"",""#text"":""*""},{""@Name"":""RemoteMachineAuthorizationList""},{""@Name"":""RemoteUserAuthorizationList""},{""@Name"":""EmbeddedContext"",""#text"":""Microsoft Sticky Notes""},{""@Name"":""Flags"",""#text"":""1""},{""@Name"":""Active"",""#text"":""1""},{""@Name"":""EdgeTraversal"",""#text"":""0""},{""@Name"":""LooseSourceMapped"",""#text"":""0""},{""@Name"":""SecurityOptions"",""#text"":""0""},{""@Name"":""ModifyingUser"",""#text"":""S-1-5-80-3088073201-1464728630-1879813800-1107566885-823218052""},{""@Name"":""ModifyingApplication"",""#text"":""C:\\Windows\\System32\\svchost.exe""},{""@Name"":""SchemaVersion"",""#text"":""542""},{""@Name"":""RuleStatus"",""#text"":""65536""},{""@Name"":""LocalOnlyMapped"",""#text"":""0""},{""@Name"":""PolicyAppId""}]}}"
312,544,2025-07-28 20:27:27.1103439,2097,Info,Microsoft-Windows-Windows Firewall With Advanced Security,Microsoft-Windows-Windows Firewall With Advanced Security/Firewall,2184,420,DESKTOP-5A3QN5S,6,S-1-5-19,,,,,,,,,,,False,C:\Users\VM\Desktop\Firewall.evtx,0x8000020000000000,0,"{""EventData"":{""Data"":[{""@Name"":""RuleId"",""#text"":""{281C8F41-C5CF-41DD-9B16-4F19D80090B1}""},{""@Name"":""RuleName"",""#text"":""Microsoft Sticky Notes""},{""@Name"":""Origin"",""#text"":""1""},{""@Name"":""ApplicationPath""},{""@Name"":""ServiceName""},{""@Name"":""Direction"",""#text"":""1""},{""@Name"":""Protocol"",""#text"":""256""},{""@Name"":""LocalPorts""},{""@Name"":""RemotePorts""},{""@Name"":""Action"",""#text"":""3""},{""@Name"":""Profiles"",""#text"":""7""},{""@Name"":""LocalAddresses"",""#text"":""*""},{""@Name"":""RemoteAddresses"",""#text"":""*""},{""@Name"":""RemoteMachineAuthorizationList""},{""@Name"":""RemoteUserAuthorizationList""},{""@Name"":""EmbeddedContext"",""#text"":""Microsoft Sticky Notes""},{""@Name"":""Flags"",""#text"":""1""},{""@Name"":""Active"",""#text"":""1""},{""@Name"":""EdgeTraversal"",""#text"":""0""},{""@Name"":""LooseSourceMapped"",""#text"":""0""},{""@Name"":""SecurityOptions"",""#text"":""0""},{""@Name"":""ModifyingUser"",""#text"":""S-1-5-80-3088073201-1464728630-1879813800-1107566885-823218052""},{""@Name"":""ModifyingApplication"",""#text"":""C:\\Windows\\System32\\svchost.exe""},{""@Name"":""SchemaVersion"",""#text"":""542""},{""@Name"":""RuleStatus"",""#text"":""65536""},{""@Name"":""LocalOnlyMapped"",""#text"":""0""},{""@Name"":""PolicyAppId""}]}}"
313,545,2025-07-28 20:27:27.1119174,2097,Info,Microsoft-Windows-Windows Firewall With Advanced Security,Microsoft-Windows-Windows Firewall With Advanced Security/Firewall,2184,420,DESKTOP-5A3QN5S,6,S-1-5-19,,,,,,,,,,,False,C:\Users\VM\Desktop\Firewall.evtx,0x8000020000000000,0,"{""EventData"":{""Data"":[{""@Name"":""RuleId"",""#text"":""{E05AFB0C-01BC-48E6-BEB5-4CB7B40957BD}""},{""@Name"":""RuleName"",""#text"":""Microsoft Sticky Notes""},{""@Name"":""Origin"",""#text"":""1""},{""@Name"":""ApplicationPath""},{""@Name"":""ServiceName""},{""@Name"":""Direction"",""#text"":""2""},{""@Name"":""Protocol"",""#text"":""256""},{""@Name"":""LocalPorts""},{""@Name"":""RemotePorts""},{""@Name"":""Action"",""#text"":""3""},{""@Name"":""Profiles"",""#text"":""7""},{""@Name"":""LocalAddresses"",""#text"":""*""},{""@Name"":""RemoteAddresses"",""#text"":""*""},{""@Name"":""RemoteMachineAuthorizationList""},{""@Name"":""RemoteUserAuthorizationList""},{""@Name"":""EmbeddedContext"",""#text"":""Microsoft Sticky Notes""},{""@Name"":""Flags"",""#text"":""1""},{""@Name"":""Active"",""#text"":""1""},{""@Name"":""EdgeTraversal"",""#text"":""0""},{""@Name"":""LooseSourceMapped"",""#text"":""0""},{""@Name"":""SecurityOptions"",""#text"":""0""},{""@Name"":""ModifyingUser"",""#text"":""S-1-5-80-3088073201-1464728630-1879813800-1107566885-823218052""},{""@Name"":""ModifyingApplication"",""#text"":""C:\\Windows\\System32\\svchost.exe""},{""@Name"":""SchemaVersion"",""#text"":""542""},{""@Name"":""RuleStatus"",""#text"":""65536""},{""@Name"":""LocalOnlyMapped"",""#text"":""0""},{""@Name"":""PolicyAppId""}]}}"
