227,459,2025-07-28 20:27:08.6487524,2097,Info,Microsoft-Windows-Windows Firewall With Advanced Security,Microsoft-Windows-Windows Firewall With Advanced Security/Firewall,2184,420,DESKTOP-5A3QN5S,4,S-1-5-19,,,,,,,,,,,False,C:\Users\VM\Desktop\Firewall.evtx,0x8000020000000000,0,"{""EventData"":{""Data"":[{""@Name"":""RuleId"",""#text"":""{3DEC4593-1B33-459F-B8CA-F0B8DC40FC3C}""},{""@Name"":""RuleName"",""#text"":""@{Microsoft.XboxSpeechToTextOverlay_1.17.29001.0_x64__8wekyb3d8bbwe?ms-resource://Microsoft.XboxSpeechToTextOverlay/Resources/AppName}""},{""@Name"":""Origin"",""#text"":""1""},{""@Name"":""ApplicationPath""},{""@Name"":""ServiceName""},{""@Name"":""Direction"",""#text"":""1""},{""@Name"":""Protocol"",""#text"":""256""},{""@Name"":""LocalPorts""},{""@Name"":""RemotePorts""},{""@Name"":""Action"",""#text"":""2""},{""@Name"":""Profiles"",""#text"":""2147483647""},{""@Name"":""LocalAddresses"",""#text"":""*""},{""@Name"":""RemoteAddresses"",""#text"":""*""},{""@Name"":""RemoteMachineAuthorizationList""},{""@Name"":""RemoteUserAuthorizationList""},{""@Name"":""EmbeddedContext"",""#text"":""@{Microsoft.XboxSpeechToTextOverlay_1.17.29001.0_x64__8wekyb3d8bbwe?ms-resource://Microsoft.XboxSpeechToTextOverlay/Resources/AppName}""},{""@Name"":""Flags"",""#text"":""1""},{""@Name"":""Active"",""#text"":""1""},{""@Name"":""EdgeTraversal"",""#text"":""0""},{""@Name"":""LooseSourceMapped"",""#text"":""0""},{""@Name"":""SecurityOptions"",""#text"":""0""},{""@Name"":""ModifyingUser"",""#text"":""S-1-5-80-3088073201-1464728630-1879813800-1107566885-823218052""},{""@Name"":""ModifyingApplication"",""#text"":""C:\\Windows\\System32\\svchost.exe""},{""@Name"":""SchemaVersion"",""#text"":""542""},{""@Name"":""RuleStatus"",""#text"":""65536""},{""@Name"":""LocalOnlyMapped"",""#text"":""0""},{""@Name"":""PolicyAppId""}]}}"
228,460,2025-07-28 20:27:08.6516404,2097,Info,Microsoft-Windows-Windows Firewall With Advanced Security,Microsoft-Windows-Windows Firewall With Advanced Security/Firewall,2184,420,DESKTOP-5A3QN5S,4,S-1-5-19,,,,,,,,,,,False,C:\Users\VM\Desktop\Firewall.evtx,0x8000020000000000,0,"{""EventData"":{""Data"":[{""@Name"":""RuleId"",""#text"":""{326A09C0-9718-41C2-BB57-7BA4AB491830}""},{""@Name"":""RuleName"",""#text"":""@{Microsoft.XboxSpeechToTextOverlay_1.17.29001.0_x64__8wekyb3d8bbwe?ms-resource://Microsoft.XboxSpeechToTextOverlay/Resources/AppName}""},{""@Name"":""Origin"",""#text"":""1""},{""@Name"":""ApplicationPath""},{""@Name"":""ServiceName""},{""@Name"":""Direction"",""#text"":""2""},{""@Name"":""Protocol"",""#text"":""256""},{""@Name"":""LocalPorts""},{""@Name"":""RemotePorts""},{""@Name"":""Action"",""#text"":""2""},{""@Name"":""Profiles"",""#text"":""2147483647""},{""@Name"":""LocalAddresses"",""#text"":""*""},{""@Name"":""RemoteAddresses"",""#text"":""*""},{""@Name"":""RemoteMachineAuthorizationList""},{""@Name"":""RemoteUserAuthorizationList""},{""@Name"":""EmbeddedContext"",""#text"":""@{Microsoft.XboxSpeechToTextOverlay_1.17.29001.0_x64__8wekyb3d8bbwe?ms-resource://Microsoft.XboxSpeechToTextOverlay/Resources/AppName}""},{""@Name"":""Flags"",""#text"":""1""},{""@Name"":""Active"",""#text"":""1""},{""@Name"":""EdgeTraversal"",""#text"":""0""},{""@Name"":""LooseSourceMapped"",""#text"":""0""},{""@Name"":""SecurityOptions"",""#text"":""0""},{""@Name"":""ModifyingUser"",""#text"":""S-1-5-80-3088073201-1464728630-1879813800-1107566885-823218052""},{""@Name"":""ModifyingApplication"",""#text"":""C:\\Windows\\System32\\svchost.exe""},{""@Name"":""SchemaVersion"",""#text"":""542""},{""@Name"":""RuleStatus"",""#text"":""65536""},{""@Name"":""LocalOnlyMapped"",""#text"":""0""},{""@Name"":""PolicyAppId""}]}}"
229,461,2025-07-28 20:27:09.4513562,2097,Info,Microsoft-Windows-Windows Firewall With Advanced Security,Microsoft-Windows-Windows Firewall With Advanced Security/Firewall,2184,420,DESKTOP-5A3QN5S,4,S-1-5-19,,,,,,,,,,,False,C:\Users\VM\Desktop\Firewall.evtx,0x8000020000000000,0,"{""EventData"":{""Data"":[{""@Name"":""RuleId"",""#text"":""{4E4DBB28-9D96-4CEC-8EE2-60AE832DD9A1}""},{""@Name"":""RuleName"",""#text"":""@{Microsoft.XboxGamingOverlay_2.34.28001.0_x64__8wekyb3d8bbwe?ms-resource://Microsoft.XboxGamingOverlay/resources/GameBar}""},{""@Name"":""Origin"",""#text"":""1""},{""@Name"":""ApplicationPath""},{""@Name"":""ServiceName""},{""@Name"":""Direction"",""#text"":""1""},{""@Name"":""Protocol"",""#text"":""256""},{""@Name"":""LocalPorts""},{""@Name"":""RemotePorts""},{""@Name"":""Action"",""#text"":""2""},{""@Name"":""Profiles"",""#text"":""2147483647""},{""@Name"":""LocalAddresses"",""#text"":""*""},{""@Name"":""RemoteAddresses"",""#text"":""*""},{""@Name"":""RemoteMachineAuthorizationList""},{""@Name"":""RemoteUserAuthorizationList""},{""@Name"":""EmbeddedContext"",""#text"":""@{Microsoft.XboxGamingOverlay_2.34.28001.0_x64__8wekyb3d8bbwe?ms-resource://Microsoft.XboxGamingOverlay/resources/GameBar}""},{""@Name"":""Flags"",""#text"":""1""},{""@Name"":""Active"",""#text"":""1""},{""@Name"":""EdgeTraversal"",""#text"":""0""},{""@Name"":""LooseSourceMapped"",""#text"":""0""},{""@Name"":""SecurityOptions"",""#text"":""0""},{""@Name"":""ModifyingUser"",""#text"":""S-1-5-80-3088073201-1464728630-1879813800-1107566885-823218052""},{""@Name"":""ModifyingApplication"",""#text"":""C:\\Windows\\System32\\svchost.exe""},{""@Name"":""SchemaVersion"",""#text"":""542""},{""@Name"":""RuleStatus"",""#text"":""65536""},{""@Name"":""LocalOnlyMapped"",""#text"":""0""},{""@Name"":""PolicyAppId""}]}}"
230,462,2025-07-28 20:27:09.4543748,2097,Info,Microsoft-Windows-Windows Firewall With Advanced Security,Microsoft-Windows-Windows Firewall With Advanced Security/Firewall,2184,420,DESKTOP-5A3QN5S,4,S-1-5-19,,,,,,,,,,,False,C:\Users\VM\Desktop\Firewall.evtx,0x8000020000000000,0,"{""EventData"":{""Data"":[{""@Name"":""RuleId"",""#text"":""{403160BB-EF6C-495D-9722-84C3E5B437D0}""},{""@Name"":""RuleName"",""#text"":""@{Microsoft.XboxGamingOverlay_2.34.28001.0_x64__8wekyb3d8bbwe?ms-resource://Microsoft.XboxGamingOverlay/resources/GameBar}""},{""@Name"":""Origin"",""#text"":""1""},{""@Name"":""ApplicationPath""},{""@Name"":""ServiceName""},{""@Name"":""Direction"",""#text"":""2""},{""@Name"":""Protocol"",""#text"":""256""},{""@Name"":""LocalPorts""},{""@Name"":""RemotePorts""},{""@Name"":""Action"",""#text"":""2""},{""@Name"":""Profiles"",""#text"":""2147483647""},{""@Name"":""LocalAddresses"",""#text"":""*""},{""@Name"":""RemoteAddresses"",""#text"":""*""},{""@Name"":""RemoteMachineAuthorizationList""},{""@Name"":""RemoteUserAuthorizationList""},{""@Name"":""EmbeddedContext"",""#text"":""@{Microsoft.XboxGamingOverlay_2.34.28001.0_x64__8wekyb3d8bbwe?ms-resource://Microsoft.XboxGamingOverlay/resources/GameBar}""},{""@Name"":""Flags"",""#text"":""1""},{""@Name"":""Active"",""#text"":""1""},{""@Name"":""EdgeTraversal"",""#text"":""0""},{""@Name"":""LooseSourceMapped"",""#text"":""0""},{""@Name"":""SecurityOptions"",""#text"":""0""},{""@Name"":""ModifyingUser"",""#text"":""S-1-5-80-3088073201-1464728630-1879813800-1107566885-823218052""},{""@Name"":""ModifyingApplication"",""#text"":""C:\\Windows\\System32\\svchost.exe""},{""@Name"":""SchemaVersion"",""#text"":""542""},{""@Name"":""RuleStatus"",""#text"":""65536""},{""@Name"":""LocalOnlyMapped"",""#text"":""0""},{""@Name"":""PolicyAppId""}]}}"
231,463,2025-07-28 20:27:09.4565204,2097,Info,Microsoft-Windows-Windows Firewall With Advanced Security,Microsoft-Windows-Windows Firewall With Advanced Security/Firewall,2184,420,DESKTOP-5A3QN5S,4,S-1-5-19,,,,,,,,,,,False,C:\Users\VM\Desktop\Firewall.evtx,0x8000020000000000,0,"{""EventData"":{""Data"":[{""@Name"":""RuleId"",""#text"":""{D9B4C5DD-51C1-4959-88AA-79D2481F7EFE}""},{""@Name"":""RuleName"",""#text"":""@{Microsoft.XboxGamingOverlay_2.34.28001.0_x64__8wekyb3d8bbwe?ms-resource://Microsoft.XboxGamingOverlay/resources/GameBar}""},{""@Name"":""Origin"",""#text"":""1""},{""@Name"":""ApplicationPath""},{""@Name"":""ServiceName""},{""@Name"":""Direction"",""#text"":""1""},{""@Name"":""Protocol"",""#text"":""256""},{""@Name"":""LocalPorts""},{""@Name"":""RemotePorts""},{""@Name"":""Action"",""#text"":""3""},{""@Name"":""Profiles"",""#text"":""7""},{""@Name"":""LocalAddresses"",""#text"":""*""},{""@Name"":""RemoteAddresses"",""#text"":""*""},{""@Name"":""RemoteMachineAuthorizationList""},{""@Name"":""RemoteUserAuthorizationList""},{""@Name"":""EmbeddedContext"",""#text"":""@{Microsoft.XboxGamingOverlay_2.34.28001.0_x64__8wekyb3d8bbwe?ms-resource://Microsoft.XboxGamingOverlay/resources/GameBar}""},{""@Name"":""Flags"",""#text"":""1""},{""@Name"":""Active"",""#text"":""1""},{""@Name"":""EdgeTraversal"",""#text"":""0""},{""@Name"":""LooseSourceMapped"",""#text"":""0""},{""@Name"":""SecurityOptions"",""#text"":""0""},{""@Name"":""ModifyingUser"",""#text"":""S-1-5-80-3088073201-1464728630-1879813800-1107566885-823218052""},{""@Name"":""ModifyingApplication"",""#text"":""C:\\Windows\\System32\\svchost.exe""},{""@Name"":""SchemaVersion"",""#text"":""542""},{""@Name"":""RuleStatus"",""#text"":""65536""},{""@Name"":""LocalOnlyMapped"",""#text"":""0""},{""@Name"":""PolicyAppId""}]}}"
232,464,2025-07-28 20:27:09.4585746,2097,Info,Microsoft-Windows-Windows Firewall With Advanced Security,Microsoft-Windows-Windows Firewall With Advanced Security/Firewall,2184,420,DESKTOP-5A3QN5S,4,S-1-5-19,,,,,,,,,,,False,C:\Users\VM\Desktop\Firewall.evtx,0x8000020000000000,0,"{""EventData"":{""Data"":[{""@Name"":""RuleId"",""#text"":""{D49C5A55-AC8D-4AD1-A07E-C60DD8410A3F}""},{""@Name"":""RuleName"",""#text"":""@{Microsoft.XboxGamingOverlay_2.34.28001.0_x64__8wekyb3d8bbwe?ms-resource://Microsoft.XboxGamingOverlay/resources/GameBar}""},{""@Name"":""Origin"",""#text"":""1""},{""@Name"":""ApplicationPath""},{""@Name"":""ServiceName""},{""@Name"":""Direction"",""#text"":""2""},{""@Name"":""Protocol"",""#text"":""256""},{""@Name"":""LocalPorts""},{""@Name"":""RemotePorts""},{""@Name"":""Action"",""#text"":""3""},{""@Name"":""Profiles"",""#text"":""7""},{""@Name"":""LocalAddresses"",""#text"":""*""},{""@Name"":""RemoteAddresses"",""#text"":""*""},{""@Name"":""RemoteMachineAuthorizationList""},{""@Name"":""RemoteUserAuthorizationList""},{""@Name"":""EmbeddedContext"",""#text"":""@{Microsoft.XboxGamingOverlay_2.34.28001.0_x64__8wekyb3d8bbwe?ms-resource://Microsoft.XboxGamingOverlay/resources/GameBar}""},{""@Name"":""Flags"",""#text"":""1""},{""@Name"":""Active"",""#text"":""1""},{""@Name"":""EdgeTraversal"",""#text"":""0""},{""@Name"":""LooseSourceMapped"",""#text"":""0""},{""@Name"":""SecurityOptions"",""#text"":""0""},{""@Name"":""ModifyingUser"",""#text"":""S-1-5-80-3088073201-1464728630-1879813800-1107566885-823218052""},{""@Name"":""ModifyingApplication"",""#text"":""C:\\Windows\\System32\\svchost.exe""},{""@Name"":""SchemaVersion"",""#text"":""542""},{""@Name"":""RuleStatus"",""#text"":""65536""},{""@Name"":""LocalOnlyMapped"",""#text"":""0""},{""@Name"":""PolicyAppId""}]}}"
233,465,2025-07-28 20:27:09.4616811,2097,Info,Microsoft-Windows-Windows Firewall With Advanced Security,Microsoft-Windows-Windows Firewall With Advanced Security/Firewall,2184,420,DESKTOP-5A3QN5S,4,S-1-5-19,,,,,,,,,,,False,C:\Users\VM\Desktop\Firewall.evtx,0x8000020000000000,0,"{""EventData"":{""Data"":[{""@Name"":""RuleId"",""#text"":""{81B8F3CA-33BD-40D5-8F1E-1BB73578BE4D}""},{""@Name"":""RuleName"",""#text"":""@{Microsoft.XboxGamingOverlay_2.34.28001.0_x64__8wekyb3d8bbwe?ms-resource://Microsoft.XboxGamingOverlay/resources/GameBar}""},{""@Name"":""Origin"",""#text"":""1""},{""@Name"":""ApplicationPath""},{""@Name"":""ServiceName""},{""@Name"":""Direction"",""#text"":""1""},{""@Name"":""Protocol"",""#text"":""256""},{""@Name"":""LocalPorts""},{""@Name"":""RemotePorts""},{""@Name"":""Action"",""#text"":""3""},{""@Name"":""Profiles"",""#text"":""6""},{""@Name"":""LocalAddresses"",""#text"":""*""},{""@Name"":""RemoteAddresses"",""#text"":""*""},{""@Name"":""RemoteMachineAuthorizationList""},{""@Name"":""RemoteUserAuthorizationList""},{""@Name"":""EmbeddedContext"",""#text"":""@{Microsoft.XboxGamingOverlay_2.34.28001.0_x64__8wekyb3d8bbwe?ms-resource://Microsoft.XboxGamingOverlay/resources/GameBar}""},{""@Name"":""Flags"",""#text"":""3""},{""@Name"":""Active"",""#text"":""1""},{""@Name"":""EdgeTraversal"",""#text"":""0""},{""@Name"":""LooseSourceMapped"",""#text"":""0""},{""@Name"":""SecurityOptions"",""#text"":""1""},{""@Name"":""ModifyingUser"",""#text"":""S-1-5-80-3088073201-1464728630-1879813800-1107566885-823218052""},{""@Name"":""ModifyingApplication"",""#text"":""C:\\Windows\\System32\\svchost.exe""},{""@Name"":""SchemaVersion"",""#text"":""542""},{""@Name"":""RuleStatus"",""#text"":""65536""},{""@Name"":""LocalOnlyMapped"",""#text"":""0""},{""@Name"":""PolicyAppId""}]}}"
234,466,2025-07-28 20:27:09.4641682,2097,Info,Microsoft-Windows-Windows Firewall With Advanced Security,Microsoft-Windows-Windows Firewall With Advanced Security/Firewall,2184,420,DESKTOP-5A3QN5S,4,S-1-5-19,,,,,,,,,,,False,C:\Users\VM\Desktop\Firewall.evtx,0x8000020000000000,0,"{""EventData"":{""Data"":[{""@Name"":""RuleId"",""#text"":""{F99C0D35-94F7-418A-91E2-67B3F7EB7324}""},{""@Name"":""RuleName"",""#text"":""@{Microsoft.XboxGamingOverlay_2.34.28001.0_x64__8wekyb3d8bbwe?ms-resource://Microsoft.XboxGamingOverlay/resources/GameBar}""},{""@Name"":""Origin"",""#text"":""1""},{""@Name"":""ApplicationPath""},{""@Name"":""ServiceName""},{""@Name"":""Direction"",""#text"":""2""},{""@Name"":""Protocol"",""#text"":""256""},{""@Name"":""LocalPorts""},{""@Name"":""RemotePorts""},{""@Name"":""Action"",""#text"":""3""},{""@Name"":""Profiles"",""#text"":""6""},{""@Name"":""LocalAddresses"",""#text"":""*""},{""@Name"":""RemoteAddresses"",""#text"":""*""},{""@Name"":""RemoteMachineAuthorizationList""},{""@Name"":""RemoteUserAuthorizationList""},{""@Name"":""EmbeddedContext"",""#text"":""@{Microsoft.XboxGamingOverlay_2.34.28001.0_x64__8wekyb3d8bbwe?ms-resource://Microsoft.XboxGamingOverlay/resources/GameBar}""},{""@Name"":""Flags"",""#text"":""3""},{""@Name"":""Active"",""#text"":""1""},{""@Name"":""EdgeTraversal"",""#text"":""0""},{""@Name"":""LooseSourceMapped"",""#text"":""0""},{""@Name"":""SecurityOptions"",""#text"":""1""},{""@Name"":""ModifyingUser"",""#text"":""S-1-5-80-3088073201-1464728630-1879813800-1107566885-823218052""},{""@Name"":""ModifyingApplication"",""#text"":""C:\\Windows\\System32\\svchost.exe""},{""@Name"":""SchemaVersion"",""#text"":""542""},{""@Name"":""RuleStatus"",""#text"":""65536""},{""@Name"":""LocalOnlyMapped"",""#text"":""0""},{""@Name"":""PolicyAppId""}]}}"
235,467,2025-07-28 20:27:09.4661484,2097,Info,Microsoft-Windows-Windows Firewall With Advanced Security,Microsoft-Windows-Windows Firewall With Advanced Security/Firewall,2184,420,DESKTOP-5A3QN5S,4,S-1-5-19,,,,,,,,,,,False,C:\Users\VM\Desktop\Firewall.evtx,0x8000020000000000,0,"{""EventData"":{""Data"":[{""@Name"":""RuleId"",""#text"":""{7C80D286-DAF5-4226-AD25-15512030DC83}""},{""@Name"":""RuleName"",""#text"":""@{Microsoft.XboxGamingOverlay_2.34.28001.0_x64__8wekyb3d8bbwe?ms-resource://Microsoft.XboxGamingOverlay/resources/GameBar}""},{""@Name"":""Origin"",""#text"":""1""},{""@Name"":""ApplicationPath""},{""@Name"":""ServiceName""},{""@Name"":""Direction"",""#text"":""1""},{""@Name"":""Protocol"",""#text"":""256""},{""@Name"":""LocalPorts""},{""@Name"":""RemotePorts""},{""@Name"":""Action"",""#text"":""3""},{""@Name"":""Profiles"",""#text"":""7""},{""@Name"":""LocalAddresses"",""#text"":""*""},{""@Name"":""RemoteAddresses"",""#text"":""*""},{""@Name"":""RemoteMachineAuthorizationList""},{""@Name"":""RemoteUserAuthorizationList""},{""@Name"":""EmbeddedContext"",""#text"":""@{Microsoft.XboxGamingOverlay_2.34.28001.0_x64__8wekyb3d8bbwe?ms-resource://Microsoft.XboxGamingOverlay/resources/GameBar}""},{""@Name"":""Flags"",""#text"":""1""},{""@Name"":""Active"",""#text"":""1""},{""@Name"":""EdgeTraversal"",""#text"":""0""},{""@Name"":""LooseSourceMapped"",""#text"":""0""},{""@Name"":""SecurityOptions"",""#text"":""0""},{""@Name"":""ModifyingUser"",""#text"":""S-1-5-80-3088073201-1464728630-1879813800-1107566885-823218052""},{""@Name"":""ModifyingApplication"",""#text"":""C:\\Windows\\System32\\svchost.exe""},{""@Name"":""SchemaVersion"",""#text"":""542""},{""@Name"":""RuleStatus"",""#text"":""65536""},{""@Name"":""LocalOnlyMapped"",""#text"":""0""},{""@Name"":""PolicyAppId""}]}}"
236,468,2025-07-28 20:27:09.4681013,2097,Info,Microsoft-Windows-Windows Firewall With Advanced Security,Microsoft-Windows-Windows Firewall With Advanced Security/Firewall,2184,420,DESKTOP-5A3QN5S,4,S-1-5-19,,,,,,,,,,,False,C:\Users\VM\Desktop\Firewall.evtx,0x8000020000000000,0,"{""EventData"":{""Data"":[{""@Name"":""RuleId"",""#text"":""{EA1CDCEF-4825-4885-83B9-C1807684CEAF}""},{""@Name"":""RuleName"",""#text"":""@{Microsoft.XboxGamingOverlay_2.34.28001.0_x64__8wekyb3d8bbwe?ms-resource://Microsoft.XboxGamingOverlay/resources/GameBar}""},{""@Name"":""Origin"",""#text"":""1""},{""@Name"":""ApplicationPath""},{""@Name"":""ServiceName""},{""@Name"":""Direction"",""#text"":""2""},{""@Name"":""Protocol"",""#text"":""256""},{""@Name"":""LocalPorts""},{""@Name"":""RemotePorts""},{""@Name"":""Action"",""#text"":""3""},{""@Name"":""Profiles"",""#text"":""7""},{""@Name"":""LocalAddresses"",""#text"":""*""},{""@Name"":""RemoteAddresses"",""#text"":""*""},{""@Name"":""RemoteMachineAuthorizationList""},{""@Name"":""RemoteUserAuthorizationList""},{""@Name"":""EmbeddedContext"",""#text"":""@{Microsoft.XboxGamingOverlay_2.34.28001.0_x64__8wekyb3d8bbwe?ms-resource://Microsoft.XboxGamingOverlay/resources/GameBar}""},{""@Name"":""Flags"",""#text"":""1""},{""@Name"":""Active"",""#text"":""1""},{""@Name"":""EdgeTraversal"",""#text"":""0""},{""@Name"":""LooseSourceMapped"",""#text"":""0""},{""@Name"":""SecurityOptions"",""#text"":""0""},{""@Name"":""ModifyingUser"",""#text"":""S-1-5-80-3088073201-1464728630-1879813800-1107566885-823218052""},{""@Name"":""ModifyingApplication"",""#text"":""C:\\Windows\\System32\\svchost.exe""},{""@Name"":""SchemaVersion"",""#text"":""542""},{""@Name"":""RuleStatus"",""#text"":""65536""},{""@Name"":""LocalOnlyMapped"",""#text"":""0""},{""@Name"":""PolicyAppId""}]}}"
237,469,2025-07-28 20:27:09.4706990,2097,Info,Microsoft-Windows-Windows Firewall With Advanced Security,Microsoft-Windows-Windows Firewall With Advanced Security/Firewall,2184,420,DESKTOP-5A3QN5S,4,S-1-5-19,,,,,,,,,,,False,C:\Users\VM\Desktop\Firewall.evtx,0x8000020000000000,0,"{""EventData"":{""Data"":[{""@Name"":""RuleId"",""#text"":""{3BC90F74-12BA-4102-AD7E-1F1B9DC91804}""},{""@Name"":""RuleName"",""#text"":""@{Microsoft.XboxGamingOverlay_2.34.28001.0_x64__8wekyb3d8bbwe?ms-resource://Microsoft.XboxGamingOverlay/resources/GameBar}""},{""@Name"":""Origin"",""#text"":""1""},{""@Name"":""ApplicationPath""},{""@Name"":""ServiceName""},{""@Name"":""Direction"",""#text"":""2""},{""@Name"":""Protocol"",""#text"":""256""},{""@Name"":""LocalPorts""},{""@Name"":""RemotePorts""},{""@Name"":""Action"",""#text"":""3""},{""@Name"":""Profiles"",""#text"":""7""},{""@Name"":""LocalAddresses"",""#text"":""*""},{""@Name"":""RemoteAddresses"",""#text"":""*""},{""@Name"":""RemoteMachineAuthorizationList""},{""@Name"":""RemoteUserAuthorizationList""},{""@Name"":""EmbeddedContext"",""#text"":""@{Microsoft.XboxGamingOverlay_2.34.28001.0_x64__8wekyb3d8bbwe?ms-resource://Microsoft.XboxGamingOverlay/resources/GameBar}""},{""@Name"":""Flags"",""#text"":""1""},{""@Name"":""Active"",""#text"":""1""},{""@Name"":""EdgeTraversal"",""#text"":""0""},{""@Name"":""LooseSourceMapped"",""#text"":""0""},{""@Name"":""SecurityOptions"",""#text"":""0""},{""@Name"":""ModifyingUser"",""#text"":""S-1-5-80-3088073201-1464728630-1879813800-1107566885-823218052""},{""@Name"":""ModifyingApplication"",""#text"":""C:\\Windows\\System32\\svchost.exe""},{""@Name"":""SchemaVersion"",""#text"":""542""},{""@Name"":""RuleStatus"",""#text"":""65536""},{""@Name"":""LocalOnlyMapped"",""#text"":""0""},{""@Name"":""PolicyAppId""}]}}"
238,470,2025-07-28 20:27:09.4756919,2097,Info,Microsoft-Windows-Windows Firewall With Advanced Security,Microsoft-Windows-Windows Firewall With Advanced Security/Firewall,2184,420,DESKTOP-5A3QN5S,4,S-1-5-19,,,,,,,,,,,False,C:\Users\VM\Desktop\Firewall.evtx,0x8000020000000000,0,"{""EventData"":{""Data"":[{""@Name"":""RuleId"",""#text"":""{C6D8ADC5-CFDC-442B-A641-4418CD6E74F7}""},{""@Name"":""RuleName"",""#text"":""@{Microsoft.XboxGamingOverlay_2.34.28001.0_x64__8wekyb3d8bbwe?ms-resource://Microsoft.XboxGamingOverlay/resources/GameBar}""},{""@Name"":""Origin"",""#text"":""1""},{""@Name"":""ApplicationPath""},{""@Name"":""ServiceName""},{""@Name"":""Direction"",""#text"":""1""},{""@Name"":""Protocol"",""#text"":""256""},{""@Name"":""LocalPorts""},{""@Name"":""RemotePorts""},{""@Name"":""Action"",""#text"":""3""},{""@Name"":""Profiles"",""#text"":""7""},{""@Name"":""LocalAddresses"",""#text"":""*""},{""@Name"":""RemoteAddresses"",""#text"":""*""},{""@Name"":""RemoteMachineAuthorizationList""},{""@Name"":""RemoteUserAuthorizationList""},{""@Name"":""EmbeddedContext"",""#text"":""@{Microsoft.XboxGamingOverlay_2.34.28001.0_x64__8wekyb3d8bbwe?ms-resource://Microsoft.XboxGamingOverlay/resources/GameBar}""},{""@Name"":""Flags"",""#text"":""9""},{""@Name"":""Active"",""#text"":""1""},{""@Name"":""EdgeTraversal"",""#text"":""1""},{""@Name"":""LooseSourceMapped"",""#text"":""0""},{""@Name"":""SecurityOptions"",""#text"":""0""},{""@Name"":""ModifyingUser"",""#text"":""S-1-5-80-3088073201-1464728630-1879813800-1107566885-823218052""},{""@Name"":""ModifyingApplication"",""#text"":""C:\\Windows\\System32\\svchost.exe""},{""@Name"":""SchemaVersion"",""#text"":""542""},{""@Name"":""RuleStatus"",""#text"":""65536""},{""@Name"":""LocalOnlyMapped"",""#text"":""0""},{""@Name"":""PolicyAppId""}]}}"
239,471,2025-07-28 20:27:10.4885286,2097,Info,Microsoft-Windows-Windows Firewall With Advanced Security,Microsoft-Windows-Windows Firewall With Advanced Security/Firewall,2184,820,DESKTOP-5A3QN5S,4,S-1-5-19,,,,,,,,,,,False,C:\Users\VM\Desktop\Firewall.evtx,0x8000020000000000,0,"{""EventData"":{""Data"":[{""@Name"":""RuleId"",""#text"":""{498F34F0-E609-4B34-A7AF-2B72A8530FE9}""},{""@Name"":""RuleName"",""#text"":""Xbox Game Bar Plugin""},{""@Name"":""Origin"",""#text"":""1""},{""@Name"":""ApplicationPath""},{""@Name"":""ServiceName""},{""@Name"":""Direction"",""#text"":""1""},{""@Name"":""Protocol"",""#text"":""256""},{""@Name"":""LocalPorts""},{""@Name"":""RemotePorts""},{""@Name"":""Action"",""#text"":""2""},{""@Name"":""Profiles"",""#text"":""2147483647""},{""@Name"":""LocalAddresses"",""#text"":""*""},{""@Name"":""RemoteAddresses"",""#text"":""*""},{""@Name"":""RemoteMachineAuthorizationList""},{""@Name"":""RemoteUserAuthorizationList""},{""@Name"":""EmbeddedContext"",""#text"":""Xbox Game Bar Plugin""},{""@Name"":""Flags"",""#text"":""1""},{""@Name"":""Active"",""#text"":""1""},{""@Name"":""EdgeTraversal"",""#text"":""0""},{""@Name"":""LooseSourceMapped"",""#text"":""0""},{""@Name"":""SecurityOptions"",""#text"":""0""},{""@Name"":""ModifyingUser"",""#text"":""S-1-5-80-3088073201-1464728630-1879813800-1107566885-823218052""},{""@Name"":""ModifyingApplication"",""#text"":""C:\\Windows\\System32\\svchost.exe""},{""@Name"":""SchemaVersion"",""#text"":""542""},{""@Name"":""RuleStatus"",""#text"":""65536""},{""@Name"":""LocalOnlyMapped"",""#text"":""0""},{""@Name"":""PolicyAppId""}]}}"
240,472,2025-07-28 20:27:10.4903721,2097,Info,Microsoft-Windows-Windows Firewall With Advanced Security,Microsoft-Windows-Windows Firewall With Advanced Security/Firewall,2184,820,DESKTOP-5A3QN5S,4,S-1-5-19,,,,,,,,,,,False,C:\Users\VM\Desktop\Firewall.evtx,0x8000020000000000,0,"{""EventData"":{""Data"":[{""@Name"":""RuleId"",""#text"":""{7505AD83-8C75-4CDB-B78F-2E4FE9F98E4F}""},{""@Name"":""RuleName"",""#text"":""Xbox Game Bar Plugin""},{""@Name"":""Origin"",""#text"":""1""},{""@Name"":""ApplicationPath""},{""@Name"":""ServiceName""},{""@Name"":""Direction"",""#text"":""2""},{""@Name"":""Protocol"",""#text"":""256""},{""@Name"":""LocalPorts""},{""@Name"":""RemotePorts""},{""@Name"":""Action"",""#text"":""2""},{""@Name"":""Profiles"",""#text"":""2147483647""},{""@Name"":""LocalAddresses"",""#text"":""*""},{""@Name"":""RemoteAddresses"",""#text"":""*""},{""@Name"":""RemoteMachineAuthorizationList""},{""@Name"":""RemoteUserAuthorizationList""},{""@Name"":""EmbeddedContext"",""#text"":""Xbox Game Bar Plugin""},{""@Name"":""Flags"",""#text"":""1""},{""@Name"":""Active"",""#text"":""1""},{""@Name"":""EdgeTraversal"",""#text"":""0""},{""@Name"":""LooseSourceMapped"",""#text"":""0""},{""@Name"":""SecurityOptions"",""#text"":""0""},{""@Name"":""ModifyingUser"",""#text"":""S-1-5-80-3088073201-1464728630-1879813800-1107566885-823218052""},{""@Name"":""ModifyingApplication"",""#text"":""C:\\Windows\\System32\\svchost.exe""},{""@Name"":""SchemaVersion"",""#text"":""542""},{""@Name"":""RuleStatus"",""#text"":""65536""},{""@Name"":""LocalOnlyMapped"",""#text"":""0""},{""@Name"":""PolicyAppId""}]}}"
241,473,2025-07-28 20:27:10.4928320,2097,Info,Microsoft-Windows-Windows Firewall With Advanced Security,Microsoft-Windows-Windows Firewall With Advanced Security/Firewall,2184,820,DESKTOP-5A3QN5S,4,S-1-5-19,,,,,,,,,,,False,C:\Users\VM\Desktop\Firewall.evtx,0x8000020000000000,0,"{""EventData"":{""Data"":[{""@Name"":""RuleId"",""#text"":""{92C92D77-088E-4C9F-9886-49776C9B6F6E}""},{""@Name"":""RuleName"",""#text"":""Xbox Game Bar Plugin""},{""@Name"":""Origin"",""#text"":""1""},{""@Name"":""ApplicationPath""},{""@Name"":""ServiceName""},{""@Name"":""Direction"",""#text"":""2""},{""@Name"":""Protocol"",""#text"":""256""},{""@Name"":""LocalPorts""},{""@Name"":""RemotePorts""},{""@Name"":""Action"",""#text"":""3""},{""@Name"":""Profiles"",""#text"":""7""},{""@Name"":""LocalAddresses"",""#text"":""*""},{""@Name"":""RemoteAddresses"",""#text"":""*""},{""@Name"":""RemoteMachineAuthorizationList""},{""@Name"":""RemoteUserAuthorizationList""},{""@Name"":""EmbeddedContext"",""#text"":""Xbox Game Bar Plugin""},{""@Name"":""Flags"",""#text"":""1""},{""@Name"":""Active"",""#text"":""1""},{""@Name"":""EdgeTraversal"",""#text"":""0""},{""@Name"":""LooseSourceMapped"",""#text"":""0""},{""@Name"":""SecurityOptions"",""#text"":""0""},{""@Name"":""ModifyingUser"",""#text"":""S-1-5-80-3088073201-1464728630-1879813800-1107566885-823218052""},{""@Name"":""ModifyingApplication"",""#text"":""C:\\Windows\\System32\\svchost.exe""},{""@Name"":""SchemaVersion"",""#text"":""542""},{""@Name"":""RuleStatus"",""#text"":""65536""},{""@Name"":""LocalOnlyMapped"",""#text"":""0""},{""@Name"":""PolicyAppId""}]}}"
242,474,2025-07-28 20:27:10.4950366,2097,Info,Microsoft-Windows-Windows Firewall With Advanced Security,Microsoft-Windows-Windows Firewall With Advanced Security/Firewall,2184,820,DESKTOP-5A3QN5S,4,S-1-5-19,,,,,,,,,,,False,C:\Users\VM\Desktop\Firewall.evtx,0x8000020000000000,0,"{""EventData"":{""Data"":[{""@Name"":""RuleId"",""#text"":""{6D6B9B61-E60A-473E-8254-B1B1C5617222}""},{""@Name"":""RuleName"",""#text"":""Xbox Game Bar Plugin""},{""@Name"":""Origin"",""#text"":""1""},{""@Name"":""ApplicationPath""},{""@Name"":""ServiceName""},{""@Name"":""Direction"",""#text"":""2""},{""@Name"":""Protocol"",""#text"":""256""},{""@Name"":""LocalPorts""},{""@Name"":""RemotePorts""},{""@Name"":""Action"",""#text"":""3""},{""@Name"":""Profiles"",""#text"":""7""},{""@Name"":""LocalAddresses"",""#text"":""*""},{""@Name"":""RemoteAddresses"",""#text"":""*""},{""@Name"":""RemoteMachineAuthorizationList""},{""@Name"":""RemoteUserAuthorizationList""},{""@Name"":""EmbeddedContext"",""#text"":""Xbox Game Bar Plugin""},{""@Name"":""Flags"",""#text"":""1""},{""@Name"":""Active"",""#text"":""1""},{""@Name"":""EdgeTraversal"",""#text"":""0""},{""@Name"":""LooseSourceMapped"",""#text"":""0""},{""@Name"":""SecurityOptions"",""#text"":""0""},{""@Name"":""ModifyingUser"",""#text"":""S-1-5-80-3088073201-1464728630-1879813800-1107566885-823218052""},{""@Name"":""ModifyingApplication"",""#text"":""C:\\Windows\\System32\\svchost.exe""},{""@Name"":""SchemaVersion"",""#text"":""542""},{""@Name"":""RuleStatus"",""#text"":""65536""},{""@Name"":""LocalOnlyMapped"",""#text"":""0""},{""@Name"":""PolicyAppId""}]}}"
243,475,2025-07-28 20:27:11.3601237,2097,Info,Microsoft-Windows-Windows Firewall With Advanced Security,Microsoft-Windows-Windows Firewall With Advanced Security/Firewall,2184,820,DESKTOP-5A3QN5S,4,S-1-5-19,,,,,,,,,,,False,C:\Users\VM\Desktop\Firewall.evtx,0x8000020000000000,0,"{""EventData"":{""Data"":[{""@Name"":""RuleId"",""#text"":""{42BCA183-526C-4F4F-BC09-400B2D7DFC21}""},{""@Name"":""RuleName"",""#text"":""Xbox""},{""@Name"":""Origin"",""#text"":""1""},{""@Name"":""ApplicationPath""},{""@Name"":""ServiceName""},{""@Name"":""Direction"",""#text"":""1""},{""@Name"":""Protocol"",""#text"":""256""},{""@Name"":""LocalPorts""},{""@Name"":""RemotePorts""},{""@Name"":""Action"",""#text"":""2""},{""@Name"":""Profiles"",""#text"":""2147483647""},{""@Name"":""LocalAddresses"",""#text"":""*""},{""@Name"":""RemoteAddresses"",""#text"":""*""},{""@Name"":""RemoteMachineAuthorizationList""},{""@Name"":""RemoteUserAuthorizationList""},{""@Name"":""EmbeddedContext"",""#text"":""Xbox""},{""@Name"":""Flags"",""#text"":""1""},{""@Name"":""Active"",""#text"":""1""},{""@Name"":""EdgeTraversal"",""#text"":""0""},{""@Name"":""LooseSourceMapped"",""#text"":""0""},{""@Name"":""SecurityOptions"",""#text"":""0""},{""@Name"":""ModifyingUser"",""#text"":""S-1-5-80-3088073201-1464728630-1879813800-1107566885-823218052""},{""@Name"":""ModifyingApplication"",""#text"":""C:\\Windows\\System32\\svchost.exe""},{""@Name"":""SchemaVersion"",""#text"":""542""},{""@Name"":""RuleStatus"",""#text"":""65536""},{""@Name"":""LocalOnlyMapped"",""#text"":""0""},{""@Name"":""PolicyAppId""}]}}"
244,476,2025-07-28 20:27:11.3620377,2097,Info,Microsoft-Windows-Windows Firewall With Advanced Security,Microsoft-Windows-Windows Firewall With Advanced Security/Firewall,2184,820,DESKTOP-5A3QN5S,4,S-1-5-19,,,,,,,,,,,False,C:\Users\VM\Desktop\Firewall.evtx,0x8000020000000000,0,"{""EventData"":{""Data"":[{""@Name"":""RuleId"",""#text"":""{0242CE2A-6A26-47B6-8A2F-5D127273ABC7}""},{""@Name"":""RuleName"",""#text"":""Xbox""},{""@Name"":""Origin"",""#text"":""1""},{""@Name"":""ApplicationPath""},{""@Name"":""ServiceName""},{""@Name"":""Direction"",""#text"":""2""},{""@Name"":""Protocol"",""#text"":""256""},{""@Name"":""LocalPorts""},{""@Name"":""RemotePorts""},{""@Name"":""Action"",""#text"":""2""},{""@Name"":""Profiles"",""#text"":""2147483647""},{""@Name"":""LocalAddresses"",""#text"":""*""},{""@Name"":""RemoteAddresses"",""#text"":""*""},{""@Name"":""RemoteMachineAuthorizationList""},{""@Name"":""RemoteUserAuthorizationList""},{""@Name"":""EmbeddedContext"",""#text"":""Xbox""},{""@Name"":""Flags"",""#text"":""1""},{""@Name"":""Active"",""#text"":""1""},{""@Name"":""EdgeTraversal"",""#text"":""0""},{""@Name"":""LooseSourceMapped"",""#text"":""0""},{""@Name"":""SecurityOptions"",""#text"":""0""},{""@Name"":""ModifyingUser"",""#text"":""S-1-5-80-3088073201-1464728630-1879813800-1107566885-823218052""},{""@Name"":""ModifyingApplication"",""#text"":""C:\\Windows\\System32\\svchost.exe""},{""@Name"":""SchemaVersion"",""#text"":""542""},{""@Name"":""RuleStatus"",""#text"":""65536""},{""@Name"":""LocalOnlyMapped"",""#text"":""0""},{""@Name"":""PolicyAppId""}]}}"
245,477,2025-07-28 20:27:11.3654082,2097,Info,Microsoft-Windows-Windows Firewall With Advanced Security,Microsoft-Windows-Windows Firewall With Advanced Security/Firewall,2184,820,DESKTOP-5A3QN5S,4,S-1-5-19,,,,,,,,,,,False,C:\Users\VM\Desktop\Firewall.evtx,0x8000020000000000,0,"{""EventData"":{""Data"":[{""@Name"":""RuleId"",""#text"":""{6000A713-E6E9-4F1A-879D-C4A6969CD409}""},{""@Name"":""RuleName"",""#text"":""Xbox""},{""@Name"":""Origin"",""#text"":""1""},{""@Name"":""ApplicationPath""},{""@Name"":""ServiceName""},{""@Name"":""Direction"",""#text"":""1""},{""@Name"":""Protocol"",""#text"":""256""},{""@Name"":""LocalPorts""},{""@Name"":""RemotePorts""},{""@Name"":""Action"",""#text"":""3""},{""@Name"":""Profiles"",""#text"":""7""},{""@Name"":""LocalAddresses"",""#text"":""*""},{""@Name"":""RemoteAddresses"",""#text"":""*""},{""@Name"":""RemoteMachineAuthorizationList""},{""@Name"":""RemoteUserAuthorizationList""},{""@Name"":""EmbeddedContext"",""#text"":""Xbox""},{""@Name"":""Flags"",""#text"":""1""},{""@Name"":""Active"",""#text"":""1""},{""@Name"":""EdgeTraversal"",""#text"":""0""},{""@Name"":""LooseSourceMapped"",""#text"":""0""},{""@Name"":""SecurityOptions"",""#text"":""0""},{""@Name"":""ModifyingUser"",""#text"":""S-1-5-80-3088073201-1464728630-1879813800-1107566885-823218052""},{""@Name"":""ModifyingApplication"",""#text"":""C:\\Windows\\System32\\svchost.exe""},{""@Name"":""SchemaVersion"",""#text"":""542""},{""@Name"":""RuleStatus"",""#text"":""65536""},{""@Name"":""LocalOnlyMapped"",""#text"":""0""},{""@Name"":""PolicyAppId""}]}}"
246,478,2025-07-28 20:27:11.3676817,2097,Info,Microsoft-Windows-Windows Firewall With Advanced Security,Microsoft-Windows-Windows Firewall With Advanced Security/Firewall,2184,820,DESKTOP-5A3QN5S,4,S-1-5-19,,,,,,,,,,,False,C:\Users\VM\Desktop\Firewall.evtx,0x8000020000000000,0,"{""EventData"":{""Data"":[{""@Name"":""RuleId"",""#text"":""{5CE26E2F-2E1E-40FD-AE11-C5C1309E09C7}""},{""@Name"":""RuleName"",""#text"":""Xbox""},{""@Name"":""Origin"",""#text"":""1""},{""@Name"":""ApplicationPath""},{""@Name"":""ServiceName""},{""@Name"":""Direction"",""#text"":""2""},{""@Name"":""Protocol"",""#text"":""256""},{""@Name"":""LocalPorts""},{""@Name"":""RemotePorts""},{""@Name"":""Action"",""#text"":""3""},{""@Name"":""Profiles"",""#text"":""7""},{""@Name"":""LocalAddresses"",""#text"":""*""},{""@Name"":""RemoteAddresses"",""#text"":""*""},{""@Name"":""RemoteMachineAuthorizationList""},{""@Name"":""RemoteUserAuthorizationList""},{""@Name"":""EmbeddedContext"",""#text"":""Xbox""},{""@Name"":""Flags"",""#text"":""1""},{""@Name"":""Active"",""#text"":""1""},{""@Name"":""EdgeTraversal"",""#text"":""0""},{""@Name"":""LooseSourceMapped"",""#text"":""0""},{""@Name"":""SecurityOptions"",""#text"":""0""},{""@Name"":""ModifyingUser"",""#text"":""S-1-5-80-3088073201-1464728630-1879813800-1107566885-823218052""},{""@Name"":""ModifyingApplication"",""#text"":""C:\\Windows\\System32\\svchost.exe""},{""@Name"":""SchemaVersion"",""#text"":""542""},{""@Name"":""RuleStatus"",""#text"":""65536""},{""@Name"":""LocalOnlyMapped"",""#text"":""0""},{""@Name"":""PolicyAppId""}]}}"
247,479,2025-07-28 20:27:11.3698926,2097,Info,Microsoft-Windows-Windows Firewall With Advanced Security,Microsoft-Windows-Windows Firewall With Advanced Security/Firewall,2184,820,DESKTOP-5A3QN5S,4,S-1-5-19,,,,,,,,,,,False,C:\Users\VM\Desktop\Firewall.evtx,0x8000020000000000,0,"{""EventData"":{""Data"":[{""@Name"":""RuleId"",""#text"":""{09A02B32-9D70-4A60-8DB8-5C050718A6B9}""},{""@Name"":""RuleName"",""#text"":""Xbox""},{""@Name"":""Origin"",""#text"":""1""},{""@Name"":""ApplicationPath""},{""@Name"":""ServiceName""},{""@Name"":""Direction"",""#text"":""1""},{""@Name"":""Protocol"",""#text"":""256""},{""@Name"":""LocalPorts""},{""@Name"":""RemotePorts""},{""@Name"":""Action"",""#text"":""3""},{""@Name"":""Profiles"",""#text"":""6""},{""@Name"":""LocalAddresses"",""#text"":""*""},{""@Name"":""RemoteAddresses"",""#text"":""*""},{""@Name"":""RemoteMachineAuthorizationList""},{""@Name"":""RemoteUserAuthorizationList""},{""@Name"":""EmbeddedContext"",""#text"":""Xbox""},{""@Name"":""Flags"",""#text"":""3""},{""@Name"":""Active"",""#text"":""1""},{""@Name"":""EdgeTraversal"",""#text"":""0""},{""@Name"":""LooseSourceMapped"",""#text"":""0""},{""@Name"":""SecurityOptions"",""#text"":""1""},{""@Name"":""ModifyingUser"",""#text"":""S-1-5-80-3088073201-1464728630-1879813800-1107566885-823218052""},{""@Name"":""ModifyingApplication"",""#text"":""C:\\Windows\\System32\\svchost.exe""},{""@Name"":""SchemaVersion"",""#text"":""542""},{""@Name"":""RuleStatus"",""#text"":""65536""},{""@Name"":""LocalOnlyMapped"",""#text"":""0""},{""@Name"":""PolicyAppId""}]}}"
248,480,2025-07-28 20:27:11.3719523,2097,Info,Microsoft-Windows-Windows Firewall With Advanced Security,Microsoft-Windows-Windows Firewall With Advanced Security/Firewall,2184,820,DESKTOP-5A3QN5S,4,S-1-5-19,,,,,,,,,,,False,C:\Users\VM\Desktop\Firewall.evtx,0x8000020000000000,0,"{""EventData"":{""Data"":[{""@Name"":""RuleId"",""#text"":""{A474770A-FC16-48D0-876F-84993A9A1C0D}""},{""@Name"":""RuleName"",""#text"":""Xbox""},{""@Name"":""Origin"",""#text"":""1""},{""@Name"":""ApplicationPath""},{""@Name"":""ServiceName""},{""@Name"":""Direction"",""#text"":""2""},{""@Name"":""Protocol"",""#text"":""256""},{""@Name"":""LocalPorts""},{""@Name"":""RemotePorts""},{""@Name"":""Action"",""#text"":""3""},{""@Name"":""Profiles"",""#text"":""6""},{""@Name"":""LocalAddresses"",""#text"":""*""},{""@Name"":""RemoteAddresses"",""#text"":""*""},{""@Name"":""RemoteMachineAuthorizationList""},{""@Name"":""RemoteUserAuthorizationList""},{""@Name"":""EmbeddedContext"",""#text"":""Xbox""},{""@Name"":""Flags"",""#text"":""3""},{""@Name"":""Active"",""#text"":""1""},{""@Name"":""EdgeTraversal"",""#text"":""0""},{""@Name"":""LooseSourceMapped"",""#text"":""0""},{""@Name"":""SecurityOptions"",""#text"":""1""},{""@Name"":""ModifyingUser"",""#text"":""S-1-5-80-3088073201-1464728630-1879813800-1107566885-823218052""},{""@Name"":""ModifyingApplication"",""#text"":""C:\\Windows\\System32\\svchost.exe""},{""@Name"":""SchemaVersion"",""#text"":""542""},{""@Name"":""RuleStatus"",""#text"":""65536""},{""@Name"":""LocalOnlyMapped"",""#text"":""0""},{""@Name"":""PolicyAppId""}]}}"
249,481,2025-07-28 20:27:11.3739779,2097,Info,Microsoft-Windows-Windows Firewall With Advanced Security,Microsoft-Windows-Windows Firewall With Advanced Security/Firewall,2184,820,DESKTOP-5A3QN5S,4,S-1-5-19,,,,,,,,,,,False,C:\Users\VM\Desktop\Firewall.evtx,0x8000020000000000,0,"{""EventData"":{""Data"":[{""@Name"":""RuleId"",""#text"":""{38C8ED66-E23F-4BA4-B89D-B5AC01C86830}""},{""@Name"":""RuleName"",""#text"":""Xbox""},{""@Name"":""Origin"",""#text"":""1""},{""@Name"":""ApplicationPath""},{""@Name"":""ServiceName""},{""@Name"":""Direction"",""#text"":""1""},{""@Name"":""Protocol"",""#text"":""256""},{""@Name"":""LocalPorts""},{""@Name"":""RemotePorts""},{""@Name"":""Action"",""#text"":""3""},{""@Name"":""Profiles"",""#text"":""7""},{""@Name"":""LocalAddresses"",""#text"":""*""},{""@Name"":""RemoteAddresses"",""#text"":""*""},{""@Name"":""RemoteMachineAuthorizationList""},{""@Name"":""RemoteUserAuthorizationList""},{""@Name"":""EmbeddedContext"",""#text"":""Xbox""},{""@Name"":""Flags"",""#text"":""1""},{""@Name"":""Active"",""#text"":""1""},{""@Name"":""EdgeTraversal"",""#text"":""0""},{""@Name"":""LooseSourceMapped"",""#text"":""0""},{""@Name"":""SecurityOptions"",""#text"":""0""},{""@Name"":""ModifyingUser"",""#text"":""S-1-5-80-3088073201-1464728630-1879813800-1107566885-823218052""},{""@Name"":""ModifyingApplication"",""#text"":""C:\\Windows\\System32\\svchost.exe""},{""@Name"":""SchemaVersion"",""#text"":""542""},{""@Name"":""RuleStatus"",""#text"":""65536""},{""@Name"":""LocalOnlyMapped"",""#text"":""0""},{""@Name"":""PolicyAppId""}]}}"
250,482,2025-07-28 20:27:11.3766763,2097,Info,Microsoft-Windows-Windows Firewall With Advanced Security,Microsoft-Windows-Windows Firewall With Advanced Security/Firewall,2184,820,DESKTOP-5A3QN5S,4,S-1-5-19,,,,,,,,,,,False,C:\Users\VM\Desktop\Firewall.evtx,0x8000020000000000,0,"{""EventData"":{""Data"":[{""@Name"":""RuleId"",""#text"":""{D66596F5-975A-4956-85E9-439FD411C87D}""},{""@Name"":""RuleName"",""#text"":""Xbox""},{""@Name"":""Origin"",""#text"":""1""},{""@Name"":""ApplicationPath""},{""@Name"":""ServiceName""},{""@Name"":""Direction"",""#text"":""2""},{""@Name"":""Protocol"",""#text"":""256""},{""@Name"":""LocalPorts""},{""@Name"":""RemotePorts""},{""@Name"":""Action"",""#text"":""3""},{""@Name"":""Profiles"",""#text"":""7""},{""@Name"":""LocalAddresses"",""#text"":""*""},{""@Name"":""RemoteAddresses"",""#text"":""*""},{""@Name"":""RemoteMachineAuthorizationList""},{""@Name"":""RemoteUserAuthorizationList""},{""@Name"":""EmbeddedContext"",""#text"":""Xbox""},{""@Name"":""Flags"",""#text"":""1""},{""@Name"":""Active"",""#text"":""1""},{""@Name"":""EdgeTraversal"",""#text"":""0""},{""@Name"":""LooseSourceMapped"",""#text"":""0""},{""@Name"":""SecurityOptions"",""#text"":""0""},{""@Name"":""ModifyingUser"",""#text"":""S-1-5-80-3088073201-1464728630-1879813800-1107566885-823218052""},{""@Name"":""ModifyingApplication"",""#text"":""C:\\Windows\\System32\\svchost.exe""},{""@Name"":""SchemaVersion"",""#text"":""542""},{""@Name"":""RuleStatus"",""#text"":""65536""},{""@Name"":""LocalOnlyMapped"",""#text"":""0""},{""@Name"":""PolicyAppId""}]}}"
251,483,2025-07-28 20:27:11.3792479,2097,Info,Microsoft-Windows-Windows Firewall With Advanced Security,Microsoft-Windows-Windows Firewall With Advanced Security/Firewall,2184,820,DESKTOP-5A3QN5S,4,S-1-5-19,,,,,,,,,,,False,C:\Users\VM\Desktop\Firewall.evtx,0x8000020000000000,0,"{""EventData"":{""Data"":[{""@Name"":""RuleId"",""#text"":""{241E4064-E6FD-49AD-9174-48F2D88BCD61}""},{""@Name"":""RuleName"",""#text"":""Xbox""},{""@Name"":""Origin"",""#text"":""1""},{""@Name"":""ApplicationPath""},{""@Name"":""ServiceName""},{""@Name"":""Direction"",""#text"":""2""},{""@Name"":""Protocol"",""#text"":""256""},{""@Name"":""LocalPorts""},{""@Name"":""RemotePorts""},{""@Name"":""Action"",""#text"":""3""},{""@Name"":""Profiles"",""#text"":""7""},{""@Name"":""LocalAddresses"",""#text"":""*""},{""@Name"":""RemoteAddresses"",""#text"":""*""},{""@Name"":""RemoteMachineAuthorizationList""},{""@Name"":""RemoteUserAuthorizationList""},{""@Name"":""EmbeddedContext"",""#text"":""Xbox""},{""@Name"":""Flags"",""#text"":""1""},{""@Name"":""Active"",""#text"":""1""},{""@Name"":""EdgeTraversal"",""#text"":""0""},{""@Name"":""LooseSourceMapped"",""#text"":""0""},{""@Name"":""SecurityOptions"",""#text"":""0""},{""@Name"":""ModifyingUser"",""#text"":""S-1-5-80-3088073201-1464728630-1879813800-1107566885-823218052""},{""@Name"":""ModifyingApplication"",""#text"":""C:\\Windows\\System32\\svchost.exe""},{""@Name"":""SchemaVersion"",""#text"":""542""},{""@Name"":""RuleStatus"",""#text"":""65536""},{""@Name"":""LocalOnlyMapped"",""#text"":""0""},{""@Name"":""PolicyAppId""}]}}"
252,484,2025-07-28 20:27:11.3818090,2097,Info,Microsoft-Windows-Windows Firewall With Advanced Security,Microsoft-Windows-Windows Firewall With Advanced Security/Firewall,2184,820,DESKTOP-5A3QN5S,4,S-1-5-19,,,,,,,,,,,False,C:\Users\VM\Desktop\Firewall.evtx,0x8000020000000000,0,"{""EventData"":{""Data"":[{""@Name"":""RuleId"",""#text"":""{99067529-C0EC-4A62-B477-9ACEBC275E13}""},{""@Name"":""RuleName"",""#text"":""Xbox""},{""@Name"":""Origin"",""#text"":""1""},{""@Name"":""ApplicationPath""},{""@Name"":""ServiceName""},{""@Name"":""Direction"",""#text"":""1""},{""@Name"":""Protocol"",""#text"":""256""},{""@Name"":""LocalPorts""},{""@Name"":""RemotePorts""},{""@Name"":""Action"",""#text"":""3""},{""@Name"":""Profiles"",""#text"":""7""},{""@Name"":""LocalAddresses"",""#text"":""*""},{""@Name"":""RemoteAddresses"",""#text"":""*""},{""@Name"":""RemoteMachineAuthorizationList""},{""@Name"":""RemoteUserAuthorizationList""},{""@Name"":""EmbeddedContext"",""#text"":""Xbox""},{""@Name"":""Flags"",""#text"":""9""},{""@Name"":""Active"",""#text"":""1""},{""@Name"":""EdgeTraversal"",""#text"":""1""},{""@Name"":""LooseSourceMapped"",""#text"":""0""},{""@Name"":""SecurityOptions"",""#text"":""0""},{""@Name"":""ModifyingUser"",""#text"":""S-1-5-80-3088073201-1464728630-1879813800-1107566885-823218052""},{""@Name"":""ModifyingApplication"",""#text"":""C:\\Windows\\System32\\svchost.exe""},{""@Name"":""SchemaVersion"",""#text"":""542""},{""@Name"":""RuleStatus"",""#text"":""65536""},{""@Name"":""LocalOnlyMapped"",""#text"":""0""},{""@Name"":""PolicyAppId""}]}}"
253,485,2025-07-28 20:27:12.5822444,2097,Info,Microsoft-Windows-Windows Firewall With Advanced Security,Microsoft-Windows-Windows Firewall With Advanced Security/Firewall,2184,420,DESKTOP-5A3QN5S,5,S-1-5-19,,,,,,,,,,,False,C:\Users\VM\Desktop\Firewall.evtx,0x8000020000000000,0,"{""EventData"":{""Data"":[{""@Name"":""RuleId"",""#text"":""{19D4FC45-1850-498B-A47D-4BB04F613E5D}""},{""@Name"":""RuleName"",""#text"":""Xbox TCUI""},{""@Name"":""Origin"",""#text"":""1""},{""@Name"":""ApplicationPath""},{""@Name"":""ServiceName""},{""@Name"":""Direction"",""#text"":""1""},{""@Name"":""Protocol"",""#text"":""256""},{""@Name"":""LocalPorts""},{""@Name"":""RemotePorts""},{""@Name"":""Action"",""#text"":""2""},{""@Name"":""Profiles"",""#text"":""2147483647""},{""@Name"":""LocalAddresses"",""#text"":""*""},{""@Name"":""RemoteAddresses"",""#text"":""*""},{""@Name"":""RemoteMachineAuthorizationList""},{""@Name"":""RemoteUserAuthorizationList""},{""@Name"":""EmbeddedContext"",""#text"":""Xbox TCUI""},{""@Name"":""Flags"",""#text"":""1""},{""@Name"":""Active"",""#text"":""1""},{""@Name"":""EdgeTraversal"",""#text"":""0""},{""@Name"":""LooseSourceMapped"",""#text"":""0""},{""@Name"":""SecurityOptions"",""#text"":""0""},{""@Name"":""ModifyingUser"",""#text"":""S-1-5-80-3088073201-1464728630-1879813800-1107566885-823218052""},{""@Name"":""ModifyingApplication"",""#text"":""C:\\Windows\\System32\\svchost.exe""},{""@Name"":""SchemaVersion"",""#text"":""542""},{""@Name"":""RuleStatus"",""#text"":""65536""},{""@Name"":""LocalOnlyMapped"",""#text"":""0""},{""@Name"":""PolicyAppId""}]}}"
254,486,2025-07-28 20:27:12.5845446,2097,Info,Microsoft-Windows-Windows Firewall With Advanced Security,Microsoft-Windows-Windows Firewall With Advanced Security/Firewall,2184,420,DESKTOP-5A3QN5S,5,S-1-5-19,,,,,,,,,,,False,C:\Users\VM\Desktop\Firewall.evtx,0x8000020000000000,0,"{""EventData"":{""Data"":[{""@Name"":""RuleId"",""#text"":""{1DC4D3B3-3CB1-4F7C-8F86-F8FECD750BEB}""},{""@Name"":""RuleName"",""#text"":""Xbox TCUI""},{""@Name"":""Origin"",""#text"":""1""},{""@Name"":""ApplicationPath""},{""@Name"":""ServiceName""},{""@Name"":""Direction"",""#text"":""2""},{""@Name"":""Protocol"",""#text"":""256""},{""@Name"":""LocalPorts""},{""@Name"":""RemotePorts""},{""@Name"":""Action"",""#text"":""2""},{""@Name"":""Profiles"",""#text"":""2147483647""},{""@Name"":""LocalAddresses"",""#text"":""*""},{""@Name"":""RemoteAddresses"",""#text"":""*""},{""@Name"":""RemoteMachineAuthorizationList""},{""@Name"":""RemoteUserAuthorizationList""},{""@Name"":""EmbeddedContext"",""#text"":""Xbox TCUI""},{""@Name"":""Flags"",""#text"":""1""},{""@Name"":""Active"",""#text"":""1""},{""@Name"":""EdgeTraversal"",""#text"":""0""},{""@Name"":""LooseSourceMapped"",""#text"":""0""},{""@Name"":""SecurityOptions"",""#text"":""0""},{""@Name"":""ModifyingUser"",""#text"":""S-1-5-80-3088073201-1464728630-1879813800-1107566885-823218052""},{""@Name"":""ModifyingApplication"",""#text"":""C:\\Windows\\System32\\svchost.exe""},{""@Name"":""SchemaVersion"",""#text"":""542""},{""@Name"":""RuleStatus"",""#text"":""65536""},{""@Name"":""LocalOnlyMapped"",""#text"":""0""},{""@Name"":""PolicyAppId""}]}}"
255,487,2025-07-28 20:27:12.5869653,2097,Info,Microsoft-Windows-Windows Firewall With Advanced Security,Microsoft-Windows-Windows Firewall With Advanced Security/Firewall,2184,420,DESKTOP-5A3QN5S,5,S-1-5-19,,,,,,,,,,,False,C:\Users\VM\Desktop\Firewall.evtx,0x8000020000000000,0,"{""EventData"":{""Data"":[{""@Name"":""RuleId"",""#text"":""{6D689351-B328-48ED-BCEC-867CFFE72A55}""},{""@Name"":""RuleName"",""#text"":""Xbox TCUI""},{""@Name"":""Origin"",""#text"":""1""},{""@Name"":""ApplicationPath""},{""@Name"":""ServiceName""},{""@Name"":""Direction"",""#text"":""2""},{""@Name"":""Protocol"",""#text"":""256""},{""@Name"":""LocalPorts""},{""@Name"":""RemotePorts""},{""@Name"":""Action"",""#text"":""3""},{""@Name"":""Profiles"",""#text"":""7""},{""@Name"":""LocalAddresses"",""#text"":""*""},{""@Name"":""RemoteAddresses"",""#text"":""*""},{""@Name"":""RemoteMachineAuthorizationList""},{""@Name"":""RemoteUserAuthorizationList""},{""@Name"":""EmbeddedContext"",""#text"":""Xbox TCUI""},{""@Name"":""Flags"",""#text"":""1""},{""@Name"":""Active"",""#text"":""1""},{""@Name"":""EdgeTraversal"",""#text"":""0""},{""@Name"":""LooseSourceMapped"",""#text"":""0""},{""@Name"":""SecurityOptions"",""#text"":""0""},{""@Name"":""ModifyingUser"",""#text"":""S-1-5-80-3088073201-1464728630-1879813800-1107566885-823218052""},{""@Name"":""ModifyingApplication"",""#text"":""C:\\Windows\\System32\\svchost.exe""},{""@Name"":""SchemaVersion"",""#text"":""542""},{""@Name"":""RuleStatus"",""#text"":""65536""},{""@Name"":""LocalOnlyMapped"",""#text"":""0""},{""@Name"":""PolicyAppId""}]}}"
