635,635,2025-07-29 07:19:04.9350405,1,Info,Microsoft-Windows-Kernel-General,System,1720,1788,DESKTOP-5A3QN5S,4,S-1-5-18,The system time was changed,,,OldTime: 2025-07-29 03:48:05.6477581,NewTime: 2025-07-29 07:19:04.9300000,Reason: An application or system component changed the time.,,,,,False,C:\Users\VM\Desktop\System.evtx,Time,0,"{""EventData"":{""Data"":[{""@Name"":""NewTime"",""#text"":""2025-07-29 07:19:04.9300000""},{""@Name"":""OldTime"",""#text"":""2025-07-29 03:48:05.6477581""},{""@Name"":""Reason"",""#text"":""1""},{""@Name"":""ProcessName"",""#text"":""\\Device\\HarddiskVolume2\\Windows\\System32\\VBoxService.exe""},{""@Name"":""ProcessID"",""#text"":""1720""}]}}"
636,636,2025-07-29 07:19:06.2409899,26,Info,Application Popup,System,4,372,DESKTOP-5A3QN5S,4,,Application Error,,,"Caption: ","Message: ",,,,,,False,C:\Users\VM\Desktop\System.evtx,0x80000000000000,0,"{""EventData"":{""Data"":""mrxsmb.sys cannot find ksecdd.sys CredUnmarshalTargetInfo"",""Binary"":""00-00-00-00-02-00-30-00-00-00-00-00-1A-00-00-40-00-00-00-00-63-02-00-C0-00-00-00-00-00-00-00-00-00-00-00-00-00-00-00-00""}}"
637,637,2025-07-29 07:19:06.2409899,7000,Error,Service Control Manager,System,680,1600,DESKTOP-5A3QN5S,4,,,,,,,,,,,,False,C:\Users\VM\Desktop\System.evtx,"Audit success, classic",0,"{""EventData"":{""Data"":[{""@Name"":""param1"",""#text"":""mrxsmb""},{""@Name"":""param2"",""#text"":""%%127""}],""Binary"":""6D-00-72-00-78-00-73-00-6D-00-62-00-00-00""}}"
638,638,2025-07-29 07:19:06.2409899,7001,Error,Service Control Manager,System,680,1600,DESKTOP-5A3QN5S,4,,,,,,,,,,,,False,C:\Users\VM\Desktop\System.evtx,"Audit success, classic",0,"{""EventData"":{""Data"":[{""@Name"":""param1"",""#text"":""mrxsmb20""},{""@Name"":""param2"",""#text"":""mrxsmb""},{""@Name"":""param3"",""#text"":""%%127""}],""Binary"":""6D-00-72-00-78-00-73-00-6D-00-62-00-32-00-30-00-00-00""}}"
639,639,2025-07-29 07:19:06.2409899,7001,Error,Service Control Manager,System,680,1600,DESKTOP-5A3QN5S,4,,,,,,,,,,,,False,C:\Users\VM\Desktop\System.evtx,"Audit success, classic",0,"{""EventData"":{""Data"":[{""@Name"":""param1"",""#text"":""LanmanWorkstation""},{""@Name"":""param2"",""#text"":""mrxsmb20""},{""@Name"":""param3"",""#text"":""%%1068""}],""Binary"":""4C-00-61-00-6E-00-6D-00-61-00-6E-00-57-00-6F-00-72-00-6B-00-73-00-74-00-61-00-74-00-69-00-6F-00-6E-00-00-00""}}"
640,640,2025-07-29 07:19:08.2734508,7009,Error,Service Control Manager,System,680,2092,DESKTOP-5A3QN5S,4,,,,,,,,,,,,False,C:\Users\VM\Desktop\System.evtx,"Audit success, classic",0,"{""EventData"":{""Data"":[{""@Name"":""param1"",""#text"":""45000""},{""@Name"":""param2"",""#text"":""Sysmon""}],""Binary"":""53-00-79-00-73-00-6D-00-6F-00-6E-00-00-00""}}"
641,641,2025-07-29 07:19:08.2734508,7000,Error,Service Control Manager,System,680,2092,DESKTOP-5A3QN5S,4,,,,,,,,,,,,False,C:\Users\VM\Desktop\System.evtx,"Audit success, classic",0,"{""EventData"":{""Data"":[{""@Name"":""param1"",""#text"":""Sysmon""},{""@Name"":""param2"",""#text"":""%%1053""}],""Binary"":""53-00-79-00-73-00-6D-00-6F-00-6E-00-00-00""}}"
642,642,2025-07-29 07:19:08.4461826,7009,Error,Service Control Manager,System,680,2056,DESKTOP-5A3QN5S,4,,,,,,,,,,,,False,C:\Users\VM\Desktop\System.evtx,"Audit success, classic",0,"{""EventData"":{""Data"":[{""@Name"":""param1"",""#text"":""45000""},{""@Name"":""param2"",""#text"":""MDCoreSvc""}],""Binary"":""4D-00-44-00-43-00-6F-00-72-00-65-00-53-00-76-00-63-00-00-00""}}"
643,643,2025-07-29 07:19:08.4461826,7000,Error,Service Control Manager,System,680,2056,DESKTOP-5A3QN5S,4,,,,,,,,,,,,False,C:\Users\VM\Desktop\System.evtx,"Audit success, classic",0,"{""EventData"":{""Data"":[{""@Name"":""param1"",""#text"":""MDCoreSvc""},{""@Name"":""param2"",""#text"":""%%1053""}],""Binary"":""4D-00-44-00-43-00-6F-00-72-00-65-00-53-00-76-00-63-00-00-00""}}"
644,644,2025-07-29 07:19:08.4568410,7026,Info,Service Control Manager,System,680,684,DESKTOP-5A3QN5S,4,,,,,,,,,,,,False,C:\Users\VM\Desktop\System.evtx,"Audit success, classic",0,"{""EventData"":{""Data"":{""@Name"":""param1"",""#text"":"", dam""}}}"
645,645,2025-07-29 07:19:12.2747746,7009,Error,Service Control Manager,System,680,2488,DESKTOP-5A3QN5S,4,,,,,,,,,,,,False,C:\Users\VM\Desktop\System.evtx,"Audit success, classic",0,"{""EventData"":{""Data"":[{""@Name"":""param1"",""#text"":""30000""},{""@Name"":""param2"",""#text"":""AppX Deployment Service (AppXSVC)""}],""Binary"":""41-00-70-00-70-00-58-00-53-00-76-00-63-00-00-00""}}"
646,646,2025-07-29 07:19:12.3180182,7000,Error,Service Control Manager,System,680,2488,DESKTOP-5A3QN5S,4,,,,,,,,,,,,False,C:\Users\VM\Desktop\System.evtx,"Audit success, classic",0,"{""EventData"":{""Data"":[{""@Name"":""param1"",""#text"":""AppX Deployment Service (AppXSVC)""},{""@Name"":""param2"",""#text"":""%%1053""}],""Binary"":""41-00-70-00-70-00-58-00-53-00-76-00-63-00-00-00""}}"
647,647,2025-07-29 07:19:14.0678737,7031,Error,Service Control Manager,System,680,2492,DESKTOP-5A3QN5S,4,,Service crashed unexpectedly,,,Name: Microsoft Defender Antivirus Service,It has done this 1 time(s),The following corrective action will be taken in 60000 millisecond(s),CorrectiveAction: Restart the service,,,,False,C:\Users\VM\Desktop\System.evtx,"Audit success, classic",0,"{""EventData"":{""Data"":[{""@Name"":""param1"",""#text"":""Microsoft Defender Antivirus Service""},{""@Name"":""param2"",""#text"":""1""},{""@Name"":""param3"",""#text"":""60000""},{""@Name"":""param4"",""#text"":""1""},{""@Name"":""param5"",""#text"":""Restart the service""}],""Binary"":""57-00-69-00-6E-00-44-00-65-00-66-00-65-00-6E-00-64-00-00-00""}}"
648,648,2025-07-29 07:19:15.0862475,6006,Info,EventLog,System,0,0,DESKTOP-5A3QN5S,4,,The Event log service was stopped,,,Computer: DESKTOP-5A3QN5S,,,,,,,False,C:\Users\VM\Desktop\System.evtx,0x80000000000000,0,"{""EventData"":{""Data"":"""",""Binary"":""01-00-00-00-73-31-00-00""}}"
649,649,2025-07-29 07:19:15.0345718,50104,Info,Microsoft-Windows-Dhcp-Client,System,1332,1336,DESKTOP-5A3QN5S,4,S-1-5-19,,,,,,,,,,,False,C:\Users\VM\Desktop\System.evtx,0x2000000000000000,0,"{""EventData"":""""}"
650,650,2025-07-29 07:19:15.0348837,50105,Info,Microsoft-Windows-Dhcp-Client,System,1332,1604,DESKTOP-5A3QN5S,4,S-1-5-19,,,,,,,,,,,False,C:\Users\VM\Desktop\System.evtx,0x2000000000000000,0,"{""EventData"":""""}"
651,651,2025-07-29 07:19:15.0736921,50106,Info,Microsoft-Windows-Dhcp-Client,System,1332,1604,DESKTOP-5A3QN5S,4,S-1-5-19,,,,,,,,,,,False,C:\Users\VM\Desktop\System.evtx,0x2000000000000000,0,"{""EventData"":""""}"
652,652,2025-07-29 07:19:15.0949354,51047,Info,Microsoft-Windows-DHCPv6-Client,System,1332,1636,DESKTOP-5A3QN5S,4,S-1-5-19,,,,,,,,,,,False,C:\Users\VM\Desktop\System.evtx,0x2000000000000000,0,"{""EventData"":{""Data"":{""@Name"":""DwordVal"",""#text"":""1""}}}"
653,653,2025-07-29 07:19:15.0949378,51057,Info,Microsoft-Windows-DHCPv6-Client,System,1332,1636,DESKTOP-5A3QN5S,4,S-1-5-19,,,,,,,,,,,False,C:\Users\VM\Desktop\System.evtx,0x2000000000000000,0,"{""EventData"":{""Data"":{""@Name"":""DwordVal"",""#text"":""1""}}}"
654,654,2025-07-29 07:19:15.0967571,50037,Info,Microsoft-Windows-Dhcp-Client,System,1332,1604,DESKTOP-5A3QN5S,4,S-1-5-19,,,,,,,,,,,False,C:\Users\VM\Desktop\System.evtx,0x2000000000000000,0,"{""EventData"":{""Data"":{""@Name"":""DwordVal"",""#text"":""1""}}}"
655,655,2025-07-29 07:19:42.9715770,6009,Info,EventLog,System,0,0,DESKTOP-5A3QN5S,4,,,,,,,,,,,,False,C:\Users\VM\Desktop\System.evtx,0x80000000000000,0,"{""EventData"":{""Data"":""10.00., 19045, Multiprocessor Free, 0"",""Binary"":""""}}"
656,656,2025-07-29 07:19:42.9715770,6005,Info,EventLog,System,0,0,DESKTOP-5A3QN5S,4,,The Event log service was started,,,Computer: DESKTOP-5A3QN5S,,,,,,,False,C:\Users\VM\Desktop\System.evtx,0x80000000000000,0,"{""EventData"":{""Data"":"""",""Binary"":""E9-07-07-00-02-00-1D-00-07-00-13-00-2A-00-CB-03-00-00-00-00-00-00-00-00""}}"
657,657,2025-07-29 07:19:42.9849905,6013,Info,EventLog,System,0,0,DESKTOP-5A3QN5S,4,,System uptime,,,The system uptime is 19 seconds,"TimeZone: 60, 480 Pacific Standard Time",,,,,,False,C:\Users\VM\Desktop\System.evtx,0x80000000000000,0,"{""EventData"":{""Data"":""19, 60, 480 Pacific Standard Time"",""Binary"":""31-00-2E-00-31-00-00-00-30-00-00-00-57-00-69-00-6E-00-64-00-6F-00-77-00-73-00-20-00-31-00-30-00-20-00-50-00-72-00-6F-00-00-00-31-00-30-00-2E-00-30-00-2E-00-31-00-39-00-30-00-34-00-35-00-20-00-42-00-75-00-69-00-6C-00-64-00-20-00-31-00-39-00-30-00-34-00-35-00-20-00-20-00-00-00-4D-00-75-00-6C-00-74-00-69-00-70-00-72-00-6F-00-63-00-65-00-73-00-73-00-6F-00-72-00-20-00-46-00-72-00-65-00-65-00-00-00-31-00-39-00-30-00-34-00-31-00-2E-00-76-00-62-00-5F-00-72-00-65-00-6C-00-65-00-61-00-73-00-65-00-2E-00-31-00-39-00-31-00-32-00-30-00-36-00-2D-00-31-00-34-00-30-00-36-00-00-00-36-00-38-00-38-00-37-00-64-00-35-00-61-00-38-00-00-00-4E-00-6F-00-74-00-20-00-41-00-76-00-61-00-69-00-6C-00-61-00-62-00-6C-00-65-00-00-00-4E-00-6F-00-74-00-20-00-41-00-76-00-61-00-69-00-6C-00-61-00-62-00-6C-00-65-00-00-00-39-00-00-00-34-00-00-00-33-00-35-00-35-00-37-00-00-00-34-00-30-00-39-00-00-00-44-00-45-00-53-00-4B-00-54-00-4F-00-50-00-2D-00-35-00-41-00-33-00-51-00-4E-00-35-00-53-00-00-00-00-00""}}"
658,658,2025-07-29 07:19:16.2101969,109,Info,Microsoft-Windows-Kernel-Power,System,560,564,DESKTOP-5A3QN5S,4,,,,,,,,,,,,False,C:\Users\VM\Desktop\System.evtx,0x8000400000000404,0,"{""EventData"":{""Data"":[{""@Name"":""ShutdownActionType"",""#text"":""5""},{""@Name"":""ShutdownEventCode"",""#text"":""0""},{""@Name"":""ShutdownReason"",""#text"":""5""}]}}"
659,659,2025-07-29 07:19:17.6619931,13,Info,Microsoft-Windows-Kernel-General,System,4,308,DESKTOP-5A3QN5S,4,,OS was shutdown,,,StopTime: 2025-07-29 07:19:17.6619914,"BootMode: ",,,,,,False,C:\Users\VM\Desktop\System.evtx,State,0,"{""EventData"":{""Data"":{""@Name"":""StopTime"",""#text"":""2025-07-29 07:19:17.6619914""}}}"
660,660,2025-07-29 07:19:24.9356686,12,Info,Microsoft-Windows-Kernel-General,System,4,8,DESKTOP-5A3QN5S,4,S-1-5-18,OS was started,,,StartTime: 2025-07-29 07:19:23.5000000,BootMode: Normal boot,,,,,,False,C:\Users\VM\Desktop\System.evtx,State,0,"{""EventData"":{""Data"":[{""@Name"":""MajorVersion"",""#text"":""10""},{""@Name"":""MinorVersion"",""#text"":""0""},{""@Name"":""BuildVersion"",""#text"":""19041""},{""@Name"":""QfeVersion"",""#text"":""6093""},{""@Name"":""ServiceVersion"",""#text"":""0""},{""@Name"":""BootMode"",""#text"":""0""},{""@Name"":""StartTime"",""#text"":""2025-07-29 07:19:23.5000000""}]}}"
661,661,2025-07-29 07:19:24.9357153,153,Info,Microsoft-Windows-Kernel-Boot,System,4,8,DESKTOP-5A3QN5S,4,S-1-5-18,,,,,,,,,,,False,C:\Users\VM\Desktop\System.evtx,Classic,0,"{""EventData"":{""Data"":[{""@Name"":""Status"",""#text"":""0""},{""@Name"":""EnableDisableReason"",""#text"":""0""},{""@Name"":""VsmPolicy"",""#text"":""0""}]}}"
662,662,2025-07-29 07:19:24.9357796,20,Info,Microsoft-Windows-Kernel-Boot,System,4,8,DESKTOP-5A3QN5S,4,S-1-5-18,,,,,,,,,,,False,C:\Users\VM\Desktop\System.evtx,Classic,0,"{""EventData"":{""Data"":[{""@Name"":""LastShutdownGood"",""#text"":""True""},{""@Name"":""LastBootGood"",""#text"":""True""},{""@Name"":""LastBootId"",""#text"":""6""},{""@Name"":""BootStatusPolicy"",""#text"":""2""}]}}"
663,663,2025-07-29 07:19:24.9357844,25,Info,Microsoft-Windows-Kernel-Boot,System,4,8,DESKTOP-5A3QN5S,4,S-1-5-18,,,,,,,,,,,False,C:\Users\VM\Desktop\System.evtx,Classic,0,"{""EventData"":{""Data"":{""@Name"":""BootMenuPolicy"",""#text"":""1""}}}"
664,664,2025-07-29 07:19:24.9357849,27,Info,Microsoft-Windows-Kernel-Boot,System,4,8,DESKTOP-5A3QN5S,4,S-1-5-18,,,,,,,,,,,False,C:\Users\VM\Desktop\System.evtx,Classic,0,"{""EventData"":{""Data"":[{""@Name"":""BootType"",""#text"":""0""},{""@Name"":""LoadOptions"",""#text"":"" NOEXECUTE=OPTIN""}]}}"
665,665,2025-07-29 07:19:24.9357928,18,Info,Microsoft-Windows-Kernel-Boot,System,4,8,DESKTOP-5A3QN5S,4,S-1-5-18,,,,,,,,,,,False,C:\Users\VM\Desktop\System.evtx,Classic,0,"{""EventData"":{""Data"":{""@Name"":""EntryCount"",""#text"":""1""}}}"
666,666,2025-07-29 07:19:24.9358231,32,Info,Microsoft-Windows-Kernel-Boot,System,4,8,DESKTOP-5A3QN5S,4,S-1-5-18,,,,,,,,,,,False,C:\Users\VM\Desktop\System.evtx,Classic,0,"{""EventData"":{""Data"":{""@Name"":""BitlockerUserInputTime"",""#text"":""0""}}}"
667,667,2025-07-29 07:19:24.9421924,20,Info,Microsoft-Windows-Kernel-General,System,4,8,DESKTOP-5A3QN5S,4,S-1-5-18,,,,,,,,,,,False,C:\Users\VM\Desktop\System.evtx,Time,0,"{""EventData"":{""Data"":[{""@Name"":""UpdateReason"",""#text"":""0""},{""@Name"":""EnabledNew"",""#text"":""True""},{""@Name"":""CountNew"",""#text"":""0""},{""@Name"":""CountOld"",""#text"":""0""}]}}"
668,668,2025-07-29 07:19:25.1459541,16,Info,Microsoft-Windows-HAL,System,4,8,DESKTOP-5A3QN5S,4,S-1-5-18,,,,,,,,,,,False,C:\Users\VM\Desktop\System.evtx,Classic,0,"{""EventData"":""""}"
669,669,2025-07-29 07:19:25.7706978,6,Info,Microsoft-Windows-FilterManager,System,4,8,DESKTOP-5A3QN5S,4,S-1-5-18,,,,,,,,,,,False,C:\Users\VM\Desktop\System.evtx,Classic,0,"{""EventData"":{""Data"":[{""@Name"":""FinalStatus"",""#text"":""0x0""},{""@Name"":""DeviceVersionMajor"",""#text"":""10""},{""@Name"":""DeviceVersionMinor"",""#text"":""0""},{""@Name"":""DeviceNameLength"",""#text"":""8""},{""@Name"":""DeviceName"",""#text"":""FileInfo""},{""@Name"":""DeviceTime"",""#text"":""2062-12-22 22:21:06.0000000""}]}}"
670,670,2025-07-29 07:19:25.7714398,6,Info,Microsoft-Windows-FilterManager,System,4,8,DESKTOP-5A3QN5S,4,S-1-5-18,,,,,,,,,,,False,C:\Users\VM\Desktop\System.evtx,Classic,0,"{""EventData"":{""Data"":[{""@Name"":""FinalStatus"",""#text"":""0x0""},{""@Name"":""DeviceVersionMajor"",""#text"":""10""},{""@Name"":""DeviceVersionMinor"",""#text"":""0""},{""@Name"":""DeviceNameLength"",""#text"":""3""},{""@Name"":""DeviceName"",""#text"":""Wof""},{""@Name"":""DeviceTime"",""#text"":""2090-03-16 11:56:17.0000000""}]}}"
671,671,2025-07-29 07:19:25.7732179,6,Info,Microsoft-Windows-FilterManager,System,4,8,DESKTOP-5A3QN5S,4,S-1-5-18,,,,,,,,,,,False,C:\Users\VM\Desktop\System.evtx,Classic,0,"{""EventData"":{""Data"":[{""@Name"":""FinalStatus"",""#text"":""0x0""},{""@Name"":""DeviceVersionMajor"",""#text"":""10""},{""@Name"":""DeviceVersionMinor"",""#text"":""0""},{""@Name"":""DeviceNameLength"",""#text"":""8""},{""@Name"":""DeviceName"",""#text"":""WdFilter""},{""@Name"":""DeviceTime"",""#text"":""2020-04-16 01:35:56.0000000""}]}}"
672,672,2025-07-29 07:19:25.8379439,6,Info,Microsoft-Windows-FilterManager,System,4,8,DESKTOP-5A3QN5S,4,S-1-5-18,,,,,,,,,,,False,C:\Users\VM\Desktop\System.evtx,Classic,0,"{""EventData"":{""Data"":[{""@Name"":""FinalStatus"",""#text"":""0x0""},{""@Name"":""DeviceVersionMajor"",""#text"":""0""},{""@Name"":""DeviceVersionMinor"",""#text"":""0""},{""@Name"":""DeviceNameLength"",""#text"":""9""},{""@Name"":""DeviceName"",""#text"":""SysmonDrv""},{""@Name"":""DeviceTime"",""#text"":""2024-07-22 08:29:55.0000000""}]}}"
673,673,2025-07-29 07:19:26.4437323,98,Info,Microsoft-Windows-Ntfs,System,4,312,DESKTOP-5A3QN5S,4,S-1-5-18,,,,,,,,,,,False,C:\Users\VM\Desktop\System.evtx,0x8000000000000002,0,"{""EventData"":{""Data"":[{""@Name"":""DriveName"",""#text"":""C:""},{""@Name"":""DeviceName"",""#text"":""\\Device\\HarddiskVolume2""},{""@Name"":""CorruptionActionState"",""#text"":""0""}]}}"
674,674,2025-07-29 07:19:27.2088882,6,Info,Microsoft-Windows-FilterManager,System,4,8,DESKTOP-5A3QN5S,4,S-1-5-18,,,,,,,,,,,False,C:\Users\VM\Desktop\System.evtx,Classic,0,"{""EventData"":{""Data"":[{""@Name"":""FinalStatus"",""#text"":""0x0""},{""@Name"":""DeviceVersionMajor"",""#text"":""10""},{""@Name"":""DeviceVersionMinor"",""#text"":""0""},{""@Name"":""DeviceNameLength"",""#text"":""9""},{""@Name"":""DeviceName"",""#text"":""FileCrypt""},{""@Name"":""DeviceTime"",""#text"":""2002-03-01 04:12:42.0000000""}]}}"
675,675,2025-07-29 07:19:27.2416934,6,Info,Microsoft-Windows-FilterManager,System,4,8,DESKTOP-5A3QN5S,4,S-1-5-18,,,,,,,,,,,False,C:\Users\VM\Desktop\System.evtx,Classic,0,"{""EventData"":{""Data"":[{""@Name"":""FinalStatus"",""#text"":""0x0""},{""@Name"":""DeviceVersionMajor"",""#text"":""10""},{""@Name"":""DeviceVersionMinor"",""#text"":""0""},{""@Name"":""DeviceNameLength"",""#text"":""4""},{""@Name"":""DeviceName"",""#text"":""UCPD""},{""@Name"":""DeviceTime"",""#text"":""2006-08-28 04:56:22.0000000""}]}}"
676,676,2025-07-29 07:19:28.3901389,6,Info,Microsoft-Windows-FilterManager,System,4,8,DESKTOP-5A3QN5S,4,S-1-5-18,,,,,,,,,,,False,C:\Users\VM\Desktop\System.evtx,Classic,0,"{""EventData"":{""Data"":[{""@Name"":""FinalStatus"",""#text"":""0x0""},{""@Name"":""DeviceVersionMajor"",""#text"":""10""},{""@Name"":""DeviceVersionMinor"",""#text"":""0""},{""@Name"":""DeviceNameLength"",""#text"":""9""},{""@Name"":""DeviceName"",""#text"":""npsvctrig""},{""@Name"":""DeviceTime"",""#text"":""2025-01-05 19:41:12.0000000""}]}}"
677,677,2025-07-29 07:19:28.4999226,98,Info,Microsoft-Windows-Ntfs,System,4,336,DESKTOP-5A3QN5S,4,S-1-5-18,,,,,,,,,,,False,C:\Users\VM\Desktop\System.evtx,0x8000000000000002,0,"{""EventData"":{""Data"":[{""@Name"":""DriveName"",""#text"":""\\\\?\\Volume{b4afc308-0000-0000-0000-100000000000}""},{""@Name"":""DeviceName"",""#text"":""\\Device\\HarddiskVolume1""},{""@Name"":""CorruptionActionState"",""#text"":""0""}]}}"
678,678,2025-07-29 07:19:28.6787358,172,Info,Microsoft-Windows-Kernel-Power,System,4,372,DESKTOP-5A3QN5S,4,S-1-5-18,,,,,,,,,,,False,C:\Users\VM\Desktop\System.evtx,0x8000000000000404,0,"{""EventData"":{""Data"":[{""@Name"":""State"",""#text"":""2""},{""@Name"":""Reason"",""#text"":""6""}]}}"
679,679,2025-07-29 07:19:36.9449558,55,Info,Microsoft-Windows-Kernel-Processor-Power,System,4,232,DESKTOP-5A3QN5S,4,S-1-5-18,,,,,,,,,,,False,C:\Users\VM\Desktop\System.evtx,Classic,0,"{""EventData"":{""Data"":[{""@Name"":""Group"",""#text"":""0""},{""@Name"":""Number"",""#text"":""0""},{""@Name"":""IdleStateCount"",""#text"":""1""},{""@Name"":""IdleImplementation"",""#text"":""1""},{""@Name"":""NominalFrequency"",""#text"":""2304""},{""@Name"":""MaximumPerformancePercent"",""#text"":""100""},{""@Name"":""MinimumPerformancePercent"",""#text"":""100""},{""@Name"":""MinimumThrottlePercent"",""#text"":""100""},{""@Name"":""PerformanceImplementation"",""#text"":""0""}]}}"
680,680,2025-07-29 07:19:36.9471756,55,Info,Microsoft-Windows-Kernel-Processor-Power,System,4,232,DESKTOP-5A3QN5S,4,S-1-5-18,,,,,,,,,,,False,C:\Users\VM\Desktop\System.evtx,Classic,0,"{""EventData"":{""Data"":[{""@Name"":""Group"",""#text"":""0""},{""@Name"":""Number"",""#text"":""1""},{""@Name"":""IdleStateCount"",""#text"":""1""},{""@Name"":""IdleImplementation"",""#text"":""1""},{""@Name"":""NominalFrequency"",""#text"":""2304""},{""@Name"":""MaximumPerformancePercent"",""#text"":""100""},{""@Name"":""MinimumPerformancePercent"",""#text"":""100""},{""@Name"":""MinimumThrottlePercent"",""#text"":""100""},{""@Name"":""PerformanceImplementation"",""#text"":""0""}]}}"
681,681,2025-07-29 07:19:36.9491641,55,Info,Microsoft-Windows-Kernel-Processor-Power,System,4,232,DESKTOP-5A3QN5S,4,S-1-5-18,,,,,,,,,,,False,C:\Users\VM\Desktop\System.evtx,Classic,0,"{""EventData"":{""Data"":[{""@Name"":""Group"",""#text"":""0""},{""@Name"":""Number"",""#text"":""2""},{""@Name"":""IdleStateCount"",""#text"":""1""},{""@Name"":""IdleImplementation"",""#text"":""1""},{""@Name"":""NominalFrequency"",""#text"":""2304""},{""@Name"":""MaximumPerformancePercent"",""#text"":""100""},{""@Name"":""MinimumPerformancePercent"",""#text"":""100""},{""@Name"":""MinimumThrottlePercent"",""#text"":""100""},{""@Name"":""PerformanceImplementation"",""#text"":""0""}]}}"
682,682,2025-07-29 07:19:36.9518263,55,Info,Microsoft-Windows-Kernel-Processor-Power,System,4,232,DESKTOP-5A3QN5S,4,S-1-5-18,,,,,,,,,,,False,C:\Users\VM\Desktop\System.evtx,Classic,0,"{""EventData"":{""Data"":[{""@Name"":""Group"",""#text"":""0""},{""@Name"":""Number"",""#text"":""3""},{""@Name"":""IdleStateCount"",""#text"":""1""},{""@Name"":""IdleImplementation"",""#text"":""1""},{""@Name"":""NominalFrequency"",""#text"":""2304""},{""@Name"":""MaximumPerformancePercent"",""#text"":""100""},{""@Name"":""MinimumPerformancePercent"",""#text"":""100""},{""@Name"":""MinimumThrottlePercent"",""#text"":""100""},{""@Name"":""PerformanceImplementation"",""#text"":""0""}]}}"
683,683,2025-07-29 07:19:36.9970717,521,Info,Microsoft-Windows-Kernel-Power,System,4,336,DESKTOP-5A3QN5S,4,S-1-5-18,,,,,,,,,,,False,C:\Users\VM\Desktop\System.evtx,0x8000000000000404,0,"{""EventData"":{""Data"":[{""@Name"":""ValidBatteryCount"",""#text"":""0""},{""@Name"":""ErrorBatteryCount"",""#text"":""0""},{""@Name"":""AbandonedBatteryCount"",""#text"":""0""}]}}"
684,684,2025-07-29 07:19:37.0014036,521,Info,Microsoft-Windows-Kernel-Power,System,4,404,DESKTOP-5A3QN5S,4,S-1-5-18,,,,,,,,,,,False,C:\Users\VM\Desktop\System.evtx,0x8000000000000404,0,"{""EventData"":{""Data"":[{""@Name"":""ValidBatteryCount"",""#text"":""1""},{""@Name"":""ErrorBatteryCount"",""#text"":""0""},{""@Name"":""AbandonedBatteryCount"",""#text"":""0""}]}}"
685,685,2025-07-29 07:19:39.1564962,98,Info,Microsoft-Windows-Ntfs,System,4,312,DESKTOP-5A3QN5S,4,S-1-5-18,,,,,,,,,,,False,C:\Users\VM\Desktop\System.evtx,0x8000000000000002,0,"{""EventData"":{""Data"":[{""@Name"":""DriveName"",""#text"":""\\\\?\\Volume{b4afc308-0000-0000-0000-c05d0c000000}""},{""@Name"":""DeviceName"",""#text"":""\\Device\\HarddiskVolume3""},{""@Name"":""CorruptionActionState"",""#text"":""0""}]}}"
686,686,2025-07-29 07:19:39.9964864,24,Info,Microsoft-Windows-Kernel-General,System,108,476,DESKTOP-5A3QN5S,4,S-1-5-18,,,,,,,,,,,False,C:\Users\VM\Desktop\System.evtx,Time,0,"{""EventData"":{""Data"":[{""@Name"":""ExitReason"",""#text"":""0""},{""@Name"":""CurrentBias"",""#text"":""420""},{""@Name"":""CurrentTimeZoneID"",""#text"":""2""},{""@Name"":""TimeZoneInfoCacheUpdated"",""#text"":""0""},{""@Name"":""FirstRefresh"",""#text"":""0""}]}}"
687,687,2025-07-29 07:19:41.0195936,14,Info,Microsoft-Windows-Wininit,System,572,576,DESKTOP-5A3QN5S,4,S-1-5-18,,,,,,,,,,,False,C:\Users\VM\Desktop\System.evtx,0x4000000000000000,0,"{""EventData"":{""Data"":[{""@Name"":""Config"",""#text"":""0""},{""@Name"":""IsTestConfig"",""#text"":""0""}]}}"
688,688,2025-07-29 07:19:41.5537238,16962,Info,Microsoft-Windows-Directory-Services-SAM,System,736,740,DESKTOP-5A3QN5S,5,S-1-5-18,,,,,,,,,,,False,C:\Users\VM\Desktop\System.evtx,Classic,0,"{""EventData"":{""@Name"":""SAMMSG_RESTRICT_REMOTE_SAM_DEFAULT_SD"",""Data"":{""@Name"":""Default SD String:"",""#text"":""O:SYG:SYD:(A;;RC;;;BA)""}}}"
689,689,2025-07-29 07:19:41.5881247,16977,Info,Microsoft-Windows-Directory-Services-SAM,System,736,740,DESKTOP-5A3QN5S,5,S-1-5-18,,,,,,,,,,,False,C:\Users\VM\Desktop\System.evtx,Classic,0,"{""EventData"":{""@Name"":""SAMMSG_MINPWDLEN_SETTINGS_IN_EFFECT"",""Data"":[{""@Name"":""MinimumPasswordLength"",""#text"":""0""},{""@Name"":""RelaxMinimumPasswordLengthLimits"",""#text"":""0""},{""@Name"":""MinimumPasswordLengthAudit"",""#text"":""-1""}]}}"
690,690,2025-07-29 07:19:41.5881320,16983,Info,Microsoft-Windows-Directory-Services-SAM,System,736,740,DESKTOP-5A3QN5S,5,S-1-5-18,,,,,,,,,,,False,C:\Users\VM\Desktop\System.evtx,Classic,0,"{""EventData"":{""@Name"":""SAMMSG_AUDIT_LEGACY_PWD_RPC_METHODS_OFF""}}"
691,691,2025-07-29 07:19:43.1216468,6,Info,Microsoft-Windows-FilterManager,System,4,232,DESKTOP-5A3QN5S,5,S-1-5-18,,,,,,,,,,,False,C:\Users\VM\Desktop\System.evtx,Classic,0,"{""EventData"":{""Data"":[{""@Name"":""FinalStatus"",""#text"":""0x0""},{""@Name"":""DeviceVersionMajor"",""#text"":""10""},{""@Name"":""DeviceVersionMinor"",""#text"":""0""},{""@Name"":""DeviceNameLength"",""#text"":""5""},{""@Name"":""DeviceName"",""#text"":""wcifs""},{""@Name"":""DeviceTime"",""#text"":""2043-11-04 04:04:53.0000000""}]}}"
692,692,2025-07-29 07:19:43.1652155,6,Info,Microsoft-Windows-FilterManager,System,4,208,DESKTOP-5A3QN5S,5,S-1-5-18,,,,,,,,,,,False,C:\Users\VM\Desktop\System.evtx,Classic,0,"{""EventData"":{""Data"":[{""@Name"":""FinalStatus"",""#text"":""0x0""},{""@Name"":""DeviceVersionMajor"",""#text"":""10""},{""@Name"":""DeviceVersionMinor"",""#text"":""0""},{""@Name"":""DeviceNameLength"",""#text"":""5""},{""@Name"":""DeviceName"",""#text"":""luafv""},{""@Name"":""DeviceTime"",""#text"":""1996-01-27 05:16:28.0000000""}]}}"
693,693,2025-07-29 07:19:43.2269979,50036,Info,Microsoft-Windows-Dhcp-Client,System,764,1236,DESKTOP-5A3QN5S,5,S-1-5-19,,,,,,,,,,,False,C:\Users\VM\Desktop\System.evtx,0x2000000000000000,0,"{""EventData"":""""}"
694,694,2025-07-29 07:19:43.2270509,50103,Info,Microsoft-Windows-Dhcp-Client,System,764,1236,DESKTOP-5A3QN5S,5,S-1-5-19,,,,,,,,,,,False,C:\Users\VM\Desktop\System.evtx,0x2000000000000000,0,"{""EventData"":""""}"
695,695,2025-07-29 07:19:43.2437572,6,Info,Microsoft-Windows-FilterManager,System,4,208,DESKTOP-5A3QN5S,5,S-1-5-18,,,,,,,,,,,False,C:\Users\VM\Desktop\System.evtx,Classic,0,"{""EventData"":{""Data"":[{""@Name"":""FinalStatus"",""#text"":""0x0""},{""@Name"":""DeviceVersionMajor"",""#text"":""10""},{""@Name"":""DeviceVersionMinor"",""#text"":""0""},{""@Name"":""DeviceNameLength"",""#text"":""6""},{""@Name"":""DeviceName"",""#text"":""CldFlt""},{""@Name"":""DeviceTime"",""#text"":""2063-06-09 03:33:16.0000000""}]}}"
696,696,2025-07-29 07:19:43.2437666,1,Info,Microsoft-Windows-FilterManager,System,4,208,DESKTOP-5A3QN5S,5,S-1-5-18,,,,,,,,,,,False,C:\Users\VM\Desktop\System.evtx,Classic,0,"{""EventData"":{""Data"":[{""@Name"":""FinalStatus"",""#text"":""0x0""},{""@Name"":""DeviceVersionMajor"",""#text"":""10""},{""@Name"":""DeviceVersionMinor"",""#text"":""0""},{""@Name"":""DeviceNameLength"",""#text"":""6""},{""@Name"":""DeviceName"",""#text"":""CldFlt""},{""@Name"":""DeviceTime"",""#text"":""2063-06-09 03:33:16.0000000""}]}}"
697,697,2025-07-29 07:19:43.2439013,6,Info,Microsoft-Windows-FilterManager,System,4,208,DESKTOP-5A3QN5S,5,S-1-5-18,,,,,,,,,,,False,C:\Users\VM\Desktop\System.evtx,Classic,0,"{""EventData"":{""Data"":[{""@Name"":""FinalStatus"",""#text"":""0x0""},{""@Name"":""DeviceVersionMajor"",""#text"":""10""},{""@Name"":""DeviceVersionMinor"",""#text"":""0""},{""@Name"":""DeviceNameLength"",""#text"":""6""},{""@Name"":""DeviceName"",""#text"":""CldFlt""},{""@Name"":""DeviceTime"",""#text"":""2063-06-09 03:33:16.0000000""}]}}"
698,698,2025-07-29 07:19:43.2963718,6,Info,Microsoft-Windows-FilterManager,System,4,208,DESKTOP-5A3QN5S,5,S-1-5-18,,,,,,,,,,,False,C:\Users\VM\Desktop\System.evtx,Classic,0,"{""EventData"":{""Data"":[{""@Name"":""FinalStatus"",""#text"":""0x0""},{""@Name"":""DeviceVersionMajor"",""#text"":""10""},{""@Name"":""DeviceVersionMinor"",""#text"":""0""},{""@Name"":""DeviceNameLength"",""#text"":""10""},{""@Name"":""DeviceName"",""#text"":""storqosflt""},{""@Name"":""DeviceTime"",""#text"":""2038-12-03 02:18:20.0000000""}]}}"
699,699,2025-07-29 07:19:43.3458636,6,Info,Microsoft-Windows-FilterManager,System,4,408,DESKTOP-5A3QN5S,5,S-1-5-18,,,,,,,,,,,False,C:\Users\VM\Desktop\System.evtx,Classic,0,"{""EventData"":{""Data"":[{""@Name"":""FinalStatus"",""#text"":""0x0""},{""@Name"":""DeviceVersionMajor"",""#text"":""10""},{""@Name"":""DeviceVersionMinor"",""#text"":""0""},{""@Name"":""DeviceNameLength"",""#text"":""7""},{""@Name"":""DeviceName"",""#text"":""bindflt""},{""@Name"":""DeviceTime"",""#text"":""2091-04-15 16:55:03.0000000""}]}}"
700,700,2025-07-29 07:19:43.3521914,51046,Info,Microsoft-Windows-DHCPv6-Client,System,764,1280,DESKTOP-5A3QN5S,5,S-1-5-19,,,,,,,,,,,False,C:\Users\VM\Desktop\System.evtx,0x2000000000000000,0,"{""EventData"":""""}"
701,701,2025-07-29 07:19:47.2750414,7026,Info,Service Control Manager,System,708,712,DESKTOP-5A3QN5S,5,,,,,,,,,,,,False,C:\Users\VM\Desktop\System.evtx,"Audit success, classic",0,"{""EventData"":{""Data"":{""@Name"":""param1"",""#text"":"", dam""}}}"
702,702,2025-07-29 07:19:59.1143741,15008,Info,Microsoft-Windows-HttpEvent,System,4,2312,DESKTOP-5A3QN5S,5,,,,,,,,,,,,False,C:\Users\VM\Desktop\System.evtx,0x80000000000000,0,"{""EventData"":{""Data"":[{""@Name"":""DeviceObject""},{""@Name"":""Url"",""#text"":""http://+:10247/apps/""}]}}"
703,703,2025-07-29 07:19:59.5383160,12,Info,Microsoft-Windows-UserModePowerService,System,852,784,DESKTOP-5A3QN5S,5,S-1-5-18,,,,,,,,,,,False,C:\Users\VM\Desktop\System.evtx,0x4000000000000000,0,"{""EventData"":{""Data"":[{""@Name"":""ProcessPath"",""#text"":""C:\\Windows\\WinSxS\\amd64_microsoft-windows-servicingstack_31bf3856ad364e35_10.0.19041.6088_none_7e3cb1287c69f05e\\TiWorker.exe""},{""@Name"":""ProcessPid"",""#text"":""1664""},{""@Name"":""OldSchemeGuid"",""#text"":""381b4222-f694-41f0-9685-ff5bb260df2e""},{""@Name"":""NewSchemeGuid"",""#text"":""381b4222-f694-41f0-9685-ff5bb260df2e""}]}}"
704,704,2025-07-29 07:19:59.9591640,12,Info,Microsoft-Windows-UserModePowerService,System,852,784,DESKTOP-5A3QN5S,5,S-1-5-18,,,,,,,,,,,False,C:\Users\VM\Desktop\System.evtx,0x4000000000000000,0,"{""EventData"":{""Data"":[{""@Name"":""ProcessPath"",""#text"":""C:\\Windows\\WinSxS\\amd64_microsoft-windows-servicingstack_31bf3856ad364e35_10.0.19041.6088_none_7e3cb1287c69f05e\\TiWorker.exe""},{""@Name"":""ProcessPid"",""#text"":""1664""},{""@Name"":""OldSchemeGuid"",""#text"":""381b4222-f694-41f0-9685-ff5bb260df2e""},{""@Name"":""NewSchemeGuid"",""#text"":""381b4222-f694-41f0-9685-ff5bb260df2e""}]}}"
705,705,2025-07-29 07:19:59.9962148,15008,Info,Microsoft-Windows-HttpEvent,System,4,2360,DESKTOP-5A3QN5S,5,,,,,,,,,,,,False,C:\Users\VM\Desktop\System.evtx,0x80000000000000,0,"{""EventData"":{""Data"":[{""@Name"":""DeviceObject""},{""@Name"":""Url"",""#text"":""http://+:80/0131501b-d67f-491b-9a40-c4bf27bcb4d4/""}]}}"
706,706,2025-07-29 07:19:59.9962148,15008,Info,Microsoft-Windows-HttpEvent,System,4,2360,DESKTOP-5A3QN5S,5,,,,,,,,,,,,False,C:\Users\VM\Desktop\System.evtx,0x80000000000000,0,"{""EventData"":{""Data"":[{""@Name"":""DeviceObject""},{""@Name"":""Url"",""#text"":""https://+:443/C574AC30-5794-4AEE-B1BB-6651C5315029/""}]}}"
707,707,2025-07-29 07:19:59.9962148,15008,Info,Microsoft-Windows-HttpEvent,System,4,2360,DESKTOP-5A3QN5S,5,,,,,,,,,,,,False,C:\Users\VM\Desktop\System.evtx,0x80000000000000,0,"{""EventData"":{""Data"":[{""@Name"":""DeviceObject""},{""@Name"":""Url"",""#text"":""http://+:80/116B50EB-ECE2-41ac-8429-9F9E963361B7/""}]}}"
708,708,2025-07-29 07:20:00.7233173,15008,Info,Microsoft-Windows-HttpEvent,System,4,208,DESKTOP-5A3QN5S,5,,,,,,,,,,,,False,C:\Users\VM\Desktop\System.evtx,0x80000000000000,0,"{""EventData"":{""Data"":[{""@Name"":""DeviceObject""},{""@Name"":""Url"",""#text"":""https://+:3392/rdp/""}]}}"
709,709,2025-07-29 07:20:00.7233173,15008,Info,Microsoft-Windows-HttpEvent,System,4,208,DESKTOP-5A3QN5S,5,,,,,,,,,,,,False,C:\Users\VM\Desktop\System.evtx,0x80000000000000,0,"{""EventData"":{""Data"":[{""@Name"":""DeviceObject""},{""@Name"":""Url"",""#text"":""http://+:3387/rdp/""}]}}"
710,710,2025-07-29 07:20:22.5070419,30,Error,Microsoft-Windows-Eventlog,System,764,1120,DESKTOP-5A3QN5S,5,S-1-5-19,,,,,,,,,,,False,C:\Users\VM\Desktop\System.evtx,0x8000000000020000,0,"{""UserData"":{""InitChannelPublisherEnableFailure"":{""ErrorCode"":""5"",""ChannelPath"":""Microsoft-Windows-Kernel-ShimEngine/Operational"",""PublisherGuid"":""0bf2fb94-7b60-4b4d-9766-e82f658df540""}}}"
711,711,2025-07-29 07:20:36.7121845,15007,Info,Microsoft-Windows-HttpEvent,System,4,2312,DESKTOP-5A3QN5S,5,,,,,,,,,,,,False,C:\Users\VM\Desktop\System.evtx,0x80000000000000,0,"{""EventData"":{""Data"":[{""@Name"":""DeviceObject""},{""@Name"":""Url"",""#text"":""https://+:3392/rdp/""}]}}"
712,712,2025-07-29 07:20:36.7121845,15007,Info,Microsoft-Windows-HttpEvent,System,4,2312,DESKTOP-5A3QN5S,5,,,,,,,,,,,,False,C:\Users\VM\Desktop\System.evtx,0x80000000000000,0,"{""EventData"":{""Data"":[{""@Name"":""DeviceObject""},{""@Name"":""Url"",""#text"":""http://+:3387/rdp/""}]}}"
713,713,2025-07-29 07:20:37.0713453,15007,Info,Microsoft-Windows-HttpEvent,System,4,2312,DESKTOP-5A3QN5S,5,,,,,,,,,,,,False,C:\Users\VM\Desktop\System.evtx,0x80000000000000,0,"{""EventData"":{""Data"":[{""@Name"":""DeviceObject""},{""@Name"":""Url"",""#text"":""http://+:80/0131501b-d67f-491b-9a40-c4bf27bcb4d4/""}]}}"
714,714,2025-07-29 07:20:37.0713453,15007,Info,Microsoft-Windows-HttpEvent,System,4,2312,DESKTOP-5A3QN5S,5,,,,,,,,,,,,False,C:\Users\VM\Desktop\System.evtx,0x80000000000000,0,"{""EventData"":{""Data"":[{""@Name"":""DeviceObject""},{""@Name"":""Url"",""#text"":""https://+:443/C574AC30-5794-4AEE-B1BB-6651C5315029/""}]}}"
715,715,2025-07-29 07:20:37.0713453,15007,Info,Microsoft-Windows-HttpEvent,System,4,2312,DESKTOP-5A3QN5S,5,,,,,,,,,,,,False,C:\Users\VM\Desktop\System.evtx,0x80000000000000,0,"{""EventData"":{""Data"":[{""@Name"":""DeviceObject""},{""@Name"":""Url"",""#text"":""http://+:80/116B50EB-ECE2-41ac-8429-9F9E963361B7/""}]}}"
716,716,2025-07-29 07:20:37.2605645,12,Info,Microsoft-Windows-UserModePowerService,System,852,964,DESKTOP-5A3QN5S,5,S-1-5-18,,,,,,,,,,,False,C:\Users\VM\Desktop\System.evtx,0x4000000000000000,0,"{""EventData"":{""Data"":[{""@Name"":""ProcessPath"",""#text"":""C:\\Windows\\WinSxS\\amd64_microsoft-windows-servicingstack_31bf3856ad364e35_10.0.19041.6088_none_7e3cb1287c69f05e\\TiWorker.exe""},{""@Name"":""ProcessPid"",""#text"":""1664""},{""@Name"":""OldSchemeGuid"",""#text"":""381b4222-f694-41f0-9685-ff5bb260df2e""},{""@Name"":""NewSchemeGuid"",""#text"":""381b4222-f694-41f0-9685-ff5bb260df2e""}]}}"
717,717,2025-07-29 07:20:38.9613431,16,Info,Microsoft-Windows-Kernel-General,System,832,3880,DESKTOP-5A3QN5S,5,S-1-5-18,,,,,,,,,,,False,C:\Users\VM\Desktop\System.evtx,Classic,0,"{""EventData"":{""Data"":[{""@Name"":""HiveNameLength"",""#text"":""154""},{""@Name"":""HiveName"",""#text"":""\\??\\C:\\ProgramData\\Microsoft\\Windows\\AppRepository\\Packages\\Microsoft.AAD.BrokerPlugin_1000.19041.4239.0_neutral_neutral_cw5n1h2txyewy\\ActivationStore.dat""},{""@Name"":""KeysUpdated"",""#text"":""0""},{""@Name"":""DirtyPages"",""#text"":""0""}]}}"
718,718,2025-07-29 07:20:40.1147210,16,Info,Microsoft-Windows-Kernel-General,System,832,3880,DESKTOP-5A3QN5S,5,S-1-5-18,,,,,,,,,,,False,C:\Users\VM\Desktop\System.evtx,Classic,0,"{""EventData"":{""Data"":[{""@Name"":""HiveNameLength"",""#text"":""159""},{""@Name"":""HiveName"",""#text"":""\\??\\C:\\ProgramData\\Microsoft\\Windows\\AppRepository\\Packages\\Microsoft.Windows.Apprep.ChxApp_1000.19041.4239.0_neutral_neutral_cw5n1h2txyewy\\ActivationStore.dat""},{""@Name"":""KeysUpdated"",""#text"":""0""},{""@Name"":""DirtyPages"",""#text"":""0""}]}}"
719,719,2025-07-29 07:20:40.5051929,16,Info,Microsoft-Windows-Kernel-General,System,832,3880,DESKTOP-5A3QN5S,5,S-1-5-18,,,,,,,,,,,False,C:\Users\VM\Desktop\System.evtx,Classic,0,"{""EventData"":{""Data"":[{""@Name"":""HiveNameLength"",""#text"":""167""},{""@Name"":""HiveName"",""#text"":""\\??\\C:\\ProgramData\\Microsoft\\Windows\\AppRepository\\Packages\\Microsoft.Windows.AssignedAccessLockApp_1000.19041.4239.0_neutral_neutral_cw5n1h2txyewy\\ActivationStore.dat""},{""@Name"":""KeysUpdated"",""#text"":""0""},{""@Name"":""DirtyPages"",""#text"":""0""}]}}"
720,720,2025-07-29 07:20:40.8794152,16,Info,Microsoft-Windows-Kernel-General,System,832,3880,DESKTOP-5A3QN5S,5,S-1-5-18,,,,,,,,,,,False,C:\Users\VM\Desktop\System.evtx,Classic,0,"{""EventData"":{""Data"":[{""@Name"":""HiveNameLength"",""#text"":""161""},{""@Name"":""HiveName"",""#text"":""\\??\\C:\\ProgramData\\Microsoft\\Windows\\AppRepository\\Packages\\Microsoft.Windows.CallingShellApp_1000.19041.4239.0_neutral_neutral_cw5n1h2txyewy\\ActivationStore.dat""},{""@Name"":""KeysUpdated"",""#text"":""0""},{""@Name"":""DirtyPages"",""#text"":""0""}]}}"
721,721,2025-07-29 07:20:41.2258075,16,Info,Microsoft-Windows-Kernel-General,System,832,3880,DESKTOP-5A3QN5S,5,S-1-5-18,,,,,,,,,,,False,C:\Users\VM\Desktop\System.evtx,Classic,0,"{""EventData"":{""Data"":[{""@Name"":""HiveNameLength"",""#text"":""162""},{""@Name"":""HiveName"",""#text"":""\\??\\C:\\ProgramData\\Microsoft\\Windows\\AppRepository\\Packages\\Microsoft.Windows.ParentalControls_1000.19041.4239.0_neutral_neutral_cw5n1h2txyewy\\ActivationStore.dat""},{""@Name"":""KeysUpdated"",""#text"":""0""},{""@Name"":""DirtyPages"",""#text"":""0""}]}}"
722,722,2025-07-29 07:20:41.6697229,16,Info,Microsoft-Windows-Kernel-General,System,832,3880,DESKTOP-5A3QN5S,5,S-1-5-18,,,,,,,,,,,False,C:\Users\VM\Desktop\System.evtx,Classic,0,"{""EventData"":{""Data"":[{""@Name"":""HiveNameLength"",""#text"":""164""},{""@Name"":""HiveName"",""#text"":""\\??\\C:\\ProgramData\\Microsoft\\Windows\\AppRepository\\Packages\\Microsoft.Windows.PinningConfirmationDialog_1000.19041.4239.0_neutral__cw5n1h2txyewy\\ActivationStore.dat""},{""@Name"":""KeysUpdated"",""#text"":""0""},{""@Name"":""DirtyPages"",""#text"":""0""}]}}"
723,723,2025-07-29 07:20:42.1441298,16,Info,Microsoft-Windows-Kernel-General,System,832,3880,DESKTOP-5A3QN5S,5,S-1-5-18,,,,,,,,,,,False,C:\Users\VM\Desktop\System.evtx,Classic,0,"{""EventData"":{""Data"":[{""@Name"":""HiveNameLength"",""#text"":""148""},{""@Name"":""HiveName"",""#text"":""\\??\\C:\\ProgramData\\Microsoft\\Windows\\AppRepository\\Packages\\Microsoft.Windows.Search_1.14.18.19041_neutral_neutral_cw5n1h2txyewy\\ActivationStore.dat""},{""@Name"":""KeysUpdated"",""#text"":""0""},{""@Name"":""DirtyPages"",""#text"":""0""}]}}"
724,724,2025-07-29 07:20:42.7537874,16,Info,Microsoft-Windows-Kernel-General,System,832,3880,DESKTOP-5A3QN5S,5,S-1-5-18,,,,,,,,,,,False,C:\Users\VM\Desktop\System.evtx,Classic,0,"{""EventData"":{""Data"":[{""@Name"":""HiveNameLength"",""#text"":""156""},{""@Name"":""HiveName"",""#text"":""\\??\\C:\\ProgramData\\Microsoft\\Windows\\AppRepository\\Packages\\Microsoft.XboxGameCallableUI_1000.19041.4239.0_neutral_neutral_cw5n1h2txyewy\\ActivationStore.dat""},{""@Name"":""KeysUpdated"",""#text"":""0""},{""@Name"":""DirtyPages"",""#text"":""0""}]}}"
725,725,2025-07-29 07:20:43.1814117,16,Info,Microsoft-Windows-Kernel-General,System,832,3880,DESKTOP-5A3QN5S,5,S-1-5-18,,,,,,,,,,,False,C:\Users\VM\Desktop\System.evtx,Classic,0,"{""EventData"":{""Data"":[{""@Name"":""HiveNameLength"",""#text"":""138""},{""@Name"":""HiveName"",""#text"":""\\??\\C:\\ProgramData\\Microsoft\\Windows\\AppRepository\\Packages\\NcsiUwpApp_1000.19041.4239.0_neutral_neutral_8wekyb3d8bbwe\\ActivationStore.dat""},{""@Name"":""KeysUpdated"",""#text"":""0""},{""@Name"":""DirtyPages"",""#text"":""0""}]}}"
726,726,2025-07-29 07:20:43.9855674,16,Info,Microsoft-Windows-Kernel-General,System,832,3880,DESKTOP-5A3QN5S,5,S-1-5-18,,,,,,,,,,,False,C:\Users\VM\Desktop\System.evtx,Classic,0,"{""EventData"":{""Data"":[{""@Name"":""HiveNameLength"",""#text"":""162""},{""@Name"":""HiveName"",""#text"":""\\??\\C:\\ProgramData\\Microsoft\\Windows\\AppRepository\\Packages\\1527c705-839a-4832-9118-54d4Bd6a0c89_10.0.19041.4239_neutral_neutral_cw5n1h2txyewy\\ActivationStore.dat""},{""@Name"":""KeysUpdated"",""#text"":""0""},{""@Name"":""DirtyPages"",""#text"":""0""}]}}"
727,727,2025-07-29 07:20:44.3613392,16,Info,Microsoft-Windows-Kernel-General,System,832,3880,DESKTOP-5A3QN5S,5,S-1-5-18,,,,,,,,,,,False,C:\Users\VM\Desktop\System.evtx,Classic,0,"{""EventData"":{""Data"":[{""@Name"":""HiveNameLength"",""#text"":""162""},{""@Name"":""HiveName"",""#text"":""\\??\\C:\\ProgramData\\Microsoft\\Windows\\AppRepository\\Packages\\c5e2524a-ea46-4f67-841f-6a9465d9d515_10.0.19041.4239_neutral_neutral_cw5n1h2txyewy\\ActivationStore.dat""},{""@Name"":""KeysUpdated"",""#text"":""0""},{""@Name"":""DirtyPages"",""#text"":""0""}]}}"
728,728,2025-07-29 07:20:44.7084144,16,Info,Microsoft-Windows-Kernel-General,System,832,3880,DESKTOP-5A3QN5S,5,S-1-5-18,,,,,,,,,,,False,C:\Users\VM\Desktop\System.evtx,Classic,0,"{""EventData"":{""Data"":[{""@Name"":""HiveNameLength"",""#text"":""162""},{""@Name"":""HiveName"",""#text"":""\\??\\C:\\ProgramData\\Microsoft\\Windows\\AppRepository\\Packages\\E2A4F912-2574-4A75-9BB0-0D023378592B_10.0.19041.4239_neutral_neutral_cw5n1h2txyewy\\ActivationStore.dat""},{""@Name"":""KeysUpdated"",""#text"":""0""},{""@Name"":""DirtyPages"",""#text"":""0""}]}}"
729,729,2025-07-29 07:20:45.0346068,16,Info,Microsoft-Windows-Kernel-General,System,832,3880,DESKTOP-5A3QN5S,5,S-1-5-18,,,,,,,,,,,False,C:\Users\VM\Desktop\System.evtx,Classic,0,"{""EventData"":{""Data"":[{""@Name"":""HiveNameLength"",""#text"":""162""},{""@Name"":""HiveName"",""#text"":""\\??\\C:\\ProgramData\\Microsoft\\Windows\\AppRepository\\Packages\\F46D4000-FD22-4DB4-AC8E-4E1DDDE828FE_10.0.19041.4239_neutral_neutral_cw5n1h2txyewy\\ActivationStore.dat""},{""@Name"":""KeysUpdated"",""#text"":""0""},{""@Name"":""DirtyPages"",""#text"":""0""}]}}"
730,730,2025-07-29 07:20:45.4233142,16,Info,Microsoft-Windows-Kernel-General,System,832,3880,DESKTOP-5A3QN5S,5,S-1-5-18,,,,,,,,,,,False,C:\Users\VM\Desktop\System.evtx,Classic,0,"{""EventData"":{""Data"":[{""@Name"":""HiveNameLength"",""#text"":""144""},{""@Name"":""HiveName"",""#text"":""\\??\\C:\\ProgramData\\Microsoft\\Windows\\AppRepository\\Packages\\Microsoft.AccountsControl_10.0.19041.4239_neutral__cw5n1h2txyewy\\ActivationStore.dat""},{""@Name"":""KeysUpdated"",""#text"":""0""},{""@Name"":""DirtyPages"",""#text"":""0""}]}}"
731,731,2025-07-29 07:20:45.7602407,16,Info,Microsoft-Windows-Kernel-General,System,832,3880,DESKTOP-5A3QN5S,5,S-1-5-18,,,,,,,,,,,False,C:\Users\VM\Desktop\System.evtx,Classic,0,"{""EventData"":{""Data"":[{""@Name"":""HiveNameLength"",""#text"":""145""},{""@Name"":""HiveName"",""#text"":""\\??\\C:\\ProgramData\\Microsoft\\Windows\\AppRepository\\Packages\\Microsoft.AsyncTextService_10.0.19041.4239_neutral__8wekyb3d8bbwe\\ActivationStore.dat""},{""@Name"":""KeysUpdated"",""#text"":""0""},{""@Name"":""DirtyPages"",""#text"":""0""}]}}"
732,732,2025-07-29 07:20:46.1005046,16,Info,Microsoft-Windows-Kernel-General,System,832,3880,DESKTOP-5A3QN5S,5,S-1-5-18,,,,,,,,,,,False,C:\Users\VM\Desktop\System.evtx,Classic,0,"{""EventData"":{""Data"":[{""@Name"":""HiveNameLength"",""#text"":""142""},{""@Name"":""HiveName"",""#text"":""\\??\\C:\\ProgramData\\Microsoft\\Windows\\AppRepository\\Packages\\Microsoft.BioEnrollment_10.0.19041.4239_neutral__cw5n1h2txyewy\\ActivationStore.dat""},{""@Name"":""KeysUpdated"",""#text"":""0""},{""@Name"":""DirtyPages"",""#text"":""0""}]}}"
733,733,2025-07-29 07:20:46.4382943,16,Info,Microsoft-Windows-Kernel-General,System,832,3880,DESKTOP-5A3QN5S,5,S-1-5-18,,,,,,,,,,,False,C:\Users\VM\Desktop\System.evtx,Classic,0,"{""EventData"":{""Data"":[{""@Name"":""HiveNameLength"",""#text"":""143""},{""@Name"":""HiveName"",""#text"":""\\??\\C:\\ProgramData\\Microsoft\\Windows\\AppRepository\\Packages\\Microsoft.CredDialogHost_10.0.19041.4239_neutral__cw5n1h2txyewy\\ActivationStore.dat""},{""@Name"":""KeysUpdated"",""#text"":""0""},{""@Name"":""DirtyPages"",""#text"":""0""}]}}"
734,734,2025-07-29 07:20:46.7801624,16,Info,Microsoft-Windows-Kernel-General,System,832,3880,DESKTOP-5A3QN5S,5,S-1-5-18,,,,,,,,,,,False,C:\Users\VM\Desktop\System.evtx,Classic,0,"{""EventData"":{""Data"":[{""@Name"":""HiveNameLength"",""#text"":""134""},{""@Name"":""HiveName"",""#text"":""\\??\\C:\\ProgramData\\Microsoft\\Windows\\AppRepository\\Packages\\Microsoft.ECApp_10.0.19041.4597_neutral__8wekyb3d8bbwe\\ActivationStore.dat""},{""@Name"":""KeysUpdated"",""#text"":""0""},{""@Name"":""DirtyPages"",""#text"":""0""}]}}"
735,735,2025-07-29 07:20:47.1433195,16,Info,Microsoft-Windows-Kernel-General,System,832,3880,DESKTOP-5A3QN5S,5,S-1-5-18,,,,,,,,,,,False,C:\Users\VM\Desktop\System.evtx,Classic,0,"{""EventData"":{""Data"":[{""@Name"":""HiveNameLength"",""#text"":""136""},{""@Name"":""HiveName"",""#text"":""\\??\\C:\\ProgramData\\Microsoft\\Windows\\AppRepository\\Packages\\Microsoft.LockApp_10.0.19041.4239_neutral__cw5n1h2txyewy\\ActivationStore.dat""},{""@Name"":""KeysUpdated"",""#text"":""0""},{""@Name"":""DirtyPages"",""#text"":""0""}]}}"
736,736,2025-07-29 07:20:47.5636274,16,Info,Microsoft-Windows-Kernel-General,System,832,3880,DESKTOP-5A3QN5S,5,S-1-5-18,,,,,,,,,,,False,C:\Users\VM\Desktop\System.evtx,Classic,0,"{""EventData"":{""Data"":[{""@Name"":""HiveNameLength"",""#text"":""152""},{""@Name"":""HiveName"",""#text"":""\\??\\C:\\ProgramData\\Microsoft\\Windows\\AppRepository\\Packages\\Microsoft.Win32WebViewHost_10.0.19041.4239_neutral_neutral_cw5n1h2txyewy\\ActivationStore.dat""},{""@Name"":""KeysUpdated"",""#text"":""0""},{""@Name"":""DirtyPages"",""#text"":""0""}]}}"
737,737,2025-07-29 07:20:48.0580622,16,Info,Microsoft-Windows-Kernel-General,System,832,3880,DESKTOP-5A3QN5S,5,S-1-5-18,,,,,,,,,,,False,C:\Users\VM\Desktop\System.evtx,Classic,0,"{""EventData"":{""Data"":[{""@Name"":""HiveNameLength"",""#text"":""150""},{""@Name"":""HiveName"",""#text"":""\\??\\C:\\ProgramData\\Microsoft\\Windows\\AppRepository\\Packages\\Microsoft.Windows.CapturePicker_10.0.19041.4239_neutral__cw5n1h2txyewy\\ActivationStore.dat""},{""@Name"":""KeysUpdated"",""#text"":""0""},{""@Name"":""DirtyPages"",""#text"":""0""}]}}"
738,738,2025-07-29 07:20:48.4345583,16,Info,Microsoft-Windows-Kernel-General,System,832,3880,DESKTOP-5A3QN5S,5,S-1-5-18,,,,,,,,,,,False,C:\Users\VM\Desktop\System.evtx,Classic,0,"{""EventData"":{""Data"":[{""@Name"":""HiveNameLength"",""#text"":""163""},{""@Name"":""HiveName"",""#text"":""\\??\\C:\\ProgramData\\Microsoft\\Windows\\AppRepository\\Packages\\Microsoft.Windows.CloudExperienceHost_10.0.19041.5198_neutral_neutral_cw5n1h2txyewy\\ActivationStore.dat""},{""@Name"":""KeysUpdated"",""#text"":""0""},{""@Name"":""DirtyPages"",""#text"":""0""}]}}"
739,739,2025-07-29 07:20:49.1384399,16,Info,Microsoft-Windows-Kernel-General,System,832,3880,DESKTOP-5A3QN5S,5,S-1-5-18,,,,,,,,,,,False,C:\Users\VM\Desktop\System.evtx,Classic,0,"{""EventData"":{""Data"":[{""@Name"":""HiveNameLength"",""#text"":""166""},{""@Name"":""HiveName"",""#text"":""\\??\\C:\\ProgramData\\Microsoft\\Windows\\AppRepository\\Packages\\Microsoft.Windows.ContentDeliveryManager_10.0.19041.4239_neutral_neutral_cw5n1h2txyewy\\ActivationStore.dat""},{""@Name"":""KeysUpdated"",""#text"":""0""},{""@Name"":""DirtyPages"",""#text"":""0""}]}}"
740,740,2025-07-29 07:20:49.8591304,16,Info,Microsoft-Windows-Kernel-General,System,832,3880,DESKTOP-5A3QN5S,5,S-1-5-18,,,,,,,,,,,False,C:\Users\VM\Desktop\System.evtx,Classic,0,"{""EventData"":{""Data"":[{""@Name"":""HiveNameLength"",""#text"":""162""},{""@Name"":""HiveName"",""#text"":""\\??\\C:\\ProgramData\\Microsoft\\Windows\\AppRepository\\Packages\\Microsoft.Windows.NarratorQuickStart_10.0.19041.4239_neutral_neutral_8wekyb3d8bbwe\\ActivationStore.dat""},{""@Name"":""KeysUpdated"",""#text"":""0""},{""@Name"":""DirtyPages"",""#text"":""0""}]}}"
741,741,2025-07-29 07:20:50.2226807,16,Info,Microsoft-Windows-Kernel-General,System,832,3880,DESKTOP-5A3QN5S,5,S-1-5-18,,,,,,,,,,,False,C:\Users\VM\Desktop\System.evtx,Classic,0,"{""EventData"":{""Data"":[{""@Name"":""HiveNameLength"",""#text"":""161""},{""@Name"":""HiveName"",""#text"":""\\??\\C:\\ProgramData\\Microsoft\\Windows\\AppRepository\\Packages\\Microsoft.Windows.OOBENetworkCaptivePortal_10.0.19041.4239_neutral__cw5n1h2txyewy\\ActivationStore.dat""},{""@Name"":""KeysUpdated"",""#text"":""0""},{""@Name"":""DirtyPages"",""#text"":""0""}]}}"
742,742,2025-07-29 07:20:50.7477535,16,Info,Microsoft-Windows-Kernel-General,System,832,3880,DESKTOP-5A3QN5S,5,S-1-5-18,,,,,,,,,,,False,C:\Users\VM\Desktop\System.evtx,Classic,0,"{""EventData"":{""Data"":[{""@Name"":""HiveNameLength"",""#text"":""162""},{""@Name"":""HiveName"",""#text"":""\\??\\C:\\ProgramData\\Microsoft\\Windows\\AppRepository\\Packages\\Microsoft.Windows.OOBENetworkConnectionFlow_10.0.19041.4239_neutral__cw5n1h2txyewy\\ActivationStore.dat""},{""@Name"":""KeysUpdated"",""#text"":""0""},{""@Name"":""DirtyPages"",""#text"":""0""}]}}"
743,743,2025-07-29 07:20:51.2379198,16,Info,Microsoft-Windows-Kernel-General,System,832,3880,DESKTOP-5A3QN5S,5,S-1-5-18,,,,,,,,,,,False,C:\Users\VM\Desktop\System.evtx,Classic,0,"{""EventData"":{""Data"":[{""@Name"":""HiveNameLength"",""#text"":""164""},{""@Name"":""HiveName"",""#text"":""\\??\\C:\\ProgramData\\Microsoft\\Windows\\AppRepository\\Packages\\Microsoft.Windows.PeopleExperienceHost_10.0.19041.4239_neutral_neutral_cw5n1h2txyewy\\ActivationStore.dat""},{""@Name"":""KeysUpdated"",""#text"":""0""},{""@Name"":""DirtyPages"",""#text"":""0""}]}}"
744,744,2025-07-29 07:20:51.8167100,16,Info,Microsoft-Windows-Kernel-General,System,832,3880,DESKTOP-5A3QN5S,5,S-1-5-18,,,,,,,,,,,False,C:\Users\VM\Desktop\System.evtx,Classic,0,"{""EventData"":{""Data"":[{""@Name"":""HiveNameLength"",""#text"":""148""},{""@Name"":""HiveName"",""#text"":""\\??\\C:\\ProgramData\\Microsoft\\Windows\\AppRepository\\Packages\\Microsoft.Windows.SecHealthUI_10.0.19041.4239_neutral__cw5n1h2txyewy\\ActivationStore.dat""},{""@Name"":""KeysUpdated"",""#text"":""0""},{""@Name"":""DirtyPages"",""#text"":""0""}]}}"
745,745,2025-07-29 07:20:52.3885091,16,Info,Microsoft-Windows-Kernel-General,System,832,3880,DESKTOP-5A3QN5S,5,S-1-5-18,,,,,,,,,,,False,C:\Users\VM\Desktop\System.evtx,Classic,0,"{""EventData"":{""Data"":[{""@Name"":""HiveNameLength"",""#text"":""167""},{""@Name"":""HiveName"",""#text"":""\\??\\C:\\ProgramData\\Microsoft\\Windows\\AppRepository\\Packages\\Microsoft.Windows.SecureAssessmentBrowser_10.0.19041.4239_neutral_neutral_cw5n1h2txyewy\\ActivationStore.dat""},{""@Name"":""KeysUpdated"",""#text"":""0""},{""@Name"":""DirtyPages"",""#text"":""0""}]}}"
746,746,2025-07-29 07:20:53.0699321,16,Info,Microsoft-Windows-Kernel-General,System,832,3880,DESKTOP-5A3QN5S,5,S-1-5-18,,,,,,,,,,,False,C:\Users\VM\Desktop\System.evtx,Classic,0,"{""EventData"":{""Data"":[{""@Name"":""HiveNameLength"",""#text"":""163""},{""@Name"":""HiveName"",""#text"":""\\??\\C:\\ProgramData\\Microsoft\\Windows\\AppRepository\\Packages\\Microsoft.Windows.ShellExperienceHost_10.0.19041.5072_neutral_neutral_cw5n1h2txyewy\\ActivationStore.dat""},{""@Name"":""KeysUpdated"",""#text"":""0""},{""@Name"":""DirtyPages"",""#text"":""0""}]}}"
