747,747,2025-07-29 07:20:53.6775374,16,Info,Microsoft-Windows-Kernel-General,System,832,3880,DESKTOP-5A3QN5S,5,S-1-5-18,,,,,,,,,,,False,C:\Users\VM\Desktop\System.evtx,Classic,0,"{""EventData"":{""Data"":[{""@Name"":""HiveNameLength"",""#text"":""167""},{""@Name"":""HiveName"",""#text"":""\\??\\C:\\ProgramData\\Microsoft\\Windows\\AppRepository\\Packages\\Microsoft.Windows.StartMenuExperienceHost_10.0.19041.5438_neutral_neutral_cw5n1h2txyewy\\ActivationStore.dat""},{""@Name"":""KeysUpdated"",""#text"":""0""},{""@Name"":""DirtyPages"",""#text"":""0""}]}}"
748,748,2025-07-29 07:20:54.0853034,16,Info,Microsoft-Windows-Kernel-General,System,832,3880,DESKTOP-5A3QN5S,5,S-1-5-18,,,,,,,,,,,False,C:\Users\VM\Desktop\System.evtx,Classic,624,"{""EventData"":{""Data"":[{""@Name"":""HiveNameLength"",""#text"":""159""},{""@Name"":""HiveName"",""#text"":""\\??\\C:\\ProgramData\\Microsoft\\Windows\\AppRepository\\Packages\\Microsoft.Windows.XGpuEjectDialog_10.0.19041.4239_neutral_neutral_cw5n1h2txyewy\\ActivationStore.dat""},{""@Name"":""KeysUpdated"",""#text"":""0""},{""@Name"":""DirtyPages"",""#text"":""0""}]}}"
749,749,2025-07-29 07:20:55.3373207,16,Info,Microsoft-Windows-Kernel-General,System,832,3880,DESKTOP-5A3QN5S,5,S-1-5-18,,,,,,,,,,,False,C:\Users\VM\Desktop\System.evtx,Classic,0,"{""EventData"":{""Data"":[{""@Name"":""HiveNameLength"",""#text"":""144""},{""@Name"":""HiveName"",""#text"":""\\??\\C:\\ProgramData\\Microsoft\\Windows\\AppRepository\\Packages\\MicrosoftWindows.Client.CBS_1000.19062.1000.0_x64__cw5n1h2txyewy\\ActivationStore.dat""},{""@Name"":""KeysUpdated"",""#text"":""0""},{""@Name"":""DirtyPages"",""#text"":""0""}]}}"
750,750,2025-07-29 07:20:56.6779412,16,Info,Microsoft-Windows-Kernel-General,System,832,3880,DESKTOP-5A3QN5S,5,S-1-5-18,,,,,,,,,,,False,C:\Users\VM\Desktop\System.evtx,Classic,0,"{""EventData"":{""Data"":[{""@Name"":""HiveNameLength"",""#text"":""157""},{""@Name"":""HiveName"",""#text"":""\\??\\C:\\ProgramData\\Microsoft\\Windows\\AppRepository\\Packages\\MicrosoftWindows.UndockedDevKit_10.0.19041.4239_neutral_neutral_cw5n1h2txyewy\\ActivationStore.dat""},{""@Name"":""KeysUpdated"",""#text"":""0""},{""@Name"":""DirtyPages"",""#text"":""0""}]}}"
751,751,2025-07-29 07:20:57.0663377,16,Info,Microsoft-Windows-Kernel-General,System,832,3880,DESKTOP-5A3QN5S,5,S-1-5-18,,,,,,,,,,,False,C:\Users\VM\Desktop\System.evtx,Classic,0,"{""EventData"":{""Data"":[{""@Name"":""HiveNameLength"",""#text"":""144""},{""@Name"":""HiveName"",""#text"":""\\??\\C:\\ProgramData\\Microsoft\\Windows\\AppRepository\\Packages\\Windows.CBSPreview_10.0.19041.4239_neutral_neutral_cw5n1h2txyewy\\ActivationStore.dat""},{""@Name"":""KeysUpdated"",""#text"":""0""},{""@Name"":""DirtyPages"",""#text"":""0""}]}}"
752,752,2025-07-29 07:21:02.0349540,12,Info,Microsoft-Windows-UserModePowerService,System,852,448,DESKTOP-5A3QN5S,5,S-1-5-18,,,,,,,,,,,False,C:\Users\VM\Desktop\System.evtx,0x4000000000000000,0,"{""EventData"":{""Data"":[{""@Name"":""ProcessPath"",""#text"":""C:\\Windows\\WinSxS\\amd64_microsoft-windows-servicingstack_31bf3856ad364e35_10.0.19041.6088_none_7e3cb1287c69f05e\\TiWorker.exe""},{""@Name"":""ProcessPid"",""#text"":""1664""},{""@Name"":""OldSchemeGuid"",""#text"":""381b4222-f694-41f0-9685-ff5bb260df2e""},{""@Name"":""NewSchemeGuid"",""#text"":""381b4222-f694-41f0-9685-ff5bb260df2e""}]}}"
753,753,2025-07-29 07:21:33.0733929,15007,Info,Microsoft-Windows-HttpEvent,System,4,32,DESKTOP-5A3QN5S,5,,,,,,,,,,,,False,C:\Users\VM\Desktop\System.evtx,0x80000000000000,0,"{""EventData"":{""Data"":[{""@Name"":""DeviceObject""},{""@Name"":""Url"",""#text"":""http://+:10247/apps/""}]}}"
754,754,2025-07-29 07:21:44.5763934,10016,Warning,Microsoft-Windows-DistributedCOM,System,980,720,DESKTOP-5A3QN5S,5,S-1-5-18,,,,,,,,,,,False,C:\Users\VM\Desktop\System.evtx,"Audit success, classic",0,"{""EventData"":{""Data"":[{""@Name"":""param1"",""#text"":""application-specific""},{""@Name"":""param2"",""#text"":""Local""},{""@Name"":""param3"",""#text"":""Launch""},{""@Name"":""param4"",""#text"":""Windows.SecurityCenter.WscDataProtection""},{""@Name"":""param5"",""#text"":""Unavailable""},{""@Name"":""param6"",""#text"":""NT AUTHORITY""},{""@Name"":""param7"",""#text"":""SYSTEM""},{""@Name"":""param8"",""#text"":""S-1-5-18""},{""@Name"":""param9"",""#text"":""LocalHost (Using LRPC)""},{""@Name"":""param10"",""#text"":""Unavailable""},{""@Name"":""param11"",""#text"":""Unavailable""}]}}"
755,755,2025-07-29 07:22:07.2255312,7040,Info,Service Control Manager,System,708,2620,DESKTOP-5A3QN5S,5,S-1-5-18,Start type of a service has changed,,,The start type of the Windows Modules Installer was changed from auto start to demand start,,,,,,TrustedInstaller,False,C:\Users\VM\Desktop\System.evtx,"Audit success, classic",0,"{""EventData"":{""Data"":[{""@Name"":""param1"",""#text"":""Windows Modules Installer""},{""@Name"":""param2"",""#text"":""auto start""},{""@Name"":""param3"",""#text"":""demand start""},{""@Name"":""param4"",""#text"":""TrustedInstaller""}]}}"
756,756,2025-07-29 07:22:08.1686604,7001,Info,Microsoft-Windows-Winlogon,System,672,520,DESKTOP-5A3QN5S,5,S-1-5-18,User logon,,,UserSID: S-1-5-21-3151804214-3226339955-2188200191-1001,,,,,,,False,C:\Users\VM\Desktop\System.evtx,0x2000200000000000,0,"{""EventData"":{""Data"":[{""@Name"":""TSId"",""#text"":""1""},{""@Name"":""UserSid"",""#text"":""S-1-5-21-3151804214-3226339955-2188200191-1001""}]}}"
757,757,2025-07-29 07:22:11.4733248,10016,Warning,Microsoft-Windows-DistributedCOM,System,980,3032,DESKTOP-5A3QN5S,5,S-1-5-20,,,,,,,,,,,False,C:\Users\VM\Desktop\System.evtx,"Audit success, classic",0,"{""EventData"":{""Data"":[{""@Name"":""param1"",""#text"":""machine-default""},{""@Name"":""param2"",""#text"":""Local""},{""@Name"":""param3"",""#text"":""Activation""},{""@Name"":""param4"",""#text"":""{F87B28F1-DA9A-4F35-8EC0-800EFCF26B83}""},{""@Name"":""param5"",""#text"":""{0868DC9B-D9A2-4F64-9362-133CEA201299}""},{""@Name"":""param6"",""#text"":""NT AUTHORITY""},{""@Name"":""param7"",""#text"":""NETWORK SERVICE""},{""@Name"":""param8"",""#text"":""S-1-5-20""},{""@Name"":""param9"",""#text"":""LocalHost (Using LRPC)""},{""@Name"":""param10"",""#text"":""Unavailable""},{""@Name"":""param11"",""#text"":""Unavailable""}]}}"
758,758,2025-07-29 07:22:13.7258530,16,Info,Microsoft-Windows-Kernel-General,System,832,3880,DESKTOP-5A3QN5S,5,S-1-5-21-3151804214-3226339955-2188200191-1001,,,,,,,,,,,False,C:\Users\VM\Desktop\System.evtx,Classic,0,"{""EventData"":{""Data"":[{""@Name"":""HiveNameLength"",""#text"":""98""},{""@Name"":""HiveName"",""#text"":""\\??\\C:\\Users\\VM\\AppData\\Local\\Packages\\Microsoft.BioEnrollment_cw5n1h2txyewy\\Settings\\settings.dat""},{""@Name"":""KeysUpdated"",""#text"":""3""},{""@Name"":""DirtyPages"",""#text"":""1""}]}}"
759,759,2025-07-29 07:22:13.7513609,16,Info,Microsoft-Windows-Kernel-General,System,832,3672,DESKTOP-5A3QN5S,5,S-1-5-21-3151804214-3226339955-2188200191-1001,,,,,,,,,,,False,C:\Users\VM\Desktop\System.evtx,Classic,0,"{""EventData"":{""Data"":[{""@Name"":""HiveNameLength"",""#text"":""112""},{""@Name"":""HiveName"",""#text"":""\\??\\C:\\Users\\VM\\AppData\\Local\\Packages\\Microsoft.Windows.CloudExperienceHost_cw5n1h2txyewy\\Settings\\settings.dat""},{""@Name"":""KeysUpdated"",""#text"":""3""},{""@Name"":""DirtyPages"",""#text"":""1""}]}}"
760,760,2025-07-29 07:22:14.6786068,19,Info,Microsoft-Windows-WindowsUpdateClient,System,500,4064,DESKTOP-5A3QN5S,5,S-1-5-18,,,,,,,,,,,False,C:\Users\VM\Desktop\System.evtx,Installation,0,"{""EventData"":{""Data"":[{""@Name"":""updateTitle"",""#text"":""2025-07 Cumulative Update for Windows 10 Version 22H2 for x64-based Systems (KB5062554)""},{""@Name"":""updateGuid"",""#text"":""ac0c8958-9107-4a61-bdd2-de2109f4903f""},{""@Name"":""updateRevisionNumber"",""#text"":""1""},{""@Name"":""serviceGuid"",""#text"":""8b24b027-1dee-babb-9a95-3517dfb9c552""}]}}"
761,761,2025-07-29 07:22:15.1594191,16,Info,Microsoft-Windows-Kernel-General,System,832,3880,DESKTOP-5A3QN5S,5,S-1-5-21-3151804214-3226339955-2188200191-1001,,,,,,,,,,,False,C:\Users\VM\Desktop\System.evtx,Classic,0,"{""EventData"":{""Data"":[{""@Name"":""HiveNameLength"",""#text"":""118""},{""@Name"":""HiveName"",""#text"":""\\??\\C:\\Users\\VM\\AppData\\Local\\Packages\\Microsoft.Windows.OOBENetworkConnectionFlow_cw5n1h2txyewy\\Settings\\settings.dat""},{""@Name"":""KeysUpdated"",""#text"":""3""},{""@Name"":""DirtyPages"",""#text"":""1""}]}}"
762,762,2025-07-29 07:22:16.0033935,16,Info,Microsoft-Windows-Kernel-General,System,832,3672,DESKTOP-5A3QN5S,5,S-1-5-21-3151804214-3226339955-2188200191-1001,,,,,,,,,,,False,C:\Users\VM\Desktop\System.evtx,Classic,0,"{""EventData"":{""Data"":[{""@Name"":""HiveNameLength"",""#text"":""117""},{""@Name"":""HiveName"",""#text"":""\\??\\C:\\Users\\VM\\AppData\\Local\\Packages\\Microsoft.Windows.OOBENetworkCaptivePortal_cw5n1h2txyewy\\Settings\\settings.dat""},{""@Name"":""KeysUpdated"",""#text"":""3""},{""@Name"":""DirtyPages"",""#text"":""1""}]}}"
763,763,2025-07-29 07:22:21.2515406,16,Info,Microsoft-Windows-Kernel-General,System,832,1644,DESKTOP-5A3QN5S,5,S-1-5-18,,,,,,,,,,,False,C:\Users\VM\Desktop\System.evtx,Classic,0,"{""EventData"":{""Data"":[{""@Name"":""HiveNameLength"",""#text"":""128""},{""@Name"":""HiveName"",""#text"":""\\??\\C:\\ProgramData\\Microsoft\\Windows\\AppRepository\\Packages\\Microsoft.Copilot_0.4.2.0_neutral__8wekyb3d8bbwe\\ActivationStore.dat""},{""@Name"":""KeysUpdated"",""#text"":""0""},{""@Name"":""DirtyPages"",""#text"":""0""}]}}"
764,764,2025-07-29 07:22:30.4812417,16,Info,Microsoft-Windows-Kernel-General,System,832,1644,DESKTOP-5A3QN5S,5,S-1-5-18,,,,,,,,,,,False,C:\Users\VM\Desktop\System.evtx,Classic,0,"{""EventData"":{""Data"":[{""@Name"":""HiveNameLength"",""#text"":""128""},{""@Name"":""HiveName"",""#text"":""\\??\\C:\\ProgramData\\Microsoft\\Windows\\AppRepository\\Packages\\Microsoft.BingSearch_1.1.33.0_x64__8wekyb3d8bbwe\\ActivationStore.dat""},{""@Name"":""KeysUpdated"",""#text"":""0""},{""@Name"":""DirtyPages"",""#text"":""0""}]}}"
765,765,2025-07-29 07:22:48.7382444,16,Info,Microsoft-Windows-Kernel-General,System,832,3880,DESKTOP-5A3QN5S,5,S-1-5-21-3151804214-3226339955-2188200191-1001,,,,,,,,,,,False,C:\Users\VM\Desktop\System.evtx,Classic,0,"{""EventData"":{""Data"":[{""@Name"":""HiveNameLength"",""#text"":""93""},{""@Name"":""HiveName"",""#text"":""\\??\\C:\\Users\\VM\\AppData\\Local\\Packages\\Windows.CBSPreview_cw5n1h2txyewy\\Settings\\settings.dat""},{""@Name"":""KeysUpdated"",""#text"":""3""},{""@Name"":""DirtyPages"",""#text"":""1""}]}}"
766,766,2025-07-29 07:22:52.1315131,16,Info,Microsoft-Windows-Kernel-General,System,832,3880,DESKTOP-5A3QN5S,5,S-1-5-21-3151804214-3226339955-2188200191-1001,,,,,,,,,,,False,C:\Users\VM\Desktop\System.evtx,Classic,0,"{""EventData"":{""Data"":[{""@Name"":""HiveNameLength"",""#text"":""85""},{""@Name"":""HiveName"",""#text"":""\\??\\C:\\Users\\VM\\AppData\\Local\\Packages\\NcsiUwpApp_8wekyb3d8bbwe\\Settings\\settings.dat""},{""@Name"":""KeysUpdated"",""#text"":""3""},{""@Name"":""DirtyPages"",""#text"":""1""}]}}"
767,767,2025-07-29 07:22:55.1518991,16,Info,Microsoft-Windows-Kernel-General,System,832,3880,DESKTOP-5A3QN5S,5,S-1-5-21-3151804214-3226339955-2188200191-1001,,,,,,,,,,,False,C:\Users\VM\Desktop\System.evtx,Classic,0,"{""EventData"":{""Data"":[{""@Name"":""HiveNameLength"",""#text"":""103""},{""@Name"":""HiveName"",""#text"":""\\??\\C:\\Users\\VM\\AppData\\Local\\Packages\\Microsoft.XboxGameCallableUI_cw5n1h2txyewy\\Settings\\settings.dat""},{""@Name"":""KeysUpdated"",""#text"":""3""},{""@Name"":""DirtyPages"",""#text"":""1""}]}}"
768,768,2025-07-29 07:22:57.3503625,16,Info,Microsoft-Windows-Kernel-General,System,832,3880,DESKTOP-5A3QN5S,5,S-1-5-21-3151804214-3226339955-2188200191-1001,,,,,,,,,,,False,C:\Users\VM\Desktop\System.evtx,Classic,0,"{""EventData"":{""Data"":[{""@Name"":""HiveNameLength"",""#text"":""108""},{""@Name"":""HiveName"",""#text"":""\\??\\C:\\Users\\VM\\AppData\\Local\\Packages\\Microsoft.Windows.XGpuEjectDialog_cw5n1h2txyewy\\Settings\\settings.dat""},{""@Name"":""KeysUpdated"",""#text"":""3""},{""@Name"":""DirtyPages"",""#text"":""1""}]}}"
769,769,2025-07-29 07:22:58.7562323,16,Info,Microsoft-Windows-Kernel-General,System,832,3880,DESKTOP-5A3QN5S,5,S-1-5-21-3151804214-3226339955-2188200191-1001,,,,,,,,,,,False,C:\Users\VM\Desktop\System.evtx,Classic,0,"{""EventData"":{""Data"":[{""@Name"":""HiveNameLength"",""#text"":""116""},{""@Name"":""HiveName"",""#text"":""\\??\\C:\\Users\\VM\\AppData\\Local\\Packages\\Microsoft.Windows.SecureAssessmentBrowser_cw5n1h2txyewy\\Settings\\settings.dat""},{""@Name"":""KeysUpdated"",""#text"":""3""},{""@Name"":""DirtyPages"",""#text"":""1""}]}}"
770,770,2025-07-29 07:22:59.7298601,16,Info,Microsoft-Windows-Kernel-General,System,832,3880,DESKTOP-5A3QN5S,5,S-1-5-21-3151804214-3226339955-2188200191-1001,,,,,,,,,,,False,C:\Users\VM\Desktop\System.evtx,Classic,0,"{""EventData"":{""Data"":[{""@Name"":""HiveNameLength"",""#text"":""104""},{""@Name"":""HiveName"",""#text"":""\\??\\C:\\Users\\VM\\AppData\\Local\\Packages\\Microsoft.Windows.SecHealthUI_cw5n1h2txyewy\\Settings\\settings.dat""},{""@Name"":""KeysUpdated"",""#text"":""3""},{""@Name"":""DirtyPages"",""#text"":""1""}]}}"
771,771,2025-07-29 07:23:00.6430835,16,Info,Microsoft-Windows-Kernel-General,System,832,3880,DESKTOP-5A3QN5S,5,S-1-5-21-3151804214-3226339955-2188200191-1001,,,,,,,,,,,False,C:\Users\VM\Desktop\System.evtx,Classic,0,"{""EventData"":{""Data"":[{""@Name"":""HiveNameLength"",""#text"":""118""},{""@Name"":""HiveName"",""#text"":""\\??\\C:\\Users\\VM\\AppData\\Local\\Packages\\Microsoft.Windows.PinningConfirmationDialog_cw5n1h2txyewy\\Settings\\settings.dat""},{""@Name"":""KeysUpdated"",""#text"":""3""},{""@Name"":""DirtyPages"",""#text"":""1""}]}}"
772,772,2025-07-29 07:23:01.4704525,16,Info,Microsoft-Windows-Kernel-General,System,832,3880,DESKTOP-5A3QN5S,5,S-1-5-21-3151804214-3226339955-2188200191-1001,,,,,,,,,,,False,C:\Users\VM\Desktop\System.evtx,Classic,0,"{""EventData"":{""Data"":[{""@Name"":""HiveNameLength"",""#text"":""113""},{""@Name"":""HiveName"",""#text"":""\\??\\C:\\Users\\VM\\AppData\\Local\\Packages\\Microsoft.Windows.PeopleExperienceHost_cw5n1h2txyewy\\Settings\\settings.dat""},{""@Name"":""KeysUpdated"",""#text"":""3""},{""@Name"":""DirtyPages"",""#text"":""1""}]}}"
773,773,2025-07-29 07:23:02.3941644,16,Info,Microsoft-Windows-Kernel-General,System,832,3880,DESKTOP-5A3QN5S,5,S-1-5-21-3151804214-3226339955-2188200191-1001,,,,,,,,,,,False,C:\Users\VM\Desktop\System.evtx,Classic,0,"{""EventData"":{""Data"":[{""@Name"":""HiveNameLength"",""#text"":""109""},{""@Name"":""HiveName"",""#text"":""\\??\\C:\\Users\\VM\\AppData\\Local\\Packages\\Microsoft.Windows.ParentalControls_cw5n1h2txyewy\\Settings\\settings.dat""},{""@Name"":""KeysUpdated"",""#text"":""3""},{""@Name"":""DirtyPages"",""#text"":""1""}]}}"
774,774,2025-07-29 07:23:03.3432303,16,Info,Microsoft-Windows-Kernel-General,System,832,3880,DESKTOP-5A3QN5S,5,S-1-5-21-3151804214-3226339955-2188200191-1001,,,,,,,,,,,False,C:\Users\VM\Desktop\System.evtx,Classic,544,"{""EventData"":{""Data"":[{""@Name"":""HiveNameLength"",""#text"":""111""},{""@Name"":""HiveName"",""#text"":""\\??\\C:\\Users\\VM\\AppData\\Local\\Packages\\Microsoft.Windows.NarratorQuickStart_8wekyb3d8bbwe\\Settings\\settings.dat""},{""@Name"":""KeysUpdated"",""#text"":""3""},{""@Name"":""DirtyPages"",""#text"":""1""}]}}"
775,775,2025-07-29 07:23:04.4919642,16,Info,Microsoft-Windows-Kernel-General,System,832,3880,DESKTOP-5A3QN5S,5,S-1-5-21-3151804214-3226339955-2188200191-1001,,,,,,,,,,,False,C:\Users\VM\Desktop\System.evtx,Classic,0,"{""EventData"":{""Data"":[{""@Name"":""HiveNameLength"",""#text"":""106""},{""@Name"":""HiveName"",""#text"":""\\??\\C:\\Users\\VM\\AppData\\Local\\Packages\\Microsoft.Windows.CapturePicker_cw5n1h2txyewy\\Settings\\settings.dat""},{""@Name"":""KeysUpdated"",""#text"":""3""},{""@Name"":""DirtyPages"",""#text"":""1""}]}}"
776,776,2025-07-29 07:23:05.5367438,16,Info,Microsoft-Windows-Kernel-General,System,832,3880,DESKTOP-5A3QN5S,5,S-1-5-21-3151804214-3226339955-2188200191-1001,,,,,,,,,,,False,C:\Users\VM\Desktop\System.evtx,Classic,0,"{""EventData"":{""Data"":[{""@Name"":""HiveNameLength"",""#text"":""108""},{""@Name"":""HiveName"",""#text"":""\\??\\C:\\Users\\VM\\AppData\\Local\\Packages\\Microsoft.Windows.CallingShellApp_cw5n1h2txyewy\\Settings\\settings.dat""},{""@Name"":""KeysUpdated"",""#text"":""3""},{""@Name"":""DirtyPages"",""#text"":""1""}]}}"
777,777,2025-07-29 07:23:06.6838470,16,Info,Microsoft-Windows-Kernel-General,System,832,3880,DESKTOP-5A3QN5S,5,S-1-5-21-3151804214-3226339955-2188200191-1001,,,,,,,,,,,False,C:\Users\VM\Desktop\System.evtx,Classic,0,"{""EventData"":{""Data"":[{""@Name"":""HiveNameLength"",""#text"":""114""},{""@Name"":""HiveName"",""#text"":""\\??\\C:\\Users\\VM\\AppData\\Local\\Packages\\Microsoft.Windows.AssignedAccessLockApp_cw5n1h2txyewy\\Settings\\settings.dat""},{""@Name"":""KeysUpdated"",""#text"":""3""},{""@Name"":""DirtyPages"",""#text"":""1""}]}}"
778,778,2025-07-29 07:23:07.8826483,16,Info,Microsoft-Windows-Kernel-General,System,832,3880,DESKTOP-5A3QN5S,5,S-1-5-21-3151804214-3226339955-2188200191-1001,,,,,,,,,,,False,C:\Users\VM\Desktop\System.evtx,Classic,0,"{""EventData"":{""Data"":[{""@Name"":""HiveNameLength"",""#text"":""106""},{""@Name"":""HiveName"",""#text"":""\\??\\C:\\Users\\VM\\AppData\\Local\\Packages\\Microsoft.Windows.Apprep.ChxApp_cw5n1h2txyewy\\Settings\\settings.dat""},{""@Name"":""KeysUpdated"",""#text"":""3""},{""@Name"":""DirtyPages"",""#text"":""1""}]}}"
779,779,2025-07-29 07:23:09.1775314,16,Info,Microsoft-Windows-Kernel-General,System,832,3880,DESKTOP-5A3QN5S,5,S-1-5-21-3151804214-3226339955-2188200191-1001,,,,,,,,,,,False,C:\Users\VM\Desktop\System.evtx,Classic,0,"{""EventData"":{""Data"":[{""@Name"":""HiveNameLength"",""#text"":""101""},{""@Name"":""HiveName"",""#text"":""\\??\\C:\\Users\\VM\\AppData\\Local\\Packages\\Microsoft.Win32WebViewHost_cw5n1h2txyewy\\Settings\\settings.dat""},{""@Name"":""KeysUpdated"",""#text"":""3""},{""@Name"":""DirtyPages"",""#text"":""1""}]}}"
780,780,2025-07-29 07:23:10.1803089,16,Info,Microsoft-Windows-Kernel-General,System,832,3880,DESKTOP-5A3QN5S,5,S-1-5-21-3151804214-3226339955-2188200191-1001,,,,,,,,,,,False,C:\Users\VM\Desktop\System.evtx,Classic,0,"{""EventData"":{""Data"":[{""@Name"":""HiveNameLength"",""#text"":""112""},{""@Name"":""HiveName"",""#text"":""\\??\\C:\\Users\\VM\\AppData\\Local\\Packages\\Microsoft.MicrosoftEdgeDevToolsClient_8wekyb3d8bbwe\\Settings\\settings.dat""},{""@Name"":""KeysUpdated"",""#text"":""3""},{""@Name"":""DirtyPages"",""#text"":""1""}]}}"
781,781,2025-07-29 07:23:11.0082810,16,Info,Microsoft-Windows-Kernel-General,System,832,3880,DESKTOP-5A3QN5S,5,S-1-5-21-3151804214-3226339955-2188200191-1001,,,,,,,,,,,False,C:\Users\VM\Desktop\System.evtx,Classic,0,"{""EventData"":{""Data"":[{""@Name"":""HiveNameLength"",""#text"":""92""},{""@Name"":""HiveName"",""#text"":""\\??\\C:\\Users\\VM\\AppData\\Local\\Packages\\Microsoft.LockApp_cw5n1h2txyewy\\Settings\\settings.dat""},{""@Name"":""KeysUpdated"",""#text"":""3""},{""@Name"":""DirtyPages"",""#text"":""1""}]}}"
782,782,2025-07-29 07:23:12.2662532,16,Info,Microsoft-Windows-Kernel-General,System,832,3880,DESKTOP-5A3QN5S,5,S-1-5-21-3151804214-3226339955-2188200191-1001,,,,,,,,,,,False,C:\Users\VM\Desktop\System.evtx,Classic,0,"{""EventData"":{""Data"":[{""@Name"":""HiveNameLength"",""#text"":""90""},{""@Name"":""HiveName"",""#text"":""\\??\\C:\\Users\\VM\\AppData\\Local\\Packages\\Microsoft.ECApp_8wekyb3d8bbwe\\Settings\\settings.dat""},{""@Name"":""KeysUpdated"",""#text"":""3""},{""@Name"":""DirtyPages"",""#text"":""1""}]}}"
783,783,2025-07-29 07:23:13.4548352,16,Info,Microsoft-Windows-Kernel-General,System,832,3880,DESKTOP-5A3QN5S,5,S-1-5-21-3151804214-3226339955-2188200191-1001,,,,,,,,,,,False,C:\Users\VM\Desktop\System.evtx,Classic,0,"{""EventData"":{""Data"":[{""@Name"":""HiveNameLength"",""#text"":""99""},{""@Name"":""HiveName"",""#text"":""\\??\\C:\\Users\\VM\\AppData\\Local\\Packages\\Microsoft.CredDialogHost_cw5n1h2txyewy\\Settings\\settings.dat""},{""@Name"":""KeysUpdated"",""#text"":""3""},{""@Name"":""DirtyPages"",""#text"":""1""}]}}"
784,784,2025-07-29 07:23:14.5518257,16,Info,Microsoft-Windows-Kernel-General,System,832,3880,DESKTOP-5A3QN5S,5,S-1-5-21-3151804214-3226339955-2188200191-1001,,,,,,,,,,,False,C:\Users\VM\Desktop\System.evtx,Classic,0,"{""EventData"":{""Data"":[{""@Name"":""HiveNameLength"",""#text"":""101""},{""@Name"":""HiveName"",""#text"":""\\??\\C:\\Users\\VM\\AppData\\Local\\Packages\\Microsoft.AsyncTextService_8wekyb3d8bbwe\\Settings\\settings.dat""},{""@Name"":""KeysUpdated"",""#text"":""3""},{""@Name"":""DirtyPages"",""#text"":""1""}]}}"
785,785,2025-07-29 07:23:15.5453901,16,Info,Microsoft-Windows-Kernel-General,System,832,3880,DESKTOP-5A3QN5S,5,S-1-5-21-3151804214-3226339955-2188200191-1001,,,,,,,,,,,False,C:\Users\VM\Desktop\System.evtx,Classic,0,"{""EventData"":{""Data"":[{""@Name"":""HiveNameLength"",""#text"":""100""},{""@Name"":""HiveName"",""#text"":""\\??\\C:\\Users\\VM\\AppData\\Local\\Packages\\Microsoft.AccountsControl_cw5n1h2txyewy\\Settings\\settings.dat""},{""@Name"":""KeysUpdated"",""#text"":""3""},{""@Name"":""DirtyPages"",""#text"":""1""}]}}"
786,786,2025-07-29 07:23:16.4974289,16,Info,Microsoft-Windows-Kernel-General,System,832,3880,DESKTOP-5A3QN5S,5,S-1-5-21-3151804214-3226339955-2188200191-1001,,,,,,,,,,,False,C:\Users\VM\Desktop\System.evtx,Classic,0,"{""EventData"":{""Data"":[{""@Name"":""HiveNameLength"",""#text"":""111""},{""@Name"":""HiveName"",""#text"":""\\??\\C:\\Users\\VM\\AppData\\Local\\Packages\\F46D4000-FD22-4DB4-AC8E-4E1DDDE828FE_cw5n1h2txyewy\\Settings\\settings.dat""},{""@Name"":""KeysUpdated"",""#text"":""3""},{""@Name"":""DirtyPages"",""#text"":""1""}]}}"
787,787,2025-07-29 07:23:17.4736761,16,Info,Microsoft-Windows-Kernel-General,System,832,3880,DESKTOP-5A3QN5S,5,S-1-5-21-3151804214-3226339955-2188200191-1001,,,,,,,,,,,False,C:\Users\VM\Desktop\System.evtx,Classic,0,"{""EventData"":{""Data"":[{""@Name"":""HiveNameLength"",""#text"":""111""},{""@Name"":""HiveName"",""#text"":""\\??\\C:\\Users\\VM\\AppData\\Local\\Packages\\E2A4F912-2574-4A75-9BB0-0D023378592B_cw5n1h2txyewy\\Settings\\settings.dat""},{""@Name"":""KeysUpdated"",""#text"":""3""},{""@Name"":""DirtyPages"",""#text"":""1""}]}}"
788,788,2025-07-29 07:23:18.4074048,16,Info,Microsoft-Windows-Kernel-General,System,832,3880,DESKTOP-5A3QN5S,5,S-1-5-21-3151804214-3226339955-2188200191-1001,,,,,,,,,,,False,C:\Users\VM\Desktop\System.evtx,Classic,0,"{""EventData"":{""Data"":[{""@Name"":""HiveNameLength"",""#text"":""111""},{""@Name"":""HiveName"",""#text"":""\\??\\C:\\Users\\VM\\AppData\\Local\\Packages\\c5e2524a-ea46-4f67-841f-6a9465d9d515_cw5n1h2txyewy\\Settings\\settings.dat""},{""@Name"":""KeysUpdated"",""#text"":""3""},{""@Name"":""DirtyPages"",""#text"":""1""}]}}"
789,789,2025-07-29 07:23:19.6640219,16,Info,Microsoft-Windows-Kernel-General,System,832,3880,DESKTOP-5A3QN5S,5,S-1-5-21-3151804214-3226339955-2188200191-1001,,,,,,,,,,,False,C:\Users\VM\Desktop\System.evtx,Classic,0,"{""EventData"":{""Data"":[{""@Name"":""HiveNameLength"",""#text"":""111""},{""@Name"":""HiveName"",""#text"":""\\??\\C:\\Users\\VM\\AppData\\Local\\Packages\\1527c705-839a-4832-9118-54d4Bd6a0c89_cw5n1h2txyewy\\Settings\\settings.dat""},{""@Name"":""KeysUpdated"",""#text"":""3""},{""@Name"":""DirtyPages"",""#text"":""1""}]}}"
790,790,2025-07-29 07:30:12.1047149,44,Info,Microsoft-Windows-WindowsUpdateClient,System,500,4064,DESKTOP-5A3QN5S,5,S-1-5-18,,,,,,,,,,,False,C:\Users\VM\Desktop\System.evtx,0x8000000000002004,0,"{""EventData"":{""Data"":[{""@Name"":""updateTitle"",""#text"":""Security Intelligence Update for Microsoft Defender Antivirus - KB2267602 (Version 1.433.130.0) - Current Channel (Broad)""},{""@Name"":""updateGuid"",""#text"":""e1069a26-d358-4d96-9a7f-90f6dbc2c60a""},{""@Name"":""updateRevisionNumber"",""#text"":""200""}]}}"
791,791,2025-07-29 07:30:13.6610918,43,Info,Microsoft-Windows-WindowsUpdateClient,System,500,3440,DESKTOP-5A3QN5S,5,S-1-5-18,,,,,,,,,,,False,C:\Users\VM\Desktop\System.evtx,0x8000000000002008,0,"{""EventData"":{""Data"":[{""@Name"":""updateTitle"",""#text"":""Security Intelligence Update for Microsoft Defender Antivirus - KB2267602 (Version 1.433.130.0) - Current Channel (Broad)""},{""@Name"":""updateGuid"",""#text"":""e1069a26-d358-4d96-9a7f-90f6dbc2c60a""},{""@Name"":""updateRevisionNumber"",""#text"":""200""}]}}"
792,792,2025-07-29 07:30:39.2129195,19,Info,Microsoft-Windows-WindowsUpdateClient,System,500,3440,DESKTOP-5A3QN5S,5,S-1-5-18,,,,,,,,,,,False,C:\Users\VM\Desktop\System.evtx,Installation,0,"{""EventData"":{""Data"":[{""@Name"":""updateTitle"",""#text"":""Security Intelligence Update for Microsoft Defender Antivirus - KB2267602 (Version 1.433.130.0) - Current Channel (Broad)""},{""@Name"":""updateGuid"",""#text"":""e1069a26-d358-4d96-9a7f-90f6dbc2c60a""},{""@Name"":""updateRevisionNumber"",""#text"":""200""},{""@Name"":""serviceGuid"",""#text"":""9482f4b4-e343-43b6-b170-9a65bc822c77""}]}}"
793,793,2025-07-29 07:31:32.9770465,16,Info,Microsoft-Windows-Kernel-General,System,7604,7936,DESKTOP-5A3QN5S,5,S-1-5-18,,,,,,,,,,,False,C:\Users\VM\Desktop\System.evtx,Classic,0,"{""EventData"":{""Data"":[{""@Name"":""HiveNameLength"",""#text"":""85""},{""@Name"":""HiveName"",""#text"":""\\??\\C:\\ProgramData\\Microsoft\\Provisioning\\Microsoft-Desktop-Provisioning-Sequence.dat""},{""@Name"":""KeysUpdated"",""#text"":""0""},{""@Name"":""DirtyPages"",""#text"":""0""}]}}"
794,794,2025-07-29 07:42:43.5211863,44,Info,Microsoft-Windows-WindowsUpdateClient,System,500,5980,DESKTOP-5A3QN5S,5,S-1-5-18,,,,,,,,,,,False,C:\Users\VM\Desktop\System.evtx,0x8000000000002004,416,"{""EventData"":{""Data"":[{""@Name"":""updateTitle"",""#text"":""9NRX63209R7B-Microsoft.OutlookforWindows""},{""@Name"":""updateGuid"",""#text"":""244a705e-1baf-4bf8-a702-ad9b243b53f9""},{""@Name"":""updateRevisionNumber"",""#text"":""1""}]}}"
795,795,2025-07-29 07:43:05.5213622,16,Info,Microsoft-Windows-Kernel-General,System,6176,7108,DESKTOP-5A3QN5S,5,S-1-5-18,,,,,,,,,,,False,C:\Users\VM\Desktop\System.evtx,Classic,0,"{""EventData"":{""Data"":[{""@Name"":""HiveNameLength"",""#text"":""139""},{""@Name"":""HiveName"",""#text"":""\\??\\C:\\ProgramData\\Microsoft\\Windows\\AppRepository\\Packages\\Microsoft.OutlookForWindows_1.2025.702.0_x64__8wekyb3d8bbwe\\ActivationStore.dat""},{""@Name"":""KeysUpdated"",""#text"":""0""},{""@Name"":""DirtyPages"",""#text"":""0""}]}}"
796,796,2025-07-29 07:43:08.3288202,43,Info,Microsoft-Windows-WindowsUpdateClient,System,500,3492,DESKTOP-5A3QN5S,5,S-1-5-18,,,,,,,,,,,False,C:\Users\VM\Desktop\System.evtx,0x8000000000002008,0,"{""EventData"":{""Data"":[{""@Name"":""updateTitle"",""#text"":""9NRX63209R7B-Microsoft.OutlookforWindows""},{""@Name"":""updateGuid"",""#text"":""244a705e-1baf-4bf8-a702-ad9b243b53f9""},{""@Name"":""updateRevisionNumber"",""#text"":""1""}]}}"
797,797,2025-07-29 07:43:08.7153767,19,Info,Microsoft-Windows-WindowsUpdateClient,System,500,3492,DESKTOP-5A3QN5S,5,S-1-5-18,,,,,,,,,,,False,C:\Users\VM\Desktop\System.evtx,Installation,0,"{""EventData"":{""Data"":[{""@Name"":""updateTitle"",""#text"":""9NRX63209R7B-Microsoft.OutlookforWindows""},{""@Name"":""updateGuid"",""#text"":""244a705e-1baf-4bf8-a702-ad9b243b53f9""},{""@Name"":""updateRevisionNumber"",""#text"":""1""},{""@Name"":""serviceGuid"",""#text"":""855e8a7c-ecb4-4ca3-b045-1dfa50104289""}]}}"
798,798,2025-07-29 07:43:19.8440581,44,Info,Microsoft-Windows-WindowsUpdateClient,System,500,5980,DESKTOP-5A3QN5S,5,S-1-5-18,,,,,,,,,,,False,C:\Users\VM\Desktop\System.evtx,0x8000000000002004,0,"{""EventData"":{""Data"":[{""@Name"":""updateTitle"",""#text"":""9NBLGGH4RV3K-Microsoft.VCLibs.140.00.UWPDesktop""},{""@Name"":""updateGuid"",""#text"":""fcdd3b59-f41c-4595-b36b-245bacb749e8""},{""@Name"":""updateRevisionNumber"",""#text"":""1""}]}}"
799,799,2025-07-29 07:43:19.8440608,44,Info,Microsoft-Windows-WindowsUpdateClient,System,500,5980,DESKTOP-5A3QN5S,5,S-1-5-18,,,,,,,,,,,False,C:\Users\VM\Desktop\System.evtx,0x8000000000002004,0,"{""EventData"":{""Data"":[{""@Name"":""updateTitle"",""#text"":""9N8MHTPHNGVV-Microsoft.Windows.DevHome""},{""@Name"":""updateGuid"",""#text"":""42add8fd-6b1d-466a-861f-f9ebba71479e""},{""@Name"":""updateRevisionNumber"",""#text"":""1""}]}}"
800,800,2025-07-29 07:43:19.8440652,44,Info,Microsoft-Windows-WindowsUpdateClient,System,500,5980,DESKTOP-5A3QN5S,5,S-1-5-18,,,,,,,,,,,False,C:\Users\VM\Desktop\System.evtx,0x8000000000002004,0,"{""EventData"":{""Data"":[{""@Name"":""updateTitle"",""#text"":""9NH2SW16MQ7F-Microsoft.WindowsAppRuntime.1.5""},{""@Name"":""updateGuid"",""#text"":""9e7b6034-6a40-4f49-ba32-0d77661c32a5""},{""@Name"":""updateRevisionNumber"",""#text"":""1""}]}}"
801,801,2025-07-29 07:43:22.9119533,44,Info,Microsoft-Windows-WindowsUpdateClient,System,500,5980,DESKTOP-5A3QN5S,5,S-1-5-18,,,,,,,,,,,False,C:\Users\VM\Desktop\System.evtx,0x8000000000002004,0,"{""EventData"":{""Data"":[{""@Name"":""updateTitle"",""#text"":""9N8MHTPHNGVV-Microsoft.Windows.DevHome""},{""@Name"":""updateGuid"",""#text"":""42add8fd-6b1d-466a-861f-f9ebba71479e""},{""@Name"":""updateRevisionNumber"",""#text"":""1""}]}}"
802,802,2025-07-29 07:43:22.9119595,44,Info,Microsoft-Windows-WindowsUpdateClient,System,500,5980,DESKTOP-5A3QN5S,6,S-1-5-18,,,,,,,,,,,False,C:\Users\VM\Desktop\System.evtx,0x8000000000002004,0,"{""EventData"":{""Data"":[{""@Name"":""updateTitle"",""#text"":""9N8MHTPHNGVV-Microsoft.Windows.DevHome""},{""@Name"":""updateGuid"",""#text"":""42add8fd-6b1d-466a-861f-f9ebba71479e""},{""@Name"":""updateRevisionNumber"",""#text"":""1""}]}}"
803,803,2025-07-29 07:43:48.4071425,16,Info,Microsoft-Windows-Kernel-General,System,6176,7108,DESKTOP-5A3QN5S,6,S-1-5-18,,,,,,,,,,,False,C:\Users\VM\Desktop\System.evtx,Classic,0,"{""EventData"":{""Data"":[{""@Name"":""HiveNameLength"",""#text"":""146""},{""@Name"":""HiveName"",""#text"":""\\??\\C:\\ProgramData\\Microsoft\\Windows\\AppRepository\\Packages\\Microsoft.WindowsAppRuntime.1.5_5001.373.1736.0_x64__8wekyb3d8bbwe\\ActivationStore.dat""},{""@Name"":""KeysUpdated"",""#text"":""0""},{""@Name"":""DirtyPages"",""#text"":""0""}]}}"
804,804,2025-07-29 07:43:57.1992984,16,Info,Microsoft-Windows-Kernel-General,System,6176,7108,DESKTOP-5A3QN5S,6,S-1-5-18,,,,,,,,,,,False,C:\Users\VM\Desktop\System.evtx,Classic,0,"{""EventData"":{""Data"":[{""@Name"":""HiveNameLength"",""#text"":""146""},{""@Name"":""HiveName"",""#text"":""\\??\\C:\\ProgramData\\Microsoft\\Windows\\AppRepository\\Packages\\Microsoft.WindowsAppRuntime.1.5_5001.373.1736.0_x86__8wekyb3d8bbwe\\ActivationStore.dat""},{""@Name"":""KeysUpdated"",""#text"":""0""},{""@Name"":""DirtyPages"",""#text"":""0""}]}}"
805,805,2025-07-29 07:44:00.3955229,43,Info,Microsoft-Windows-WindowsUpdateClient,System,500,5876,DESKTOP-5A3QN5S,6,S-1-5-18,,,,,,,,,,,False,C:\Users\VM\Desktop\System.evtx,0x8000000000002008,0,"{""EventData"":{""Data"":[{""@Name"":""updateTitle"",""#text"":""9NBLGGH4RV3K-Microsoft.VCLibs.140.00.UWPDesktop""},{""@Name"":""updateGuid"",""#text"":""fcdd3b59-f41c-4595-b36b-245bacb749e8""},{""@Name"":""updateRevisionNumber"",""#text"":""1""}]}}"
806,806,2025-07-29 07:44:00.4928015,19,Info,Microsoft-Windows-WindowsUpdateClient,System,500,5876,DESKTOP-5A3QN5S,6,S-1-5-18,,,,,,,,,,,False,C:\Users\VM\Desktop\System.evtx,Installation,0,"{""EventData"":{""Data"":[{""@Name"":""updateTitle"",""#text"":""9NBLGGH4RV3K-Microsoft.VCLibs.140.00.UWPDesktop""},{""@Name"":""updateGuid"",""#text"":""fcdd3b59-f41c-4595-b36b-245bacb749e8""},{""@Name"":""updateRevisionNumber"",""#text"":""1""},{""@Name"":""serviceGuid"",""#text"":""855e8a7c-ecb4-4ca3-b045-1dfa50104289""}]}}"
807,807,2025-07-29 07:44:00.5709926,43,Info,Microsoft-Windows-WindowsUpdateClient,System,500,5876,DESKTOP-5A3QN5S,6,S-1-5-18,,,,,,,,,,,False,C:\Users\VM\Desktop\System.evtx,0x8000000000002008,0,"{""EventData"":{""Data"":[{""@Name"":""updateTitle"",""#text"":""9NH2SW16MQ7F-Microsoft.WindowsAppRuntime.1.5""},{""@Name"":""updateGuid"",""#text"":""9e7b6034-6a40-4f49-ba32-0d77661c32a5""},{""@Name"":""updateRevisionNumber"",""#text"":""1""}]}}"
808,808,2025-07-29 07:44:00.6609478,19,Info,Microsoft-Windows-WindowsUpdateClient,System,500,5876,DESKTOP-5A3QN5S,6,S-1-5-18,,,,,,,,,,,False,C:\Users\VM\Desktop\System.evtx,Installation,0,"{""EventData"":{""Data"":[{""@Name"":""updateTitle"",""#text"":""9NH2SW16MQ7F-Microsoft.WindowsAppRuntime.1.5""},{""@Name"":""updateGuid"",""#text"":""9e7b6034-6a40-4f49-ba32-0d77661c32a5""},{""@Name"":""updateRevisionNumber"",""#text"":""1""},{""@Name"":""serviceGuid"",""#text"":""855e8a7c-ecb4-4ca3-b045-1dfa50104289""}]}}"
809,809,2025-07-29 07:44:00.7286719,43,Info,Microsoft-Windows-WindowsUpdateClient,System,500,5876,DESKTOP-5A3QN5S,6,S-1-5-18,,,,,,,,,,,False,C:\Users\VM\Desktop\System.evtx,0x8000000000002008,0,"{""EventData"":{""Data"":[{""@Name"":""updateTitle"",""#text"":""9N8MHTPHNGVV-Microsoft.Windows.DevHome""},{""@Name"":""updateGuid"",""#text"":""42add8fd-6b1d-466a-861f-f9ebba71479e""},{""@Name"":""updateRevisionNumber"",""#text"":""1""}]}}"
810,810,2025-07-29 07:44:00.9276670,19,Info,Microsoft-Windows-WindowsUpdateClient,System,500,5876,DESKTOP-5A3QN5S,6,S-1-5-18,,,,,,,,,,,False,C:\Users\VM\Desktop\System.evtx,Installation,0,"{""EventData"":{""Data"":[{""@Name"":""updateTitle"",""#text"":""9N8MHTPHNGVV-Microsoft.Windows.DevHome""},{""@Name"":""updateGuid"",""#text"":""42add8fd-6b1d-466a-861f-f9ebba71479e""},{""@Name"":""updateRevisionNumber"",""#text"":""1""},{""@Name"":""serviceGuid"",""#text"":""855e8a7c-ecb4-4ca3-b045-1dfa50104289""}]}}"
811,811,2025-07-29 08:12:43.3301062,105,Info,Microsoft-Windows-Kernel-Power,System,4,2540,DESKTOP-5A3QN5S,6,S-1-5-18,,,,,,,,,,,False,C:\Users\VM\Desktop\System.evtx,0x8000000000000404,0,"{""EventData"":{""Data"":[{""@Name"":""AcOnline"",""#text"":""False""},{""@Name"":""RemainingCapacity"",""#text"":""50000""},{""@Name"":""FullChargeCapacity"",""#text"":""50000""}]}}"
812,812,2025-07-29 09:07:04.8620287,24,Info,Microsoft-Windows-Kernel-General,System,1304,1384,DESKTOP-5A3QN5S,6,S-1-5-18,,,,,,,,,,,False,C:\Users\VM\Desktop\System.evtx,Time,0,"{""EventData"":{""Data"":[{""@Name"":""ExitReason"",""#text"":""0""},{""@Name"":""CurrentBias"",""#text"":""420""},{""@Name"":""CurrentTimeZoneID"",""#text"":""2""},{""@Name"":""TimeZoneInfoCacheUpdated"",""#text"":""0""},{""@Name"":""FirstRefresh"",""#text"":""0""}]}}"
813,813,2025-07-29 09:07:04.8625629,1,Info,Microsoft-Windows-Kernel-General,System,1304,1384,DESKTOP-5A3QN5S,6,S-1-5-18,The system time was changed,,,OldTime: 2025-07-29 08:13:14.2632971,NewTime: 2025-07-29 09:07:04.8590000,Reason: An application or system component changed the time.,,,,,False,C:\Users\VM\Desktop\System.evtx,Time,0,"{""EventData"":{""Data"":[{""@Name"":""NewTime"",""#text"":""2025-07-29 09:07:04.8590000""},{""@Name"":""OldTime"",""#text"":""2025-07-29 08:13:14.2632971""},{""@Name"":""Reason"",""#text"":""1""},{""@Name"":""ProcessName"",""#text"":""\\Device\\HarddiskVolume2\\Windows\\System32\\VBoxService.exe""},{""@Name"":""ProcessID"",""#text"":""1304""}]}}"
814,814,2025-07-29 09:08:06.8138051,105,Info,Microsoft-Windows-Kernel-Power,System,4,3648,DESKTOP-5A3QN5S,6,S-1-5-18,,,,,,,,,,,False,C:\Users\VM\Desktop\System.evtx,0x8000000000000404,0,"{""EventData"":{""Data"":[{""@Name"":""AcOnline"",""#text"":""True""},{""@Name"":""RemainingCapacity"",""#text"":""49500""},{""@Name"":""FullChargeCapacity"",""#text"":""50000""}]}}"
815,815,2025-07-29 09:29:01.8832238,44,Info,Microsoft-Windows-WindowsUpdateClient,System,500,3584,DESKTOP-5A3QN5S,6,S-1-5-18,,,,,,,,,,,False,C:\Users\VM\Desktop\System.evtx,0x8000000000002004,0,"{""EventData"":{""Data"":[{""@Name"":""updateTitle"",""#text"":""2024-10 Update for Windows 10 Version 22H2 for x64-based Systems (KB5001716)""},{""@Name"":""updateGuid"",""#text"":""da899a52-6192-4d3a-b76d-53b212b02e6d""},{""@Name"":""updateRevisionNumber"",""#text"":""200""}]}}"
816,816,2025-07-29 09:29:06.1426734,44,Info,Microsoft-Windows-WindowsUpdateClient,System,500,3584,DESKTOP-5A3QN5S,6,S-1-5-18,,,,,,,,,,,False,C:\Users\VM\Desktop\System.evtx,0x8000000000002004,0,"{""EventData"":{""Data"":[{""@Name"":""updateTitle"",""#text"":""2025-07 Cumulative Update for .NET Framework 3.5, 4.8 and 4.8.1 for Windows 10 Version 22H2 for x64 (KB5062154)""},{""@Name"":""updateGuid"",""#text"":""965e0b90-e812-461d-b41c-00f18f167028""},{""@Name"":""updateRevisionNumber"",""#text"":""200""}]}}"
817,817,2025-07-29 09:29:06.1447979,43,Info,Microsoft-Windows-WindowsUpdateClient,System,500,3584,DESKTOP-5A3QN5S,6,S-1-5-18,,,,,,,,,,,False,C:\Users\VM\Desktop\System.evtx,0x8000000000002008,0,"{""EventData"":{""Data"":[{""@Name"":""updateTitle"",""#text"":""2024-10 Update for Windows 10 Version 22H2 for x64-based Systems (KB5001716)""},{""@Name"":""updateGuid"",""#text"":""da899a52-6192-4d3a-b76d-53b212b02e6d""},{""@Name"":""updateRevisionNumber"",""#text"":""200""}]}}"
818,818,2025-07-29 09:29:11.2264869,19,Info,Microsoft-Windows-WindowsUpdateClient,System,500,8896,DESKTOP-5A3QN5S,6,S-1-5-18,,,,,,,,,,,False,C:\Users\VM\Desktop\System.evtx,Installation,0,"{""EventData"":{""Data"":[{""@Name"":""updateTitle"",""#text"":""2024-10 Update for Windows 10 Version 22H2 for x64-based Systems (KB5001716)""},{""@Name"":""updateGuid"",""#text"":""da899a52-6192-4d3a-b76d-53b212b02e6d""},{""@Name"":""updateRevisionNumber"",""#text"":""200""},{""@Name"":""serviceGuid"",""#text"":""9482f4b4-e343-43b6-b170-9a65bc822c77""}]}}"
819,819,2025-07-29 09:29:23.4912364,43,Info,Microsoft-Windows-WindowsUpdateClient,System,500,8896,DESKTOP-5A3QN5S,6,S-1-5-18,,,,,,,,,,,False,C:\Users\VM\Desktop\System.evtx,0x8000000000002008,0,"{""EventData"":{""Data"":[{""@Name"":""updateTitle"",""#text"":""2025-07 Cumulative Update for .NET Framework 3.5, 4.8 and 4.8.1 for Windows 10 Version 22H2 for x64 (KB5062154)""},{""@Name"":""updateGuid"",""#text"":""965e0b90-e812-461d-b41c-00f18f167028""},{""@Name"":""updateRevisionNumber"",""#text"":""200""}]}}"
820,820,2025-07-29 09:29:24.6007007,7040,Info,Service Control Manager,System,708,4448,DESKTOP-5A3QN5S,6,S-1-5-18,Start type of a service has changed,,,The start type of the Windows Modules Installer was changed from demand start to auto start,,,,,,TrustedInstaller,False,C:\Users\VM\Desktop\System.evtx,"Audit success, classic",0,"{""EventData"":{""Data"":[{""@Name"":""param1"",""#text"":""Windows Modules Installer""},{""@Name"":""param2"",""#text"":""demand start""},{""@Name"":""param3"",""#text"":""auto start""},{""@Name"":""param4"",""#text"":""TrustedInstaller""}]}}"
821,821,2025-07-29 16:37:58.3057621,1014,Warning,Microsoft-Windows-DNS-Client,System,1316,1512,DESKTOP-5A3QN5S,6,S-1-5-20,,,,,,,,,,,False,C:\Users\VM\Desktop\System.evtx,0x4000000010000000,0,"{""EventData"":{""Data"":[{""@Name"":""QueryName"",""#text"":""merino.services.mozilla.com""},{""@Name"":""AddressLength"",""#text"":""128""},{""@Name"":""Address"",""#text"":""02-00-00-00-0A-00-02-03-00-00-00-00-00-00-00-00-00-00-00-00-00-00-00-00-00-00-00-00-00-00-00-00-00-00-00-00-00-00-00-00-00-00-00-00-00-00-00-00-00-00-00-00-00-00-00-00-00-00-00-00-00-00-00-00-00-00-00-00-00-00-00-00-00-00-00-00-00-00-00-00-00-00-00-00-00-00-00-00-00-00-00-00-00-00-00-00-00-00-00-00-00-00-00-00-00-00-00-00-00-00-00-00-00-00-00-00-00-00-00-00-00-00-00-00-00-00-00-00""}]}}"
822,822,2025-07-29 17:02:49.4433424,1074,Info,User32,System,496,1964,DESKTOP-5A3QN5S,6,S-1-5-21-3151804214-3226339955-2188200191-1001,A user initiated a system restart,DESKTOP-5A3QN5S\VM,,Hostname: DESKTOP-5A3QN5S,Reason: Other (Unplanned),Type: power off,Code: 0x0,,,C:\Windows\System32\RuntimeBroker.exe (DESKTOP-5A3QN5S),False,C:\Users\VM\Desktop\System.evtx,"Audit success, classic",0,"{""EventData"":{""Data"":[{""@Name"":""param1"",""#text"":""C:\\Windows\\System32\\RuntimeBroker.exe (DESKTOP-5A3QN5S)""},{""@Name"":""param2"",""#text"":""DESKTOP-5A3QN5S""},{""@Name"":""param3"",""#text"":""Other (Unplanned)""},{""@Name"":""param4"",""#text"":""0x0""},{""@Name"":""param5"",""#text"":""power off""},{""@Name"":""param6""},{""@Name"":""param7"",""#text"":""DESKTOP-5A3QN5S\\VM""}]}}"
823,823,2025-07-29 17:03:01.9177259,7002,Info,Microsoft-Windows-Winlogon,System,672,520,DESKTOP-5A3QN5S,6,S-1-5-18,User logoff,,,UserSID: S-1-5-21-3151804214-3226339955-2188200191-1001,,,,,,,False,C:\Users\VM\Desktop\System.evtx,0x2000200000000000,0,"{""EventData"":{""Data"":[{""@Name"":""TSId"",""#text"":""1""},{""@Name"":""UserSid"",""#text"":""S-1-5-21-3151804214-3226339955-2188200191-1001""}]}}"
824,824,2025-07-29 17:03:03.8460680,6006,Info,EventLog,System,0,0,DESKTOP-5A3QN5S,6,,The Event log service was stopped,,,Computer: DESKTOP-5A3QN5S,,,,,,,False,C:\Users\VM\Desktop\System.evtx,0x80000000000000,0,"{""EventData"":{""Data"":"""",""Binary"":""01-00-00-00-9E-0C-00-00""}}"
825,825,2025-07-29 17:03:03.7761500,50104,Info,Microsoft-Windows-Dhcp-Client,System,764,760,DESKTOP-5A3QN5S,6,S-1-5-19,,,,,,,,,,,False,C:\Users\VM\Desktop\System.evtx,0x2000000000000000,0,"{""EventData"":""""}"
826,826,2025-07-29 17:03:03.7833278,50105,Info,Microsoft-Windows-Dhcp-Client,System,764,1236,DESKTOP-5A3QN5S,6,S-1-5-19,,,,,,,,,,,False,C:\Users\VM\Desktop\System.evtx,0x2000000000000000,0,"{""EventData"":""""}"
827,827,2025-07-29 17:03:03.8533450,51047,Info,Microsoft-Windows-DHCPv6-Client,System,764,1280,DESKTOP-5A3QN5S,6,S-1-5-19,,,,,,,,,,,False,C:\Users\VM\Desktop\System.evtx,0x2000000000000000,0,"{""EventData"":{""Data"":{""@Name"":""DwordVal"",""#text"":""1""}}}"
828,828,2025-07-29 17:03:03.8533503,51057,Info,Microsoft-Windows-DHCPv6-Client,System,764,1280,DESKTOP-5A3QN5S,6,S-1-5-19,,,,,,,,,,,False,C:\Users\VM\Desktop\System.evtx,0x2000000000000000,0,"{""EventData"":{""Data"":{""@Name"":""DwordVal"",""#text"":""1""}}}"
829,829,2025-07-29 17:03:03.8813791,50106,Info,Microsoft-Windows-Dhcp-Client,System,764,1236,DESKTOP-5A3QN5S,6,S-1-5-19,,,,,,,,,,,False,C:\Users\VM\Desktop\System.evtx,0x2000000000000000,0,"{""EventData"":""""}"
830,830,2025-07-29 17:03:03.8814042,50037,Info,Microsoft-Windows-Dhcp-Client,System,764,1236,DESKTOP-5A3QN5S,6,S-1-5-19,,,,,,,,,,,False,C:\Users\VM\Desktop\System.evtx,0x2000000000000000,0,"{""EventData"":{""Data"":{""@Name"":""DwordVal"",""#text"":""1""}}}"
831,831,2025-07-30 02:07:46.8085944,6009,Info,EventLog,System,0,0,DESKTOP-5A3QN5S,6,,,,,,,,,,,,False,C:\Users\VM\Desktop\System.evtx,0x80000000000000,0,"{""EventData"":{""Data"":""10.00., 19045, Multiprocessor Free, 0"",""Binary"":""""}}"
832,832,2025-07-30 02:07:46.8085944,6005,Info,EventLog,System,0,0,DESKTOP-5A3QN5S,6,,The Event log service was started,,,Computer: DESKTOP-5A3QN5S,,,,,,,False,C:\Users\VM\Desktop\System.evtx,0x80000000000000,0,"{""EventData"":{""Data"":"""",""Binary"":""E9-07-07-00-03-00-1E-00-02-00-07-00-2E-00-28-03-00-00-00-00-00-00-00-00""}}"
833,833,2025-07-30 02:07:46.8085944,6013,Info,EventLog,System,0,0,DESKTOP-5A3QN5S,6,,System uptime,,,The system uptime is 15 seconds,"TimeZone: 60, 480 Pacific Standard Time",,,,,,False,C:\Users\VM\Desktop\System.evtx,0x80000000000000,0,"{""EventData"":{""Data"":""15, 60, 480 Pacific Standard Time"",""Binary"":""31-00-2E-00-31-00-00-00-30-00-00-00-57-00-69-00-6E-00-64-00-6F-00-77-00-73-00-20-00-31-00-30-00-20-00-50-00-72-00-6F-00-00-00-31-00-30-00-2E-00-30-00-2E-00-31-00-39-00-30-00-34-00-35-00-20-00-42-00-75-00-69-00-6C-00-64-00-20-00-31-00-39-00-30-00-34-00-35-00-20-00-20-00-00-00-4D-00-75-00-6C-00-74-00-69-00-70-00-72-00-6F-00-63-00-65-00-73-00-73-00-6F-00-72-00-20-00-46-00-72-00-65-00-65-00-00-00-31-00-39-00-30-00-34-00-31-00-2E-00-76-00-62-00-5F-00-72-00-65-00-6C-00-65-00-61-00-73-00-65-00-2E-00-31-00-39-00-31-00-32-00-30-00-36-00-2D-00-31-00-34-00-30-00-36-00-00-00-36-00-38-00-38-00-37-00-64-00-35-00-61-00-38-00-00-00-4E-00-6F-00-74-00-20-00-41-00-76-00-61-00-69-00-6C-00-61-00-62-00-6C-00-65-00-00-00-4E-00-6F-00-74-00-20-00-41-00-76-00-61-00-69-00-6C-00-61-00-62-00-6C-00-65-00-00-00-39-00-00-00-34-00-00-00-33-00-35-00-35-00-37-00-00-00-34-00-30-00-39-00-00-00-44-00-45-00-53-00-4B-00-54-00-4F-00-50-00-2D-00-35-00-41-00-33-00-51-00-4E-00-35-00-53-00-00-00-00-00""}}"
834,834,2025-07-29 17:03:05.6899511,109,Info,Microsoft-Windows-Kernel-Power,System,572,576,DESKTOP-5A3QN5S,6,,,,,,,,,,,,False,C:\Users\VM\Desktop\System.evtx,0x8000400000000404,0,"{""EventData"":{""Data"":[{""@Name"":""ShutdownActionType"",""#text"":""6""},{""@Name"":""ShutdownEventCode"",""#text"":""0""},{""@Name"":""ShutdownReason"",""#text"":""5""}]}}"
835,835,2025-07-29 17:03:11.9670272,13,Info,Microsoft-Windows-Kernel-General,System,4,5948,DESKTOP-5A3QN5S,6,,OS was shutdown,,,StopTime: 2025-07-29 17:03:11.9670255,"BootMode: ",,,,,,False,C:\Users\VM\Desktop\System.evtx,State,0,"{""EventData"":{""Data"":{""@Name"":""StopTime"",""#text"":""2025-07-29 17:03:11.9670255""}}}"
836,836,2025-07-30 02:07:32.5636894,12,Info,Microsoft-Windows-Kernel-General,System,4,8,DESKTOP-5A3QN5S,6,S-1-5-18,OS was started,,,StartTime: 2025-07-30 02:07:31.5000000,BootMode: Normal boot,,,,,,False,C:\Users\VM\Desktop\System.evtx,State,0,"{""EventData"":{""Data"":[{""@Name"":""MajorVersion"",""#text"":""10""},{""@Name"":""MinorVersion"",""#text"":""0""},{""@Name"":""BuildVersion"",""#text"":""19041""},{""@Name"":""QfeVersion"",""#text"":""6093""},{""@Name"":""ServiceVersion"",""#text"":""0""},{""@Name"":""BootMode"",""#text"":""0""},{""@Name"":""StartTime"",""#text"":""2025-07-30 02:07:31.5000000""}]}}"
837,837,2025-07-30 02:07:32.5637221,153,Info,Microsoft-Windows-Kernel-Boot,System,4,8,DESKTOP-5A3QN5S,6,S-1-5-18,,,,,,,,,,,False,C:\Users\VM\Desktop\System.evtx,Classic,0,"{""EventData"":{""Data"":[{""@Name"":""Status"",""#text"":""0""},{""@Name"":""EnableDisableReason"",""#text"":""0""},{""@Name"":""VsmPolicy"",""#text"":""0""}]}}"
838,838,2025-07-30 02:07:32.5644382,20,Info,Microsoft-Windows-Kernel-Boot,System,4,8,DESKTOP-5A3QN5S,6,S-1-5-18,,,,,,,,,,,False,C:\Users\VM\Desktop\System.evtx,Classic,0,"{""EventData"":{""Data"":[{""@Name"":""LastShutdownGood"",""#text"":""False""},{""@Name"":""LastBootGood"",""#text"":""False""},{""@Name"":""LastBootId"",""#text"":""8""},{""@Name"":""BootStatusPolicy"",""#text"":""2""}]}}"
839,839,2025-07-30 02:07:32.5645061,25,Info,Microsoft-Windows-Kernel-Boot,System,4,8,DESKTOP-5A3QN5S,6,S-1-5-18,,,,,,,,,,,False,C:\Users\VM\Desktop\System.evtx,Classic,0,"{""EventData"":{""Data"":{""@Name"":""BootMenuPolicy"",""#text"":""1""}}}"
840,840,2025-07-30 02:07:32.5645065,27,Info,Microsoft-Windows-Kernel-Boot,System,4,8,DESKTOP-5A3QN5S,6,S-1-5-18,,,,,,,,,,,False,C:\Users\VM\Desktop\System.evtx,Classic,0,"{""EventData"":{""Data"":[{""@Name"":""BootType"",""#text"":""0""},{""@Name"":""LoadOptions"",""#text"":"" NOEXECUTE=OPTIN""}]}}"
841,841,2025-07-30 02:07:32.5645119,18,Info,Microsoft-Windows-Kernel-Boot,System,4,8,DESKTOP-5A3QN5S,6,S-1-5-18,,,,,,,,,,,False,C:\Users\VM\Desktop\System.evtx,Classic,0,"{""EventData"":{""Data"":{""@Name"":""EntryCount"",""#text"":""1""}}}"
842,842,2025-07-30 02:07:32.5645335,32,Info,Microsoft-Windows-Kernel-Boot,System,4,8,DESKTOP-5A3QN5S,6,S-1-5-18,,,,,,,,,,,False,C:\Users\VM\Desktop\System.evtx,Classic,0,"{""EventData"":{""Data"":{""@Name"":""BitlockerUserInputTime"",""#text"":""0""}}}"
843,843,2025-07-30 02:07:32.6008897,20,Info,Microsoft-Windows-Kernel-General,System,4,8,DESKTOP-5A3QN5S,6,S-1-5-18,,,,,,,,,,,False,C:\Users\VM\Desktop\System.evtx,Time,0,"{""EventData"":{""Data"":[{""@Name"":""UpdateReason"",""#text"":""0""},{""@Name"":""EnabledNew"",""#text"":""True""},{""@Name"":""CountNew"",""#text"":""0""},{""@Name"":""CountOld"",""#text"":""0""}]}}"
844,844,2025-07-30 02:07:32.8018902,16,Info,Microsoft-Windows-HAL,System,4,8,DESKTOP-5A3QN5S,6,S-1-5-18,,,,,,,,,,,False,C:\Users\VM\Desktop\System.evtx,Classic,0,"{""EventData"":""""}"
845,845,2025-07-30 02:07:33.0566087,6,Info,Microsoft-Windows-FilterManager,System,4,8,DESKTOP-5A3QN5S,6,S-1-5-18,,,,,,,,,,,False,C:\Users\VM\Desktop\System.evtx,Classic,0,"{""EventData"":{""Data"":[{""@Name"":""FinalStatus"",""#text"":""0x0""},{""@Name"":""DeviceVersionMajor"",""#text"":""10""},{""@Name"":""DeviceVersionMinor"",""#text"":""0""},{""@Name"":""DeviceNameLength"",""#text"":""8""},{""@Name"":""DeviceName"",""#text"":""FileInfo""},{""@Name"":""DeviceTime"",""#text"":""2062-12-22 22:21:06.0000000""}]}}"
846,846,2025-07-30 02:07:33.0573303,6,Info,Microsoft-Windows-FilterManager,System,4,8,DESKTOP-5A3QN5S,6,S-1-5-18,,,,,,,,,,,False,C:\Users\VM\Desktop\System.evtx,Classic,0,"{""EventData"":{""Data"":[{""@Name"":""FinalStatus"",""#text"":""0x0""},{""@Name"":""DeviceVersionMajor"",""#text"":""10""},{""@Name"":""DeviceVersionMinor"",""#text"":""0""},{""@Name"":""DeviceNameLength"",""#text"":""3""},{""@Name"":""DeviceName"",""#text"":""Wof""},{""@Name"":""DeviceTime"",""#text"":""2090-03-16 11:56:17.0000000""}]}}"
847,847,2025-07-30 02:07:33.0593189,6,Info,Microsoft-Windows-FilterManager,System,4,8,DESKTOP-5A3QN5S,6,S-1-5-18,,,,,,,,,,,False,C:\Users\VM\Desktop\System.evtx,Classic,0,"{""EventData"":{""Data"":[{""@Name"":""FinalStatus"",""#text"":""0x0""},{""@Name"":""DeviceVersionMajor"",""#text"":""10""},{""@Name"":""DeviceVersionMinor"",""#text"":""0""},{""@Name"":""DeviceNameLength"",""#text"":""8""},{""@Name"":""DeviceName"",""#text"":""WdFilter""},{""@Name"":""DeviceTime"",""#text"":""2020-04-16 01:35:56.0000000""}]}}"
848,848,2025-07-30 02:07:33.1205500,6,Info,Microsoft-Windows-FilterManager,System,4,8,DESKTOP-5A3QN5S,6,S-1-5-18,,,,,,,,,,,False,C:\Users\VM\Desktop\System.evtx,Classic,0,"{""EventData"":{""Data"":[{""@Name"":""FinalStatus"",""#text"":""0x0""},{""@Name"":""DeviceVersionMajor"",""#text"":""0""},{""@Name"":""DeviceVersionMinor"",""#text"":""0""},{""@Name"":""DeviceNameLength"",""#text"":""9""},{""@Name"":""DeviceName"",""#text"":""SysmonDrv""},{""@Name"":""DeviceTime"",""#text"":""2024-07-22 08:29:55.0000000""}]}}"
