1069,1069,2025-07-29 17:23:51.2747586,10016,Warning,Microsoft-Windows-DistributedCOM,System,968,572,DESKTOP-5A3QN5S,7,S-1-5-18,,,,,,,,,,,False,C:\Users\VM\Desktop\System.evtx,"Audit success, classic",0,"{""EventData"":{""Data"":[{""@Name"":""param1"",""#text"":""application-specific""},{""@Name"":""param2"",""#text"":""Local""},{""@Name"":""param3"",""#text"":""Launch""},{""@Name"":""param4"",""#text"":""Windows.SecurityCenter.WscDataProtection""},{""@Name"":""param5"",""#text"":""Unavailable""},{""@Name"":""param6"",""#text"":""NT AUTHORITY""},{""@Name"":""param7"",""#text"":""SYSTEM""},{""@Name"":""param8"",""#text"":""S-1-5-18""},{""@Name"":""param9"",""#text"":""LocalHost (Using LRPC)""},{""@Name"":""param10"",""#text"":""Unavailable""},{""@Name"":""param11"",""#text"":""Unavailable""}]}}"
1070,1070,2025-07-29 17:38:58.3280779,1074,Info,User32,System,484,612,DESKTOP-5A3QN5S,7,S-1-5-21-3151804214-3226339955-2188200191-1001,A user initiated a system restart,DESKTOP-5A3QN5S\VM,,Hostname: DESKTOP-5A3QN5S,Reason: Other (Unplanned),Type: power off,Code: 0x0,,,C:\Windows\System32\RuntimeBroker.exe (DESKTOP-5A3QN5S),False,C:\Users\VM\Desktop\System.evtx,"Audit success, classic",0,"{""EventData"":{""Data"":[{""@Name"":""param1"",""#text"":""C:\\Windows\\System32\\RuntimeBroker.exe (DESKTOP-5A3QN5S)""},{""@Name"":""param2"",""#text"":""DESKTOP-5A3QN5S""},{""@Name"":""param3"",""#text"":""Other (Unplanned)""},{""@Name"":""param4"",""#text"":""0x0""},{""@Name"":""param5"",""#text"":""power off""},{""@Name"":""param6""},{""@Name"":""param7"",""#text"":""DESKTOP-5A3QN5S\\VM""}]}}"
1071,1071,2025-07-29 17:39:06.2854466,6006,Info,EventLog,System,0,0,DESKTOP-5A3QN5S,7,,The Event log service was stopped,,,Computer: DESKTOP-5A3QN5S,,,,,,,False,C:\Users\VM\Desktop\System.evtx,0x80000000000000,0,"{""EventData"":{""Data"":"""",""Binary"":""01-00-00-00-71-81-FF-FF""}}"
1072,1072,2025-07-29 17:39:05.5804820,7002,Info,Microsoft-Windows-Winlogon,System,656,752,DESKTOP-5A3QN5S,7,S-1-5-18,User logoff,,,UserSID: S-1-5-21-3151804214-3226339955-2188200191-1001,,,,,,,False,C:\Users\VM\Desktop\System.evtx,0x2000200000000000,0,"{""EventData"":{""Data"":[{""@Name"":""TSId"",""#text"":""1""},{""@Name"":""UserSid"",""#text"":""S-1-5-21-3151804214-3226339955-2188200191-1001""}]}}"
1073,1073,2025-07-29 17:39:06.1653017,50104,Info,Microsoft-Windows-Dhcp-Client,System,1060,1064,DESKTOP-5A3QN5S,7,S-1-5-19,,,,,,,,,,,False,C:\Users\VM\Desktop\System.evtx,0x2000000000000000,0,"{""EventData"":""""}"
1074,1074,2025-07-29 17:39:06.1682359,50105,Info,Microsoft-Windows-Dhcp-Client,System,1060,1384,DESKTOP-5A3QN5S,7,S-1-5-19,,,,,,,,,,,False,C:\Users\VM\Desktop\System.evtx,0x2000000000000000,0,"{""EventData"":""""}"
1075,1075,2025-07-29 17:39:06.3017258,51047,Info,Microsoft-Windows-DHCPv6-Client,System,1060,1432,DESKTOP-5A3QN5S,7,S-1-5-19,,,,,,,,,,,False,C:\Users\VM\Desktop\System.evtx,0x2000000000000000,0,"{""EventData"":{""Data"":{""@Name"":""DwordVal"",""#text"":""1""}}}"
1076,1076,2025-07-29 17:39:06.3212797,50106,Info,Microsoft-Windows-Dhcp-Client,System,1060,1384,DESKTOP-5A3QN5S,7,S-1-5-19,,,,,,,,,,,False,C:\Users\VM\Desktop\System.evtx,0x2000000000000000,0,"{""EventData"":""""}"
1077,1077,2025-07-29 17:39:06.3216997,50037,Info,Microsoft-Windows-Dhcp-Client,System,1060,1384,DESKTOP-5A3QN5S,7,S-1-5-19,,,,,,,,,,,False,C:\Users\VM\Desktop\System.evtx,0x2000000000000000,0,"{""EventData"":{""Data"":{""@Name"":""DwordVal"",""#text"":""1""}}}"
1078,1078,2025-07-30 02:40:17.9788569,6009,Info,EventLog,System,0,0,DESKTOP-5A3QN5S,7,,,,,,,,,,,,False,C:\Users\VM\Desktop\System.evtx,0x80000000000000,0,"{""EventData"":{""Data"":""10.00., 19045, Multiprocessor Free, 0"",""Binary"":""""}}"
1079,1079,2025-07-30 02:40:17.9788569,6005,Info,EventLog,System,0,0,DESKTOP-5A3QN5S,7,,The Event log service was started,,,Computer: DESKTOP-5A3QN5S,,,,,,,False,C:\Users\VM\Desktop\System.evtx,0x80000000000000,0,"{""EventData"":{""Data"":"""",""Binary"":""E9-07-07-00-03-00-1E-00-02-00-28-00-11-00-D2-03-00-00-00-00-00-00-00-00""}}"
1080,1080,2025-07-30 02:40:17.9788569,6013,Info,EventLog,System,0,0,DESKTOP-5A3QN5S,7,,System uptime,,,The system uptime is 22 seconds,"TimeZone: 60, 480 Pacific Standard Time",,,,,,False,C:\Users\VM\Desktop\System.evtx,0x80000000000000,0,"{""EventData"":{""Data"":""22, 60, 480 Pacific Standard Time"",""Binary"":""31-00-2E-00-31-00-00-00-30-00-00-00-57-00-69-00-6E-00-64-00-6F-00-77-00-73-00-20-00-31-00-30-00-20-00-50-00-72-00-6F-00-00-00-31-00-30-00-2E-00-30-00-2E-00-31-00-39-00-30-00-34-00-35-00-20-00-42-00-75-00-69-00-6C-00-64-00-20-00-31-00-39-00-30-00-34-00-35-00-20-00-20-00-00-00-4D-00-75-00-6C-00-74-00-69-00-70-00-72-00-6F-00-63-00-65-00-73-00-73-00-6F-00-72-00-20-00-46-00-72-00-65-00-65-00-00-00-31-00-39-00-30-00-34-00-31-00-2E-00-76-00-62-00-5F-00-72-00-65-00-6C-00-65-00-61-00-73-00-65-00-2E-00-31-00-39-00-31-00-32-00-30-00-36-00-2D-00-31-00-34-00-30-00-36-00-00-00-36-00-38-00-38-00-37-00-64-00-35-00-61-00-38-00-00-00-4E-00-6F-00-74-00-20-00-41-00-76-00-61-00-69-00-6C-00-61-00-62-00-6C-00-65-00-00-00-4E-00-6F-00-74-00-20-00-41-00-76-00-61-00-69-00-6C-00-61-00-62-00-6C-00-65-00-00-00-39-00-00-00-34-00-00-00-33-00-35-00-35-00-37-00-00-00-34-00-30-00-39-00-00-00-44-00-45-00-53-00-4B-00-54-00-4F-00-50-00-2D-00-35-00-41-00-33-00-51-00-4E-00-35-00-53-00-00-00-00-00""}}"
1081,1081,2025-07-29 17:39:08.0656055,109,Info,Microsoft-Windows-Kernel-Power,System,560,564,DESKTOP-5A3QN5S,7,,,,,,,,,,,,False,C:\Users\VM\Desktop\System.evtx,0x8000400000000404,0,"{""EventData"":{""Data"":[{""@Name"":""ShutdownActionType"",""#text"":""6""},{""@Name"":""ShutdownEventCode"",""#text"":""0""},{""@Name"":""ShutdownReason"",""#text"":""5""}]}}"
1082,1082,2025-07-29 17:39:10.0131859,13,Info,Microsoft-Windows-Kernel-General,System,4,4140,DESKTOP-5A3QN5S,7,,OS was shutdown,,,StopTime: 2025-07-29 17:39:10.0131833,"BootMode: ",,,,,,False,C:\Users\VM\Desktop\System.evtx,State,280,"{""EventData"":{""Data"":{""@Name"":""StopTime"",""#text"":""2025-07-29 17:39:10.0131833""}}}"
1083,1083,2025-07-30 02:39:56.8307766,12,Info,Microsoft-Windows-Kernel-General,System,4,8,DESKTOP-5A3QN5S,7,S-1-5-18,OS was started,,,StartTime: 2025-07-30 02:39:55.5000000,BootMode: Normal boot,,,,,,False,C:\Users\VM\Desktop\System.evtx,State,0,"{""EventData"":{""Data"":[{""@Name"":""MajorVersion"",""#text"":""10""},{""@Name"":""MinorVersion"",""#text"":""0""},{""@Name"":""BuildVersion"",""#text"":""19041""},{""@Name"":""QfeVersion"",""#text"":""6093""},{""@Name"":""ServiceVersion"",""#text"":""0""},{""@Name"":""BootMode"",""#text"":""0""},{""@Name"":""StartTime"",""#text"":""2025-07-30 02:39:55.5000000""}]}}"
1084,1084,2025-07-30 02:39:56.8308122,153,Info,Microsoft-Windows-Kernel-Boot,System,4,8,DESKTOP-5A3QN5S,7,S-1-5-18,,,,,,,,,,,False,C:\Users\VM\Desktop\System.evtx,Classic,0,"{""EventData"":{""Data"":[{""@Name"":""Status"",""#text"":""0""},{""@Name"":""EnableDisableReason"",""#text"":""0""},{""@Name"":""VsmPolicy"",""#text"":""0""}]}}"
1085,1085,2025-07-30 02:39:56.8317328,20,Info,Microsoft-Windows-Kernel-Boot,System,4,8,DESKTOP-5A3QN5S,7,S-1-5-18,,,,,,,,,,,False,C:\Users\VM\Desktop\System.evtx,Classic,0,"{""EventData"":{""Data"":[{""@Name"":""LastShutdownGood"",""#text"":""True""},{""@Name"":""LastBootGood"",""#text"":""True""},{""@Name"":""LastBootId"",""#text"":""12""},{""@Name"":""BootStatusPolicy"",""#text"":""2""}]}}"
1086,1086,2025-07-30 02:39:56.8317573,25,Info,Microsoft-Windows-Kernel-Boot,System,4,8,DESKTOP-5A3QN5S,7,S-1-5-18,,,,,,,,,,,False,C:\Users\VM\Desktop\System.evtx,Classic,0,"{""EventData"":{""Data"":{""@Name"":""BootMenuPolicy"",""#text"":""1""}}}"
1087,1087,2025-07-30 02:39:56.8317577,27,Info,Microsoft-Windows-Kernel-Boot,System,4,8,DESKTOP-5A3QN5S,7,S-1-5-18,,,,,,,,,,,False,C:\Users\VM\Desktop\System.evtx,Classic,0,"{""EventData"":{""Data"":[{""@Name"":""BootType"",""#text"":""0""},{""@Name"":""LoadOptions"",""#text"":"" NOEXECUTE=OPTIN""}]}}"
1088,1088,2025-07-30 02:39:56.8317623,18,Info,Microsoft-Windows-Kernel-Boot,System,4,8,DESKTOP-5A3QN5S,7,S-1-5-18,,,,,,,,,,,False,C:\Users\VM\Desktop\System.evtx,Classic,0,"{""EventData"":{""Data"":{""@Name"":""EntryCount"",""#text"":""1""}}}"
1089,1089,2025-07-30 02:39:56.8317941,32,Info,Microsoft-Windows-Kernel-Boot,System,4,8,DESKTOP-5A3QN5S,7,S-1-5-18,,,,,,,,,,,False,C:\Users\VM\Desktop\System.evtx,Classic,0,"{""EventData"":{""Data"":{""@Name"":""BitlockerUserInputTime"",""#text"":""0""}}}"
1090,1090,2025-07-30 02:39:56.8382037,20,Info,Microsoft-Windows-Kernel-General,System,4,8,DESKTOP-5A3QN5S,7,S-1-5-18,,,,,,,,,,,False,C:\Users\VM\Desktop\System.evtx,Time,0,"{""EventData"":{""Data"":[{""@Name"":""UpdateReason"",""#text"":""0""},{""@Name"":""EnabledNew"",""#text"":""True""},{""@Name"":""CountNew"",""#text"":""0""},{""@Name"":""CountOld"",""#text"":""0""}]}}"
1091,1091,2025-07-30 02:39:57.0957910,16,Info,Microsoft-Windows-HAL,System,4,8,DESKTOP-5A3QN5S,7,S-1-5-18,,,,,,,,,,,False,C:\Users\VM\Desktop\System.evtx,Classic,0,"{""EventData"":""""}"
1092,1092,2025-07-30 02:39:59.9735377,6,Info,Microsoft-Windows-FilterManager,System,4,8,DESKTOP-5A3QN5S,7,S-1-5-18,,,,,,,,,,,False,C:\Users\VM\Desktop\System.evtx,Classic,0,"{""EventData"":{""Data"":[{""@Name"":""FinalStatus"",""#text"":""0x0""},{""@Name"":""DeviceVersionMajor"",""#text"":""10""},{""@Name"":""DeviceVersionMinor"",""#text"":""0""},{""@Name"":""DeviceNameLength"",""#text"":""8""},{""@Name"":""DeviceName"",""#text"":""FileInfo""},{""@Name"":""DeviceTime"",""#text"":""2062-12-22 22:21:06.0000000""}]}}"
1093,1093,2025-07-30 02:39:59.9741245,6,Info,Microsoft-Windows-FilterManager,System,4,8,DESKTOP-5A3QN5S,7,S-1-5-18,,,,,,,,,,,False,C:\Users\VM\Desktop\System.evtx,Classic,0,"{""EventData"":{""Data"":[{""@Name"":""FinalStatus"",""#text"":""0x0""},{""@Name"":""DeviceVersionMajor"",""#text"":""10""},{""@Name"":""DeviceVersionMinor"",""#text"":""0""},{""@Name"":""DeviceNameLength"",""#text"":""3""},{""@Name"":""DeviceName"",""#text"":""Wof""},{""@Name"":""DeviceTime"",""#text"":""2090-03-16 11:56:17.0000000""}]}}"
1094,1094,2025-07-30 02:39:59.9755964,6,Info,Microsoft-Windows-FilterManager,System,4,8,DESKTOP-5A3QN5S,7,S-1-5-18,,,,,,,,,,,False,C:\Users\VM\Desktop\System.evtx,Classic,0,"{""EventData"":{""Data"":[{""@Name"":""FinalStatus"",""#text"":""0x0""},{""@Name"":""DeviceVersionMajor"",""#text"":""10""},{""@Name"":""DeviceVersionMinor"",""#text"":""0""},{""@Name"":""DeviceNameLength"",""#text"":""8""},{""@Name"":""DeviceName"",""#text"":""WdFilter""},{""@Name"":""DeviceTime"",""#text"":""2020-04-16 01:35:56.0000000""}]}}"
1095,1095,2025-07-30 02:40:00.0341680,6,Info,Microsoft-Windows-FilterManager,System,4,8,DESKTOP-5A3QN5S,7,S-1-5-18,,,,,,,,,,,False,C:\Users\VM\Desktop\System.evtx,Classic,0,"{""EventData"":{""Data"":[{""@Name"":""FinalStatus"",""#text"":""0x0""},{""@Name"":""DeviceVersionMajor"",""#text"":""0""},{""@Name"":""DeviceVersionMinor"",""#text"":""0""},{""@Name"":""DeviceNameLength"",""#text"":""9""},{""@Name"":""DeviceName"",""#text"":""SysmonDrv""},{""@Name"":""DeviceTime"",""#text"":""2024-07-22 08:29:55.0000000""}]}}"
1096,1096,2025-07-30 02:40:06.0621152,98,Info,Microsoft-Windows-Ntfs,System,4,304,DESKTOP-5A3QN5S,7,S-1-5-18,,,,,,,,,,,False,C:\Users\VM\Desktop\System.evtx,0x8000000000000002,0,"{""EventData"":{""Data"":[{""@Name"":""DriveName"",""#text"":""C:""},{""@Name"":""DeviceName"",""#text"":""\\Device\\HarddiskVolume2""},{""@Name"":""CorruptionActionState"",""#text"":""0""}]}}"
1097,1097,2025-07-30 02:40:06.9452335,6,Info,Microsoft-Windows-FilterManager,System,4,8,DESKTOP-5A3QN5S,7,S-1-5-18,,,,,,,,,,,False,C:\Users\VM\Desktop\System.evtx,Classic,0,"{""EventData"":{""Data"":[{""@Name"":""FinalStatus"",""#text"":""0x0""},{""@Name"":""DeviceVersionMajor"",""#text"":""10""},{""@Name"":""DeviceVersionMinor"",""#text"":""0""},{""@Name"":""DeviceNameLength"",""#text"":""9""},{""@Name"":""DeviceName"",""#text"":""FileCrypt""},{""@Name"":""DeviceTime"",""#text"":""2002-03-01 04:12:42.0000000""}]}}"
1098,1098,2025-07-30 02:40:06.9669351,6,Info,Microsoft-Windows-FilterManager,System,4,8,DESKTOP-5A3QN5S,7,S-1-5-18,,,,,,,,,,,False,C:\Users\VM\Desktop\System.evtx,Classic,0,"{""EventData"":{""Data"":[{""@Name"":""FinalStatus"",""#text"":""0x0""},{""@Name"":""DeviceVersionMajor"",""#text"":""10""},{""@Name"":""DeviceVersionMinor"",""#text"":""0""},{""@Name"":""DeviceNameLength"",""#text"":""4""},{""@Name"":""DeviceName"",""#text"":""UCPD""},{""@Name"":""DeviceTime"",""#text"":""2006-08-28 04:56:22.0000000""}]}}"
1099,1099,2025-07-30 02:40:07.7999497,6,Info,Microsoft-Windows-FilterManager,System,4,8,DESKTOP-5A3QN5S,7,S-1-5-18,,,,,,,,,,,False,C:\Users\VM\Desktop\System.evtx,Classic,0,"{""EventData"":{""Data"":[{""@Name"":""FinalStatus"",""#text"":""0x0""},{""@Name"":""DeviceVersionMajor"",""#text"":""10""},{""@Name"":""DeviceVersionMinor"",""#text"":""0""},{""@Name"":""DeviceNameLength"",""#text"":""9""},{""@Name"":""DeviceName"",""#text"":""npsvctrig""},{""@Name"":""DeviceTime"",""#text"":""2025-01-05 19:41:12.0000000""}]}}"
1100,1100,2025-07-30 02:40:07.9417233,98,Info,Microsoft-Windows-Ntfs,System,4,320,DESKTOP-5A3QN5S,7,S-1-5-18,,,,,,,,,,,False,C:\Users\VM\Desktop\System.evtx,0x8000000000000002,0,"{""EventData"":{""Data"":[{""@Name"":""DriveName"",""#text"":""\\\\?\\Volume{b4afc308-0000-0000-0000-100000000000}""},{""@Name"":""DeviceName"",""#text"":""\\Device\\HarddiskVolume1""},{""@Name"":""CorruptionActionState"",""#text"":""0""}]}}"
1101,1101,2025-07-30 02:40:08.0450412,172,Info,Microsoft-Windows-Kernel-Power,System,4,304,DESKTOP-5A3QN5S,7,S-1-5-18,,,,,,,,,,,False,C:\Users\VM\Desktop\System.evtx,0x8000000000000404,0,"{""EventData"":{""Data"":[{""@Name"":""State"",""#text"":""2""},{""@Name"":""Reason"",""#text"":""6""}]}}"
1102,1102,2025-07-30 02:40:08.4406793,55,Info,Microsoft-Windows-Kernel-Processor-Power,System,4,204,DESKTOP-5A3QN5S,7,S-1-5-18,,,,,,,,,,,False,C:\Users\VM\Desktop\System.evtx,Classic,0,"{""EventData"":{""Data"":[{""@Name"":""Group"",""#text"":""0""},{""@Name"":""Number"",""#text"":""0""},{""@Name"":""IdleStateCount"",""#text"":""1""},{""@Name"":""IdleImplementation"",""#text"":""1""},{""@Name"":""NominalFrequency"",""#text"":""2304""},{""@Name"":""MaximumPerformancePercent"",""#text"":""100""},{""@Name"":""MinimumPerformancePercent"",""#text"":""100""},{""@Name"":""MinimumThrottlePercent"",""#text"":""100""},{""@Name"":""PerformanceImplementation"",""#text"":""0""}]}}"
1103,1103,2025-07-30 02:40:08.4505397,55,Info,Microsoft-Windows-Kernel-Processor-Power,System,4,204,DESKTOP-5A3QN5S,7,S-1-5-18,,,,,,,,,,,False,C:\Users\VM\Desktop\System.evtx,Classic,0,"{""EventData"":{""Data"":[{""@Name"":""Group"",""#text"":""0""},{""@Name"":""Number"",""#text"":""1""},{""@Name"":""IdleStateCount"",""#text"":""1""},{""@Name"":""IdleImplementation"",""#text"":""1""},{""@Name"":""NominalFrequency"",""#text"":""2304""},{""@Name"":""MaximumPerformancePercent"",""#text"":""100""},{""@Name"":""MinimumPerformancePercent"",""#text"":""100""},{""@Name"":""MinimumThrottlePercent"",""#text"":""100""},{""@Name"":""PerformanceImplementation"",""#text"":""0""}]}}"
1104,1104,2025-07-30 02:40:08.4515408,55,Info,Microsoft-Windows-Kernel-Processor-Power,System,4,204,DESKTOP-5A3QN5S,7,S-1-5-18,,,,,,,,,,,False,C:\Users\VM\Desktop\System.evtx,Classic,0,"{""EventData"":{""Data"":[{""@Name"":""Group"",""#text"":""0""},{""@Name"":""Number"",""#text"":""2""},{""@Name"":""IdleStateCount"",""#text"":""1""},{""@Name"":""IdleImplementation"",""#text"":""1""},{""@Name"":""NominalFrequency"",""#text"":""2304""},{""@Name"":""MaximumPerformancePercent"",""#text"":""100""},{""@Name"":""MinimumPerformancePercent"",""#text"":""100""},{""@Name"":""MinimumThrottlePercent"",""#text"":""100""},{""@Name"":""PerformanceImplementation"",""#text"":""0""}]}}"
1105,1105,2025-07-30 02:40:08.4525086,55,Info,Microsoft-Windows-Kernel-Processor-Power,System,4,204,DESKTOP-5A3QN5S,7,S-1-5-18,,,,,,,,,,,False,C:\Users\VM\Desktop\System.evtx,Classic,0,"{""EventData"":{""Data"":[{""@Name"":""Group"",""#text"":""0""},{""@Name"":""Number"",""#text"":""3""},{""@Name"":""IdleStateCount"",""#text"":""1""},{""@Name"":""IdleImplementation"",""#text"":""1""},{""@Name"":""NominalFrequency"",""#text"":""2304""},{""@Name"":""MaximumPerformancePercent"",""#text"":""100""},{""@Name"":""MinimumPerformancePercent"",""#text"":""100""},{""@Name"":""MinimumThrottlePercent"",""#text"":""100""},{""@Name"":""PerformanceImplementation"",""#text"":""0""}]}}"
1106,1106,2025-07-30 02:40:08.5211799,521,Info,Microsoft-Windows-Kernel-Power,System,4,32,DESKTOP-5A3QN5S,7,S-1-5-18,,,,,,,,,,,False,C:\Users\VM\Desktop\System.evtx,0x8000000000000404,0,"{""EventData"":{""Data"":[{""@Name"":""ValidBatteryCount"",""#text"":""0""},{""@Name"":""ErrorBatteryCount"",""#text"":""0""},{""@Name"":""AbandonedBatteryCount"",""#text"":""0""}]}}"
1107,1107,2025-07-30 02:40:08.5252318,521,Info,Microsoft-Windows-Kernel-Power,System,4,372,DESKTOP-5A3QN5S,7,S-1-5-18,,,,,,,,,,,False,C:\Users\VM\Desktop\System.evtx,0x8000000000000404,0,"{""EventData"":{""Data"":[{""@Name"":""ValidBatteryCount"",""#text"":""1""},{""@Name"":""ErrorBatteryCount"",""#text"":""0""},{""@Name"":""AbandonedBatteryCount"",""#text"":""0""}]}}"
1108,1108,2025-07-30 02:40:15.0417396,98,Info,Microsoft-Windows-Ntfs,System,4,328,DESKTOP-5A3QN5S,7,S-1-5-18,,,,,,,,,,,False,C:\Users\VM\Desktop\System.evtx,0x8000000000000002,0,"{""EventData"":{""Data"":[{""@Name"":""DriveName"",""#text"":""\\\\?\\Volume{b4afc308-0000-0000-0000-c05d0c000000}""},{""@Name"":""DeviceName"",""#text"":""\\Device\\HarddiskVolume3""},{""@Name"":""CorruptionActionState"",""#text"":""0""}]}}"
1109,1109,2025-07-30 02:40:15.7497018,24,Info,Microsoft-Windows-Kernel-General,System,108,460,DESKTOP-5A3QN5S,7,S-1-5-18,,,,,,,,,,,False,C:\Users\VM\Desktop\System.evtx,Time,0,"{""EventData"":{""Data"":[{""@Name"":""ExitReason"",""#text"":""0""},{""@Name"":""CurrentBias"",""#text"":""420""},{""@Name"":""CurrentTimeZoneID"",""#text"":""2""},{""@Name"":""TimeZoneInfoCacheUpdated"",""#text"":""0""},{""@Name"":""FirstRefresh"",""#text"":""0""}]}}"
1110,1110,2025-07-30 02:40:16.7434373,14,Info,Microsoft-Windows-Wininit,System,556,560,DESKTOP-5A3QN5S,7,S-1-5-18,,,,,,,,,,,False,C:\Users\VM\Desktop\System.evtx,0x4000000000000000,0,"{""EventData"":{""Data"":[{""@Name"":""Config"",""#text"":""0""},{""@Name"":""IsTestConfig"",""#text"":""0""}]}}"
1111,1111,2025-07-30 02:40:17.1485312,16962,Info,Microsoft-Windows-Directory-Services-SAM,System,720,724,DESKTOP-5A3QN5S,7,S-1-5-18,,,,,,,,,,,False,C:\Users\VM\Desktop\System.evtx,Classic,0,"{""EventData"":{""@Name"":""SAMMSG_RESTRICT_REMOTE_SAM_DEFAULT_SD"",""Data"":{""@Name"":""Default SD String:"",""#text"":""O:SYG:SYD:(A;;RC;;;BA)""}}}"
1112,1112,2025-07-30 02:40:17.1715088,16977,Info,Microsoft-Windows-Directory-Services-SAM,System,720,724,DESKTOP-5A3QN5S,7,S-1-5-18,,,,,,,,,,,False,C:\Users\VM\Desktop\System.evtx,Classic,0,"{""EventData"":{""@Name"":""SAMMSG_MINPWDLEN_SETTINGS_IN_EFFECT"",""Data"":[{""@Name"":""MinimumPasswordLength"",""#text"":""0""},{""@Name"":""RelaxMinimumPasswordLengthLimits"",""#text"":""0""},{""@Name"":""MinimumPasswordLengthAudit"",""#text"":""-1""}]}}"
1113,1113,2025-07-30 02:40:17.1715163,16983,Info,Microsoft-Windows-Directory-Services-SAM,System,720,724,DESKTOP-5A3QN5S,7,S-1-5-18,,,,,,,,,,,False,C:\Users\VM\Desktop\System.evtx,Classic,0,"{""EventData"":{""@Name"":""SAMMSG_AUDIT_LEGACY_PWD_RPC_METHODS_OFF""}}"
1114,1114,2025-07-30 02:40:18.0716957,6,Info,Microsoft-Windows-FilterManager,System,4,32,DESKTOP-5A3QN5S,7,S-1-5-18,,,,,,,,,,,False,C:\Users\VM\Desktop\System.evtx,Classic,0,"{""EventData"":{""Data"":[{""@Name"":""FinalStatus"",""#text"":""0x0""},{""@Name"":""DeviceVersionMajor"",""#text"":""10""},{""@Name"":""DeviceVersionMinor"",""#text"":""0""},{""@Name"":""DeviceNameLength"",""#text"":""5""},{""@Name"":""DeviceName"",""#text"":""wcifs""},{""@Name"":""DeviceTime"",""#text"":""2043-11-04 04:04:53.0000000""}]}}"
1115,1115,2025-07-30 02:40:18.1003423,6,Info,Microsoft-Windows-FilterManager,System,4,128,DESKTOP-5A3QN5S,8,S-1-5-18,,,,,,,,,,,False,C:\Users\VM\Desktop\System.evtx,Classic,0,"{""EventData"":{""Data"":[{""@Name"":""FinalStatus"",""#text"":""0x0""},{""@Name"":""DeviceVersionMajor"",""#text"":""10""},{""@Name"":""DeviceVersionMinor"",""#text"":""0""},{""@Name"":""DeviceNameLength"",""#text"":""5""},{""@Name"":""DeviceName"",""#text"":""luafv""},{""@Name"":""DeviceTime"",""#text"":""1996-01-27 05:16:28.0000000""}]}}"
1116,1116,2025-07-30 02:40:18.1627664,6,Info,Microsoft-Windows-FilterManager,System,4,32,DESKTOP-5A3QN5S,8,S-1-5-18,,,,,,,,,,,False,C:\Users\VM\Desktop\System.evtx,Classic,0,"{""EventData"":{""Data"":[{""@Name"":""FinalStatus"",""#text"":""0x0""},{""@Name"":""DeviceVersionMajor"",""#text"":""10""},{""@Name"":""DeviceVersionMinor"",""#text"":""0""},{""@Name"":""DeviceNameLength"",""#text"":""6""},{""@Name"":""DeviceName"",""#text"":""CldFlt""},{""@Name"":""DeviceTime"",""#text"":""2063-06-09 03:33:16.0000000""}]}}"
1117,1117,2025-07-30 02:40:18.1629207,1,Info,Microsoft-Windows-FilterManager,System,4,32,DESKTOP-5A3QN5S,8,S-1-5-18,,,,,,,,,,,False,C:\Users\VM\Desktop\System.evtx,Classic,0,"{""EventData"":{""Data"":[{""@Name"":""FinalStatus"",""#text"":""0x0""},{""@Name"":""DeviceVersionMajor"",""#text"":""10""},{""@Name"":""DeviceVersionMinor"",""#text"":""0""},{""@Name"":""DeviceNameLength"",""#text"":""6""},{""@Name"":""DeviceName"",""#text"":""CldFlt""},{""@Name"":""DeviceTime"",""#text"":""2063-06-09 03:33:16.0000000""}]}}"
1118,1118,2025-07-30 02:40:18.1631142,6,Info,Microsoft-Windows-FilterManager,System,4,32,DESKTOP-5A3QN5S,8,S-1-5-18,,,,,,,,,,,False,C:\Users\VM\Desktop\System.evtx,Classic,0,"{""EventData"":{""Data"":[{""@Name"":""FinalStatus"",""#text"":""0x0""},{""@Name"":""DeviceVersionMajor"",""#text"":""10""},{""@Name"":""DeviceVersionMinor"",""#text"":""0""},{""@Name"":""DeviceNameLength"",""#text"":""6""},{""@Name"":""DeviceName"",""#text"":""CldFlt""},{""@Name"":""DeviceTime"",""#text"":""2063-06-09 03:33:16.0000000""}]}}"
1119,1119,2025-07-30 02:40:18.1667368,50036,Info,Microsoft-Windows-Dhcp-Client,System,1072,1388,DESKTOP-5A3QN5S,8,S-1-5-19,,,,,,,,,,,False,C:\Users\VM\Desktop\System.evtx,0x2000000000000000,0,"{""EventData"":""""}"
1120,1120,2025-07-30 02:40:18.1668139,50103,Info,Microsoft-Windows-Dhcp-Client,System,1072,1388,DESKTOP-5A3QN5S,8,S-1-5-19,,,,,,,,,,,False,C:\Users\VM\Desktop\System.evtx,0x2000000000000000,0,"{""EventData"":""""}"
1121,1121,2025-07-30 02:40:18.1826187,6,Info,Microsoft-Windows-FilterManager,System,4,32,DESKTOP-5A3QN5S,8,S-1-5-18,,,,,,,,,,,False,C:\Users\VM\Desktop\System.evtx,Classic,0,"{""EventData"":{""Data"":[{""@Name"":""FinalStatus"",""#text"":""0x0""},{""@Name"":""DeviceVersionMajor"",""#text"":""10""},{""@Name"":""DeviceVersionMinor"",""#text"":""0""},{""@Name"":""DeviceNameLength"",""#text"":""10""},{""@Name"":""DeviceName"",""#text"":""storqosflt""},{""@Name"":""DeviceTime"",""#text"":""2038-12-03 02:18:20.0000000""}]}}"
1122,1122,2025-07-30 02:40:18.2160016,6,Info,Microsoft-Windows-FilterManager,System,4,128,DESKTOP-5A3QN5S,8,S-1-5-18,,,,,,,,,,,False,C:\Users\VM\Desktop\System.evtx,Classic,0,"{""EventData"":{""Data"":[{""@Name"":""FinalStatus"",""#text"":""0x0""},{""@Name"":""DeviceVersionMajor"",""#text"":""10""},{""@Name"":""DeviceVersionMinor"",""#text"":""0""},{""@Name"":""DeviceNameLength"",""#text"":""7""},{""@Name"":""DeviceName"",""#text"":""bindflt""},{""@Name"":""DeviceTime"",""#text"":""2091-04-15 16:55:03.0000000""}]}}"
1123,1123,2025-07-30 02:40:18.2383008,51046,Info,Microsoft-Windows-DHCPv6-Client,System,1072,1428,DESKTOP-5A3QN5S,8,S-1-5-19,,,,,,,,,,,False,C:\Users\VM\Desktop\System.evtx,0x2000000000000000,0,"{""EventData"":""""}"
1124,1124,2025-07-29 17:40:19.3004500,24,Info,Microsoft-Windows-Kernel-General,System,1420,1516,DESKTOP-5A3QN5S,8,S-1-5-18,,,,,,,,,,,False,C:\Users\VM\Desktop\System.evtx,Time,0,"{""EventData"":{""Data"":[{""@Name"":""ExitReason"",""#text"":""0""},{""@Name"":""CurrentBias"",""#text"":""420""},{""@Name"":""CurrentTimeZoneID"",""#text"":""2""},{""@Name"":""TimeZoneInfoCacheUpdated"",""#text"":""0""},{""@Name"":""FirstRefresh"",""#text"":""0""}]}}"
1125,1125,2025-07-29 17:40:19.3018297,1,Info,Microsoft-Windows-Kernel-General,System,1420,1516,DESKTOP-5A3QN5S,8,S-1-5-18,The system time was changed,,,OldTime: 2025-07-30 02:40:18.3189152,NewTime: 2025-07-29 17:40:19.3000000,Reason: An application or system component changed the time.,,,,,False,C:\Users\VM\Desktop\System.evtx,Time,0,"{""EventData"":{""Data"":[{""@Name"":""NewTime"",""#text"":""2025-07-29 17:40:19.3000000""},{""@Name"":""OldTime"",""#text"":""2025-07-30 02:40:18.3189152""},{""@Name"":""Reason"",""#text"":""1""},{""@Name"":""ProcessName"",""#text"":""\\Device\\HarddiskVolume2\\Windows\\System32\\VBoxService.exe""},{""@Name"":""ProcessID"",""#text"":""1420""}]}}"
1126,1126,2025-07-29 17:40:21.0840531,7026,Info,Service Control Manager,System,696,700,DESKTOP-5A3QN5S,8,,,,,,,,,,,,False,C:\Users\VM\Desktop\System.evtx,"Audit success, classic",0,"{""EventData"":{""Data"":{""@Name"":""param1"",""#text"":"", dam""}}}"
1127,1127,2025-07-29 17:40:23.4782253,7001,Info,Microsoft-Windows-Winlogon,System,628,768,DESKTOP-5A3QN5S,8,S-1-5-18,User logon,,,UserSID: S-1-5-21-3151804214-3226339955-2188200191-1001,,,,,,,False,C:\Users\VM\Desktop\System.evtx,0x2000200000000000,0,"{""EventData"":{""Data"":[{""@Name"":""TSId"",""#text"":""1""},{""@Name"":""UserSid"",""#text"":""S-1-5-21-3151804214-3226339955-2188200191-1001""}]}}"
1128,1128,2025-07-29 17:40:26.4752913,10016,Warning,Microsoft-Windows-DistributedCOM,System,976,776,DESKTOP-5A3QN5S,8,S-1-5-20,,,,,,,,,,,False,C:\Users\VM\Desktop\System.evtx,"Audit success, classic",0,"{""EventData"":{""Data"":[{""@Name"":""param1"",""#text"":""machine-default""},{""@Name"":""param2"",""#text"":""Local""},{""@Name"":""param3"",""#text"":""Activation""},{""@Name"":""param4"",""#text"":""{F87B28F1-DA9A-4F35-8EC0-800EFCF26B83}""},{""@Name"":""param5"",""#text"":""{0868DC9B-D9A2-4F64-9362-133CEA201299}""},{""@Name"":""param6"",""#text"":""NT AUTHORITY""},{""@Name"":""param7"",""#text"":""NETWORK SERVICE""},{""@Name"":""param8"",""#text"":""S-1-5-20""},{""@Name"":""param9"",""#text"":""LocalHost (Using LRPC)""},{""@Name"":""param10"",""#text"":""Unavailable""},{""@Name"":""param11"",""#text"":""Unavailable""}]}}"
1129,1129,2025-07-29 17:42:22.6959258,10016,Warning,Microsoft-Windows-DistributedCOM,System,976,1336,DESKTOP-5A3QN5S,8,S-1-5-18,,,,,,,,,,,False,C:\Users\VM\Desktop\System.evtx,"Audit success, classic",0,"{""EventData"":{""Data"":[{""@Name"":""param1"",""#text"":""application-specific""},{""@Name"":""param2"",""#text"":""Local""},{""@Name"":""param3"",""#text"":""Launch""},{""@Name"":""param4"",""#text"":""Windows.SecurityCenter.WscBrokerManager""},{""@Name"":""param5"",""#text"":""Unavailable""},{""@Name"":""param6"",""#text"":""NT AUTHORITY""},{""@Name"":""param7"",""#text"":""SYSTEM""},{""@Name"":""param8"",""#text"":""S-1-5-18""},{""@Name"":""param9"",""#text"":""LocalHost (Using LRPC)""},{""@Name"":""param10"",""#text"":""Unavailable""},{""@Name"":""param11"",""#text"":""Unavailable""}]}}"
1130,1130,2025-07-29 17:42:22.6959258,10016,Warning,Microsoft-Windows-DistributedCOM,System,976,1192,DESKTOP-5A3QN5S,8,S-1-5-18,,,,,,,,,,,False,C:\Users\VM\Desktop\System.evtx,"Audit success, classic",0,"{""EventData"":{""Data"":[{""@Name"":""param1"",""#text"":""application-specific""},{""@Name"":""param2"",""#text"":""Local""},{""@Name"":""param3"",""#text"":""Launch""},{""@Name"":""param4"",""#text"":""Windows.SecurityCenter.WscDataProtection""},{""@Name"":""param5"",""#text"":""Unavailable""},{""@Name"":""param6"",""#text"":""NT AUTHORITY""},{""@Name"":""param7"",""#text"":""SYSTEM""},{""@Name"":""param8"",""#text"":""S-1-5-18""},{""@Name"":""param9"",""#text"":""LocalHost (Using LRPC)""},{""@Name"":""param10"",""#text"":""Unavailable""},{""@Name"":""param11"",""#text"":""Unavailable""}]}}"
1131,1131,2025-07-29 17:42:22.6959258,10016,Warning,Microsoft-Windows-DistributedCOM,System,976,1336,DESKTOP-5A3QN5S,8,S-1-5-18,,,,,,,,,,,False,C:\Users\VM\Desktop\System.evtx,"Audit success, classic",0,"{""EventData"":{""Data"":[{""@Name"":""param1"",""#text"":""application-specific""},{""@Name"":""param2"",""#text"":""Local""},{""@Name"":""param3"",""#text"":""Launch""},{""@Name"":""param4"",""#text"":""Windows.SecurityCenter.SecurityAppBroker""},{""@Name"":""param5"",""#text"":""Unavailable""},{""@Name"":""param6"",""#text"":""NT AUTHORITY""},{""@Name"":""param7"",""#text"":""SYSTEM""},{""@Name"":""param8"",""#text"":""S-1-5-18""},{""@Name"":""param9"",""#text"":""LocalHost (Using LRPC)""},{""@Name"":""param10"",""#text"":""Unavailable""},{""@Name"":""param11"",""#text"":""Unavailable""}]}}"
1132,1132,2025-07-29 17:56:03.2772166,10016,Warning,Microsoft-Windows-DistributedCOM,System,976,4632,DESKTOP-5A3QN5S,8,S-1-5-21-3151804214-3226339955-2188200191-1001,,,,,,,,,,,False,C:\Users\VM\Desktop\System.evtx,"Audit success, classic",0,"{""EventData"":{""Data"":[{""@Name"":""param1"",""#text"":""machine-default""},{""@Name"":""param2"",""#text"":""Local""},{""@Name"":""param3"",""#text"":""Activation""},{""@Name"":""param4"",""#text"":""{C2F03A33-21F5-47FA-B4BB-156362A2F239}""},{""@Name"":""param5"",""#text"":""{316CDED5-E4AE-4B15-9113-7055D84DCC97}""},{""@Name"":""param6"",""#text"":""DESKTOP-5A3QN5S""},{""@Name"":""param7"",""#text"":""VM""},{""@Name"":""param8"",""#text"":""S-1-5-21-3151804214-3226339955-2188200191-1001""},{""@Name"":""param9"",""#text"":""LocalHost (Using LRPC)""},{""@Name"":""param10"",""#text"":""Microsoft.Windows.ShellExperienceHost_10.0.19041.5072_neutral_neutral_cw5n1h2txyewy""},{""@Name"":""param11"",""#text"":""S-1-15-2-155514346-2573954481-755741238-1654018636-1233331829-3075935687-2861478708""}]}}"
1133,1133,2025-07-29 17:56:14.8391480,100,LogAlways,System,System,0,0,DESKTOP-5A3QN5S,8,S-1-5-21-3151804214-3226339955-2188200191-1001,,,,,,,,,,,False,C:\Users\VM\Desktop\System.evtx,0x80000000000000,0,"{""EventData"":{""Data"":""A service was installed in the system. Service Name:  WCESERVICE Service File Name:  C:\\Users\\neo\\AppData\\Local\\Temp\\0c134c70-2b4d-4cb3-beed-37c5fa0451d0.exe -S Service Type:  user mode service Service Start Type:  demand start Service Account:  LocalSystem"",""Binary"":""""}}"
1134,1134,2025-07-29 17:56:14.9043643,101,LogAlways,System,System,0,0,DESKTOP-5A3QN5S,8,S-1-5-21-3151804214-3226339955-2188200191-1001,,,,,,,,,,,False,C:\Users\VM\Desktop\System.evtx,0x80000000000000,0,"{""EventData"":{""Data"":""The WCESERVICE service entered the running state."",""Binary"":""""}}"
1135,1135,2025-07-29 17:56:23.7838879,7040,Info,Service Control Manager,System,696,2432,DESKTOP-5A3QN5S,8,S-1-5-18,Start type of a service has changed,,,The start type of the Background Intelligent Transfer Service was changed from demand start to auto start,,,,,,BITS,False,C:\Users\VM\Desktop\System.evtx,"Audit success, classic",0,"{""EventData"":{""Data"":[{""@Name"":""param1"",""#text"":""Background Intelligent Transfer Service""},{""@Name"":""param2"",""#text"":""demand start""},{""@Name"":""param3"",""#text"":""auto start""},{""@Name"":""param4"",""#text"":""BITS""}]}}"
1136,1136,2025-07-29 17:56:33.5079999,1012,Error,Microsoft-Windows-DNS-Client,System,1452,4728,DESKTOP-5A3QN5S,8,S-1-5-20,,,,,,,,,,,False,C:\Users\VM\Desktop\System.evtx,0x4000000010000000,0,"{""EventData"":{""Data"":[{""@Name"":""ErrorCode"",""#text"":""3221225485""},{""@Name"":""Location"",""#text"":""0""},{""@Name"":""Context"",""#text"":""0""}]}}"
1137,1137,2025-07-29 17:56:47.5641740,10016,Warning,Microsoft-Windows-DistributedCOM,System,976,4632,DESKTOP-5A3QN5S,8,S-1-5-21-3151804214-3226339955-2188200191-1001,,,,,,,,,,,False,C:\Users\VM\Desktop\System.evtx,"Audit success, classic",0,"{""EventData"":{""Data"":[{""@Name"":""param1"",""#text"":""machine-default""},{""@Name"":""param2"",""#text"":""Local""},{""@Name"":""param3"",""#text"":""Activation""},{""@Name"":""param4"",""#text"":""{C2F03A33-21F5-47FA-B4BB-156362A2F239}""},{""@Name"":""param5"",""#text"":""{316CDED5-E4AE-4B15-9113-7055D84DCC97}""},{""@Name"":""param6"",""#text"":""DESKTOP-5A3QN5S""},{""@Name"":""param7"",""#text"":""VM""},{""@Name"":""param8"",""#text"":""S-1-5-21-3151804214-3226339955-2188200191-1001""},{""@Name"":""param9"",""#text"":""LocalHost (Using LRPC)""},{""@Name"":""param10"",""#text"":""Microsoft.Windows.ShellExperienceHost_10.0.19041.5072_neutral_neutral_cw5n1h2txyewy""},{""@Name"":""param11"",""#text"":""S-1-15-2-155514346-2573954481-755741238-1654018636-1233331829-3075935687-2861478708""}]}}"
1138,1138,2025-07-29 17:58:06.7537896,7045,Info,Service Control Manager,System,696,2432,DESKTOP-5A3QN5S,8,S-1-5-21-3151804214-3226339955-2188200191-1001,A new service was installed in the system,,,Name: PsExec,StartType: demand start,Account: LocalSystem,,,,%SystemRoot%\PSEXESVC.EXE,False,C:\Users\VM\Desktop\System.evtx,"Audit success, classic",0,"{""EventData"":{""Data"":[{""@Name"":""ServiceName"",""#text"":""PsExec""},{""@Name"":""ImagePath"",""#text"":""%SystemRoot%\\PSEXESVC.EXE""},{""@Name"":""ServiceType"",""#text"":""user mode service""},{""@Name"":""StartType"",""#text"":""demand start""},{""@Name"":""AccountName"",""#text"":""LocalSystem""}]}}"
1139,1139,2025-07-29 17:58:14.4546133,10016,Warning,Microsoft-Windows-DistributedCOM,System,976,5288,DESKTOP-5A3QN5S,8,S-1-5-21-3151804214-3226339955-2188200191-1001,,,,,,,,,,,False,C:\Users\VM\Desktop\System.evtx,"Audit success, classic",0,"{""EventData"":{""Data"":[{""@Name"":""param1"",""#text"":""machine-default""},{""@Name"":""param2"",""#text"":""Local""},{""@Name"":""param3"",""#text"":""Activation""},{""@Name"":""param4"",""#text"":""{C2F03A33-21F5-47FA-B4BB-156362A2F239}""},{""@Name"":""param5"",""#text"":""{316CDED5-E4AE-4B15-9113-7055D84DCC97}""},{""@Name"":""param6"",""#text"":""DESKTOP-5A3QN5S""},{""@Name"":""param7"",""#text"":""VM""},{""@Name"":""param8"",""#text"":""S-1-5-21-3151804214-3226339955-2188200191-1001""},{""@Name"":""param9"",""#text"":""LocalHost (Using LRPC)""},{""@Name"":""param10"",""#text"":""Microsoft.Windows.ShellExperienceHost_10.0.19041.5072_neutral_neutral_cw5n1h2txyewy""},{""@Name"":""param11"",""#text"":""S-1-15-2-155514346-2573954481-755741238-1654018636-1233331829-3075935687-2861478708""}]}}"
1140,1140,2025-07-29 17:58:49.7068772,10016,Warning,Microsoft-Windows-DistributedCOM,System,976,2400,DESKTOP-5A3QN5S,8,S-1-5-21-3151804214-3226339955-2188200191-1001,,,,,,,,,,,False,C:\Users\VM\Desktop\System.evtx,"Audit success, classic",0,"{""EventData"":{""Data"":[{""@Name"":""param1"",""#text"":""machine-default""},{""@Name"":""param2"",""#text"":""Local""},{""@Name"":""param3"",""#text"":""Activation""},{""@Name"":""param4"",""#text"":""{C2F03A33-21F5-47FA-B4BB-156362A2F239}""},{""@Name"":""param5"",""#text"":""{316CDED5-E4AE-4B15-9113-7055D84DCC97}""},{""@Name"":""param6"",""#text"":""DESKTOP-5A3QN5S""},{""@Name"":""param7"",""#text"":""VM""},{""@Name"":""param8"",""#text"":""S-1-5-21-3151804214-3226339955-2188200191-1001""},{""@Name"":""param9"",""#text"":""LocalHost (Using LRPC)""},{""@Name"":""param10"",""#text"":""Microsoft.Windows.ShellExperienceHost_10.0.19041.5072_neutral_neutral_cw5n1h2txyewy""},{""@Name"":""param11"",""#text"":""S-1-15-2-155514346-2573954481-755741238-1654018636-1233331829-3075935687-2861478708""}]}}"
1141,1141,2025-07-29 17:59:07.6464564,10016,Warning,Microsoft-Windows-DistributedCOM,System,976,5732,DESKTOP-5A3QN5S,8,S-1-5-21-3151804214-3226339955-2188200191-1001,,,,,,,,,,,False,C:\Users\VM\Desktop\System.evtx,"Audit success, classic",0,"{""EventData"":{""Data"":[{""@Name"":""param1"",""#text"":""machine-default""},{""@Name"":""param2"",""#text"":""Local""},{""@Name"":""param3"",""#text"":""Activation""},{""@Name"":""param4"",""#text"":""{C2F03A33-21F5-47FA-B4BB-156362A2F239}""},{""@Name"":""param5"",""#text"":""{316CDED5-E4AE-4B15-9113-7055D84DCC97}""},{""@Name"":""param6"",""#text"":""DESKTOP-5A3QN5S""},{""@Name"":""param7"",""#text"":""VM""},{""@Name"":""param8"",""#text"":""S-1-5-21-3151804214-3226339955-2188200191-1001""},{""@Name"":""param9"",""#text"":""LocalHost (Using LRPC)""},{""@Name"":""param10"",""#text"":""Microsoft.Windows.ShellExperienceHost_10.0.19041.5072_neutral_neutral_cw5n1h2txyewy""},{""@Name"":""param11"",""#text"":""S-1-15-2-155514346-2573954481-755741238-1654018636-1233331829-3075935687-2861478708""}]}}"
1142,1142,2025-07-29 18:00:53.6575225,7040,Info,Service Control Manager,System,696,2548,DESKTOP-5A3QN5S,8,S-1-5-18,Start type of a service has changed,,,The start type of the Background Intelligent Transfer Service was changed from auto start to demand start,,,,,,BITS,False,C:\Users\VM\Desktop\System.evtx,"Audit success, classic",0,"{""EventData"":{""Data"":[{""@Name"":""param1"",""#text"":""Background Intelligent Transfer Service""},{""@Name"":""param2"",""#text"":""auto start""},{""@Name"":""param3"",""#text"":""demand start""},{""@Name"":""param4"",""#text"":""BITS""}]}}"
1143,1143,2025-07-29 18:04:44.4268971,10016,Warning,Microsoft-Windows-DistributedCOM,System,976,2492,DESKTOP-5A3QN5S,8,S-1-5-21-3151804214-3226339955-2188200191-1001,,,,,,,,,,,False,C:\Users\VM\Desktop\System.evtx,"Audit success, classic",0,"{""EventData"":{""Data"":[{""@Name"":""param1"",""#text"":""machine-default""},{""@Name"":""param2"",""#text"":""Local""},{""@Name"":""param3"",""#text"":""Activation""},{""@Name"":""param4"",""#text"":""{C2F03A33-21F5-47FA-B4BB-156362A2F239}""},{""@Name"":""param5"",""#text"":""{316CDED5-E4AE-4B15-9113-7055D84DCC97}""},{""@Name"":""param6"",""#text"":""DESKTOP-5A3QN5S""},{""@Name"":""param7"",""#text"":""VM""},{""@Name"":""param8"",""#text"":""S-1-5-21-3151804214-3226339955-2188200191-1001""},{""@Name"":""param9"",""#text"":""LocalHost (Using LRPC)""},{""@Name"":""param10"",""#text"":""Microsoft.Windows.ShellExperienceHost_10.0.19041.5072_neutral_neutral_cw5n1h2txyewy""},{""@Name"":""param11"",""#text"":""S-1-15-2-155514346-2573954481-755741238-1654018636-1233331829-3075935687-2861478708""}]}}"
