215,215,2025-07-29 04:55:02.6086731,37,Info,Microsoft-Windows-Time-Service,System,1400,1472,DESKTOP-5A3QN5S,1,S-1-5-19,Synchronizing system time from time service,,,ServerAddress: time.windows.com,"ServerIP: time.windows.com,0x9 (ntp.m|0x9|0.0.0.0:123-&gt;51.145.123.29:123)",,,,,,False,C:\Users\VM\Desktop\System.evtx,Classic,0,"{""EventData"":{""@Name"":""TMP_EVENT_TIME_SOURCE_REACHABLE"",""Data"":{""@Name"":""TimeSource"",""#text"":""time.windows.com,0x9 (ntp.m|0x9|0.0.0.0:123-&gt;51.145.123.29:123)""}}}"
216,216,2025-07-28 19:55:10.5700920,24,Info,Microsoft-Windows-Kernel-General,System,1400,1464,DESKTOP-5A3QN5S,1,S-1-5-19,,,,,,,,,,,False,C:\Users\VM\Desktop\System.evtx,Time,0,"{""EventData"":{""Data"":[{""@Name"":""ExitReason"",""#text"":""0""},{""@Name"":""CurrentBias"",""#text"":""420""},{""@Name"":""CurrentTimeZoneID"",""#text"":""2""},{""@Name"":""TimeZoneInfoCacheUpdated"",""#text"":""0""},{""@Name"":""FirstRefresh"",""#text"":""0""}]}}"
217,217,2025-07-28 19:55:10.5707078,1,Info,Microsoft-Windows-Kernel-General,System,1400,1464,DESKTOP-5A3QN5S,1,S-1-5-19,The system time was changed,,,OldTime: 2025-07-29 04:55:02.6276109,NewTime: 2025-07-28 19:55:10.5699499,Reason: An application or system component changed the time.,,,,,False,C:\Users\VM\Desktop\System.evtx,Time,0,"{""EventData"":{""Data"":[{""@Name"":""NewTime"",""#text"":""2025-07-28 19:55:10.5699499""},{""@Name"":""OldTime"",""#text"":""2025-07-29 04:55:02.6276109""},{""@Name"":""Reason"",""#text"":""1""},{""@Name"":""ProcessName"",""#text"":""\\Device\\HarddiskVolume2\\Windows\\System32\\svchost.exe""},{""@Name"":""ProcessID"",""#text"":""1400""}]}}"
218,218,2025-07-28 19:55:10.5708107,52,Warning,Microsoft-Windows-Time-Service,System,1400,1464,DESKTOP-5A3QN5S,1,S-1-5-19,,,,,,,,,,,False,C:\Users\VM\Desktop\System.evtx,Classic,0,"{""EventData"":{""@Name"":""TMP_EVENT_TIME_JUMP_AUDIT"",""Data"":{""@Name"":""TimeOffsetSeconds"",""#text"":""32392""}}}"
219,219,2025-07-28 19:55:10.5722987,35,Info,Microsoft-Windows-Time-Service,System,1400,1452,DESKTOP-5A3QN5S,1,S-1-5-19,Synchronizing system time from time service,,,ServerAddress: time.windows.com,"ServerIP: time.windows.com,0x9 (ntp.m|0x9|0.0.0.0:123-&gt;51.145.123.29:123)",,,,,,False,C:\Users\VM\Desktop\System.evtx,Classic,0,"{""EventData"":{""@Name"":""TMP_EVENT_TIME_SOURCE_CHOSEN"",""Data"":[{""@Name"":""TimeSource"",""#text"":""time.windows.com,0x9 (ntp.m|0x9|0.0.0.0:123-&gt;51.145.123.29:123)""},{""@Name"":""TimeSourceRefId"",""#text"":""494637363""},{""@Name"":""CurrentStratumNumber"",""#text"":""4""}]}}"
220,220,2025-07-28 19:55:10.5737660,24,Info,Microsoft-Windows-Kernel-General,System,1400,1464,DESKTOP-5A3QN5S,1,S-1-5-19,,,,,,,,,,,False,C:\Users\VM\Desktop\System.evtx,Time,0,"{""EventData"":{""Data"":[{""@Name"":""ExitReason"",""#text"":""0""},{""@Name"":""CurrentBias"",""#text"":""420""},{""@Name"":""CurrentTimeZoneID"",""#text"":""2""},{""@Name"":""TimeZoneInfoCacheUpdated"",""#text"":""0""},{""@Name"":""FirstRefresh"",""#text"":""0""}]}}"
221,221,2025-07-28 19:55:10.5744415,1,Info,Microsoft-Windows-Kernel-General,System,1400,1464,DESKTOP-5A3QN5S,1,S-1-5-19,The system time was changed,,,OldTime: 2025-07-28 19:55:10.5699499,NewTime: 2025-07-28 19:55:10.5733829,Reason: An application or system component changed the time.,,,,,False,C:\Users\VM\Desktop\System.evtx,Time,0,"{""EventData"":{""Data"":[{""@Name"":""NewTime"",""#text"":""2025-07-28 19:55:10.5733829""},{""@Name"":""OldTime"",""#text"":""2025-07-28 19:55:10.5699499""},{""@Name"":""Reason"",""#text"":""1""},{""@Name"":""ProcessName"",""#text"":""\\Device\\HarddiskVolume2\\Windows\\System32\\svchost.exe""},{""@Name"":""ProcessID"",""#text"":""1400""}]}}"
222,222,2025-07-28 19:55:10.9468190,24,Info,Microsoft-Windows-Kernel-General,System,1176,1180,DESKTOP-5A3QN5S,1,S-1-5-18,,,,,,,,,,,False,C:\Users\VM\Desktop\System.evtx,Time,0,"{""EventData"":{""Data"":[{""@Name"":""ExitReason"",""#text"":""0""},{""@Name"":""CurrentBias"",""#text"":""420""},{""@Name"":""CurrentTimeZoneID"",""#text"":""2""},{""@Name"":""TimeZoneInfoCacheUpdated"",""#text"":""0""},{""@Name"":""FirstRefresh"",""#text"":""0""}]}}"
223,223,2025-07-28 19:55:10.9471935,1,Info,Microsoft-Windows-Kernel-General,System,1176,1180,DESKTOP-5A3QN5S,1,S-1-5-18,The system time was changed,,,OldTime: 2025-07-28 19:55:10.9371083,NewTime: 2025-07-28 19:55:10.9371083,Reason: System time adjusted to the new time zone.,,,,,False,C:\Users\VM\Desktop\System.evtx,Time,0,"{""EventData"":{""Data"":[{""@Name"":""NewTime"",""#text"":""2025-07-28 19:55:10.9371083""},{""@Name"":""OldTime"",""#text"":""2025-07-28 19:55:10.9371083""},{""@Name"":""Reason"",""#text"":""3""},{""@Name"":""ProcessName"",""#text"":""\\Device\\HarddiskVolume2\\Windows\\System32\\oobe\\msoobe.exe""},{""@Name"":""ProcessID"",""#text"":""1176""}]}}"
224,224,2025-07-28 19:55:10.9863355,7026,Info,Service Control Manager,System,676,680,DESKTOP-5A3QN5S,1,,,,,,,,,,,,False,C:\Users\VM\Desktop\System.evtx,"Audit success, classic",0,"{""EventData"":{""Data"":{""@Name"":""param1"",""#text"":"", dam""}}}"
225,225,2025-07-28 19:55:11.7504719,16,Info,Microsoft-Windows-Kernel-General,System,444,764,DESKTOP-5A3QN5S,1,S-1-5-18,,,,,,,,,,,False,C:\Users\VM\Desktop\System.evtx,Classic,0,"{""EventData"":{""Data"":[{""@Name"":""HiveNameLength"",""#text"":""36""},{""@Name"":""HiveName"",""#text"":""\\??\\C:\\Users\\defaultuser0\\ntuser.dat""},{""@Name"":""KeysUpdated"",""#text"":""35""},{""@Name"":""DirtyPages"",""#text"":""7""}]}}"
226,226,2025-07-28 19:55:13.0588902,24,Info,Microsoft-Windows-Kernel-General,System,1400,1464,DESKTOP-5A3QN5S,1,S-1-5-19,,,,,,,,,,,False,C:\Users\VM\Desktop\System.evtx,Time,0,"{""EventData"":{""Data"":[{""@Name"":""ExitReason"",""#text"":""0""},{""@Name"":""CurrentBias"",""#text"":""420""},{""@Name"":""CurrentTimeZoneID"",""#text"":""2""},{""@Name"":""TimeZoneInfoCacheUpdated"",""#text"":""0""},{""@Name"":""FirstRefresh"",""#text"":""0""}]}}"
227,227,2025-07-28 19:55:13.0595269,1,Info,Microsoft-Windows-Kernel-General,System,1400,1464,DESKTOP-5A3QN5S,1,S-1-5-19,The system time was changed,,,OldTime: 2025-07-28 19:55:13.0491653,NewTime: 2025-07-28 19:55:13.0586953,Reason: An application or system component changed the time.,,,,,False,C:\Users\VM\Desktop\System.evtx,Time,0,"{""EventData"":{""Data"":[{""@Name"":""NewTime"",""#text"":""2025-07-28 19:55:13.0586953""},{""@Name"":""OldTime"",""#text"":""2025-07-28 19:55:13.0491653""},{""@Name"":""Reason"",""#text"":""1""},{""@Name"":""ProcessName"",""#text"":""\\Device\\HarddiskVolume2\\Windows\\System32\\svchost.exe""},{""@Name"":""ProcessID"",""#text"":""1400""}]}}"
228,228,2025-07-28 19:55:17.4000400,15,Info,Microsoft-Windows-Kernel-General,System,2872,3008,DESKTOP-5A3QN5S,1,S-1-5-18,,,,,,,,,,,False,C:\Users\VM\Desktop\System.evtx,Classic,0,"{""EventData"":{""Data"":[{""@Name"":""HiveNameLength"",""#text"":""41""},{""@Name"":""HiveName"",""#text"":""\\??\\C:\\Windows\\System32\\config\\COMPONENTS""},{""@Name"":""OriginalSize"",""#text"":""28364800""},{""@Name"":""NewSize"",""#text"":""28364800""}]}}"
229,229,2025-07-28 19:55:23.9663295,7040,Info,Service Control Manager,System,676,2692,DESKTOP-5A3QN5S,1,S-1-5-18,Start type of a service has changed,,,The start type of the Windows Modules Installer was changed from auto start to demand start,,,,,,TrustedInstaller,False,C:\Users\VM\Desktop\System.evtx,"Audit success, classic",0,"{""EventData"":{""Data"":[{""@Name"":""param1"",""#text"":""Windows Modules Installer""},{""@Name"":""param2"",""#text"":""auto start""},{""@Name"":""param3"",""#text"":""demand start""},{""@Name"":""param4"",""#text"":""TrustedInstaller""}]}}"
230,230,2025-07-28 19:55:24.9236659,1500,Info,Microsoft-Windows-GroupPolicy,System,444,1468,DESKTOP-5A3QN5S,1,S-1-5-18,Group Policy Settings processed successfully for COMPUTER,,,,,,,,,,False,C:\Users\VM\Desktop\System.evtx,Classic,0,"{""EventData"":{""Data"":[{""@Name"":""SupportInfo1"",""#text"":""1""},{""@Name"":""SupportInfo2"",""#text"":""4292""},{""@Name"":""ProcessingMode"",""#text"":""1""},{""@Name"":""ProcessingTimeInMilliseconds"",""#text"":""922""},{""@Name"":""DCName""}]}}"
231,231,2025-07-28 19:55:25.3100062,7040,Info,Service Control Manager,System,676,2684,DESKTOP-5A3QN5S,1,S-1-5-20,Start type of a service has changed,,,The start type of the Delivery Optimization was changed from demand start to auto start,,,,,,DoSvc,False,C:\Users\VM\Desktop\System.evtx,"Audit success, classic",0,"{""EventData"":{""Data"":[{""@Name"":""param1"",""#text"":""Delivery Optimization""},{""@Name"":""param2"",""#text"":""demand start""},{""@Name"":""param3"",""#text"":""auto start""},{""@Name"":""param4"",""#text"":""DoSvc""}]}}"
232,232,2025-07-28 19:55:29.5280803,7001,Info,Microsoft-Windows-Winlogon,System,604,1124,DESKTOP-5A3QN5S,1,S-1-5-18,User logon,,,UserSID: S-1-5-21-3151804214-3226339955-2188200191-1000,,,,,,,False,C:\Users\VM\Desktop\System.evtx,0x2000200000000000,0,"{""EventData"":{""Data"":[{""@Name"":""TSId"",""#text"":""1""},{""@Name"":""UserSid"",""#text"":""S-1-5-21-3151804214-3226339955-2188200191-1000""}]}}"
233,233,2025-07-28 19:55:29.6969934,16,Info,Microsoft-Windows-Kernel-General,System,2292,1892,DESKTOP-5A3QN5S,1,S-1-5-18,,,,,,,,,,,False,C:\Users\VM\Desktop\System.evtx,Classic,0,"{""EventData"":{""Data"":[{""@Name"":""HiveNameLength"",""#text"":""45""},{""@Name"":""HiveName"",""#text"":""\\??\\C:\\Windows\\AppCompat\\Programs\\Amcache.hve""},{""@Name"":""KeysUpdated"",""#text"":""18""},{""@Name"":""DirtyPages"",""#text"":""4""}]}}"
234,234,2025-07-28 19:55:29.8387591,1501,Info,Microsoft-Windows-GroupPolicy,System,444,3232,DESKTOP-5A3QN5S,1,S-1-5-21-3151804214-3226339955-2188200191-1000,Group Policy Settings processed successfully for USER,,,,,,,,,,False,C:\Users\VM\Desktop\System.evtx,Classic,0,"{""EventData"":{""Data"":[{""@Name"":""SupportInfo1"",""#text"":""1""},{""@Name"":""SupportInfo2"",""#text"":""4292""},{""@Name"":""ProcessingMode"",""#text"":""1""},{""@Name"":""ProcessingTimeInMilliseconds"",""#text"":""203""},{""@Name"":""DCName""}]}}"
235,235,2025-07-28 19:55:37.3244048,16,Info,Microsoft-Windows-Kernel-General,System,4244,4268,DESKTOP-5A3QN5S,1,S-1-5-18,,,,,,,,,,,False,C:\Users\VM\Desktop\System.evtx,Classic,0,"{""EventData"":{""Data"":[{""@Name"":""HiveNameLength"",""#text"":""125""},{""@Name"":""HiveName"",""#text"":""\\??\\C:\\Users\\defaultuser0\\AppData\\Local\\Packages\\Microsoft.Windows.ContentDeliveryManager_cw5n1h2txyewy\\Settings\\settings.dat""},{""@Name"":""KeysUpdated"",""#text"":""3""},{""@Name"":""DirtyPages"",""#text"":""1""}]}}"
236,236,2025-07-28 19:55:37.4708759,16,Info,Microsoft-Windows-Kernel-General,System,4312,4332,DESKTOP-5A3QN5S,1,S-1-5-18,,,,,,,,,,,False,C:\Users\VM\Desktop\System.evtx,Classic,0,"{""EventData"":{""Data"":[{""@Name"":""HiveNameLength"",""#text"":""122""},{""@Name"":""HiveName"",""#text"":""\\??\\C:\\Users\\defaultuser0\\AppData\\Local\\Packages\\Microsoft.Windows.CloudExperienceHost_cw5n1h2txyewy\\Settings\\settings.dat""},{""@Name"":""KeysUpdated"",""#text"":""3""},{""@Name"":""DirtyPages"",""#text"":""1""}]}}"
237,237,2025-07-28 19:55:43.4330916,1281,Info,Microsoft-Windows-TPM-WMI,System,444,1816,DESKTOP-5A3QN5S,1,S-1-5-18,,,,,,,,,,,False,C:\Users\VM\Desktop\System.evtx,Classic,0,"{""EventData"":""""}"
238,238,2025-07-28 19:56:30.9460663,16,Info,Microsoft-Windows-Kernel-General,System,3800,3836,DESKTOP-5A3QN5S,1,S-1-5-18,,,,,,,,,,,False,C:\Users\VM\Desktop\System.evtx,Classic,0,"{""EventData"":{""Data"":[{""@Name"":""HiveNameLength"",""#text"":""31""},{""@Name"":""HiveName"",""#text"":""\\??\\C:\\Users\\Default\\NTUSER.DAT""},{""@Name"":""KeysUpdated"",""#text"":""35""},{""@Name"":""DirtyPages"",""#text"":""7""}]}}"
239,239,2025-07-28 19:56:31.1717951,24,Info,Microsoft-Windows-Kernel-General,System,3800,3836,DESKTOP-5A3QN5S,1,S-1-5-18,,,,,,,,,,,False,C:\Users\VM\Desktop\System.evtx,Time,0,"{""EventData"":{""Data"":[{""@Name"":""ExitReason"",""#text"":""0""},{""@Name"":""CurrentBias"",""#text"":""420""},{""@Name"":""CurrentTimeZoneID"",""#text"":""2""},{""@Name"":""TimeZoneInfoCacheUpdated"",""#text"":""0""},{""@Name"":""FirstRefresh"",""#text"":""0""}]}}"
240,240,2025-07-28 19:56:31.1723150,1,Info,Microsoft-Windows-Kernel-General,System,3800,3836,DESKTOP-5A3QN5S,1,S-1-5-18,The system time was changed,,,OldTime: 2025-07-28 19:56:31.1636200,NewTime: 2025-07-28 19:56:31.1636200,Reason: System time adjusted to the new time zone.,,,,,False,C:\Users\VM\Desktop\System.evtx,Time,0,"{""EventData"":{""Data"":[{""@Name"":""NewTime"",""#text"":""2025-07-28 19:56:31.1636200""},{""@Name"":""OldTime"",""#text"":""2025-07-28 19:56:31.1636200""},{""@Name"":""Reason"",""#text"":""3""},{""@Name"":""ProcessName"",""#text"":""\\Device\\HarddiskVolume2\\Windows\\System32\\CloudExperienceHostBroker.exe""},{""@Name"":""ProcessID"",""#text"":""3800""}]}}"
241,241,2025-07-28 19:56:43.1345881,16,Info,Microsoft-Windows-Kernel-General,System,1628,3956,DESKTOP-5A3QN5S,1,S-1-5-18,,,,,,,,,,,False,C:\Users\VM\Desktop\System.evtx,Classic,0,"{""EventData"":{""Data"":[{""@Name"":""HiveNameLength"",""#text"":""135""},{""@Name"":""HiveName"",""#text"":""\\??\\C:\\ProgramData\\Microsoft\\Windows\\AppRepository\\Packages\\Microsoft.Edge.GameAssist_1.0.3423.0_x64__8wekyb3d8bbwe\\ActivationStore.dat""},{""@Name"":""KeysUpdated"",""#text"":""0""},{""@Name"":""DirtyPages"",""#text"":""0""}]}}"
242,242,2025-07-28 19:57:06.9240702,44,Info,Microsoft-Windows-WindowsUpdateClient,System,444,4052,DESKTOP-5A3QN5S,1,S-1-5-18,,,,,,,,,,,False,C:\Users\VM\Desktop\System.evtx,0x8000000000002004,0,"{""EventData"":{""Data"":[{""@Name"":""updateTitle"",""#text"":""2022-11 Update for Windows 10 Version 22H2 for x64-based Systems (KB5020683)""},{""@Name"":""updateGuid"",""#text"":""c19c45e0-21d6-4c12-9093-e17518d14b49""},{""@Name"":""updateRevisionNumber"",""#text"":""203""}]}}"
243,243,2025-07-28 19:57:09.6242405,43,Info,Microsoft-Windows-WindowsUpdateClient,System,444,2348,DESKTOP-5A3QN5S,1,S-1-5-18,,,,,,,,,,,False,C:\Users\VM\Desktop\System.evtx,0x8000000000002008,0,"{""EventData"":{""Data"":[{""@Name"":""updateTitle"",""#text"":""2022-11 Update for Windows 10 Version 22H2 for x64-based Systems (KB5020683)""},{""@Name"":""updateGuid"",""#text"":""c19c45e0-21d6-4c12-9093-e17518d14b49""},{""@Name"":""updateRevisionNumber"",""#text"":""203""}]}}"
244,244,2025-07-28 19:57:10.0396363,7040,Info,Service Control Manager,System,676,1596,DESKTOP-5A3QN5S,1,S-1-5-18,Start type of a service has changed,,,The start type of the Windows Modules Installer was changed from demand start to auto start,,,,,,TrustedInstaller,False,C:\Users\VM\Desktop\System.evtx,"Audit success, classic",0,"{""EventData"":{""Data"":[{""@Name"":""param1"",""#text"":""Windows Modules Installer""},{""@Name"":""param2"",""#text"":""demand start""},{""@Name"":""param3"",""#text"":""auto start""},{""@Name"":""param4"",""#text"":""TrustedInstaller""}]}}"
245,245,2025-07-28 19:57:11.8668269,10016,Warning,Microsoft-Windows-DistributedCOM,System,932,1068,DESKTOP-5A3QN5S,1,S-1-5-18,,,,,,,,,,,False,C:\Users\VM\Desktop\System.evtx,"Audit success, classic",0,"{""EventData"":{""Data"":[{""@Name"":""param1"",""#text"":""application-specific""},{""@Name"":""param2"",""#text"":""Local""},{""@Name"":""param3"",""#text"":""Launch""},{""@Name"":""param4"",""#text"":""Windows.SecurityCenter.WscDataProtection""},{""@Name"":""param5"",""#text"":""Unavailable""},{""@Name"":""param6"",""#text"":""NT AUTHORITY""},{""@Name"":""param7"",""#text"":""SYSTEM""},{""@Name"":""param8"",""#text"":""S-1-5-18""},{""@Name"":""param9"",""#text"":""LocalHost (Using LRPC)""},{""@Name"":""param10"",""#text"":""Unavailable""},{""@Name"":""param11"",""#text"":""Unavailable""}]}}"
246,246,2025-07-28 19:57:44.6917420,16,Info,Microsoft-Windows-Kernel-General,System,2856,1892,DESKTOP-5A3QN5S,1,S-1-5-18,,,,,,,,,,,False,C:\Users\VM\Desktop\System.evtx,Classic,0,"{""EventData"":{""Data"":[{""@Name"":""HiveNameLength"",""#text"":""52""},{""@Name"":""HiveName"",""#text"":""\\??\\C:\\Windows\\System32\\SMI\\Store\\Machine\\SCHEMA.DAT""},{""@Name"":""KeysUpdated"",""#text"":""15938""},{""@Name"":""DirtyPages"",""#text"":""2711""}]}}"
247,247,2025-07-28 19:57:58.4766988,7040,Info,Service Control Manager,System,676,1596,DESKTOP-5A3QN5S,1,S-1-5-18,Start type of a service has changed,,,The start type of the Windows Modules Installer was changed from auto start to demand start,,,,,,TrustedInstaller,False,C:\Users\VM\Desktop\System.evtx,"Audit success, classic",0,"{""EventData"":{""Data"":[{""@Name"":""param1"",""#text"":""Windows Modules Installer""},{""@Name"":""param2"",""#text"":""auto start""},{""@Name"":""param3"",""#text"":""demand start""},{""@Name"":""param4"",""#text"":""TrustedInstaller""}]}}"
248,248,2025-07-28 19:57:58.9311316,7040,Info,Service Control Manager,System,676,1596,DESKTOP-5A3QN5S,1,S-1-5-18,Start type of a service has changed,,,The start type of the Windows Modules Installer was changed from demand start to auto start,,,,,,TrustedInstaller,False,C:\Users\VM\Desktop\System.evtx,"Audit success, classic",0,"{""EventData"":{""Data"":[{""@Name"":""param1"",""#text"":""Windows Modules Installer""},{""@Name"":""param2"",""#text"":""demand start""},{""@Name"":""param3"",""#text"":""auto start""},{""@Name"":""param4"",""#text"":""TrustedInstaller""}]}}"
249,249,2025-07-28 19:58:11.4130539,20,Error,Microsoft-Windows-WindowsUpdateClient,System,444,2348,DESKTOP-5A3QN5S,2,S-1-5-18,,,,,,,,,,,False,C:\Users\VM\Desktop\System.evtx,0x8000000000000028,0,"{""EventData"":{""Data"":[{""@Name"":""errorCode"",""#text"":""0x8024200B""},{""@Name"":""updateTitle"",""#text"":""2022-11 Update for Windows 10 Version 22H2 for x64-based Systems (KB5020683)""},{""@Name"":""updateGuid"",""#text"":""c19c45e0-21d6-4c12-9093-e17518d14b49""},{""@Name"":""updateRevisionNumber"",""#text"":""203""},{""@Name"":""serviceGuid"",""#text"":""9482f4b4-e343-43b6-b170-9a65bc822c77""}]}}"
250,250,2025-07-28 19:58:53.5831971,16,Info,Microsoft-Windows-Kernel-General,System,4416,4264,DESKTOP-5A3QN5S,2,S-1-5-18,,,,,,,,,,,False,C:\Users\VM\Desktop\System.evtx,Classic,0,"{""EventData"":{""Data"":[{""@Name"":""HiveNameLength"",""#text"":""112""},{""@Name"":""HiveName"",""#text"":""\\??\\C:\\Users\\defaultuser0\\AppData\\Local\\Packages\\MicrosoftWindows.Client.CBS_cw5n1h2txyewy\\Settings\\settings.dat""},{""@Name"":""KeysUpdated"",""#text"":""3""},{""@Name"":""DirtyPages"",""#text"":""1""}]}}"
251,251,2025-07-28 19:59:02.5029124,7040,Info,Service Control Manager,System,676,1596,DESKTOP-5A3QN5S,2,S-1-5-18,Start type of a service has changed,,,The start type of the Background Intelligent Transfer Service was changed from auto start to demand start,,,,,,BITS,False,C:\Users\VM\Desktop\System.evtx,"Audit success, classic",0,"{""EventData"":{""Data"":[{""@Name"":""param1"",""#text"":""Background Intelligent Transfer Service""},{""@Name"":""param2"",""#text"":""auto start""},{""@Name"":""param3"",""#text"":""demand start""},{""@Name"":""param4"",""#text"":""BITS""}]}}"
252,252,2025-07-28 20:00:19.9769070,7040,Info,Service Control Manager,System,676,340,DESKTOP-5A3QN5S,2,S-1-5-18,Start type of a service has changed,,,The start type of the Windows Modules Installer was changed from auto start to demand start,,,,,,TrustedInstaller,False,C:\Users\VM\Desktop\System.evtx,"Audit success, classic",0,"{""EventData"":{""Data"":[{""@Name"":""param1"",""#text"":""Windows Modules Installer""},{""@Name"":""param2"",""#text"":""auto start""},{""@Name"":""param3"",""#text"":""demand start""},{""@Name"":""param4"",""#text"":""TrustedInstaller""}]}}"
253,253,2025-07-28 20:10:33.4627819,7002,Info,Microsoft-Windows-Winlogon,System,604,1124,DESKTOP-5A3QN5S,2,S-1-5-18,User logoff,,,UserSID: S-1-5-21-3151804214-3226339955-2188200191-1000,,,,,,,False,C:\Users\VM\Desktop\System.evtx,0x2000200000000000,0,"{""EventData"":{""Data"":[{""@Name"":""TSId"",""#text"":""1""},{""@Name"":""UserSid"",""#text"":""S-1-5-21-3151804214-3226339955-2188200191-1000""}]}}"
254,254,2025-07-28 20:10:35.2405571,7001,Info,Microsoft-Windows-Winlogon,System,5876,3124,DESKTOP-5A3QN5S,2,S-1-5-18,User logon,,,UserSID: S-1-5-21-3151804214-3226339955-2188200191-1001,,,,,,,False,C:\Users\VM\Desktop\System.evtx,0x2000200000000000,0,"{""EventData"":{""Data"":[{""@Name"":""TSId"",""#text"":""2""},{""@Name"":""UserSid"",""#text"":""S-1-5-21-3151804214-3226339955-2188200191-1001""}]}}"
255,255,2025-07-28 20:10:35.7979212,1501,Info,Microsoft-Windows-GroupPolicy,System,444,1796,DESKTOP-5A3QN5S,2,S-1-5-21-3151804214-3226339955-2188200191-1001,Group Policy Settings processed successfully for USER,,,,,,,,,,False,C:\Users\VM\Desktop\System.evtx,Classic,0,"{""EventData"":{""Data"":[{""@Name"":""SupportInfo1"",""#text"":""1""},{""@Name"":""SupportInfo2"",""#text"":""4292""},{""@Name"":""ProcessingMode"",""#text"":""1""},{""@Name"":""ProcessingTimeInMilliseconds"",""#text"":""391""},{""@Name"":""DCName""}]}}"
256,256,2025-07-28 20:10:45.8822198,16,Info,Microsoft-Windows-Kernel-General,System,5960,5976,DESKTOP-5A3QN5S,2,S-1-5-21-3151804214-3226339955-2188200191-1001,,,,,,,,,,,False,C:\Users\VM\Desktop\System.evtx,Classic,0,"{""EventData"":{""Data"":[{""@Name"":""HiveNameLength"",""#text"":""104""},{""@Name"":""HiveName"",""#text"":""\\??\\C:\\Users\\VM\\AppData\\Local\\Packages\\windows.immersivecontrolpanel_cw5n1h2txyewy\\Settings\\settings.dat""},{""@Name"":""KeysUpdated"",""#text"":""3""},{""@Name"":""DirtyPages"",""#text"":""1""}]}}"
257,257,2025-07-28 20:10:49.2045893,16,Info,Microsoft-Windows-Kernel-General,System,5960,192,DESKTOP-5A3QN5S,2,S-1-5-21-3151804214-3226339955-2188200191-1001,,,,,,,,,,,False,C:\Users\VM\Desktop\System.evtx,Classic,0,"{""EventData"":{""Data"":[{""@Name"":""HiveNameLength"",""#text"":""112""},{""@Name"":""HiveName"",""#text"":""\\??\\C:\\Users\\VM\\AppData\\Local\\Packages\\Microsoft.Windows.ShellExperienceHost_cw5n1h2txyewy\\Settings\\settings.dat""},{""@Name"":""KeysUpdated"",""#text"":""3""},{""@Name"":""DirtyPages"",""#text"":""1""}]}}"
258,258,2025-07-28 20:10:52.8295087,16,Info,Microsoft-Windows-Kernel-General,System,5960,5976,DESKTOP-5A3QN5S,2,S-1-5-21-3151804214-3226339955-2188200191-1001,,,,,,,,,,,False,C:\Users\VM\Desktop\System.evtx,Classic,0,"{""EventData"":{""Data"":[{""@Name"":""HiveNameLength"",""#text"":""106""},{""@Name"":""HiveName"",""#text"":""\\??\\C:\\Users\\VM\\AppData\\Local\\Packages\\MicrosoftWindows.UndockedDevKit_cw5n1h2txyewy\\Settings\\settings.dat""},{""@Name"":""KeysUpdated"",""#text"":""3""},{""@Name"":""DirtyPages"",""#text"":""1""}]}}"
259,259,2025-07-28 20:10:53.3785109,16,Info,Microsoft-Windows-Kernel-General,System,5960,4936,DESKTOP-5A3QN5S,2,S-1-5-21-3151804214-3226339955-2188200191-1001,,,,,,,,,,,False,C:\Users\VM\Desktop\System.evtx,Classic,0,"{""EventData"":{""Data"":[{""@Name"":""HiveNameLength"",""#text"":""115""},{""@Name"":""HiveName"",""#text"":""\\??\\C:\\Users\\VM\\AppData\\Local\\Packages\\Microsoft.Windows.ContentDeliveryManager_cw5n1h2txyewy\\Settings\\settings.dat""},{""@Name"":""KeysUpdated"",""#text"":""3""},{""@Name"":""DirtyPages"",""#text"":""1""}]}}"
260,260,2025-07-28 20:10:54.9074230,16,Info,Microsoft-Windows-Kernel-General,System,5960,5976,DESKTOP-5A3QN5S,2,S-1-5-21-3151804214-3226339955-2188200191-1001,,,,,,,,,,,False,C:\Users\VM\Desktop\System.evtx,Classic,0,"{""EventData"":{""Data"":[{""@Name"":""HiveNameLength"",""#text"":""116""},{""@Name"":""HiveName"",""#text"":""\\??\\C:\\Users\\VM\\AppData\\Local\\Packages\\Microsoft.Windows.StartMenuExperienceHost_cw5n1h2txyewy\\Settings\\settings.dat""},{""@Name"":""KeysUpdated"",""#text"":""3""},{""@Name"":""DirtyPages"",""#text"":""1""}]}}"
261,261,2025-07-28 20:10:55.1166821,16,Info,Microsoft-Windows-Kernel-General,System,5960,4936,DESKTOP-5A3QN5S,2,S-1-5-21-3151804214-3226339955-2188200191-1001,,,,,,,,,,,False,C:\Users\VM\Desktop\System.evtx,Classic,0,"{""EventData"":{""Data"":[{""@Name"":""HiveNameLength"",""#text"":""99""},{""@Name"":""HiveName"",""#text"":""\\??\\C:\\Users\\VM\\AppData\\Local\\Packages\\Microsoft.Windows.Search_cw5n1h2txyewy\\Settings\\settings.dat""},{""@Name"":""KeysUpdated"",""#text"":""3""},{""@Name"":""DirtyPages"",""#text"":""1""}]}}"
262,262,2025-07-28 20:11:01.6019195,16,Info,Microsoft-Windows-Kernel-General,System,5896,5272,DESKTOP-5A3QN5S,2,S-1-5-18,,,,,,,,,,,False,C:\Users\VM\Desktop\System.evtx,Classic,0,"{""EventData"":{""Data"":[{""@Name"":""HiveNameLength"",""#text"":""101""},{""@Name"":""HiveName"",""#text"":""\\??\\C:\\Users\\VM\\AppData\\Local\\Packages\\Microsoft.AAD.BrokerPlugin_cw5n1h2txyewy\\Settings\\settings.dat""},{""@Name"":""KeysUpdated"",""#text"":""3""},{""@Name"":""DirtyPages"",""#text"":""1""}]}}"
263,263,2025-07-28 20:12:22.1557167,10016,Warning,Microsoft-Windows-DistributedCOM,System,932,5344,DESKTOP-5A3QN5S,2,S-1-5-21-3151804214-3226339955-2188200191-1001,,,,,,,,,,,False,C:\Users\VM\Desktop\System.evtx,"Audit success, classic",0,"{""EventData"":{""Data"":[{""@Name"":""param1"",""#text"":""machine-default""},{""@Name"":""param2"",""#text"":""Local""},{""@Name"":""param3"",""#text"":""Activation""},{""@Name"":""param4"",""#text"":""{C2F03A33-21F5-47FA-B4BB-156362A2F239}""},{""@Name"":""param5"",""#text"":""{316CDED5-E4AE-4B15-9113-7055D84DCC97}""},{""@Name"":""param6"",""#text"":""DESKTOP-5A3QN5S""},{""@Name"":""param7"",""#text"":""VM""},{""@Name"":""param8"",""#text"":""S-1-5-21-3151804214-3226339955-2188200191-1001""},{""@Name"":""param9"",""#text"":""LocalHost (Using LRPC)""},{""@Name"":""param10"",""#text"":""Microsoft.Windows.ShellExperienceHost_10.0.19041.3636_neutral_neutral_cw5n1h2txyewy""},{""@Name"":""param11"",""#text"":""S-1-15-2-155514346-2573954481-755741238-1654018636-1233331829-3075935687-2861478708""}]}}"
264,264,2025-07-28 20:12:22.2789018,16,Info,Microsoft-Windows-Kernel-General,System,4068,716,DESKTOP-5A3QN5S,2,S-1-5-18,,,,,,,,,,,False,C:\Users\VM\Desktop\System.evtx,Classic,0,"{""EventData"":{""Data"":[{""@Name"":""HiveNameLength"",""#text"":""110""},{""@Name"":""HiveName"",""#text"":""\\??\\C:\\Users\\VM\\AppData\\Local\\Packages\\microsoft.windowscommunicationsapps_8wekyb3d8bbwe\\Settings\\settings.dat""},{""@Name"":""KeysUpdated"",""#text"":""3""},{""@Name"":""DirtyPages"",""#text"":""1""}]}}"
265,265,2025-07-28 20:12:26.4537325,16,Info,Microsoft-Windows-Kernel-General,System,1108,7016,DESKTOP-5A3QN5S,2,S-1-5-18,,,,,,,,,,,False,C:\Users\VM\Desktop\System.evtx,Classic,0,"{""EventData"":{""Data"":[{""@Name"":""HiveNameLength"",""#text"":""99""},{""@Name"":""HiveName"",""#text"":""\\??\\C:\\Users\\VM\\AppData\\Local\\Packages\\Microsoft.Windows.Photos_8wekyb3d8bbwe\\Settings\\settings.dat""},{""@Name"":""KeysUpdated"",""#text"":""3""},{""@Name"":""DirtyPages"",""#text"":""1""}]}}"
266,266,2025-07-28 20:12:27.4076636,7040,Info,Service Control Manager,System,676,4888,DESKTOP-5A3QN5S,2,S-1-5-18,Start type of a service has changed,,,The start type of the Background Intelligent Transfer Service was changed from demand start to auto start,,,,,,BITS,False,C:\Users\VM\Desktop\System.evtx,"Audit success, classic",0,"{""EventData"":{""Data"":[{""@Name"":""param1"",""#text"":""Background Intelligent Transfer Service""},{""@Name"":""param2"",""#text"":""demand start""},{""@Name"":""param3"",""#text"":""auto start""},{""@Name"":""param4"",""#text"":""BITS""}]}}"
267,267,2025-07-28 20:12:38.1092016,16,Info,Microsoft-Windows-Kernel-General,System,5560,2820,DESKTOP-5A3QN5S,2,S-1-5-18,,,,,,,,,,,False,C:\Users\VM\Desktop\System.evtx,Classic,0,"{""EventData"":{""Data"":[{""@Name"":""HiveNameLength"",""#text"":""97""},{""@Name"":""HiveName"",""#text"":""\\??\\C:\\Users\\VM\\AppData\\Local\\Packages\\Microsoft.WindowsStore_8wekyb3d8bbwe\\Settings\\settings.dat""},{""@Name"":""KeysUpdated"",""#text"":""3""},{""@Name"":""DirtyPages"",""#text"":""1""}]}}"
268,268,2025-07-28 20:13:12.8538104,16,Info,Microsoft-Windows-Kernel-General,System,5564,2864,DESKTOP-5A3QN5S,2,S-1-5-18,,,,,,,,,,,False,C:\Users\VM\Desktop\System.evtx,Classic,0,"{""EventData"":{""Data"":[{""@Name"":""HiveNameLength"",""#text"":""102""},{""@Name"":""HiveName"",""#text"":""\\??\\C:\\Users\\VM\\AppData\\Local\\Packages\\MicrosoftWindows.Client.CBS_cw5n1h2txyewy\\Settings\\settings.dat""},{""@Name"":""KeysUpdated"",""#text"":""3""},{""@Name"":""DirtyPages"",""#text"":""1""}]}}"
269,269,2025-07-28 20:27:13.4397335,16,Info,Microsoft-Windows-Kernel-General,System,1040,6816,DESKTOP-5A3QN5S,2,S-1-5-18,,,,,,,,,,,False,C:\Users\VM\Desktop\System.evtx,Classic,0,"{""EventData"":{""Data"":[{""@Name"":""HiveNameLength"",""#text"":""92""},{""@Name"":""HiveName"",""#text"":""\\??\\C:\\Users\\VM\\AppData\\Local\\Packages\\Microsoft.XboxApp_8wekyb3d8bbwe\\Settings\\settings.dat""},{""@Name"":""KeysUpdated"",""#text"":""3""},{""@Name"":""DirtyPages"",""#text"":""1""}]}}"
270,270,2025-07-28 20:27:23.7420876,15,Info,Microsoft-Windows-Kernel-General,System,4,328,DESKTOP-5A3QN5S,2,S-1-5-18,,,,,,,,,,,False,C:\Users\VM\Desktop\System.evtx,Classic,0,"{""EventData"":{""Data"":[{""@Name"":""HiveNameLength"",""#text"":""35""},{""@Name"":""HiveName"",""#text"":""\\SystemRoot\\System32\\config\\DRIVERS""},{""@Name"":""OriginalSize"",""#text"":""3919872""},{""@Name"":""NewSize"",""#text"":""3899392""}]}}"
271,271,2025-07-28 20:27:32.9169068,16,Info,Microsoft-Windows-Kernel-General,System,1892,6432,DESKTOP-5A3QN5S,2,S-1-5-18,,,,,,,,,,,False,C:\Users\VM\Desktop\System.evtx,Classic,0,"{""EventData"":{""Data"":[{""@Name"":""HiveNameLength"",""#text"":""103""},{""@Name"":""HiveName"",""#text"":""\\??\\C:\\Users\\VM\\AppData\\Local\\Packages\\Microsoft.MicrosoftOfficeHub_8wekyb3d8bbwe\\Settings\\settings.dat""},{""@Name"":""KeysUpdated"",""#text"":""3""},{""@Name"":""DirtyPages"",""#text"":""1""}]}}"
272,272,2025-07-28 20:27:37.6637800,16,Info,Microsoft-Windows-Kernel-General,System,192,1128,DESKTOP-5A3QN5S,2,S-1-5-18,,,,,,,,,,,False,C:\Users\VM\Desktop\System.evtx,Classic,0,"{""EventData"":{""Data"":[{""@Name"":""HiveNameLength"",""#text"":""96""},{""@Name"":""HiveName"",""#text"":""\\??\\C:\\Users\\VM\\AppData\\Local\\Packages\\Microsoft.BingWeather_8wekyb3d8bbwe\\Settings\\settings.dat""},{""@Name"":""KeysUpdated"",""#text"":""3""},{""@Name"":""DirtyPages"",""#text"":""1""}]}}"
273,273,2025-07-28 20:35:41.3719739,7040,Info,Service Control Manager,System,676,6132,DESKTOP-5A3QN5S,2,S-1-5-18,Start type of a service has changed,,,The start type of the Background Intelligent Transfer Service was changed from auto start to demand start,,,,,,BITS,False,C:\Users\VM\Desktop\System.evtx,"Audit success, classic",0,"{""EventData"":{""Data"":[{""@Name"":""param1"",""#text"":""Background Intelligent Transfer Service""},{""@Name"":""param2"",""#text"":""auto start""},{""@Name"":""param3"",""#text"":""demand start""},{""@Name"":""param4"",""#text"":""BITS""}]}}"
274,274,2025-07-28 20:42:07.4359769,16,Info,Microsoft-Windows-Kernel-General,System,5100,1356,DESKTOP-5A3QN5S,2,S-1-5-18,,,,,,,,,,,False,C:\Users\VM\Desktop\System.evtx,Classic,0,"{""EventData"":{""Data"":[{""@Name"":""HiveNameLength"",""#text"":""93""},{""@Name"":""HiveName"",""#text"":""\\??\\C:\\Users\\VM\\AppData\\Local\\Packages\\Microsoft.SkypeApp_kzf8qxf38zg5c\\Settings\\settings.dat""},{""@Name"":""KeysUpdated"",""#text"":""3""},{""@Name"":""DirtyPages"",""#text"":""1""}]}}"
275,275,2025-07-28 20:42:07.6198032,16,Info,Microsoft-Windows-Kernel-General,System,7476,4508,DESKTOP-5A3QN5S,2,S-1-5-18,,,,,,,,,,,False,C:\Users\VM\Desktop\System.evtx,Classic,0,"{""EventData"":{""Data"":[{""@Name"":""HiveNameLength"",""#text"":""98""},{""@Name"":""HiveName"",""#text"":""\\??\\C:\\Users\\VM\\AppData\\Local\\Packages\\Microsoft.WindowsAlarms_8wekyb3d8bbwe\\Settings\\settings.dat""},{""@Name"":""KeysUpdated"",""#text"":""3""},{""@Name"":""DirtyPages"",""#text"":""1""}]}}"
276,276,2025-07-28 20:37:16.5001571,1,Info,Microsoft-Windows-Kernel-General,System,4,328,DESKTOP-5A3QN5S,2,S-1-5-18,The system time was changed,,,OldTime: 2025-07-28 20:54:52.8347120,NewTime: 2025-07-28 20:37:16.5000000,Reason: System time synchronized with the hardware clock.,,,,,False,C:\Users\VM\Desktop\System.evtx,Time,0,"{""EventData"":{""Data"":[{""@Name"":""NewTime"",""#text"":""2025-07-28 20:37:16.5000000""},{""@Name"":""OldTime"",""#text"":""2025-07-28 20:54:52.8347120""},{""@Name"":""Reason"",""#text"":""2""},{""@Name"":""ProcessName""},{""@Name"":""ProcessID"",""#text"":""4""}]}}"
277,277,2025-07-28 20:54:12.1287145,16,Info,Microsoft-Windows-Kernel-General,System,4928,1820,DESKTOP-5A3QN5S,2,S-1-5-18,,,,,,,,,,,False,C:\Users\VM\Desktop\System.evtx,Classic,0,"{""EventData"":{""Data"":[{""@Name"":""HiveNameLength"",""#text"":""49""},{""@Name"":""HiveName"",""#text"":""\\??\\C:\\Windows\\AppCompat\\Programs\\Amcache.hve.tmp""},{""@Name"":""KeysUpdated"",""#text"":""0""},{""@Name"":""DirtyPages"",""#text"":""0""}]}}"
278,278,2025-07-28 21:09:11.6400388,7045,Info,Service Control Manager,System,676,5280,DESKTOP-5A3QN5S,2,S-1-5-21-3151804214-3226339955-2188200191-1001,A new service was installed in the system,,,Name: Mozilla Maintenance Service,StartType: demand start,Account: LocalSystem,,,,"""C:\Program Files (x86)\Mozilla Maintenance Service\maintenanceservice.exe""",False,C:\Users\VM\Desktop\System.evtx,"Audit success, classic",0,"{""EventData"":{""Data"":[{""@Name"":""ServiceName"",""#text"":""Mozilla Maintenance Service""},{""@Name"":""ImagePath"",""#text"":""\""C:\\Program Files (x86)\\Mozilla Maintenance Service\\maintenanceservice.exe\""""},{""@Name"":""ServiceType"",""#text"":""user mode service""},{""@Name"":""StartType"",""#text"":""demand start""},{""@Name"":""AccountName"",""#text"":""LocalSystem""}]}}"
279,279,2025-07-28 21:10:23.1225630,1074,Info,User32,System,456,2652,DESKTOP-5A3QN5S,2,S-1-5-21-3151804214-3226339955-2188200191-1001,A user initiated a system restart,DESKTOP-5A3QN5S\VM,,Hostname: DESKTOP-5A3QN5S,Reason: Other (Unplanned),Type: power off,Code: 0x0,,,C:\Windows\System32\RuntimeBroker.exe (WIN-N0IRN1T9IF6),False,C:\Users\VM\Desktop\System.evtx,"Audit success, classic",0,"{""EventData"":{""Data"":[{""@Name"":""param1"",""#text"":""C:\\Windows\\System32\\RuntimeBroker.exe (WIN-N0IRN1T9IF6)""},{""@Name"":""param2"",""#text"":""DESKTOP-5A3QN5S""},{""@Name"":""param3"",""#text"":""Other (Unplanned)""},{""@Name"":""param4"",""#text"":""0x0""},{""@Name"":""param5"",""#text"":""power off""},{""@Name"":""param6""},{""@Name"":""param7"",""#text"":""DESKTOP-5A3QN5S\\VM""}]}}"
280,280,2025-07-28 21:10:30.2735457,7002,Info,Microsoft-Windows-Winlogon,System,5876,3124,DESKTOP-5A3QN5S,2,S-1-5-18,User logoff,,,UserSID: S-1-5-21-3151804214-3226339955-2188200191-1001,,,,,,,False,C:\Users\VM\Desktop\System.evtx,0x2000200000000000,0,"{""EventData"":{""Data"":[{""@Name"":""TSId"",""#text"":""2""},{""@Name"":""UserSid"",""#text"":""S-1-5-21-3151804214-3226339955-2188200191-1001""}]}}"
281,281,2025-07-28 21:10:31.0944402,6006,Info,EventLog,System,0,0,DESKTOP-5A3QN5S,2,,The Event log service was stopped,,,Computer: DESKTOP-5A3QN5S,,,,,,,False,C:\Users\VM\Desktop\System.evtx,0x80000000000000,0,"{""EventData"":{""Data"":"""",""Binary"":""01-00-00-00-58-7D-FF-FF""}}"
282,282,2025-07-28 21:10:31.0207768,50104,Info,Microsoft-Windows-Dhcp-Client,System,1392,1396,DESKTOP-5A3QN5S,2,S-1-5-19,,,,,,,,,,,False,C:\Users\VM\Desktop\System.evtx,0x2000000000000000,0,"{""EventData"":""""}"
283,283,2025-07-28 21:10:31.0276335,50105,Info,Microsoft-Windows-Dhcp-Client,System,1392,1512,DESKTOP-5A3QN5S,2,S-1-5-19,,,,,,,,,,,False,C:\Users\VM\Desktop\System.evtx,0x2000000000000000,0,"{""EventData"":""""}"
284,284,2025-07-28 21:10:31.0514254,51047,Info,Microsoft-Windows-DHCPv6-Client,System,1392,1548,DESKTOP-5A3QN5S,2,S-1-5-19,,,,,,,,,,,False,C:\Users\VM\Desktop\System.evtx,0x2000000000000000,0,"{""EventData"":{""Data"":{""@Name"":""DwordVal"",""#text"":""1""}}}"
285,285,2025-07-28 21:10:31.0514666,51057,Info,Microsoft-Windows-DHCPv6-Client,System,1392,1548,DESKTOP-5A3QN5S,2,S-1-5-19,,,,,,,,,,,False,C:\Users\VM\Desktop\System.evtx,0x2000000000000000,0,"{""EventData"":{""Data"":{""@Name"":""DwordVal"",""#text"":""1""}}}"
286,286,2025-07-28 21:10:31.1021712,50106,Info,Microsoft-Windows-Dhcp-Client,System,1392,1512,DESKTOP-5A3QN5S,2,S-1-5-19,,,,,,,,,,,False,C:\Users\VM\Desktop\System.evtx,0x2000000000000000,0,"{""EventData"":""""}"
287,287,2025-07-28 21:10:31.1044633,50037,Info,Microsoft-Windows-Dhcp-Client,System,1392,1512,DESKTOP-5A3QN5S,2,S-1-5-19,,,,,,,,,,,False,C:\Users\VM\Desktop\System.evtx,0x2000000000000000,0,"{""EventData"":{""Data"":{""@Name"":""DwordVal"",""#text"":""1""}}}"
288,288,2025-07-29 06:29:35.2795604,6009,Info,EventLog,System,0,0,DESKTOP-5A3QN5S,2,,,,,,,,,,,,False,C:\Users\VM\Desktop\System.evtx,0x80000000000000,0,"{""EventData"":{""Data"":""10.00., 19045, Multiprocessor Free, 0"",""Binary"":""""}}"
289,289,2025-07-29 06:29:35.2795604,6005,Info,EventLog,System,0,0,DESKTOP-5A3QN5S,2,,The Event log service was started,,,Computer: DESKTOP-5A3QN5S,,,,,,,False,C:\Users\VM\Desktop\System.evtx,0x80000000000000,0,"{""EventData"":{""Data"":"""",""Binary"":""E9-07-07-00-02-00-1D-00-06-00-1D-00-23-00-17-01-00-00-00-00-00-00-00-00""}}"
290,290,2025-07-29 06:29:35.2795604,6013,Info,EventLog,System,0,0,DESKTOP-5A3QN5S,2,,System uptime,,,The system uptime is 14 seconds,"TimeZone: 60, 480 Pacific Standard Time",,,,,,False,C:\Users\VM\Desktop\System.evtx,0x80000000000000,0,"{""EventData"":{""Data"":""14, 60, 480 Pacific Standard Time"",""Binary"":""31-00-2E-00-31-00-00-00-30-00-00-00-57-00-69-00-6E-00-64-00-6F-00-77-00-73-00-20-00-31-00-30-00-20-00-50-00-72-00-6F-00-00-00-31-00-30-00-2E-00-30-00-2E-00-31-00-39-00-30-00-34-00-35-00-20-00-42-00-75-00-69-00-6C-00-64-00-20-00-31-00-39-00-30-00-34-00-35-00-20-00-20-00-00-00-4D-00-75-00-6C-00-74-00-69-00-70-00-72-00-6F-00-63-00-65-00-73-00-73-00-6F-00-72-00-20-00-46-00-72-00-65-00-65-00-00-00-31-00-39-00-30-00-34-00-31-00-2E-00-76-00-62-00-5F-00-72-00-65-00-6C-00-65-00-61-00-73-00-65-00-2E-00-31-00-39-00-31-00-32-00-30-00-36-00-2D-00-31-00-34-00-30-00-36-00-00-00-36-00-38-00-38-00-37-00-64-00-35-00-61-00-38-00-00-00-4E-00-6F-00-74-00-20-00-41-00-76-00-61-00-69-00-6C-00-61-00-62-00-6C-00-65-00-00-00-4E-00-6F-00-74-00-20-00-41-00-76-00-61-00-69-00-6C-00-61-00-62-00-6C-00-65-00-00-00-39-00-00-00-34-00-00-00-33-00-35-00-35-00-37-00-00-00-34-00-30-00-39-00-00-00-44-00-45-00-53-00-4B-00-54-00-4F-00-50-00-2D-00-35-00-41-00-33-00-51-00-4E-00-35-00-53-00-00-00-00-00""}}"
291,291,2025-07-28 21:10:32.4202485,109,Info,Microsoft-Windows-Kernel-Power,System,540,544,DESKTOP-5A3QN5S,2,,,,,,,,,,,,False,C:\Users\VM\Desktop\System.evtx,0x8000400000000404,0,"{""EventData"":{""Data"":[{""@Name"":""ShutdownActionType"",""#text"":""6""},{""@Name"":""ShutdownEventCode"",""#text"":""0""},{""@Name"":""ShutdownReason"",""#text"":""5""}]}}"
292,292,2025-07-28 21:10:36.2315314,13,Info,Microsoft-Windows-Kernel-General,System,4,8164,DESKTOP-5A3QN5S,2,,OS was shutdown,,,StopTime: 2025-07-28 21:10:36.2315302,"BootMode: ",,,,,,False,C:\Users\VM\Desktop\System.evtx,State,0,"{""EventData"":{""Data"":{""@Name"":""StopTime"",""#text"":""2025-07-28 21:10:36.2315302""}}}"
293,293,2025-07-29 06:29:21.6179015,12,Info,Microsoft-Windows-Kernel-General,System,4,8,DESKTOP-5A3QN5S,2,S-1-5-18,OS was started,,,StartTime: 2025-07-29 06:29:20.5000000,BootMode: Normal boot,,,,,,False,C:\Users\VM\Desktop\System.evtx,State,0,"{""EventData"":{""Data"":[{""@Name"":""MajorVersion"",""#text"":""10""},{""@Name"":""MinorVersion"",""#text"":""0""},{""@Name"":""BuildVersion"",""#text"":""19041""},{""@Name"":""QfeVersion"",""#text"":""3803""},{""@Name"":""ServiceVersion"",""#text"":""0""},{""@Name"":""BootMode"",""#text"":""0""},{""@Name"":""StartTime"",""#text"":""2025-07-29 06:29:20.5000000""}]}}"
294,294,2025-07-29 06:29:21.6179336,153,Info,Microsoft-Windows-Kernel-Boot,System,4,8,DESKTOP-5A3QN5S,2,S-1-5-18,,,,,,,,,,,False,C:\Users\VM\Desktop\System.evtx,Classic,0,"{""EventData"":{""Data"":[{""@Name"":""Status"",""#text"":""0""},{""@Name"":""EnableDisableReason"",""#text"":""0""},{""@Name"":""VsmPolicy"",""#text"":""0""}]}}"
295,295,2025-07-29 06:29:21.6183666,20,Info,Microsoft-Windows-Kernel-Boot,System,4,8,DESKTOP-5A3QN5S,2,S-1-5-18,,,,,,,,,,,False,C:\Users\VM\Desktop\System.evtx,Classic,0,"{""EventData"":{""Data"":[{""@Name"":""LastShutdownGood"",""#text"":""True""},{""@Name"":""LastBootGood"",""#text"":""True""},{""@Name"":""LastBootId"",""#text"":""1""},{""@Name"":""BootStatusPolicy"",""#text"":""2""}]}}"
296,296,2025-07-29 06:29:21.6183921,25,Info,Microsoft-Windows-Kernel-Boot,System,4,8,DESKTOP-5A3QN5S,2,S-1-5-18,,,,,,,,,,,False,C:\Users\VM\Desktop\System.evtx,Classic,0,"{""EventData"":{""Data"":{""@Name"":""BootMenuPolicy"",""#text"":""1""}}}"
297,297,2025-07-29 06:29:21.6183925,27,Info,Microsoft-Windows-Kernel-Boot,System,4,8,DESKTOP-5A3QN5S,2,S-1-5-18,,,,,,,,,,,False,C:\Users\VM\Desktop\System.evtx,Classic,0,"{""EventData"":{""Data"":[{""@Name"":""BootType"",""#text"":""0""},{""@Name"":""LoadOptions"",""#text"":"" NOEXECUTE=OPTIN""}]}}"
298,298,2025-07-29 06:29:21.6183978,18,Info,Microsoft-Windows-Kernel-Boot,System,4,8,DESKTOP-5A3QN5S,2,S-1-5-18,,,,,,,,,,,False,C:\Users\VM\Desktop\System.evtx,Classic,0,"{""EventData"":{""Data"":{""@Name"":""EntryCount"",""#text"":""1""}}}"
299,299,2025-07-29 06:29:21.6184204,32,Info,Microsoft-Windows-Kernel-Boot,System,4,8,DESKTOP-5A3QN5S,2,S-1-5-18,,,,,,,,,,,False,C:\Users\VM\Desktop\System.evtx,Classic,0,"{""EventData"":{""Data"":{""@Name"":""BitlockerUserInputTime"",""#text"":""0""}}}"
300,300,2025-07-29 06:29:21.6349641,20,Info,Microsoft-Windows-Kernel-General,System,4,8,DESKTOP-5A3QN5S,2,S-1-5-18,,,,,,,,,,,False,C:\Users\VM\Desktop\System.evtx,Time,0,"{""EventData"":{""Data"":[{""@Name"":""UpdateReason"",""#text"":""0""},{""@Name"":""EnabledNew"",""#text"":""True""},{""@Name"":""CountNew"",""#text"":""0""},{""@Name"":""CountOld"",""#text"":""0""}]}}"
301,301,2025-07-29 06:29:21.8577574,16,Info,Microsoft-Windows-HAL,System,4,8,DESKTOP-5A3QN5S,2,S-1-5-18,,,,,,,,,,,False,C:\Users\VM\Desktop\System.evtx,Classic,0,"{""EventData"":""""}"
302,302,2025-07-29 06:29:27.5731175,6,Info,Microsoft-Windows-FilterManager,System,4,8,DESKTOP-5A3QN5S,2,S-1-5-18,,,,,,,,,,,False,C:\Users\VM\Desktop\System.evtx,Classic,0,"{""EventData"":{""Data"":[{""@Name"":""FinalStatus"",""#text"":""0x0""},{""@Name"":""DeviceVersionMajor"",""#text"":""10""},{""@Name"":""DeviceVersionMinor"",""#text"":""0""},{""@Name"":""DeviceNameLength"",""#text"":""8""},{""@Name"":""DeviceName"",""#text"":""FileInfo""},{""@Name"":""DeviceTime"",""#text"":""2062-12-22 22:21:06.0000000""}]}}"
303,303,2025-07-29 06:29:27.5756299,6,Info,Microsoft-Windows-FilterManager,System,4,8,DESKTOP-5A3QN5S,2,S-1-5-18,,,,,,,,,,,False,C:\Users\VM\Desktop\System.evtx,Classic,0,"{""EventData"":{""Data"":[{""@Name"":""FinalStatus"",""#text"":""0x0""},{""@Name"":""DeviceVersionMajor"",""#text"":""10""},{""@Name"":""DeviceVersionMinor"",""#text"":""0""},{""@Name"":""DeviceNameLength"",""#text"":""3""},{""@Name"":""DeviceName"",""#text"":""Wof""},{""@Name"":""DeviceTime"",""#text"":""2090-03-16 11:56:17.0000000""}]}}"
304,304,2025-07-29 06:29:27.5779896,6,Info,Microsoft-Windows-FilterManager,System,4,8,DESKTOP-5A3QN5S,2,S-1-5-18,,,,,,,,,,,False,C:\Users\VM\Desktop\System.evtx,Classic,0,"{""EventData"":{""Data"":[{""@Name"":""FinalStatus"",""#text"":""0x0""},{""@Name"":""DeviceVersionMajor"",""#text"":""10""},{""@Name"":""DeviceVersionMinor"",""#text"":""0""},{""@Name"":""DeviceNameLength"",""#text"":""8""},{""@Name"":""DeviceName"",""#text"":""WdFilter""},{""@Name"":""DeviceTime"",""#text"":""2066-04-08 21:52:09.0000000""}]}}"
305,305,2025-07-29 06:29:28.3118685,98,Info,Microsoft-Windows-Ntfs,System,4,284,DESKTOP-5A3QN5S,2,S-1-5-18,,,,,,,,,,,False,C:\Users\VM\Desktop\System.evtx,0x8000000000000002,0,"{""EventData"":{""Data"":[{""@Name"":""DriveName"",""#text"":""C:""},{""@Name"":""DeviceName"",""#text"":""\\Device\\HarddiskVolume2""},{""@Name"":""CorruptionActionState"",""#text"":""0""}]}}"
306,306,2025-07-29 06:29:28.7010697,6,Info,Microsoft-Windows-FilterManager,System,4,8,DESKTOP-5A3QN5S,2,S-1-5-18,,,,,,,,,,,False,C:\Users\VM\Desktop\System.evtx,Classic,0,"{""EventData"":{""Data"":[{""@Name"":""FinalStatus"",""#text"":""0x0""},{""@Name"":""DeviceVersionMajor"",""#text"":""10""},{""@Name"":""DeviceVersionMinor"",""#text"":""0""},{""@Name"":""DeviceNameLength"",""#text"":""9""},{""@Name"":""DeviceName"",""#text"":""FileCrypt""},{""@Name"":""DeviceTime"",""#text"":""2002-03-01 04:12:42.0000000""}]}}"
307,307,2025-07-29 06:29:29.2433626,6,Info,Microsoft-Windows-FilterManager,System,4,8,DESKTOP-5A3QN5S,2,S-1-5-18,,,,,,,,,,,False,C:\Users\VM\Desktop\System.evtx,Classic,0,"{""EventData"":{""Data"":[{""@Name"":""FinalStatus"",""#text"":""0x0""},{""@Name"":""DeviceVersionMajor"",""#text"":""10""},{""@Name"":""DeviceVersionMinor"",""#text"":""0""},{""@Name"":""DeviceNameLength"",""#text"":""9""},{""@Name"":""DeviceName"",""#text"":""npsvctrig""},{""@Name"":""DeviceTime"",""#text"":""2025-01-05 19:41:12.0000000""}]}}"
308,308,2025-07-29 06:29:29.3479497,98,Info,Microsoft-Windows-Ntfs,System,4,128,DESKTOP-5A3QN5S,2,S-1-5-18,,,,,,,,,,,False,C:\Users\VM\Desktop\System.evtx,0x8000000000000002,0,"{""EventData"":{""Data"":[{""@Name"":""DriveName"",""#text"":""\\\\?\\Volume{b4afc308-0000-0000-0000-100000000000}""},{""@Name"":""DeviceName"",""#text"":""\\Device\\HarddiskVolume1""},{""@Name"":""CorruptionActionState"",""#text"":""0""}]}}"
309,309,2025-07-29 06:29:29.4429519,172,Info,Microsoft-Windows-Kernel-Power,System,4,284,DESKTOP-5A3QN5S,2,S-1-5-18,,,,,,,,,,,False,C:\Users\VM\Desktop\System.evtx,0x8000000000000404,0,"{""EventData"":{""Data"":[{""@Name"":""State"",""#text"":""2""},{""@Name"":""Reason"",""#text"":""6""}]}}"
310,310,2025-07-29 06:29:30.4488432,55,Info,Microsoft-Windows-Kernel-Processor-Power,System,4,304,DESKTOP-5A3QN5S,2,S-1-5-18,,,,,,,,,,,False,C:\Users\VM\Desktop\System.evtx,Classic,0,"{""EventData"":{""Data"":[{""@Name"":""Group"",""#text"":""0""},{""@Name"":""Number"",""#text"":""0""},{""@Name"":""IdleStateCount"",""#text"":""1""},{""@Name"":""IdleImplementation"",""#text"":""1""},{""@Name"":""NominalFrequency"",""#text"":""2304""},{""@Name"":""MaximumPerformancePercent"",""#text"":""100""},{""@Name"":""MinimumPerformancePercent"",""#text"":""100""},{""@Name"":""MinimumThrottlePercent"",""#text"":""100""},{""@Name"":""PerformanceImplementation"",""#text"":""0""}]}}"
311,311,2025-07-29 06:29:30.4523625,55,Info,Microsoft-Windows-Kernel-Processor-Power,System,4,304,DESKTOP-5A3QN5S,2,S-1-5-18,,,,,,,,,,,False,C:\Users\VM\Desktop\System.evtx,Classic,0,"{""EventData"":{""Data"":[{""@Name"":""Group"",""#text"":""0""},{""@Name"":""Number"",""#text"":""1""},{""@Name"":""IdleStateCount"",""#text"":""1""},{""@Name"":""IdleImplementation"",""#text"":""1""},{""@Name"":""NominalFrequency"",""#text"":""2304""},{""@Name"":""MaximumPerformancePercent"",""#text"":""100""},{""@Name"":""MinimumPerformancePercent"",""#text"":""100""},{""@Name"":""MinimumThrottlePercent"",""#text"":""100""},{""@Name"":""PerformanceImplementation"",""#text"":""0""}]}}"
312,312,2025-07-29 06:29:30.4568604,55,Info,Microsoft-Windows-Kernel-Processor-Power,System,4,304,DESKTOP-5A3QN5S,2,S-1-5-18,,,,,,,,,,,False,C:\Users\VM\Desktop\System.evtx,Classic,0,"{""EventData"":{""Data"":[{""@Name"":""Group"",""#text"":""0""},{""@Name"":""Number"",""#text"":""2""},{""@Name"":""IdleStateCount"",""#text"":""1""},{""@Name"":""IdleImplementation"",""#text"":""1""},{""@Name"":""NominalFrequency"",""#text"":""2304""},{""@Name"":""MaximumPerformancePercent"",""#text"":""100""},{""@Name"":""MinimumPerformancePercent"",""#text"":""100""},{""@Name"":""MinimumThrottlePercent"",""#text"":""100""},{""@Name"":""PerformanceImplementation"",""#text"":""0""}]}}"
313,313,2025-07-29 06:29:30.4629125,55,Info,Microsoft-Windows-Kernel-Processor-Power,System,4,304,DESKTOP-5A3QN5S,2,S-1-5-18,,,,,,,,,,,False,C:\Users\VM\Desktop\System.evtx,Classic,0,"{""EventData"":{""Data"":[{""@Name"":""Group"",""#text"":""0""},{""@Name"":""Number"",""#text"":""3""},{""@Name"":""IdleStateCount"",""#text"":""1""},{""@Name"":""IdleImplementation"",""#text"":""1""},{""@Name"":""NominalFrequency"",""#text"":""2304""},{""@Name"":""MaximumPerformancePercent"",""#text"":""100""},{""@Name"":""MinimumPerformancePercent"",""#text"":""100""},{""@Name"":""MinimumThrottlePercent"",""#text"":""100""},{""@Name"":""PerformanceImplementation"",""#text"":""0""}]}}"
314,314,2025-07-29 06:29:30.4983307,521,Info,Microsoft-Windows-Kernel-Power,System,4,128,DESKTOP-5A3QN5S,2,S-1-5-18,,,,,,,,,,,False,C:\Users\VM\Desktop\System.evtx,0x8000000000000404,0,"{""EventData"":{""Data"":[{""@Name"":""ValidBatteryCount"",""#text"":""0""},{""@Name"":""ErrorBatteryCount"",""#text"":""0""},{""@Name"":""AbandonedBatteryCount"",""#text"":""0""}]}}"
315,315,2025-07-29 06:29:30.5000113,521,Info,Microsoft-Windows-Kernel-Power,System,4,356,DESKTOP-5A3QN5S,2,S-1-5-18,,,,,,,,,,,False,C:\Users\VM\Desktop\System.evtx,0x8000000000000404,0,"{""EventData"":{""Data"":[{""@Name"":""ValidBatteryCount"",""#text"":""1""},{""@Name"":""ErrorBatteryCount"",""#text"":""0""},{""@Name"":""AbandonedBatteryCount"",""#text"":""0""}]}}"
316,316,2025-07-29 06:29:32.6919520,98,Info,Microsoft-Windows-Ntfs,System,4,32,DESKTOP-5A3QN5S,2,S-1-5-18,,,,,,,,,,,False,C:\Users\VM\Desktop\System.evtx,0x8000000000000002,0,"{""EventData"":{""Data"":[{""@Name"":""DriveName"",""#text"":""\\\\?\\Volume{b4afc308-0000-0000-0000-c05d0c000000}""},{""@Name"":""DeviceName"",""#text"":""\\Device\\HarddiskVolume3""},{""@Name"":""CorruptionActionState"",""#text"":""0""}]}}"
