106,106,2025-07-29 04:52:30.7674060,16,Info,Microsoft-Windows-Kernel-General,System,3588,3732,WIN-N0IRN1T9IF6,0,S-1-5-18,,,,,,,,,,,False,C:\Users\VM\Desktop\System.evtx,Classic,0,"{""EventData"":{""Data"":[{""@Name"":""HiveNameLength"",""#text"":""135""},{""@Name"":""HiveName"",""#text"":""\\??\\C:\\ProgramData\\Microsoft\\Windows\\AppRepository\\Packages\\Microsoft.UI.Xaml.2.0_2.1810.18004.0_x64__8wekyb3d8bbwe\\ActivationStore.dat""},{""@Name"":""KeysUpdated"",""#text"":""0""},{""@Name"":""DirtyPages"",""#text"":""0""}]}}"
107,107,2025-07-29 04:52:33.1899388,16,Info,Microsoft-Windows-Kernel-General,System,3588,3660,WIN-N0IRN1T9IF6,0,S-1-5-18,,,,,,,,,,,False,C:\Users\VM\Desktop\System.evtx,Classic,0,"{""EventData"":{""Data"":[{""@Name"":""HiveNameLength"",""#text"":""137""},{""@Name"":""HiveName"",""#text"":""\\??\\C:\\ProgramData\\Microsoft\\Windows\\AppRepository\\Packages\\Microsoft.Advertising.Xaml_10.1808.3.0_x64__8wekyb3d8bbwe\\ActivationStore.dat""},{""@Name"":""KeysUpdated"",""#text"":""0""},{""@Name"":""DirtyPages"",""#text"":""0""}]}}"
108,108,2025-07-29 04:52:35.3867649,16,Info,Microsoft-Windows-Kernel-General,System,3588,3660,WIN-N0IRN1T9IF6,0,S-1-5-18,,,,,,,,,,,False,C:\Users\VM\Desktop\System.evtx,Classic,0,"{""EventData"":{""Data"":[{""@Name"":""HiveNameLength"",""#text"":""133""},{""@Name"":""HiveName"",""#text"":""\\??\\C:\\ProgramData\\Microsoft\\Windows\\AppRepository\\Packages\\Microsoft.BingWeather_4.25.20211.0_x64__8wekyb3d8bbwe\\ActivationStore.dat""},{""@Name"":""KeysUpdated"",""#text"":""0""},{""@Name"":""DirtyPages"",""#text"":""0""}]}}"
109,109,2025-07-29 04:52:37.2845743,16,Info,Microsoft-Windows-Kernel-General,System,3588,3660,WIN-N0IRN1T9IF6,0,S-1-5-18,,,,,,,,,,,False,C:\Users\VM\Desktop\System.evtx,Classic,0,"{""EventData"":{""Data"":[{""@Name"":""HiveNameLength"",""#text"":""140""},{""@Name"":""HiveName"",""#text"":""\\??\\C:\\ProgramData\\Microsoft\\Windows\\AppRepository\\Packages\\Microsoft.DesktopAppInstaller_1.0.30251.0_x64__8wekyb3d8bbwe\\ActivationStore.dat""},{""@Name"":""KeysUpdated"",""#text"":""0""},{""@Name"":""DirtyPages"",""#text"":""0""}]}}"
110,110,2025-07-29 04:52:38.3225180,16,Info,Microsoft-Windows-Kernel-General,System,3588,3660,WIN-N0IRN1T9IF6,0,S-1-5-18,,,,,,,,,,,False,C:\Users\VM\Desktop\System.evtx,Classic,0,"{""EventData"":{""Data"":[{""@Name"":""HiveNameLength"",""#text"":""132""},{""@Name"":""HiveName"",""#text"":""\\??\\C:\\ProgramData\\Microsoft\\Windows\\AppRepository\\Packages\\Microsoft.GetHelp_10.1706.13331.0_x64__8wekyb3d8bbwe\\ActivationStore.dat""},{""@Name"":""KeysUpdated"",""#text"":""0""},{""@Name"":""DirtyPages"",""#text"":""0""}]}}"
111,111,2025-07-29 04:52:39.4173298,16,Info,Microsoft-Windows-Kernel-General,System,3588,3660,WIN-N0IRN1T9IF6,0,S-1-5-18,,,,,,,,,,,False,C:\Users\VM\Desktop\System.evtx,Classic,0,"{""EventData"":{""Data"":[{""@Name"":""HiveNameLength"",""#text"":""131""},{""@Name"":""HiveName"",""#text"":""\\??\\C:\\ProgramData\\Microsoft\\Windows\\AppRepository\\Packages\\Microsoft.Getstarted_8.2.22942.0_x64__8wekyb3d8bbwe\\ActivationStore.dat""},{""@Name"":""KeysUpdated"",""#text"":""0""},{""@Name"":""DirtyPages"",""#text"":""0""}]}}"
112,112,2025-07-29 04:52:42.4998359,16,Info,Microsoft-Windows-Kernel-General,System,3588,3732,WIN-N0IRN1T9IF6,0,S-1-5-18,,,,,,,,,,,False,C:\Users\VM\Desktop\System.evtx,Classic,0,"{""EventData"":{""Data"":[{""@Name"":""HiveNameLength"",""#text"":""140""},{""@Name"":""HiveName"",""#text"":""\\??\\C:\\ProgramData\\Microsoft\\Windows\\AppRepository\\Packages\\Microsoft.Microsoft3DViewer_6.1908.2042.0_x64__8wekyb3d8bbwe\\ActivationStore.dat""},{""@Name"":""KeysUpdated"",""#text"":""0""},{""@Name"":""DirtyPages"",""#text"":""0""}]}}"
113,113,2025-07-29 04:52:44.3994634,16,Info,Microsoft-Windows-Kernel-General,System,3588,3732,WIN-N0IRN1T9IF6,0,S-1-5-18,,,,,,,,,,,False,C:\Users\VM\Desktop\System.evtx,Classic,0,"{""EventData"":{""Data"":[{""@Name"":""HiveNameLength"",""#text"":""142""},{""@Name"":""HiveName"",""#text"":""\\??\\C:\\ProgramData\\Microsoft\\Windows\\AppRepository\\Packages\\Microsoft.MicrosoftOfficeHub_18.1903.1152.0_x64__8wekyb3d8bbwe\\ActivationStore.dat""},{""@Name"":""KeysUpdated"",""#text"":""0""},{""@Name"":""DirtyPages"",""#text"":""0""}]}}"
114,114,2025-07-29 04:52:47.0843450,16,Info,Microsoft-Windows-Kernel-General,System,3588,3732,WIN-N0IRN1T9IF6,0,S-1-5-18,,,,,,,,,,,False,C:\Users\VM\Desktop\System.evtx,Classic,0,"{""EventData"":{""Data"":[{""@Name"":""HiveNameLength"",""#text"":""148""},{""@Name"":""HiveName"",""#text"":""\\??\\C:\\ProgramData\\Microsoft\\Windows\\AppRepository\\Packages\\Microsoft.MicrosoftSolitaireCollection_4.4.8204.0_x64__8wekyb3d8bbwe\\ActivationStore.dat""},{""@Name"":""KeysUpdated"",""#text"":""0""},{""@Name"":""DirtyPages"",""#text"":""0""}]}}"
115,115,2025-07-29 04:52:48.9618720,16,Info,Microsoft-Windows-Kernel-General,System,3588,3732,WIN-N0IRN1T9IF6,0,S-1-5-18,,,,,,,,,,,False,C:\Users\VM\Desktop\System.evtx,Classic,0,"{""EventData"":{""Data"":[{""@Name"":""HiveNameLength"",""#text"":""138""},{""@Name"":""HiveName"",""#text"":""\\??\\C:\\ProgramData\\Microsoft\\Windows\\AppRepository\\Packages\\Microsoft.MicrosoftStickyNotes_3.6.73.0_x64__8wekyb3d8bbwe\\ActivationStore.dat""},{""@Name"":""KeysUpdated"",""#text"":""0""},{""@Name"":""DirtyPages"",""#text"":""0""}]}}"
116,116,2025-07-29 04:52:50.2635393,16,Info,Microsoft-Windows-Kernel-General,System,3588,3732,WIN-N0IRN1T9IF6,0,S-1-5-18,,,,,,,,,,,False,C:\Users\VM\Desktop\System.evtx,Classic,0,"{""EventData"":{""Data"":[{""@Name"":""HiveNameLength"",""#text"":""146""},{""@Name"":""HiveName"",""#text"":""\\??\\C:\\ProgramData\\Microsoft\\Windows\\AppRepository\\Packages\\Microsoft.MixedReality.Portal_2000.19081.1301.0_x64__8wekyb3d8bbwe\\ActivationStore.dat""},{""@Name"":""KeysUpdated"",""#text"":""0""},{""@Name"":""DirtyPages"",""#text"":""0""}]}}"
117,117,2025-07-29 04:52:52.8816934,16,Info,Microsoft-Windows-Kernel-General,System,3588,3732,WIN-N0IRN1T9IF6,0,S-1-5-18,,,,,,,,,,,False,C:\Users\VM\Desktop\System.evtx,Classic,0,"{""EventData"":{""Data"":[{""@Name"":""HiveNameLength"",""#text"":""131""},{""@Name"":""HiveName"",""#text"":""\\??\\C:\\ProgramData\\Microsoft\\Windows\\AppRepository\\Packages\\Microsoft.MSPaint_6.1907.29027.0_x64__8wekyb3d8bbwe\\ActivationStore.dat""},{""@Name"":""KeysUpdated"",""#text"":""0""},{""@Name"":""DirtyPages"",""#text"":""0""}]}}"
118,118,2025-07-29 04:52:58.9099259,16,Info,Microsoft-Windows-Kernel-General,System,3588,3732,WIN-N0IRN1T9IF6,0,S-1-5-18,,,,,,,,,,,False,C:\Users\VM\Desktop\System.evtx,Classic,0,"{""EventData"":{""Data"":[{""@Name"":""HiveNameLength"",""#text"":""143""},{""@Name"":""HiveName"",""#text"":""\\??\\C:\\ProgramData\\Microsoft\\Windows\\AppRepository\\Packages\\Microsoft.Office.OneNote_16001.12026.20112.0_x64__8wekyb3d8bbwe\\ActivationStore.dat""},{""@Name"":""KeysUpdated"",""#text"":""0""},{""@Name"":""DirtyPages"",""#text"":""0""}]}}"
119,119,2025-07-29 04:53:01.3276812,16,Info,Microsoft-Windows-Kernel-General,System,3588,3732,WIN-N0IRN1T9IF6,0,S-1-5-18,,,,,,,,,,,False,C:\Users\VM\Desktop\System.evtx,Classic,0,"{""EventData"":{""Data"":[{""@Name"":""HiveNameLength"",""#text"":""129""},{""@Name"":""HiveName"",""#text"":""\\??\\C:\\ProgramData\\Microsoft\\Windows\\AppRepository\\Packages\\Microsoft.People_10.1902.633.0_x64__8wekyb3d8bbwe\\ActivationStore.dat""},{""@Name"":""KeysUpdated"",""#text"":""0""},{""@Name"":""DirtyPages"",""#text"":""0""}]}}"
120,120,2025-07-29 04:53:03.2582506,16,Info,Microsoft-Windows-Kernel-General,System,3588,3732,WIN-N0IRN1T9IF6,0,S-1-5-18,,,,,,,,,,,False,C:\Users\VM\Desktop\System.evtx,Classic,0,"{""EventData"":{""Data"":[{""@Name"":""HiveNameLength"",""#text"":""136""},{""@Name"":""HiveName"",""#text"":""\\??\\C:\\ProgramData\\Microsoft\\Windows\\AppRepository\\Packages\\Microsoft.ScreenSketch_10.1907.2471.0_x64__8wekyb3d8bbwe\\ActivationStore.dat""},{""@Name"":""KeysUpdated"",""#text"":""0""},{""@Name"":""DirtyPages"",""#text"":""0""}]}}"
121,121,2025-07-29 04:53:06.9807238,16,Info,Microsoft-Windows-Kernel-General,System,3588,3732,WIN-N0IRN1T9IF6,0,S-1-5-18,,,,,,,,,,,False,C:\Users\VM\Desktop\System.evtx,Classic,0,"{""EventData"":{""Data"":[{""@Name"":""HiveNameLength"",""#text"":""128""},{""@Name"":""HiveName"",""#text"":""\\??\\C:\\ProgramData\\Microsoft\\Windows\\AppRepository\\Packages\\Microsoft.SkypeApp_14.53.77.0_x64__kzf8qxf38zg5c\\ActivationStore.dat""},{""@Name"":""KeysUpdated"",""#text"":""0""},{""@Name"":""DirtyPages"",""#text"":""0""}]}}"
122,122,2025-07-29 04:53:08.0635856,16,Info,Microsoft-Windows-Kernel-General,System,3588,3732,WIN-N0IRN1T9IF6,0,S-1-5-18,,,,,,,,,,,False,C:\Users\VM\Desktop\System.evtx,Classic,0,"{""EventData"":{""Data"":[{""@Name"":""HiveNameLength"",""#text"":""141""},{""@Name"":""HiveName"",""#text"":""\\??\\C:\\ProgramData\\Microsoft\\Windows\\AppRepository\\Packages\\Microsoft.StorePurchaseApp_11811.1001.18.0_x64__8wekyb3d8bbwe\\ActivationStore.dat""},{""@Name"":""KeysUpdated"",""#text"":""0""},{""@Name"":""DirtyPages"",""#text"":""0""}]}}"
123,123,2025-07-29 04:53:09.8187018,16,Info,Microsoft-Windows-Kernel-General,System,3588,3732,WIN-N0IRN1T9IF6,0,S-1-5-18,,,,,,,,,,,False,C:\Users\VM\Desktop\System.evtx,Classic,0,"{""EventData"":{""Data"":[{""@Name"":""HiveNameLength"",""#text"":""127""},{""@Name"":""HiveName"",""#text"":""\\??\\C:\\ProgramData\\Microsoft\\Windows\\AppRepository\\Packages\\Microsoft.Wallet_2.4.18324.0_x64__8wekyb3d8bbwe\\ActivationStore.dat""},{""@Name"":""KeysUpdated"",""#text"":""0""},{""@Name"":""DirtyPages"",""#text"":""0""}]}}"
124,124,2025-07-29 04:53:11.2114207,16,Info,Microsoft-Windows-Kernel-General,System,3588,3660,WIN-N0IRN1T9IF6,1,S-1-5-18,,,,,,,,,,,False,C:\Users\VM\Desktop\System.evtx,Classic,0,"{""EventData"":{""Data"":[{""@Name"":""HiveNameLength"",""#text"":""139""},{""@Name"":""HiveName"",""#text"":""\\??\\C:\\ProgramData\\Microsoft\\Windows\\AppRepository\\Packages\\Microsoft.WebMediaExtensions_1.0.20875.0_x64__8wekyb3d8bbwe\\ActivationStore.dat""},{""@Name"":""KeysUpdated"",""#text"":""0""},{""@Name"":""DirtyPages"",""#text"":""0""}]}}"
125,125,2025-07-29 04:53:15.3818387,16,Info,Microsoft-Windows-Kernel-General,System,3588,3660,WIN-N0IRN1T9IF6,1,S-1-5-18,,,,,,,,,,,False,C:\Users\VM\Desktop\System.evtx,Classic,0,"{""EventData"":{""Data"":[{""@Name"":""HiveNameLength"",""#text"":""142""},{""@Name"":""HiveName"",""#text"":""\\??\\C:\\ProgramData\\Microsoft\\Windows\\AppRepository\\Packages\\Microsoft.Windows.Photos_2019.19071.12548.0_x64__8wekyb3d8bbwe\\ActivationStore.dat""},{""@Name"":""KeysUpdated"",""#text"":""0""},{""@Name"":""DirtyPages"",""#text"":""0""}]}}"
126,126,2025-07-29 04:53:17.6233051,16,Info,Microsoft-Windows-Kernel-General,System,3588,3660,WIN-N0IRN1T9IF6,1,S-1-5-18,,,,,,,,,,,False,C:\Users\VM\Desktop\System.evtx,Classic,0,"{""EventData"":{""Data"":[{""@Name"":""HiveNameLength"",""#text"":""137""},{""@Name"":""HiveName"",""#text"":""\\??\\C:\\ProgramData\\Microsoft\\Windows\\AppRepository\\Packages\\Microsoft.WindowsAlarms_10.1906.2182.0_x64__8wekyb3d8bbwe\\ActivationStore.dat""},{""@Name"":""KeysUpdated"",""#text"":""0""},{""@Name"":""DirtyPages"",""#text"":""0""}]}}"
127,127,2025-07-29 04:53:19.1754427,16,Info,Microsoft-Windows-Kernel-General,System,3588,3660,WIN-N0IRN1T9IF6,1,S-1-5-18,,,,,,,,,,,False,C:\Users\VM\Desktop\System.evtx,Classic,0,"{""EventData"":{""Data"":[{""@Name"":""HiveNameLength"",""#text"":""139""},{""@Name"":""HiveName"",""#text"":""\\??\\C:\\ProgramData\\Microsoft\\Windows\\AppRepository\\Packages\\Microsoft.WindowsCalculator_10.1906.55.0_x64__8wekyb3d8bbwe\\ActivationStore.dat""},{""@Name"":""KeysUpdated"",""#text"":""0""},{""@Name"":""DirtyPages"",""#text"":""0""}]}}"
128,128,2025-07-29 04:53:20.4618522,16,Info,Microsoft-Windows-Kernel-General,System,3588,3660,WIN-N0IRN1T9IF6,1,S-1-5-18,,,,,,,,,,,False,C:\Users\VM\Desktop\System.evtx,Classic,0,"{""EventData"":{""Data"":[{""@Name"":""HiveNameLength"",""#text"":""136""},{""@Name"":""HiveName"",""#text"":""\\??\\C:\\ProgramData\\Microsoft\\Windows\\AppRepository\\Packages\\Microsoft.WindowsCamera_2018.826.98.0_x64__8wekyb3d8bbwe\\ActivationStore.dat""},{""@Name"":""KeysUpdated"",""#text"":""0""},{""@Name"":""DirtyPages"",""#text"":""0""}]}}"
129,129,2025-07-29 04:53:28.7952614,16,Info,Microsoft-Windows-Kernel-General,System,3588,3660,WIN-N0IRN1T9IF6,1,S-1-5-18,,,,,,,,,,,False,C:\Users\VM\Desktop\System.evtx,Classic,0,"{""EventData"":{""Data"":[{""@Name"":""HiveNameLength"",""#text"":""154""},{""@Name"":""HiveName"",""#text"":""\\??\\C:\\ProgramData\\Microsoft\\Windows\\AppRepository\\Packages\\microsoft.windowscommunicationsapps_16005.11629.20316.0_x64__8wekyb3d8bbwe\\ActivationStore.dat""},{""@Name"":""KeysUpdated"",""#text"":""0""},{""@Name"":""DirtyPages"",""#text"":""0""}]}}"
130,130,2025-07-29 04:53:30.8261993,16,Info,Microsoft-Windows-Kernel-General,System,3588,3660,WIN-N0IRN1T9IF6,1,S-1-5-18,,,,,,,,,,,False,C:\Users\VM\Desktop\System.evtx,Classic,0,"{""EventData"":{""Data"":[{""@Name"":""HiveNameLength"",""#text"":""141""},{""@Name"":""HiveName"",""#text"":""\\??\\C:\\ProgramData\\Microsoft\\Windows\\AppRepository\\Packages\\Microsoft.WindowsFeedbackHub_1.1907.3152.0_x64__8wekyb3d8bbwe\\ActivationStore.dat""},{""@Name"":""KeysUpdated"",""#text"":""0""},{""@Name"":""DirtyPages"",""#text"":""0""}]}}"
131,131,2025-07-29 04:53:34.7931608,16,Info,Microsoft-Windows-Kernel-General,System,3588,3732,WIN-N0IRN1T9IF6,1,S-1-5-18,,,,,,,,,,,False,C:\Users\VM\Desktop\System.evtx,Classic,0,"{""EventData"":{""Data"":[{""@Name"":""HiveNameLength"",""#text"":""134""},{""@Name"":""HiveName"",""#text"":""\\??\\C:\\ProgramData\\Microsoft\\Windows\\AppRepository\\Packages\\Microsoft.WindowsMaps_5.1906.1972.0_x64__8wekyb3d8bbwe\\ActivationStore.dat""},{""@Name"":""KeysUpdated"",""#text"":""0""},{""@Name"":""DirtyPages"",""#text"":""0""}]}}"
132,132,2025-07-29 04:53:36.0941166,16,Info,Microsoft-Windows-Kernel-General,System,3588,3732,WIN-N0IRN1T9IF6,1,S-1-5-18,,,,,,,,,,,False,C:\Users\VM\Desktop\System.evtx,Classic,0,"{""EventData"":{""Data"":[{""@Name"":""HiveNameLength"",""#text"":""144""},{""@Name"":""HiveName"",""#text"":""\\??\\C:\\ProgramData\\Microsoft\\Windows\\AppRepository\\Packages\\Microsoft.WindowsSoundRecorder_10.1906.1972.0_x64__8wekyb3d8bbwe\\ActivationStore.dat""},{""@Name"":""KeysUpdated"",""#text"":""0""},{""@Name"":""DirtyPages"",""#text"":""0""}]}}"
133,133,2025-07-29 04:53:38.0692038,16,Info,Microsoft-Windows-Kernel-General,System,3588,3732,WIN-N0IRN1T9IF6,1,S-1-5-18,,,,,,,,,,,False,C:\Users\VM\Desktop\System.evtx,Classic,0,"{""EventData"":{""Data"":[{""@Name"":""HiveNameLength"",""#text"":""136""},{""@Name"":""HiveName"",""#text"":""\\??\\C:\\ProgramData\\Microsoft\\Windows\\AppRepository\\Packages\\Microsoft.WindowsStore_11910.1002.5.0_x64__8wekyb3d8bbwe\\ActivationStore.dat""},{""@Name"":""KeysUpdated"",""#text"":""0""},{""@Name"":""DirtyPages"",""#text"":""0""}]}}"
134,134,2025-07-29 04:53:38.9266841,16,Info,Microsoft-Windows-Kernel-General,System,3588,3732,WIN-N0IRN1T9IF6,1,S-1-5-18,,,,,,,,,,,False,C:\Users\VM\Desktop\System.evtx,Classic,0,"{""EventData"":{""Data"":[{""@Name"":""HiveNameLength"",""#text"":""131""},{""@Name"":""HiveName"",""#text"":""\\??\\C:\\ProgramData\\Microsoft\\Windows\\AppRepository\\Packages\\Microsoft.Xbox.TCUI_1.23.28002.0_x64__8wekyb3d8bbwe\\ActivationStore.dat""},{""@Name"":""KeysUpdated"",""#text"":""0""},{""@Name"":""DirtyPages"",""#text"":""0""}]}}"
135,135,2025-07-29 04:53:41.1312690,16,Info,Microsoft-Windows-Kernel-General,System,3588,3732,WIN-N0IRN1T9IF6,1,S-1-5-18,,,,,,,,,,,False,C:\Users\VM\Desktop\System.evtx,Classic,0,"{""EventData"":{""Data"":[{""@Name"":""HiveNameLength"",""#text"":""130""},{""@Name"":""HiveName"",""#text"":""\\??\\C:\\ProgramData\\Microsoft\\Windows\\AppRepository\\Packages\\Microsoft.XboxApp_48.49.31001.0_x64__8wekyb3d8bbwe\\ActivationStore.dat""},{""@Name"":""KeysUpdated"",""#text"":""0""},{""@Name"":""DirtyPages"",""#text"":""0""}]}}"
136,136,2025-07-29 04:53:42.1969156,16,Info,Microsoft-Windows-Kernel-General,System,3588,3732,WIN-N0IRN1T9IF6,1,S-1-5-18,,,,,,,,,,,False,C:\Users\VM\Desktop\System.evtx,Classic,0,"{""EventData"":{""Data"":[{""@Name"":""HiveNameLength"",""#text"":""137""},{""@Name"":""HiveName"",""#text"":""\\??\\C:\\ProgramData\\Microsoft\\Windows\\AppRepository\\Packages\\Microsoft.XboxGameOverlay_1.46.11001.0_x64__8wekyb3d8bbwe\\ActivationStore.dat""},{""@Name"":""KeysUpdated"",""#text"":""0""},{""@Name"":""DirtyPages"",""#text"":""0""}]}}"
137,137,2025-07-29 04:53:42.4433886,7040,Info,Service Control Manager,System,668,2340,WIN-N0IRN1T9IF6,1,S-1-5-18,Start type of a service has changed,,,The start type of the Background Intelligent Transfer Service was changed from demand start to auto start,,,,,,BITS,False,C:\Users\VM\Desktop\System.evtx,"Audit success, classic",0,"{""EventData"":{""Data"":[{""@Name"":""param1"",""#text"":""Background Intelligent Transfer Service""},{""@Name"":""param2"",""#text"":""demand start""},{""@Name"":""param3"",""#text"":""auto start""},{""@Name"":""param4"",""#text"":""BITS""}]}}"
138,138,2025-07-29 04:53:43.1519345,16,Info,Microsoft-Windows-Kernel-General,System,3588,3732,WIN-N0IRN1T9IF6,1,S-1-5-18,,,,,,,,,,,False,C:\Users\VM\Desktop\System.evtx,Classic,0,"{""EventData"":{""Data"":[{""@Name"":""HiveNameLength"",""#text"":""139""},{""@Name"":""HiveName"",""#text"":""\\??\\C:\\ProgramData\\Microsoft\\Windows\\AppRepository\\Packages\\Microsoft.XboxGamingOverlay_2.34.28001.0_x64__8wekyb3d8bbwe\\ActivationStore.dat""},{""@Name"":""KeysUpdated"",""#text"":""0""},{""@Name"":""DirtyPages"",""#text"":""0""}]}}"
139,139,2025-07-29 04:53:43.7965023,16,Info,Microsoft-Windows-Kernel-General,System,3588,3732,WIN-N0IRN1T9IF6,1,S-1-5-18,,,,,,,,,,,False,C:\Users\VM\Desktop\System.evtx,Classic,0,"{""EventData"":{""Data"":[{""@Name"":""HiveNameLength"",""#text"":""142""},{""@Name"":""HiveName"",""#text"":""\\??\\C:\\ProgramData\\Microsoft\\Windows\\AppRepository\\Packages\\Microsoft.XboxIdentityProvider_12.50.6001.0_x64__8wekyb3d8bbwe\\ActivationStore.dat""},{""@Name"":""KeysUpdated"",""#text"":""0""},{""@Name"":""DirtyPages"",""#text"":""0""}]}}"
140,140,2025-07-29 04:53:44.3058689,16,Info,Microsoft-Windows-Kernel-General,System,3588,3732,WIN-N0IRN1T9IF6,1,S-1-5-18,,,,,,,,,,,False,C:\Users\VM\Desktop\System.evtx,Classic,0,"{""EventData"":{""Data"":[{""@Name"":""HiveNameLength"",""#text"":""145""},{""@Name"":""HiveName"",""#text"":""\\??\\C:\\ProgramData\\Microsoft\\Windows\\AppRepository\\Packages\\Microsoft.XboxSpeechToTextOverlay_1.17.29001.0_x64__8wekyb3d8bbwe\\ActivationStore.dat""},{""@Name"":""KeysUpdated"",""#text"":""0""},{""@Name"":""DirtyPages"",""#text"":""0""}]}}"
141,141,2025-07-29 04:53:45.5323897,16,Info,Microsoft-Windows-Kernel-General,System,3588,3732,WIN-N0IRN1T9IF6,1,S-1-5-18,,,,,,,,,,,False,C:\Users\VM\Desktop\System.evtx,Classic,0,"{""EventData"":{""Data"":[{""@Name"":""HiveNameLength"",""#text"":""130""},{""@Name"":""HiveName"",""#text"":""\\??\\C:\\ProgramData\\Microsoft\\Windows\\AppRepository\\Packages\\Microsoft.YourPhone_0.19051.7.0_x64__8wekyb3d8bbwe\\ActivationStore.dat""},{""@Name"":""KeysUpdated"",""#text"":""0""},{""@Name"":""DirtyPages"",""#text"":""0""}]}}"
142,142,2025-07-29 04:53:47.4697350,16,Info,Microsoft-Windows-Kernel-General,System,3588,3732,WIN-N0IRN1T9IF6,1,S-1-5-18,,,,,,,,,,,False,C:\Users\VM\Desktop\System.evtx,Classic,0,"{""EventData"":{""Data"":[{""@Name"":""HiveNameLength"",""#text"":""135""},{""@Name"":""HiveName"",""#text"":""\\??\\C:\\ProgramData\\Microsoft\\Windows\\AppRepository\\Packages\\Microsoft.ZuneMusic_10.19071.19011.0_x64__8wekyb3d8bbwe\\ActivationStore.dat""},{""@Name"":""KeysUpdated"",""#text"":""0""},{""@Name"":""DirtyPages"",""#text"":""0""}]}}"
143,143,2025-07-29 04:53:49.7858096,16,Info,Microsoft-Windows-Kernel-General,System,3588,3732,WIN-N0IRN1T9IF6,1,S-1-5-18,,,,,,,,,,,False,C:\Users\VM\Desktop\System.evtx,Classic,0,"{""EventData"":{""Data"":[{""@Name"":""HiveNameLength"",""#text"":""135""},{""@Name"":""HiveName"",""#text"":""\\??\\C:\\ProgramData\\Microsoft\\Windows\\AppRepository\\Packages\\Microsoft.ZuneVideo_10.19071.19011.0_x64__8wekyb3d8bbwe\\ActivationStore.dat""},{""@Name"":""KeysUpdated"",""#text"":""0""},{""@Name"":""DirtyPages"",""#text"":""0""}]}}"
144,144,2025-07-29 04:53:52.3797529,3,Info,Virtual Disk Service,System,0,0,WIN-N0IRN1T9IF6,1,,,,,,,,,,,,False,C:\Users\VM\Desktop\System.evtx,0x80000000000000,0,"{""EventData"":{""Data"":""@2010005"",""Binary"":""""}}"
145,145,2025-07-29 04:53:56.6846240,98,Info,Microsoft-Windows-Ntfs,System,4,2588,WIN-N0IRN1T9IF6,1,S-1-5-18,,,,,,,,,,,False,C:\Users\VM\Desktop\System.evtx,0x8000000000000002,0,"{""EventData"":{""Data"":[{""@Name"":""DriveName"",""#text"":""\\\\?\\Volume{b4afc308-0000-0000-0000-c05d0c000000}""},{""@Name"":""DeviceName"",""#text"":""\\Device\\HarddiskVolume3""},{""@Name"":""CorruptionActionState"",""#text"":""0""}]}}"
146,146,2025-07-29 04:53:56.9094387,98,Info,Microsoft-Windows-Ntfs,System,4,996,WIN-N0IRN1T9IF6,1,S-1-5-18,,,,,,,,,,,False,C:\Users\VM\Desktop\System.evtx,0x8000000000000002,0,"{""EventData"":{""Data"":[{""@Name"":""DriveName"",""#text"":""\\\\?\\Volume{b4afc308-0000-0000-0000-c05d0c000000}""},{""@Name"":""DeviceName"",""#text"":""\\Device\\HarddiskVolume3""},{""@Name"":""CorruptionActionState"",""#text"":""0""}]}}"
147,147,2025-07-29 04:54:04.5617907,16,Info,Microsoft-Windows-Kernel-General,System,3004,936,WIN-N0IRN1T9IF6,1,S-1-5-18,,,,,,,,,,,False,C:\Users\VM\Desktop\System.evtx,Classic,0,"{""EventData"":{""Data"":[{""@Name"":""HiveNameLength"",""#text"":""85""},{""@Name"":""HiveName"",""#text"":""\\??\\C:\\ProgramData\\Microsoft\\Provisioning\\Microsoft-Desktop-Provisioning-Sequence.dat""},{""@Name"":""KeysUpdated"",""#text"":""0""},{""@Name"":""DirtyPages"",""#text"":""0""}]}}"
148,148,2025-07-29 04:54:06.3596081,10010,Error,Microsoft-Windows-DistributedCOM,System,944,716,WIN-N0IRN1T9IF6,1,S-1-5-18,,,,,,,,,,,False,C:\Users\VM\Desktop\System.evtx,"Audit success, classic",1072,"{""EventData"":{""Data"":{""@Name"":""param1"",""#text"":""{A47979D2-C419-11D9-A5B4-001185AD2B89}""}}}"
149,149,2025-07-29 04:54:06.3807510,7023,Error,Service Control Manager,System,668,2340,WIN-N0IRN1T9IF6,1,,,,,,,,,,,,False,C:\Users\VM\Desktop\System.evtx,"Audit success, classic",0,"{""EventData"":{""Data"":[{""@Name"":""param1"",""#text"":""Network List Service""},{""@Name"":""param2"",""#text"":""%%21""}],""Binary"":""6E-00-65-00-74-00-70-00-72-00-6F-00-66-00-6D-00-00-00""}}"
150,150,2025-07-29 04:54:10.5832167,10010,Error,Microsoft-Windows-DistributedCOM,System,944,1808,WIN-N0IRN1T9IF6,1,S-1-5-18,,,,,,,,,,,False,C:\Users\VM\Desktop\System.evtx,"Audit success, classic",0,"{""EventData"":{""Data"":{""@Name"":""param1"",""#text"":""{7D096C5F-AC08-4F1F-BEB7-5C22C517CE39}""}}}"
151,151,2025-07-29 04:54:15.3379472,22,Info,Microsoft-Windows-UserModePowerService,System,824,924,WIN-N0IRN1T9IF6,1,S-1-5-18,,,,,,,,,,,False,C:\Users\VM\Desktop\System.evtx,0x4000000000000000,0,"{""EventData"":{""Data"":{""@Name"":""Turn"",""#text"":""1""}}}"
152,152,2025-07-29 04:54:16.2635434,16,Info,Microsoft-Windows-Kernel-General,System,1160,1164,WIN-N0IRN1T9IF6,1,S-1-5-18,,,,,,,,,,,False,C:\Users\VM\Desktop\System.evtx,Classic,0,"{""EventData"":{""Data"":[{""@Name"":""HiveNameLength"",""#text"":""41""},{""@Name"":""HiveName"",""#text"":""\\??\\C:\\Windows\\System32\\config\\COMPONENTS""},{""@Name"":""KeysUpdated"",""#text"":""56290""},{""@Name"":""DirtyPages"",""#text"":""6483""}]}}"
153,153,2025-07-29 04:54:16.5522358,7000,Error,Service Control Manager,System,668,2284,WIN-N0IRN1T9IF6,1,,,,,,,,,,,,False,C:\Users\VM\Desktop\System.evtx,"Audit success, classic",0,"{""EventData"":{""Data"":[{""@Name"":""param1"",""#text"":""Diagnostic Service Host""},{""@Name"":""param2"",""#text"":""%%1297""}],""Binary"":""57-00-64-00-69-00-53-00-65-00-72-00-76-00-69-00-63-00-65-00-48-00-6F-00-73-00-74-00-00-00""}}"
154,154,2025-07-29 04:54:17.8668317,7000,Error,Service Control Manager,System,668,2284,WIN-N0IRN1T9IF6,1,,,,,,,,,,,,False,C:\Users\VM\Desktop\System.evtx,"Audit success, classic",0,"{""EventData"":{""Data"":[{""@Name"":""param1"",""#text"":""Diagnostic Service Host""},{""@Name"":""param2"",""#text"":""%%1297""}],""Binary"":""57-00-64-00-69-00-53-00-65-00-72-00-76-00-69-00-63-00-65-00-48-00-6F-00-73-00-74-00-00-00""}}"
155,155,2025-07-29 04:54:18.4702845,2003,Info,Microsoft-Windows-Setup,System,1160,1164,WIN-N0IRN1T9IF6,1,S-1-5-18,,,,,,,,,,,False,C:\Users\VM\Desktop\System.evtx,0x2000800000000000,0,"{""EventData"":{""Data"":[{""@Name"":""HostOSName"",""#text"":""Windows (TM) 10 Preinstallation Environment""},{""@Name"":""Installwasanupgrade"",""#text"":""False""},{""@Name"":""HostOSwasWindowsPE"",""#text"":""True""},{""@Name"":""HostOSmajorversion"",""#text"":""10""},{""@Name"":""HostOSminorversion"",""#text"":""0""},{""@Name"":""HostOSbuildversion"",""#text"":""19041""},{""@Name"":""HostOSservicepackName""},{""@Name"":""HostOSservicepackmajorversion"",""#text"":""0""},{""@Name"":""HostOSservicepackminorversion"",""#text"":""0""}]}}"
156,156,2025-07-29 04:54:18.4704993,2004,Info,Microsoft-Windows-Setup,System,1160,1164,WIN-N0IRN1T9IF6,1,S-1-5-18,,,,,,,,,,,False,C:\Users\VM\Desktop\System.evtx,0x2000400000000000,0,"{""EventData"":{""Data"":[{""@Name"":""OSName"",""#text"":""Windows 10 Pro""},{""@Name"":""OSEditionID"",""#text"":""Professional""},{""@Name"":""OSmajorversion"",""#text"":""10""},{""@Name"":""OSminorversion"",""#text"":""0""},{""@Name"":""OSbuildversion"",""#text"":""19045""},{""@Name"":""OSservicepackName""},{""@Name"":""OSservicepackmajorversion"",""#text"":""0""},{""@Name"":""OSservicepackminorversion"",""#text"":""0""}]}}"
157,157,2025-07-29 04:54:19.4618900,7000,Error,Service Control Manager,System,668,2288,WIN-N0IRN1T9IF6,1,,,,,,,,,,,,False,C:\Users\VM\Desktop\System.evtx,"Audit success, classic",0,"{""EventData"":{""Data"":[{""@Name"":""param1"",""#text"":""Diagnostic Service Host""},{""@Name"":""param2"",""#text"":""%%1297""}],""Binary"":""57-00-64-00-69-00-53-00-65-00-72-00-76-00-69-00-63-00-65-00-48-00-6F-00-73-00-74-00-00-00""}}"
158,158,2025-07-29 04:54:20.4580270,1074,Info,User32,System,456,572,WIN-N0IRN1T9IF6,1,S-1-5-18,A user initiated a system restart,NT AUTHORITY\SYSTEM,,Hostname: WIN-N0IRN1T9IF6,Reason: Operating System: Upgrade (Planned),Type: restart,Code: 0x80020003,,,C:\Windows\system32\winlogon.exe (MINWINPC),False,C:\Users\VM\Desktop\System.evtx,"Audit success, classic",0,"{""EventData"":{""Data"":[{""@Name"":""param1"",""#text"":""C:\\Windows\\system32\\winlogon.exe (MINWINPC)""},{""@Name"":""param2"",""#text"":""WIN-N0IRN1T9IF6""},{""@Name"":""param3"",""#text"":""Operating System: Upgrade (Planned)""},{""@Name"":""param4"",""#text"":""0x80020003""},{""@Name"":""param5"",""#text"":""restart""},{""@Name"":""param6""},{""@Name"":""param7"",""#text"":""NT AUTHORITY\\SYSTEM""}]}}"
159,159,2025-07-29 04:54:21.2074655,7045,Info,Service Control Manager,System,668,2284,WIN-N0IRN1T9IF6,1,S-1-5-18,A new service was installed in the system,,,Name: Printer Extensions and Notifications,StartType: demand start,Account: LocalSystem,,,,%SystemRoot%\system32\svchost.exe -k print,False,C:\Users\VM\Desktop\System.evtx,"Audit success, classic",0,"{""EventData"":{""Data"":[{""@Name"":""ServiceName"",""#text"":""Printer Extensions and Notifications""},{""@Name"":""ImagePath"",""#text"":""%SystemRoot%\\system32\\svchost.exe -k print""},{""@Name"":""ServiceType"",""#text"":""user mode service""},{""@Name"":""StartType"",""#text"":""demand start""},{""@Name"":""AccountName"",""#text"":""LocalSystem""}]}}"
160,160,2025-07-29 04:54:21.2074655,7030,Error,Service Control Manager,System,668,2284,WIN-N0IRN1T9IF6,1,,,,,,,,,,,,False,C:\Users\VM\Desktop\System.evtx,"Audit success, classic",0,"{""EventData"":{""Data"":{""@Name"":""param1"",""#text"":""Printer Extensions and Notifications""}}}"
161,161,2025-07-29 04:54:21.4454774,7000,Error,Service Control Manager,System,668,2284,WIN-N0IRN1T9IF6,1,,,,,,,,,,,,False,C:\Users\VM\Desktop\System.evtx,"Audit success, classic",0,"{""EventData"":{""Data"":[{""@Name"":""param1"",""#text"":""Diagnostic Service Host""},{""@Name"":""param2"",""#text"":""%%1297""}],""Binary"":""57-00-64-00-69-00-53-00-65-00-72-00-76-00-69-00-63-00-65-00-48-00-6F-00-73-00-74-00-00-00""}}"
162,162,2025-07-29 04:54:25.3509697,6006,Info,EventLog,System,0,0,WIN-N0IRN1T9IF6,1,,The Event log service was stopped,,,Computer: WIN-N0IRN1T9IF6,,,,,,,False,C:\Users\VM\Desktop\System.evtx,0x80000000000000,0,"{""EventData"":{""Data"":"""",""Binary"":""01-00-00-00-00-00-00-00""}}"
163,163,2025-07-29 04:54:25.3014688,50104,Info,Microsoft-Windows-Dhcp-Client,System,1328,1332,WIN-N0IRN1T9IF6,1,S-1-5-19,,,,,,,,,,,False,C:\Users\VM\Desktop\System.evtx,0x2000000000000000,0,"{""EventData"":""""}"
164,164,2025-07-29 04:54:25.3016319,50105,Info,Microsoft-Windows-Dhcp-Client,System,1328,1420,WIN-N0IRN1T9IF6,1,S-1-5-19,,,,,,,,,,,False,C:\Users\VM\Desktop\System.evtx,0x2000000000000000,0,"{""EventData"":""""}"
165,165,2025-07-29 04:54:25.3064353,51047,Info,Microsoft-Windows-DHCPv6-Client,System,1328,1460,WIN-N0IRN1T9IF6,1,S-1-5-19,,,,,,,,,,,False,C:\Users\VM\Desktop\System.evtx,0x2000000000000000,0,"{""EventData"":{""Data"":{""@Name"":""DwordVal"",""#text"":""1""}}}"
166,166,2025-07-29 04:54:25.3064369,51057,Info,Microsoft-Windows-DHCPv6-Client,System,1328,1460,WIN-N0IRN1T9IF6,1,S-1-5-19,,,,,,,,,,,False,C:\Users\VM\Desktop\System.evtx,0x2000000000000000,0,"{""EventData"":{""Data"":{""@Name"":""DwordVal"",""#text"":""1""}}}"
167,167,2025-07-29 04:54:25.3069183,50106,Info,Microsoft-Windows-Dhcp-Client,System,1328,1420,WIN-N0IRN1T9IF6,1,S-1-5-19,,,,,,,,,,,False,C:\Users\VM\Desktop\System.evtx,0x2000000000000000,0,"{""EventData"":""""}"
168,168,2025-07-29 04:54:25.3545052,50037,Info,Microsoft-Windows-Dhcp-Client,System,1328,1420,WIN-N0IRN1T9IF6,1,S-1-5-19,,,,,,,,,,,False,C:\Users\VM\Desktop\System.evtx,0x2000000000000000,0,"{""EventData"":{""Data"":{""@Name"":""DwordVal"",""#text"":""1""}}}"
169,169,2025-07-29 04:54:59.4978194,6011,Info,EventLog,System,0,0,DESKTOP-5A3QN5S,1,,System Name Changed,,,The NetBIOS name and DNS host name of this machine have been changed from WIN-N0IRN1T9IF6 to DESKTOP-5A3QN5S,,,,,,,False,C:\Users\VM\Desktop\System.evtx,0x80000000000000,0,"{""EventData"":{""Data"":""WIN-N0IRN1T9IF6, DESKTOP-5A3QN5S"",""Binary"":""""}}"
170,170,2025-07-29 04:54:59.4978194,6009,Info,EventLog,System,0,0,DESKTOP-5A3QN5S,1,,,,,,,,,,,,False,C:\Users\VM\Desktop\System.evtx,0x80000000000000,0,"{""EventData"":{""Data"":""10.00., 19045, Multiprocessor Free, 0"",""Binary"":""""}}"
171,171,2025-07-29 04:54:59.4978194,6005,Info,EventLog,System,0,0,DESKTOP-5A3QN5S,1,,The Event log service was started,,,Computer: DESKTOP-5A3QN5S,,,,,,,False,C:\Users\VM\Desktop\System.evtx,0x80000000000000,0,"{""EventData"":{""Data"":"""",""Binary"":""E9-07-07-00-02-00-1D-00-04-00-36-00-3B-00-F1-01-00-00-00-00-00-00-00-00""}}"
172,172,2025-07-29 04:54:59.4978194,6013,Info,EventLog,System,0,0,DESKTOP-5A3QN5S,1,,System uptime,,,The system uptime is 15 seconds,"TimeZone: 60, 480 Pacific Standard Time",,,,,,False,C:\Users\VM\Desktop\System.evtx,0x80000000000000,0,"{""EventData"":{""Data"":""15, 60, 480 Pacific Standard Time"",""Binary"":""31-00-2E-00-31-00-00-00-30-00-00-00-57-00-69-00-6E-00-64-00-6F-00-77-00-73-00-20-00-31-00-30-00-20-00-50-00-72-00-6F-00-00-00-31-00-30-00-2E-00-30-00-2E-00-31-00-39-00-30-00-34-00-35-00-20-00-42-00-75-00-69-00-6C-00-64-00-20-00-31-00-39-00-30-00-34-00-35-00-20-00-20-00-00-00-4D-00-75-00-6C-00-74-00-69-00-70-00-72-00-6F-00-63-00-65-00-73-00-73-00-6F-00-72-00-20-00-46-00-72-00-65-00-65-00-00-00-31-00-39-00-30-00-34-00-31-00-2E-00-76-00-62-00-5F-00-72-00-65-00-6C-00-65-00-61-00-73-00-65-00-2E-00-31-00-39-00-31-00-32-00-30-00-36-00-2D-00-31-00-34-00-30-00-36-00-00-00-36-00-38-00-38-00-38-00-35-00-33-00-66-00-63-00-00-00-4E-00-6F-00-74-00-20-00-41-00-76-00-61-00-69-00-6C-00-61-00-62-00-6C-00-65-00-00-00-4E-00-6F-00-74-00-20-00-41-00-76-00-61-00-69-00-6C-00-61-00-62-00-6C-00-65-00-00-00-39-00-00-00-34-00-00-00-33-00-35-00-35-00-37-00-00-00-34-00-30-00-39-00-00-00-44-00-45-00-53-00-4B-00-54-00-4F-00-50-00-2D-00-35-00-41-00-33-00-51-00-4E-00-35-00-53-00-00-00-00-00""}}"
173,173,2025-07-29 04:54:29.9145133,7023,Error,Service Control Manager,System,668,2288,DESKTOP-5A3QN5S,1,,,,,,,,,,,,False,C:\Users\VM\Desktop\System.evtx,"Audit success, classic",0,"{""EventData"":{""Data"":[{""@Name"":""param1"",""#text"":""Windows Search""},{""@Name"":""param2"",""#text"":""%%1115""}],""Binary"":""57-00-53-00-65-00-61-00-72-00-63-00-68-00-00-00""}}"
174,174,2025-07-29 04:54:30.2066476,109,Info,Microsoft-Windows-Kernel-Power,System,528,532,DESKTOP-5A3QN5S,1,,,,,,,,,,,,False,C:\Users\VM\Desktop\System.evtx,0x8000400000000404,0,"{""EventData"":{""Data"":[{""@Name"":""ShutdownActionType"",""#text"":""5""},{""@Name"":""ShutdownEventCode"",""#text"":""0""},{""@Name"":""ShutdownReason"",""#text"":""5""}]}}"
175,175,2025-07-29 04:54:31.8271406,13,Info,Microsoft-Windows-Kernel-General,System,4,2592,DESKTOP-5A3QN5S,1,,OS was shutdown,,,StopTime: 2025-07-29 04:54:31.8271390,"BootMode: ",,,,,,False,C:\Users\VM\Desktop\System.evtx,State,0,"{""EventData"":{""Data"":{""@Name"":""StopTime"",""#text"":""2025-07-29 04:54:31.8271390""}}}"
176,176,2025-07-29 04:54:44.9959921,12,Info,Microsoft-Windows-Kernel-General,System,4,8,DESKTOP-5A3QN5S,1,S-1-5-18,OS was started,,,StartTime: 2025-07-29 04:54:43.5000000,BootMode: Normal boot,,,,,,False,C:\Users\VM\Desktop\System.evtx,State,0,"{""EventData"":{""Data"":[{""@Name"":""MajorVersion"",""#text"":""10""},{""@Name"":""MinorVersion"",""#text"":""0""},{""@Name"":""BuildVersion"",""#text"":""19041""},{""@Name"":""QfeVersion"",""#text"":""3803""},{""@Name"":""ServiceVersion"",""#text"":""0""},{""@Name"":""BootMode"",""#text"":""0""},{""@Name"":""StartTime"",""#text"":""2025-07-29 04:54:43.5000000""}]}}"
177,177,2025-07-29 04:54:44.9960799,153,Info,Microsoft-Windows-Kernel-Boot,System,4,8,DESKTOP-5A3QN5S,1,S-1-5-18,,,,,,,,,,,False,C:\Users\VM\Desktop\System.evtx,Classic,0,"{""EventData"":{""Data"":[{""@Name"":""Status"",""#text"":""0""},{""@Name"":""EnableDisableReason"",""#text"":""0""},{""@Name"":""VsmPolicy"",""#text"":""0""}]}}"
178,178,2025-07-29 04:54:44.9963076,25,Info,Microsoft-Windows-Kernel-Boot,System,4,8,DESKTOP-5A3QN5S,1,S-1-5-18,,,,,,,,,,,False,C:\Users\VM\Desktop\System.evtx,Classic,0,"{""EventData"":{""Data"":{""@Name"":""BootMenuPolicy"",""#text"":""1""}}}"
179,179,2025-07-29 04:54:44.9963084,27,Info,Microsoft-Windows-Kernel-Boot,System,4,8,DESKTOP-5A3QN5S,1,S-1-5-18,,,,,,,,,,,False,C:\Users\VM\Desktop\System.evtx,Classic,0,"{""EventData"":{""Data"":[{""@Name"":""BootType"",""#text"":""0""},{""@Name"":""LoadOptions"",""#text"":"" NOEXECUTE=OPTIN""}]}}"
180,180,2025-07-29 04:54:44.9963926,18,Info,Microsoft-Windows-Kernel-Boot,System,4,8,DESKTOP-5A3QN5S,1,S-1-5-18,,,,,,,,,,,False,C:\Users\VM\Desktop\System.evtx,Classic,0,"{""EventData"":{""Data"":{""@Name"":""EntryCount"",""#text"":""1""}}}"
181,181,2025-07-29 04:54:44.9964270,32,Info,Microsoft-Windows-Kernel-Boot,System,4,8,DESKTOP-5A3QN5S,1,S-1-5-18,,,,,,,,,,,False,C:\Users\VM\Desktop\System.evtx,Classic,0,"{""EventData"":{""Data"":{""@Name"":""BitlockerUserInputTime"",""#text"":""0""}}}"
182,182,2025-07-29 04:54:45.0027087,20,Info,Microsoft-Windows-Kernel-General,System,4,8,DESKTOP-5A3QN5S,1,S-1-5-18,,,,,,,,,,,False,C:\Users\VM\Desktop\System.evtx,Time,0,"{""EventData"":{""Data"":[{""@Name"":""UpdateReason"",""#text"":""0""},{""@Name"":""EnabledNew"",""#text"":""True""},{""@Name"":""CountNew"",""#text"":""0""},{""@Name"":""CountOld"",""#text"":""0""}]}}"
183,183,2025-07-29 04:54:45.2200305,16,Info,Microsoft-Windows-HAL,System,4,8,DESKTOP-5A3QN5S,1,S-1-5-18,,,,,,,,,,,False,C:\Users\VM\Desktop\System.evtx,Classic,0,"{""EventData"":""""}"
184,184,2025-07-29 04:54:46.4085376,6,Info,Microsoft-Windows-FilterManager,System,4,8,DESKTOP-5A3QN5S,1,S-1-5-18,,,,,,,,,,,False,C:\Users\VM\Desktop\System.evtx,Classic,0,"{""EventData"":{""Data"":[{""@Name"":""FinalStatus"",""#text"":""0x0""},{""@Name"":""DeviceVersionMajor"",""#text"":""10""},{""@Name"":""DeviceVersionMinor"",""#text"":""0""},{""@Name"":""DeviceNameLength"",""#text"":""8""},{""@Name"":""DeviceName"",""#text"":""FileInfo""},{""@Name"":""DeviceTime"",""#text"":""2062-12-22 22:21:06.0000000""}]}}"
185,185,2025-07-29 04:54:46.4090952,6,Info,Microsoft-Windows-FilterManager,System,4,8,DESKTOP-5A3QN5S,1,S-1-5-18,,,,,,,,,,,False,C:\Users\VM\Desktop\System.evtx,Classic,0,"{""EventData"":{""Data"":[{""@Name"":""FinalStatus"",""#text"":""0x0""},{""@Name"":""DeviceVersionMajor"",""#text"":""10""},{""@Name"":""DeviceVersionMinor"",""#text"":""0""},{""@Name"":""DeviceNameLength"",""#text"":""3""},{""@Name"":""DeviceName"",""#text"":""Wof""},{""@Name"":""DeviceTime"",""#text"":""2090-03-16 11:56:17.0000000""}]}}"
186,186,2025-07-29 04:54:46.4101435,6,Info,Microsoft-Windows-FilterManager,System,4,8,DESKTOP-5A3QN5S,1,S-1-5-18,,,,,,,,,,,False,C:\Users\VM\Desktop\System.evtx,Classic,0,"{""EventData"":{""Data"":[{""@Name"":""FinalStatus"",""#text"":""0x0""},{""@Name"":""DeviceVersionMajor"",""#text"":""10""},{""@Name"":""DeviceVersionMinor"",""#text"":""0""},{""@Name"":""DeviceNameLength"",""#text"":""8""},{""@Name"":""DeviceName"",""#text"":""WdFilter""},{""@Name"":""DeviceTime"",""#text"":""2066-04-08 21:52:09.0000000""}]}}"
187,187,2025-07-29 04:54:46.6480775,98,Info,Microsoft-Windows-Ntfs,System,4,304,DESKTOP-5A3QN5S,1,S-1-5-18,,,,,,,,,,,False,C:\Users\VM\Desktop\System.evtx,0x8000000000000002,0,"{""EventData"":{""Data"":[{""@Name"":""DriveName"",""#text"":""C:""},{""@Name"":""DeviceName"",""#text"":""\\Device\\HarddiskVolume2""},{""@Name"":""CorruptionActionState"",""#text"":""0""}]}}"
188,188,2025-07-29 04:54:46.9015513,6,Info,Microsoft-Windows-FilterManager,System,4,8,DESKTOP-5A3QN5S,1,S-1-5-18,,,,,,,,,,,False,C:\Users\VM\Desktop\System.evtx,Classic,0,"{""EventData"":{""Data"":[{""@Name"":""FinalStatus"",""#text"":""0x0""},{""@Name"":""DeviceVersionMajor"",""#text"":""10""},{""@Name"":""DeviceVersionMinor"",""#text"":""0""},{""@Name"":""DeviceNameLength"",""#text"":""9""},{""@Name"":""DeviceName"",""#text"":""FileCrypt""},{""@Name"":""DeviceTime"",""#text"":""2002-03-01 04:12:42.0000000""}]}}"
189,189,2025-07-29 04:54:47.3647974,6,Info,Microsoft-Windows-FilterManager,System,4,8,DESKTOP-5A3QN5S,1,S-1-5-18,,,,,,,,,,,False,C:\Users\VM\Desktop\System.evtx,Classic,0,"{""EventData"":{""Data"":[{""@Name"":""FinalStatus"",""#text"":""0x0""},{""@Name"":""DeviceVersionMajor"",""#text"":""10""},{""@Name"":""DeviceVersionMinor"",""#text"":""0""},{""@Name"":""DeviceNameLength"",""#text"":""9""},{""@Name"":""DeviceName"",""#text"":""npsvctrig""},{""@Name"":""DeviceTime"",""#text"":""2025-01-05 19:41:12.0000000""}]}}"
190,190,2025-07-29 04:54:47.4618603,98,Info,Microsoft-Windows-Ntfs,System,4,240,DESKTOP-5A3QN5S,1,S-1-5-18,,,,,,,,,,,False,C:\Users\VM\Desktop\System.evtx,0x8000000000000002,0,"{""EventData"":{""Data"":[{""@Name"":""DriveName"",""#text"":""\\\\?\\Volume{b4afc308-0000-0000-0000-100000000000}""},{""@Name"":""DeviceName"",""#text"":""\\Device\\HarddiskVolume1""},{""@Name"":""CorruptionActionState"",""#text"":""0""}]}}"
191,191,2025-07-29 04:54:47.5480833,172,Info,Microsoft-Windows-Kernel-Power,System,4,328,DESKTOP-5A3QN5S,1,S-1-5-18,,,,,,,,,,,False,C:\Users\VM\Desktop\System.evtx,0x8000000000000404,0,"{""EventData"":{""Data"":[{""@Name"":""State"",""#text"":""2""},{""@Name"":""Reason"",""#text"":""6""}]}}"
192,192,2025-07-29 04:54:48.1404274,55,Info,Microsoft-Windows-Kernel-Processor-Power,System,4,320,DESKTOP-5A3QN5S,1,S-1-5-18,,,,,,,,,,,False,C:\Users\VM\Desktop\System.evtx,Classic,0,"{""EventData"":{""Data"":[{""@Name"":""Group"",""#text"":""0""},{""@Name"":""Number"",""#text"":""0""},{""@Name"":""IdleStateCount"",""#text"":""1""},{""@Name"":""IdleImplementation"",""#text"":""1""},{""@Name"":""NominalFrequency"",""#text"":""2304""},{""@Name"":""MaximumPerformancePercent"",""#text"":""100""},{""@Name"":""MinimumPerformancePercent"",""#text"":""100""},{""@Name"":""MinimumThrottlePercent"",""#text"":""100""},{""@Name"":""PerformanceImplementation"",""#text"":""0""}]}}"
193,193,2025-07-29 04:54:48.1417177,55,Info,Microsoft-Windows-Kernel-Processor-Power,System,4,320,DESKTOP-5A3QN5S,1,S-1-5-18,,,,,,,,,,,False,C:\Users\VM\Desktop\System.evtx,Classic,0,"{""EventData"":{""Data"":[{""@Name"":""Group"",""#text"":""0""},{""@Name"":""Number"",""#text"":""1""},{""@Name"":""IdleStateCount"",""#text"":""1""},{""@Name"":""IdleImplementation"",""#text"":""1""},{""@Name"":""NominalFrequency"",""#text"":""2304""},{""@Name"":""MaximumPerformancePercent"",""#text"":""100""},{""@Name"":""MinimumPerformancePercent"",""#text"":""100""},{""@Name"":""MinimumThrottlePercent"",""#text"":""100""},{""@Name"":""PerformanceImplementation"",""#text"":""0""}]}}"
194,194,2025-07-29 04:54:48.1486291,55,Info,Microsoft-Windows-Kernel-Processor-Power,System,4,320,DESKTOP-5A3QN5S,1,S-1-5-18,,,,,,,,,,,False,C:\Users\VM\Desktop\System.evtx,Classic,0,"{""EventData"":{""Data"":[{""@Name"":""Group"",""#text"":""0""},{""@Name"":""Number"",""#text"":""2""},{""@Name"":""IdleStateCount"",""#text"":""1""},{""@Name"":""IdleImplementation"",""#text"":""1""},{""@Name"":""NominalFrequency"",""#text"":""2304""},{""@Name"":""MaximumPerformancePercent"",""#text"":""100""},{""@Name"":""MinimumPerformancePercent"",""#text"":""100""},{""@Name"":""MinimumThrottlePercent"",""#text"":""100""},{""@Name"":""PerformanceImplementation"",""#text"":""0""}]}}"
195,195,2025-07-29 04:54:48.1511991,55,Info,Microsoft-Windows-Kernel-Processor-Power,System,4,320,DESKTOP-5A3QN5S,1,S-1-5-18,,,,,,,,,,,False,C:\Users\VM\Desktop\System.evtx,Classic,0,"{""EventData"":{""Data"":[{""@Name"":""Group"",""#text"":""0""},{""@Name"":""Number"",""#text"":""3""},{""@Name"":""IdleStateCount"",""#text"":""1""},{""@Name"":""IdleImplementation"",""#text"":""1""},{""@Name"":""NominalFrequency"",""#text"":""2304""},{""@Name"":""MaximumPerformancePercent"",""#text"":""100""},{""@Name"":""MinimumPerformancePercent"",""#text"":""100""},{""@Name"":""MinimumThrottlePercent"",""#text"":""100""},{""@Name"":""PerformanceImplementation"",""#text"":""0""}]}}"
196,196,2025-07-29 04:54:48.2138016,521,Info,Microsoft-Windows-Kernel-Power,System,4,304,DESKTOP-5A3QN5S,1,S-1-5-18,,,,,,,,,,,False,C:\Users\VM\Desktop\System.evtx,0x8000000000000404,0,"{""EventData"":{""Data"":[{""@Name"":""ValidBatteryCount"",""#text"":""0""},{""@Name"":""ErrorBatteryCount"",""#text"":""0""},{""@Name"":""AbandonedBatteryCount"",""#text"":""0""}]}}"
197,197,2025-07-29 04:54:48.2165400,521,Info,Microsoft-Windows-Kernel-Power,System,4,304,DESKTOP-5A3QN5S,1,S-1-5-18,,,,,,,,,,,False,C:\Users\VM\Desktop\System.evtx,0x8000000000000404,0,"{""EventData"":{""Data"":[{""@Name"":""ValidBatteryCount"",""#text"":""1""},{""@Name"":""ErrorBatteryCount"",""#text"":""0""},{""@Name"":""AbandonedBatteryCount"",""#text"":""0""}]}}"
198,198,2025-07-29 04:54:48.8104501,98,Info,Microsoft-Windows-Ntfs,System,4,324,DESKTOP-5A3QN5S,1,S-1-5-18,,,,,,,,,,,False,C:\Users\VM\Desktop\System.evtx,0x8000000000000002,0,"{""EventData"":{""Data"":[{""@Name"":""DriveName"",""#text"":""\\\\?\\Volume{b4afc308-0000-0000-0000-c05d0c000000}""},{""@Name"":""DeviceName"",""#text"":""\\Device\\HarddiskVolume3""},{""@Name"":""CorruptionActionState"",""#text"":""0""}]}}"
199,199,2025-07-29 04:54:49.4159160,24,Info,Microsoft-Windows-Kernel-General,System,108,436,DESKTOP-5A3QN5S,1,S-1-5-18,,,,,,,,,,,False,C:\Users\VM\Desktop\System.evtx,Time,0,"{""EventData"":{""Data"":[{""@Name"":""ExitReason"",""#text"":""0""},{""@Name"":""CurrentBias"",""#text"":""420""},{""@Name"":""CurrentTimeZoneID"",""#text"":""2""},{""@Name"":""TimeZoneInfoCacheUpdated"",""#text"":""0""},{""@Name"":""FirstRefresh"",""#text"":""0""}]}}"
200,200,2025-07-29 04:54:50.5279777,14,Info,Microsoft-Windows-Wininit,System,540,544,DESKTOP-5A3QN5S,1,S-1-5-18,,,,,,,,,,,False,C:\Users\VM\Desktop\System.evtx,0x4000000000000000,0,"{""EventData"":{""Data"":[{""@Name"":""Config"",""#text"":""0""},{""@Name"":""IsTestConfig"",""#text"":""0""}]}}"
201,201,2025-07-29 04:54:51.1343558,16962,Info,Microsoft-Windows-Directory-Services-SAM,System,684,688,DESKTOP-5A3QN5S,1,S-1-5-18,,,,,,,,,,,False,C:\Users\VM\Desktop\System.evtx,Classic,0,"{""EventData"":{""@Name"":""SAMMSG_RESTRICT_REMOTE_SAM_DEFAULT_SD"",""Data"":{""@Name"":""Default SD String:"",""#text"":""O:SYG:SYD:(A;;RC;;;BA)""}}}"
202,202,2025-07-29 04:54:51.1677159,16977,Info,Microsoft-Windows-Directory-Services-SAM,System,684,688,DESKTOP-5A3QN5S,1,S-1-5-18,,,,,,,,,,,False,C:\Users\VM\Desktop\System.evtx,Classic,0,"{""EventData"":{""@Name"":""SAMMSG_MINPWDLEN_SETTINGS_IN_EFFECT"",""Data"":[{""@Name"":""MinimumPasswordLength"",""#text"":""0""},{""@Name"":""RelaxMinimumPasswordLengthLimits"",""#text"":""0""},{""@Name"":""MinimumPasswordLengthAudit"",""#text"":""-1""}]}}"
203,203,2025-07-29 04:54:51.1677203,16983,Info,Microsoft-Windows-Directory-Services-SAM,System,684,688,DESKTOP-5A3QN5S,1,S-1-5-18,,,,,,,,,,,False,C:\Users\VM\Desktop\System.evtx,Classic,0,"{""EventData"":{""@Name"":""SAMMSG_AUDIT_LEGACY_PWD_RPC_METHODS_OFF""}}"
204,204,2025-07-29 04:54:58.7456343,16,Info,Microsoft-Windows-Kernel-General,System,1176,1320,DESKTOP-5A3QN5S,1,S-1-5-18,,,,,,,,,,,False,C:\Users\VM\Desktop\System.evtx,Classic,0,"{""EventData"":{""Data"":[{""@Name"":""HiveNameLength"",""#text"":""31""},{""@Name"":""HiveName"",""#text"":""\\??\\C:\\Users\\Default\\NTUSER.DAT""},{""@Name"":""KeysUpdated"",""#text"":""571""},{""@Name"":""DirtyPages"",""#text"":""33""}]}}"
205,205,2025-07-29 04:54:59.6363790,50036,Info,Microsoft-Windows-Dhcp-Client,System,1392,1512,DESKTOP-5A3QN5S,1,S-1-5-19,,,,,,,,,,,False,C:\Users\VM\Desktop\System.evtx,0x2000000000000000,0,"{""EventData"":""""}"
206,206,2025-07-29 04:54:59.6364517,50103,Info,Microsoft-Windows-Dhcp-Client,System,1392,1512,DESKTOP-5A3QN5S,1,S-1-5-19,,,,,,,,,,,False,C:\Users\VM\Desktop\System.evtx,0x2000000000000000,0,"{""EventData"":""""}"
207,207,2025-07-29 04:54:59.7338871,51046,Info,Microsoft-Windows-DHCPv6-Client,System,1392,1548,DESKTOP-5A3QN5S,1,S-1-5-19,,,,,,,,,,,False,C:\Users\VM\Desktop\System.evtx,0x2000000000000000,0,"{""EventData"":""""}"
208,208,2025-07-29 04:55:00.5763245,6,Info,Microsoft-Windows-FilterManager,System,4,324,DESKTOP-5A3QN5S,1,S-1-5-18,,,,,,,,,,,False,C:\Users\VM\Desktop\System.evtx,Classic,0,"{""EventData"":{""Data"":[{""@Name"":""FinalStatus"",""#text"":""0x0""},{""@Name"":""DeviceVersionMajor"",""#text"":""10""},{""@Name"":""DeviceVersionMinor"",""#text"":""0""},{""@Name"":""DeviceNameLength"",""#text"":""5""},{""@Name"":""DeviceName"",""#text"":""wcifs""},{""@Name"":""DeviceTime"",""#text"":""2004-03-22 10:56:15.0000000""}]}}"
209,209,2025-07-29 04:55:00.6672211,6,Info,Microsoft-Windows-FilterManager,System,4,328,DESKTOP-5A3QN5S,1,S-1-5-18,,,,,,,,,,,False,C:\Users\VM\Desktop\System.evtx,Classic,0,"{""EventData"":{""Data"":[{""@Name"":""FinalStatus"",""#text"":""0x0""},{""@Name"":""DeviceVersionMajor"",""#text"":""10""},{""@Name"":""DeviceVersionMinor"",""#text"":""0""},{""@Name"":""DeviceNameLength"",""#text"":""5""},{""@Name"":""DeviceName"",""#text"":""luafv""},{""@Name"":""DeviceTime"",""#text"":""2062-02-02 20:11:58.0000000""}]}}"
210,210,2025-07-29 04:55:00.7350911,6,Info,Microsoft-Windows-FilterManager,System,4,328,DESKTOP-5A3QN5S,1,S-1-5-18,,,,,,,,,,,False,C:\Users\VM\Desktop\System.evtx,Classic,0,"{""EventData"":{""Data"":[{""@Name"":""FinalStatus"",""#text"":""0x0""},{""@Name"":""DeviceVersionMajor"",""#text"":""10""},{""@Name"":""DeviceVersionMinor"",""#text"":""0""},{""@Name"":""DeviceNameLength"",""#text"":""6""},{""@Name"":""DeviceName"",""#text"":""CldFlt""},{""@Name"":""DeviceTime"",""#text"":""2084-11-25 00:15:59.0000000""}]}}"
211,211,2025-07-29 04:55:00.7351003,1,Info,Microsoft-Windows-FilterManager,System,4,328,DESKTOP-5A3QN5S,1,S-1-5-18,,,,,,,,,,,False,C:\Users\VM\Desktop\System.evtx,Classic,0,"{""EventData"":{""Data"":[{""@Name"":""FinalStatus"",""#text"":""0x0""},{""@Name"":""DeviceVersionMajor"",""#text"":""10""},{""@Name"":""DeviceVersionMinor"",""#text"":""0""},{""@Name"":""DeviceNameLength"",""#text"":""6""},{""@Name"":""DeviceName"",""#text"":""CldFlt""},{""@Name"":""DeviceTime"",""#text"":""2084-11-25 00:15:59.0000000""}]}}"
212,212,2025-07-29 04:55:00.7351660,6,Info,Microsoft-Windows-FilterManager,System,4,328,DESKTOP-5A3QN5S,1,S-1-5-18,,,,,,,,,,,False,C:\Users\VM\Desktop\System.evtx,Classic,0,"{""EventData"":{""Data"":[{""@Name"":""FinalStatus"",""#text"":""0x0""},{""@Name"":""DeviceVersionMajor"",""#text"":""10""},{""@Name"":""DeviceVersionMinor"",""#text"":""0""},{""@Name"":""DeviceNameLength"",""#text"":""6""},{""@Name"":""DeviceName"",""#text"":""CldFlt""},{""@Name"":""DeviceTime"",""#text"":""2084-11-25 00:15:59.0000000""}]}}"
213,213,2025-07-29 04:55:00.7843566,6,Info,Microsoft-Windows-FilterManager,System,4,324,DESKTOP-5A3QN5S,1,S-1-5-18,,,,,,,,,,,False,C:\Users\VM\Desktop\System.evtx,Classic,0,"{""EventData"":{""Data"":[{""@Name"":""FinalStatus"",""#text"":""0x0""},{""@Name"":""DeviceVersionMajor"",""#text"":""10""},{""@Name"":""DeviceVersionMinor"",""#text"":""0""},{""@Name"":""DeviceNameLength"",""#text"":""10""},{""@Name"":""DeviceName"",""#text"":""storqosflt""},{""@Name"":""DeviceTime"",""#text"":""2007-04-09 11:08:30.0000000""}]}}"
214,214,2025-07-29 04:55:00.8146696,6,Info,Microsoft-Windows-FilterManager,System,4,324,DESKTOP-5A3QN5S,1,S-1-5-18,,,,,,,,,,,False,C:\Users\VM\Desktop\System.evtx,Classic,0,"{""EventData"":{""Data"":[{""@Name"":""FinalStatus"",""#text"":""0x0""},{""@Name"":""DeviceVersionMajor"",""#text"":""10""},{""@Name"":""DeviceVersionMinor"",""#text"":""0""},{""@Name"":""DeviceNameLength"",""#text"":""7""},{""@Name"":""DeviceName"",""#text"":""bindflt""},{""@Name"":""DeviceTime"",""#text"":""2016-11-30 19:47:51.0000000""}]}}"
