958,958,2025-07-29 17:16:52.3504115,109,Info,Microsoft-Windows-Kernel-Power,System,572,576,DESKTOP-5A3QN5S,7,,,,,,,,,,,,False,C:\Users\VM\Desktop\System.evtx,0x8000400000000404,0,"{""EventData"":{""Data"":[{""@Name"":""ShutdownActionType"",""#text"":""6""},{""@Name"":""ShutdownEventCode"",""#text"":""0""},{""@Name"":""ShutdownReason"",""#text"":""5""}]}}"
959,959,2025-07-29 17:16:54.6860634,13,Info,Microsoft-Windows-Kernel-General,System,4,4148,DESKTOP-5A3QN5S,7,,OS was shutdown,,,StopTime: 2025-07-29 17:16:54.6860625,"BootMode: ",,,,,,False,C:\Users\VM\Desktop\System.evtx,State,368,"{""EventData"":{""Data"":{""@Name"":""StopTime"",""#text"":""2025-07-29 17:16:54.6860625""}}}"
960,960,2025-07-30 02:17:33.5507330,12,Info,Microsoft-Windows-Kernel-General,System,4,8,DESKTOP-5A3QN5S,7,S-1-5-18,OS was started,,,StartTime: 2025-07-30 02:17:32.5000000,BootMode: Normal boot,,,,,,False,C:\Users\VM\Desktop\System.evtx,State,0,"{""EventData"":{""Data"":[{""@Name"":""MajorVersion"",""#text"":""10""},{""@Name"":""MinorVersion"",""#text"":""0""},{""@Name"":""BuildVersion"",""#text"":""19041""},{""@Name"":""QfeVersion"",""#text"":""6093""},{""@Name"":""ServiceVersion"",""#text"":""0""},{""@Name"":""BootMode"",""#text"":""0""},{""@Name"":""StartTime"",""#text"":""2025-07-30 02:17:32.5000000""}]}}"
961,961,2025-07-30 02:17:33.5507715,153,Info,Microsoft-Windows-Kernel-Boot,System,4,8,DESKTOP-5A3QN5S,7,S-1-5-18,,,,,,,,,,,False,C:\Users\VM\Desktop\System.evtx,Classic,0,"{""EventData"":{""Data"":[{""@Name"":""Status"",""#text"":""0""},{""@Name"":""EnableDisableReason"",""#text"":""0""},{""@Name"":""VsmPolicy"",""#text"":""0""}]}}"
962,962,2025-07-30 02:17:33.5514643,20,Info,Microsoft-Windows-Kernel-Boot,System,4,8,DESKTOP-5A3QN5S,7,S-1-5-18,,,,,,,,,,,False,C:\Users\VM\Desktop\System.evtx,Classic,0,"{""EventData"":{""Data"":[{""@Name"":""LastShutdownGood"",""#text"":""True""},{""@Name"":""LastBootGood"",""#text"":""True""},{""@Name"":""LastBootId"",""#text"":""10""},{""@Name"":""BootStatusPolicy"",""#text"":""2""}]}}"
963,963,2025-07-30 02:17:33.5514902,25,Info,Microsoft-Windows-Kernel-Boot,System,4,8,DESKTOP-5A3QN5S,7,S-1-5-18,,,,,,,,,,,False,C:\Users\VM\Desktop\System.evtx,Classic,0,"{""EventData"":{""Data"":{""@Name"":""BootMenuPolicy"",""#text"":""1""}}}"
964,964,2025-07-30 02:17:33.5514905,27,Info,Microsoft-Windows-Kernel-Boot,System,4,8,DESKTOP-5A3QN5S,7,S-1-5-18,,,,,,,,,,,False,C:\Users\VM\Desktop\System.evtx,Classic,0,"{""EventData"":{""Data"":[{""@Name"":""BootType"",""#text"":""0""},{""@Name"":""LoadOptions"",""#text"":"" NOEXECUTE=OPTIN""}]}}"
965,965,2025-07-30 02:17:33.5514953,18,Info,Microsoft-Windows-Kernel-Boot,System,4,8,DESKTOP-5A3QN5S,7,S-1-5-18,,,,,,,,,,,False,C:\Users\VM\Desktop\System.evtx,Classic,0,"{""EventData"":{""Data"":{""@Name"":""EntryCount"",""#text"":""1""}}}"
966,966,2025-07-30 02:17:33.5515197,32,Info,Microsoft-Windows-Kernel-Boot,System,4,8,DESKTOP-5A3QN5S,7,S-1-5-18,,,,,,,,,,,False,C:\Users\VM\Desktop\System.evtx,Classic,0,"{""EventData"":{""Data"":{""@Name"":""BitlockerUserInputTime"",""#text"":""0""}}}"
967,967,2025-07-30 02:17:33.5589622,20,Info,Microsoft-Windows-Kernel-General,System,4,8,DESKTOP-5A3QN5S,7,S-1-5-18,,,,,,,,,,,False,C:\Users\VM\Desktop\System.evtx,Time,0,"{""EventData"":{""Data"":[{""@Name"":""UpdateReason"",""#text"":""0""},{""@Name"":""EnabledNew"",""#text"":""True""},{""@Name"":""CountNew"",""#text"":""0""},{""@Name"":""CountOld"",""#text"":""0""}]}}"
968,968,2025-07-30 02:17:33.7861084,16,Info,Microsoft-Windows-HAL,System,4,8,DESKTOP-5A3QN5S,7,S-1-5-18,,,,,,,,,,,False,C:\Users\VM\Desktop\System.evtx,Classic,0,"{""EventData"":""""}"
969,969,2025-07-30 02:17:38.1110178,6,Info,Microsoft-Windows-FilterManager,System,4,8,DESKTOP-5A3QN5S,7,S-1-5-18,,,,,,,,,,,False,C:\Users\VM\Desktop\System.evtx,Classic,0,"{""EventData"":{""Data"":[{""@Name"":""FinalStatus"",""#text"":""0x0""},{""@Name"":""DeviceVersionMajor"",""#text"":""10""},{""@Name"":""DeviceVersionMinor"",""#text"":""0""},{""@Name"":""DeviceNameLength"",""#text"":""8""},{""@Name"":""DeviceName"",""#text"":""FileInfo""},{""@Name"":""DeviceTime"",""#text"":""2062-12-22 22:21:06.0000000""}]}}"
970,970,2025-07-30 02:17:38.1116500,6,Info,Microsoft-Windows-FilterManager,System,4,8,DESKTOP-5A3QN5S,7,S-1-5-18,,,,,,,,,,,False,C:\Users\VM\Desktop\System.evtx,Classic,0,"{""EventData"":{""Data"":[{""@Name"":""FinalStatus"",""#text"":""0x0""},{""@Name"":""DeviceVersionMajor"",""#text"":""10""},{""@Name"":""DeviceVersionMinor"",""#text"":""0""},{""@Name"":""DeviceNameLength"",""#text"":""3""},{""@Name"":""DeviceName"",""#text"":""Wof""},{""@Name"":""DeviceTime"",""#text"":""2090-03-16 11:56:17.0000000""}]}}"
971,971,2025-07-30 02:17:38.1132009,6,Info,Microsoft-Windows-FilterManager,System,4,8,DESKTOP-5A3QN5S,7,S-1-5-18,,,,,,,,,,,False,C:\Users\VM\Desktop\System.evtx,Classic,0,"{""EventData"":{""Data"":[{""@Name"":""FinalStatus"",""#text"":""0x0""},{""@Name"":""DeviceVersionMajor"",""#text"":""10""},{""@Name"":""DeviceVersionMinor"",""#text"":""0""},{""@Name"":""DeviceNameLength"",""#text"":""8""},{""@Name"":""DeviceName"",""#text"":""WdFilter""},{""@Name"":""DeviceTime"",""#text"":""2020-04-16 01:35:56.0000000""}]}}"
972,972,2025-07-30 02:17:38.1659432,6,Info,Microsoft-Windows-FilterManager,System,4,8,DESKTOP-5A3QN5S,7,S-1-5-18,,,,,,,,,,,False,C:\Users\VM\Desktop\System.evtx,Classic,0,"{""EventData"":{""Data"":[{""@Name"":""FinalStatus"",""#text"":""0x0""},{""@Name"":""DeviceVersionMajor"",""#text"":""0""},{""@Name"":""DeviceVersionMinor"",""#text"":""0""},{""@Name"":""DeviceNameLength"",""#text"":""9""},{""@Name"":""DeviceName"",""#text"":""SysmonDrv""},{""@Name"":""DeviceTime"",""#text"":""2024-07-22 08:29:55.0000000""}]}}"
973,973,2025-07-30 02:17:49.4625702,98,Info,Microsoft-Windows-Ntfs,System,4,308,DESKTOP-5A3QN5S,7,S-1-5-18,,,,,,,,,,,False,C:\Users\VM\Desktop\System.evtx,0x8000000000000002,0,"{""EventData"":{""Data"":[{""@Name"":""DriveName"",""#text"":""C:""},{""@Name"":""DeviceName"",""#text"":""\\Device\\HarddiskVolume2""},{""@Name"":""CorruptionActionState"",""#text"":""0""}]}}"
974,974,2025-07-30 02:17:50.3392658,6,Info,Microsoft-Windows-FilterManager,System,4,8,DESKTOP-5A3QN5S,7,S-1-5-18,,,,,,,,,,,False,C:\Users\VM\Desktop\System.evtx,Classic,0,"{""EventData"":{""Data"":[{""@Name"":""FinalStatus"",""#text"":""0x0""},{""@Name"":""DeviceVersionMajor"",""#text"":""10""},{""@Name"":""DeviceVersionMinor"",""#text"":""0""},{""@Name"":""DeviceNameLength"",""#text"":""9""},{""@Name"":""DeviceName"",""#text"":""FileCrypt""},{""@Name"":""DeviceTime"",""#text"":""2002-03-01 04:12:42.0000000""}]}}"
975,975,2025-07-30 02:17:50.3880293,6,Info,Microsoft-Windows-FilterManager,System,4,8,DESKTOP-5A3QN5S,7,S-1-5-18,,,,,,,,,,,False,C:\Users\VM\Desktop\System.evtx,Classic,0,"{""EventData"":{""Data"":[{""@Name"":""FinalStatus"",""#text"":""0x0""},{""@Name"":""DeviceVersionMajor"",""#text"":""10""},{""@Name"":""DeviceVersionMinor"",""#text"":""0""},{""@Name"":""DeviceNameLength"",""#text"":""4""},{""@Name"":""DeviceName"",""#text"":""UCPD""},{""@Name"":""DeviceTime"",""#text"":""2006-08-28 04:56:22.0000000""}]}}"
976,976,2025-07-30 02:17:51.0713506,6,Info,Microsoft-Windows-FilterManager,System,4,8,DESKTOP-5A3QN5S,7,S-1-5-18,,,,,,,,,,,False,C:\Users\VM\Desktop\System.evtx,Classic,0,"{""EventData"":{""Data"":[{""@Name"":""FinalStatus"",""#text"":""0x0""},{""@Name"":""DeviceVersionMajor"",""#text"":""10""},{""@Name"":""DeviceVersionMinor"",""#text"":""0""},{""@Name"":""DeviceNameLength"",""#text"":""9""},{""@Name"":""DeviceName"",""#text"":""npsvctrig""},{""@Name"":""DeviceTime"",""#text"":""2025-01-05 19:41:12.0000000""}]}}"
977,977,2025-07-30 02:17:51.1620528,98,Info,Microsoft-Windows-Ntfs,System,4,332,DESKTOP-5A3QN5S,7,S-1-5-18,,,,,,,,,,,False,C:\Users\VM\Desktop\System.evtx,0x8000000000000002,0,"{""EventData"":{""Data"":[{""@Name"":""DriveName"",""#text"":""\\\\?\\Volume{b4afc308-0000-0000-0000-100000000000}""},{""@Name"":""DeviceName"",""#text"":""\\Device\\HarddiskVolume1""},{""@Name"":""CorruptionActionState"",""#text"":""0""}]}}"
978,978,2025-07-30 02:17:51.2558881,172,Info,Microsoft-Windows-Kernel-Power,System,4,376,DESKTOP-5A3QN5S,7,S-1-5-18,,,,,,,,,,,False,C:\Users\VM\Desktop\System.evtx,0x8000000000000404,0,"{""EventData"":{""Data"":[{""@Name"":""State"",""#text"":""2""},{""@Name"":""Reason"",""#text"":""6""}]}}"
979,979,2025-07-30 02:17:52.1202504,55,Info,Microsoft-Windows-Kernel-Processor-Power,System,4,128,DESKTOP-5A3QN5S,7,S-1-5-18,,,,,,,,,,,False,C:\Users\VM\Desktop\System.evtx,Classic,0,"{""EventData"":{""Data"":[{""@Name"":""Group"",""#text"":""0""},{""@Name"":""Number"",""#text"":""0""},{""@Name"":""IdleStateCount"",""#text"":""1""},{""@Name"":""IdleImplementation"",""#text"":""1""},{""@Name"":""NominalFrequency"",""#text"":""2304""},{""@Name"":""MaximumPerformancePercent"",""#text"":""100""},{""@Name"":""MinimumPerformancePercent"",""#text"":""100""},{""@Name"":""MinimumThrottlePercent"",""#text"":""100""},{""@Name"":""PerformanceImplementation"",""#text"":""0""}]}}"
980,980,2025-07-30 02:17:52.1283638,55,Info,Microsoft-Windows-Kernel-Processor-Power,System,4,128,DESKTOP-5A3QN5S,7,S-1-5-18,,,,,,,,,,,False,C:\Users\VM\Desktop\System.evtx,Classic,0,"{""EventData"":{""Data"":[{""@Name"":""Group"",""#text"":""0""},{""@Name"":""Number"",""#text"":""1""},{""@Name"":""IdleStateCount"",""#text"":""1""},{""@Name"":""IdleImplementation"",""#text"":""1""},{""@Name"":""NominalFrequency"",""#text"":""2304""},{""@Name"":""MaximumPerformancePercent"",""#text"":""100""},{""@Name"":""MinimumPerformancePercent"",""#text"":""100""},{""@Name"":""MinimumThrottlePercent"",""#text"":""100""},{""@Name"":""PerformanceImplementation"",""#text"":""0""}]}}"
981,981,2025-07-30 02:17:52.1291282,55,Info,Microsoft-Windows-Kernel-Processor-Power,System,4,128,DESKTOP-5A3QN5S,7,S-1-5-18,,,,,,,,,,,False,C:\Users\VM\Desktop\System.evtx,Classic,0,"{""EventData"":{""Data"":[{""@Name"":""Group"",""#text"":""0""},{""@Name"":""Number"",""#text"":""2""},{""@Name"":""IdleStateCount"",""#text"":""1""},{""@Name"":""IdleImplementation"",""#text"":""1""},{""@Name"":""NominalFrequency"",""#text"":""2304""},{""@Name"":""MaximumPerformancePercent"",""#text"":""100""},{""@Name"":""MinimumPerformancePercent"",""#text"":""100""},{""@Name"":""MinimumThrottlePercent"",""#text"":""100""},{""@Name"":""PerformanceImplementation"",""#text"":""0""}]}}"
982,982,2025-07-30 02:17:52.1298888,55,Info,Microsoft-Windows-Kernel-Processor-Power,System,4,128,DESKTOP-5A3QN5S,7,S-1-5-18,,,,,,,,,,,False,C:\Users\VM\Desktop\System.evtx,Classic,0,"{""EventData"":{""Data"":[{""@Name"":""Group"",""#text"":""0""},{""@Name"":""Number"",""#text"":""3""},{""@Name"":""IdleStateCount"",""#text"":""1""},{""@Name"":""IdleImplementation"",""#text"":""1""},{""@Name"":""NominalFrequency"",""#text"":""2304""},{""@Name"":""MaximumPerformancePercent"",""#text"":""100""},{""@Name"":""MinimumPerformancePercent"",""#text"":""100""},{""@Name"":""MinimumThrottlePercent"",""#text"":""100""},{""@Name"":""PerformanceImplementation"",""#text"":""0""}]}}"
983,983,2025-07-30 02:17:52.2357620,521,Info,Microsoft-Windows-Kernel-Power,System,4,372,DESKTOP-5A3QN5S,7,S-1-5-18,,,,,,,,,,,False,C:\Users\VM\Desktop\System.evtx,0x8000000000000404,0,"{""EventData"":{""Data"":[{""@Name"":""ValidBatteryCount"",""#text"":""0""},{""@Name"":""ErrorBatteryCount"",""#text"":""0""},{""@Name"":""AbandonedBatteryCount"",""#text"":""0""}]}}"
984,984,2025-07-30 02:17:52.2402327,521,Info,Microsoft-Windows-Kernel-Power,System,4,372,DESKTOP-5A3QN5S,7,S-1-5-18,,,,,,,,,,,False,C:\Users\VM\Desktop\System.evtx,0x8000000000000404,0,"{""EventData"":{""Data"":[{""@Name"":""ValidBatteryCount"",""#text"":""1""},{""@Name"":""ErrorBatteryCount"",""#text"":""0""},{""@Name"":""AbandonedBatteryCount"",""#text"":""0""}]}}"
985,985,2025-07-30 02:17:59.5778146,98,Info,Microsoft-Windows-Ntfs,System,4,324,DESKTOP-5A3QN5S,7,S-1-5-18,,,,,,,,,,,False,C:\Users\VM\Desktop\System.evtx,0x8000000000000002,0,"{""EventData"":{""Data"":[{""@Name"":""DriveName"",""#text"":""\\\\?\\Volume{b4afc308-0000-0000-0000-c05d0c000000}""},{""@Name"":""DeviceName"",""#text"":""\\Device\\HarddiskVolume3""},{""@Name"":""CorruptionActionState"",""#text"":""0""}]}}"
986,986,2025-07-30 02:18:00.2297569,24,Info,Microsoft-Windows-Kernel-General,System,108,468,DESKTOP-5A3QN5S,7,S-1-5-18,,,,,,,,,,,False,C:\Users\VM\Desktop\System.evtx,Time,0,"{""EventData"":{""Data"":[{""@Name"":""ExitReason"",""#text"":""0""},{""@Name"":""CurrentBias"",""#text"":""420""},{""@Name"":""CurrentTimeZoneID"",""#text"":""2""},{""@Name"":""TimeZoneInfoCacheUpdated"",""#text"":""0""},{""@Name"":""FirstRefresh"",""#text"":""0""}]}}"
987,987,2025-07-30 02:18:01.2391062,14,Info,Microsoft-Windows-Wininit,System,564,568,DESKTOP-5A3QN5S,7,S-1-5-18,,,,,,,,,,,False,C:\Users\VM\Desktop\System.evtx,0x4000000000000000,0,"{""EventData"":{""Data"":[{""@Name"":""Config"",""#text"":""0""},{""@Name"":""IsTestConfig"",""#text"":""0""}]}}"
988,988,2025-07-30 02:18:01.5428631,16962,Info,Microsoft-Windows-Directory-Services-SAM,System,728,732,DESKTOP-5A3QN5S,7,S-1-5-18,,,,,,,,,,,False,C:\Users\VM\Desktop\System.evtx,Classic,0,"{""EventData"":{""@Name"":""SAMMSG_RESTRICT_REMOTE_SAM_DEFAULT_SD"",""Data"":{""@Name"":""Default SD String:"",""#text"":""O:SYG:SYD:(A;;RC;;;BA)""}}}"
989,989,2025-07-30 02:18:01.5640735,16977,Info,Microsoft-Windows-Directory-Services-SAM,System,728,732,DESKTOP-5A3QN5S,7,S-1-5-18,,,,,,,,,,,False,C:\Users\VM\Desktop\System.evtx,Classic,0,"{""EventData"":{""@Name"":""SAMMSG_MINPWDLEN_SETTINGS_IN_EFFECT"",""Data"":[{""@Name"":""MinimumPasswordLength"",""#text"":""0""},{""@Name"":""RelaxMinimumPasswordLengthLimits"",""#text"":""0""},{""@Name"":""MinimumPasswordLengthAudit"",""#text"":""-1""}]}}"
990,990,2025-07-30 02:18:01.5640799,16983,Info,Microsoft-Windows-Directory-Services-SAM,System,728,732,DESKTOP-5A3QN5S,7,S-1-5-18,,,,,,,,,,,False,C:\Users\VM\Desktop\System.evtx,Classic,0,"{""EventData"":{""@Name"":""SAMMSG_AUDIT_LEGACY_PWD_RPC_METHODS_OFF""}}"
991,991,2025-07-30 02:18:02.2390802,50036,Info,Microsoft-Windows-Dhcp-Client,System,784,1256,DESKTOP-5A3QN5S,7,S-1-5-19,,,,,,,,,,,False,C:\Users\VM\Desktop\System.evtx,0x2000000000000000,0,"{""EventData"":""""}"
992,992,2025-07-30 02:18:02.2391306,50103,Info,Microsoft-Windows-Dhcp-Client,System,784,1256,DESKTOP-5A3QN5S,7,S-1-5-19,,,,,,,,,,,False,C:\Users\VM\Desktop\System.evtx,0x2000000000000000,0,"{""EventData"":""""}"
993,993,2025-07-30 02:18:02.2631878,51046,Info,Microsoft-Windows-DHCPv6-Client,System,784,1276,DESKTOP-5A3QN5S,7,S-1-5-19,,,,,,,,,,,False,C:\Users\VM\Desktop\System.evtx,0x2000000000000000,0,"{""EventData"":""""}"
994,994,2025-07-30 02:18:02.3830223,6,Info,Microsoft-Windows-FilterManager,System,4,332,DESKTOP-5A3QN5S,7,S-1-5-18,,,,,,,,,,,False,C:\Users\VM\Desktop\System.evtx,Classic,0,"{""EventData"":{""Data"":[{""@Name"":""FinalStatus"",""#text"":""0x0""},{""@Name"":""DeviceVersionMajor"",""#text"":""10""},{""@Name"":""DeviceVersionMinor"",""#text"":""0""},{""@Name"":""DeviceNameLength"",""#text"":""5""},{""@Name"":""DeviceName"",""#text"":""wcifs""},{""@Name"":""DeviceTime"",""#text"":""2043-11-04 04:04:53.0000000""}]}}"
995,995,2025-07-30 02:18:02.3853083,6,Info,Microsoft-Windows-FilterManager,System,4,204,DESKTOP-5A3QN5S,7,S-1-5-18,,,,,,,,,,,False,C:\Users\VM\Desktop\System.evtx,Classic,0,"{""EventData"":{""Data"":[{""@Name"":""FinalStatus"",""#text"":""0x0""},{""@Name"":""DeviceVersionMajor"",""#text"":""10""},{""@Name"":""DeviceVersionMinor"",""#text"":""0""},{""@Name"":""DeviceNameLength"",""#text"":""5""},{""@Name"":""DeviceName"",""#text"":""luafv""},{""@Name"":""DeviceTime"",""#text"":""1996-01-27 05:16:28.0000000""}]}}"
996,996,2025-07-30 02:18:02.4432441,6,Info,Microsoft-Windows-FilterManager,System,4,332,DESKTOP-5A3QN5S,7,S-1-5-18,,,,,,,,,,,False,C:\Users\VM\Desktop\System.evtx,Classic,0,"{""EventData"":{""Data"":[{""@Name"":""FinalStatus"",""#text"":""0x0""},{""@Name"":""DeviceVersionMajor"",""#text"":""10""},{""@Name"":""DeviceVersionMinor"",""#text"":""0""},{""@Name"":""DeviceNameLength"",""#text"":""6""},{""@Name"":""DeviceName"",""#text"":""CldFlt""},{""@Name"":""DeviceTime"",""#text"":""2063-06-09 03:33:16.0000000""}]}}"
997,997,2025-07-30 02:18:02.4432523,1,Info,Microsoft-Windows-FilterManager,System,4,332,DESKTOP-5A3QN5S,7,S-1-5-18,,,,,,,,,,,False,C:\Users\VM\Desktop\System.evtx,Classic,0,"{""EventData"":{""Data"":[{""@Name"":""FinalStatus"",""#text"":""0x0""},{""@Name"":""DeviceVersionMajor"",""#text"":""10""},{""@Name"":""DeviceVersionMinor"",""#text"":""0""},{""@Name"":""DeviceNameLength"",""#text"":""6""},{""@Name"":""DeviceName"",""#text"":""CldFlt""},{""@Name"":""DeviceTime"",""#text"":""2063-06-09 03:33:16.0000000""}]}}"
998,998,2025-07-30 02:18:02.4435325,6,Info,Microsoft-Windows-FilterManager,System,4,332,DESKTOP-5A3QN5S,7,S-1-5-18,,,,,,,,,,,False,C:\Users\VM\Desktop\System.evtx,Classic,0,"{""EventData"":{""Data"":[{""@Name"":""FinalStatus"",""#text"":""0x0""},{""@Name"":""DeviceVersionMajor"",""#text"":""10""},{""@Name"":""DeviceVersionMinor"",""#text"":""0""},{""@Name"":""DeviceNameLength"",""#text"":""6""},{""@Name"":""DeviceName"",""#text"":""CldFlt""},{""@Name"":""DeviceTime"",""#text"":""2063-06-09 03:33:16.0000000""}]}}"
999,999,2025-07-30 02:18:02.4631750,6,Info,Microsoft-Windows-FilterManager,System,4,116,DESKTOP-5A3QN5S,7,S-1-5-18,,,,,,,,,,,False,C:\Users\VM\Desktop\System.evtx,Classic,0,"{""EventData"":{""Data"":[{""@Name"":""FinalStatus"",""#text"":""0x0""},{""@Name"":""DeviceVersionMajor"",""#text"":""10""},{""@Name"":""DeviceVersionMinor"",""#text"":""0""},{""@Name"":""DeviceNameLength"",""#text"":""10""},{""@Name"":""DeviceName"",""#text"":""storqosflt""},{""@Name"":""DeviceTime"",""#text"":""2038-12-03 02:18:20.0000000""}]}}"
1000,1000,2025-07-30 02:18:02.4997966,6,Info,Microsoft-Windows-FilterManager,System,4,116,DESKTOP-5A3QN5S,7,S-1-5-18,,,,,,,,,,,False,C:\Users\VM\Desktop\System.evtx,Classic,0,"{""EventData"":{""Data"":[{""@Name"":""FinalStatus"",""#text"":""0x0""},{""@Name"":""DeviceVersionMajor"",""#text"":""10""},{""@Name"":""DeviceVersionMinor"",""#text"":""0""},{""@Name"":""DeviceNameLength"",""#text"":""7""},{""@Name"":""DeviceName"",""#text"":""bindflt""},{""@Name"":""DeviceTime"",""#text"":""2091-04-15 16:55:03.0000000""}]}}"
1001,1001,2025-07-29 17:18:03.9890501,24,Info,Microsoft-Windows-Kernel-General,System,1528,1628,DESKTOP-5A3QN5S,7,S-1-5-18,,,,,,,,,,,False,C:\Users\VM\Desktop\System.evtx,Time,0,"{""EventData"":{""Data"":[{""@Name"":""ExitReason"",""#text"":""0""},{""@Name"":""CurrentBias"",""#text"":""420""},{""@Name"":""CurrentTimeZoneID"",""#text"":""2""},{""@Name"":""TimeZoneInfoCacheUpdated"",""#text"":""0""},{""@Name"":""FirstRefresh"",""#text"":""0""}]}}"
1002,1002,2025-07-29 17:18:03.9908116,1,Info,Microsoft-Windows-Kernel-General,System,1528,1628,DESKTOP-5A3QN5S,7,S-1-5-18,The system time was changed,,,OldTime: 2025-07-30 02:18:02.5793414,NewTime: 2025-07-29 17:18:03.9870000,Reason: An application or system component changed the time.,,,,,False,C:\Users\VM\Desktop\System.evtx,Time,0,"{""EventData"":{""Data"":[{""@Name"":""NewTime"",""#text"":""2025-07-29 17:18:03.9870000""},{""@Name"":""OldTime"",""#text"":""2025-07-30 02:18:02.5793414""},{""@Name"":""Reason"",""#text"":""1""},{""@Name"":""ProcessName"",""#text"":""\\Device\\HarddiskVolume2\\Windows\\System32\\VBoxService.exe""},{""@Name"":""ProcessID"",""#text"":""1528""}]}}"
1003,1003,2025-07-29 17:18:05.8293242,7001,Info,Microsoft-Windows-Winlogon,System,636,752,DESKTOP-5A3QN5S,7,S-1-5-18,User logon,,,UserSID: S-1-5-21-3151804214-3226339955-2188200191-1001,,,,,,,False,C:\Users\VM\Desktop\System.evtx,0x2000200000000000,0,"{""EventData"":{""Data"":[{""@Name"":""TSId"",""#text"":""1""},{""@Name"":""UserSid"",""#text"":""S-1-5-21-3151804214-3226339955-2188200191-1001""}]}}"
1004,1004,2025-07-29 17:18:06.0733670,7026,Info,Service Control Manager,System,708,712,DESKTOP-5A3QN5S,7,,,,,,,,,,,,False,C:\Users\VM\Desktop\System.evtx,"Audit success, classic",0,"{""EventData"":{""Data"":{""@Name"":""param1"",""#text"":"", dam""}}}"
1005,1005,2025-07-29 17:18:09.8675362,10016,Warning,Microsoft-Windows-DistributedCOM,System,972,1020,DESKTOP-5A3QN5S,7,S-1-5-20,,,,,,,,,,,False,C:\Users\VM\Desktop\System.evtx,"Audit success, classic",0,"{""EventData"":{""Data"":[{""@Name"":""param1"",""#text"":""machine-default""},{""@Name"":""param2"",""#text"":""Local""},{""@Name"":""param3"",""#text"":""Activation""},{""@Name"":""param4"",""#text"":""{F87B28F1-DA9A-4F35-8EC0-800EFCF26B83}""},{""@Name"":""param5"",""#text"":""{0868DC9B-D9A2-4F64-9362-133CEA201299}""},{""@Name"":""param6"",""#text"":""NT AUTHORITY""},{""@Name"":""param7"",""#text"":""NETWORK SERVICE""},{""@Name"":""param8"",""#text"":""S-1-5-20""},{""@Name"":""param9"",""#text"":""LocalHost (Using LRPC)""},{""@Name"":""param10"",""#text"":""Unavailable""},{""@Name"":""param11"",""#text"":""Unavailable""}]}}"
1006,1006,2025-07-29 17:18:10.5351262,10016,Warning,Microsoft-Windows-DistributedCOM,System,972,1004,DESKTOP-5A3QN5S,7,S-1-5-20,,,,,,,,,,,False,C:\Users\VM\Desktop\System.evtx,"Audit success, classic",0,"{""EventData"":{""Data"":[{""@Name"":""param1"",""#text"":""machine-default""},{""@Name"":""param2"",""#text"":""Local""},{""@Name"":""param3"",""#text"":""Activation""},{""@Name"":""param4"",""#text"":""{F87B28F1-DA9A-4F35-8EC0-800EFCF26B83}""},{""@Name"":""param5"",""#text"":""{0868DC9B-D9A2-4F64-9362-133CEA201299}""},{""@Name"":""param6"",""#text"":""NT AUTHORITY""},{""@Name"":""param7"",""#text"":""NETWORK SERVICE""},{""@Name"":""param8"",""#text"":""S-1-5-20""},{""@Name"":""param9"",""#text"":""LocalHost (Using LRPC)""},{""@Name"":""param10"",""#text"":""Unavailable""},{""@Name"":""param11"",""#text"":""Unavailable""}]}}"
1007,1007,2025-07-29 17:20:01.9854680,1074,Info,User32,System,488,3488,DESKTOP-5A3QN5S,7,S-1-5-21-3151804214-3226339955-2188200191-1001,A user initiated a system restart,DESKTOP-5A3QN5S\VM,,Hostname: DESKTOP-5A3QN5S,Reason: Other (Unplanned),Type: power off,Code: 0x0,,,C:\Windows\System32\RuntimeBroker.exe (DESKTOP-5A3QN5S),False,C:\Users\VM\Desktop\System.evtx,"Audit success, classic",0,"{""EventData"":{""Data"":[{""@Name"":""param1"",""#text"":""C:\\Windows\\System32\\RuntimeBroker.exe (DESKTOP-5A3QN5S)""},{""@Name"":""param2"",""#text"":""DESKTOP-5A3QN5S""},{""@Name"":""param3"",""#text"":""Other (Unplanned)""},{""@Name"":""param4"",""#text"":""0x0""},{""@Name"":""param5"",""#text"":""power off""},{""@Name"":""param6""},{""@Name"":""param7"",""#text"":""DESKTOP-5A3QN5S\\VM""}]}}"
1008,1008,2025-07-29 17:20:04.6558543,6006,Info,EventLog,System,0,0,DESKTOP-5A3QN5S,7,,The Event log service was stopped,,,Computer: DESKTOP-5A3QN5S,,,,,,,False,C:\Users\VM\Desktop\System.evtx,0x80000000000000,0,"{""EventData"":{""Data"":"""",""Binary"":""01-00-00-00-72-81-FF-FF""}}"
1009,1009,2025-07-29 17:20:03.9230409,7002,Info,Microsoft-Windows-Winlogon,System,636,752,DESKTOP-5A3QN5S,7,S-1-5-18,User logoff,,,UserSID: S-1-5-21-3151804214-3226339955-2188200191-1001,,,,,,,False,C:\Users\VM\Desktop\System.evtx,0x2000200000000000,0,"{""EventData"":{""Data"":[{""@Name"":""TSId"",""#text"":""1""},{""@Name"":""UserSid"",""#text"":""S-1-5-21-3151804214-3226339955-2188200191-1001""}]}}"
1010,1010,2025-07-29 17:20:04.6018832,50104,Info,Microsoft-Windows-Dhcp-Client,System,784,448,DESKTOP-5A3QN5S,7,S-1-5-19,,,,,,,,,,,False,C:\Users\VM\Desktop\System.evtx,0x2000000000000000,0,"{""EventData"":""""}"
1011,1011,2025-07-29 17:20:04.6019823,50105,Info,Microsoft-Windows-Dhcp-Client,System,784,1256,DESKTOP-5A3QN5S,7,S-1-5-19,,,,,,,,,,,False,C:\Users\VM\Desktop\System.evtx,0x2000000000000000,0,"{""EventData"":""""}"
1012,1012,2025-07-29 17:20:04.6113090,51047,Info,Microsoft-Windows-DHCPv6-Client,System,784,1276,DESKTOP-5A3QN5S,7,S-1-5-19,,,,,,,,,,,False,C:\Users\VM\Desktop\System.evtx,0x2000000000000000,0,"{""EventData"":{""Data"":{""@Name"":""DwordVal"",""#text"":""1""}}}"
1013,1013,2025-07-29 17:20:04.6113111,51057,Info,Microsoft-Windows-DHCPv6-Client,System,784,1276,DESKTOP-5A3QN5S,7,S-1-5-19,,,,,,,,,,,False,C:\Users\VM\Desktop\System.evtx,0x2000000000000000,0,"{""EventData"":{""Data"":{""@Name"":""DwordVal"",""#text"":""1""}}}"
1014,1014,2025-07-29 17:20:04.6148896,50106,Info,Microsoft-Windows-Dhcp-Client,System,784,1256,DESKTOP-5A3QN5S,7,S-1-5-19,,,,,,,,,,,False,C:\Users\VM\Desktop\System.evtx,0x2000000000000000,0,"{""EventData"":""""}"
1015,1015,2025-07-29 17:20:04.6597331,50037,Info,Microsoft-Windows-Dhcp-Client,System,784,1256,DESKTOP-5A3QN5S,7,S-1-5-19,,,,,,,,,,,False,C:\Users\VM\Desktop\System.evtx,0x2000000000000000,0,"{""EventData"":{""Data"":{""@Name"":""DwordVal"",""#text"":""1""}}}"
1016,1016,2025-07-30 02:21:43.7986529,6009,Info,EventLog,System,0,0,DESKTOP-5A3QN5S,7,,,,,,,,,,,,False,C:\Users\VM\Desktop\System.evtx,0x80000000000000,0,"{""EventData"":{""Data"":""10.00., 19045, Multiprocessor Free, 0"",""Binary"":""""}}"
1017,1017,2025-07-30 02:21:43.7986529,6005,Info,EventLog,System,0,0,DESKTOP-5A3QN5S,7,,The Event log service was started,,,Computer: DESKTOP-5A3QN5S,,,,,,,False,C:\Users\VM\Desktop\System.evtx,0x80000000000000,0,"{""EventData"":{""Data"":"""",""Binary"":""E9-07-07-00-03-00-1E-00-02-00-15-00-2B-00-1E-03-00-00-00-00-00-00-00-00""}}"
1018,1018,2025-07-30 02:21:43.7986529,6013,Info,EventLog,System,0,0,DESKTOP-5A3QN5S,7,,System uptime,,,The system uptime is 32 seconds,"TimeZone: 60, 480 Pacific Standard Time",,,,,,False,C:\Users\VM\Desktop\System.evtx,0x80000000000000,0,"{""EventData"":{""Data"":""32, 60, 480 Pacific Standard Time"",""Binary"":""31-00-2E-00-31-00-00-00-30-00-00-00-57-00-69-00-6E-00-64-00-6F-00-77-00-73-00-20-00-31-00-30-00-20-00-50-00-72-00-6F-00-00-00-31-00-30-00-2E-00-30-00-2E-00-31-00-39-00-30-00-34-00-35-00-20-00-42-00-75-00-69-00-6C-00-64-00-20-00-31-00-39-00-30-00-34-00-35-00-20-00-20-00-00-00-4D-00-75-00-6C-00-74-00-69-00-70-00-72-00-6F-00-63-00-65-00-73-00-73-00-6F-00-72-00-20-00-46-00-72-00-65-00-65-00-00-00-31-00-39-00-30-00-34-00-31-00-2E-00-76-00-62-00-5F-00-72-00-65-00-6C-00-65-00-61-00-73-00-65-00-2E-00-31-00-39-00-31-00-32-00-30-00-36-00-2D-00-31-00-34-00-30-00-36-00-00-00-36-00-38-00-38-00-37-00-64-00-35-00-61-00-38-00-00-00-4E-00-6F-00-74-00-20-00-41-00-76-00-61-00-69-00-6C-00-61-00-62-00-6C-00-65-00-00-00-4E-00-6F-00-74-00-20-00-41-00-76-00-61-00-69-00-6C-00-61-00-62-00-6C-00-65-00-00-00-39-00-00-00-34-00-00-00-33-00-35-00-35-00-37-00-00-00-34-00-30-00-39-00-00-00-44-00-45-00-53-00-4B-00-54-00-4F-00-50-00-2D-00-35-00-41-00-33-00-51-00-4E-00-35-00-53-00-00-00-00-00""}}"
1019,1019,2025-07-29 17:20:06.1862613,109,Info,Microsoft-Windows-Kernel-Power,System,564,568,DESKTOP-5A3QN5S,7,,,,,,,,,,,,False,C:\Users\VM\Desktop\System.evtx,0x8000400000000404,0,"{""EventData"":{""Data"":[{""@Name"":""ShutdownActionType"",""#text"":""6""},{""@Name"":""ShutdownEventCode"",""#text"":""0""},{""@Name"":""ShutdownReason"",""#text"":""5""}]}}"
1020,1020,2025-07-29 17:20:08.0752022,13,Info,Microsoft-Windows-Kernel-General,System,4,5304,DESKTOP-5A3QN5S,7,,OS was shutdown,,,StopTime: 2025-07-29 17:20:08.0752010,"BootMode: ",,,,,,False,C:\Users\VM\Desktop\System.evtx,State,0,"{""EventData"":{""Data"":{""@Name"":""StopTime"",""#text"":""2025-07-29 17:20:08.0752010""}}}"
1021,1021,2025-07-30 02:21:12.5724906,12,Info,Microsoft-Windows-Kernel-General,System,4,8,DESKTOP-5A3QN5S,7,S-1-5-18,OS was started,,,StartTime: 2025-07-30 02:21:11.5000000,BootMode: Normal boot,,,,,,False,C:\Users\VM\Desktop\System.evtx,State,0,"{""EventData"":{""Data"":[{""@Name"":""MajorVersion"",""#text"":""10""},{""@Name"":""MinorVersion"",""#text"":""0""},{""@Name"":""BuildVersion"",""#text"":""19041""},{""@Name"":""QfeVersion"",""#text"":""6093""},{""@Name"":""ServiceVersion"",""#text"":""0""},{""@Name"":""BootMode"",""#text"":""0""},{""@Name"":""StartTime"",""#text"":""2025-07-30 02:21:11.5000000""}]}}"
1022,1022,2025-07-30 02:21:12.5725229,153,Info,Microsoft-Windows-Kernel-Boot,System,4,8,DESKTOP-5A3QN5S,7,S-1-5-18,,,,,,,,,,,False,C:\Users\VM\Desktop\System.evtx,Classic,0,"{""EventData"":{""Data"":[{""@Name"":""Status"",""#text"":""0""},{""@Name"":""EnableDisableReason"",""#text"":""0""},{""@Name"":""VsmPolicy"",""#text"":""0""}]}}"
1023,1023,2025-07-30 02:21:12.5732218,20,Info,Microsoft-Windows-Kernel-Boot,System,4,8,DESKTOP-5A3QN5S,7,S-1-5-18,,,,,,,,,,,False,C:\Users\VM\Desktop\System.evtx,Classic,0,"{""EventData"":{""Data"":[{""@Name"":""LastShutdownGood"",""#text"":""True""},{""@Name"":""LastBootGood"",""#text"":""True""},{""@Name"":""LastBootId"",""#text"":""11""},{""@Name"":""BootStatusPolicy"",""#text"":""2""}]}}"
1024,1024,2025-07-30 02:21:12.5732466,25,Info,Microsoft-Windows-Kernel-Boot,System,4,8,DESKTOP-5A3QN5S,7,S-1-5-18,,,,,,,,,,,False,C:\Users\VM\Desktop\System.evtx,Classic,0,"{""EventData"":{""Data"":{""@Name"":""BootMenuPolicy"",""#text"":""1""}}}"
1025,1025,2025-07-30 02:21:12.5732470,27,Info,Microsoft-Windows-Kernel-Boot,System,4,8,DESKTOP-5A3QN5S,7,S-1-5-18,,,,,,,,,,,False,C:\Users\VM\Desktop\System.evtx,Classic,0,"{""EventData"":{""Data"":[{""@Name"":""BootType"",""#text"":""0""},{""@Name"":""LoadOptions"",""#text"":"" NOEXECUTE=OPTIN""}]}}"
1026,1026,2025-07-30 02:21:12.5732515,18,Info,Microsoft-Windows-Kernel-Boot,System,4,8,DESKTOP-5A3QN5S,7,S-1-5-18,,,,,,,,,,,False,C:\Users\VM\Desktop\System.evtx,Classic,0,"{""EventData"":{""Data"":{""@Name"":""EntryCount"",""#text"":""1""}}}"
1027,1027,2025-07-30 02:21:12.5732735,32,Info,Microsoft-Windows-Kernel-Boot,System,4,8,DESKTOP-5A3QN5S,7,S-1-5-18,,,,,,,,,,,False,C:\Users\VM\Desktop\System.evtx,Classic,0,"{""EventData"":{""Data"":{""@Name"":""BitlockerUserInputTime"",""#text"":""0""}}}"
1028,1028,2025-07-30 02:21:12.5945634,20,Info,Microsoft-Windows-Kernel-General,System,4,8,DESKTOP-5A3QN5S,7,S-1-5-18,,,,,,,,,,,False,C:\Users\VM\Desktop\System.evtx,Time,0,"{""EventData"":{""Data"":[{""@Name"":""UpdateReason"",""#text"":""0""},{""@Name"":""EnabledNew"",""#text"":""True""},{""@Name"":""CountNew"",""#text"":""0""},{""@Name"":""CountOld"",""#text"":""0""}]}}"
1029,1029,2025-07-30 02:21:12.7807396,16,Info,Microsoft-Windows-HAL,System,4,8,DESKTOP-5A3QN5S,7,S-1-5-18,,,,,,,,,,,False,C:\Users\VM\Desktop\System.evtx,Classic,0,"{""EventData"":""""}"
1030,1030,2025-07-30 02:21:27.1592804,6,Info,Microsoft-Windows-FilterManager,System,4,8,DESKTOP-5A3QN5S,7,S-1-5-18,,,,,,,,,,,False,C:\Users\VM\Desktop\System.evtx,Classic,0,"{""EventData"":{""Data"":[{""@Name"":""FinalStatus"",""#text"":""0x0""},{""@Name"":""DeviceVersionMajor"",""#text"":""10""},{""@Name"":""DeviceVersionMinor"",""#text"":""0""},{""@Name"":""DeviceNameLength"",""#text"":""8""},{""@Name"":""DeviceName"",""#text"":""FileInfo""},{""@Name"":""DeviceTime"",""#text"":""2062-12-22 22:21:06.0000000""}]}}"
1031,1031,2025-07-30 02:21:27.1604318,6,Info,Microsoft-Windows-FilterManager,System,4,8,DESKTOP-5A3QN5S,7,S-1-5-18,,,,,,,,,,,False,C:\Users\VM\Desktop\System.evtx,Classic,0,"{""EventData"":{""Data"":[{""@Name"":""FinalStatus"",""#text"":""0x0""},{""@Name"":""DeviceVersionMajor"",""#text"":""10""},{""@Name"":""DeviceVersionMinor"",""#text"":""0""},{""@Name"":""DeviceNameLength"",""#text"":""3""},{""@Name"":""DeviceName"",""#text"":""Wof""},{""@Name"":""DeviceTime"",""#text"":""2090-03-16 11:56:17.0000000""}]}}"
1032,1032,2025-07-30 02:21:27.1620040,6,Info,Microsoft-Windows-FilterManager,System,4,8,DESKTOP-5A3QN5S,7,S-1-5-18,,,,,,,,,,,False,C:\Users\VM\Desktop\System.evtx,Classic,0,"{""EventData"":{""Data"":[{""@Name"":""FinalStatus"",""#text"":""0x0""},{""@Name"":""DeviceVersionMajor"",""#text"":""10""},{""@Name"":""DeviceVersionMinor"",""#text"":""0""},{""@Name"":""DeviceNameLength"",""#text"":""8""},{""@Name"":""DeviceName"",""#text"":""WdFilter""},{""@Name"":""DeviceTime"",""#text"":""2020-04-16 01:35:56.0000000""}]}}"
1033,1033,2025-07-30 02:21:28.1427768,6,Info,Microsoft-Windows-FilterManager,System,4,8,DESKTOP-5A3QN5S,7,S-1-5-18,,,,,,,,,,,False,C:\Users\VM\Desktop\System.evtx,Classic,0,"{""EventData"":{""Data"":[{""@Name"":""FinalStatus"",""#text"":""0x0""},{""@Name"":""DeviceVersionMajor"",""#text"":""0""},{""@Name"":""DeviceVersionMinor"",""#text"":""0""},{""@Name"":""DeviceNameLength"",""#text"":""9""},{""@Name"":""DeviceName"",""#text"":""SysmonDrv""},{""@Name"":""DeviceTime"",""#text"":""2024-07-22 08:29:55.0000000""}]}}"
1034,1034,2025-07-30 02:21:28.8849758,98,Info,Microsoft-Windows-Ntfs,System,4,204,DESKTOP-5A3QN5S,7,S-1-5-18,,,,,,,,,,,False,C:\Users\VM\Desktop\System.evtx,0x8000000000000002,0,"{""EventData"":{""Data"":[{""@Name"":""DriveName"",""#text"":""C:""},{""@Name"":""DeviceName"",""#text"":""\\Device\\HarddiskVolume2""},{""@Name"":""CorruptionActionState"",""#text"":""0""}]}}"
1035,1035,2025-07-30 02:21:29.7598077,6,Info,Microsoft-Windows-FilterManager,System,4,8,DESKTOP-5A3QN5S,7,S-1-5-18,,,,,,,,,,,False,C:\Users\VM\Desktop\System.evtx,Classic,0,"{""EventData"":{""Data"":[{""@Name"":""FinalStatus"",""#text"":""0x0""},{""@Name"":""DeviceVersionMajor"",""#text"":""10""},{""@Name"":""DeviceVersionMinor"",""#text"":""0""},{""@Name"":""DeviceNameLength"",""#text"":""9""},{""@Name"":""DeviceName"",""#text"":""FileCrypt""},{""@Name"":""DeviceTime"",""#text"":""2002-03-01 04:12:42.0000000""}]}}"
1036,1036,2025-07-30 02:21:29.7929081,6,Info,Microsoft-Windows-FilterManager,System,4,8,DESKTOP-5A3QN5S,7,S-1-5-18,,,,,,,,,,,False,C:\Users\VM\Desktop\System.evtx,Classic,0,"{""EventData"":{""Data"":[{""@Name"":""FinalStatus"",""#text"":""0x0""},{""@Name"":""DeviceVersionMajor"",""#text"":""10""},{""@Name"":""DeviceVersionMinor"",""#text"":""0""},{""@Name"":""DeviceNameLength"",""#text"":""4""},{""@Name"":""DeviceName"",""#text"":""UCPD""},{""@Name"":""DeviceTime"",""#text"":""2006-08-28 04:56:22.0000000""}]}}"
1037,1037,2025-07-30 02:21:30.6063598,6,Info,Microsoft-Windows-FilterManager,System,4,8,DESKTOP-5A3QN5S,7,S-1-5-18,,,,,,,,,,,False,C:\Users\VM\Desktop\System.evtx,Classic,0,"{""EventData"":{""Data"":[{""@Name"":""FinalStatus"",""#text"":""0x0""},{""@Name"":""DeviceVersionMajor"",""#text"":""10""},{""@Name"":""DeviceVersionMinor"",""#text"":""0""},{""@Name"":""DeviceNameLength"",""#text"":""9""},{""@Name"":""DeviceName"",""#text"":""npsvctrig""},{""@Name"":""DeviceTime"",""#text"":""2025-01-05 19:41:12.0000000""}]}}"
1038,1038,2025-07-30 02:21:30.7290135,98,Info,Microsoft-Windows-Ntfs,System,4,252,DESKTOP-5A3QN5S,7,S-1-5-18,,,,,,,,,,,False,C:\Users\VM\Desktop\System.evtx,0x8000000000000002,0,"{""EventData"":{""Data"":[{""@Name"":""DriveName"",""#text"":""\\\\?\\Volume{b4afc308-0000-0000-0000-100000000000}""},{""@Name"":""DeviceName"",""#text"":""\\Device\\HarddiskVolume1""},{""@Name"":""CorruptionActionState"",""#text"":""0""}]}}"
1039,1039,2025-07-30 02:21:30.8335522,172,Info,Microsoft-Windows-Kernel-Power,System,4,360,DESKTOP-5A3QN5S,7,S-1-5-18,,,,,,,,,,,False,C:\Users\VM\Desktop\System.evtx,0x8000000000000404,0,"{""EventData"":{""Data"":[{""@Name"":""State"",""#text"":""2""},{""@Name"":""Reason"",""#text"":""6""}]}}"
1040,1040,2025-07-30 02:21:31.2688930,55,Info,Microsoft-Windows-Kernel-Processor-Power,System,4,204,DESKTOP-5A3QN5S,7,S-1-5-18,,,,,,,,,,,False,C:\Users\VM\Desktop\System.evtx,Classic,0,"{""EventData"":{""Data"":[{""@Name"":""Group"",""#text"":""0""},{""@Name"":""Number"",""#text"":""0""},{""@Name"":""IdleStateCount"",""#text"":""1""},{""@Name"":""IdleImplementation"",""#text"":""1""},{""@Name"":""NominalFrequency"",""#text"":""2304""},{""@Name"":""MaximumPerformancePercent"",""#text"":""100""},{""@Name"":""MinimumPerformancePercent"",""#text"":""100""},{""@Name"":""MinimumThrottlePercent"",""#text"":""100""},{""@Name"":""PerformanceImplementation"",""#text"":""0""}]}}"
1041,1041,2025-07-30 02:21:31.2725518,55,Info,Microsoft-Windows-Kernel-Processor-Power,System,4,204,DESKTOP-5A3QN5S,7,S-1-5-18,,,,,,,,,,,False,C:\Users\VM\Desktop\System.evtx,Classic,0,"{""EventData"":{""Data"":[{""@Name"":""Group"",""#text"":""0""},{""@Name"":""Number"",""#text"":""1""},{""@Name"":""IdleStateCount"",""#text"":""1""},{""@Name"":""IdleImplementation"",""#text"":""1""},{""@Name"":""NominalFrequency"",""#text"":""2304""},{""@Name"":""MaximumPerformancePercent"",""#text"":""100""},{""@Name"":""MinimumPerformancePercent"",""#text"":""100""},{""@Name"":""MinimumThrottlePercent"",""#text"":""100""},{""@Name"":""PerformanceImplementation"",""#text"":""0""}]}}"
1042,1042,2025-07-30 02:21:31.2776589,55,Info,Microsoft-Windows-Kernel-Processor-Power,System,4,204,DESKTOP-5A3QN5S,7,S-1-5-18,,,,,,,,,,,False,C:\Users\VM\Desktop\System.evtx,Classic,0,"{""EventData"":{""Data"":[{""@Name"":""Group"",""#text"":""0""},{""@Name"":""Number"",""#text"":""2""},{""@Name"":""IdleStateCount"",""#text"":""1""},{""@Name"":""IdleImplementation"",""#text"":""1""},{""@Name"":""NominalFrequency"",""#text"":""2304""},{""@Name"":""MaximumPerformancePercent"",""#text"":""100""},{""@Name"":""MinimumPerformancePercent"",""#text"":""100""},{""@Name"":""MinimumThrottlePercent"",""#text"":""100""},{""@Name"":""PerformanceImplementation"",""#text"":""0""}]}}"
1043,1043,2025-07-30 02:21:31.2793400,55,Info,Microsoft-Windows-Kernel-Processor-Power,System,4,204,DESKTOP-5A3QN5S,7,S-1-5-18,,,,,,,,,,,False,C:\Users\VM\Desktop\System.evtx,Classic,0,"{""EventData"":{""Data"":[{""@Name"":""Group"",""#text"":""0""},{""@Name"":""Number"",""#text"":""3""},{""@Name"":""IdleStateCount"",""#text"":""1""},{""@Name"":""IdleImplementation"",""#text"":""1""},{""@Name"":""NominalFrequency"",""#text"":""2304""},{""@Name"":""MaximumPerformancePercent"",""#text"":""100""},{""@Name"":""MinimumPerformancePercent"",""#text"":""100""},{""@Name"":""MinimumThrottlePercent"",""#text"":""100""},{""@Name"":""PerformanceImplementation"",""#text"":""0""}]}}"
1044,1044,2025-07-30 02:21:31.3201479,521,Info,Microsoft-Windows-Kernel-Power,System,4,360,DESKTOP-5A3QN5S,7,S-1-5-18,,,,,,,,,,,False,C:\Users\VM\Desktop\System.evtx,0x8000000000000404,0,"{""EventData"":{""Data"":[{""@Name"":""ValidBatteryCount"",""#text"":""0""},{""@Name"":""ErrorBatteryCount"",""#text"":""0""},{""@Name"":""AbandonedBatteryCount"",""#text"":""0""}]}}"
1045,1045,2025-07-30 02:21:31.3293405,521,Info,Microsoft-Windows-Kernel-Power,System,4,360,DESKTOP-5A3QN5S,7,S-1-5-18,,,,,,,,,,,False,C:\Users\VM\Desktop\System.evtx,0x8000000000000404,0,"{""EventData"":{""Data"":[{""@Name"":""ValidBatteryCount"",""#text"":""1""},{""@Name"":""ErrorBatteryCount"",""#text"":""0""},{""@Name"":""AbandonedBatteryCount"",""#text"":""0""}]}}"
1046,1046,2025-07-30 02:21:40.1676582,98,Info,Microsoft-Windows-Ntfs,System,4,32,DESKTOP-5A3QN5S,7,S-1-5-18,,,,,,,,,,,False,C:\Users\VM\Desktop\System.evtx,0x8000000000000002,0,"{""EventData"":{""Data"":[{""@Name"":""DriveName"",""#text"":""\\\\?\\Volume{b4afc308-0000-0000-0000-c05d0c000000}""},{""@Name"":""DeviceName"",""#text"":""\\Device\\HarddiskVolume3""},{""@Name"":""CorruptionActionState"",""#text"":""0""}]}}"
1047,1047,2025-07-30 02:21:40.9607701,24,Info,Microsoft-Windows-Kernel-General,System,108,468,DESKTOP-5A3QN5S,7,S-1-5-18,,,,,,,,,,,False,C:\Users\VM\Desktop\System.evtx,Time,0,"{""EventData"":{""Data"":[{""@Name"":""ExitReason"",""#text"":""0""},{""@Name"":""CurrentBias"",""#text"":""420""},{""@Name"":""CurrentTimeZoneID"",""#text"":""2""},{""@Name"":""TimeZoneInfoCacheUpdated"",""#text"":""0""},{""@Name"":""FirstRefresh"",""#text"":""0""}]}}"
1048,1048,2025-07-30 02:21:42.3343662,14,Info,Microsoft-Windows-Wininit,System,560,564,DESKTOP-5A3QN5S,7,S-1-5-18,,,,,,,,,,,False,C:\Users\VM\Desktop\System.evtx,0x4000000000000000,0,"{""EventData"":{""Data"":[{""@Name"":""Config"",""#text"":""0""},{""@Name"":""IsTestConfig"",""#text"":""0""}]}}"
1049,1049,2025-07-30 02:21:42.8301487,16962,Info,Microsoft-Windows-Directory-Services-SAM,System,724,728,DESKTOP-5A3QN5S,7,S-1-5-18,,,,,,,,,,,False,C:\Users\VM\Desktop\System.evtx,Classic,0,"{""EventData"":{""@Name"":""SAMMSG_RESTRICT_REMOTE_SAM_DEFAULT_SD"",""Data"":{""@Name"":""Default SD String:"",""#text"":""O:SYG:SYD:(A;;RC;;;BA)""}}}"
1050,1050,2025-07-30 02:21:42.8608607,16977,Info,Microsoft-Windows-Directory-Services-SAM,System,724,728,DESKTOP-5A3QN5S,7,S-1-5-18,,,,,,,,,,,False,C:\Users\VM\Desktop\System.evtx,Classic,0,"{""EventData"":{""@Name"":""SAMMSG_MINPWDLEN_SETTINGS_IN_EFFECT"",""Data"":[{""@Name"":""MinimumPasswordLength"",""#text"":""0""},{""@Name"":""RelaxMinimumPasswordLengthLimits"",""#text"":""0""},{""@Name"":""MinimumPasswordLengthAudit"",""#text"":""-1""}]}}"
1051,1051,2025-07-30 02:21:42.8608669,16983,Info,Microsoft-Windows-Directory-Services-SAM,System,724,728,DESKTOP-5A3QN5S,7,S-1-5-18,,,,,,,,,,,False,C:\Users\VM\Desktop\System.evtx,Classic,0,"{""EventData"":{""@Name"":""SAMMSG_AUDIT_LEGACY_PWD_RPC_METHODS_OFF""}}"
1052,1052,2025-07-30 02:21:43.9320249,6,Info,Microsoft-Windows-FilterManager,System,4,396,DESKTOP-5A3QN5S,7,S-1-5-18,,,,,,,,,,,False,C:\Users\VM\Desktop\System.evtx,Classic,0,"{""EventData"":{""Data"":[{""@Name"":""FinalStatus"",""#text"":""0x0""},{""@Name"":""DeviceVersionMajor"",""#text"":""10""},{""@Name"":""DeviceVersionMinor"",""#text"":""0""},{""@Name"":""DeviceNameLength"",""#text"":""5""},{""@Name"":""DeviceName"",""#text"":""wcifs""},{""@Name"":""DeviceTime"",""#text"":""2043-11-04 04:04:53.0000000""}]}}"
1053,1053,2025-07-30 02:21:43.9561771,6,Info,Microsoft-Windows-FilterManager,System,4,128,DESKTOP-5A3QN5S,7,S-1-5-18,,,,,,,,,,,False,C:\Users\VM\Desktop\System.evtx,Classic,0,"{""EventData"":{""Data"":[{""@Name"":""FinalStatus"",""#text"":""0x0""},{""@Name"":""DeviceVersionMajor"",""#text"":""10""},{""@Name"":""DeviceVersionMinor"",""#text"":""0""},{""@Name"":""DeviceNameLength"",""#text"":""5""},{""@Name"":""DeviceName"",""#text"":""luafv""},{""@Name"":""DeviceTime"",""#text"":""1996-01-27 05:16:28.0000000""}]}}"
1054,1054,2025-07-30 02:21:43.9617049,50036,Info,Microsoft-Windows-Dhcp-Client,System,1060,1384,DESKTOP-5A3QN5S,7,S-1-5-19,,,,,,,,,,,False,C:\Users\VM\Desktop\System.evtx,0x2000000000000000,0,"{""EventData"":""""}"
1055,1055,2025-07-30 02:21:43.9623858,50103,Info,Microsoft-Windows-Dhcp-Client,System,1060,1384,DESKTOP-5A3QN5S,7,S-1-5-19,,,,,,,,,,,False,C:\Users\VM\Desktop\System.evtx,0x2000000000000000,0,"{""EventData"":""""}"
1056,1056,2025-07-30 02:21:44.0171701,6,Info,Microsoft-Windows-FilterManager,System,4,396,DESKTOP-5A3QN5S,7,S-1-5-18,,,,,,,,,,,False,C:\Users\VM\Desktop\System.evtx,Classic,0,"{""EventData"":{""Data"":[{""@Name"":""FinalStatus"",""#text"":""0x0""},{""@Name"":""DeviceVersionMajor"",""#text"":""10""},{""@Name"":""DeviceVersionMinor"",""#text"":""0""},{""@Name"":""DeviceNameLength"",""#text"":""6""},{""@Name"":""DeviceName"",""#text"":""CldFlt""},{""@Name"":""DeviceTime"",""#text"":""2063-06-09 03:33:16.0000000""}]}}"
1057,1057,2025-07-30 02:21:44.0171793,1,Info,Microsoft-Windows-FilterManager,System,4,396,DESKTOP-5A3QN5S,7,S-1-5-18,,,,,,,,,,,False,C:\Users\VM\Desktop\System.evtx,Classic,0,"{""EventData"":{""Data"":[{""@Name"":""FinalStatus"",""#text"":""0x0""},{""@Name"":""DeviceVersionMajor"",""#text"":""10""},{""@Name"":""DeviceVersionMinor"",""#text"":""0""},{""@Name"":""DeviceNameLength"",""#text"":""6""},{""@Name"":""DeviceName"",""#text"":""CldFlt""},{""@Name"":""DeviceTime"",""#text"":""2063-06-09 03:33:16.0000000""}]}}"
1058,1058,2025-07-30 02:21:44.0173250,6,Info,Microsoft-Windows-FilterManager,System,4,396,DESKTOP-5A3QN5S,7,S-1-5-18,,,,,,,,,,,False,C:\Users\VM\Desktop\System.evtx,Classic,0,"{""EventData"":{""Data"":[{""@Name"":""FinalStatus"",""#text"":""0x0""},{""@Name"":""DeviceVersionMajor"",""#text"":""10""},{""@Name"":""DeviceVersionMinor"",""#text"":""0""},{""@Name"":""DeviceNameLength"",""#text"":""6""},{""@Name"":""DeviceName"",""#text"":""CldFlt""},{""@Name"":""DeviceTime"",""#text"":""2063-06-09 03:33:16.0000000""}]}}"
1059,1059,2025-07-30 02:21:44.0349687,6,Info,Microsoft-Windows-FilterManager,System,4,396,DESKTOP-5A3QN5S,7,S-1-5-18,,,,,,,,,,,False,C:\Users\VM\Desktop\System.evtx,Classic,0,"{""EventData"":{""Data"":[{""@Name"":""FinalStatus"",""#text"":""0x0""},{""@Name"":""DeviceVersionMajor"",""#text"":""10""},{""@Name"":""DeviceVersionMinor"",""#text"":""0""},{""@Name"":""DeviceNameLength"",""#text"":""10""},{""@Name"":""DeviceName"",""#text"":""storqosflt""},{""@Name"":""DeviceTime"",""#text"":""2038-12-03 02:18:20.0000000""}]}}"
1060,1060,2025-07-30 02:21:44.0672713,51046,Info,Microsoft-Windows-DHCPv6-Client,System,1060,1432,DESKTOP-5A3QN5S,7,S-1-5-19,,,,,,,,,,,False,C:\Users\VM\Desktop\System.evtx,0x2000000000000000,0,"{""EventData"":""""}"
1061,1061,2025-07-30 02:21:44.0713576,6,Info,Microsoft-Windows-FilterManager,System,4,128,DESKTOP-5A3QN5S,7,S-1-5-18,,,,,,,,,,,False,C:\Users\VM\Desktop\System.evtx,Classic,0,"{""EventData"":{""Data"":[{""@Name"":""FinalStatus"",""#text"":""0x0""},{""@Name"":""DeviceVersionMajor"",""#text"":""10""},{""@Name"":""DeviceVersionMinor"",""#text"":""0""},{""@Name"":""DeviceNameLength"",""#text"":""7""},{""@Name"":""DeviceName"",""#text"":""bindflt""},{""@Name"":""DeviceTime"",""#text"":""2091-04-15 16:55:03.0000000""}]}}"
1062,1062,2025-07-29 17:21:45.0042082,24,Info,Microsoft-Windows-Kernel-General,System,1448,1536,DESKTOP-5A3QN5S,7,S-1-5-18,,,,,,,,,,,False,C:\Users\VM\Desktop\System.evtx,Time,0,"{""EventData"":{""Data"":[{""@Name"":""ExitReason"",""#text"":""0""},{""@Name"":""CurrentBias"",""#text"":""420""},{""@Name"":""CurrentTimeZoneID"",""#text"":""2""},{""@Name"":""TimeZoneInfoCacheUpdated"",""#text"":""0""},{""@Name"":""FirstRefresh"",""#text"":""0""}]}}"
1063,1063,2025-07-29 17:21:45.0050750,1,Info,Microsoft-Windows-Kernel-General,System,1448,1536,DESKTOP-5A3QN5S,7,S-1-5-18,The system time was changed,,,OldTime: 2025-07-30 02:21:44.1757158,NewTime: 2025-07-29 17:21:45.0040000,Reason: An application or system component changed the time.,,,,,False,C:\Users\VM\Desktop\System.evtx,Time,0,"{""EventData"":{""Data"":[{""@Name"":""NewTime"",""#text"":""2025-07-29 17:21:45.0040000""},{""@Name"":""OldTime"",""#text"":""2025-07-30 02:21:44.1757158""},{""@Name"":""Reason"",""#text"":""1""},{""@Name"":""ProcessName"",""#text"":""\\Device\\HarddiskVolume2\\Windows\\System32\\VBoxService.exe""},{""@Name"":""ProcessID"",""#text"":""1448""}]}}"
1064,1064,2025-07-29 17:21:47.8473331,7026,Info,Service Control Manager,System,700,704,DESKTOP-5A3QN5S,7,,,,,,,,,,,,False,C:\Users\VM\Desktop\System.evtx,"Audit success, classic",0,"{""EventData"":{""Data"":{""@Name"":""param1"",""#text"":"", dam""}}}"
1065,1065,2025-07-29 17:21:50.4583428,7001,Info,Microsoft-Windows-Winlogon,System,656,752,DESKTOP-5A3QN5S,7,S-1-5-18,User logon,,,UserSID: S-1-5-21-3151804214-3226339955-2188200191-1001,,,,,,,False,C:\Users\VM\Desktop\System.evtx,0x2000200000000000,0,"{""EventData"":{""Data"":[{""@Name"":""TSId"",""#text"":""1""},{""@Name"":""UserSid"",""#text"":""S-1-5-21-3151804214-3226339955-2188200191-1001""}]}}"
1066,1066,2025-07-29 17:21:54.7227683,10016,Warning,Microsoft-Windows-DistributedCOM,System,968,1380,DESKTOP-5A3QN5S,7,S-1-5-20,,,,,,,,,,,False,C:\Users\VM\Desktop\System.evtx,"Audit success, classic",0,"{""EventData"":{""Data"":[{""@Name"":""param1"",""#text"":""machine-default""},{""@Name"":""param2"",""#text"":""Local""},{""@Name"":""param3"",""#text"":""Activation""},{""@Name"":""param4"",""#text"":""{F87B28F1-DA9A-4F35-8EC0-800EFCF26B83}""},{""@Name"":""param5"",""#text"":""{0868DC9B-D9A2-4F64-9362-133CEA201299}""},{""@Name"":""param6"",""#text"":""NT AUTHORITY""},{""@Name"":""param7"",""#text"":""NETWORK SERVICE""},{""@Name"":""param8"",""#text"":""S-1-5-20""},{""@Name"":""param9"",""#text"":""LocalHost (Using LRPC)""},{""@Name"":""param10"",""#text"":""Unavailable""},{""@Name"":""param11"",""#text"":""Unavailable""}]}}"
1067,1067,2025-07-29 17:23:51.2747586,10016,Warning,Microsoft-Windows-DistributedCOM,System,968,1172,DESKTOP-5A3QN5S,7,S-1-5-18,,,,,,,,,,,False,C:\Users\VM\Desktop\System.evtx,"Audit success, classic",0,"{""EventData"":{""Data"":[{""@Name"":""param1"",""#text"":""application-specific""},{""@Name"":""param2"",""#text"":""Local""},{""@Name"":""param3"",""#text"":""Launch""},{""@Name"":""param4"",""#text"":""Windows.SecurityCenter.WscBrokerManager""},{""@Name"":""param5"",""#text"":""Unavailable""},{""@Name"":""param6"",""#text"":""NT AUTHORITY""},{""@Name"":""param7"",""#text"":""SYSTEM""},{""@Name"":""param8"",""#text"":""S-1-5-18""},{""@Name"":""param9"",""#text"":""LocalHost (Using LRPC)""},{""@Name"":""param10"",""#text"":""Unavailable""},{""@Name"":""param11"",""#text"":""Unavailable""}]}}"
1068,1068,2025-07-29 17:23:51.2747586,10016,Warning,Microsoft-Windows-DistributedCOM,System,968,1380,DESKTOP-5A3QN5S,7,S-1-5-18,,,,,,,,,,,False,C:\Users\VM\Desktop\System.evtx,"Audit success, classic",0,"{""EventData"":{""Data"":[{""@Name"":""param1"",""#text"":""application-specific""},{""@Name"":""param2"",""#text"":""Local""},{""@Name"":""param3"",""#text"":""Launch""},{""@Name"":""param4"",""#text"":""Windows.SecurityCenter.SecurityAppBroker""},{""@Name"":""param5"",""#text"":""Unavailable""},{""@Name"":""param6"",""#text"":""NT AUTHORITY""},{""@Name"":""param7"",""#text"":""SYSTEM""},{""@Name"":""param8"",""#text"":""S-1-5-18""},{""@Name"":""param9"",""#text"":""LocalHost (Using LRPC)""},{""@Name"":""param10"",""#text"":""Unavailable""},{""@Name"":""param11"",""#text"":""Unavailable""}]}}"
