132,132,2025-07-29 06:50:28.5724559,5007,Info,Microsoft-Windows-Windows Defender,Microsoft-Windows-Windows Defender/Operational,2556,6500,DESKTOP-5A3QN5S,1,S-1-5-18,The antimalware platform configuration changed,,,"Old Value: ",New Value: HKLM\SOFTWARE\Microsoft\Windows Defender\Features\EcsConfigs\MpFC_M365SsoFeature = 0x3,,,,,,False,C:\Users\VM\Desktop\WindowsDefender.evtx,Classic,0,"{""EventData"":{""Data"":[{""@Name"":""Product Name"",""#text"":""Microsoft Defender Antivirus""},{""@Name"":""Product Version"",""#text"":""4.18.25060.7""},{""@Name"":""Old Value""},{""@Name"":""New Value"",""#text"":""HKLM\\SOFTWARE\\Microsoft\\Windows Defender\\Features\\EcsConfigs\\MpFC_M365SsoFeature = 0x3""}]}}"
133,133,2025-07-29 06:50:28.5724585,5007,Info,Microsoft-Windows-Windows Defender,Microsoft-Windows-Windows Defender/Operational,2556,6500,DESKTOP-5A3QN5S,1,S-1-5-18,The antimalware platform configuration changed,,,"Old Value: ",New Value: HKLM\SOFTWARE\Microsoft\Windows Defender\Features\EcsConfigs\MpFC_DC_AllowLockedSessionsAsLastLogon = 0x1,,,,,,False,C:\Users\VM\Desktop\WindowsDefender.evtx,Classic,0,"{""EventData"":{""Data"":[{""@Name"":""Product Name"",""#text"":""Microsoft Defender Antivirus""},{""@Name"":""Product Version"",""#text"":""4.18.25060.7""},{""@Name"":""Old Value""},{""@Name"":""New Value"",""#text"":""HKLM\\SOFTWARE\\Microsoft\\Windows Defender\\Features\\EcsConfigs\\MpFC_DC_AllowLockedSessionsAsLastLogon = 0x1""}]}}"
134,134,2025-07-29 06:50:28.5724610,5007,Info,Microsoft-Windows-Windows Defender,Microsoft-Windows-Windows Defender/Operational,2556,6500,DESKTOP-5A3QN5S,1,S-1-5-18,The antimalware platform configuration changed,,,"Old Value: ",New Value: HKLM\SOFTWARE\Microsoft\Windows Defender\Features\EcsConfigs\MpFC_Kernel_SystemIoRequestWorkOnBehalfOf = 0x1,,,,,,False,C:\Users\VM\Desktop\WindowsDefender.evtx,Classic,0,"{""EventData"":{""Data"":[{""@Name"":""Product Name"",""#text"":""Microsoft Defender Antivirus""},{""@Name"":""Product Version"",""#text"":""4.18.25060.7""},{""@Name"":""Old Value""},{""@Name"":""New Value"",""#text"":""HKLM\\SOFTWARE\\Microsoft\\Windows Defender\\Features\\EcsConfigs\\MpFC_Kernel_SystemIoRequestWorkOnBehalfOf = 0x1""}]}}"
135,135,2025-07-29 06:50:28.5724633,5007,Info,Microsoft-Windows-Windows Defender,Microsoft-Windows-Windows Defender/Operational,2556,6500,DESKTOP-5A3QN5S,1,S-1-5-18,The antimalware platform configuration changed,,,"Old Value: ",New Value: HKLM\SOFTWARE\Microsoft\Windows Defender\Features\EcsConfigs\MpEnablePurgeHipsCache = 0x1,,,,,,False,C:\Users\VM\Desktop\WindowsDefender.evtx,Classic,0,"{""EventData"":{""Data"":[{""@Name"":""Product Name"",""#text"":""Microsoft Defender Antivirus""},{""@Name"":""Product Version"",""#text"":""4.18.25060.7""},{""@Name"":""Old Value""},{""@Name"":""New Value"",""#text"":""HKLM\\SOFTWARE\\Microsoft\\Windows Defender\\Features\\EcsConfigs\\MpEnablePurgeHipsCache = 0x1""}]}}"
136,136,2025-07-29 06:50:28.5724657,5007,Info,Microsoft-Windows-Windows Defender,Microsoft-Windows-Windows Defender/Operational,2556,6500,DESKTOP-5A3QN5S,1,S-1-5-18,The antimalware platform configuration changed,,,"Old Value: ",New Value: HKLM\SOFTWARE\Microsoft\Windows Defender\Features\EcsConfigs\MpFC_AdvertiseM365PackBuild = 0x0,,,,,,False,C:\Users\VM\Desktop\WindowsDefender.evtx,Classic,0,"{""EventData"":{""Data"":[{""@Name"":""Product Name"",""#text"":""Microsoft Defender Antivirus""},{""@Name"":""Product Version"",""#text"":""4.18.25060.7""},{""@Name"":""Old Value""},{""@Name"":""New Value"",""#text"":""HKLM\\SOFTWARE\\Microsoft\\Windows Defender\\Features\\EcsConfigs\\MpFC_AdvertiseM365PackBuild = 0x0""}]}}"
137,137,2025-07-29 06:50:28.5724694,5007,Info,Microsoft-Windows-Windows Defender,Microsoft-Windows-Windows Defender/Operational,2556,6500,DESKTOP-5A3QN5S,1,S-1-5-18,The antimalware platform configuration changed,,,"Old Value: ",New Value: HKLM\SOFTWARE\Microsoft\Windows Defender\Features\EcsConfigs\MpFC_AdvertiseM365PackMajor = 0x67,,,,,,False,C:\Users\VM\Desktop\WindowsDefender.evtx,Classic,0,"{""EventData"":{""Data"":[{""@Name"":""Product Name"",""#text"":""Microsoft Defender Antivirus""},{""@Name"":""Product Version"",""#text"":""4.18.25060.7""},{""@Name"":""Old Value""},{""@Name"":""New Value"",""#text"":""HKLM\\SOFTWARE\\Microsoft\\Windows Defender\\Features\\EcsConfigs\\MpFC_AdvertiseM365PackMajor = 0x67""}]}}"
138,138,2025-07-29 06:50:28.5724722,5007,Info,Microsoft-Windows-Windows Defender,Microsoft-Windows-Windows Defender/Operational,2556,6500,DESKTOP-5A3QN5S,1,S-1-5-18,The antimalware platform configuration changed,,,"Old Value: ",New Value: HKLM\SOFTWARE\Microsoft\Windows Defender\Features\EcsConfigs\MpFc_Kernel_L2StateCache_SupportGenericFileState = 0x1,,,,,,False,C:\Users\VM\Desktop\WindowsDefender.evtx,Classic,0,"{""EventData"":{""Data"":[{""@Name"":""Product Name"",""#text"":""Microsoft Defender Antivirus""},{""@Name"":""Product Version"",""#text"":""4.18.25060.7""},{""@Name"":""Old Value""},{""@Name"":""New Value"",""#text"":""HKLM\\SOFTWARE\\Microsoft\\Windows Defender\\Features\\EcsConfigs\\MpFc_Kernel_L2StateCache_SupportGenericFileState = 0x1""}]}}"
139,139,2025-07-29 06:50:28.5724746,5007,Info,Microsoft-Windows-Windows Defender,Microsoft-Windows-Windows Defender/Operational,2556,6500,DESKTOP-5A3QN5S,1,S-1-5-18,The antimalware platform configuration changed,,,"Old Value: ",New Value: HKLM\SOFTWARE\Microsoft\Windows Defender\Features\EcsConfigs\MpFC_M365StablePackVer = 0x96B4268,,,,,,False,C:\Users\VM\Desktop\WindowsDefender.evtx,Classic,0,"{""EventData"":{""Data"":[{""@Name"":""Product Name"",""#text"":""Microsoft Defender Antivirus""},{""@Name"":""Product Version"",""#text"":""4.18.25060.7""},{""@Name"":""Old Value""},{""@Name"":""New Value"",""#text"":""HKLM\\SOFTWARE\\Microsoft\\Windows Defender\\Features\\EcsConfigs\\MpFC_M365StablePackVer = 0x96B4268""}]}}"
140,140,2025-07-29 06:50:28.5724770,5007,Info,Microsoft-Windows-Windows Defender,Microsoft-Windows-Windows Defender/Operational,2556,6500,DESKTOP-5A3QN5S,1,S-1-5-18,The antimalware platform configuration changed,,,"Old Value: ",New Value: HKLM\SOFTWARE\Microsoft\Windows Defender\Features\EcsConfigs\MpForceDllHostScanExeOnOpen = 0x1,,,,,,False,C:\Users\VM\Desktop\WindowsDefender.evtx,Classic,0,"{""EventData"":{""Data"":[{""@Name"":""Product Name"",""#text"":""Microsoft Defender Antivirus""},{""@Name"":""Product Version"",""#text"":""4.18.25060.7""},{""@Name"":""Old Value""},{""@Name"":""New Value"",""#text"":""HKLM\\SOFTWARE\\Microsoft\\Windows Defender\\Features\\EcsConfigs\\MpForceDllHostScanExeOnOpen = 0x1""}]}}"
141,141,2025-07-29 06:50:28.5724796,5007,Info,Microsoft-Windows-Windows Defender,Microsoft-Windows-Windows Defender/Operational,2556,6500,DESKTOP-5A3QN5S,1,S-1-5-18,The antimalware platform configuration changed,,,"Old Value: ",New Value: HKLM\SOFTWARE\Microsoft\Windows Defender\Features\EcsConfigs\MpFC_EnableTPExclusionsSCCMNonMDEAttach = 0x1,,,,,,False,C:\Users\VM\Desktop\WindowsDefender.evtx,Classic,0,"{""EventData"":{""Data"":[{""@Name"":""Product Name"",""#text"":""Microsoft Defender Antivirus""},{""@Name"":""Product Version"",""#text"":""4.18.25060.7""},{""@Name"":""Old Value""},{""@Name"":""New Value"",""#text"":""HKLM\\SOFTWARE\\Microsoft\\Windows Defender\\Features\\EcsConfigs\\MpFC_EnableTPExclusionsSCCMNonMDEAttach = 0x1""}]}}"
142,142,2025-07-29 06:50:28.5724822,5007,Info,Microsoft-Windows-Windows Defender,Microsoft-Windows-Windows Defender/Operational,2556,6500,DESKTOP-5A3QN5S,1,S-1-5-18,The antimalware platform configuration changed,,,"Old Value: ",New Value: HKLM\SOFTWARE\Microsoft\Windows Defender\Features\EcsConfigs\MpFc_Kernel_UseLowPrioThreadsForAsyncScans = 0x1,,,,,,False,C:\Users\VM\Desktop\WindowsDefender.evtx,Classic,0,"{""EventData"":{""Data"":[{""@Name"":""Product Name"",""#text"":""Microsoft Defender Antivirus""},{""@Name"":""Product Version"",""#text"":""4.18.25060.7""},{""@Name"":""Old Value""},{""@Name"":""New Value"",""#text"":""HKLM\\SOFTWARE\\Microsoft\\Windows Defender\\Features\\EcsConfigs\\MpFc_Kernel_UseLowPrioThreadsForAsyncScans = 0x1""}]}}"
143,143,2025-07-29 06:50:28.5724848,5007,Info,Microsoft-Windows-Windows Defender,Microsoft-Windows-Windows Defender/Operational,2556,6500,DESKTOP-5A3QN5S,1,S-1-5-18,The antimalware platform configuration changed,,,"Old Value: ",New Value: HKLM\SOFTWARE\Microsoft\Windows Defender\Features\EcsConfigs\MpFC_M365ToastCurrentVerRollout = 0x64,,,,,,False,C:\Users\VM\Desktop\WindowsDefender.evtx,Classic,0,"{""EventData"":{""Data"":[{""@Name"":""Product Name"",""#text"":""Microsoft Defender Antivirus""},{""@Name"":""Product Version"",""#text"":""4.18.25060.7""},{""@Name"":""Old Value""},{""@Name"":""New Value"",""#text"":""HKLM\\SOFTWARE\\Microsoft\\Windows Defender\\Features\\EcsConfigs\\MpFC_M365ToastCurrentVerRollout = 0x64""}]}}"
144,144,2025-07-29 06:50:28.5724872,5007,Info,Microsoft-Windows-Windows Defender,Microsoft-Windows-Windows Defender/Operational,2556,6500,DESKTOP-5A3QN5S,1,S-1-5-18,The antimalware platform configuration changed,,,"Old Value: ",New Value: HKLM\SOFTWARE\Microsoft\Windows Defender\Features\EcsConfigs\MpDisablePropBagNotification = 0x0,,,,,,False,C:\Users\VM\Desktop\WindowsDefender.evtx,Classic,0,"{""EventData"":{""Data"":[{""@Name"":""Product Name"",""#text"":""Microsoft Defender Antivirus""},{""@Name"":""Product Version"",""#text"":""4.18.25060.7""},{""@Name"":""Old Value""},{""@Name"":""New Value"",""#text"":""HKLM\\SOFTWARE\\Microsoft\\Windows Defender\\Features\\EcsConfigs\\MpDisablePropBagNotification = 0x0""}]}}"
145,145,2025-07-29 06:50:28.5724896,5007,Info,Microsoft-Windows-Windows Defender,Microsoft-Windows-Windows Defender/Operational,2556,6500,DESKTOP-5A3QN5S,1,S-1-5-18,The antimalware platform configuration changed,,,"Old Value: ",New Value: HKLM\SOFTWARE\Microsoft\Windows Defender\Features\EcsConfigs\MpFC_AdvertiseM365PackMinor = 0x2328,,,,,,False,C:\Users\VM\Desktop\WindowsDefender.evtx,Classic,0,"{""EventData"":{""Data"":[{""@Name"":""Product Name"",""#text"":""Microsoft Defender Antivirus""},{""@Name"":""Product Version"",""#text"":""4.18.25060.7""},{""@Name"":""Old Value""},{""@Name"":""New Value"",""#text"":""HKLM\\SOFTWARE\\Microsoft\\Windows Defender\\Features\\EcsConfigs\\MpFC_AdvertiseM365PackMinor = 0x2328""}]}}"
146,146,2025-07-29 06:50:28.5724921,5007,Info,Microsoft-Windows-Windows Defender,Microsoft-Windows-Windows Defender/Operational,2556,6500,DESKTOP-5A3QN5S,1,S-1-5-18,The antimalware platform configuration changed,,,"Old Value: ",New Value: HKLM\SOFTWARE\Microsoft\Windows Defender\Features\EcsConfigs\MpFC_Kernel_PPLReduxMitigationFlags = 0x3,,,,,,False,C:\Users\VM\Desktop\WindowsDefender.evtx,Classic,0,"{""EventData"":{""Data"":[{""@Name"":""Product Name"",""#text"":""Microsoft Defender Antivirus""},{""@Name"":""Product Version"",""#text"":""4.18.25060.7""},{""@Name"":""Old Value""},{""@Name"":""New Value"",""#text"":""HKLM\\SOFTWARE\\Microsoft\\Windows Defender\\Features\\EcsConfigs\\MpFC_Kernel_PPLReduxMitigationFlags = 0x3""}]}}"
147,147,2025-07-29 06:50:28.5724947,5007,Info,Microsoft-Windows-Windows Defender,Microsoft-Windows-Windows Defender/Operational,2556,6500,DESKTOP-5A3QN5S,1,S-1-5-18,The antimalware platform configuration changed,,,"Old Value: ",New Value: HKLM\SOFTWARE\Microsoft\Windows Defender\Features\EcsConfigs\MpFc_Kernel_UseLowPriAsyncScansDevDrvOnly = 0x1,,,,,,False,C:\Users\VM\Desktop\WindowsDefender.evtx,Classic,0,"{""EventData"":{""Data"":[{""@Name"":""Product Name"",""#text"":""Microsoft Defender Antivirus""},{""@Name"":""Product Version"",""#text"":""4.18.25060.7""},{""@Name"":""Old Value""},{""@Name"":""New Value"",""#text"":""HKLM\\SOFTWARE\\Microsoft\\Windows Defender\\Features\\EcsConfigs\\MpFc_Kernel_UseLowPriAsyncScansDevDrvOnly = 0x1""}]}}"
148,148,2025-07-29 06:50:28.5725720,5007,Info,Microsoft-Windows-Windows Defender,Microsoft-Windows-Windows Defender/Operational,2556,6500,DESKTOP-5A3QN5S,1,S-1-5-18,The antimalware platform configuration changed,,,"Old Value: Default\Features\EcsConfigs\ETag\Tag = ","New Value: HKLM\SOFTWARE\Microsoft\Windows Defender\Features\EcsConfigs\ETag\Tag = ""+gQ7D63wABcoFCU6lU+RTCDxNmbzF8JqO3CFPgDYptY=""",,,,,,False,C:\Users\VM\Desktop\WindowsDefender.evtx,Classic,0,"{""EventData"":{""Data"":[{""@Name"":""Product Name"",""#text"":""Microsoft Defender Antivirus""},{""@Name"":""Product Version"",""#text"":""4.18.25060.7""},{""@Name"":""Old Value"",""#text"":""Default\\Features\\EcsConfigs\\ETag\\Tag = ""},{""@Name"":""New Value"",""#text"":""HKLM\\SOFTWARE\\Microsoft\\Windows Defender\\Features\\EcsConfigs\\ETag\\Tag = \""+gQ7D63wABcoFCU6lU+RTCDxNmbzF8JqO3CFPgDYptY=\""""}]}}"
149,149,2025-07-29 06:50:29.1980470,5007,Info,Microsoft-Windows-Windows Defender,Microsoft-Windows-Windows Defender/Operational,2556,6500,DESKTOP-5A3QN5S,1,S-1-5-18,The antimalware platform configuration changed,,,Old Value: HKLM\SOFTWARE\Microsoft\Windows Defender\CoreService\WdConfigHash = 0x14D0A9C9,New Value: HKLM\SOFTWARE\Microsoft\Windows Defender\CoreService\WdConfigHash = 0xA23573E3,,,,,,False,C:\Users\VM\Desktop\WindowsDefender.evtx,Classic,0,"{""EventData"":{""Data"":[{""@Name"":""Product Name"",""#text"":""Microsoft Defender Antivirus""},{""@Name"":""Product Version"",""#text"":""4.18.25060.7""},{""@Name"":""Old Value"",""#text"":""HKLM\\SOFTWARE\\Microsoft\\Windows Defender\\CoreService\\WdConfigHash = 0x14D0A9C9""},{""@Name"":""New Value"",""#text"":""HKLM\\SOFTWARE\\Microsoft\\Windows Defender\\CoreService\\WdConfigHash = 0xA23573E3""}]}}"
150,150,2025-07-29 06:50:58.6893876,5007,Info,Microsoft-Windows-Windows Defender,Microsoft-Windows-Windows Defender/Operational,2556,376,DESKTOP-5A3QN5S,1,S-1-5-18,The antimalware platform configuration changed,,,Old Value: HKLM\SOFTWARE\Microsoft\Windows Defender\ServiceStartStates = 0x1,New Value: Default\ServiceStartStates = 0x0,,,,,,False,C:\Users\VM\Desktop\WindowsDefender.evtx,Classic,0,"{""EventData"":{""Data"":[{""@Name"":""Product Name"",""#text"":""Microsoft Defender Antivirus""},{""@Name"":""Product Version"",""#text"":""4.18.25060.7""},{""@Name"":""Old Value"",""#text"":""HKLM\\SOFTWARE\\Microsoft\\Windows Defender\\ServiceStartStates = 0x1""},{""@Name"":""New Value"",""#text"":""Default\\ServiceStartStates = 0x0""}]}}"
151,151,2025-07-29 06:52:55.9047280,5007,Info,Microsoft-Windows-Windows Defender,Microsoft-Windows-Windows Defender/Operational,2556,6500,DESKTOP-5A3QN5S,1,S-1-5-18,The antimalware platform configuration changed,,,"Old Value: N/A\Diagnostics\CleanupComponentProgress = ",New Value: HKLM\SOFTWARE\Microsoft\Windows Defender\Diagnostics\CleanupComponentProgress = CleanupModules,,,,,,False,C:\Users\VM\Desktop\WindowsDefender.evtx,Classic,0,"{""EventData"":{""Data"":[{""@Name"":""Product Name"",""#text"":""Microsoft Defender Antivirus""},{""@Name"":""Product Version"",""#text"":""4.18.25060.7""},{""@Name"":""Old Value"",""#text"":""N/A\\Diagnostics\\CleanupComponentProgress = ""},{""@Name"":""New Value"",""#text"":""HKLM\\SOFTWARE\\Microsoft\\Windows Defender\\Diagnostics\\CleanupComponentProgress = CleanupModules""}]}}"
152,152,2025-07-29 06:52:55.9062129,5007,Info,Microsoft-Windows-Windows Defender,Microsoft-Windows-Windows Defender/Operational,2556,6500,DESKTOP-5A3QN5S,1,S-1-5-18,The antimalware platform configuration changed,,,Old Value: Default\Features\EnableCACS = 0x0,New Value: HKLM\SOFTWARE\Microsoft\Windows Defender\Features\EnableCACS = 0x0,,,,,,False,C:\Users\VM\Desktop\WindowsDefender.evtx,Classic,0,"{""EventData"":{""Data"":[{""@Name"":""Product Name"",""#text"":""Microsoft Defender Antivirus""},{""@Name"":""Product Version"",""#text"":""4.18.25060.7""},{""@Name"":""Old Value"",""#text"":""Default\\Features\\EnableCACS = 0x0""},{""@Name"":""New Value"",""#text"":""HKLM\\SOFTWARE\\Microsoft\\Windows Defender\\Features\\EnableCACS = 0x0""}]}}"
153,153,2025-07-29 07:09:38.5008988,5007,Info,Microsoft-Windows-Windows Defender,Microsoft-Windows-Windows Defender/Operational,2388,2660,DESKTOP-5A3QN5S,1,S-1-5-18,The antimalware platform configuration changed,,,Old Value: Default\IsServiceRunning = 0x0,New Value: HKLM\SOFTWARE\Microsoft\Windows Defender\IsServiceRunning = 0x1,,,,,,False,C:\Users\VM\Desktop\WindowsDefender.evtx,Classic,0,"{""EventData"":{""Data"":[{""@Name"":""Product Name"",""#text"":""Microsoft Defender Antivirus""},{""@Name"":""Product Version"",""#text"":""4.18.25060.7""},{""@Name"":""Old Value"",""#text"":""Default\\IsServiceRunning = 0x0""},{""@Name"":""New Value"",""#text"":""HKLM\\SOFTWARE\\Microsoft\\Windows Defender\\IsServiceRunning = 0x1""}]}}"
154,154,2025-07-29 07:09:38.5011506,5007,Info,Microsoft-Windows-Windows Defender,Microsoft-Windows-Windows Defender/Operational,2388,2660,DESKTOP-5A3QN5S,1,S-1-5-18,The antimalware platform configuration changed,,,Old Value: HKLM\SOFTWARE\Microsoft\Windows Defender\CoreService\WdConfigHash = 0xA23573E3,New Value: HKLM\SOFTWARE\Microsoft\Windows Defender\CoreService\WdConfigHash = 0x8E83DB49,,,,,,False,C:\Users\VM\Desktop\WindowsDefender.evtx,Classic,0,"{""EventData"":{""Data"":[{""@Name"":""Product Name"",""#text"":""Microsoft Defender Antivirus""},{""@Name"":""Product Version"",""#text"":""4.18.25060.7""},{""@Name"":""Old Value"",""#text"":""HKLM\\SOFTWARE\\Microsoft\\Windows Defender\\CoreService\\WdConfigHash = 0xA23573E3""},{""@Name"":""New Value"",""#text"":""HKLM\\SOFTWARE\\Microsoft\\Windows Defender\\CoreService\\WdConfigHash = 0x8E83DB49""}]}}"
155,155,2025-07-29 07:09:38.5023606,5007,Info,Microsoft-Windows-Windows Defender,Microsoft-Windows-Windows Defender/Operational,2388,2660,DESKTOP-5A3QN5S,1,S-1-5-18,The antimalware platform configuration changed,,,Old Value: HKLM\SOFTWARE\Microsoft\Windows Defender\Diagnostics\InitializingComponentProgress = InitializeMiscConfigLibrary,New Value: HKLM\SOFTWARE\Microsoft\Windows Defender\Diagnostics\InitializingComponentProgress = PostPlatformUpdate,,,,,,False,C:\Users\VM\Desktop\WindowsDefender.evtx,Classic,0,"{""EventData"":{""Data"":[{""@Name"":""Product Name"",""#text"":""Microsoft Defender Antivirus""},{""@Name"":""Product Version"",""#text"":""4.18.25060.7""},{""@Name"":""Old Value"",""#text"":""HKLM\\SOFTWARE\\Microsoft\\Windows Defender\\Diagnostics\\InitializingComponentProgress = InitializeMiscConfigLibrary""},{""@Name"":""New Value"",""#text"":""HKLM\\SOFTWARE\\Microsoft\\Windows Defender\\Diagnostics\\InitializingComponentProgress = PostPlatformUpdate""}]}}"
156,156,2025-07-29 07:09:43.2157675,5007,Info,Microsoft-Windows-Windows Defender,Microsoft-Windows-Windows Defender/Operational,2388,2660,DESKTOP-5A3QN5S,1,S-1-5-18,The antimalware platform configuration changed,,,Old Value: Default\ServiceStartStates = 0x0,New Value: HKLM\SOFTWARE\Microsoft\Windows Defender\ServiceStartStates = 0x1,,,,,,False,C:\Users\VM\Desktop\WindowsDefender.evtx,Classic,0,"{""EventData"":{""Data"":[{""@Name"":""Product Name"",""#text"":""Microsoft Defender Antivirus""},{""@Name"":""Product Version"",""#text"":""4.18.25060.7""},{""@Name"":""Old Value"",""#text"":""Default\\ServiceStartStates = 0x0""},{""@Name"":""New Value"",""#text"":""HKLM\\SOFTWARE\\Microsoft\\Windows Defender\\ServiceStartStates = 0x1""}]}}"
157,157,2025-07-29 07:09:43.2165169,5007,Info,Microsoft-Windows-Windows Defender,Microsoft-Windows-Windows Defender/Operational,2388,2660,DESKTOP-5A3QN5S,1,S-1-5-18,The antimalware platform configuration changed,,,Old Value: HKLM\SOFTWARE\Microsoft\Windows Defender\Diagnostics\InitializingComponentProgress = PostPlatformUpdate,New Value: HKLM\SOFTWARE\Microsoft\Windows Defender\Diagnostics\InitializingComponentProgress = LoadingEngine,,,,,,False,C:\Users\VM\Desktop\WindowsDefender.evtx,Classic,0,"{""EventData"":{""Data"":[{""@Name"":""Product Name"",""#text"":""Microsoft Defender Antivirus""},{""@Name"":""Product Version"",""#text"":""4.18.25060.7""},{""@Name"":""Old Value"",""#text"":""HKLM\\SOFTWARE\\Microsoft\\Windows Defender\\Diagnostics\\InitializingComponentProgress = PostPlatformUpdate""},{""@Name"":""New Value"",""#text"":""HKLM\\SOFTWARE\\Microsoft\\Windows Defender\\Diagnostics\\InitializingComponentProgress = LoadingEngine""}]}}"
158,158,2025-07-29 07:09:48.7550567,5007,Info,Microsoft-Windows-Windows Defender,Microsoft-Windows-Windows Defender/Operational,2388,3724,DESKTOP-5A3QN5S,1,S-1-5-18,The antimalware platform configuration changed,,,Old Value: HKLM\SOFTWARE\Microsoft\Windows Defender\CoreService\WdConfigHash = 0x8E83DB49,New Value: HKLM\SOFTWARE\Microsoft\Windows Defender\CoreService\WdConfigHash = 0xA23573E3,,,,,,False,C:\Users\VM\Desktop\WindowsDefender.evtx,Classic,0,"{""EventData"":{""Data"":[{""@Name"":""Product Name"",""#text"":""Microsoft Defender Antivirus""},{""@Name"":""Product Version"",""#text"":""4.18.25060.7""},{""@Name"":""Old Value"",""#text"":""HKLM\\SOFTWARE\\Microsoft\\Windows Defender\\CoreService\\WdConfigHash = 0x8E83DB49""},{""@Name"":""New Value"",""#text"":""HKLM\\SOFTWARE\\Microsoft\\Windows Defender\\CoreService\\WdConfigHash = 0xA23573E3""}]}}"
159,159,2025-07-29 07:09:48.7557843,5007,Info,Microsoft-Windows-Windows Defender,Microsoft-Windows-Windows Defender/Operational,2388,3724,DESKTOP-5A3QN5S,1,S-1-5-18,The antimalware platform configuration changed,,,Old Value: HKLM\SOFTWARE\Microsoft\Windows Defender\Diagnostics\InitializingComponentProgress = LoadingEngine,New Value: HKLM\SOFTWARE\Microsoft\Windows Defender\Diagnostics\InitializingComponentProgress = ServiceStartedSuccessfully,,,,,,False,C:\Users\VM\Desktop\WindowsDefender.evtx,Classic,0,"{""EventData"":{""Data"":[{""@Name"":""Product Name"",""#text"":""Microsoft Defender Antivirus""},{""@Name"":""Product Version"",""#text"":""4.18.25060.7""},{""@Name"":""Old Value"",""#text"":""HKLM\\SOFTWARE\\Microsoft\\Windows Defender\\Diagnostics\\InitializingComponentProgress = LoadingEngine""},{""@Name"":""New Value"",""#text"":""HKLM\\SOFTWARE\\Microsoft\\Windows Defender\\Diagnostics\\InitializingComponentProgress = ServiceStartedSuccessfully""}]}}"
160,160,2025-07-29 07:10:43.3482718,5007,Info,Microsoft-Windows-Windows Defender,Microsoft-Windows-Windows Defender/Operational,2388,2660,DESKTOP-5A3QN5S,1,S-1-5-18,The antimalware platform configuration changed,,,Old Value: HKLM\SOFTWARE\Microsoft\Windows Defender\ServiceStartStates = 0x1,New Value: Default\ServiceStartStates = 0x0,,,,,,False,C:\Users\VM\Desktop\WindowsDefender.evtx,Classic,0,"{""EventData"":{""Data"":[{""@Name"":""Product Name"",""#text"":""Microsoft Defender Antivirus""},{""@Name"":""Product Version"",""#text"":""4.18.25060.7""},{""@Name"":""Old Value"",""#text"":""HKLM\\SOFTWARE\\Microsoft\\Windows Defender\\ServiceStartStates = 0x1""},{""@Name"":""New Value"",""#text"":""Default\\ServiceStartStates = 0x0""}]}}"
161,161,2025-07-29 07:10:43.3482780,5007,Info,Microsoft-Windows-Windows Defender,Microsoft-Windows-Windows Defender/Operational,2388,2660,DESKTOP-5A3QN5S,1,S-1-5-18,The antimalware platform configuration changed,,,Old Value: Default\ProductAppDataPath = C:\ProgramData\Microsoft\Windows Defender,New Value: HKLM\SOFTWARE\Microsoft\Windows Defender\ProductAppDataPath = C:\ProgramData\Microsoft\Windows Defender,,,,,,False,C:\Users\VM\Desktop\WindowsDefender.evtx,Classic,0,"{""EventData"":{""Data"":[{""@Name"":""Product Name"",""#text"":""Microsoft Defender Antivirus""},{""@Name"":""Product Version"",""#text"":""4.18.25060.7""},{""@Name"":""Old Value"",""#text"":""Default\\ProductAppDataPath = C:\\ProgramData\\Microsoft\\Windows Defender""},{""@Name"":""New Value"",""#text"":""HKLM\\SOFTWARE\\Microsoft\\Windows Defender\\ProductAppDataPath = C:\\ProgramData\\Microsoft\\Windows Defender""}]}}"
162,162,2025-07-29 07:13:16.2085530,2010,Info,Microsoft-Windows-Windows Defender,Microsoft-Windows-Windows Defender/Operational,2388,2660,DESKTOP-5A3QN5S,1,S-1-5-18,,,,,,,,,,,False,C:\Users\VM\Desktop\WindowsDefender.evtx,Classic,0,"{""EventData"":{""Data"":[{""@Name"":""Product Name"",""#text"":""Microsoft Defender Antivirus""},{""@Name"":""Product Version"",""#text"":""4.18.25060.7""},{""@Name"":""Current security intelligence Version"",""#text"":""1.433.125.0""},{""@Name"":""Unused""},{""@Name"":""Unused2""},{""@Name"":""Unused3""},{""@Name"":""Unused4""},{""@Name"":""Domain""},{""@Name"":""User""},{""@Name"":""SID""},{""@Name"":""Security intelligence Type Index"",""#text"":""0""},{""@Name"":""Security intelligence Type""},{""@Name"":""Unused5""},{""@Name"":""Unused6""},{""@Name"":""Current Engine Version"",""#text"":""1.1.25060.6""},{""@Name"":""Unused7""},{""@Name"":""Unused8""},{""@Name"":""Unused9""},{""@Name"":""Unused10""},{""@Name"":""Unused11""},{""@Name"":""Unused12""},{""@Name"":""Cloud protection intelligence Type Index"",""#text"":""1""},{""@Name"":""Cloud protection intelligence Type"",""#text"":""Security intelligence update""},{""@Name"":""Persistence Path"",""#text"":""C:\\ProgramData\\Microsoft\\Windows Defender\\Scans\\RtSigs\\data\\8c1abf4cbec277db35ecfa8181c388a93c0c0a98""},{""@Name"":""Cloud protection intelligence Version"",""#text"":""0.0.0.0""},{""@Name"":""Cloud protection intelligence Compilation Timestamp"",""#text"":""7/28/2025 10:13:23 PM""},{""@Name"":""Persistence Limit Type Index"",""#text"":""2""},{""@Name"":""Persistence Limit Type"",""#text"":""Duration""},{""@Name"":""Persistence Limit Value"",""#text"":""50065408""}]}}"
163,163,2025-07-29 07:13:16.2208426,2010,Info,Microsoft-Windows-Windows Defender,Microsoft-Windows-Windows Defender/Operational,2388,5092,DESKTOP-5A3QN5S,1,S-1-5-18,,,,,,,,,,,False,C:\Users\VM\Desktop\WindowsDefender.evtx,Classic,0,"{""EventData"":{""Data"":[{""@Name"":""Product Name"",""#text"":""Microsoft Defender Antivirus""},{""@Name"":""Product Version"",""#text"":""4.18.25060.7""},{""@Name"":""Current security intelligence Version"",""#text"":""1.433.125.0""},{""@Name"":""Unused""},{""@Name"":""Unused2""},{""@Name"":""Unused3""},{""@Name"":""Unused4""},{""@Name"":""Domain""},{""@Name"":""User""},{""@Name"":""SID""},{""@Name"":""Security intelligence Type Index"",""#text"":""0""},{""@Name"":""Security intelligence Type""},{""@Name"":""Unused5""},{""@Name"":""Unused6""},{""@Name"":""Current Engine Version"",""#text"":""1.1.25060.6""},{""@Name"":""Unused7""},{""@Name"":""Unused8""},{""@Name"":""Unused9""},{""@Name"":""Unused10""},{""@Name"":""Unused11""},{""@Name"":""Unused12""},{""@Name"":""Cloud protection intelligence Type Index"",""#text"":""1""},{""@Name"":""Cloud protection intelligence Type"",""#text"":""Security intelligence update""},{""@Name"":""Persistence Path"",""#text"":""C:\\ProgramData\\Microsoft\\Windows Defender\\Scans\\RtSigs\\data\\221939d95c2445d07df15ee9fa010f889159f33f""},{""@Name"":""Cloud protection intelligence Version"",""#text"":""0.0.0.0""},{""@Name"":""Cloud protection intelligence Compilation Timestamp"",""#text"":""7/28/2025 10:13:23 PM""},{""@Name"":""Persistence Limit Type Index"",""#text"":""2""},{""@Name"":""Persistence Limit Type"",""#text"":""Duration""},{""@Name"":""Persistence Limit Value"",""#text"":""3000000""}]}}"
164,164,2025-07-29 07:14:27.3886848,5007,Info,Microsoft-Windows-Windows Defender,Microsoft-Windows-Windows Defender/Operational,2388,3568,DESKTOP-5A3QN5S,1,S-1-5-18,The antimalware platform configuration changed,,,Old Value: HKLM\SOFTWARE\Microsoft\Windows Defender\Diagnostics\CleanupComponentProgress = CleanupCompleted,New Value: HKLM\SOFTWARE\Microsoft\Windows Defender\Diagnostics\CleanupComponentProgress = CleanupEngine,,,,,,False,C:\Users\VM\Desktop\WindowsDefender.evtx,Classic,0,"{""EventData"":{""Data"":[{""@Name"":""Product Name"",""#text"":""Microsoft Defender Antivirus""},{""@Name"":""Product Version"",""#text"":""4.18.25060.7""},{""@Name"":""Old Value"",""#text"":""HKLM\\SOFTWARE\\Microsoft\\Windows Defender\\Diagnostics\\CleanupComponentProgress = CleanupCompleted""},{""@Name"":""New Value"",""#text"":""HKLM\\SOFTWARE\\Microsoft\\Windows Defender\\Diagnostics\\CleanupComponentProgress = CleanupEngine""}]}}"
165,165,2025-07-28 22:14:52.2534340,5007,Info,Microsoft-Windows-Windows Defender,Microsoft-Windows-Windows Defender/Operational,2488,2704,DESKTOP-5A3QN5S,1,S-1-5-18,The antimalware platform configuration changed,,,Old Value: Default\IsServiceRunning = 0x0,New Value: HKLM\SOFTWARE\Microsoft\Windows Defender\IsServiceRunning = 0x1,,,,,,False,C:\Users\VM\Desktop\WindowsDefender.evtx,Classic,0,"{""EventData"":{""Data"":[{""@Name"":""Product Name"",""#text"":""Microsoft Defender Antivirus""},{""@Name"":""Product Version"",""#text"":""4.18.25060.7""},{""@Name"":""Old Value"",""#text"":""Default\\IsServiceRunning = 0x0""},{""@Name"":""New Value"",""#text"":""HKLM\\SOFTWARE\\Microsoft\\Windows Defender\\IsServiceRunning = 0x1""}]}}"
166,166,2025-07-28 22:14:52.2536970,5007,Info,Microsoft-Windows-Windows Defender,Microsoft-Windows-Windows Defender/Operational,2488,2704,DESKTOP-5A3QN5S,1,S-1-5-18,The antimalware platform configuration changed,,,Old Value: HKLM\SOFTWARE\Microsoft\Windows Defender\CoreService\WdConfigHash = 0xA23573E3,New Value: HKLM\SOFTWARE\Microsoft\Windows Defender\CoreService\WdConfigHash = 0x8E83DB49,,,,,,False,C:\Users\VM\Desktop\WindowsDefender.evtx,Classic,0,"{""EventData"":{""Data"":[{""@Name"":""Product Name"",""#text"":""Microsoft Defender Antivirus""},{""@Name"":""Product Version"",""#text"":""4.18.25060.7""},{""@Name"":""Old Value"",""#text"":""HKLM\\SOFTWARE\\Microsoft\\Windows Defender\\CoreService\\WdConfigHash = 0xA23573E3""},{""@Name"":""New Value"",""#text"":""HKLM\\SOFTWARE\\Microsoft\\Windows Defender\\CoreService\\WdConfigHash = 0x8E83DB49""}]}}"
167,167,2025-07-28 22:14:52.2556389,5007,Info,Microsoft-Windows-Windows Defender,Microsoft-Windows-Windows Defender/Operational,2488,2704,DESKTOP-5A3QN5S,1,S-1-5-18,The antimalware platform configuration changed,,,Old Value: HKLM\SOFTWARE\Microsoft\Windows Defender\Diagnostics\InitializingComponentProgress = InitializeMiscConfigLibrary,New Value: HKLM\SOFTWARE\Microsoft\Windows Defender\Diagnostics\InitializingComponentProgress = PostPlatformUpdate,,,,,,False,C:\Users\VM\Desktop\WindowsDefender.evtx,Classic,0,"{""EventData"":{""Data"":[{""@Name"":""Product Name"",""#text"":""Microsoft Defender Antivirus""},{""@Name"":""Product Version"",""#text"":""4.18.25060.7""},{""@Name"":""Old Value"",""#text"":""HKLM\\SOFTWARE\\Microsoft\\Windows Defender\\Diagnostics\\InitializingComponentProgress = InitializeMiscConfigLibrary""},{""@Name"":""New Value"",""#text"":""HKLM\\SOFTWARE\\Microsoft\\Windows Defender\\Diagnostics\\InitializingComponentProgress = PostPlatformUpdate""}]}}"
168,168,2025-07-28 22:14:59.0197376,5007,Info,Microsoft-Windows-Windows Defender,Microsoft-Windows-Windows Defender/Operational,2488,2704,DESKTOP-5A3QN5S,1,S-1-5-18,The antimalware platform configuration changed,,,Old Value: Default\ServiceStartStates = 0x0,New Value: HKLM\SOFTWARE\Microsoft\Windows Defender\ServiceStartStates = 0x1,,,,,,False,C:\Users\VM\Desktop\WindowsDefender.evtx,Classic,0,"{""EventData"":{""Data"":[{""@Name"":""Product Name"",""#text"":""Microsoft Defender Antivirus""},{""@Name"":""Product Version"",""#text"":""4.18.25060.7""},{""@Name"":""Old Value"",""#text"":""Default\\ServiceStartStates = 0x0""},{""@Name"":""New Value"",""#text"":""HKLM\\SOFTWARE\\Microsoft\\Windows Defender\\ServiceStartStates = 0x1""}]}}"
169,169,2025-07-28 22:14:59.0237573,5007,Info,Microsoft-Windows-Windows Defender,Microsoft-Windows-Windows Defender/Operational,2488,2704,DESKTOP-5A3QN5S,1,S-1-5-18,The antimalware platform configuration changed,,,Old Value: HKLM\SOFTWARE\Microsoft\Windows Defender\Diagnostics\InitializingComponentProgress = PostPlatformUpdate,New Value: HKLM\SOFTWARE\Microsoft\Windows Defender\Diagnostics\InitializingComponentProgress = LoadingEngine,,,,,,False,C:\Users\VM\Desktop\WindowsDefender.evtx,Classic,0,"{""EventData"":{""Data"":[{""@Name"":""Product Name"",""#text"":""Microsoft Defender Antivirus""},{""@Name"":""Product Version"",""#text"":""4.18.25060.7""},{""@Name"":""Old Value"",""#text"":""HKLM\\SOFTWARE\\Microsoft\\Windows Defender\\Diagnostics\\InitializingComponentProgress = PostPlatformUpdate""},{""@Name"":""New Value"",""#text"":""HKLM\\SOFTWARE\\Microsoft\\Windows Defender\\Diagnostics\\InitializingComponentProgress = LoadingEngine""}]}}"
170,170,2025-07-28 22:15:03.6412861,5007,Info,Microsoft-Windows-Windows Defender,Microsoft-Windows-Windows Defender/Operational,2488,2712,DESKTOP-5A3QN5S,1,S-1-5-18,The antimalware platform configuration changed,,,Old Value: HKLM\SOFTWARE\Microsoft\Windows Defender\CoreService\WdConfigHash = 0x8E83DB49,New Value: HKLM\SOFTWARE\Microsoft\Windows Defender\CoreService\WdConfigHash = 0xA23573E3,,,,,,False,C:\Users\VM\Desktop\WindowsDefender.evtx,Classic,0,"{""EventData"":{""Data"":[{""@Name"":""Product Name"",""#text"":""Microsoft Defender Antivirus""},{""@Name"":""Product Version"",""#text"":""4.18.25060.7""},{""@Name"":""Old Value"",""#text"":""HKLM\\SOFTWARE\\Microsoft\\Windows Defender\\CoreService\\WdConfigHash = 0x8E83DB49""},{""@Name"":""New Value"",""#text"":""HKLM\\SOFTWARE\\Microsoft\\Windows Defender\\CoreService\\WdConfigHash = 0xA23573E3""}]}}"
171,171,2025-07-28 22:15:03.6421560,5007,Info,Microsoft-Windows-Windows Defender,Microsoft-Windows-Windows Defender/Operational,2488,2712,DESKTOP-5A3QN5S,1,S-1-5-18,The antimalware platform configuration changed,,,Old Value: HKLM\SOFTWARE\Microsoft\Windows Defender\Diagnostics\InitializingComponentProgress = LoadingEngine,New Value: HKLM\SOFTWARE\Microsoft\Windows Defender\Diagnostics\InitializingComponentProgress = ServiceStartedSuccessfully,,,,,,False,C:\Users\VM\Desktop\WindowsDefender.evtx,Classic,0,"{""EventData"":{""Data"":[{""@Name"":""Product Name"",""#text"":""Microsoft Defender Antivirus""},{""@Name"":""Product Version"",""#text"":""4.18.25060.7""},{""@Name"":""Old Value"",""#text"":""HKLM\\SOFTWARE\\Microsoft\\Windows Defender\\Diagnostics\\InitializingComponentProgress = LoadingEngine""},{""@Name"":""New Value"",""#text"":""HKLM\\SOFTWARE\\Microsoft\\Windows Defender\\Diagnostics\\InitializingComponentProgress = ServiceStartedSuccessfully""}]}}"
172,172,2025-07-28 22:15:58.3159406,5007,Info,Microsoft-Windows-Windows Defender,Microsoft-Windows-Windows Defender/Operational,2488,3700,DESKTOP-5A3QN5S,1,S-1-5-18,The antimalware platform configuration changed,,,Old Value: HKLM\SOFTWARE\Microsoft\Windows Defender\ServiceStartStates = 0x1,New Value: Default\ServiceStartStates = 0x0,,,,,,False,C:\Users\VM\Desktop\WindowsDefender.evtx,Classic,0,"{""EventData"":{""Data"":[{""@Name"":""Product Name"",""#text"":""Microsoft Defender Antivirus""},{""@Name"":""Product Version"",""#text"":""4.18.25060.7""},{""@Name"":""Old Value"",""#text"":""HKLM\\SOFTWARE\\Microsoft\\Windows Defender\\ServiceStartStates = 0x1""},{""@Name"":""New Value"",""#text"":""Default\\ServiceStartStates = 0x0""}]}}"
173,173,2025-07-28 22:15:58.3159462,5007,Info,Microsoft-Windows-Windows Defender,Microsoft-Windows-Windows Defender/Operational,2488,3700,DESKTOP-5A3QN5S,1,S-1-5-18,The antimalware platform configuration changed,,,Old Value: Default\ProductAppDataPath = C:\ProgramData\Microsoft\Windows Defender,New Value: HKLM\SOFTWARE\Microsoft\Windows Defender\ProductAppDataPath = C:\ProgramData\Microsoft\Windows Defender,,,,,,False,C:\Users\VM\Desktop\WindowsDefender.evtx,Classic,0,"{""EventData"":{""Data"":[{""@Name"":""Product Name"",""#text"":""Microsoft Defender Antivirus""},{""@Name"":""Product Version"",""#text"":""4.18.25060.7""},{""@Name"":""Old Value"",""#text"":""Default\\ProductAppDataPath = C:\\ProgramData\\Microsoft\\Windows Defender""},{""@Name"":""New Value"",""#text"":""HKLM\\SOFTWARE\\Microsoft\\Windows Defender\\ProductAppDataPath = C:\\ProgramData\\Microsoft\\Windows Defender""}]}}"
174,174,2025-07-28 23:14:41.4336886,1150,Info,Microsoft-Windows-Windows Defender,Microsoft-Windows-Windows Defender/Operational,2488,2704,DESKTOP-5A3QN5S,1,S-1-5-18,Defender is up and running in a healthy state,,,"Signature Version: ",,,,,,,False,C:\Users\VM\Desktop\WindowsDefender.evtx,Classic,0,"{""EventData"":{""Data"":[{""@Name"":""Product Name"",""#text"":""Microsoft Defender Antivirus""},{""@Name"":""Platform version"",""#text"":""4.18.25060.7""},{""@Name"":""Unused""},{""@Name"":""Engine version"",""#text"":""1.1.25060.6""},{""@Name"":""Security intelligence version"",""#text"":""1.433.125.0""}]}}"
175,175,2025-07-28 23:14:41.4566816,1151,Info,Microsoft-Windows-Windows Defender,Microsoft-Windows-Windows Defender/Operational,2488,2704,DESKTOP-5A3QN5S,2,S-1-5-18,,,,,,,,,,,False,C:\Users\VM\Desktop\WindowsDefender.evtx,Classic,0,"{""EventData"":{""Data"":[{""@Name"":""Product Name"",""#text"":""Microsoft Defender Antivirus""},{""@Name"":""Platform version"",""#text"":""4.18.25060.7""},{""@Name"":""Unused""},{""@Name"":""Engine version"",""#text"":""1.1.25060.6""},{""@Name"":""NRI engine version"",""#text"":""1.1.25060.6""},{""@Name"":""AV security intelligence version"",""#text"":""1.433.125.0""},{""@Name"":""AS security intelligence version"",""#text"":""1.433.125.0""},{""@Name"":""NRI security intelligence version"",""#text"":""1.433.125.0""},{""@Name"":""RTP state"",""#text"":""Enabled""},{""@Name"":""OA state"",""#text"":""Enabled""},{""@Name"":""IOAV state"",""#text"":""Enabled""},{""@Name"":""BM state"",""#text"":""Enabled""},{""@Name"":""Last AV security intelligence age"",""#text"":""0""},{""@Name"":""Last AS security intelligence age"",""#text"":""0""},{""@Name"":""Last quick scan age"",""#text"":""4294967295""},{""@Name"":""Last full scan age"",""#text"":""4294967295""},{""@Name"":""AV security intelligence creation time"",""#text"":""2025-07-28T16:23:48Z""},{""@Name"":""AS security intelligence creation time"",""#text"":""2025-07-28T16:23:49Z""},{""@Name"":""Last quick scan start time"",""#text"":""1601-01-01T00:00:00Z""},{""@Name"":""Last quick scan end time"",""#text"":""1601-01-01T00:00:00Z""},{""@Name"":""Last quick scan source"",""#text"":""0""},{""@Name"":""Last full scan start time"",""#text"":""1601-01-01T00:00:00Z""},{""@Name"":""Last full scan end time"",""#text"":""1601-01-01T00:00:00Z""},{""@Name"":""Last full scan source"",""#text"":""0""},{""@Name"":""Product status"",""#text"":""0x00080000""},{""@Name"":""Latest engine version"",""#text"":""1.1.25060.6""},{""@Name"":""Engine up-to-date"",""#text"":""0""},{""@Name"":""Latest platform version"",""#text"":""4.18.25060.7""},{""@Name"":""Platform up-to-date"",""#text"":""1""}]}}"
176,176,2025-07-29 00:14:47.3118107,1150,Info,Microsoft-Windows-Windows Defender,Microsoft-Windows-Windows Defender/Operational,2488,4972,DESKTOP-5A3QN5S,2,S-1-5-18,Defender is up and running in a healthy state,,,"Signature Version: ",,,,,,,False,C:\Users\VM\Desktop\WindowsDefender.evtx,Classic,0,"{""EventData"":{""Data"":[{""@Name"":""Product Name"",""#text"":""Microsoft Defender Antivirus""},{""@Name"":""Platform version"",""#text"":""4.18.25060.7""},{""@Name"":""Unused""},{""@Name"":""Engine version"",""#text"":""1.1.25060.6""},{""@Name"":""Security intelligence version"",""#text"":""1.433.125.0""}]}}"
177,177,2025-07-29 00:14:47.3156489,1151,Info,Microsoft-Windows-Windows Defender,Microsoft-Windows-Windows Defender/Operational,2488,4972,DESKTOP-5A3QN5S,2,S-1-5-18,,,,,,,,,,,False,C:\Users\VM\Desktop\WindowsDefender.evtx,Classic,0,"{""EventData"":{""Data"":[{""@Name"":""Product Name"",""#text"":""Microsoft Defender Antivirus""},{""@Name"":""Platform version"",""#text"":""4.18.25060.7""},{""@Name"":""Unused""},{""@Name"":""Engine version"",""#text"":""1.1.25060.6""},{""@Name"":""NRI engine version"",""#text"":""1.1.25060.6""},{""@Name"":""AV security intelligence version"",""#text"":""1.433.125.0""},{""@Name"":""AS security intelligence version"",""#text"":""1.433.125.0""},{""@Name"":""NRI security intelligence version"",""#text"":""1.433.125.0""},{""@Name"":""RTP state"",""#text"":""Enabled""},{""@Name"":""OA state"",""#text"":""Enabled""},{""@Name"":""IOAV state"",""#text"":""Enabled""},{""@Name"":""BM state"",""#text"":""Enabled""},{""@Name"":""Last AV security intelligence age"",""#text"":""0""},{""@Name"":""Last AS security intelligence age"",""#text"":""0""},{""@Name"":""Last quick scan age"",""#text"":""4294967295""},{""@Name"":""Last full scan age"",""#text"":""4294967295""},{""@Name"":""AV security intelligence creation time"",""#text"":""2025-07-28T16:23:48Z""},{""@Name"":""AS security intelligence creation time"",""#text"":""2025-07-28T16:23:49Z""},{""@Name"":""Last quick scan start time"",""#text"":""1601-01-01T00:00:00Z""},{""@Name"":""Last quick scan end time"",""#text"":""1601-01-01T00:00:00Z""},{""@Name"":""Last quick scan source"",""#text"":""0""},{""@Name"":""Last full scan start time"",""#text"":""1601-01-01T00:00:00Z""},{""@Name"":""Last full scan end time"",""#text"":""1601-01-01T00:00:00Z""},{""@Name"":""Last full scan source"",""#text"":""0""},{""@Name"":""Product status"",""#text"":""0x00080000""},{""@Name"":""Latest engine version"",""#text"":""1.1.25060.6""},{""@Name"":""Engine up-to-date"",""#text"":""0""},{""@Name"":""Latest platform version"",""#text"":""4.18.25060.7""},{""@Name"":""Platform up-to-date"",""#text"":""1""}]}}"
178,178,2025-07-29 01:15:03.4029231,1150,Info,Microsoft-Windows-Windows Defender,Microsoft-Windows-Windows Defender/Operational,2488,4888,DESKTOP-5A3QN5S,2,S-1-5-18,Defender is up and running in a healthy state,,,"Signature Version: ",,,,,,,False,C:\Users\VM\Desktop\WindowsDefender.evtx,Classic,0,"{""EventData"":{""Data"":[{""@Name"":""Product Name"",""#text"":""Microsoft Defender Antivirus""},{""@Name"":""Platform version"",""#text"":""4.18.25060.7""},{""@Name"":""Unused""},{""@Name"":""Engine version"",""#text"":""1.1.25060.6""},{""@Name"":""Security intelligence version"",""#text"":""1.433.125.0""}]}}"
179,179,2025-07-29 01:15:03.4354727,1151,Info,Microsoft-Windows-Windows Defender,Microsoft-Windows-Windows Defender/Operational,2488,4888,DESKTOP-5A3QN5S,2,S-1-5-18,,,,,,,,,,,False,C:\Users\VM\Desktop\WindowsDefender.evtx,Classic,0,"{""EventData"":{""Data"":[{""@Name"":""Product Name"",""#text"":""Microsoft Defender Antivirus""},{""@Name"":""Platform version"",""#text"":""4.18.25060.7""},{""@Name"":""Unused""},{""@Name"":""Engine version"",""#text"":""1.1.25060.6""},{""@Name"":""NRI engine version"",""#text"":""1.1.25060.6""},{""@Name"":""AV security intelligence version"",""#text"":""1.433.125.0""},{""@Name"":""AS security intelligence version"",""#text"":""1.433.125.0""},{""@Name"":""NRI security intelligence version"",""#text"":""1.433.125.0""},{""@Name"":""RTP state"",""#text"":""Enabled""},{""@Name"":""OA state"",""#text"":""Enabled""},{""@Name"":""IOAV state"",""#text"":""Enabled""},{""@Name"":""BM state"",""#text"":""Enabled""},{""@Name"":""Last AV security intelligence age"",""#text"":""0""},{""@Name"":""Last AS security intelligence age"",""#text"":""0""},{""@Name"":""Last quick scan age"",""#text"":""4294967295""},{""@Name"":""Last full scan age"",""#text"":""4294967295""},{""@Name"":""AV security intelligence creation time"",""#text"":""2025-07-28T16:23:48Z""},{""@Name"":""AS security intelligence creation time"",""#text"":""2025-07-28T16:23:49Z""},{""@Name"":""Last quick scan start time"",""#text"":""1601-01-01T00:00:00Z""},{""@Name"":""Last quick scan end time"",""#text"":""1601-01-01T00:00:00Z""},{""@Name"":""Last quick scan source"",""#text"":""0""},{""@Name"":""Last full scan start time"",""#text"":""1601-01-01T00:00:00Z""},{""@Name"":""Last full scan end time"",""#text"":""1601-01-01T00:00:00Z""},{""@Name"":""Last full scan source"",""#text"":""0""},{""@Name"":""Product status"",""#text"":""0x00080000""},{""@Name"":""Latest engine version"",""#text"":""1.1.25060.6""},{""@Name"":""Engine up-to-date"",""#text"":""0""},{""@Name"":""Latest platform version"",""#text"":""4.18.25060.7""},{""@Name"":""Platform up-to-date"",""#text"":""1""}]}}"
180,180,2025-07-29 02:14:28.6511947,1150,Info,Microsoft-Windows-Windows Defender,Microsoft-Windows-Windows Defender/Operational,2488,2352,DESKTOP-5A3QN5S,2,S-1-5-18,Defender is up and running in a healthy state,,,"Signature Version: ",,,,,,,False,C:\Users\VM\Desktop\WindowsDefender.evtx,Classic,0,"{""EventData"":{""Data"":[{""@Name"":""Product Name"",""#text"":""Microsoft Defender Antivirus""},{""@Name"":""Platform version"",""#text"":""4.18.25060.7""},{""@Name"":""Unused""},{""@Name"":""Engine version"",""#text"":""1.1.25060.6""},{""@Name"":""Security intelligence version"",""#text"":""1.433.125.0""}]}}"
181,181,2025-07-29 02:14:28.6540072,1151,Info,Microsoft-Windows-Windows Defender,Microsoft-Windows-Windows Defender/Operational,2488,2352,DESKTOP-5A3QN5S,2,S-1-5-18,,,,,,,,,,,False,C:\Users\VM\Desktop\WindowsDefender.evtx,Classic,0,"{""EventData"":{""Data"":[{""@Name"":""Product Name"",""#text"":""Microsoft Defender Antivirus""},{""@Name"":""Platform version"",""#text"":""4.18.25060.7""},{""@Name"":""Unused""},{""@Name"":""Engine version"",""#text"":""1.1.25060.6""},{""@Name"":""NRI engine version"",""#text"":""1.1.25060.6""},{""@Name"":""AV security intelligence version"",""#text"":""1.433.125.0""},{""@Name"":""AS security intelligence version"",""#text"":""1.433.125.0""},{""@Name"":""NRI security intelligence version"",""#text"":""1.433.125.0""},{""@Name"":""RTP state"",""#text"":""Enabled""},{""@Name"":""OA state"",""#text"":""Enabled""},{""@Name"":""IOAV state"",""#text"":""Enabled""},{""@Name"":""BM state"",""#text"":""Enabled""},{""@Name"":""Last AV security intelligence age"",""#text"":""0""},{""@Name"":""Last AS security intelligence age"",""#text"":""0""},{""@Name"":""Last quick scan age"",""#text"":""4294967295""},{""@Name"":""Last full scan age"",""#text"":""4294967295""},{""@Name"":""AV security intelligence creation time"",""#text"":""2025-07-28T16:23:48Z""},{""@Name"":""AS security intelligence creation time"",""#text"":""2025-07-28T16:23:49Z""},{""@Name"":""Last quick scan start time"",""#text"":""1601-01-01T00:00:00Z""},{""@Name"":""Last quick scan end time"",""#text"":""1601-01-01T00:00:00Z""},{""@Name"":""Last quick scan source"",""#text"":""0""},{""@Name"":""Last full scan start time"",""#text"":""1601-01-01T00:00:00Z""},{""@Name"":""Last full scan end time"",""#text"":""1601-01-01T00:00:00Z""},{""@Name"":""Last full scan source"",""#text"":""0""},{""@Name"":""Product status"",""#text"":""0x00080000""},{""@Name"":""Latest engine version"",""#text"":""1.1.25060.6""},{""@Name"":""Engine up-to-date"",""#text"":""0""},{""@Name"":""Latest platform version"",""#text"":""4.18.25060.7""},{""@Name"":""Platform up-to-date"",""#text"":""1""}]}}"
182,182,2025-07-29 03:14:10.4003648,1150,Info,Microsoft-Windows-Windows Defender,Microsoft-Windows-Windows Defender/Operational,2488,4888,DESKTOP-5A3QN5S,2,S-1-5-18,Defender is up and running in a healthy state,,,"Signature Version: ",,,,,,,False,C:\Users\VM\Desktop\WindowsDefender.evtx,Classic,0,"{""EventData"":{""Data"":[{""@Name"":""Product Name"",""#text"":""Microsoft Defender Antivirus""},{""@Name"":""Platform version"",""#text"":""4.18.25060.7""},{""@Name"":""Unused""},{""@Name"":""Engine version"",""#text"":""1.1.25060.6""},{""@Name"":""Security intelligence version"",""#text"":""1.433.125.0""}]}}"
183,183,2025-07-29 03:14:10.4022543,1151,Info,Microsoft-Windows-Windows Defender,Microsoft-Windows-Windows Defender/Operational,2488,4888,DESKTOP-5A3QN5S,2,S-1-5-18,,,,,,,,,,,False,C:\Users\VM\Desktop\WindowsDefender.evtx,Classic,0,"{""EventData"":{""Data"":[{""@Name"":""Product Name"",""#text"":""Microsoft Defender Antivirus""},{""@Name"":""Platform version"",""#text"":""4.18.25060.7""},{""@Name"":""Unused""},{""@Name"":""Engine version"",""#text"":""1.1.25060.6""},{""@Name"":""NRI engine version"",""#text"":""1.1.25060.6""},{""@Name"":""AV security intelligence version"",""#text"":""1.433.125.0""},{""@Name"":""AS security intelligence version"",""#text"":""1.433.125.0""},{""@Name"":""NRI security intelligence version"",""#text"":""1.433.125.0""},{""@Name"":""RTP state"",""#text"":""Enabled""},{""@Name"":""OA state"",""#text"":""Enabled""},{""@Name"":""IOAV state"",""#text"":""Enabled""},{""@Name"":""BM state"",""#text"":""Enabled""},{""@Name"":""Last AV security intelligence age"",""#text"":""0""},{""@Name"":""Last AS security intelligence age"",""#text"":""0""},{""@Name"":""Last quick scan age"",""#text"":""4294967295""},{""@Name"":""Last full scan age"",""#text"":""4294967295""},{""@Name"":""AV security intelligence creation time"",""#text"":""2025-07-28T16:23:48Z""},{""@Name"":""AS security intelligence creation time"",""#text"":""2025-07-28T16:23:49Z""},{""@Name"":""Last quick scan start time"",""#text"":""1601-01-01T00:00:00Z""},{""@Name"":""Last quick scan end time"",""#text"":""1601-01-01T00:00:00Z""},{""@Name"":""Last quick scan source"",""#text"":""0""},{""@Name"":""Last full scan start time"",""#text"":""1601-01-01T00:00:00Z""},{""@Name"":""Last full scan end time"",""#text"":""1601-01-01T00:00:00Z""},{""@Name"":""Last full scan source"",""#text"":""0""},{""@Name"":""Product status"",""#text"":""0x00080000""},{""@Name"":""Latest engine version"",""#text"":""1.1.25060.6""},{""@Name"":""Engine up-to-date"",""#text"":""0""},{""@Name"":""Latest platform version"",""#text"":""4.18.25060.7""},{""@Name"":""Platform up-to-date"",""#text"":""1""}]}}"
184,184,2025-07-29 04:14:28.7728593,1150,Info,Microsoft-Windows-Windows Defender,Microsoft-Windows-Windows Defender/Operational,2488,2704,DESKTOP-5A3QN5S,2,S-1-5-18,Defender is up and running in a healthy state,,,"Signature Version: ",,,,,,,False,C:\Users\VM\Desktop\WindowsDefender.evtx,Classic,0,"{""EventData"":{""Data"":[{""@Name"":""Product Name"",""#text"":""Microsoft Defender Antivirus""},{""@Name"":""Platform version"",""#text"":""4.18.25060.7""},{""@Name"":""Unused""},{""@Name"":""Engine version"",""#text"":""1.1.25060.6""},{""@Name"":""Security intelligence version"",""#text"":""1.433.125.0""}]}}"
