185,185,2025-07-29 04:14:28.7749749,1151,Info,Microsoft-Windows-Windows Defender,Microsoft-Windows-Windows Defender/Operational,2488,2704,DESKTOP-5A3QN5S,2,S-1-5-18,,,,,,,,,,,False,C:\Users\VM\Desktop\WindowsDefender.evtx,Classic,0,"{""EventData"":{""Data"":[{""@Name"":""Product Name"",""#text"":""Microsoft Defender Antivirus""},{""@Name"":""Platform version"",""#text"":""4.18.25060.7""},{""@Name"":""Unused""},{""@Name"":""Engine version"",""#text"":""1.1.25060.6""},{""@Name"":""NRI engine version"",""#text"":""1.1.25060.6""},{""@Name"":""AV security intelligence version"",""#text"":""1.433.125.0""},{""@Name"":""AS security intelligence version"",""#text"":""1.433.125.0""},{""@Name"":""NRI security intelligence version"",""#text"":""1.433.125.0""},{""@Name"":""RTP state"",""#text"":""Enabled""},{""@Name"":""OA state"",""#text"":""Enabled""},{""@Name"":""IOAV state"",""#text"":""Enabled""},{""@Name"":""BM state"",""#text"":""Enabled""},{""@Name"":""Last AV security intelligence age"",""#text"":""0""},{""@Name"":""Last AS security intelligence age"",""#text"":""0""},{""@Name"":""Last quick scan age"",""#text"":""4294967295""},{""@Name"":""Last full scan age"",""#text"":""4294967295""},{""@Name"":""AV security intelligence creation time"",""#text"":""2025-07-28T16:23:48Z""},{""@Name"":""AS security intelligence creation time"",""#text"":""2025-07-28T16:23:49Z""},{""@Name"":""Last quick scan start time"",""#text"":""1601-01-01T00:00:00Z""},{""@Name"":""Last quick scan end time"",""#text"":""1601-01-01T00:00:00Z""},{""@Name"":""Last quick scan source"",""#text"":""0""},{""@Name"":""Last full scan start time"",""#text"":""1601-01-01T00:00:00Z""},{""@Name"":""Last full scan end time"",""#text"":""1601-01-01T00:00:00Z""},{""@Name"":""Last full scan source"",""#text"":""0""},{""@Name"":""Product status"",""#text"":""0x00080000""},{""@Name"":""Latest engine version"",""#text"":""1.1.25060.6""},{""@Name"":""Engine up-to-date"",""#text"":""0""},{""@Name"":""Latest platform version"",""#text"":""4.18.25060.7""},{""@Name"":""Platform up-to-date"",""#text"":""1""}]}}"
186,186,2025-07-29 05:14:37.8663435,1150,Info,Microsoft-Windows-Windows Defender,Microsoft-Windows-Windows Defender/Operational,2488,2704,DESKTOP-5A3QN5S,2,S-1-5-18,Defender is up and running in a healthy state,,,"Signature Version: ",,,,,,,False,C:\Users\VM\Desktop\WindowsDefender.evtx,Classic,0,"{""EventData"":{""Data"":[{""@Name"":""Product Name"",""#text"":""Microsoft Defender Antivirus""},{""@Name"":""Platform version"",""#text"":""4.18.25060.7""},{""@Name"":""Unused""},{""@Name"":""Engine version"",""#text"":""1.1.25060.6""},{""@Name"":""Security intelligence version"",""#text"":""1.433.125.0""}]}}"
187,187,2025-07-29 05:14:37.8731716,1151,Info,Microsoft-Windows-Windows Defender,Microsoft-Windows-Windows Defender/Operational,2488,2704,DESKTOP-5A3QN5S,2,S-1-5-18,,,,,,,,,,,False,C:\Users\VM\Desktop\WindowsDefender.evtx,Classic,0,"{""EventData"":{""Data"":[{""@Name"":""Product Name"",""#text"":""Microsoft Defender Antivirus""},{""@Name"":""Platform version"",""#text"":""4.18.25060.7""},{""@Name"":""Unused""},{""@Name"":""Engine version"",""#text"":""1.1.25060.6""},{""@Name"":""NRI engine version"",""#text"":""1.1.25060.6""},{""@Name"":""AV security intelligence version"",""#text"":""1.433.125.0""},{""@Name"":""AS security intelligence version"",""#text"":""1.433.125.0""},{""@Name"":""NRI security intelligence version"",""#text"":""1.433.125.0""},{""@Name"":""RTP state"",""#text"":""Enabled""},{""@Name"":""OA state"",""#text"":""Enabled""},{""@Name"":""IOAV state"",""#text"":""Enabled""},{""@Name"":""BM state"",""#text"":""Enabled""},{""@Name"":""Last AV security intelligence age"",""#text"":""0""},{""@Name"":""Last AS security intelligence age"",""#text"":""0""},{""@Name"":""Last quick scan age"",""#text"":""4294967295""},{""@Name"":""Last full scan age"",""#text"":""4294967295""},{""@Name"":""AV security intelligence creation time"",""#text"":""2025-07-28T16:23:48Z""},{""@Name"":""AS security intelligence creation time"",""#text"":""2025-07-28T16:23:49Z""},{""@Name"":""Last quick scan start time"",""#text"":""1601-01-01T00:00:00Z""},{""@Name"":""Last quick scan end time"",""#text"":""1601-01-01T00:00:00Z""},{""@Name"":""Last quick scan source"",""#text"":""0""},{""@Name"":""Last full scan start time"",""#text"":""1601-01-01T00:00:00Z""},{""@Name"":""Last full scan end time"",""#text"":""1601-01-01T00:00:00Z""},{""@Name"":""Last full scan source"",""#text"":""0""},{""@Name"":""Product status"",""#text"":""0x00080000""},{""@Name"":""Latest engine version"",""#text"":""1.1.25060.6""},{""@Name"":""Engine up-to-date"",""#text"":""0""},{""@Name"":""Latest platform version"",""#text"":""4.18.25060.7""},{""@Name"":""Platform up-to-date"",""#text"":""1""}]}}"
188,188,2025-07-29 06:14:17.4031478,1150,Info,Microsoft-Windows-Windows Defender,Microsoft-Windows-Windows Defender/Operational,2488,2704,DESKTOP-5A3QN5S,2,S-1-5-18,Defender is up and running in a healthy state,,,"Signature Version: ",,,,,,,False,C:\Users\VM\Desktop\WindowsDefender.evtx,Classic,0,"{""EventData"":{""Data"":[{""@Name"":""Product Name"",""#text"":""Microsoft Defender Antivirus""},{""@Name"":""Platform version"",""#text"":""4.18.25060.7""},{""@Name"":""Unused""},{""@Name"":""Engine version"",""#text"":""1.1.25060.6""},{""@Name"":""Security intelligence version"",""#text"":""1.433.125.0""}]}}"
189,189,2025-07-29 06:14:17.4062318,1151,Info,Microsoft-Windows-Windows Defender,Microsoft-Windows-Windows Defender/Operational,2488,2704,DESKTOP-5A3QN5S,2,S-1-5-18,,,,,,,,,,,False,C:\Users\VM\Desktop\WindowsDefender.evtx,Classic,0,"{""EventData"":{""Data"":[{""@Name"":""Product Name"",""#text"":""Microsoft Defender Antivirus""},{""@Name"":""Platform version"",""#text"":""4.18.25060.7""},{""@Name"":""Unused""},{""@Name"":""Engine version"",""#text"":""1.1.25060.6""},{""@Name"":""NRI engine version"",""#text"":""1.1.25060.6""},{""@Name"":""AV security intelligence version"",""#text"":""1.433.125.0""},{""@Name"":""AS security intelligence version"",""#text"":""1.433.125.0""},{""@Name"":""NRI security intelligence version"",""#text"":""1.433.125.0""},{""@Name"":""RTP state"",""#text"":""Enabled""},{""@Name"":""OA state"",""#text"":""Enabled""},{""@Name"":""IOAV state"",""#text"":""Enabled""},{""@Name"":""BM state"",""#text"":""Enabled""},{""@Name"":""Last AV security intelligence age"",""#text"":""0""},{""@Name"":""Last AS security intelligence age"",""#text"":""0""},{""@Name"":""Last quick scan age"",""#text"":""4294967295""},{""@Name"":""Last full scan age"",""#text"":""4294967295""},{""@Name"":""AV security intelligence creation time"",""#text"":""2025-07-28T16:23:48Z""},{""@Name"":""AS security intelligence creation time"",""#text"":""2025-07-28T16:23:49Z""},{""@Name"":""Last quick scan start time"",""#text"":""1601-01-01T00:00:00Z""},{""@Name"":""Last quick scan end time"",""#text"":""1601-01-01T00:00:00Z""},{""@Name"":""Last quick scan source"",""#text"":""0""},{""@Name"":""Last full scan start time"",""#text"":""1601-01-01T00:00:00Z""},{""@Name"":""Last full scan end time"",""#text"":""1601-01-01T00:00:00Z""},{""@Name"":""Last full scan source"",""#text"":""0""},{""@Name"":""Product status"",""#text"":""0x00080000""},{""@Name"":""Latest engine version"",""#text"":""1.1.25060.6""},{""@Name"":""Engine up-to-date"",""#text"":""0""},{""@Name"":""Latest platform version"",""#text"":""4.18.25060.7""},{""@Name"":""Platform up-to-date"",""#text"":""1""}]}}"
190,190,2025-07-29 07:14:23.4281865,5007,Info,Microsoft-Windows-Windows Defender,Microsoft-Windows-Windows Defender/Operational,2488,1372,DESKTOP-5A3QN5S,2,S-1-5-18,The antimalware platform configuration changed,,,Old Value: HKLM\SOFTWARE\Microsoft\Windows Defender\Diagnostics\CleanupComponentProgress = CleanupCompleted,New Value: HKLM\SOFTWARE\Microsoft\Windows Defender\Diagnostics\CleanupComponentProgress = UninitializeSpyNetManager,,,,,,False,C:\Users\VM\Desktop\WindowsDefender.evtx,Classic,0,"{""EventData"":{""Data"":[{""@Name"":""Product Name"",""#text"":""Microsoft Defender Antivirus""},{""@Name"":""Product Version"",""#text"":""4.18.25060.7""},{""@Name"":""Old Value"",""#text"":""HKLM\\SOFTWARE\\Microsoft\\Windows Defender\\Diagnostics\\CleanupComponentProgress = CleanupCompleted""},{""@Name"":""New Value"",""#text"":""HKLM\\SOFTWARE\\Microsoft\\Windows Defender\\Diagnostics\\CleanupComponentProgress = UninitializeSpyNetManager""}]}}"
191,191,2025-07-29 07:14:23.9368964,5007,Info,Microsoft-Windows-Windows Defender,Microsoft-Windows-Windows Defender/Operational,2488,1372,DESKTOP-5A3QN5S,2,S-1-5-18,The antimalware platform configuration changed,,,Old Value: HKLM\SOFTWARE\Microsoft\Windows Defender\Diagnostics\CleanupComponentProgress = UninitializeSpyNetManager,New Value: HKLM\SOFTWARE\Microsoft\Windows Defender\Diagnostics\CleanupComponentProgress = CleanupEngine,,,,,,False,C:\Users\VM\Desktop\WindowsDefender.evtx,Classic,0,"{""EventData"":{""Data"":[{""@Name"":""Product Name"",""#text"":""Microsoft Defender Antivirus""},{""@Name"":""Product Version"",""#text"":""4.18.25060.7""},{""@Name"":""Old Value"",""#text"":""HKLM\\SOFTWARE\\Microsoft\\Windows Defender\\Diagnostics\\CleanupComponentProgress = UninitializeSpyNetManager""},{""@Name"":""New Value"",""#text"":""HKLM\\SOFTWARE\\Microsoft\\Windows Defender\\Diagnostics\\CleanupComponentProgress = CleanupEngine""}]}}"
192,192,2025-07-29 07:19:47.6767569,5007,Info,Microsoft-Windows-Windows Defender,Microsoft-Windows-Windows Defender/Operational,2332,2592,DESKTOP-5A3QN5S,2,S-1-5-18,The antimalware platform configuration changed,,,Old Value: Default\IsServiceRunning = 0x0,New Value: HKLM\SOFTWARE\Microsoft\Windows Defender\IsServiceRunning = 0x1,,,,,,False,C:\Users\VM\Desktop\WindowsDefender.evtx,Classic,0,"{""EventData"":{""Data"":[{""@Name"":""Product Name"",""#text"":""Microsoft Defender Antivirus""},{""@Name"":""Product Version"",""#text"":""4.18.25060.7""},{""@Name"":""Old Value"",""#text"":""Default\\IsServiceRunning = 0x0""},{""@Name"":""New Value"",""#text"":""HKLM\\SOFTWARE\\Microsoft\\Windows Defender\\IsServiceRunning = 0x1""}]}}"
193,193,2025-07-29 07:19:47.6810431,5007,Info,Microsoft-Windows-Windows Defender,Microsoft-Windows-Windows Defender/Operational,2332,2592,DESKTOP-5A3QN5S,2,S-1-5-18,The antimalware platform configuration changed,,,Old Value: HKLM\SOFTWARE\Microsoft\Windows Defender\CoreService\WdConfigHash = 0xA23573E3,New Value: HKLM\SOFTWARE\Microsoft\Windows Defender\CoreService\WdConfigHash = 0x8E83DB49,,,,,,False,C:\Users\VM\Desktop\WindowsDefender.evtx,Classic,0,"{""EventData"":{""Data"":[{""@Name"":""Product Name"",""#text"":""Microsoft Defender Antivirus""},{""@Name"":""Product Version"",""#text"":""4.18.25060.7""},{""@Name"":""Old Value"",""#text"":""HKLM\\SOFTWARE\\Microsoft\\Windows Defender\\CoreService\\WdConfigHash = 0xA23573E3""},{""@Name"":""New Value"",""#text"":""HKLM\\SOFTWARE\\Microsoft\\Windows Defender\\CoreService\\WdConfigHash = 0x8E83DB49""}]}}"
194,194,2025-07-29 07:19:47.6863659,5007,Info,Microsoft-Windows-Windows Defender,Microsoft-Windows-Windows Defender/Operational,2332,2592,DESKTOP-5A3QN5S,2,S-1-5-18,The antimalware platform configuration changed,,,Old Value: HKLM\SOFTWARE\Microsoft\Windows Defender\Diagnostics\InitializingComponentProgress = InitializeMiscConfigLibrary,New Value: HKLM\SOFTWARE\Microsoft\Windows Defender\Diagnostics\InitializingComponentProgress = PostPlatformUpdate,,,,,,False,C:\Users\VM\Desktop\WindowsDefender.evtx,Classic,0,"{""EventData"":{""Data"":[{""@Name"":""Product Name"",""#text"":""Microsoft Defender Antivirus""},{""@Name"":""Product Version"",""#text"":""4.18.25060.7""},{""@Name"":""Old Value"",""#text"":""HKLM\\SOFTWARE\\Microsoft\\Windows Defender\\Diagnostics\\InitializingComponentProgress = InitializeMiscConfigLibrary""},{""@Name"":""New Value"",""#text"":""HKLM\\SOFTWARE\\Microsoft\\Windows Defender\\Diagnostics\\InitializingComponentProgress = PostPlatformUpdate""}]}}"
195,195,2025-07-29 07:19:56.6015377,5007,Info,Microsoft-Windows-Windows Defender,Microsoft-Windows-Windows Defender/Operational,2332,2592,DESKTOP-5A3QN5S,2,S-1-5-18,The antimalware platform configuration changed,,,Old Value: Default\ServiceStartStates = 0x0,New Value: HKLM\SOFTWARE\Microsoft\Windows Defender\ServiceStartStates = 0x1,,,,,,False,C:\Users\VM\Desktop\WindowsDefender.evtx,Classic,0,"{""EventData"":{""Data"":[{""@Name"":""Product Name"",""#text"":""Microsoft Defender Antivirus""},{""@Name"":""Product Version"",""#text"":""4.18.25060.7""},{""@Name"":""Old Value"",""#text"":""Default\\ServiceStartStates = 0x0""},{""@Name"":""New Value"",""#text"":""HKLM\\SOFTWARE\\Microsoft\\Windows Defender\\ServiceStartStates = 0x1""}]}}"
196,196,2025-07-29 07:19:56.6032666,5007,Info,Microsoft-Windows-Windows Defender,Microsoft-Windows-Windows Defender/Operational,2332,2592,DESKTOP-5A3QN5S,2,S-1-5-18,The antimalware platform configuration changed,,,Old Value: HKLM\SOFTWARE\Microsoft\Windows Defender\Diagnostics\InitializingComponentProgress = PostPlatformUpdate,New Value: HKLM\SOFTWARE\Microsoft\Windows Defender\Diagnostics\InitializingComponentProgress = InitEventConfig,,,,,,False,C:\Users\VM\Desktop\WindowsDefender.evtx,Classic,0,"{""EventData"":{""Data"":[{""@Name"":""Product Name"",""#text"":""Microsoft Defender Antivirus""},{""@Name"":""Product Version"",""#text"":""4.18.25060.7""},{""@Name"":""Old Value"",""#text"":""HKLM\\SOFTWARE\\Microsoft\\Windows Defender\\Diagnostics\\InitializingComponentProgress = PostPlatformUpdate""},{""@Name"":""New Value"",""#text"":""HKLM\\SOFTWARE\\Microsoft\\Windows Defender\\Diagnostics\\InitializingComponentProgress = InitEventConfig""}]}}"
197,197,2025-07-29 07:19:57.2055398,5007,Info,Microsoft-Windows-Windows Defender,Microsoft-Windows-Windows Defender/Operational,2332,2592,DESKTOP-5A3QN5S,2,S-1-5-18,The antimalware platform configuration changed,,,Old Value: HKLM\SOFTWARE\Microsoft\Windows Defender\Diagnostics\InitializingComponentProgress = InitEventConfig,New Value: HKLM\SOFTWARE\Microsoft\Windows Defender\Diagnostics\InitializingComponentProgress = LoadingEngine,,,,,,False,C:\Users\VM\Desktop\WindowsDefender.evtx,Classic,0,"{""EventData"":{""Data"":[{""@Name"":""Product Name"",""#text"":""Microsoft Defender Antivirus""},{""@Name"":""Product Version"",""#text"":""4.18.25060.7""},{""@Name"":""Old Value"",""#text"":""HKLM\\SOFTWARE\\Microsoft\\Windows Defender\\Diagnostics\\InitializingComponentProgress = InitEventConfig""},{""@Name"":""New Value"",""#text"":""HKLM\\SOFTWARE\\Microsoft\\Windows Defender\\Diagnostics\\InitializingComponentProgress = LoadingEngine""}]}}"
198,198,2025-07-29 07:20:08.0759350,5007,Info,Microsoft-Windows-Windows Defender,Microsoft-Windows-Windows Defender/Operational,2332,2592,DESKTOP-5A3QN5S,2,S-1-5-18,The antimalware platform configuration changed,,,Old Value: HKLM\SOFTWARE\Microsoft\Windows Defender\CoreService\WdConfigHash = 0x8E83DB49,New Value: HKLM\SOFTWARE\Microsoft\Windows Defender\CoreService\WdConfigHash = 0xA23573E3,,,,,,False,C:\Users\VM\Desktop\WindowsDefender.evtx,Classic,0,"{""EventData"":{""Data"":[{""@Name"":""Product Name"",""#text"":""Microsoft Defender Antivirus""},{""@Name"":""Product Version"",""#text"":""4.18.25060.7""},{""@Name"":""Old Value"",""#text"":""HKLM\\SOFTWARE\\Microsoft\\Windows Defender\\CoreService\\WdConfigHash = 0x8E83DB49""},{""@Name"":""New Value"",""#text"":""HKLM\\SOFTWARE\\Microsoft\\Windows Defender\\CoreService\\WdConfigHash = 0xA23573E3""}]}}"
199,199,2025-07-29 07:20:08.0810683,5007,Info,Microsoft-Windows-Windows Defender,Microsoft-Windows-Windows Defender/Operational,2332,2592,DESKTOP-5A3QN5S,2,S-1-5-18,The antimalware platform configuration changed,,,Old Value: HKLM\SOFTWARE\Microsoft\Windows Defender\Diagnostics\InitializingComponentProgress = LoadingEngine,New Value: HKLM\SOFTWARE\Microsoft\Windows Defender\Diagnostics\InitializingComponentProgress = ServiceStartedSuccessfully,,,,,,False,C:\Users\VM\Desktop\WindowsDefender.evtx,Classic,0,"{""EventData"":{""Data"":[{""@Name"":""Product Name"",""#text"":""Microsoft Defender Antivirus""},{""@Name"":""Product Version"",""#text"":""4.18.25060.7""},{""@Name"":""Old Value"",""#text"":""HKLM\\SOFTWARE\\Microsoft\\Windows Defender\\Diagnostics\\InitializingComponentProgress = LoadingEngine""},{""@Name"":""New Value"",""#text"":""HKLM\\SOFTWARE\\Microsoft\\Windows Defender\\Diagnostics\\InitializingComponentProgress = ServiceStartedSuccessfully""}]}}"
200,200,2025-07-29 07:20:47.6683105,5007,Info,Microsoft-Windows-Windows Defender,Microsoft-Windows-Windows Defender/Operational,2332,3904,DESKTOP-5A3QN5S,2,S-1-5-18,The antimalware platform configuration changed,,,Old Value: HKLM\SOFTWARE\Microsoft\Windows Defender\ServiceStartStates = 0x1,New Value: Default\ServiceStartStates = 0x0,,,,,,False,C:\Users\VM\Desktop\WindowsDefender.evtx,Classic,0,"{""EventData"":{""Data"":[{""@Name"":""Product Name"",""#text"":""Microsoft Defender Antivirus""},{""@Name"":""Product Version"",""#text"":""4.18.25060.7""},{""@Name"":""Old Value"",""#text"":""HKLM\\SOFTWARE\\Microsoft\\Windows Defender\\ServiceStartStates = 0x1""},{""@Name"":""New Value"",""#text"":""Default\\ServiceStartStates = 0x0""}]}}"
201,201,2025-07-29 07:20:47.6683196,5007,Info,Microsoft-Windows-Windows Defender,Microsoft-Windows-Windows Defender/Operational,2332,3904,DESKTOP-5A3QN5S,2,S-1-5-18,The antimalware platform configuration changed,,,Old Value: Default\ProductAppDataPath = C:\ProgramData\Microsoft\Windows Defender,New Value: HKLM\SOFTWARE\Microsoft\Windows Defender\ProductAppDataPath = C:\ProgramData\Microsoft\Windows Defender,,,,,,False,C:\Users\VM\Desktop\WindowsDefender.evtx,Classic,0,"{""EventData"":{""Data"":[{""@Name"":""Product Name"",""#text"":""Microsoft Defender Antivirus""},{""@Name"":""Product Version"",""#text"":""4.18.25060.7""},{""@Name"":""Old Value"",""#text"":""Default\\ProductAppDataPath = C:\\ProgramData\\Microsoft\\Windows Defender""},{""@Name"":""New Value"",""#text"":""HKLM\\SOFTWARE\\Microsoft\\Windows Defender\\ProductAppDataPath = C:\\ProgramData\\Microsoft\\Windows Defender""}]}}"
202,202,2025-07-29 07:30:38.8357700,2000,Info,Microsoft-Windows-Windows Defender,Microsoft-Windows-Windows Defender/Operational,2332,4872,DESKTOP-5A3QN5S,2,S-1-5-18,Update - The antimalware definitions updated successfully,NT AUTHORITY\SYSTEM,,"Current: ","Current: ",Product Version: 4.18.25060.7,,,,,False,C:\Users\VM\Desktop\WindowsDefender.evtx,Classic,0,"{""EventData"":{""Data"":[{""@Name"":""Product Name"",""#text"":""Microsoft Defender Antivirus""},{""@Name"":""Product Version"",""#text"":""4.18.25060.7""},{""@Name"":""Current security intelligence Version"",""#text"":""1.433.130.0""},{""@Name"":""Previous security intelligence Version"",""#text"":""1.433.125.0""},{""@Name"":""Unused""},{""@Name"":""Unused2""},{""@Name"":""Unused3""},{""@Name"":""Domain"",""#text"":""NT AUTHORITY""},{""@Name"":""User"",""#text"":""SYSTEM""},{""@Name"":""SID"",""#text"":""S-1-5-18""},{""@Name"":""Security intelligence Type Index"",""#text"":""1""},{""@Name"":""Security intelligence Type"",""#text"":""AntiVirus""},{""@Name"":""Update Type Index"",""#text"":""2""},{""@Name"":""Update Type"",""#text"":""Delta""},{""@Name"":""Current Engine Version"",""#text"":""1.1.25060.6""},{""@Name"":""Previous Engine Version"",""#text"":""1.1.25060.6""}]}}"
203,203,2025-07-29 07:30:38.8375503,2000,Info,Microsoft-Windows-Windows Defender,Microsoft-Windows-Windows Defender/Operational,2332,4872,DESKTOP-5A3QN5S,2,S-1-5-18,Update - The antimalware definitions updated successfully,NT AUTHORITY\SYSTEM,,"Current: ","Current: ",Product Version: 4.18.25060.7,,,,,False,C:\Users\VM\Desktop\WindowsDefender.evtx,Classic,0,"{""EventData"":{""Data"":[{""@Name"":""Product Name"",""#text"":""Microsoft Defender Antivirus""},{""@Name"":""Product Version"",""#text"":""4.18.25060.7""},{""@Name"":""Current security intelligence Version"",""#text"":""1.433.130.0""},{""@Name"":""Previous security intelligence Version"",""#text"":""1.433.125.0""},{""@Name"":""Unused""},{""@Name"":""Unused2""},{""@Name"":""Unused3""},{""@Name"":""Domain"",""#text"":""NT AUTHORITY""},{""@Name"":""User"",""#text"":""SYSTEM""},{""@Name"":""SID"",""#text"":""S-1-5-18""},{""@Name"":""Security intelligence Type Index"",""#text"":""2""},{""@Name"":""Security intelligence Type"",""#text"":""AntiSpyware""},{""@Name"":""Update Type Index"",""#text"":""2""},{""@Name"":""Update Type"",""#text"":""Delta""},{""@Name"":""Current Engine Version"",""#text"":""1.1.25060.6""},{""@Name"":""Previous Engine Version"",""#text"":""1.1.25060.6""}]}}"
204,204,2025-07-29 07:30:39.2133173,5007,Info,Microsoft-Windows-Windows Defender,Microsoft-Windows-Windows Defender/Operational,2332,2596,DESKTOP-5A3QN5S,2,S-1-5-18,The antimalware platform configuration changed,,,Old Value: HKLM\SOFTWARE\Microsoft\Windows Defender\CoreService\WdConfigHash = 0xA23573E3,New Value: HKLM\SOFTWARE\Microsoft\Windows Defender\CoreService\WdConfigHash = 0xA56AE1F0,,,,,,False,C:\Users\VM\Desktop\WindowsDefender.evtx,Classic,0,"{""EventData"":{""Data"":[{""@Name"":""Product Name"",""#text"":""Microsoft Defender Antivirus""},{""@Name"":""Product Version"",""#text"":""4.18.25060.7""},{""@Name"":""Old Value"",""#text"":""HKLM\\SOFTWARE\\Microsoft\\Windows Defender\\CoreService\\WdConfigHash = 0xA23573E3""},{""@Name"":""New Value"",""#text"":""HKLM\\SOFTWARE\\Microsoft\\Windows Defender\\CoreService\\WdConfigHash = 0xA56AE1F0""}]}}"
205,205,2025-07-29 07:30:39.2164058,5007,Info,Microsoft-Windows-Windows Defender,Microsoft-Windows-Windows Defender/Operational,2332,2596,DESKTOP-5A3QN5S,2,S-1-5-18,The antimalware platform configuration changed,,,Old Value: Default\Diagnostics\LastSignatureUpdateResult = 0x0,New Value: HKLM\SOFTWARE\Microsoft\Windows Defender\Diagnostics\LastSignatureUpdateResult = 0x0,,,,,,False,C:\Users\VM\Desktop\WindowsDefender.evtx,Classic,728,"{""EventData"":{""Data"":[{""@Name"":""Product Name"",""#text"":""Microsoft Defender Antivirus""},{""@Name"":""Product Version"",""#text"":""4.18.25060.7""},{""@Name"":""Old Value"",""#text"":""Default\\Diagnostics\\LastSignatureUpdateResult = 0x0""},{""@Name"":""New Value"",""#text"":""HKLM\\SOFTWARE\\Microsoft\\Windows Defender\\Diagnostics\\LastSignatureUpdateResult = 0x0""}]}}"
206,206,2025-07-29 07:30:39.2257620,5007,Info,Microsoft-Windows-Windows Defender,Microsoft-Windows-Windows Defender/Operational,2332,2596,DESKTOP-5A3QN5S,2,S-1-5-18,The antimalware platform configuration changed,,,"Old Value: ",New Value: HKLM\SOFTWARE\Microsoft\Windows Defender\Features\Controls\50 = 0x0,,,,,,False,C:\Users\VM\Desktop\WindowsDefender.evtx,Classic,0,"{""EventData"":{""Data"":[{""@Name"":""Product Name"",""#text"":""Microsoft Defender Antivirus""},{""@Name"":""Product Version"",""#text"":""4.18.25060.7""},{""@Name"":""Old Value""},{""@Name"":""New Value"",""#text"":""HKLM\\SOFTWARE\\Microsoft\\Windows Defender\\Features\\Controls\\50 = 0x0""}]}}"
207,207,2025-07-29 07:50:30.1546349,5007,Info,Microsoft-Windows-Windows Defender,Microsoft-Windows-Windows Defender/Operational,2332,5800,DESKTOP-5A3QN5S,2,S-1-5-18,The antimalware platform configuration changed,,,"Old Value: ",New Value: HKLM\SOFTWARE\Microsoft\Windows Defender\Features\EcsConfigs\MpFC_RtpEnableDefenderConfigMonitoring = 0x1,,,,,,False,C:\Users\VM\Desktop\WindowsDefender.evtx,Classic,0,"{""EventData"":{""Data"":[{""@Name"":""Product Name"",""#text"":""Microsoft Defender Antivirus""},{""@Name"":""Product Version"",""#text"":""4.18.25060.7""},{""@Name"":""Old Value""},{""@Name"":""New Value"",""#text"":""HKLM\\SOFTWARE\\Microsoft\\Windows Defender\\Features\\EcsConfigs\\MpFC_RtpEnableDefenderConfigMonitoring = 0x1""}]}}"
208,208,2025-07-29 07:50:30.1546411,5007,Info,Microsoft-Windows-Windows Defender,Microsoft-Windows-Windows Defender/Operational,2332,5800,DESKTOP-5A3QN5S,2,S-1-5-18,The antimalware platform configuration changed,,,"Old Value: ",New Value: HKLM\SOFTWARE\Microsoft\Windows Defender\Features\EcsConfigs\MpFC_Md1dsMaxMemorySize = 0x8,,,,,,False,C:\Users\VM\Desktop\WindowsDefender.evtx,Classic,0,"{""EventData"":{""Data"":[{""@Name"":""Product Name"",""#text"":""Microsoft Defender Antivirus""},{""@Name"":""Product Version"",""#text"":""4.18.25060.7""},{""@Name"":""Old Value""},{""@Name"":""New Value"",""#text"":""HKLM\\SOFTWARE\\Microsoft\\Windows Defender\\Features\\EcsConfigs\\MpFC_Md1dsMaxMemorySize = 0x8""}]}}"
209,209,2025-07-29 07:50:30.1546459,5007,Info,Microsoft-Windows-Windows Defender,Microsoft-Windows-Windows Defender/Operational,2332,5800,DESKTOP-5A3QN5S,2,S-1-5-18,The antimalware platform configuration changed,,,"Old Value: ",New Value: HKLM\SOFTWARE\Microsoft\Windows Defender\Features\EcsConfigs\MdDisableResController = 0x0,,,,,,False,C:\Users\VM\Desktop\WindowsDefender.evtx,Classic,0,"{""EventData"":{""Data"":[{""@Name"":""Product Name"",""#text"":""Microsoft Defender Antivirus""},{""@Name"":""Product Version"",""#text"":""4.18.25060.7""},{""@Name"":""Old Value""},{""@Name"":""New Value"",""#text"":""HKLM\\SOFTWARE\\Microsoft\\Windows Defender\\Features\\EcsConfigs\\MdDisableResController = 0x0""}]}}"
210,210,2025-07-29 07:50:30.1546495,5007,Info,Microsoft-Windows-Windows Defender,Microsoft-Windows-Windows Defender/Operational,2332,5800,DESKTOP-5A3QN5S,2,S-1-5-18,The antimalware platform configuration changed,,,"Old Value: ",New Value: HKLM\SOFTWARE\Microsoft\Windows Defender\Features\EcsConfigs\MpFC_EcsConfigDownloadInterval = 0x3E,,,,,,False,C:\Users\VM\Desktop\WindowsDefender.evtx,Classic,0,"{""EventData"":{""Data"":[{""@Name"":""Product Name"",""#text"":""Microsoft Defender Antivirus""},{""@Name"":""Product Version"",""#text"":""4.18.25060.7""},{""@Name"":""Old Value""},{""@Name"":""New Value"",""#text"":""HKLM\\SOFTWARE\\Microsoft\\Windows Defender\\Features\\EcsConfigs\\MpFC_EcsConfigDownloadInterval = 0x3E""}]}}"
211,211,2025-07-29 07:50:30.1546535,5007,Info,Microsoft-Windows-Windows Defender,Microsoft-Windows-Windows Defender/Operational,2332,5800,DESKTOP-5A3QN5S,2,S-1-5-18,The antimalware platform configuration changed,,,"Old Value: ",New Value: HKLM\SOFTWARE\Microsoft\Windows Defender\Features\EcsConfigs\MpFC_MdEnableCoreService = 0x1,,,,,,False,C:\Users\VM\Desktop\WindowsDefender.evtx,Classic,0,"{""EventData"":{""Data"":[{""@Name"":""Product Name"",""#text"":""Microsoft Defender Antivirus""},{""@Name"":""Product Version"",""#text"":""4.18.25060.7""},{""@Name"":""Old Value""},{""@Name"":""New Value"",""#text"":""HKLM\\SOFTWARE\\Microsoft\\Windows Defender\\Features\\EcsConfigs\\MpFC_MdEnableCoreService = 0x1""}]}}"
212,212,2025-07-29 07:50:30.1546557,5007,Info,Microsoft-Windows-Windows Defender,Microsoft-Windows-Windows Defender/Operational,2332,5800,DESKTOP-5A3QN5S,2,S-1-5-18,The antimalware platform configuration changed,,,"Old Value: ",New Value: HKLM\SOFTWARE\Microsoft\Windows Defender\Features\EcsConfigs\MpFC_MdEnableCoreSvcRemediation = 0x1,,,,,,False,C:\Users\VM\Desktop\WindowsDefender.evtx,Classic,0,"{""EventData"":{""Data"":[{""@Name"":""Product Name"",""#text"":""Microsoft Defender Antivirus""},{""@Name"":""Product Version"",""#text"":""4.18.25060.7""},{""@Name"":""Old Value""},{""@Name"":""New Value"",""#text"":""HKLM\\SOFTWARE\\Microsoft\\Windows Defender\\Features\\EcsConfigs\\MpFC_MdEnableCoreSvcRemediation = 0x1""}]}}"
213,213,2025-07-29 07:50:30.1546588,5007,Info,Microsoft-Windows-Windows Defender,Microsoft-Windows-Windows Defender/Operational,2332,5800,DESKTOP-5A3QN5S,2,S-1-5-18,The antimalware platform configuration changed,,,"Old Value: ",New Value: HKLM\SOFTWARE\Microsoft\Windows Defender\Features\EcsConfigs\MpFC_EnableServiceRestartForSharedSigUpdates = 0x1,,,,,,False,C:\Users\VM\Desktop\WindowsDefender.evtx,Classic,0,"{""EventData"":{""Data"":[{""@Name"":""Product Name"",""#text"":""Microsoft Defender Antivirus""},{""@Name"":""Product Version"",""#text"":""4.18.25060.7""},{""@Name"":""Old Value""},{""@Name"":""New Value"",""#text"":""HKLM\\SOFTWARE\\Microsoft\\Windows Defender\\Features\\EcsConfigs\\MpFC_EnableServiceRestartForSharedSigUpdates = 0x1""}]}}"
214,214,2025-07-29 07:50:30.1546617,5007,Info,Microsoft-Windows-Windows Defender,Microsoft-Windows-Windows Defender/Operational,2332,5800,DESKTOP-5A3QN5S,2,S-1-5-18,The antimalware platform configuration changed,,,"Old Value: ",New Value: HKLM\SOFTWARE\Microsoft\Windows Defender\Features\EcsConfigs\MpFC_EnableUpdateTriggerForSharedSigUpdates = 0x1,,,,,,False,C:\Users\VM\Desktop\WindowsDefender.evtx,Classic,0,"{""EventData"":{""Data"":[{""@Name"":""Product Name"",""#text"":""Microsoft Defender Antivirus""},{""@Name"":""Product Version"",""#text"":""4.18.25060.7""},{""@Name"":""Old Value""},{""@Name"":""New Value"",""#text"":""HKLM\\SOFTWARE\\Microsoft\\Windows Defender\\Features\\EcsConfigs\\MpFC_EnableUpdateTriggerForSharedSigUpdates = 0x1""}]}}"
215,215,2025-07-29 07:50:30.1546636,5007,Info,Microsoft-Windows-Windows Defender,Microsoft-Windows-Windows Defender/Operational,2332,5800,DESKTOP-5A3QN5S,2,S-1-5-18,The antimalware platform configuration changed,,,"Old Value: ",New Value: HKLM\SOFTWARE\Microsoft\Windows Defender\Features\EcsConfigs\MpFC_MdDisable1ds = 0x0,,,,,,False,C:\Users\VM\Desktop\WindowsDefender.evtx,Classic,0,"{""EventData"":{""Data"":[{""@Name"":""Product Name"",""#text"":""Microsoft Defender Antivirus""},{""@Name"":""Product Version"",""#text"":""4.18.25060.7""},{""@Name"":""Old Value""},{""@Name"":""New Value"",""#text"":""HKLM\\SOFTWARE\\Microsoft\\Windows Defender\\Features\\EcsConfigs\\MpFC_MdDisable1ds = 0x0""}]}}"
216,216,2025-07-29 07:50:30.1546727,5007,Info,Microsoft-Windows-Windows Defender,Microsoft-Windows-Windows Defender/Operational,2332,5800,DESKTOP-5A3QN5S,2,S-1-5-18,The antimalware platform configuration changed,,,"Old Value: ",New Value: HKLM\SOFTWARE\Microsoft\Windows Defender\Features\EcsConfigs\MdTimerInitalDelay = 0x493E2,,,,,,False,C:\Users\VM\Desktop\WindowsDefender.evtx,Classic,0,"{""EventData"":{""Data"":[{""@Name"":""Product Name"",""#text"":""Microsoft Defender Antivirus""},{""@Name"":""Product Version"",""#text"":""4.18.25060.7""},{""@Name"":""Old Value""},{""@Name"":""New Value"",""#text"":""HKLM\\SOFTWARE\\Microsoft\\Windows Defender\\Features\\EcsConfigs\\MdTimerInitalDelay = 0x493E2""}]}}"
217,217,2025-07-29 07:50:30.1546765,5007,Info,Microsoft-Windows-Windows Defender,Microsoft-Windows-Windows Defender/Operational,2332,5800,DESKTOP-5A3QN5S,2,S-1-5-18,The antimalware platform configuration changed,,,"Old Value: ",New Value: HKLM\SOFTWARE\Microsoft\Windows Defender\Features\EcsConfigs\MdTimerMonitorInterval = 0x493E0,,,,,,False,C:\Users\VM\Desktop\WindowsDefender.evtx,Classic,0,"{""EventData"":{""Data"":[{""@Name"":""Product Name"",""#text"":""Microsoft Defender Antivirus""},{""@Name"":""Product Version"",""#text"":""4.18.25060.7""},{""@Name"":""Old Value""},{""@Name"":""New Value"",""#text"":""HKLM\\SOFTWARE\\Microsoft\\Windows Defender\\Features\\EcsConfigs\\MdTimerMonitorInterval = 0x493E0""}]}}"
218,218,2025-07-29 07:50:30.1546791,5007,Info,Microsoft-Windows-Windows Defender,Microsoft-Windows-Windows Defender/Operational,2332,5800,DESKTOP-5A3QN5S,2,S-1-5-18,The antimalware platform configuration changed,,,"Old Value: ",New Value: HKLM\SOFTWARE\Microsoft\Windows Defender\Features\EcsConfigs\MpEnableNoMetaStoreProcessInfoContainer = 0x1,,,,,,False,C:\Users\VM\Desktop\WindowsDefender.evtx,Classic,0,"{""EventData"":{""Data"":[{""@Name"":""Product Name"",""#text"":""Microsoft Defender Antivirus""},{""@Name"":""Product Version"",""#text"":""4.18.25060.7""},{""@Name"":""Old Value""},{""@Name"":""New Value"",""#text"":""HKLM\\SOFTWARE\\Microsoft\\Windows Defender\\Features\\EcsConfigs\\MpEnableNoMetaStoreProcessInfoContainer = 0x1""}]}}"
219,219,2025-07-29 07:50:30.1546826,5007,Info,Microsoft-Windows-Windows Defender,Microsoft-Windows-Windows Defender/Operational,2332,5800,DESKTOP-5A3QN5S,2,S-1-5-18,The antimalware platform configuration changed,,,"Old Value: ",New Value: HKLM\SOFTWARE\Microsoft\Windows Defender\Features\EcsConfigs\MpFC_CoreSvc_ResMon_MemLimit = 0x191,,,,,,False,C:\Users\VM\Desktop\WindowsDefender.evtx,Classic,0,"{""EventData"":{""Data"":[{""@Name"":""Product Name"",""#text"":""Microsoft Defender Antivirus""},{""@Name"":""Product Version"",""#text"":""4.18.25060.7""},{""@Name"":""Old Value""},{""@Name"":""New Value"",""#text"":""HKLM\\SOFTWARE\\Microsoft\\Windows Defender\\Features\\EcsConfigs\\MpFC_CoreSvc_ResMon_MemLimit = 0x191""}]}}"
220,220,2025-07-29 07:50:30.1546849,5007,Info,Microsoft-Windows-Windows Defender,Microsoft-Windows-Windows Defender/Operational,2332,5800,DESKTOP-5A3QN5S,2,S-1-5-18,The antimalware platform configuration changed,,,"Old Value: ",New Value: HKLM\SOFTWARE\Microsoft\Windows Defender\Features\EcsConfigs\MpFC_EnablePersistedScanV2 = 0x1,,,,,,False,C:\Users\VM\Desktop\WindowsDefender.evtx,Classic,0,"{""EventData"":{""Data"":[{""@Name"":""Product Name"",""#text"":""Microsoft Defender Antivirus""},{""@Name"":""Product Version"",""#text"":""4.18.25060.7""},{""@Name"":""Old Value""},{""@Name"":""New Value"",""#text"":""HKLM\\SOFTWARE\\Microsoft\\Windows Defender\\Features\\EcsConfigs\\MpFC_EnablePersistedScanV2 = 0x1""}]}}"
221,221,2025-07-29 07:50:30.1547868,5007,Info,Microsoft-Windows-Windows Defender,Microsoft-Windows-Windows Defender/Operational,2332,5800,DESKTOP-5A3QN5S,2,S-1-5-18,The antimalware platform configuration changed,,,"Old Value: HKLM\SOFTWARE\Microsoft\Windows Defender\Features\EcsConfigs\ETag\Tag = ""+gQ7D63wABcoFCU6lU+RTCDxNmbzF8JqO3CFPgDYptY=""","New Value: HKLM\SOFTWARE\Microsoft\Windows Defender\Features\EcsConfigs\ETag\Tag = ""ZOhYaGtETg8eYpJPLb9YDYXNsP/jxiRbAYbrYWFiVj0=""",,,,,,False,C:\Users\VM\Desktop\WindowsDefender.evtx,Classic,0,"{""EventData"":{""Data"":[{""@Name"":""Product Name"",""#text"":""Microsoft Defender Antivirus""},{""@Name"":""Product Version"",""#text"":""4.18.25060.7""},{""@Name"":""Old Value"",""#text"":""HKLM\\SOFTWARE\\Microsoft\\Windows Defender\\Features\\EcsConfigs\\ETag\\Tag = \""+gQ7D63wABcoFCU6lU+RTCDxNmbzF8JqO3CFPgDYptY=\""""},{""@Name"":""New Value"",""#text"":""HKLM\\SOFTWARE\\Microsoft\\Windows Defender\\Features\\EcsConfigs\\ETag\\Tag = \""ZOhYaGtETg8eYpJPLb9YDYXNsP/jxiRbAYbrYWFiVj0=\""""}]}}"
222,222,2025-07-29 09:13:15.6347767,1150,Info,Microsoft-Windows-Windows Defender,Microsoft-Windows-Windows Defender/Operational,2332,3904,DESKTOP-5A3QN5S,2,S-1-5-18,Defender is up and running in a healthy state,,,"Signature Version: ",,,,,,,False,C:\Users\VM\Desktop\WindowsDefender.evtx,Classic,0,"{""EventData"":{""Data"":[{""@Name"":""Product Name"",""#text"":""Microsoft Defender Antivirus""},{""@Name"":""Platform version"",""#text"":""4.18.25060.7""},{""@Name"":""Unused""},{""@Name"":""Engine version"",""#text"":""1.1.25060.6""},{""@Name"":""Security intelligence version"",""#text"":""1.433.130.0""}]}}"
223,223,2025-07-29 09:13:15.6503530,1151,Info,Microsoft-Windows-Windows Defender,Microsoft-Windows-Windows Defender/Operational,2332,3904,DESKTOP-5A3QN5S,2,S-1-5-18,,,,,,,,,,,False,C:\Users\VM\Desktop\WindowsDefender.evtx,Classic,0,"{""EventData"":{""Data"":[{""@Name"":""Product Name"",""#text"":""Microsoft Defender Antivirus""},{""@Name"":""Platform version"",""#text"":""4.18.25060.7""},{""@Name"":""Unused""},{""@Name"":""Engine version"",""#text"":""1.1.25060.6""},{""@Name"":""NRI engine version"",""#text"":""1.1.25060.6""},{""@Name"":""AV security intelligence version"",""#text"":""1.433.130.0""},{""@Name"":""AS security intelligence version"",""#text"":""1.433.130.0""},{""@Name"":""NRI security intelligence version"",""#text"":""1.433.130.0""},{""@Name"":""RTP state"",""#text"":""Enabled""},{""@Name"":""OA state"",""#text"":""Enabled""},{""@Name"":""IOAV state"",""#text"":""Enabled""},{""@Name"":""BM state"",""#text"":""Enabled""},{""@Name"":""Last AV security intelligence age"",""#text"":""0""},{""@Name"":""Last AS security intelligence age"",""#text"":""0""},{""@Name"":""Last quick scan age"",""#text"":""4294967295""},{""@Name"":""Last full scan age"",""#text"":""4294967295""},{""@Name"":""AV security intelligence creation time"",""#text"":""2025-07-28T18:52:46Z""},{""@Name"":""AS security intelligence creation time"",""#text"":""2025-07-28T18:52:45Z""},{""@Name"":""Last quick scan start time"",""#text"":""1601-01-01T00:00:00Z""},{""@Name"":""Last quick scan end time"",""#text"":""1601-01-01T00:00:00Z""},{""@Name"":""Last quick scan source"",""#text"":""0""},{""@Name"":""Last full scan start time"",""#text"":""1601-01-01T00:00:00Z""},{""@Name"":""Last full scan end time"",""#text"":""1601-01-01T00:00:00Z""},{""@Name"":""Last full scan source"",""#text"":""0""},{""@Name"":""Product status"",""#text"":""0x00080000""},{""@Name"":""Latest engine version"",""#text"":""1.1.25060.6""},{""@Name"":""Engine up-to-date"",""#text"":""0""},{""@Name"":""Latest platform version"",""#text"":""4.18.25060.7""},{""@Name"":""Platform up-to-date"",""#text"":""1""}]}}"
224,224,2025-07-29 10:13:15.1958941,1150,Info,Microsoft-Windows-Windows Defender,Microsoft-Windows-Windows Defender/Operational,2332,2596,DESKTOP-5A3QN5S,2,S-1-5-18,Defender is up and running in a healthy state,,,"Signature Version: ",,,,,,,False,C:\Users\VM\Desktop\WindowsDefender.evtx,Classic,0,"{""EventData"":{""Data"":[{""@Name"":""Product Name"",""#text"":""Microsoft Defender Antivirus""},{""@Name"":""Platform version"",""#text"":""4.18.25060.7""},{""@Name"":""Unused""},{""@Name"":""Engine version"",""#text"":""1.1.25060.6""},{""@Name"":""Security intelligence version"",""#text"":""1.433.130.0""}]}}"
225,225,2025-07-29 10:13:15.1996259,1151,Info,Microsoft-Windows-Windows Defender,Microsoft-Windows-Windows Defender/Operational,2332,2596,DESKTOP-5A3QN5S,2,S-1-5-18,,,,,,,,,,,False,C:\Users\VM\Desktop\WindowsDefender.evtx,Classic,0,"{""EventData"":{""Data"":[{""@Name"":""Product Name"",""#text"":""Microsoft Defender Antivirus""},{""@Name"":""Platform version"",""#text"":""4.18.25060.7""},{""@Name"":""Unused""},{""@Name"":""Engine version"",""#text"":""1.1.25060.6""},{""@Name"":""NRI engine version"",""#text"":""1.1.25060.6""},{""@Name"":""AV security intelligence version"",""#text"":""1.433.130.0""},{""@Name"":""AS security intelligence version"",""#text"":""1.433.130.0""},{""@Name"":""NRI security intelligence version"",""#text"":""1.433.130.0""},{""@Name"":""RTP state"",""#text"":""Enabled""},{""@Name"":""OA state"",""#text"":""Enabled""},{""@Name"":""IOAV state"",""#text"":""Enabled""},{""@Name"":""BM state"",""#text"":""Enabled""},{""@Name"":""Last AV security intelligence age"",""#text"":""0""},{""@Name"":""Last AS security intelligence age"",""#text"":""0""},{""@Name"":""Last quick scan age"",""#text"":""4294967295""},{""@Name"":""Last full scan age"",""#text"":""4294967295""},{""@Name"":""AV security intelligence creation time"",""#text"":""2025-07-28T18:52:46Z""},{""@Name"":""AS security intelligence creation time"",""#text"":""2025-07-28T18:52:45Z""},{""@Name"":""Last quick scan start time"",""#text"":""1601-01-01T00:00:00Z""},{""@Name"":""Last quick scan end time"",""#text"":""1601-01-01T00:00:00Z""},{""@Name"":""Last quick scan source"",""#text"":""0""},{""@Name"":""Last full scan start time"",""#text"":""1601-01-01T00:00:00Z""},{""@Name"":""Last full scan end time"",""#text"":""1601-01-01T00:00:00Z""},{""@Name"":""Last full scan source"",""#text"":""0""},{""@Name"":""Product status"",""#text"":""0x00080000""},{""@Name"":""Latest engine version"",""#text"":""1.1.25060.6""},{""@Name"":""Engine up-to-date"",""#text"":""0""},{""@Name"":""Latest platform version"",""#text"":""4.18.25060.7""},{""@Name"":""Platform up-to-date"",""#text"":""1""}]}}"
226,226,2025-07-29 11:13:06.5795130,1150,Info,Microsoft-Windows-Windows Defender,Microsoft-Windows-Windows Defender/Operational,2332,5288,DESKTOP-5A3QN5S,2,S-1-5-18,Defender is up and running in a healthy state,,,"Signature Version: ",,,,,,,False,C:\Users\VM\Desktop\WindowsDefender.evtx,Classic,0,"{""EventData"":{""Data"":[{""@Name"":""Product Name"",""#text"":""Microsoft Defender Antivirus""},{""@Name"":""Platform version"",""#text"":""4.18.25060.7""},{""@Name"":""Unused""},{""@Name"":""Engine version"",""#text"":""1.1.25060.6""},{""@Name"":""Security intelligence version"",""#text"":""1.433.130.0""}]}}"
227,227,2025-07-29 11:13:06.5841405,1151,Info,Microsoft-Windows-Windows Defender,Microsoft-Windows-Windows Defender/Operational,2332,5288,DESKTOP-5A3QN5S,2,S-1-5-18,,,,,,,,,,,False,C:\Users\VM\Desktop\WindowsDefender.evtx,Classic,0,"{""EventData"":{""Data"":[{""@Name"":""Product Name"",""#text"":""Microsoft Defender Antivirus""},{""@Name"":""Platform version"",""#text"":""4.18.25060.7""},{""@Name"":""Unused""},{""@Name"":""Engine version"",""#text"":""1.1.25060.6""},{""@Name"":""NRI engine version"",""#text"":""1.1.25060.6""},{""@Name"":""AV security intelligence version"",""#text"":""1.433.130.0""},{""@Name"":""AS security intelligence version"",""#text"":""1.433.130.0""},{""@Name"":""NRI security intelligence version"",""#text"":""1.433.130.0""},{""@Name"":""RTP state"",""#text"":""Enabled""},{""@Name"":""OA state"",""#text"":""Enabled""},{""@Name"":""IOAV state"",""#text"":""Enabled""},{""@Name"":""BM state"",""#text"":""Enabled""},{""@Name"":""Last AV security intelligence age"",""#text"":""0""},{""@Name"":""Last AS security intelligence age"",""#text"":""0""},{""@Name"":""Last quick scan age"",""#text"":""4294967295""},{""@Name"":""Last full scan age"",""#text"":""4294967295""},{""@Name"":""AV security intelligence creation time"",""#text"":""2025-07-28T18:52:46Z""},{""@Name"":""AS security intelligence creation time"",""#text"":""2025-07-28T18:52:45Z""},{""@Name"":""Last quick scan start time"",""#text"":""1601-01-01T00:00:00Z""},{""@Name"":""Last quick scan end time"",""#text"":""1601-01-01T00:00:00Z""},{""@Name"":""Last quick scan source"",""#text"":""0""},{""@Name"":""Last full scan start time"",""#text"":""1601-01-01T00:00:00Z""},{""@Name"":""Last full scan end time"",""#text"":""1601-01-01T00:00:00Z""},{""@Name"":""Last full scan source"",""#text"":""0""},{""@Name"":""Product status"",""#text"":""0x00080000""},{""@Name"":""Latest engine version"",""#text"":""1.1.25060.6""},{""@Name"":""Engine up-to-date"",""#text"":""0""},{""@Name"":""Latest platform version"",""#text"":""4.18.25060.7""},{""@Name"":""Platform up-to-date"",""#text"":""1""}]}}"
228,228,2025-07-29 12:13:27.4431786,1150,Info,Microsoft-Windows-Windows Defender,Microsoft-Windows-Windows Defender/Operational,2332,5532,DESKTOP-5A3QN5S,2,S-1-5-18,Defender is up and running in a healthy state,,,"Signature Version: ",,,,,,,False,C:\Users\VM\Desktop\WindowsDefender.evtx,Classic,0,"{""EventData"":{""Data"":[{""@Name"":""Product Name"",""#text"":""Microsoft Defender Antivirus""},{""@Name"":""Platform version"",""#text"":""4.18.25060.7""},{""@Name"":""Unused""},{""@Name"":""Engine version"",""#text"":""1.1.25060.6""},{""@Name"":""Security intelligence version"",""#text"":""1.433.130.0""}]}}"
229,229,2025-07-29 12:13:27.4459797,1151,Info,Microsoft-Windows-Windows Defender,Microsoft-Windows-Windows Defender/Operational,2332,5532,DESKTOP-5A3QN5S,2,S-1-5-18,,,,,,,,,,,False,C:\Users\VM\Desktop\WindowsDefender.evtx,Classic,0,"{""EventData"":{""Data"":[{""@Name"":""Product Name"",""#text"":""Microsoft Defender Antivirus""},{""@Name"":""Platform version"",""#text"":""4.18.25060.7""},{""@Name"":""Unused""},{""@Name"":""Engine version"",""#text"":""1.1.25060.6""},{""@Name"":""NRI engine version"",""#text"":""1.1.25060.6""},{""@Name"":""AV security intelligence version"",""#text"":""1.433.130.0""},{""@Name"":""AS security intelligence version"",""#text"":""1.433.130.0""},{""@Name"":""NRI security intelligence version"",""#text"":""1.433.130.0""},{""@Name"":""RTP state"",""#text"":""Enabled""},{""@Name"":""OA state"",""#text"":""Enabled""},{""@Name"":""IOAV state"",""#text"":""Enabled""},{""@Name"":""BM state"",""#text"":""Enabled""},{""@Name"":""Last AV security intelligence age"",""#text"":""0""},{""@Name"":""Last AS security intelligence age"",""#text"":""0""},{""@Name"":""Last quick scan age"",""#text"":""4294967295""},{""@Name"":""Last full scan age"",""#text"":""4294967295""},{""@Name"":""AV security intelligence creation time"",""#text"":""2025-07-28T18:52:46Z""},{""@Name"":""AS security intelligence creation time"",""#text"":""2025-07-28T18:52:45Z""},{""@Name"":""Last quick scan start time"",""#text"":""1601-01-01T00:00:00Z""},{""@Name"":""Last quick scan end time"",""#text"":""1601-01-01T00:00:00Z""},{""@Name"":""Last quick scan source"",""#text"":""0""},{""@Name"":""Last full scan start time"",""#text"":""1601-01-01T00:00:00Z""},{""@Name"":""Last full scan end time"",""#text"":""1601-01-01T00:00:00Z""},{""@Name"":""Last full scan source"",""#text"":""0""},{""@Name"":""Product status"",""#text"":""0x00080000""},{""@Name"":""Latest engine version"",""#text"":""1.1.25060.6""},{""@Name"":""Engine up-to-date"",""#text"":""0""},{""@Name"":""Latest platform version"",""#text"":""4.18.25060.7""},{""@Name"":""Platform up-to-date"",""#text"":""1""}]}}"
230,230,2025-07-29 13:13:03.4938420,1150,Info,Microsoft-Windows-Windows Defender,Microsoft-Windows-Windows Defender/Operational,2332,3904,DESKTOP-5A3QN5S,2,S-1-5-18,Defender is up and running in a healthy state,,,"Signature Version: ",,,,,,,False,C:\Users\VM\Desktop\WindowsDefender.evtx,Classic,0,"{""EventData"":{""Data"":[{""@Name"":""Product Name"",""#text"":""Microsoft Defender Antivirus""},{""@Name"":""Platform version"",""#text"":""4.18.25060.7""},{""@Name"":""Unused""},{""@Name"":""Engine version"",""#text"":""1.1.25060.6""},{""@Name"":""Security intelligence version"",""#text"":""1.433.130.0""}]}}"
231,231,2025-07-29 13:13:03.4958152,1151,Info,Microsoft-Windows-Windows Defender,Microsoft-Windows-Windows Defender/Operational,2332,3904,DESKTOP-5A3QN5S,2,S-1-5-18,,,,,,,,,,,False,C:\Users\VM\Desktop\WindowsDefender.evtx,Classic,0,"{""EventData"":{""Data"":[{""@Name"":""Product Name"",""#text"":""Microsoft Defender Antivirus""},{""@Name"":""Platform version"",""#text"":""4.18.25060.7""},{""@Name"":""Unused""},{""@Name"":""Engine version"",""#text"":""1.1.25060.6""},{""@Name"":""NRI engine version"",""#text"":""1.1.25060.6""},{""@Name"":""AV security intelligence version"",""#text"":""1.433.130.0""},{""@Name"":""AS security intelligence version"",""#text"":""1.433.130.0""},{""@Name"":""NRI security intelligence version"",""#text"":""1.433.130.0""},{""@Name"":""RTP state"",""#text"":""Enabled""},{""@Name"":""OA state"",""#text"":""Enabled""},{""@Name"":""IOAV state"",""#text"":""Enabled""},{""@Name"":""BM state"",""#text"":""Enabled""},{""@Name"":""Last AV security intelligence age"",""#text"":""0""},{""@Name"":""Last AS security intelligence age"",""#text"":""0""},{""@Name"":""Last quick scan age"",""#text"":""4294967295""},{""@Name"":""Last full scan age"",""#text"":""4294967295""},{""@Name"":""AV security intelligence creation time"",""#text"":""2025-07-28T18:52:46Z""},{""@Name"":""AS security intelligence creation time"",""#text"":""2025-07-28T18:52:45Z""},{""@Name"":""Last quick scan start time"",""#text"":""1601-01-01T00:00:00Z""},{""@Name"":""Last quick scan end time"",""#text"":""1601-01-01T00:00:00Z""},{""@Name"":""Last quick scan source"",""#text"":""0""},{""@Name"":""Last full scan start time"",""#text"":""1601-01-01T00:00:00Z""},{""@Name"":""Last full scan end time"",""#text"":""1601-01-01T00:00:00Z""},{""@Name"":""Last full scan source"",""#text"":""0""},{""@Name"":""Product status"",""#text"":""0x00080000""},{""@Name"":""Latest engine version"",""#text"":""1.1.25060.6""},{""@Name"":""Engine up-to-date"",""#text"":""0""},{""@Name"":""Latest platform version"",""#text"":""4.18.25060.7""},{""@Name"":""Platform up-to-date"",""#text"":""1""}]}}"
232,232,2025-07-29 13:44:35.9572773,2010,Info,Microsoft-Windows-Windows Defender,Microsoft-Windows-Windows Defender/Operational,2332,3904,DESKTOP-5A3QN5S,2,S-1-5-18,,,,,,,,,,,False,C:\Users\VM\Desktop\WindowsDefender.evtx,Classic,0,"{""EventData"":{""Data"":[{""@Name"":""Product Name"",""#text"":""Microsoft Defender Antivirus""},{""@Name"":""Product Version"",""#text"":""4.18.25060.7""},{""@Name"":""Current security intelligence Version"",""#text"":""1.433.130.0""},{""@Name"":""Unused""},{""@Name"":""Unused2""},{""@Name"":""Unused3""},{""@Name"":""Unused4""},{""@Name"":""Domain""},{""@Name"":""User""},{""@Name"":""SID""},{""@Name"":""Security intelligence Type Index"",""#text"":""0""},{""@Name"":""Security intelligence Type""},{""@Name"":""Unused5""},{""@Name"":""Unused6""},{""@Name"":""Current Engine Version"",""#text"":""1.1.25060.6""},{""@Name"":""Unused7""},{""@Name"":""Unused8""},{""@Name"":""Unused9""},{""@Name"":""Unused10""},{""@Name"":""Unused11""},{""@Name"":""Unused12""},{""@Name"":""Cloud protection intelligence Type Index"",""#text"":""1""},{""@Name"":""Cloud protection intelligence Type"",""#text"":""Security intelligence update""},{""@Name"":""Persistence Path"",""#text"":""C:\\ProgramData\\Microsoft\\Windows Defender\\Scans\\RtSigs\\data\\216f353b1a64d039970e492620559c4aeaabc2ea""},{""@Name"":""Cloud protection intelligence Version"",""#text"":""0.0.0.0""},{""@Name"":""Cloud protection intelligence Compilation Timestamp"",""#text"":""7/29/2025 1:45:26 PM""},{""@Name"":""Persistence Limit Type Index"",""#text"":""2""},{""@Name"":""Persistence Limit Type"",""#text"":""Duration""},{""@Name"":""Persistence Limit Value"",""#text"":""50065408""}]}}"
