316,316,2025-07-29 17:57:01.0110299,5007,Info,Microsoft-Windows-Windows Defender,Microsoft-Windows-Windows Defender/Operational,2332,1684,DESKTOP-5A3QN5S,4,S-1-5-18,The antimalware platform configuration changed,,,Old Value: HKLM\SOFTWARE\Microsoft\Windows Defender\SpyNet\LastMAPSFailureTimeString = 2025-07-29T17:56:59Z,New Value: HKLM\SOFTWARE\Microsoft\Windows Defender\SpyNet\LastMAPSFailureTimeString = 2025-07-29T17:57:00Z,,,,,,False,C:\Users\VM\Desktop\WindowsDefender.evtx,Classic,0,"{""EventData"":{""Data"":[{""@Name"":""Product Name"",""#text"":""Microsoft Defender Antivirus""},{""@Name"":""Product Version"",""#text"":""4.18.25060.7""},{""@Name"":""Old Value"",""#text"":""HKLM\\SOFTWARE\\Microsoft\\Windows Defender\\SpyNet\\LastMAPSFailureTimeString = 2025-07-29T17:56:59Z""},{""@Name"":""New Value"",""#text"":""HKLM\\SOFTWARE\\Microsoft\\Windows Defender\\SpyNet\\LastMAPSFailureTimeString = 2025-07-29T17:57:00Z""}]}}"
317,317,2025-07-29 17:57:08.1954001,1117,Info,Microsoft-Windows-Windows Defender,Microsoft-Windows-Windows Defender/Operational,2332,2740,DESKTOP-5A3QN5S,4,S-1-5-18,Detection - The antimalware platform performed an action to protect your system from malware or other potentially unwanted software,Detection User: DESKTOP-5A3QN5S\VM,,Malware name: TrojanDownloader:BAT/Malgent!MSR,Description: Trojan Downloader (Severe),Detection Time: 2025-07-29T17:56:46.972Z,Process (if real-time detection): C:\Windows\System32\cmd.exe,Detection ID: {8FBC550F-1D0F-4BA5-B086-DAE405B8805A},,file:_C:\Tools\APTSimulator\APTSimulator\test-sets\defense-evasion\js-dropper.bat,False,C:\Users\VM\Desktop\WindowsDefender.evtx,Classic,0,"{""EventData"":{""Data"":[{""@Name"":""Product Name"",""#text"":""Microsoft Defender Antivirus""},{""@Name"":""Product Version"",""#text"":""4.18.25060.7""},{""@Name"":""Detection ID"",""#text"":""{8FBC550F-1D0F-4BA5-B086-DAE405B8805A}""},{""@Name"":""Detection Time"",""#text"":""2025-07-29T17:56:46.972Z""},{""@Name"":""Unused""},{""@Name"":""Unused2""},{""@Name"":""Threat ID"",""#text"":""2147788073""},{""@Name"":""Threat Name"",""#text"":""TrojanDownloader:BAT/Malgent!MSR""},{""@Name"":""Severity ID"",""#text"":""5""},{""@Name"":""Severity Name"",""#text"":""Severe""},{""@Name"":""Category ID"",""#text"":""4""},{""@Name"":""Category Name"",""#text"":""Trojan Downloader""},{""@Name"":""FWLink"",""#text"":""https://go.microsoft.com/fwlink/?linkid=37020&amp;name=TrojanDownloader:BAT/Malgent!MSR&amp;threatid=2147788073&amp;enterprise=0""},{""@Name"":""Status Code"",""#text"":""3""},{""@Name"":""Status Description""},{""@Name"":""State"",""#text"":""2""},{""@Name"":""Source ID"",""#text"":""3""},{""@Name"":""Source Name"",""#text"":""Real-Time Protection""},{""@Name"":""Process Name"",""#text"":""C:\\Windows\\System32\\cmd.exe""},{""@Name"":""Detection User"",""#text"":""DESKTOP-5A3QN5S\\VM""},{""@Name"":""Unused3""},{""@Name"":""Path"",""#text"":""file:_C:\\Tools\\APTSimulator\\APTSimulator\\test-sets\\defense-evasion\\js-dropper.bat""},{""@Name"":""Origin ID"",""#text"":""1""},{""@Name"":""Origin Name"",""#text"":""Local machine""},{""@Name"":""Execution ID"",""#text"":""1""},{""@Name"":""Execution Name"",""#text"":""Suspended""},{""@Name"":""Type ID"",""#text"":""0""},{""@Name"":""Type Name"",""#text"":""Concrete""},{""@Name"":""Pre Execution Status"",""#text"":""0""},{""@Name"":""Action ID"",""#text"":""2""},{""@Name"":""Action Name"",""#text"":""Quarantine""},{""@Name"":""Unused4""},{""@Name"":""Error Code"",""#text"":""0x00000000""},{""@Name"":""Error Description"",""#text"":""The operation completed successfully. ""},{""@Name"":""Unused5""},{""@Name"":""Post Clean Status"",""#text"":""0""},{""@Name"":""Additional Actions ID"",""#text"":""0""},{""@Name"":""Additional Actions String"",""#text"":""No additional actions required""},{""@Name"":""Remediation User"",""#text"":""NT AUTHORITY\\SYSTEM""},{""@Name"":""Unused6""},{""@Name"":""Security intelligence Version"",""#text"":""AV: 1.433.130.0, AS: 1.433.130.0, NIS: 1.433.130.0""},{""@Name"":""Engine Version"",""#text"":""AM: 1.1.25060.6, NIS: 1.1.25060.6""}]}}"
318,318,2025-07-29 17:57:53.3205683,5007,Info,Microsoft-Windows-Windows Defender,Microsoft-Windows-Windows Defender/Operational,2332,588,DESKTOP-5A3QN5S,4,S-1-5-18,The antimalware platform configuration changed,,,Old Value: HKLM\SOFTWARE\Microsoft\Windows Defender\SpyNet\LastMAPSFailureTimeString = 2025-07-29T17:57:00Z,New Value: HKLM\SOFTWARE\Microsoft\Windows Defender\SpyNet\LastMAPSFailureTimeString = 2025-07-29T17:57:52Z,,,,,,False,C:\Users\VM\Desktop\WindowsDefender.evtx,Classic,0,"{""EventData"":{""Data"":[{""@Name"":""Product Name"",""#text"":""Microsoft Defender Antivirus""},{""@Name"":""Product Version"",""#text"":""4.18.25060.7""},{""@Name"":""Old Value"",""#text"":""HKLM\\SOFTWARE\\Microsoft\\Windows Defender\\SpyNet\\LastMAPSFailureTimeString = 2025-07-29T17:57:00Z""},{""@Name"":""New Value"",""#text"":""HKLM\\SOFTWARE\\Microsoft\\Windows Defender\\SpyNet\\LastMAPSFailureTimeString = 2025-07-29T17:57:52Z""}]}}"
319,319,2025-07-29 17:58:08.8974724,5007,Info,Microsoft-Windows-Windows Defender,Microsoft-Windows-Windows Defender/Operational,2332,3664,DESKTOP-5A3QN5S,4,S-1-5-18,The antimalware platform configuration changed,,,Old Value: HKLM\SOFTWARE\Microsoft\Windows Defender\SpyNet\LastMAPSFailureTimeString = 2025-07-29T17:57:52Z,New Value: HKLM\SOFTWARE\Microsoft\Windows Defender\SpyNet\LastMAPSFailureTimeString = 2025-07-29T17:58:08Z,,,,,,False,C:\Users\VM\Desktop\WindowsDefender.evtx,Classic,0,"{""EventData"":{""Data"":[{""@Name"":""Product Name"",""#text"":""Microsoft Defender Antivirus""},{""@Name"":""Product Version"",""#text"":""4.18.25060.7""},{""@Name"":""Old Value"",""#text"":""HKLM\\SOFTWARE\\Microsoft\\Windows Defender\\SpyNet\\LastMAPSFailureTimeString = 2025-07-29T17:57:52Z""},{""@Name"":""New Value"",""#text"":""HKLM\\SOFTWARE\\Microsoft\\Windows Defender\\SpyNet\\LastMAPSFailureTimeString = 2025-07-29T17:58:08Z""}]}}"
320,320,2025-07-29 17:58:14.0783540,1116,Warning,Microsoft-Windows-Windows Defender,Microsoft-Windows-Windows Defender/Operational,2332,3664,DESKTOP-5A3QN5S,4,S-1-5-18,Detection - The antimalware platform detected malware or other potentially unwanted software,"Detection User: ",,Malware name: Trojan:MSIL/Cryptor,Description: Trojan (Severe),Detection Time: 2025-07-29T17:58:14.018Z,Process (if real-time detection): Unknown,Detection ID: {8A56EAD2-6433-4A8F-935D-4C42AE1160C3},,file:_C:\TMP\xCmd.exe,False,C:\Users\VM\Desktop\WindowsDefender.evtx,Classic,0,"{""EventData"":{""Data"":[{""@Name"":""Product Name"",""#text"":""Microsoft Defender Antivirus""},{""@Name"":""Product Version"",""#text"":""4.18.25060.7""},{""@Name"":""Detection ID"",""#text"":""{8A56EAD2-6433-4A8F-935D-4C42AE1160C3}""},{""@Name"":""Detection Time"",""#text"":""2025-07-29T17:58:14.018Z""},{""@Name"":""Unused""},{""@Name"":""Unused2""},{""@Name"":""Threat ID"",""#text"":""2147768041""},{""@Name"":""Threat Name"",""#text"":""Trojan:MSIL/Cryptor""},{""@Name"":""Severity ID"",""#text"":""5""},{""@Name"":""Severity Name"",""#text"":""Severe""},{""@Name"":""Category ID"",""#text"":""8""},{""@Name"":""Category Name"",""#text"":""Trojan""},{""@Name"":""FWLink"",""#text"":""https://go.microsoft.com/fwlink/?linkid=37020&amp;name=Trojan:MSIL/Cryptor&amp;threatid=2147768041&amp;enterprise=0""},{""@Name"":""Status Code"",""#text"":""1""},{""@Name"":""Status Description""},{""@Name"":""State"",""#text"":""1""},{""@Name"":""Source ID"",""#text"":""3""},{""@Name"":""Source Name"",""#text"":""Real-Time Protection""},{""@Name"":""Process Name"",""#text"":""Unknown""},{""@Name"":""Detection User""},{""@Name"":""Unused3""},{""@Name"":""Path"",""#text"":""file:_C:\\TMP\\xCmd.exe""},{""@Name"":""Origin ID"",""#text"":""1""},{""@Name"":""Origin Name"",""#text"":""Local machine""},{""@Name"":""Execution ID"",""#text"":""1""},{""@Name"":""Execution Name"",""#text"":""Suspended""},{""@Name"":""Type ID"",""#text"":""0""},{""@Name"":""Type Name"",""#text"":""Concrete""},{""@Name"":""Pre Execution Status"",""#text"":""0""},{""@Name"":""Action ID"",""#text"":""9""},{""@Name"":""Action Name"",""#text"":""Not Applicable""},{""@Name"":""Unused4""},{""@Name"":""Error Code"",""#text"":""0x00000000""},{""@Name"":""Error Description"",""#text"":""The operation completed successfully. ""},{""@Name"":""Unused5""},{""@Name"":""Post Clean Status"",""#text"":""0""},{""@Name"":""Additional Actions ID"",""#text"":""0""},{""@Name"":""Additional Actions String"",""#text"":""No additional actions required""},{""@Name"":""Remediation User""},{""@Name"":""Unused6""},{""@Name"":""Security intelligence Version"",""#text"":""AV: 1.433.130.0, AS: 1.433.130.0, NIS: 1.433.130.0""},{""@Name"":""Engine Version"",""#text"":""AM: 1.1.25060.6, NIS: 1.1.25060.6""}]}}"
321,321,2025-07-29 17:58:14.7867428,5007,Info,Microsoft-Windows-Windows Defender,Microsoft-Windows-Windows Defender/Operational,2332,5736,DESKTOP-5A3QN5S,4,S-1-5-18,The antimalware platform configuration changed,,,Old Value: HKLM\SOFTWARE\Microsoft\Windows Defender\SpyNet\LastMAPSFailureTimeString = 2025-07-29T17:58:08Z,New Value: HKLM\SOFTWARE\Microsoft\Windows Defender\SpyNet\LastMAPSFailureTimeString = 2025-07-29T17:58:14Z,,,,,,False,C:\Users\VM\Desktop\WindowsDefender.evtx,Classic,0,"{""EventData"":{""Data"":[{""@Name"":""Product Name"",""#text"":""Microsoft Defender Antivirus""},{""@Name"":""Product Version"",""#text"":""4.18.25060.7""},{""@Name"":""Old Value"",""#text"":""HKLM\\SOFTWARE\\Microsoft\\Windows Defender\\SpyNet\\LastMAPSFailureTimeString = 2025-07-29T17:58:08Z""},{""@Name"":""New Value"",""#text"":""HKLM\\SOFTWARE\\Microsoft\\Windows Defender\\SpyNet\\LastMAPSFailureTimeString = 2025-07-29T17:58:14Z""}]}}"
322,322,2025-07-29 17:58:20.4491235,1116,Warning,Microsoft-Windows-Windows Defender,Microsoft-Windows-Windows Defender/Operational,2332,2740,DESKTOP-5A3QN5S,4,S-1-5-18,Detection - The antimalware platform detected malware or other potentially unwanted software,Detection User: NT AUTHORITY\SYSTEM,,Malware name: HackTool:Win32/Mimikatz.I,Description: Tool (High),Detection Time: 2025-07-29T17:58:20.429Z,Process (if real-time detection): Unknown,Detection ID: {CBEC2149-FE09-4C48-B46D-4F377C241F69},,CmdLine:_C:\Windows\System32\at.exe 13:00 C:\TMP\mim.exe sekurlsa::LogonPasswords &gt; C:\TMP\o.txt,False,C:\Users\VM\Desktop\WindowsDefender.evtx,Classic,0,"{""EventData"":{""Data"":[{""@Name"":""Product Name"",""#text"":""Microsoft Defender Antivirus""},{""@Name"":""Product Version"",""#text"":""4.18.25060.7""},{""@Name"":""Detection ID"",""#text"":""{CBEC2149-FE09-4C48-B46D-4F377C241F69}""},{""@Name"":""Detection Time"",""#text"":""2025-07-29T17:58:20.429Z""},{""@Name"":""Unused""},{""@Name"":""Unused2""},{""@Name"":""Threat ID"",""#text"":""2147741009""},{""@Name"":""Threat Name"",""#text"":""HackTool:Win32/Mimikatz.I""},{""@Name"":""Severity ID"",""#text"":""4""},{""@Name"":""Severity Name"",""#text"":""High""},{""@Name"":""Category ID"",""#text"":""34""},{""@Name"":""Category Name"",""#text"":""Tool""},{""@Name"":""FWLink"",""#text"":""https://go.microsoft.com/fwlink/?linkid=37020&amp;name=HackTool:Win32/Mimikatz.I&amp;threatid=2147741009&amp;enterprise=0""},{""@Name"":""Status Code"",""#text"":""1""},{""@Name"":""Status Description""},{""@Name"":""State"",""#text"":""1""},{""@Name"":""Source ID"",""#text"":""2""},{""@Name"":""Source Name"",""#text"":""System""},{""@Name"":""Process Name"",""#text"":""Unknown""},{""@Name"":""Detection User"",""#text"":""NT AUTHORITY\\SYSTEM""},{""@Name"":""Unused3""},{""@Name"":""Path"",""#text"":""CmdLine:_C:\\Windows\\System32\\at.exe 13:00 C:\\TMP\\mim.exe sekurlsa::LogonPasswords &gt; C:\\TMP\\o.txt""},{""@Name"":""Origin ID"",""#text"":""0""},{""@Name"":""Origin Name"",""#text"":""Unknown""},{""@Name"":""Execution ID"",""#text"":""0""},{""@Name"":""Execution Name"",""#text"":""Unknown""},{""@Name"":""Type ID"",""#text"":""0""},{""@Name"":""Type Name"",""#text"":""Concrete""},{""@Name"":""Pre Execution Status"",""#text"":""0""},{""@Name"":""Action ID"",""#text"":""9""},{""@Name"":""Action Name"",""#text"":""Not Applicable""},{""@Name"":""Unused4""},{""@Name"":""Error Code"",""#text"":""0x00000000""},{""@Name"":""Error Description"",""#text"":""The operation completed successfully. ""},{""@Name"":""Unused5""},{""@Name"":""Post Clean Status"",""#text"":""0""},{""@Name"":""Additional Actions ID"",""#text"":""0""},{""@Name"":""Additional Actions String"",""#text"":""No additional actions required""},{""@Name"":""Remediation User""},{""@Name"":""Unused6""},{""@Name"":""Security intelligence Version"",""#text"":""AV: 1.433.130.0, AS: 1.433.130.0, NIS: 1.433.130.0""},{""@Name"":""Engine Version"",""#text"":""AM: 1.1.25060.6, NIS: 1.1.25060.6""}]}}"
323,323,2025-07-29 17:58:21.2213192,5007,Info,Microsoft-Windows-Windows Defender,Microsoft-Windows-Windows Defender/Operational,2332,5872,DESKTOP-5A3QN5S,4,S-1-5-18,The antimalware platform configuration changed,,,Old Value: HKLM\SOFTWARE\Microsoft\Windows Defender\SpyNet\LastMAPSFailureTimeString = 2025-07-29T17:58:14Z,New Value: HKLM\SOFTWARE\Microsoft\Windows Defender\SpyNet\LastMAPSFailureTimeString = 2025-07-29T17:58:20Z,,,,,,False,C:\Users\VM\Desktop\WindowsDefender.evtx,Classic,0,"{""EventData"":{""Data"":[{""@Name"":""Product Name"",""#text"":""Microsoft Defender Antivirus""},{""@Name"":""Product Version"",""#text"":""4.18.25060.7""},{""@Name"":""Old Value"",""#text"":""HKLM\\SOFTWARE\\Microsoft\\Windows Defender\\SpyNet\\LastMAPSFailureTimeString = 2025-07-29T17:58:14Z""},{""@Name"":""New Value"",""#text"":""HKLM\\SOFTWARE\\Microsoft\\Windows Defender\\SpyNet\\LastMAPSFailureTimeString = 2025-07-29T17:58:20Z""}]}}"
324,324,2025-07-29 17:58:22.0445252,5007,Info,Microsoft-Windows-Windows Defender,Microsoft-Windows-Windows Defender/Operational,2332,5532,DESKTOP-5A3QN5S,4,S-1-5-18,The antimalware platform configuration changed,,,Old Value: HKLM\SOFTWARE\Microsoft\Windows Defender\SpyNet\LastMAPSFailureTimeString = 2025-07-29T17:58:20Z,New Value: HKLM\SOFTWARE\Microsoft\Windows Defender\SpyNet\LastMAPSFailureTimeString = 2025-07-29T17:58:21Z,,,,,,False,C:\Users\VM\Desktop\WindowsDefender.evtx,Classic,0,"{""EventData"":{""Data"":[{""@Name"":""Product Name"",""#text"":""Microsoft Defender Antivirus""},{""@Name"":""Product Version"",""#text"":""4.18.25060.7""},{""@Name"":""Old Value"",""#text"":""HKLM\\SOFTWARE\\Microsoft\\Windows Defender\\SpyNet\\LastMAPSFailureTimeString = 2025-07-29T17:58:20Z""},{""@Name"":""New Value"",""#text"":""HKLM\\SOFTWARE\\Microsoft\\Windows Defender\\SpyNet\\LastMAPSFailureTimeString = 2025-07-29T17:58:21Z""}]}}"
325,325,2025-07-29 17:58:33.3601691,5007,Info,Microsoft-Windows-Windows Defender,Microsoft-Windows-Windows Defender/Operational,2332,5532,DESKTOP-5A3QN5S,4,S-1-5-18,The antimalware platform configuration changed,,,Old Value: HKLM\SOFTWARE\Microsoft\Windows Defender\SpyNet\LastMAPSFailureTimeString = 2025-07-29T17:58:21Z,New Value: HKLM\SOFTWARE\Microsoft\Windows Defender\SpyNet\LastMAPSFailureTimeString = 2025-07-29T17:58:32Z,,,,,,False,C:\Users\VM\Desktop\WindowsDefender.evtx,Classic,0,"{""EventData"":{""Data"":[{""@Name"":""Product Name"",""#text"":""Microsoft Defender Antivirus""},{""@Name"":""Product Version"",""#text"":""4.18.25060.7""},{""@Name"":""Old Value"",""#text"":""HKLM\\SOFTWARE\\Microsoft\\Windows Defender\\SpyNet\\LastMAPSFailureTimeString = 2025-07-29T17:58:21Z""},{""@Name"":""New Value"",""#text"":""HKLM\\SOFTWARE\\Microsoft\\Windows Defender\\SpyNet\\LastMAPSFailureTimeString = 2025-07-29T17:58:32Z""}]}}"
326,326,2025-07-29 17:58:36.7026666,5007,Info,Microsoft-Windows-Windows Defender,Microsoft-Windows-Windows Defender/Operational,2332,5532,DESKTOP-5A3QN5S,4,S-1-5-18,The antimalware platform configuration changed,,,Old Value: HKLM\SOFTWARE\Microsoft\Windows Defender\SpyNet\LastMAPSFailureTimeString = 2025-07-29T17:58:32Z,New Value: HKLM\SOFTWARE\Microsoft\Windows Defender\SpyNet\LastMAPSFailureTimeString = 2025-07-29T17:58:36Z,,,,,,False,C:\Users\VM\Desktop\WindowsDefender.evtx,Classic,0,"{""EventData"":{""Data"":[{""@Name"":""Product Name"",""#text"":""Microsoft Defender Antivirus""},{""@Name"":""Product Version"",""#text"":""4.18.25060.7""},{""@Name"":""Old Value"",""#text"":""HKLM\\SOFTWARE\\Microsoft\\Windows Defender\\SpyNet\\LastMAPSFailureTimeString = 2025-07-29T17:58:32Z""},{""@Name"":""New Value"",""#text"":""HKLM\\SOFTWARE\\Microsoft\\Windows Defender\\SpyNet\\LastMAPSFailureTimeString = 2025-07-29T17:58:36Z""}]}}"
327,327,2025-07-29 17:58:37.6221683,1117,Info,Microsoft-Windows-Windows Defender,Microsoft-Windows-Windows Defender/Operational,2332,2740,DESKTOP-5A3QN5S,4,S-1-5-18,Detection - The antimalware platform performed an action to protect your system from malware or other potentially unwanted software,"Detection User: ",,Malware name: Trojan:MSIL/Cryptor,Description: Trojan (Severe),Detection Time: 2025-07-29T17:58:14.018Z,Process (if real-time detection): Unknown,Detection ID: {8A56EAD2-6433-4A8F-935D-4C42AE1160C3},,file:_C:\TMP\xCmd.exe,False,C:\Users\VM\Desktop\WindowsDefender.evtx,Classic,0,"{""EventData"":{""Data"":[{""@Name"":""Product Name"",""#text"":""Microsoft Defender Antivirus""},{""@Name"":""Product Version"",""#text"":""4.18.25060.7""},{""@Name"":""Detection ID"",""#text"":""{8A56EAD2-6433-4A8F-935D-4C42AE1160C3}""},{""@Name"":""Detection Time"",""#text"":""2025-07-29T17:58:14.018Z""},{""@Name"":""Unused""},{""@Name"":""Unused2""},{""@Name"":""Threat ID"",""#text"":""2147768041""},{""@Name"":""Threat Name"",""#text"":""Trojan:MSIL/Cryptor""},{""@Name"":""Severity ID"",""#text"":""5""},{""@Name"":""Severity Name"",""#text"":""Severe""},{""@Name"":""Category ID"",""#text"":""8""},{""@Name"":""Category Name"",""#text"":""Trojan""},{""@Name"":""FWLink"",""#text"":""https://go.microsoft.com/fwlink/?linkid=37020&amp;name=Trojan:MSIL/Cryptor&amp;threatid=2147768041&amp;enterprise=0""},{""@Name"":""Status Code"",""#text"":""3""},{""@Name"":""Status Description""},{""@Name"":""State"",""#text"":""2""},{""@Name"":""Source ID"",""#text"":""3""},{""@Name"":""Source Name"",""#text"":""Real-Time Protection""},{""@Name"":""Process Name"",""#text"":""Unknown""},{""@Name"":""Detection User""},{""@Name"":""Unused3""},{""@Name"":""Path"",""#text"":""file:_C:\\TMP\\xCmd.exe""},{""@Name"":""Origin ID"",""#text"":""1""},{""@Name"":""Origin Name"",""#text"":""Local machine""},{""@Name"":""Execution ID"",""#text"":""1""},{""@Name"":""Execution Name"",""#text"":""Suspended""},{""@Name"":""Type ID"",""#text"":""0""},{""@Name"":""Type Name"",""#text"":""Concrete""},{""@Name"":""Pre Execution Status"",""#text"":""0""},{""@Name"":""Action ID"",""#text"":""2""},{""@Name"":""Action Name"",""#text"":""Quarantine""},{""@Name"":""Unused4""},{""@Name"":""Error Code"",""#text"":""0x00000000""},{""@Name"":""Error Description"",""#text"":""The operation completed successfully. ""},{""@Name"":""Unused5""},{""@Name"":""Post Clean Status"",""#text"":""0""},{""@Name"":""Additional Actions ID"",""#text"":""0""},{""@Name"":""Additional Actions String"",""#text"":""No additional actions required""},{""@Name"":""Remediation User"",""#text"":""NT AUTHORITY\\SYSTEM""},{""@Name"":""Unused6""},{""@Name"":""Security intelligence Version"",""#text"":""AV: 1.433.130.0, AS: 1.433.130.0, NIS: 1.433.130.0""},{""@Name"":""Engine Version"",""#text"":""AM: 1.1.25060.6, NIS: 1.1.25060.6""}]}}"
328,328,2025-07-29 17:58:38.9109068,5007,Info,Microsoft-Windows-Windows Defender,Microsoft-Windows-Windows Defender/Operational,2332,2420,DESKTOP-5A3QN5S,4,S-1-5-18,The antimalware platform configuration changed,,,Old Value: HKLM\SOFTWARE\Microsoft\Windows Defender\SpyNet\LastMAPSFailureTimeString = 2025-07-29T17:58:36Z,New Value: HKLM\SOFTWARE\Microsoft\Windows Defender\SpyNet\LastMAPSFailureTimeString = 2025-07-29T17:58:38Z,,,,,,False,C:\Users\VM\Desktop\WindowsDefender.evtx,Classic,0,"{""EventData"":{""Data"":[{""@Name"":""Product Name"",""#text"":""Microsoft Defender Antivirus""},{""@Name"":""Product Version"",""#text"":""4.18.25060.7""},{""@Name"":""Old Value"",""#text"":""HKLM\\SOFTWARE\\Microsoft\\Windows Defender\\SpyNet\\LastMAPSFailureTimeString = 2025-07-29T17:58:36Z""},{""@Name"":""New Value"",""#text"":""HKLM\\SOFTWARE\\Microsoft\\Windows Defender\\SpyNet\\LastMAPSFailureTimeString = 2025-07-29T17:58:38Z""}]}}"
329,329,2025-07-29 17:58:49.3452316,1116,Warning,Microsoft-Windows-Windows Defender,Microsoft-Windows-Windows Defender/Operational,2332,3416,DESKTOP-5A3QN5S,4,S-1-5-18,Detection - The antimalware platform detected malware or other potentially unwanted software,Detection User: NT AUTHORITY\SYSTEM,,Malware name: HackTool:Win32/Mimikatz.I,Description: Tool (High),Detection Time: 2025-07-29T17:58:49.338Z,Process (if real-time detection): Unknown,Detection ID: {44CC6E9C-0D0A-4A76-9D0D-3A62E8D233EB},,CmdLine:_C:\Windows\System32\schtasks.exe /create /f /sc minute /mo 5 /tn GameOver /tr C:\TMP\mim.exe sekurlsa::LogonPasswords &gt; C:\TMP\o.txt,False,C:\Users\VM\Desktop\WindowsDefender.evtx,Classic,0,"{""EventData"":{""Data"":[{""@Name"":""Product Name"",""#text"":""Microsoft Defender Antivirus""},{""@Name"":""Product Version"",""#text"":""4.18.25060.7""},{""@Name"":""Detection ID"",""#text"":""{44CC6E9C-0D0A-4A76-9D0D-3A62E8D233EB}""},{""@Name"":""Detection Time"",""#text"":""2025-07-29T17:58:49.338Z""},{""@Name"":""Unused""},{""@Name"":""Unused2""},{""@Name"":""Threat ID"",""#text"":""2147741009""},{""@Name"":""Threat Name"",""#text"":""HackTool:Win32/Mimikatz.I""},{""@Name"":""Severity ID"",""#text"":""4""},{""@Name"":""Severity Name"",""#text"":""High""},{""@Name"":""Category ID"",""#text"":""34""},{""@Name"":""Category Name"",""#text"":""Tool""},{""@Name"":""FWLink"",""#text"":""https://go.microsoft.com/fwlink/?linkid=37020&amp;name=HackTool:Win32/Mimikatz.I&amp;threatid=2147741009&amp;enterprise=0""},{""@Name"":""Status Code"",""#text"":""1""},{""@Name"":""Status Description""},{""@Name"":""State"",""#text"":""1""},{""@Name"":""Source ID"",""#text"":""2""},{""@Name"":""Source Name"",""#text"":""System""},{""@Name"":""Process Name"",""#text"":""Unknown""},{""@Name"":""Detection User"",""#text"":""NT AUTHORITY\\SYSTEM""},{""@Name"":""Unused3""},{""@Name"":""Path"",""#text"":""CmdLine:_C:\\Windows\\System32\\schtasks.exe /create /f /sc minute /mo 5 /tn GameOver /tr C:\\TMP\\mim.exe sekurlsa::LogonPasswords &gt; C:\\TMP\\o.txt""},{""@Name"":""Origin ID"",""#text"":""0""},{""@Name"":""Origin Name"",""#text"":""Unknown""},{""@Name"":""Execution ID"",""#text"":""0""},{""@Name"":""Execution Name"",""#text"":""Unknown""},{""@Name"":""Type ID"",""#text"":""0""},{""@Name"":""Type Name"",""#text"":""Concrete""},{""@Name"":""Pre Execution Status"",""#text"":""0""},{""@Name"":""Action ID"",""#text"":""9""},{""@Name"":""Action Name"",""#text"":""Not Applicable""},{""@Name"":""Unused4""},{""@Name"":""Error Code"",""#text"":""0x00000000""},{""@Name"":""Error Description"",""#text"":""The operation completed successfully. ""},{""@Name"":""Unused5""},{""@Name"":""Post Clean Status"",""#text"":""0""},{""@Name"":""Additional Actions ID"",""#text"":""0""},{""@Name"":""Additional Actions String"",""#text"":""No additional actions required""},{""@Name"":""Remediation User""},{""@Name"":""Unused6""},{""@Name"":""Security intelligence Version"",""#text"":""AV: 1.433.130.0, AS: 1.433.130.0, NIS: 1.433.130.0""},{""@Name"":""Engine Version"",""#text"":""AM: 1.1.25060.6, NIS: 1.1.25060.6""}]}}"
330,330,2025-07-29 17:58:51.2282327,1117,Info,Microsoft-Windows-Windows Defender,Microsoft-Windows-Windows Defender/Operational,2332,2740,DESKTOP-5A3QN5S,4,S-1-5-18,Detection - The antimalware platform performed an action to protect your system from malware or other potentially unwanted software,Detection User: NT AUTHORITY\SYSTEM,,Malware name: HackTool:Win32/Mimikatz.I,Description: Tool (High),Detection Time: 2025-07-29T17:58:20.429Z,Process (if real-time detection): Unknown,Detection ID: {CBEC2149-FE09-4C48-B46D-4F377C241F69},,CmdLine:_C:\Windows\System32\at.exe 13:00 C:\TMP\mim.exe sekurlsa::LogonPasswords &gt; C:\TMP\o.txt,False,C:\Users\VM\Desktop\WindowsDefender.evtx,Classic,0,"{""EventData"":{""Data"":[{""@Name"":""Product Name"",""#text"":""Microsoft Defender Antivirus""},{""@Name"":""Product Version"",""#text"":""4.18.25060.7""},{""@Name"":""Detection ID"",""#text"":""{CBEC2149-FE09-4C48-B46D-4F377C241F69}""},{""@Name"":""Detection Time"",""#text"":""2025-07-29T17:58:20.429Z""},{""@Name"":""Unused""},{""@Name"":""Unused2""},{""@Name"":""Threat ID"",""#text"":""2147741009""},{""@Name"":""Threat Name"",""#text"":""HackTool:Win32/Mimikatz.I""},{""@Name"":""Severity ID"",""#text"":""4""},{""@Name"":""Severity Name"",""#text"":""High""},{""@Name"":""Category ID"",""#text"":""34""},{""@Name"":""Category Name"",""#text"":""Tool""},{""@Name"":""FWLink"",""#text"":""https://go.microsoft.com/fwlink/?linkid=37020&amp;name=HackTool:Win32/Mimikatz.I&amp;threatid=2147741009&amp;enterprise=0""},{""@Name"":""Status Code"",""#text"":""4""},{""@Name"":""Status Description""},{""@Name"":""State"",""#text"":""2""},{""@Name"":""Source ID"",""#text"":""2""},{""@Name"":""Source Name"",""#text"":""System""},{""@Name"":""Process Name"",""#text"":""Unknown""},{""@Name"":""Detection User"",""#text"":""NT AUTHORITY\\SYSTEM""},{""@Name"":""Unused3""},{""@Name"":""Path"",""#text"":""CmdLine:_C:\\Windows\\System32\\at.exe 13:00 C:\\TMP\\mim.exe sekurlsa::LogonPasswords &gt; C:\\TMP\\o.txt""},{""@Name"":""Origin ID"",""#text"":""0""},{""@Name"":""Origin Name"",""#text"":""Unknown""},{""@Name"":""Execution ID"",""#text"":""0""},{""@Name"":""Execution Name"",""#text"":""Unknown""},{""@Name"":""Type ID"",""#text"":""0""},{""@Name"":""Type Name"",""#text"":""Concrete""},{""@Name"":""Pre Execution Status"",""#text"":""0""},{""@Name"":""Action ID"",""#text"":""3""},{""@Name"":""Action Name"",""#text"":""Remove""},{""@Name"":""Unused4""},{""@Name"":""Error Code"",""#text"":""0x00000000""},{""@Name"":""Error Description"",""#text"":""The operation completed successfully. ""},{""@Name"":""Unused5""},{""@Name"":""Post Clean Status"",""#text"":""0""},{""@Name"":""Additional Actions ID"",""#text"":""0""},{""@Name"":""Additional Actions String"",""#text"":""No additional actions required""},{""@Name"":""Remediation User"",""#text"":""NT AUTHORITY\\SYSTEM""},{""@Name"":""Unused6""},{""@Name"":""Security intelligence Version"",""#text"":""AV: 1.433.130.0, AS: 1.433.130.0, NIS: 1.433.130.0""},{""@Name"":""Engine Version"",""#text"":""AM: 1.1.25060.6, NIS: 1.1.25060.6""}]}}"
331,331,2025-07-29 17:58:51.2353559,1116,Warning,Microsoft-Windows-Windows Defender,Microsoft-Windows-Windows Defender/Operational,2332,2740,DESKTOP-5A3QN5S,4,S-1-5-18,Detection - The antimalware platform detected malware or other potentially unwanted software,Detection User: NT AUTHORITY\SYSTEM,,Malware name: HackTool:Win32/Mimikatz.I,Description: Tool (High),Detection Time: 2025-07-29T17:58:49.338Z,Process (if real-time detection): Unknown,Detection ID: {44CC6E9C-0D0A-4A76-9D0D-3A62E8D233EB},,CmdLine:_C:\Windows\System32\schtasks.exe /create /f /sc minute /mo 5 /tn GameOver /tr C:\TMP\mim.exe sekurlsa::LogonPasswords &gt; C:\TMP\o.txt,False,C:\Users\VM\Desktop\WindowsDefender.evtx,Classic,0,"{""EventData"":{""Data"":[{""@Name"":""Product Name"",""#text"":""Microsoft Defender Antivirus""},{""@Name"":""Product Version"",""#text"":""4.18.25060.7""},{""@Name"":""Detection ID"",""#text"":""{44CC6E9C-0D0A-4A76-9D0D-3A62E8D233EB}""},{""@Name"":""Detection Time"",""#text"":""2025-07-29T17:58:49.338Z""},{""@Name"":""Unused""},{""@Name"":""Unused2""},{""@Name"":""Threat ID"",""#text"":""2147741009""},{""@Name"":""Threat Name"",""#text"":""HackTool:Win32/Mimikatz.I""},{""@Name"":""Severity ID"",""#text"":""4""},{""@Name"":""Severity Name"",""#text"":""High""},{""@Name"":""Category ID"",""#text"":""34""},{""@Name"":""Category Name"",""#text"":""Tool""},{""@Name"":""FWLink"",""#text"":""https://go.microsoft.com/fwlink/?linkid=37020&amp;name=HackTool:Win32/Mimikatz.I&amp;threatid=2147741009&amp;enterprise=0""},{""@Name"":""Status Code"",""#text"":""1""},{""@Name"":""Status Description""},{""@Name"":""State"",""#text"":""1""},{""@Name"":""Source ID"",""#text"":""2""},{""@Name"":""Source Name"",""#text"":""System""},{""@Name"":""Process Name"",""#text"":""Unknown""},{""@Name"":""Detection User"",""#text"":""NT AUTHORITY\\SYSTEM""},{""@Name"":""Unused3""},{""@Name"":""Path"",""#text"":""CmdLine:_C:\\Windows\\System32\\schtasks.exe /create /f /sc minute /mo 5 /tn GameOver /tr C:\\TMP\\mim.exe sekurlsa::LogonPasswords &gt; C:\\TMP\\o.txt""},{""@Name"":""Origin ID"",""#text"":""0""},{""@Name"":""Origin Name"",""#text"":""Unknown""},{""@Name"":""Execution ID"",""#text"":""0""},{""@Name"":""Execution Name"",""#text"":""Unknown""},{""@Name"":""Type ID"",""#text"":""0""},{""@Name"":""Type Name"",""#text"":""Concrete""},{""@Name"":""Pre Execution Status"",""#text"":""0""},{""@Name"":""Action ID"",""#text"":""9""},{""@Name"":""Action Name"",""#text"":""Not Applicable""},{""@Name"":""Unused4""},{""@Name"":""Error Code"",""#text"":""0x00000000""},{""@Name"":""Error Description"",""#text"":""The operation completed successfully. ""},{""@Name"":""Unused5""},{""@Name"":""Post Clean Status"",""#text"":""0""},{""@Name"":""Additional Actions ID"",""#text"":""0""},{""@Name"":""Additional Actions String"",""#text"":""No additional actions required""},{""@Name"":""Remediation User""},{""@Name"":""Unused6""},{""@Name"":""Security intelligence Version"",""#text"":""AV: 1.433.130.0, AS: 1.433.130.0, NIS: 1.433.130.0""},{""@Name"":""Engine Version"",""#text"":""AM: 1.1.25060.6, NIS: 1.1.25060.6""}]}}"
332,332,2025-07-29 17:58:55.2323842,1116,Warning,Microsoft-Windows-Windows Defender,Microsoft-Windows-Windows Defender/Operational,2332,3664,DESKTOP-5A3QN5S,4,S-1-5-18,Detection - The antimalware platform detected malware or other potentially unwanted software,"Detection User: ",,Malware name: Behavior:Win32/AccessibilityEscalation.F,Description: Suspicious Behavior (Severe),Detection Time: 2025-07-29T17:58:55.223Z,Process (if real-time detection): Unknown,Detection ID: {9AE796BB-B26B-4C7A-A12C-9AE8DC19DE5A},,"behavior:_process: C:\Windows\System32\reg.exe, pid:1432:237165111778183; process:_pid:1432,ProcessStart:133982855351337759",False,C:\Users\VM\Desktop\WindowsDefender.evtx,Classic,0,"{""EventData"":{""Data"":[{""@Name"":""Product Name"",""#text"":""Microsoft Defender Antivirus""},{""@Name"":""Product Version"",""#text"":""4.18.25060.7""},{""@Name"":""Detection ID"",""#text"":""{9AE796BB-B26B-4C7A-A12C-9AE8DC19DE5A}""},{""@Name"":""Detection Time"",""#text"":""2025-07-29T17:58:55.223Z""},{""@Name"":""Unused""},{""@Name"":""Unused2""},{""@Name"":""Threat ID"",""#text"":""2147727883""},{""@Name"":""Threat Name"",""#text"":""Behavior:Win32/AccessibilityEscalation.F""},{""@Name"":""Severity ID"",""#text"":""5""},{""@Name"":""Severity Name"",""#text"":""Severe""},{""@Name"":""Category ID"",""#text"":""46""},{""@Name"":""Category Name"",""#text"":""Suspicious Behavior""},{""@Name"":""FWLink"",""#text"":""https://go.microsoft.com/fwlink/?linkid=37020&amp;name=Behavior:Win32/AccessibilityEscalation.F&amp;threatid=2147727883&amp;enterprise=0""},{""@Name"":""Status Code"",""#text"":""1""},{""@Name"":""Status Description""},{""@Name"":""State"",""#text"":""1""},{""@Name"":""Source ID"",""#text"":""0""},{""@Name"":""Source Name"",""#text"":""Unknown""},{""@Name"":""Process Name"",""#text"":""Unknown""},{""@Name"":""Detection User""},{""@Name"":""Unused3""},{""@Name"":""Path"",""#text"":""behavior:_process: C:\\Windows\\System32\\reg.exe, pid:1432:237165111778183; process:_pid:1432,ProcessStart:133982855351337759""},{""@Name"":""Origin ID"",""#text"":""0""},{""@Name"":""Origin Name"",""#text"":""Unknown""},{""@Name"":""Execution ID"",""#text"":""3""},{""@Name"":""Execution Name"",""#text"":""Executing""},{""@Name"":""Type ID"",""#text"":""0""},{""@Name"":""Type Name"",""#text"":""Concrete""},{""@Name"":""Pre Execution Status"",""#text"":""0""},{""@Name"":""Action ID"",""#text"":""9""},{""@Name"":""Action Name"",""#text"":""Not Applicable""},{""@Name"":""Unused4""},{""@Name"":""Error Code"",""#text"":""0x00000000""},{""@Name"":""Error Description"",""#text"":""The operation completed successfully. ""},{""@Name"":""Unused5""},{""@Name"":""Post Clean Status"",""#text"":""0""},{""@Name"":""Additional Actions ID"",""#text"":""0""},{""@Name"":""Additional Actions String"",""#text"":""No additional actions required""},{""@Name"":""Remediation User""},{""@Name"":""Unused6""},{""@Name"":""Security intelligence Version"",""#text"":""AV: 1.433.130.0, AS: 1.433.130.0, NIS: 1.433.130.0""},{""@Name"":""Engine Version"",""#text"":""AM: 1.1.25060.6, NIS: 1.1.25060.6""}]}}"
333,333,2025-07-29 17:58:55.3424560,1117,Info,Microsoft-Windows-Windows Defender,Microsoft-Windows-Windows Defender/Operational,2332,2740,DESKTOP-5A3QN5S,4,S-1-5-18,Detection - The antimalware platform performed an action to protect your system from malware or other potentially unwanted software,"Detection User: ",,Malware name: Behavior:Win32/AccessibilityEscalation.F,Description: Suspicious Behavior (Severe),Detection Time: 2025-07-29T17:58:55.223Z,Process (if real-time detection): Unknown,Detection ID: {9AE796BB-B26B-4C7A-A12C-9AE8DC19DE5A},,"behavior:_process: C:\Windows\System32\reg.exe, pid:1432:237165111778183; process:_pid:1432,ProcessStart:133982855351337759",False,C:\Users\VM\Desktop\WindowsDefender.evtx,Classic,0,"{""EventData"":{""Data"":[{""@Name"":""Product Name"",""#text"":""Microsoft Defender Antivirus""},{""@Name"":""Product Version"",""#text"":""4.18.25060.7""},{""@Name"":""Detection ID"",""#text"":""{9AE796BB-B26B-4C7A-A12C-9AE8DC19DE5A}""},{""@Name"":""Detection Time"",""#text"":""2025-07-29T17:58:55.223Z""},{""@Name"":""Unused""},{""@Name"":""Unused2""},{""@Name"":""Threat ID"",""#text"":""2147727883""},{""@Name"":""Threat Name"",""#text"":""Behavior:Win32/AccessibilityEscalation.F""},{""@Name"":""Severity ID"",""#text"":""5""},{""@Name"":""Severity Name"",""#text"":""Severe""},{""@Name"":""Category ID"",""#text"":""46""},{""@Name"":""Category Name"",""#text"":""Suspicious Behavior""},{""@Name"":""FWLink"",""#text"":""https://go.microsoft.com/fwlink/?linkid=37020&amp;name=Behavior:Win32/AccessibilityEscalation.F&amp;threatid=2147727883&amp;enterprise=0""},{""@Name"":""Status Code"",""#text"":""4""},{""@Name"":""Status Description""},{""@Name"":""State"",""#text"":""2""},{""@Name"":""Source ID"",""#text"":""0""},{""@Name"":""Source Name"",""#text"":""Unknown""},{""@Name"":""Process Name"",""#text"":""Unknown""},{""@Name"":""Detection User""},{""@Name"":""Unused3""},{""@Name"":""Path"",""#text"":""behavior:_process: C:\\Windows\\System32\\reg.exe, pid:1432:237165111778183; process:_pid:1432,ProcessStart:133982855351337759""},{""@Name"":""Origin ID"",""#text"":""0""},{""@Name"":""Origin Name"",""#text"":""Unknown""},{""@Name"":""Execution ID"",""#text"":""3""},{""@Name"":""Execution Name"",""#text"":""Executing""},{""@Name"":""Type ID"",""#text"":""0""},{""@Name"":""Type Name"",""#text"":""Concrete""},{""@Name"":""Pre Execution Status"",""#text"":""3""},{""@Name"":""Action ID"",""#text"":""3""},{""@Name"":""Action Name"",""#text"":""Remove""},{""@Name"":""Unused4""},{""@Name"":""Error Code"",""#text"":""0x00000000""},{""@Name"":""Error Description"",""#text"":""The operation completed successfully. ""},{""@Name"":""Unused5""},{""@Name"":""Post Clean Status"",""#text"":""0""},{""@Name"":""Additional Actions ID"",""#text"":""0""},{""@Name"":""Additional Actions String"",""#text"":""No additional actions required""},{""@Name"":""Remediation User"",""#text"":""NT AUTHORITY\\SYSTEM""},{""@Name"":""Unused6""},{""@Name"":""Security intelligence Version"",""#text"":""AV: 1.433.130.0, AS: 1.433.130.0, NIS: 1.433.130.0""},{""@Name"":""Engine Version"",""#text"":""AM: 1.1.25060.6, NIS: 1.1.25060.6""}]}}"
334,334,2025-07-29 17:58:55.3463917,1116,Warning,Microsoft-Windows-Windows Defender,Microsoft-Windows-Windows Defender/Operational,2332,3416,DESKTOP-5A3QN5S,4,S-1-5-18,Detection - The antimalware platform detected malware or other potentially unwanted software,Detection User: NT AUTHORITY\SYSTEM,,Malware name: Behavior:Win32/AccessibilityEscalation.F,Description: Suspicious Behavior (Severe),Detection Time: 2025-07-29T17:58:55.324Z,Process (if real-time detection): Unknown,Detection ID: {8F3DCB59-5DC2-4944-92F5-1769C8D75D2B},,"behavior:_process: C:\Windows\System32\reg.exe, pid:1432:237165111778183; regkeyvalue:_HKLM\SOFTWARE\Microsoft\Windows NT\CurrentVersion\Image File Execution Options\sethc.exe\\Debugger",False,C:\Users\VM\Desktop\WindowsDefender.evtx,Classic,0,"{""EventData"":{""Data"":[{""@Name"":""Product Name"",""#text"":""Microsoft Defender Antivirus""},{""@Name"":""Product Version"",""#text"":""4.18.25060.7""},{""@Name"":""Detection ID"",""#text"":""{8F3DCB59-5DC2-4944-92F5-1769C8D75D2B}""},{""@Name"":""Detection Time"",""#text"":""2025-07-29T17:58:55.324Z""},{""@Name"":""Unused""},{""@Name"":""Unused2""},{""@Name"":""Threat ID"",""#text"":""2147727883""},{""@Name"":""Threat Name"",""#text"":""Behavior:Win32/AccessibilityEscalation.F""},{""@Name"":""Severity ID"",""#text"":""5""},{""@Name"":""Severity Name"",""#text"":""Severe""},{""@Name"":""Category ID"",""#text"":""46""},{""@Name"":""Category Name"",""#text"":""Suspicious Behavior""},{""@Name"":""FWLink"",""#text"":""https://go.microsoft.com/fwlink/?linkid=37020&amp;name=Behavior:Win32/AccessibilityEscalation.F&amp;threatid=2147727883&amp;enterprise=0""},{""@Name"":""Status Code"",""#text"":""1""},{""@Name"":""Status Description""},{""@Name"":""State"",""#text"":""1""},{""@Name"":""Source ID"",""#text"":""2""},{""@Name"":""Source Name"",""#text"":""System""},{""@Name"":""Process Name"",""#text"":""Unknown""},{""@Name"":""Detection User"",""#text"":""NT AUTHORITY\\SYSTEM""},{""@Name"":""Unused3""},{""@Name"":""Path"",""#text"":""behavior:_process: C:\\Windows\\System32\\reg.exe, pid:1432:237165111778183; regkeyvalue:_HKLM\\SOFTWARE\\Microsoft\\Windows NT\\CurrentVersion\\Image File Execution Options\\sethc.exe\\\\Debugger""},{""@Name"":""Origin ID"",""#text"":""0""},{""@Name"":""Origin Name"",""#text"":""Unknown""},{""@Name"":""Execution ID"",""#text"":""0""},{""@Name"":""Execution Name"",""#text"":""Unknown""},{""@Name"":""Type ID"",""#text"":""0""},{""@Name"":""Type Name"",""#text"":""Concrete""},{""@Name"":""Pre Execution Status"",""#text"":""0""},{""@Name"":""Action ID"",""#text"":""9""},{""@Name"":""Action Name"",""#text"":""Not Applicable""},{""@Name"":""Unused4""},{""@Name"":""Error Code"",""#text"":""0x00000000""},{""@Name"":""Error Description"",""#text"":""The operation completed successfully. ""},{""@Name"":""Unused5""},{""@Name"":""Post Clean Status"",""#text"":""0""},{""@Name"":""Additional Actions ID"",""#text"":""0""},{""@Name"":""Additional Actions String"",""#text"":""No additional actions required""},{""@Name"":""Remediation User""},{""@Name"":""Unused6""},{""@Name"":""Security intelligence Version"",""#text"":""AV: 1.433.130.0, AS: 1.433.130.0, NIS: 1.433.130.0""},{""@Name"":""Engine Version"",""#text"":""AM: 1.1.25060.6, NIS: 1.1.25060.6""}]}}"
335,335,2025-07-29 17:58:55.3608556,1116,Warning,Microsoft-Windows-Windows Defender,Microsoft-Windows-Windows Defender/Operational,2332,2740,DESKTOP-5A3QN5S,4,S-1-5-18,Detection - The antimalware platform detected malware or other potentially unwanted software,Detection User: NT AUTHORITY\SYSTEM,,Malware name: Behavior:Win32/AccessibilityEscalation.F,Description: Suspicious Behavior (Severe),Detection Time: 2025-07-29T17:58:55.324Z,Process (if real-time detection): Unknown,Detection ID: {8F3DCB59-5DC2-4944-92F5-1769C8D75D2B},,"behavior:_process: C:\Windows\System32\reg.exe, pid:1432:237165111778183; regkeyvalue:_HKLM\SOFTWARE\Microsoft\Windows NT\CurrentVersion\Image File Execution Options\sethc.exe\\Debugger",False,C:\Users\VM\Desktop\WindowsDefender.evtx,Classic,0,"{""EventData"":{""Data"":[{""@Name"":""Product Name"",""#text"":""Microsoft Defender Antivirus""},{""@Name"":""Product Version"",""#text"":""4.18.25060.7""},{""@Name"":""Detection ID"",""#text"":""{8F3DCB59-5DC2-4944-92F5-1769C8D75D2B}""},{""@Name"":""Detection Time"",""#text"":""2025-07-29T17:58:55.324Z""},{""@Name"":""Unused""},{""@Name"":""Unused2""},{""@Name"":""Threat ID"",""#text"":""2147727883""},{""@Name"":""Threat Name"",""#text"":""Behavior:Win32/AccessibilityEscalation.F""},{""@Name"":""Severity ID"",""#text"":""5""},{""@Name"":""Severity Name"",""#text"":""Severe""},{""@Name"":""Category ID"",""#text"":""46""},{""@Name"":""Category Name"",""#text"":""Suspicious Behavior""},{""@Name"":""FWLink"",""#text"":""https://go.microsoft.com/fwlink/?linkid=37020&amp;name=Behavior:Win32/AccessibilityEscalation.F&amp;threatid=2147727883&amp;enterprise=0""},{""@Name"":""Status Code"",""#text"":""1""},{""@Name"":""Status Description""},{""@Name"":""State"",""#text"":""1""},{""@Name"":""Source ID"",""#text"":""2""},{""@Name"":""Source Name"",""#text"":""System""},{""@Name"":""Process Name"",""#text"":""Unknown""},{""@Name"":""Detection User"",""#text"":""NT AUTHORITY\\SYSTEM""},{""@Name"":""Unused3""},{""@Name"":""Path"",""#text"":""behavior:_process: C:\\Windows\\System32\\reg.exe, pid:1432:237165111778183; regkeyvalue:_HKLM\\SOFTWARE\\Microsoft\\Windows NT\\CurrentVersion\\Image File Execution Options\\sethc.exe\\\\Debugger""},{""@Name"":""Origin ID"",""#text"":""0""},{""@Name"":""Origin Name"",""#text"":""Unknown""},{""@Name"":""Execution ID"",""#text"":""0""},{""@Name"":""Execution Name"",""#text"":""Unknown""},{""@Name"":""Type ID"",""#text"":""0""},{""@Name"":""Type Name"",""#text"":""Concrete""},{""@Name"":""Pre Execution Status"",""#text"":""0""},{""@Name"":""Action ID"",""#text"":""9""},{""@Name"":""Action Name"",""#text"":""Not Applicable""},{""@Name"":""Unused4""},{""@Name"":""Error Code"",""#text"":""0x00000000""},{""@Name"":""Error Description"",""#text"":""The operation completed successfully. ""},{""@Name"":""Unused5""},{""@Name"":""Post Clean Status"",""#text"":""0""},{""@Name"":""Additional Actions ID"",""#text"":""0""},{""@Name"":""Additional Actions String"",""#text"":""No additional actions required""},{""@Name"":""Remediation User""},{""@Name"":""Unused6""},{""@Name"":""Security intelligence Version"",""#text"":""AV: 1.433.130.0, AS: 1.433.130.0, NIS: 1.433.130.0""},{""@Name"":""Engine Version"",""#text"":""AM: 1.1.25060.6, NIS: 1.1.25060.6""}]}}"
336,336,2025-07-29 17:58:55.8911412,5007,Info,Microsoft-Windows-Windows Defender,Microsoft-Windows-Windows Defender/Operational,2332,5736,DESKTOP-5A3QN5S,4,S-1-5-18,The antimalware platform configuration changed,,,Old Value: HKLM\SOFTWARE\Microsoft\Windows Defender\SpyNet\LastMAPSFailureTimeString = 2025-07-29T17:58:38Z,New Value: HKLM\SOFTWARE\Microsoft\Windows Defender\SpyNet\LastMAPSFailureTimeString = 2025-07-29T17:58:55Z,,,,,,False,C:\Users\VM\Desktop\WindowsDefender.evtx,Classic,0,"{""EventData"":{""Data"":[{""@Name"":""Product Name"",""#text"":""Microsoft Defender Antivirus""},{""@Name"":""Product Version"",""#text"":""4.18.25060.7""},{""@Name"":""Old Value"",""#text"":""HKLM\\SOFTWARE\\Microsoft\\Windows Defender\\SpyNet\\LastMAPSFailureTimeString = 2025-07-29T17:58:38Z""},{""@Name"":""New Value"",""#text"":""HKLM\\SOFTWARE\\Microsoft\\Windows Defender\\SpyNet\\LastMAPSFailureTimeString = 2025-07-29T17:58:55Z""}]}}"
337,337,2025-07-29 17:58:56.5745289,5007,Info,Microsoft-Windows-Windows Defender,Microsoft-Windows-Windows Defender/Operational,2332,4988,DESKTOP-5A3QN5S,4,S-1-5-18,The antimalware platform configuration changed,,,Old Value: HKLM\SOFTWARE\Microsoft\Windows Defender\SpyNet\LastMAPSFailureTimeString = 2025-07-29T17:58:55Z,New Value: HKLM\SOFTWARE\Microsoft\Windows Defender\SpyNet\LastMAPSFailureTimeString = 2025-07-29T17:58:56Z,,,,,,False,C:\Users\VM\Desktop\WindowsDefender.evtx,Classic,0,"{""EventData"":{""Data"":[{""@Name"":""Product Name"",""#text"":""Microsoft Defender Antivirus""},{""@Name"":""Product Version"",""#text"":""4.18.25060.7""},{""@Name"":""Old Value"",""#text"":""HKLM\\SOFTWARE\\Microsoft\\Windows Defender\\SpyNet\\LastMAPSFailureTimeString = 2025-07-29T17:58:55Z""},{""@Name"":""New Value"",""#text"":""HKLM\\SOFTWARE\\Microsoft\\Windows Defender\\SpyNet\\LastMAPSFailureTimeString = 2025-07-29T17:58:56Z""}]}}"
338,338,2025-07-29 17:58:57.8044446,5007,Info,Microsoft-Windows-Windows Defender,Microsoft-Windows-Windows Defender/Operational,2332,5736,DESKTOP-5A3QN5S,4,S-1-5-18,The antimalware platform configuration changed,,,Old Value: HKLM\SOFTWARE\Microsoft\Windows Defender\SpyNet\LastMAPSFailureTimeString = 2025-07-29T17:58:56Z,New Value: HKLM\SOFTWARE\Microsoft\Windows Defender\SpyNet\LastMAPSFailureTimeString = 2025-07-29T17:58:57Z,,,,,,False,C:\Users\VM\Desktop\WindowsDefender.evtx,Classic,0,"{""EventData"":{""Data"":[{""@Name"":""Product Name"",""#text"":""Microsoft Defender Antivirus""},{""@Name"":""Product Version"",""#text"":""4.18.25060.7""},{""@Name"":""Old Value"",""#text"":""HKLM\\SOFTWARE\\Microsoft\\Windows Defender\\SpyNet\\LastMAPSFailureTimeString = 2025-07-29T17:58:56Z""},{""@Name"":""New Value"",""#text"":""HKLM\\SOFTWARE\\Microsoft\\Windows Defender\\SpyNet\\LastMAPSFailureTimeString = 2025-07-29T17:58:57Z""}]}}"
339,339,2025-07-29 17:59:01.0591358,1116,Warning,Microsoft-Windows-Windows Defender,Microsoft-Windows-Windows Defender/Operational,2332,3416,DESKTOP-5A3QN5S,4,S-1-5-18,Detection - The antimalware platform detected malware or other potentially unwanted software,Detection User: NT AUTHORITY\SYSTEM,,Malware name: HackTool:Win32/Mimikatz.I,Description: Tool (High),Detection Time: 2025-07-29T17:59:01.041Z,Process (if real-time detection): Unknown,Detection ID: {0C5A6A5E-2E48-4501-AB62-E58AE0A2B8D3},,CmdLine:_C:\Windows\System32\reg.exe ADD HKCU\Environment /f /v UserInitMprLogonScript /t REG_MULTI_SZ /d C:\TMP\mim.exe sekurlsa::LogonPasswords &gt; C:\TMP\o.txt,False,C:\Users\VM\Desktop\WindowsDefender.evtx,Classic,0,"{""EventData"":{""Data"":[{""@Name"":""Product Name"",""#text"":""Microsoft Defender Antivirus""},{""@Name"":""Product Version"",""#text"":""4.18.25060.7""},{""@Name"":""Detection ID"",""#text"":""{0C5A6A5E-2E48-4501-AB62-E58AE0A2B8D3}""},{""@Name"":""Detection Time"",""#text"":""2025-07-29T17:59:01.041Z""},{""@Name"":""Unused""},{""@Name"":""Unused2""},{""@Name"":""Threat ID"",""#text"":""2147741009""},{""@Name"":""Threat Name"",""#text"":""HackTool:Win32/Mimikatz.I""},{""@Name"":""Severity ID"",""#text"":""4""},{""@Name"":""Severity Name"",""#text"":""High""},{""@Name"":""Category ID"",""#text"":""34""},{""@Name"":""Category Name"",""#text"":""Tool""},{""@Name"":""FWLink"",""#text"":""https://go.microsoft.com/fwlink/?linkid=37020&amp;name=HackTool:Win32/Mimikatz.I&amp;threatid=2147741009&amp;enterprise=0""},{""@Name"":""Status Code"",""#text"":""1""},{""@Name"":""Status Description""},{""@Name"":""State"",""#text"":""1""},{""@Name"":""Source ID"",""#text"":""2""},{""@Name"":""Source Name"",""#text"":""System""},{""@Name"":""Process Name"",""#text"":""Unknown""},{""@Name"":""Detection User"",""#text"":""NT AUTHORITY\\SYSTEM""},{""@Name"":""Unused3""},{""@Name"":""Path"",""#text"":""CmdLine:_C:\\Windows\\System32\\reg.exe ADD HKCU\\Environment /f /v UserInitMprLogonScript /t REG_MULTI_SZ /d C:\\TMP\\mim.exe sekurlsa::LogonPasswords &gt; C:\\TMP\\o.txt""},{""@Name"":""Origin ID"",""#text"":""0""},{""@Name"":""Origin Name"",""#text"":""Unknown""},{""@Name"":""Execution ID"",""#text"":""0""},{""@Name"":""Execution Name"",""#text"":""Unknown""},{""@Name"":""Type ID"",""#text"":""0""},{""@Name"":""Type Name"",""#text"":""Concrete""},{""@Name"":""Pre Execution Status"",""#text"":""0""},{""@Name"":""Action ID"",""#text"":""9""},{""@Name"":""Action Name"",""#text"":""Not Applicable""},{""@Name"":""Unused4""},{""@Name"":""Error Code"",""#text"":""0x00000000""},{""@Name"":""Error Description"",""#text"":""The operation completed successfully. ""},{""@Name"":""Unused5""},{""@Name"":""Post Clean Status"",""#text"":""0""},{""@Name"":""Additional Actions ID"",""#text"":""0""},{""@Name"":""Additional Actions String"",""#text"":""No additional actions required""},{""@Name"":""Remediation User""},{""@Name"":""Unused6""},{""@Name"":""Security intelligence Version"",""#text"":""AV: 1.433.130.0, AS: 1.433.130.0, NIS: 1.433.130.0""},{""@Name"":""Engine Version"",""#text"":""AM: 1.1.25060.6, NIS: 1.1.25060.6""}]}}"
