285,285,2025-07-29 17:39:06.7431012,5007,Info,Microsoft-Windows-Windows Defender,Microsoft-Windows-Windows Defender/Operational,2344,5216,DESKTOP-5A3QN5S,3,S-1-5-18,The antimalware platform configuration changed,,,Old Value: HKLM\SOFTWARE\Microsoft\Windows Defender\Diagnostics\CleanupComponentProgress = CleanupCompleted,New Value: HKLM\SOFTWARE\Microsoft\Windows Defender\Diagnostics\CleanupComponentProgress = CleanupEngine,,,,,,False,C:\Users\VM\Desktop\WindowsDefender.evtx,Classic,0,"{""EventData"":{""Data"":[{""@Name"":""Product Name"",""#text"":""Microsoft Defender Antivirus""},{""@Name"":""Product Version"",""#text"":""4.18.25060.7""},{""@Name"":""Old Value"",""#text"":""HKLM\\SOFTWARE\\Microsoft\\Windows Defender\\Diagnostics\\CleanupComponentProgress = CleanupCompleted""},{""@Name"":""New Value"",""#text"":""HKLM\\SOFTWARE\\Microsoft\\Windows Defender\\Diagnostics\\CleanupComponentProgress = CleanupEngine""}]}}"
286,286,2025-07-29 17:40:21.5457119,5007,Info,Microsoft-Windows-Windows Defender,Microsoft-Windows-Windows Defender/Operational,2332,2580,DESKTOP-5A3QN5S,3,S-1-5-18,The antimalware platform configuration changed,,,Old Value: Default\IsServiceRunning = 0x0,New Value: HKLM\SOFTWARE\Microsoft\Windows Defender\IsServiceRunning = 0x1,,,,,,False,C:\Users\VM\Desktop\WindowsDefender.evtx,Classic,0,"{""EventData"":{""Data"":[{""@Name"":""Product Name"",""#text"":""Microsoft Defender Antivirus""},{""@Name"":""Product Version"",""#text"":""4.18.25060.7""},{""@Name"":""Old Value"",""#text"":""Default\\IsServiceRunning = 0x0""},{""@Name"":""New Value"",""#text"":""HKLM\\SOFTWARE\\Microsoft\\Windows Defender\\IsServiceRunning = 0x1""}]}}"
287,287,2025-07-29 17:40:21.5459520,5007,Info,Microsoft-Windows-Windows Defender,Microsoft-Windows-Windows Defender/Operational,2332,2580,DESKTOP-5A3QN5S,3,S-1-5-18,The antimalware platform configuration changed,,,Old Value: HKLM\SOFTWARE\Microsoft\Windows Defender\CoreService\WdConfigHash = 0xA56AE1F0,New Value: HKLM\SOFTWARE\Microsoft\Windows Defender\CoreService\WdConfigHash = 0x89DC495A,,,,,,False,C:\Users\VM\Desktop\WindowsDefender.evtx,Classic,0,"{""EventData"":{""Data"":[{""@Name"":""Product Name"",""#text"":""Microsoft Defender Antivirus""},{""@Name"":""Product Version"",""#text"":""4.18.25060.7""},{""@Name"":""Old Value"",""#text"":""HKLM\\SOFTWARE\\Microsoft\\Windows Defender\\CoreService\\WdConfigHash = 0xA56AE1F0""},{""@Name"":""New Value"",""#text"":""HKLM\\SOFTWARE\\Microsoft\\Windows Defender\\CoreService\\WdConfigHash = 0x89DC495A""}]}}"
288,288,2025-07-29 17:40:21.5467209,5007,Info,Microsoft-Windows-Windows Defender,Microsoft-Windows-Windows Defender/Operational,2332,2580,DESKTOP-5A3QN5S,3,S-1-5-18,The antimalware platform configuration changed,,,Old Value: HKLM\SOFTWARE\Microsoft\Windows Defender\Diagnostics\InitializingComponentProgress = InitializeMiscConfigLibrary,New Value: HKLM\SOFTWARE\Microsoft\Windows Defender\Diagnostics\InitializingComponentProgress = PostPlatformUpdate,,,,,,False,C:\Users\VM\Desktop\WindowsDefender.evtx,Classic,0,"{""EventData"":{""Data"":[{""@Name"":""Product Name"",""#text"":""Microsoft Defender Antivirus""},{""@Name"":""Product Version"",""#text"":""4.18.25060.7""},{""@Name"":""Old Value"",""#text"":""HKLM\\SOFTWARE\\Microsoft\\Windows Defender\\Diagnostics\\InitializingComponentProgress = InitializeMiscConfigLibrary""},{""@Name"":""New Value"",""#text"":""HKLM\\SOFTWARE\\Microsoft\\Windows Defender\\Diagnostics\\InitializingComponentProgress = PostPlatformUpdate""}]}}"
289,289,2025-07-29 17:40:29.1500716,5007,Info,Microsoft-Windows-Windows Defender,Microsoft-Windows-Windows Defender/Operational,2332,2588,DESKTOP-5A3QN5S,3,S-1-5-18,The antimalware platform configuration changed,,,Old Value: HKLM\SOFTWARE\Microsoft\Windows Defender\Diagnostics\InitializingComponentProgress = PostPlatformUpdate,New Value: HKLM\SOFTWARE\Microsoft\Windows Defender\Diagnostics\InitializingComponentProgress = ClientInitAsimov,,,,,,False,C:\Users\VM\Desktop\WindowsDefender.evtx,Classic,0,"{""EventData"":{""Data"":[{""@Name"":""Product Name"",""#text"":""Microsoft Defender Antivirus""},{""@Name"":""Product Version"",""#text"":""4.18.25060.7""},{""@Name"":""Old Value"",""#text"":""HKLM\\SOFTWARE\\Microsoft\\Windows Defender\\Diagnostics\\InitializingComponentProgress = PostPlatformUpdate""},{""@Name"":""New Value"",""#text"":""HKLM\\SOFTWARE\\Microsoft\\Windows Defender\\Diagnostics\\InitializingComponentProgress = ClientInitAsimov""}]}}"
290,290,2025-07-29 17:40:29.6810659,5007,Info,Microsoft-Windows-Windows Defender,Microsoft-Windows-Windows Defender/Operational,2332,2588,DESKTOP-5A3QN5S,3,S-1-5-18,The antimalware platform configuration changed,,,Old Value: HKLM\SOFTWARE\Microsoft\Windows Defender\Diagnostics\InitializingComponentProgress = ClientInitAsimov,New Value: HKLM\SOFTWARE\Microsoft\Windows Defender\Diagnostics\InitializingComponentProgress = LoadingEngine,,,,,,False,C:\Users\VM\Desktop\WindowsDefender.evtx,Classic,0,"{""EventData"":{""Data"":[{""@Name"":""Product Name"",""#text"":""Microsoft Defender Antivirus""},{""@Name"":""Product Version"",""#text"":""4.18.25060.7""},{""@Name"":""Old Value"",""#text"":""HKLM\\SOFTWARE\\Microsoft\\Windows Defender\\Diagnostics\\InitializingComponentProgress = ClientInitAsimov""},{""@Name"":""New Value"",""#text"":""HKLM\\SOFTWARE\\Microsoft\\Windows Defender\\Diagnostics\\InitializingComponentProgress = LoadingEngine""}]}}"
291,291,2025-07-29 17:40:41.6349468,5007,Info,Microsoft-Windows-Windows Defender,Microsoft-Windows-Windows Defender/Operational,2332,2580,DESKTOP-5A3QN5S,3,S-1-5-18,The antimalware platform configuration changed,,,Old Value: HKLM\SOFTWARE\Microsoft\Windows Defender\CoreService\WdConfigHash = 0x89DC495A,New Value: HKLM\SOFTWARE\Microsoft\Windows Defender\CoreService\WdConfigHash = 0xA56AE1F0,,,,,,False,C:\Users\VM\Desktop\WindowsDefender.evtx,Classic,0,"{""EventData"":{""Data"":[{""@Name"":""Product Name"",""#text"":""Microsoft Defender Antivirus""},{""@Name"":""Product Version"",""#text"":""4.18.25060.7""},{""@Name"":""Old Value"",""#text"":""HKLM\\SOFTWARE\\Microsoft\\Windows Defender\\CoreService\\WdConfigHash = 0x89DC495A""},{""@Name"":""New Value"",""#text"":""HKLM\\SOFTWARE\\Microsoft\\Windows Defender\\CoreService\\WdConfigHash = 0xA56AE1F0""}]}}"
292,292,2025-07-29 17:40:41.6362071,5007,Info,Microsoft-Windows-Windows Defender,Microsoft-Windows-Windows Defender/Operational,2332,2580,DESKTOP-5A3QN5S,3,S-1-5-18,The antimalware platform configuration changed,,,Old Value: HKLM\SOFTWARE\Microsoft\Windows Defender\Diagnostics\InitializingComponentProgress = LoadingEngine,New Value: HKLM\SOFTWARE\Microsoft\Windows Defender\Diagnostics\InitializingComponentProgress = ServiceStartedSuccessfully,,,,,,False,C:\Users\VM\Desktop\WindowsDefender.evtx,Classic,0,"{""EventData"":{""Data"":[{""@Name"":""Product Name"",""#text"":""Microsoft Defender Antivirus""},{""@Name"":""Product Version"",""#text"":""4.18.25060.7""},{""@Name"":""Old Value"",""#text"":""HKLM\\SOFTWARE\\Microsoft\\Windows Defender\\Diagnostics\\InitializingComponentProgress = LoadingEngine""},{""@Name"":""New Value"",""#text"":""HKLM\\SOFTWARE\\Microsoft\\Windows Defender\\Diagnostics\\InitializingComponentProgress = ServiceStartedSuccessfully""}]}}"
293,293,2025-07-29 17:41:29.7167301,5007,Info,Microsoft-Windows-Windows Defender,Microsoft-Windows-Windows Defender/Operational,2332,2588,DESKTOP-5A3QN5S,3,S-1-5-18,The antimalware platform configuration changed,,,Old Value: HKLM\SOFTWARE\Microsoft\Windows Defender\ServiceStartStates = 0x1,New Value: Default\ServiceStartStates = 0x0,,,,,,False,C:\Users\VM\Desktop\WindowsDefender.evtx,Classic,0,"{""EventData"":{""Data"":[{""@Name"":""Product Name"",""#text"":""Microsoft Defender Antivirus""},{""@Name"":""Product Version"",""#text"":""4.18.25060.7""},{""@Name"":""Old Value"",""#text"":""HKLM\\SOFTWARE\\Microsoft\\Windows Defender\\ServiceStartStates = 0x1""},{""@Name"":""New Value"",""#text"":""Default\\ServiceStartStates = 0x0""}]}}"
294,294,2025-07-29 17:41:29.7167360,5007,Info,Microsoft-Windows-Windows Defender,Microsoft-Windows-Windows Defender/Operational,2332,2588,DESKTOP-5A3QN5S,3,S-1-5-18,The antimalware platform configuration changed,,,Old Value: Default\ProductAppDataPath = C:\ProgramData\Microsoft\Windows Defender,New Value: HKLM\SOFTWARE\Microsoft\Windows Defender\ProductAppDataPath = C:\ProgramData\Microsoft\Windows Defender,,,,,,False,C:\Users\VM\Desktop\WindowsDefender.evtx,Classic,0,"{""EventData"":{""Data"":[{""@Name"":""Product Name"",""#text"":""Microsoft Defender Antivirus""},{""@Name"":""Product Version"",""#text"":""4.18.25060.7""},{""@Name"":""Old Value"",""#text"":""Default\\ProductAppDataPath = C:\\ProgramData\\Microsoft\\Windows Defender""},{""@Name"":""New Value"",""#text"":""HKLM\\SOFTWARE\\Microsoft\\Windows Defender\\ProductAppDataPath = C:\\ProgramData\\Microsoft\\Windows Defender""}]}}"
295,295,2025-07-29 17:55:53.2428507,5007,Info,Microsoft-Windows-Windows Defender,Microsoft-Windows-Windows Defender/Operational,2332,3664,DESKTOP-5A3QN5S,3,S-1-5-18,The antimalware platform configuration changed,,,Old Value: HKLM\SOFTWARE\Microsoft\Windows Defender\SpyNet\LastMAPSFailureTimeString = 2025-07-29T17:10:55Z,New Value: HKLM\SOFTWARE\Microsoft\Windows Defender\SpyNet\LastMAPSFailureTimeString = 2025-07-29T17:55:52Z,,,,,,False,C:\Users\VM\Desktop\WindowsDefender.evtx,Classic,0,"{""EventData"":{""Data"":[{""@Name"":""Product Name"",""#text"":""Microsoft Defender Antivirus""},{""@Name"":""Product Version"",""#text"":""4.18.25060.7""},{""@Name"":""Old Value"",""#text"":""HKLM\\SOFTWARE\\Microsoft\\Windows Defender\\SpyNet\\LastMAPSFailureTimeString = 2025-07-29T17:10:55Z""},{""@Name"":""New Value"",""#text"":""HKLM\\SOFTWARE\\Microsoft\\Windows Defender\\SpyNet\\LastMAPSFailureTimeString = 2025-07-29T17:55:52Z""}]}}"
296,296,2025-07-29 17:56:01.5652314,1116,Warning,Microsoft-Windows-Windows Defender,Microsoft-Windows-Windows Defender/Operational,2332,1684,DESKTOP-5A3QN5S,3,S-1-5-18,Detection - The antimalware platform detected malware or other potentially unwanted software,Detection User: DESKTOP-5A3QN5S\VM,,Malware name: Backdoor:PowerShell/Powercat.A,Description: Backdoor (Severe),Detection Time: 2025-07-29T17:56:01.507Z,Process (if real-time detection): C:\Tools\APTSimulator\APTSimulator\helpers\7z.exe,Detection ID: {832F8005-94B6-41C7-9E92-6394F916C396},,file:_C:\TMP\nc.ps1,False,C:\Users\VM\Desktop\WindowsDefender.evtx,Classic,0,"{""EventData"":{""Data"":[{""@Name"":""Product Name"",""#text"":""Microsoft Defender Antivirus""},{""@Name"":""Product Version"",""#text"":""4.18.25060.7""},{""@Name"":""Detection ID"",""#text"":""{832F8005-94B6-41C7-9E92-6394F916C396}""},{""@Name"":""Detection Time"",""#text"":""2025-07-29T17:56:01.507Z""},{""@Name"":""Unused""},{""@Name"":""Unused2""},{""@Name"":""Threat ID"",""#text"":""2147745713""},{""@Name"":""Threat Name"",""#text"":""Backdoor:PowerShell/Powercat.A""},{""@Name"":""Severity ID"",""#text"":""5""},{""@Name"":""Severity Name"",""#text"":""Severe""},{""@Name"":""Category ID"",""#text"":""6""},{""@Name"":""Category Name"",""#text"":""Backdoor""},{""@Name"":""FWLink"",""#text"":""https://go.microsoft.com/fwlink/?linkid=37020&amp;name=Backdoor:PowerShell/Powercat.A&amp;threatid=2147745713&amp;enterprise=0""},{""@Name"":""Status Code"",""#text"":""1""},{""@Name"":""Status Description""},{""@Name"":""State"",""#text"":""1""},{""@Name"":""Source ID"",""#text"":""3""},{""@Name"":""Source Name"",""#text"":""Real-Time Protection""},{""@Name"":""Process Name"",""#text"":""C:\\Tools\\APTSimulator\\APTSimulator\\helpers\\7z.exe""},{""@Name"":""Detection User"",""#text"":""DESKTOP-5A3QN5S\\VM""},{""@Name"":""Unused3""},{""@Name"":""Path"",""#text"":""file:_C:\\TMP\\nc.ps1""},{""@Name"":""Origin ID"",""#text"":""1""},{""@Name"":""Origin Name"",""#text"":""Local machine""},{""@Name"":""Execution ID"",""#text"":""1""},{""@Name"":""Execution Name"",""#text"":""Suspended""},{""@Name"":""Type ID"",""#text"":""0""},{""@Name"":""Type Name"",""#text"":""Concrete""},{""@Name"":""Pre Execution Status"",""#text"":""0""},{""@Name"":""Action ID"",""#text"":""9""},{""@Name"":""Action Name"",""#text"":""Not Applicable""},{""@Name"":""Unused4""},{""@Name"":""Error Code"",""#text"":""0x00000000""},{""@Name"":""Error Description"",""#text"":""The operation completed successfully. ""},{""@Name"":""Unused5""},{""@Name"":""Post Clean Status"",""#text"":""0""},{""@Name"":""Additional Actions ID"",""#text"":""0""},{""@Name"":""Additional Actions String"",""#text"":""No additional actions required""},{""@Name"":""Remediation User""},{""@Name"":""Unused6""},{""@Name"":""Security intelligence Version"",""#text"":""AV: 1.433.130.0, AS: 1.433.130.0, NIS: 1.433.130.0""},{""@Name"":""Engine Version"",""#text"":""AM: 1.1.25060.6, NIS: 1.1.25060.6""}]}}"
297,297,2025-07-29 17:56:01.9999846,5007,Info,Microsoft-Windows-Windows Defender,Microsoft-Windows-Windows Defender/Operational,2332,4988,DESKTOP-5A3QN5S,3,S-1-5-18,The antimalware platform configuration changed,,,Old Value: HKLM\SOFTWARE\Microsoft\Windows Defender\SpyNet\LastMAPSFailureTimeString = 2025-07-29T17:55:52Z,New Value: HKLM\SOFTWARE\Microsoft\Windows Defender\SpyNet\LastMAPSFailureTimeString = 2025-07-29T17:56:01Z,,,,,,False,C:\Users\VM\Desktop\WindowsDefender.evtx,Classic,0,"{""EventData"":{""Data"":[{""@Name"":""Product Name"",""#text"":""Microsoft Defender Antivirus""},{""@Name"":""Product Version"",""#text"":""4.18.25060.7""},{""@Name"":""Old Value"",""#text"":""HKLM\\SOFTWARE\\Microsoft\\Windows Defender\\SpyNet\\LastMAPSFailureTimeString = 2025-07-29T17:55:52Z""},{""@Name"":""New Value"",""#text"":""HKLM\\SOFTWARE\\Microsoft\\Windows Defender\\SpyNet\\LastMAPSFailureTimeString = 2025-07-29T17:56:01Z""}]}}"
298,298,2025-07-29 17:56:03.3096396,5007,Info,Microsoft-Windows-Windows Defender,Microsoft-Windows-Windows Defender/Operational,2332,4988,DESKTOP-5A3QN5S,3,S-1-5-18,The antimalware platform configuration changed,,,Old Value: HKLM\SOFTWARE\Microsoft\Windows Defender\SpyNet\LastMAPSFailureTimeString = 2025-07-29T17:56:01Z,New Value: HKLM\SOFTWARE\Microsoft\Windows Defender\SpyNet\LastMAPSFailureTimeString = 2025-07-29T17:56:02Z,,,,,,False,C:\Users\VM\Desktop\WindowsDefender.evtx,Classic,0,"{""EventData"":{""Data"":[{""@Name"":""Product Name"",""#text"":""Microsoft Defender Antivirus""},{""@Name"":""Product Version"",""#text"":""4.18.25060.7""},{""@Name"":""Old Value"",""#text"":""HKLM\\SOFTWARE\\Microsoft\\Windows Defender\\SpyNet\\LastMAPSFailureTimeString = 2025-07-29T17:56:01Z""},{""@Name"":""New Value"",""#text"":""HKLM\\SOFTWARE\\Microsoft\\Windows Defender\\SpyNet\\LastMAPSFailureTimeString = 2025-07-29T17:56:02Z""}]}}"
299,299,2025-07-29 17:56:05.8380533,1116,Warning,Microsoft-Windows-Windows Defender,Microsoft-Windows-Windows Defender/Operational,2332,588,DESKTOP-5A3QN5S,3,S-1-5-18,Detection - The antimalware platform detected malware or other potentially unwanted software,Detection User: DESKTOP-5A3QN5S\VM,,Malware name: Trojan:BAT/PSRunner!MSR,Description: Trojan (Severe),Detection Time: 2025-07-29T17:56:05.814Z,Process (if real-time detection): C:\Windows\System32\cmd.exe,Detection ID: {7FEF30AF-27F5-458E-9C78-8E80478BCCE7},,file:_C:\Tools\APTSimulator\APTSimulator\test-sets\command-and-control\wmi-backdoor-c2.bat,False,C:\Users\VM\Desktop\WindowsDefender.evtx,Classic,0,"{""EventData"":{""Data"":[{""@Name"":""Product Name"",""#text"":""Microsoft Defender Antivirus""},{""@Name"":""Product Version"",""#text"":""4.18.25060.7""},{""@Name"":""Detection ID"",""#text"":""{7FEF30AF-27F5-458E-9C78-8E80478BCCE7}""},{""@Name"":""Detection Time"",""#text"":""2025-07-29T17:56:05.814Z""},{""@Name"":""Unused""},{""@Name"":""Unused2""},{""@Name"":""Threat ID"",""#text"":""2147908830""},{""@Name"":""Threat Name"",""#text"":""Trojan:BAT/PSRunner!MSR""},{""@Name"":""Severity ID"",""#text"":""5""},{""@Name"":""Severity Name"",""#text"":""Severe""},{""@Name"":""Category ID"",""#text"":""8""},{""@Name"":""Category Name"",""#text"":""Trojan""},{""@Name"":""FWLink"",""#text"":""https://go.microsoft.com/fwlink/?linkid=37020&amp;name=Trojan:BAT/PSRunner!MSR&amp;threatid=2147908830&amp;enterprise=0""},{""@Name"":""Status Code"",""#text"":""1""},{""@Name"":""Status Description""},{""@Name"":""State"",""#text"":""1""},{""@Name"":""Source ID"",""#text"":""3""},{""@Name"":""Source Name"",""#text"":""Real-Time Protection""},{""@Name"":""Process Name"",""#text"":""C:\\Windows\\System32\\cmd.exe""},{""@Name"":""Detection User"",""#text"":""DESKTOP-5A3QN5S\\VM""},{""@Name"":""Unused3""},{""@Name"":""Path"",""#text"":""file:_C:\\Tools\\APTSimulator\\APTSimulator\\test-sets\\command-and-control\\wmi-backdoor-c2.bat""},{""@Name"":""Origin ID"",""#text"":""1""},{""@Name"":""Origin Name"",""#text"":""Local machine""},{""@Name"":""Execution ID"",""#text"":""1""},{""@Name"":""Execution Name"",""#text"":""Suspended""},{""@Name"":""Type ID"",""#text"":""0""},{""@Name"":""Type Name"",""#text"":""Concrete""},{""@Name"":""Pre Execution Status"",""#text"":""0""},{""@Name"":""Action ID"",""#text"":""9""},{""@Name"":""Action Name"",""#text"":""Not Applicable""},{""@Name"":""Unused4""},{""@Name"":""Error Code"",""#text"":""0x00000000""},{""@Name"":""Error Description"",""#text"":""The operation completed successfully. ""},{""@Name"":""Unused5""},{""@Name"":""Post Clean Status"",""#text"":""0""},{""@Name"":""Additional Actions ID"",""#text"":""0""},{""@Name"":""Additional Actions String"",""#text"":""No additional actions required""},{""@Name"":""Remediation User""},{""@Name"":""Unused6""},{""@Name"":""Security intelligence Version"",""#text"":""AV: 1.433.130.0, AS: 1.433.130.0, NIS: 1.433.130.0""},{""@Name"":""Engine Version"",""#text"":""AM: 1.1.25060.6, NIS: 1.1.25060.6""}]}}"
300,300,2025-07-29 17:56:06.3292659,5007,Info,Microsoft-Windows-Windows Defender,Microsoft-Windows-Windows Defender/Operational,2332,1684,DESKTOP-5A3QN5S,3,S-1-5-18,The antimalware platform configuration changed,,,Old Value: HKLM\SOFTWARE\Microsoft\Windows Defender\SpyNet\LastMAPSFailureTimeString = 2025-07-29T17:56:02Z,New Value: HKLM\SOFTWARE\Microsoft\Windows Defender\SpyNet\LastMAPSFailureTimeString = 2025-07-29T17:56:05Z,,,,,,False,C:\Users\VM\Desktop\WindowsDefender.evtx,Classic,0,"{""EventData"":{""Data"":[{""@Name"":""Product Name"",""#text"":""Microsoft Defender Antivirus""},{""@Name"":""Product Version"",""#text"":""4.18.25060.7""},{""@Name"":""Old Value"",""#text"":""HKLM\\SOFTWARE\\Microsoft\\Windows Defender\\SpyNet\\LastMAPSFailureTimeString = 2025-07-29T17:56:02Z""},{""@Name"":""New Value"",""#text"":""HKLM\\SOFTWARE\\Microsoft\\Windows Defender\\SpyNet\\LastMAPSFailureTimeString = 2025-07-29T17:56:05Z""}]}}"
301,301,2025-07-29 17:56:10.3519348,1116,Warning,Microsoft-Windows-Windows Defender,Microsoft-Windows-Windows Defender/Operational,2332,3416,DESKTOP-5A3QN5S,3,S-1-5-18,Detection - The antimalware platform detected malware or other potentially unwanted software,Detection User: NT AUTHORITY\SYSTEM,,Malware name: HackTool:Win32/DumpLsass.E,Description: Tool (High),Detection Time: 2025-07-29T17:56:10.332Z,Process (if real-time detection): Unknown,Detection ID: {1D98AB10-8A28-4224-8FE6-18CDF9AED74B},,CmdLine:_C:\Users\Public\procdump64.exe -accepteula -ma lsass.exe C:\TMP\somethingwindows.dmp,False,C:\Users\VM\Desktop\WindowsDefender.evtx,Classic,0,"{""EventData"":{""Data"":[{""@Name"":""Product Name"",""#text"":""Microsoft Defender Antivirus""},{""@Name"":""Product Version"",""#text"":""4.18.25060.7""},{""@Name"":""Detection ID"",""#text"":""{1D98AB10-8A28-4224-8FE6-18CDF9AED74B}""},{""@Name"":""Detection Time"",""#text"":""2025-07-29T17:56:10.332Z""},{""@Name"":""Unused""},{""@Name"":""Unused2""},{""@Name"":""Threat ID"",""#text"":""2147786200""},{""@Name"":""Threat Name"",""#text"":""HackTool:Win32/DumpLsass.E""},{""@Name"":""Severity ID"",""#text"":""4""},{""@Name"":""Severity Name"",""#text"":""High""},{""@Name"":""Category ID"",""#text"":""34""},{""@Name"":""Category Name"",""#text"":""Tool""},{""@Name"":""FWLink"",""#text"":""https://go.microsoft.com/fwlink/?linkid=37020&amp;name=HackTool:Win32/DumpLsass.E&amp;threatid=2147786200&amp;enterprise=0""},{""@Name"":""Status Code"",""#text"":""1""},{""@Name"":""Status Description""},{""@Name"":""State"",""#text"":""1""},{""@Name"":""Source ID"",""#text"":""2""},{""@Name"":""Source Name"",""#text"":""System""},{""@Name"":""Process Name"",""#text"":""Unknown""},{""@Name"":""Detection User"",""#text"":""NT AUTHORITY\\SYSTEM""},{""@Name"":""Unused3""},{""@Name"":""Path"",""#text"":""CmdLine:_C:\\Users\\Public\\procdump64.exe -accepteula -ma lsass.exe C:\\TMP\\somethingwindows.dmp""},{""@Name"":""Origin ID"",""#text"":""0""},{""@Name"":""Origin Name"",""#text"":""Unknown""},{""@Name"":""Execution ID"",""#text"":""0""},{""@Name"":""Execution Name"",""#text"":""Unknown""},{""@Name"":""Type ID"",""#text"":""0""},{""@Name"":""Type Name"",""#text"":""Concrete""},{""@Name"":""Pre Execution Status"",""#text"":""0""},{""@Name"":""Action ID"",""#text"":""9""},{""@Name"":""Action Name"",""#text"":""Not Applicable""},{""@Name"":""Unused4""},{""@Name"":""Error Code"",""#text"":""0x00000000""},{""@Name"":""Error Description"",""#text"":""The operation completed successfully. ""},{""@Name"":""Unused5""},{""@Name"":""Post Clean Status"",""#text"":""0""},{""@Name"":""Additional Actions ID"",""#text"":""0""},{""@Name"":""Additional Actions String"",""#text"":""No additional actions required""},{""@Name"":""Remediation User""},{""@Name"":""Unused6""},{""@Name"":""Security intelligence Version"",""#text"":""AV: 1.433.130.0, AS: 1.433.130.0, NIS: 1.433.130.0""},{""@Name"":""Engine Version"",""#text"":""AM: 1.1.25060.6, NIS: 1.1.25060.6""}]}}"
302,302,2025-07-29 17:56:10.4640741,1116,Warning,Microsoft-Windows-Windows Defender,Microsoft-Windows-Windows Defender/Operational,2332,2420,DESKTOP-5A3QN5S,3,S-1-5-18,Detection - The antimalware platform detected malware or other potentially unwanted software,Detection User: DESKTOP-5A3QN5S\VM,,Malware name: HackTool:Script/Mimikatz,Description: Tool (High),Detection Time: 2025-07-29T17:56:10.410Z,Process (if real-time detection): C:\Windows\System32\cmd.exe,Detection ID: {C4B255A3-5404-4A73-A9ED-736E181137FB},,file:_C:\Tools\APTSimulator\APTSimulator\test-sets\credential-access\mimikatz-1.bat,False,C:\Users\VM\Desktop\WindowsDefender.evtx,Classic,0,"{""EventData"":{""Data"":[{""@Name"":""Product Name"",""#text"":""Microsoft Defender Antivirus""},{""@Name"":""Product Version"",""#text"":""4.18.25060.7""},{""@Name"":""Detection ID"",""#text"":""{C4B255A3-5404-4A73-A9ED-736E181137FB}""},{""@Name"":""Detection Time"",""#text"":""2025-07-29T17:56:10.410Z""},{""@Name"":""Unused""},{""@Name"":""Unused2""},{""@Name"":""Threat ID"",""#text"":""2147855155""},{""@Name"":""Threat Name"",""#text"":""HackTool:Script/Mimikatz""},{""@Name"":""Severity ID"",""#text"":""4""},{""@Name"":""Severity Name"",""#text"":""High""},{""@Name"":""Category ID"",""#text"":""34""},{""@Name"":""Category Name"",""#text"":""Tool""},{""@Name"":""FWLink"",""#text"":""https://go.microsoft.com/fwlink/?linkid=37020&amp;name=HackTool:Script/Mimikatz&amp;threatid=2147855155&amp;enterprise=0""},{""@Name"":""Status Code"",""#text"":""1""},{""@Name"":""Status Description""},{""@Name"":""State"",""#text"":""1""},{""@Name"":""Source ID"",""#text"":""3""},{""@Name"":""Source Name"",""#text"":""Real-Time Protection""},{""@Name"":""Process Name"",""#text"":""C:\\Windows\\System32\\cmd.exe""},{""@Name"":""Detection User"",""#text"":""DESKTOP-5A3QN5S\\VM""},{""@Name"":""Unused3""},{""@Name"":""Path"",""#text"":""file:_C:\\Tools\\APTSimulator\\APTSimulator\\test-sets\\credential-access\\mimikatz-1.bat""},{""@Name"":""Origin ID"",""#text"":""1""},{""@Name"":""Origin Name"",""#text"":""Local machine""},{""@Name"":""Execution ID"",""#text"":""1""},{""@Name"":""Execution Name"",""#text"":""Suspended""},{""@Name"":""Type ID"",""#text"":""0""},{""@Name"":""Type Name"",""#text"":""Concrete""},{""@Name"":""Pre Execution Status"",""#text"":""0""},{""@Name"":""Action ID"",""#text"":""9""},{""@Name"":""Action Name"",""#text"":""Not Applicable""},{""@Name"":""Unused4""},{""@Name"":""Error Code"",""#text"":""0x00000000""},{""@Name"":""Error Description"",""#text"":""The operation completed successfully. ""},{""@Name"":""Unused5""},{""@Name"":""Post Clean Status"",""#text"":""0""},{""@Name"":""Additional Actions ID"",""#text"":""0""},{""@Name"":""Additional Actions String"",""#text"":""No additional actions required""},{""@Name"":""Remediation User""},{""@Name"":""Unused6""},{""@Name"":""Security intelligence Version"",""#text"":""AV: 1.433.130.0, AS: 1.433.130.0, NIS: 1.433.130.0""},{""@Name"":""Engine Version"",""#text"":""AM: 1.1.25060.6, NIS: 1.1.25060.6""}]}}"
303,303,2025-07-29 17:56:10.8821138,5007,Info,Microsoft-Windows-Windows Defender,Microsoft-Windows-Windows Defender/Operational,2332,588,DESKTOP-5A3QN5S,3,S-1-5-18,The antimalware platform configuration changed,,,Old Value: HKLM\SOFTWARE\Microsoft\Windows Defender\SpyNet\LastMAPSFailureTimeString = 2025-07-29T17:56:05Z,New Value: HKLM\SOFTWARE\Microsoft\Windows Defender\SpyNet\LastMAPSFailureTimeString = 2025-07-29T17:56:10Z,,,,,,False,C:\Users\VM\Desktop\WindowsDefender.evtx,Classic,0,"{""EventData"":{""Data"":[{""@Name"":""Product Name"",""#text"":""Microsoft Defender Antivirus""},{""@Name"":""Product Version"",""#text"":""4.18.25060.7""},{""@Name"":""Old Value"",""#text"":""HKLM\\SOFTWARE\\Microsoft\\Windows Defender\\SpyNet\\LastMAPSFailureTimeString = 2025-07-29T17:56:05Z""},{""@Name"":""New Value"",""#text"":""HKLM\\SOFTWARE\\Microsoft\\Windows Defender\\SpyNet\\LastMAPSFailureTimeString = 2025-07-29T17:56:10Z""}]}}"
304,304,2025-07-29 17:56:11.5168462,5007,Info,Microsoft-Windows-Windows Defender,Microsoft-Windows-Windows Defender/Operational,2332,5736,DESKTOP-5A3QN5S,3,S-1-5-18,The antimalware platform configuration changed,,,Old Value: HKLM\SOFTWARE\Microsoft\Windows Defender\SpyNet\LastMAPSFailureTimeString = 2025-07-29T17:56:10Z,New Value: HKLM\SOFTWARE\Microsoft\Windows Defender\SpyNet\LastMAPSFailureTimeString = 2025-07-29T17:56:11Z,,,,,,False,C:\Users\VM\Desktop\WindowsDefender.evtx,Classic,0,"{""EventData"":{""Data"":[{""@Name"":""Product Name"",""#text"":""Microsoft Defender Antivirus""},{""@Name"":""Product Version"",""#text"":""4.18.25060.7""},{""@Name"":""Old Value"",""#text"":""HKLM\\SOFTWARE\\Microsoft\\Windows Defender\\SpyNet\\LastMAPSFailureTimeString = 2025-07-29T17:56:10Z""},{""@Name"":""New Value"",""#text"":""HKLM\\SOFTWARE\\Microsoft\\Windows Defender\\SpyNet\\LastMAPSFailureTimeString = 2025-07-29T17:56:11Z""}]}}"
305,305,2025-07-29 17:56:26.2916597,5007,Info,Microsoft-Windows-Windows Defender,Microsoft-Windows-Windows Defender/Operational,2332,3664,DESKTOP-5A3QN5S,3,S-1-5-18,The antimalware platform configuration changed,,,Old Value: HKLM\SOFTWARE\Microsoft\Windows Defender\SpyNet\LastMAPSFailureTimeString = 2025-07-29T17:56:11Z,New Value: HKLM\SOFTWARE\Microsoft\Windows Defender\SpyNet\LastMAPSFailureTimeString = 2025-07-29T17:56:25Z,,,,,,False,C:\Users\VM\Desktop\WindowsDefender.evtx,Classic,0,"{""EventData"":{""Data"":[{""@Name"":""Product Name"",""#text"":""Microsoft Defender Antivirus""},{""@Name"":""Product Version"",""#text"":""4.18.25060.7""},{""@Name"":""Old Value"",""#text"":""HKLM\\SOFTWARE\\Microsoft\\Windows Defender\\SpyNet\\LastMAPSFailureTimeString = 2025-07-29T17:56:11Z""},{""@Name"":""New Value"",""#text"":""HKLM\\SOFTWARE\\Microsoft\\Windows Defender\\SpyNet\\LastMAPSFailureTimeString = 2025-07-29T17:56:25Z""}]}}"
306,306,2025-07-29 17:56:30.3921787,1117,Info,Microsoft-Windows-Windows Defender,Microsoft-Windows-Windows Defender/Operational,2332,2740,DESKTOP-5A3QN5S,3,S-1-5-18,Detection - The antimalware platform performed an action to protect your system from malware or other potentially unwanted software,Detection User: DESKTOP-5A3QN5S\VM,,Malware name: Backdoor:PowerShell/Powercat.A,Description: Backdoor (Severe),Detection Time: 2025-07-29T17:56:01.507Z,Process (if real-time detection): C:\Tools\APTSimulator\APTSimulator\helpers\7z.exe,Detection ID: {832F8005-94B6-41C7-9E92-6394F916C396},,file:_C:\TMP\nc.ps1,False,C:\Users\VM\Desktop\WindowsDefender.evtx,Classic,0,"{""EventData"":{""Data"":[{""@Name"":""Product Name"",""#text"":""Microsoft Defender Antivirus""},{""@Name"":""Product Version"",""#text"":""4.18.25060.7""},{""@Name"":""Detection ID"",""#text"":""{832F8005-94B6-41C7-9E92-6394F916C396}""},{""@Name"":""Detection Time"",""#text"":""2025-07-29T17:56:01.507Z""},{""@Name"":""Unused""},{""@Name"":""Unused2""},{""@Name"":""Threat ID"",""#text"":""2147745713""},{""@Name"":""Threat Name"",""#text"":""Backdoor:PowerShell/Powercat.A""},{""@Name"":""Severity ID"",""#text"":""5""},{""@Name"":""Severity Name"",""#text"":""Severe""},{""@Name"":""Category ID"",""#text"":""6""},{""@Name"":""Category Name"",""#text"":""Backdoor""},{""@Name"":""FWLink"",""#text"":""https://go.microsoft.com/fwlink/?linkid=37020&amp;name=Backdoor:PowerShell/Powercat.A&amp;threatid=2147745713&amp;enterprise=0""},{""@Name"":""Status Code"",""#text"":""3""},{""@Name"":""Status Description""},{""@Name"":""State"",""#text"":""2""},{""@Name"":""Source ID"",""#text"":""3""},{""@Name"":""Source Name"",""#text"":""Real-Time Protection""},{""@Name"":""Process Name"",""#text"":""C:\\Tools\\APTSimulator\\APTSimulator\\helpers\\7z.exe""},{""@Name"":""Detection User"",""#text"":""DESKTOP-5A3QN5S\\VM""},{""@Name"":""Unused3""},{""@Name"":""Path"",""#text"":""file:_C:\\TMP\\nc.ps1""},{""@Name"":""Origin ID"",""#text"":""1""},{""@Name"":""Origin Name"",""#text"":""Local machine""},{""@Name"":""Execution ID"",""#text"":""1""},{""@Name"":""Execution Name"",""#text"":""Suspended""},{""@Name"":""Type ID"",""#text"":""0""},{""@Name"":""Type Name"",""#text"":""Concrete""},{""@Name"":""Pre Execution Status"",""#text"":""0""},{""@Name"":""Action ID"",""#text"":""2""},{""@Name"":""Action Name"",""#text"":""Quarantine""},{""@Name"":""Unused4""},{""@Name"":""Error Code"",""#text"":""0x00000000""},{""@Name"":""Error Description"",""#text"":""The operation completed successfully. ""},{""@Name"":""Unused5""},{""@Name"":""Post Clean Status"",""#text"":""0""},{""@Name"":""Additional Actions ID"",""#text"":""0""},{""@Name"":""Additional Actions String"",""#text"":""No additional actions required""},{""@Name"":""Remediation User"",""#text"":""NT AUTHORITY\\SYSTEM""},{""@Name"":""Unused6""},{""@Name"":""Security intelligence Version"",""#text"":""AV: 1.433.130.0, AS: 1.433.130.0, NIS: 1.433.130.0""},{""@Name"":""Engine Version"",""#text"":""AM: 1.1.25060.6, NIS: 1.1.25060.6""}]}}"
307,307,2025-07-29 17:56:31.5610335,5007,Info,Microsoft-Windows-Windows Defender,Microsoft-Windows-Windows Defender/Operational,2332,3664,DESKTOP-5A3QN5S,3,S-1-5-18,The antimalware platform configuration changed,,,Old Value: HKLM\SOFTWARE\Microsoft\Windows Defender\SpyNet\LastMAPSFailureTimeString = 2025-07-29T17:56:25Z,New Value: HKLM\SOFTWARE\Microsoft\Windows Defender\SpyNet\LastMAPSFailureTimeString = 2025-07-29T17:56:31Z,,,,,,False,C:\Users\VM\Desktop\WindowsDefender.evtx,Classic,0,"{""EventData"":{""Data"":[{""@Name"":""Product Name"",""#text"":""Microsoft Defender Antivirus""},{""@Name"":""Product Version"",""#text"":""4.18.25060.7""},{""@Name"":""Old Value"",""#text"":""HKLM\\SOFTWARE\\Microsoft\\Windows Defender\\SpyNet\\LastMAPSFailureTimeString = 2025-07-29T17:56:25Z""},{""@Name"":""New Value"",""#text"":""HKLM\\SOFTWARE\\Microsoft\\Windows Defender\\SpyNet\\LastMAPSFailureTimeString = 2025-07-29T17:56:31Z""}]}}"
308,308,2025-07-29 17:56:33.5791156,1116,Warning,Microsoft-Windows-Windows Defender,Microsoft-Windows-Windows Defender/Operational,2332,2420,DESKTOP-5A3QN5S,3,S-1-5-18,Detection - The antimalware platform detected malware or other potentially unwanted software,Detection User: DESKTOP-5A3QN5S\VM,,Malware name: SettingsModifier:Win32/PossibleHostsFileHijack,Description: Settings Modifier (Medium),Detection Time: 2025-07-29T17:56:33.518Z,Process (if real-time detection): C:\Windows\System32\cmd.exe,Detection ID: {58AA1D85-16DC-4291-B5E6-65754FA075FB},,file:_C:\Windows\System32\drivers\etc\hosts,False,C:\Users\VM\Desktop\WindowsDefender.evtx,Classic,0,"{""EventData"":{""Data"":[{""@Name"":""Product Name"",""#text"":""Microsoft Defender Antivirus""},{""@Name"":""Product Version"",""#text"":""4.18.25060.7""},{""@Name"":""Detection ID"",""#text"":""{58AA1D85-16DC-4291-B5E6-65754FA075FB}""},{""@Name"":""Detection Time"",""#text"":""2025-07-29T17:56:33.518Z""},{""@Name"":""Unused""},{""@Name"":""Unused2""},{""@Name"":""Threat ID"",""#text"":""14994""},{""@Name"":""Threat Name"",""#text"":""SettingsModifier:Win32/PossibleHostsFileHijack""},{""@Name"":""Severity ID"",""#text"":""2""},{""@Name"":""Severity Name"",""#text"":""Medium""},{""@Name"":""Category ID"",""#text"":""23""},{""@Name"":""Category Name"",""#text"":""Settings Modifier""},{""@Name"":""FWLink"",""#text"":""https://go.microsoft.com/fwlink/?linkid=37020&amp;name=SettingsModifier:Win32/PossibleHostsFileHijack&amp;threatid=14994&amp;enterprise=0""},{""@Name"":""Status Code"",""#text"":""1""},{""@Name"":""Status Description""},{""@Name"":""State"",""#text"":""1""},{""@Name"":""Source ID"",""#text"":""3""},{""@Name"":""Source Name"",""#text"":""Real-Time Protection""},{""@Name"":""Process Name"",""#text"":""C:\\Windows\\System32\\cmd.exe""},{""@Name"":""Detection User"",""#text"":""DESKTOP-5A3QN5S\\VM""},{""@Name"":""Unused3""},{""@Name"":""Path"",""#text"":""file:_C:\\Windows\\System32\\drivers\\etc\\hosts""},{""@Name"":""Origin ID"",""#text"":""1""},{""@Name"":""Origin Name"",""#text"":""Local machine""},{""@Name"":""Execution ID"",""#text"":""2""},{""@Name"":""Execution Name"",""#text"":""Allowed""},{""@Name"":""Type ID"",""#text"":""0""},{""@Name"":""Type Name"",""#text"":""Concrete""},{""@Name"":""Pre Execution Status"",""#text"":""0""},{""@Name"":""Action ID"",""#text"":""9""},{""@Name"":""Action Name"",""#text"":""Not Applicable""},{""@Name"":""Unused4""},{""@Name"":""Error Code"",""#text"":""0x00000000""},{""@Name"":""Error Description"",""#text"":""The operation completed successfully. ""},{""@Name"":""Unused5""},{""@Name"":""Post Clean Status"",""#text"":""0""},{""@Name"":""Additional Actions ID"",""#text"":""0""},{""@Name"":""Additional Actions String"",""#text"":""No additional actions required""},{""@Name"":""Remediation User""},{""@Name"":""Unused6""},{""@Name"":""Security intelligence Version"",""#text"":""AV: 1.433.130.0, AS: 1.433.130.0, NIS: 1.433.130.0""},{""@Name"":""Engine Version"",""#text"":""AM: 1.1.25060.6, NIS: 1.1.25060.6""}]}}"
309,309,2025-07-29 17:56:34.1818994,5007,Info,Microsoft-Windows-Windows Defender,Microsoft-Windows-Windows Defender/Operational,2332,4988,DESKTOP-5A3QN5S,3,S-1-5-18,The antimalware platform configuration changed,,,Old Value: HKLM\SOFTWARE\Microsoft\Windows Defender\SpyNet\LastMAPSFailureTimeString = 2025-07-29T17:56:31Z,New Value: HKLM\SOFTWARE\Microsoft\Windows Defender\SpyNet\LastMAPSFailureTimeString = 2025-07-29T17:56:33Z,,,,,,False,C:\Users\VM\Desktop\WindowsDefender.evtx,Classic,0,"{""EventData"":{""Data"":[{""@Name"":""Product Name"",""#text"":""Microsoft Defender Antivirus""},{""@Name"":""Product Version"",""#text"":""4.18.25060.7""},{""@Name"":""Old Value"",""#text"":""HKLM\\SOFTWARE\\Microsoft\\Windows Defender\\SpyNet\\LastMAPSFailureTimeString = 2025-07-29T17:56:31Z""},{""@Name"":""New Value"",""#text"":""HKLM\\SOFTWARE\\Microsoft\\Windows Defender\\SpyNet\\LastMAPSFailureTimeString = 2025-07-29T17:56:33Z""}]}}"
310,310,2025-07-29 17:56:43.5118819,1117,Info,Microsoft-Windows-Windows Defender,Microsoft-Windows-Windows Defender/Operational,2332,2740,DESKTOP-5A3QN5S,3,S-1-5-18,Detection - The antimalware platform performed an action to protect your system from malware or other potentially unwanted software,Detection User: DESKTOP-5A3QN5S\VM,,Malware name: HackTool:Script/Mimikatz,Description: Tool (High),Detection Time: 2025-07-29T17:56:10.410Z,Process (if real-time detection): C:\Windows\System32\cmd.exe,Detection ID: {C4B255A3-5404-4A73-A9ED-736E181137FB},,file:_C:\Tools\APTSimulator\APTSimulator\test-sets\credential-access\mimikatz-1.bat,False,C:\Users\VM\Desktop\WindowsDefender.evtx,Classic,0,"{""EventData"":{""Data"":[{""@Name"":""Product Name"",""#text"":""Microsoft Defender Antivirus""},{""@Name"":""Product Version"",""#text"":""4.18.25060.7""},{""@Name"":""Detection ID"",""#text"":""{C4B255A3-5404-4A73-A9ED-736E181137FB}""},{""@Name"":""Detection Time"",""#text"":""2025-07-29T17:56:10.410Z""},{""@Name"":""Unused""},{""@Name"":""Unused2""},{""@Name"":""Threat ID"",""#text"":""2147855155""},{""@Name"":""Threat Name"",""#text"":""HackTool:Script/Mimikatz""},{""@Name"":""Severity ID"",""#text"":""4""},{""@Name"":""Severity Name"",""#text"":""High""},{""@Name"":""Category ID"",""#text"":""34""},{""@Name"":""Category Name"",""#text"":""Tool""},{""@Name"":""FWLink"",""#text"":""https://go.microsoft.com/fwlink/?linkid=37020&amp;name=HackTool:Script/Mimikatz&amp;threatid=2147855155&amp;enterprise=0""},{""@Name"":""Status Code"",""#text"":""3""},{""@Name"":""Status Description""},{""@Name"":""State"",""#text"":""2""},{""@Name"":""Source ID"",""#text"":""3""},{""@Name"":""Source Name"",""#text"":""Real-Time Protection""},{""@Name"":""Process Name"",""#text"":""C:\\Windows\\System32\\cmd.exe""},{""@Name"":""Detection User"",""#text"":""DESKTOP-5A3QN5S\\VM""},{""@Name"":""Unused3""},{""@Name"":""Path"",""#text"":""file:_C:\\Tools\\APTSimulator\\APTSimulator\\test-sets\\credential-access\\mimikatz-1.bat""},{""@Name"":""Origin ID"",""#text"":""1""},{""@Name"":""Origin Name"",""#text"":""Local machine""},{""@Name"":""Execution ID"",""#text"":""1""},{""@Name"":""Execution Name"",""#text"":""Suspended""},{""@Name"":""Type ID"",""#text"":""0""},{""@Name"":""Type Name"",""#text"":""Concrete""},{""@Name"":""Pre Execution Status"",""#text"":""0""},{""@Name"":""Action ID"",""#text"":""2""},{""@Name"":""Action Name"",""#text"":""Quarantine""},{""@Name"":""Unused4""},{""@Name"":""Error Code"",""#text"":""0x00000000""},{""@Name"":""Error Description"",""#text"":""The operation completed successfully. ""},{""@Name"":""Unused5""},{""@Name"":""Post Clean Status"",""#text"":""0""},{""@Name"":""Additional Actions ID"",""#text"":""0""},{""@Name"":""Additional Actions String"",""#text"":""No additional actions required""},{""@Name"":""Remediation User"",""#text"":""NT AUTHORITY\\SYSTEM""},{""@Name"":""Unused6""},{""@Name"":""Security intelligence Version"",""#text"":""AV: 1.433.130.0, AS: 1.433.130.0, NIS: 1.433.130.0""},{""@Name"":""Engine Version"",""#text"":""AM: 1.1.25060.6, NIS: 1.1.25060.6""}]}}"
311,311,2025-07-29 17:56:43.5204187,1117,Info,Microsoft-Windows-Windows Defender,Microsoft-Windows-Windows Defender/Operational,2332,2740,DESKTOP-5A3QN5S,3,S-1-5-18,Detection - The antimalware platform performed an action to protect your system from malware or other potentially unwanted software,Detection User: NT AUTHORITY\SYSTEM,,Malware name: HackTool:Win32/DumpLsass.E,Description: Tool (High),Detection Time: 2025-07-29T17:56:10.332Z,Process (if real-time detection): Unknown,Detection ID: {1D98AB10-8A28-4224-8FE6-18CDF9AED74B},,CmdLine:_C:\Users\Public\procdump64.exe -accepteula -ma lsass.exe C:\TMP\somethingwindows.dmp,False,C:\Users\VM\Desktop\WindowsDefender.evtx,Classic,0,"{""EventData"":{""Data"":[{""@Name"":""Product Name"",""#text"":""Microsoft Defender Antivirus""},{""@Name"":""Product Version"",""#text"":""4.18.25060.7""},{""@Name"":""Detection ID"",""#text"":""{1D98AB10-8A28-4224-8FE6-18CDF9AED74B}""},{""@Name"":""Detection Time"",""#text"":""2025-07-29T17:56:10.332Z""},{""@Name"":""Unused""},{""@Name"":""Unused2""},{""@Name"":""Threat ID"",""#text"":""2147786200""},{""@Name"":""Threat Name"",""#text"":""HackTool:Win32/DumpLsass.E""},{""@Name"":""Severity ID"",""#text"":""4""},{""@Name"":""Severity Name"",""#text"":""High""},{""@Name"":""Category ID"",""#text"":""34""},{""@Name"":""Category Name"",""#text"":""Tool""},{""@Name"":""FWLink"",""#text"":""https://go.microsoft.com/fwlink/?linkid=37020&amp;name=HackTool:Win32/DumpLsass.E&amp;threatid=2147786200&amp;enterprise=0""},{""@Name"":""Status Code"",""#text"":""4""},{""@Name"":""Status Description""},{""@Name"":""State"",""#text"":""2""},{""@Name"":""Source ID"",""#text"":""2""},{""@Name"":""Source Name"",""#text"":""System""},{""@Name"":""Process Name"",""#text"":""Unknown""},{""@Name"":""Detection User"",""#text"":""NT AUTHORITY\\SYSTEM""},{""@Name"":""Unused3""},{""@Name"":""Path"",""#text"":""CmdLine:_C:\\Users\\Public\\procdump64.exe -accepteula -ma lsass.exe C:\\TMP\\somethingwindows.dmp""},{""@Name"":""Origin ID"",""#text"":""0""},{""@Name"":""Origin Name"",""#text"":""Unknown""},{""@Name"":""Execution ID"",""#text"":""0""},{""@Name"":""Execution Name"",""#text"":""Unknown""},{""@Name"":""Type ID"",""#text"":""0""},{""@Name"":""Type Name"",""#text"":""Concrete""},{""@Name"":""Pre Execution Status"",""#text"":""0""},{""@Name"":""Action ID"",""#text"":""3""},{""@Name"":""Action Name"",""#text"":""Remove""},{""@Name"":""Unused4""},{""@Name"":""Error Code"",""#text"":""0x00000000""},{""@Name"":""Error Description"",""#text"":""The operation completed successfully. ""},{""@Name"":""Unused5""},{""@Name"":""Post Clean Status"",""#text"":""0""},{""@Name"":""Additional Actions ID"",""#text"":""0""},{""@Name"":""Additional Actions String"",""#text"":""No additional actions required""},{""@Name"":""Remediation User"",""#text"":""NT AUTHORITY\\SYSTEM""},{""@Name"":""Unused6""},{""@Name"":""Security intelligence Version"",""#text"":""AV: 1.433.130.0, AS: 1.433.130.0, NIS: 1.433.130.0""},{""@Name"":""Engine Version"",""#text"":""AM: 1.1.25060.6, NIS: 1.1.25060.6""}]}}"
312,312,2025-07-29 17:56:43.5257661,1117,Info,Microsoft-Windows-Windows Defender,Microsoft-Windows-Windows Defender/Operational,2332,2740,DESKTOP-5A3QN5S,3,S-1-5-18,Detection - The antimalware platform performed an action to protect your system from malware or other potentially unwanted software,Detection User: DESKTOP-5A3QN5S\VM,,Malware name: Trojan:BAT/PSRunner!MSR,Description: Trojan (Severe),Detection Time: 2025-07-29T17:56:05.814Z,Process (if real-time detection): C:\Windows\System32\cmd.exe,Detection ID: {7FEF30AF-27F5-458E-9C78-8E80478BCCE7},,file:_C:\Tools\APTSimulator\APTSimulator\test-sets\command-and-control\wmi-backdoor-c2.bat,False,C:\Users\VM\Desktop\WindowsDefender.evtx,Classic,0,"{""EventData"":{""Data"":[{""@Name"":""Product Name"",""#text"":""Microsoft Defender Antivirus""},{""@Name"":""Product Version"",""#text"":""4.18.25060.7""},{""@Name"":""Detection ID"",""#text"":""{7FEF30AF-27F5-458E-9C78-8E80478BCCE7}""},{""@Name"":""Detection Time"",""#text"":""2025-07-29T17:56:05.814Z""},{""@Name"":""Unused""},{""@Name"":""Unused2""},{""@Name"":""Threat ID"",""#text"":""2147908830""},{""@Name"":""Threat Name"",""#text"":""Trojan:BAT/PSRunner!MSR""},{""@Name"":""Severity ID"",""#text"":""5""},{""@Name"":""Severity Name"",""#text"":""Severe""},{""@Name"":""Category ID"",""#text"":""8""},{""@Name"":""Category Name"",""#text"":""Trojan""},{""@Name"":""FWLink"",""#text"":""https://go.microsoft.com/fwlink/?linkid=37020&amp;name=Trojan:BAT/PSRunner!MSR&amp;threatid=2147908830&amp;enterprise=0""},{""@Name"":""Status Code"",""#text"":""3""},{""@Name"":""Status Description""},{""@Name"":""State"",""#text"":""2""},{""@Name"":""Source ID"",""#text"":""3""},{""@Name"":""Source Name"",""#text"":""Real-Time Protection""},{""@Name"":""Process Name"",""#text"":""C:\\Windows\\System32\\cmd.exe""},{""@Name"":""Detection User"",""#text"":""DESKTOP-5A3QN5S\\VM""},{""@Name"":""Unused3""},{""@Name"":""Path"",""#text"":""file:_C:\\Tools\\APTSimulator\\APTSimulator\\test-sets\\command-and-control\\wmi-backdoor-c2.bat""},{""@Name"":""Origin ID"",""#text"":""1""},{""@Name"":""Origin Name"",""#text"":""Local machine""},{""@Name"":""Execution ID"",""#text"":""1""},{""@Name"":""Execution Name"",""#text"":""Suspended""},{""@Name"":""Type ID"",""#text"":""0""},{""@Name"":""Type Name"",""#text"":""Concrete""},{""@Name"":""Pre Execution Status"",""#text"":""0""},{""@Name"":""Action ID"",""#text"":""2""},{""@Name"":""Action Name"",""#text"":""Quarantine""},{""@Name"":""Unused4""},{""@Name"":""Error Code"",""#text"":""0x00000000""},{""@Name"":""Error Description"",""#text"":""The operation completed successfully. ""},{""@Name"":""Unused5""},{""@Name"":""Post Clean Status"",""#text"":""0""},{""@Name"":""Additional Actions ID"",""#text"":""0""},{""@Name"":""Additional Actions String"",""#text"":""No additional actions required""},{""@Name"":""Remediation User"",""#text"":""NT AUTHORITY\\SYSTEM""},{""@Name"":""Unused6""},{""@Name"":""Security intelligence Version"",""#text"":""AV: 1.433.130.0, AS: 1.433.130.0, NIS: 1.433.130.0""},{""@Name"":""Engine Version"",""#text"":""AM: 1.1.25060.6, NIS: 1.1.25060.6""}]}}"
313,313,2025-07-29 17:56:47.0888296,1116,Warning,Microsoft-Windows-Windows Defender,Microsoft-Windows-Windows Defender/Operational,2332,5532,DESKTOP-5A3QN5S,4,S-1-5-18,Detection - The antimalware platform detected malware or other potentially unwanted software,Detection User: DESKTOP-5A3QN5S\VM,,Malware name: TrojanDownloader:BAT/Malgent!MSR,Description: Trojan Downloader (Severe),Detection Time: 2025-07-29T17:56:46.972Z,Process (if real-time detection): C:\Windows\System32\cmd.exe,Detection ID: {8FBC550F-1D0F-4BA5-B086-DAE405B8805A},,file:_C:\Tools\APTSimulator\APTSimulator\test-sets\defense-evasion\js-dropper.bat,False,C:\Users\VM\Desktop\WindowsDefender.evtx,Classic,0,"{""EventData"":{""Data"":[{""@Name"":""Product Name"",""#text"":""Microsoft Defender Antivirus""},{""@Name"":""Product Version"",""#text"":""4.18.25060.7""},{""@Name"":""Detection ID"",""#text"":""{8FBC550F-1D0F-4BA5-B086-DAE405B8805A}""},{""@Name"":""Detection Time"",""#text"":""2025-07-29T17:56:46.972Z""},{""@Name"":""Unused""},{""@Name"":""Unused2""},{""@Name"":""Threat ID"",""#text"":""2147788073""},{""@Name"":""Threat Name"",""#text"":""TrojanDownloader:BAT/Malgent!MSR""},{""@Name"":""Severity ID"",""#text"":""5""},{""@Name"":""Severity Name"",""#text"":""Severe""},{""@Name"":""Category ID"",""#text"":""4""},{""@Name"":""Category Name"",""#text"":""Trojan Downloader""},{""@Name"":""FWLink"",""#text"":""https://go.microsoft.com/fwlink/?linkid=37020&amp;name=TrojanDownloader:BAT/Malgent!MSR&amp;threatid=2147788073&amp;enterprise=0""},{""@Name"":""Status Code"",""#text"":""1""},{""@Name"":""Status Description""},{""@Name"":""State"",""#text"":""1""},{""@Name"":""Source ID"",""#text"":""3""},{""@Name"":""Source Name"",""#text"":""Real-Time Protection""},{""@Name"":""Process Name"",""#text"":""C:\\Windows\\System32\\cmd.exe""},{""@Name"":""Detection User"",""#text"":""DESKTOP-5A3QN5S\\VM""},{""@Name"":""Unused3""},{""@Name"":""Path"",""#text"":""file:_C:\\Tools\\APTSimulator\\APTSimulator\\test-sets\\defense-evasion\\js-dropper.bat""},{""@Name"":""Origin ID"",""#text"":""1""},{""@Name"":""Origin Name"",""#text"":""Local machine""},{""@Name"":""Execution ID"",""#text"":""1""},{""@Name"":""Execution Name"",""#text"":""Suspended""},{""@Name"":""Type ID"",""#text"":""0""},{""@Name"":""Type Name"",""#text"":""Concrete""},{""@Name"":""Pre Execution Status"",""#text"":""0""},{""@Name"":""Action ID"",""#text"":""9""},{""@Name"":""Action Name"",""#text"":""Not Applicable""},{""@Name"":""Unused4""},{""@Name"":""Error Code"",""#text"":""0x00000000""},{""@Name"":""Error Description"",""#text"":""The operation completed successfully. ""},{""@Name"":""Unused5""},{""@Name"":""Post Clean Status"",""#text"":""0""},{""@Name"":""Additional Actions ID"",""#text"":""0""},{""@Name"":""Additional Actions String"",""#text"":""No additional actions required""},{""@Name"":""Remediation User""},{""@Name"":""Unused6""},{""@Name"":""Security intelligence Version"",""#text"":""AV: 1.433.130.0, AS: 1.433.130.0, NIS: 1.433.130.0""},{""@Name"":""Engine Version"",""#text"":""AM: 1.1.25060.6, NIS: 1.1.25060.6""}]}}"
314,314,2025-07-29 17:56:47.7577039,5007,Info,Microsoft-Windows-Windows Defender,Microsoft-Windows-Windows Defender/Operational,2332,2420,DESKTOP-5A3QN5S,4,S-1-5-18,The antimalware platform configuration changed,,,Old Value: HKLM\SOFTWARE\Microsoft\Windows Defender\SpyNet\LastMAPSFailureTimeString = 2025-07-29T17:56:33Z,New Value: HKLM\SOFTWARE\Microsoft\Windows Defender\SpyNet\LastMAPSFailureTimeString = 2025-07-29T17:56:47Z,,,,,,False,C:\Users\VM\Desktop\WindowsDefender.evtx,Classic,0,"{""EventData"":{""Data"":[{""@Name"":""Product Name"",""#text"":""Microsoft Defender Antivirus""},{""@Name"":""Product Version"",""#text"":""4.18.25060.7""},{""@Name"":""Old Value"",""#text"":""HKLM\\SOFTWARE\\Microsoft\\Windows Defender\\SpyNet\\LastMAPSFailureTimeString = 2025-07-29T17:56:33Z""},{""@Name"":""New Value"",""#text"":""HKLM\\SOFTWARE\\Microsoft\\Windows Defender\\SpyNet\\LastMAPSFailureTimeString = 2025-07-29T17:56:47Z""}]}}"
315,315,2025-07-29 17:57:00.0777903,5007,Info,Microsoft-Windows-Windows Defender,Microsoft-Windows-Windows Defender/Operational,2332,5532,DESKTOP-5A3QN5S,4,S-1-5-18,The antimalware platform configuration changed,,,Old Value: HKLM\SOFTWARE\Microsoft\Windows Defender\SpyNet\LastMAPSFailureTimeString = 2025-07-29T17:56:47Z,New Value: HKLM\SOFTWARE\Microsoft\Windows Defender\SpyNet\LastMAPSFailureTimeString = 2025-07-29T17:56:59Z,,,,,,False,C:\Users\VM\Desktop\WindowsDefender.evtx,Classic,0,"{""EventData"":{""Data"":[{""@Name"":""Product Name"",""#text"":""Microsoft Defender Antivirus""},{""@Name"":""Product Version"",""#text"":""4.18.25060.7""},{""@Name"":""Old Value"",""#text"":""HKLM\\SOFTWARE\\Microsoft\\Windows Defender\\SpyNet\\LastMAPSFailureTimeString = 2025-07-29T17:56:47Z""},{""@Name"":""New Value"",""#text"":""HKLM\\SOFTWARE\\Microsoft\\Windows Defender\\SpyNet\\LastMAPSFailureTimeString = 2025-07-29T17:56:59Z""}]}}"
